CUDA not available, using CPU
Loading data from /Users/samrobert/Documents/GitHub/Exchangeprediction/Cyber-trend-forecasting-main 3/B-MTGNN/data/sm_data.csv...
Data loaded and converted to numeric successfully.
Graph loaded with 1 attacks...
33 columns loaded
Adjacency created...
train X: torch.Size([95, 60, 33])
train Y: torch.Size([95, 1, 33])
valid X: torch.Size([11, 60, 33])
valid Y: torch.Size([11, 1, 33])
test X: torch.Size([11, 60, 33])
test Y: torch.Size([11, 1, 33])
test window: torch.Size([72, 33])
length of training set= 95
length of validation set= 11
length of testing set= 11
valid= 168
Auto-detected num_nodes: 33
Namespace(data='/Users/samrobert/Documents/GitHub/Exchangeprediction/Cyber-trend-forecasting-main 3/B-MTGNN/data/sm_data.csv', log_interval=2000, save='/Users/samrobert/Documents/GitHub/Exchangeprediction/Cyber-trend-forecasting-main 3/B-MTGNN/tuning_runs/20260220_131547/checkpoints/model_001.pt', optim='adam', L1Loss=True, loss_mode='mse', normalize=2, device='cuda:1', gcn_true=False, buildA_true=False, use_graph=0, gcn_depth=1, num_nodes=33, dropout=0.05, subgraph_size=40, node_dim=30, dilation_exponential=2, conv_channels=16, residual_channels=128, skip_channels=256, end_channels=1024, in_dim=1, seq_in_len=60, seq_out_len=1, horizon=1, layers=2, batch_size=4, lr=0.00017, weight_decay=1e-05, clip=10, propalpha=0.6, tanhalpha=0.1, epochs=1, num_split=1, step_size=100, ss_prob=0.15, train_ratio=0.8666666667, valid_ratio=0.0666666667, focus_targets=1, focus_nodes='us_Trade Weighted Dollar Index,jp_fx,kr_fx', focus_weight=1.0, focus_target_gain=45.0, focus_only_loss=1, anchor_focus_to_last=0.7, rse_targets='Us_Trade Weighted Dollar Index_Testing.txt,Jp_fx_Testing.txt,Kr_fx_Testing.txt', rse_report_mode='targets', debias_mode='val_mean_error', debias_apply_to='focus', bias_penalty=0.3, bias_penalty_scope='focus', plot_focus_only=0, debug_eval=0, rollout_mode='recursive', confidence_level=0.95, confidence_scale=3.0, confidence_mode='predictive', seed=777, plot=0, clean_cache=0, autotune_mode=1, apply_best_tuning=0, eval_best_tuning=0, target_profile='none', best_tuning_checkpoint='')
The recpetive field size is 19
Number of model parameters is 2095425
begin training
Experiment: 1
Iter: 0
epoch: 1
hp= [1, 0.00017, 16, 128, 256, 1024, 40, 0.05, 2, 30, 0.6, 0.1, 2, 1]
best sum= 10000000
best rrse= 10000000
best rrae= 10000000
best corr= -10000000
best smape= 10000000
best objective= 10000000
best hps= []
best test rse= 10000000
best test corr= -10000000
[Target-Weighted Loss] weights applied: {'us_Trade Weighted Dollar Index': 45.0, 'kr_fx': 45.0, 'jp_fx': 45.0}
[Target-Only Loss] enabled for columns: ['us_Trade Weighted Dollar Index', 'jp_fx', 'kr_fx']
[Bias Penalty] enabled lambda=0.3 scope=focus cols=['us_Trade Weighted Dollar Index', 'jp_fx', 'kr_fx']
iter:  0 | loss: 0.006
iter:  1 | loss: 0.016
iter:  2 | loss: 0.008
iter:  3 | loss: 0.002
iter:  4 | loss: 0.017
iter:  5 | loss: 0.003
iter:  6 | loss: 0.008
iter:  7 | loss: 0.003
iter:  8 | loss: 0.007
iter:  9 | loss: 0.017
iter: 10 | loss: 0.009
iter: 11 | loss: 0.005
iter: 12 | loss: 0.011
iter: 13 | loss: 0.012
iter: 14 | loss: 0.003
iter: 15 | loss: 0.003
iter: 16 | loss: 0.006
iter: 17 | loss: 0.012
iter: 18 | loss: 0.007
iter: 19 | loss: 0.014
iter: 20 | loss: 0.021
iter: 21 | loss: 0.013
iter: 22 | loss: 0.004
iter: 23 | loss: 0.021
testing r= 5
rrse(target)=167.37149921656317 / 34.87594854780834 | rrse(all)=69668728981879.58 / 34622966134154.824 | report_mode=targets
[Validation] per_target_rrse_json={"us_Trade Weighted Dollar Index": 2.5372960567474365, "jp_fx": 11.735767364501953, "kr_fx": 4.458172798156738}
| end of epoch   1 | time:  5.40s | train_loss 0.0095 | valid rse 4.7991 | valid rae 5.2804 | valid corr  0.0688 | valid smape  0.3211 | focus_rrse 6.2437 | obj 6.2437
testing r= 5
rrse(target)=531.4963546441311 / 87.05327089004898 | rrse(all)=27207265566782.31 / 13118448721317.795 | report_mode=targets
[Testing] per_target_rrse_json={"us_Trade Weighted Dollar Index": 5.9701762199401855, "jp_fx": 3.6795172691345215, "kr_fx": 6.127669334411621}
********************************************************************************************************
test rse 6.1054 | test rae 6.9787 | test corr 0.1784| test smape 0.2978 | test focus_rrse 5.2591
********************************************************************************************************
best val loss= 10.010644013571877
best hps= [1, 0.00017, 16, 128, 256, 1024, 40, 0.05, 2, 30, 0.6, 0.1, 2, 1]
testing r= 5
rrse(target)=167.37149921656317 / 34.87594854780834 | rrse(all)=69668728981879.58 / 34622966134154.824 | report_mode=targets
[Validation] per_target_rrse_json={"us_Trade Weighted Dollar Index": 2.5372960567474365, "jp_fx": 11.735767364501953, "kr_fx": 4.458172798156738}
[debias] mode=val_mean_error apply_to=focus offset={'us_Trade Weighted Dollar Index': 0.8511149287223816, 'jp_fx': -18.36128807067871, 'kr_fx': -26.94217872619629}
testing r= 5
rrse(target)=123.48405767547486 / 34.87594854780834 | rrse(all)=69668728981879.58 / 34622966134154.824 | report_mode=targets
[Validation] per_target_rrse_json={"us_Trade Weighted Dollar Index": 2.264103651046753, "jp_fx": 4.0403242111206055, "kr_fx": 3.531395196914673}
testing r= 5
rrse(target)=442.0439033625506 / 87.05327089004898 | rrse(all)=27207265566782.31 / 13118448721317.795 | report_mode=targets
[Testing] per_target_rrse_json={"us_Trade Weighted Dollar Index": 6.743341445922852, "jp_fx": 3.3335962295532227, "kr_fx": 5.090710639953613}
********************************************************************************************************
final test rse 5.0779 | test rae 5.8272 | test corr 0.1784 | test smape 0.2974
********************************************************************************************************



1 run average



valid	rse	rae
mean	3.5407	3.8291
std	0.0000	0.0000



test	rse	rae
mean	5.0779	5.8272
std	0.0000	0.0000
