/Users/samrobert/Documents/GitHub/Exchangeprediction/Cyber-trend-forecasting-main 3/B-MTGNN/util.py:130: UserWarning: Could not infer format, so each element will be parsed individually, falling back to `dateutil`. To ensure parsing is consistent and as-expected, please specify a format.
  parsed_dates = pd.to_datetime(df[date_col], errors='coerce')
[target_profile] applied: run001_us
CUDA not available, using CPU
Loading data from /Users/samrobert/Documents/GitHub/Exchangeprediction/Cyber-trend-forecasting-main 3/B-MTGNN/data/sm_data.csv...
Data loaded and converted to numeric successfully.
[split] fallback fixed periods without date column: valid=last 24~13, test=last 12
Graph loaded with 1 attacks...
33 columns loaded
Adjacency created...
train X: torch.Size([131, 24, 33])
train Y: torch.Size([131, 1, 33])
valid X: torch.Size([11, 24, 33])
valid Y: torch.Size([11, 1, 33])
test X: torch.Size([11, 24, 33])
test Y: torch.Size([11, 1, 33])
test window: torch.Size([36, 33])
length of training set= 131
length of validation set= 11
length of testing set= 11
valid= 168
Auto-detected num_nodes: 33
Namespace(data='/Users/samrobert/Documents/GitHub/Exchangeprediction/Cyber-trend-forecasting-main 3/B-MTGNN/data/sm_data.csv', log_interval=2000, save='/Users/samrobert/Documents/GitHub/Exchangeprediction/Cyber-trend-forecasting-main 3/B-MTGNN/tuning_runs/20260219_014328/checkpoints/model_001.pt', optim='adam', L1Loss=True, loss_mode='mse', normalize=2, device='cuda:1', gcn_true=False, buildA_true=False, use_graph=0, gcn_depth=1, num_nodes=33, dropout=0.1, subgraph_size=40, node_dim=30, dilation_exponential=2, conv_channels=16, residual_channels=128, skip_channels=256, end_channels=1024, in_dim=1, seq_in_len=24, seq_out_len=1, horizon=1, layers=2, batch_size=4, lr=0.0002, weight_decay=1e-05, clip=10, propalpha=0.6, tanhalpha=0.1, epochs=20, num_split=1, step_size=100, ss_prob=0.2, train_ratio=0.8666666667, valid_ratio=0.0666666667, fixed_eval_periods=1, valid_year=2024, test_year=2025, focus_targets=1, focus_nodes='us_Trade Weighted Dollar Index', focus_weight=1.0, focus_target_gain=40.0, focus_only_loss=1, anchor_focus_to_last=0.15, rse_targets='Us_Trade Weighted Dollar Index_Testing.txt', rse_report_mode='targets', debias_mode='none', debias_apply_to='focus', bias_penalty=0.0, bias_penalty_scope='focus', trend_penalty=0.05, trend_penalty_scope='focus', plot_focus_only=0, debug_eval=0, rollout_mode='teacher_forced', force_recursive_eval=1, seed=123, plot=0, clean_cache=0, autotune_mode=1, apply_best_tuning=0, eval_best_tuning=0, target_profile='run001_us', best_tuning_checkpoint='')
The recpetive field size is 19
Number of model parameters is 611649
begin training
Experiment: 1
Iter: 0
epoch: 1
hp= [1, 0.0002, 16, 128, 256, 1024, 40, 0.1, 2, 30, 0.6, 0.1, 2, 1]
best sum= 10000000
best rrse= 10000000
best rrae= 10000000
best corr= -10000000
best smape= 10000000
best objective= 10000000
best hps= []
best test rse= 10000000
best test corr= -10000000
[Target-Weighted Loss] weights applied: {'us_Trade Weighted Dollar Index': 40.0}
[Target-Only Loss] enabled for columns: ['us_Trade Weighted Dollar Index']
[Bias Penalty] disabled
[Trend Penalty] enabled lambda=0.05 scope=focus cols=['us_Trade Weighted Dollar Index']
iter:  0 | loss: 0.031
iter:  1 | loss: 0.017
iter:  2 | loss: 0.057
iter:  3 | loss: 0.029
iter:  4 | loss: 0.021
iter:  5 | loss: 0.036
iter:  6 | loss: 0.033
iter:  7 | loss: 0.032
iter:  8 | loss: 0.077
iter:  9 | loss: 0.009
iter: 10 | loss: 0.021
iter: 11 | loss: 0.022
iter: 12 | loss: 0.008
iter: 13 | loss: 0.027
iter: 14 | loss: 0.016
iter: 15 | loss: 0.025
iter: 16 | loss: 0.011
iter: 17 | loss: 0.008
iter: 18 | loss: 0.015
iter: 19 | loss: 0.035
iter: 20 | loss: 0.010
iter: 21 | loss: 0.019
iter: 22 | loss: 0.014
iter: 23 | loss: 0.002
iter: 24 | loss: 0.007
iter: 25 | loss: 0.056
iter: 26 | loss: 0.007
iter: 27 | loss: 0.014
iter: 28 | loss: 0.072
iter: 29 | loss: 0.019
iter: 30 | loss: 0.083
iter: 31 | loss: 0.019
iter: 32 | loss: 0.009
testing r= 5
rrse(target)=6.792966503737409 / 2.574308309892882 | rrse(all)=122933708430217.73 / 34622966134154.824 | report_mode=targets
| end of epoch   1 | time:  2.21s | train_loss 0.0262 | valid rse 2.6388 | valid rae 2.7771 | valid corr  0.0338 | valid smape  0.3153 | focus_rrse 2.6388 | obj 2.6388
testing r= 5
rrse(target)=6.111125568411324 / 3.684106073117792 | rrse(all)=43275428918303.73 / 13118448721317.795 | report_mode=targets
********************************************************************************************************
test rse 1.6588 | test rae 1.6414 | test corr 0.0702| test smape 0.2698 | test focus_rrse 1.6588
********************************************************************************************************
Experiment: 1
Iter: 0
epoch: 2
hp= [1, 0.0002, 16, 128, 256, 1024, 40, 0.1, 2, 30, 0.6, 0.1, 2, 2]
best sum= 5.38204865356321
best rrse= 2.638754059734231
best rrae= 2.7771062263727813
best corr= 0.033811633
best smape= 0.3153449050487406
best objective= 2.638753890991211
best hps= [1, 0.0002, 16, 128, 256, 1024, 40, 0.1, 2, 30, 0.6, 0.1, 2, 1]
best test rse= 1.658781111923737
best test corr= 0.0701866
[Target-Weighted Loss] weights applied: {'us_Trade Weighted Dollar Index': 40.0}
[Target-Only Loss] enabled for columns: ['us_Trade Weighted Dollar Index']
[Bias Penalty] disabled
[Trend Penalty] enabled lambda=0.05 scope=focus cols=['us_Trade Weighted Dollar Index']
iter:  0 | loss: 0.022
iter:  1 | loss: 0.007
iter:  2 | loss: 0.007
iter:  3 | loss: 0.028
iter:  4 | loss: 0.015
iter:  5 | loss: 0.028
iter:  6 | loss: 0.069
iter:  7 | loss: 0.017
iter:  8 | loss: 0.015
iter:  9 | loss: 0.009
iter: 10 | loss: 0.008
iter: 11 | loss: 0.131
iter: 12 | loss: 0.015
iter: 13 | loss: 0.060
iter: 14 | loss: 0.006
iter: 15 | loss: 0.033
iter: 16 | loss: 0.010
iter: 17 | loss: 0.014
iter: 18 | loss: 0.021
iter: 19 | loss: 0.019
iter: 20 | loss: 0.004
iter: 21 | loss: 0.012
iter: 22 | loss: 0.008
iter: 23 | loss: 0.024
iter: 24 | loss: 0.012
iter: 25 | loss: 0.024
iter: 26 | loss: 0.026
iter: 27 | loss: 0.032
iter: 28 | loss: 0.022
iter: 29 | loss: 0.079
iter: 30 | loss: 0.017
iter: 31 | loss: 0.032
iter: 32 | loss: 0.030
testing r= 5
rrse(target)=6.796304192087543 / 2.574308309892882 | rrse(all)=122887627089976.0 / 34622966134154.824 | report_mode=targets
| end of epoch   2 | time:  2.15s | train_loss 0.0259 | valid rse 2.6401 | valid rae 2.7788 | valid corr  0.0321 | valid smape  0.3152 | focus_rrse 2.6401 | obj 2.6401
Experiment: 1
Iter: 0
epoch: 3
hp= [1, 0.0002, 16, 128, 256, 1024, 40, 0.1, 2, 30, 0.6, 0.1, 2, 3]
best sum= 5.38204865356321
best rrse= 2.638754059734231
best rrae= 2.7771062263727813
best corr= 0.033811633
best smape= 0.3153449050487406
best objective= 2.638753890991211
best hps= [1, 0.0002, 16, 128, 256, 1024, 40, 0.1, 2, 30, 0.6, 0.1, 2, 1]
best test rse= 1.658781111923737
best test corr= 0.0701866
[Target-Weighted Loss] weights applied: {'us_Trade Weighted Dollar Index': 40.0}
[Target-Only Loss] enabled for columns: ['us_Trade Weighted Dollar Index']
[Bias Penalty] disabled
[Trend Penalty] enabled lambda=0.05 scope=focus cols=['us_Trade Weighted Dollar Index']
iter:  0 | loss: 0.021
iter:  1 | loss: 0.080
iter:  2 | loss: 0.010
iter:  3 | loss: 0.007
iter:  4 | loss: 0.018
iter:  5 | loss: 0.068
iter:  6 | loss: 0.028
iter:  7 | loss: 0.012
iter:  8 | loss: 0.006
iter:  9 | loss: 0.028
iter: 10 | loss: 0.010
iter: 11 | loss: 0.007
iter: 12 | loss: 0.020
iter: 13 | loss: 0.020
iter: 14 | loss: 0.019
iter: 15 | loss: 0.033
iter: 16 | loss: 0.009
iter: 17 | loss: 0.109
iter: 18 | loss: 0.013
iter: 19 | loss: 0.025
iter: 20 | loss: 0.015
iter: 21 | loss: 0.012
iter: 22 | loss: 0.007
iter: 23 | loss: 0.006
iter: 24 | loss: 0.019
iter: 25 | loss: 0.029
iter: 26 | loss: 0.036
iter: 27 | loss: 0.107
iter: 28 | loss: 0.003
iter: 29 | loss: 0.016
iter: 30 | loss: 0.018
iter: 31 | loss: 0.020
iter: 32 | loss: 0.035
testing r= 5
rrse(target)=6.825704673747092 / 2.574308309892882 | rrse(all)=122774081359146.45 / 34622966134154.824 | report_mode=targets
| end of epoch   3 | time:  2.25s | train_loss 0.0262 | valid rse 2.6515 | valid rae 2.7893 | valid corr  0.0313 | valid smape  0.3150 | focus_rrse 2.6515 | obj 2.6515
Experiment: 1
Iter: 0
epoch: 4
hp= [1, 0.0002, 16, 128, 256, 1024, 40, 0.1, 2, 30, 0.6, 0.1, 2, 4]
best sum= 5.38204865356321
best rrse= 2.638754059734231
best rrae= 2.7771062263727813
best corr= 0.033811633
best smape= 0.3153449050487406
best objective= 2.638753890991211
best hps= [1, 0.0002, 16, 128, 256, 1024, 40, 0.1, 2, 30, 0.6, 0.1, 2, 1]
best test rse= 1.658781111923737
best test corr= 0.0701866
[Target-Weighted Loss] weights applied: {'us_Trade Weighted Dollar Index': 40.0}
[Target-Only Loss] enabled for columns: ['us_Trade Weighted Dollar Index']
[Bias Penalty] disabled
[Trend Penalty] enabled lambda=0.05 scope=focus cols=['us_Trade Weighted Dollar Index']
iter:  0 | loss: 0.007
iter:  1 | loss: 0.027
iter:  2 | loss: 0.028
iter:  3 | loss: 0.083
iter:  4 | loss: 0.013
iter:  5 | loss: 0.077
iter:  6 | loss: 0.013
iter:  7 | loss: 0.006
iter:  8 | loss: 0.019
iter:  9 | loss: 0.011
iter: 10 | loss: 0.018
iter: 11 | loss: 0.028
iter: 12 | loss: 0.021
iter: 13 | loss: 0.063
iter: 14 | loss: 0.017
iter: 15 | loss: 0.007
iter: 16 | loss: 0.025
iter: 17 | loss: 0.040
iter: 18 | loss: 0.036
iter: 19 | loss: 0.004
iter: 20 | loss: 0.012
iter: 21 | loss: 0.023
iter: 22 | loss: 0.021
iter: 23 | loss: 0.018
iter: 24 | loss: 0.005
iter: 25 | loss: 0.031
iter: 26 | loss: 0.023
iter: 27 | loss: 0.057
iter: 28 | loss: 0.009
iter: 29 | loss: 0.018
iter: 30 | loss: 0.035
iter: 31 | loss: 0.002
iter: 32 | loss: 0.076
testing r= 5
rrse(target)=6.819444668889177 / 2.574308309892882 | rrse(all)=122732023527959.16 / 34622966134154.824 | report_mode=targets
| end of epoch   4 | time:  2.12s | train_loss 0.0261 | valid rse 2.6490 | valid rae 2.7906 | valid corr  0.0329 | valid smape  0.3163 | focus_rrse 2.6490 | obj 2.6490
Experiment: 1
Iter: 0
epoch: 5
hp= [1, 0.0002, 16, 128, 256, 1024, 40, 0.1, 2, 30, 0.6, 0.1, 2, 5]
best sum= 5.38204865356321
best rrse= 2.638754059734231
best rrae= 2.7771062263727813
best corr= 0.033811633
best smape= 0.3153449050487406
best objective= 2.638753890991211
best hps= [1, 0.0002, 16, 128, 256, 1024, 40, 0.1, 2, 30, 0.6, 0.1, 2, 1]
best test rse= 1.658781111923737
best test corr= 0.0701866
[Target-Weighted Loss] weights applied: {'us_Trade Weighted Dollar Index': 40.0}
[Target-Only Loss] enabled for columns: ['us_Trade Weighted Dollar Index']
[Bias Penalty] disabled
[Trend Penalty] enabled lambda=0.05 scope=focus cols=['us_Trade Weighted Dollar Index']
iter:  0 | loss: 0.043
iter:  1 | loss: 0.074
iter:  2 | loss: 0.051
iter:  3 | loss: 0.009
iter:  4 | loss: 0.019
iter:  5 | loss: 0.069
iter:  6 | loss: 0.015
iter:  7 | loss: 0.029
iter:  8 | loss: 0.008
iter:  9 | loss: 0.089
iter: 10 | loss: 0.013
iter: 11 | loss: 0.025
iter: 12 | loss: 0.009
iter: 13 | loss: 0.022
iter: 14 | loss: 0.024
iter: 15 | loss: 0.015
iter: 16 | loss: 0.028
iter: 17 | loss: 0.019
iter: 18 | loss: 0.010
iter: 19 | loss: 0.004
iter: 20 | loss: 0.021
iter: 21 | loss: 0.021
iter: 22 | loss: 0.010
iter: 23 | loss: 0.025
iter: 24 | loss: 0.015
iter: 25 | loss: 0.018
iter: 26 | loss: 0.004
iter: 27 | loss: 0.013
iter: 28 | loss: 0.013
iter: 29 | loss: 0.051
iter: 30 | loss: 0.027
iter: 31 | loss: 0.020
iter: 32 | loss: 0.048
testing r= 5
rrse(target)=6.772303714041097 / 2.574308309892882 | rrse(all)=122684206475640.48 / 34622966134154.824 | report_mode=targets
| end of epoch   5 | time:  2.06s | train_loss 0.0259 | valid rse 2.6307 | valid rae 2.7733 | valid corr  0.0338 | valid smape  0.3150 | focus_rrse 2.6307 | obj 2.6307
testing r= 5
rrse(target)=6.15183157590333 / 3.684106073117792 | rrse(all)=43682546329692.21 / 13118448721317.795 | report_mode=targets
********************************************************************************************************
test rse 1.6698 | test rae 1.6507 | test corr 0.0706| test smape 0.2690 | test focus_rrse 1.6698
********************************************************************************************************
Experiment: 1
Iter: 0
epoch: 6
hp= [1, 0.0002, 16, 128, 256, 1024, 40, 0.1, 2, 30, 0.6, 0.1, 2, 6]
best sum= 5.370247942453766
best rrse= 2.6307275193167894
best rrae= 2.7733098529505993
best corr= 0.03378943
best smape= 0.31496573805698574
best objective= 2.630727529525757
best hps= [1, 0.0002, 16, 128, 256, 1024, 40, 0.1, 2, 30, 0.6, 0.1, 2, 5]
best test rse= 1.6698301986449446
best test corr= 0.07058855
[Target-Weighted Loss] weights applied: {'us_Trade Weighted Dollar Index': 40.0}
[Target-Only Loss] enabled for columns: ['us_Trade Weighted Dollar Index']
[Bias Penalty] disabled
[Trend Penalty] enabled lambda=0.05 scope=focus cols=['us_Trade Weighted Dollar Index']
iter:  0 | loss: 0.023
iter:  1 | loss: 0.020
iter:  2 | loss: 0.007
iter:  3 | loss: 0.016
iter:  4 | loss: 0.061
iter:  5 | loss: 0.013
iter:  6 | loss: 0.021
iter:  7 | loss: 0.022
iter:  8 | loss: 0.004
iter:  9 | loss: 0.078
iter: 10 | loss: 0.004
iter: 11 | loss: 0.018
iter: 12 | loss: 0.014
iter: 13 | loss: 0.024
iter: 14 | loss: 0.017
iter: 15 | loss: 0.010
iter: 16 | loss: 0.014
iter: 17 | loss: 0.024
iter: 18 | loss: 0.005
iter: 19 | loss: 0.033
iter: 20 | loss: 0.029
iter: 21 | loss: 0.032
iter: 22 | loss: 0.020
iter: 23 | loss: 0.057
iter: 24 | loss: 0.034
iter: 25 | loss: 0.017
iter: 26 | loss: 0.108
iter: 27 | loss: 0.061
iter: 28 | loss: 0.009
iter: 29 | loss: 0.009
iter: 30 | loss: 0.015
iter: 31 | loss: 0.006
iter: 32 | loss: 0.040
testing r= 5
rrse(target)=6.847568509224671 / 2.574308309892882 | rrse(all)=123078726702026.97 / 34622966134154.824 | report_mode=targets
| end of epoch   6 | time:  2.03s | train_loss 0.0261 | valid rse 2.6600 | valid rae 2.8050 | valid corr  0.0360 | valid smape  0.3148 | focus_rrse 2.6600 | obj 2.6600
Experiment: 1
Iter: 0
epoch: 7
hp= [1, 0.0002, 16, 128, 256, 1024, 40, 0.1, 2, 30, 0.6, 0.1, 2, 7]
best sum= 5.370247942453766
best rrse= 2.6307275193167894
best rrae= 2.7733098529505993
best corr= 0.03378943
best smape= 0.31496573805698574
best objective= 2.630727529525757
best hps= [1, 0.0002, 16, 128, 256, 1024, 40, 0.1, 2, 30, 0.6, 0.1, 2, 5]
best test rse= 1.6698301986449446
best test corr= 0.07058855
[Target-Weighted Loss] weights applied: {'us_Trade Weighted Dollar Index': 40.0}
[Target-Only Loss] enabled for columns: ['us_Trade Weighted Dollar Index']
[Bias Penalty] disabled
[Trend Penalty] enabled lambda=0.05 scope=focus cols=['us_Trade Weighted Dollar Index']
iter:  0 | loss: 0.013
iter:  1 | loss: 0.011
iter:  2 | loss: 0.027
iter:  3 | loss: 0.020
iter:  4 | loss: 0.014
iter:  5 | loss: 0.084
iter:  6 | loss: 0.023
iter:  7 | loss: 0.006
iter:  8 | loss: 0.004
iter:  9 | loss: 0.012
iter: 10 | loss: 0.007
iter: 11 | loss: 0.031
iter: 12 | loss: 0.013
iter: 13 | loss: 0.005
iter: 14 | loss: 0.046
iter: 15 | loss: 0.056
iter: 16 | loss: 0.024
iter: 17 | loss: 0.047
iter: 18 | loss: 0.006
iter: 19 | loss: 0.017
iter: 20 | loss: 0.030
iter: 21 | loss: 0.030
iter: 22 | loss: 0.103
iter: 23 | loss: 0.017
iter: 24 | loss: 0.052
iter: 25 | loss: 0.025
iter: 26 | loss: 0.012
iter: 27 | loss: 0.016
iter: 28 | loss: 0.019
iter: 29 | loss: 0.032
iter: 30 | loss: 0.018
iter: 31 | loss: 0.005
iter: 32 | loss: 0.041
testing r= 5
rrse(target)=6.86629725947107 / 2.574308309892882 | rrse(all)=123275376875304.61 / 34622966134154.824 | report_mode=targets
| end of epoch   7 | time:  2.02s | train_loss 0.0261 | valid rse 2.6672 | valid rae 2.8078 | valid corr  0.0282 | valid smape  0.3150 | focus_rrse 2.6672 | obj 2.6672
Experiment: 1
Iter: 0
epoch: 8
hp= [1, 0.0002, 16, 128, 256, 1024, 40, 0.1, 2, 30, 0.6, 0.1, 2, 8]
best sum= 5.370247942453766
best rrse= 2.6307275193167894
best rrae= 2.7733098529505993
best corr= 0.03378943
best smape= 0.31496573805698574
best objective= 2.630727529525757
best hps= [1, 0.0002, 16, 128, 256, 1024, 40, 0.1, 2, 30, 0.6, 0.1, 2, 5]
best test rse= 1.6698301986449446
best test corr= 0.07058855
[Target-Weighted Loss] weights applied: {'us_Trade Weighted Dollar Index': 40.0}
[Target-Only Loss] enabled for columns: ['us_Trade Weighted Dollar Index']
[Bias Penalty] disabled
[Trend Penalty] enabled lambda=0.05 scope=focus cols=['us_Trade Weighted Dollar Index']
iter:  0 | loss: 0.027
iter:  1 | loss: 0.034
iter:  2 | loss: 0.037
iter:  3 | loss: 0.014
iter:  4 | loss: 0.011
iter:  5 | loss: 0.016
iter:  6 | loss: 0.012
iter:  7 | loss: 0.011
iter:  8 | loss: 0.019
iter:  9 | loss: 0.014
iter: 10 | loss: 0.018
iter: 11 | loss: 0.022
iter: 12 | loss: 0.026
iter: 13 | loss: 0.058
iter: 14 | loss: 0.012
iter: 15 | loss: 0.029
iter: 16 | loss: 0.010
iter: 17 | loss: 0.002
iter: 18 | loss: 0.011
iter: 19 | loss: 0.029
iter: 20 | loss: 0.003
iter: 21 | loss: 0.092
iter: 22 | loss: 0.028
iter: 23 | loss: 0.010
iter: 24 | loss: 0.028
iter: 25 | loss: 0.081
iter: 26 | loss: 0.029
iter: 27 | loss: 0.079
iter: 28 | loss: 0.017
iter: 29 | loss: 0.004
iter: 30 | loss: 0.003
iter: 31 | loss: 0.044
iter: 32 | loss: 0.010
testing r= 5
rrse(target)=6.865276604599848 / 2.574308309892882 | rrse(all)=122600342129042.23 / 34622966134154.824 | report_mode=targets
| end of epoch   8 | time:  2.34s | train_loss 0.0256 | valid rse 2.6668 | valid rae 2.8042 | valid corr  0.0337 | valid smape  0.3167 | focus_rrse 2.6668 | obj 2.6668
Experiment: 1
Iter: 0
epoch: 9
hp= [1, 0.0002, 16, 128, 256, 1024, 40, 0.1, 2, 30, 0.6, 0.1, 2, 9]
best sum= 5.370247942453766
best rrse= 2.6307275193167894
best rrae= 2.7733098529505993
best corr= 0.03378943
best smape= 0.31496573805698574
best objective= 2.630727529525757
best hps= [1, 0.0002, 16, 128, 256, 1024, 40, 0.1, 2, 30, 0.6, 0.1, 2, 5]
best test rse= 1.6698301986449446
best test corr= 0.07058855
[Target-Weighted Loss] weights applied: {'us_Trade Weighted Dollar Index': 40.0}
[Target-Only Loss] enabled for columns: ['us_Trade Weighted Dollar Index']
[Bias Penalty] disabled
[Trend Penalty] enabled lambda=0.05 scope=focus cols=['us_Trade Weighted Dollar Index']
iter:  0 | loss: 0.009
iter:  1 | loss: 0.017
iter:  2 | loss: 0.014
iter:  3 | loss: 0.048
iter:  4 | loss: 0.034
iter:  5 | loss: 0.029
iter:  6 | loss: 0.005
iter:  7 | loss: 0.004
iter:  8 | loss: 0.013
iter:  9 | loss: 0.011
iter: 10 | loss: 0.019
iter: 11 | loss: 0.029
iter: 12 | loss: 0.065
iter: 13 | loss: 0.062
iter: 14 | loss: 0.088
iter: 15 | loss: 0.018
iter: 16 | loss: 0.016
iter: 17 | loss: 0.040
iter: 18 | loss: 0.036
iter: 19 | loss: 0.028
iter: 20 | loss: 0.006
iter: 21 | loss: 0.015
iter: 22 | loss: 0.012
iter: 23 | loss: 0.017
iter: 24 | loss: 0.010
iter: 25 | loss: 0.005
iter: 26 | loss: 0.086
iter: 27 | loss: 0.017
iter: 28 | loss: 0.020
iter: 29 | loss: 0.016
iter: 30 | loss: 0.012
iter: 31 | loss: 0.037
iter: 32 | loss: 0.011
testing r= 5
rrse(target)=6.736259887031156 / 2.574308309892882 | rrse(all)=123061627477716.98 / 34622966134154.824 | report_mode=targets
| end of epoch   9 | time:  2.28s | train_loss 0.0257 | valid rse 2.6167 | valid rae 2.7399 | valid corr  0.0351 | valid smape  0.3154 | focus_rrse 2.6167 | obj 2.6167
testing r= 5
rrse(target)=6.121469531182149 / 3.684106073117792 | rrse(all)=43551452939157.234 / 13118448721317.795 | report_mode=targets
********************************************************************************************************
test rse 1.6616 | test rae 1.6408 | test corr 0.0736| test smape 0.2692 | test focus_rrse 1.6616
********************************************************************************************************
Experiment: 1
Iter: 0
epoch: 10
hp= [1, 0.0002, 16, 128, 256, 1024, 40, 0.1, 2, 30, 0.6, 0.1, 2, 10]
best sum= 5.321472411536099
best rrse= 2.616726155582916
best rrae= 2.7398703306208754
best corr= 0.035124075
best smape= 0.3154073837646136
best objective= 2.6167261600494385
best hps= [1, 0.0002, 16, 128, 256, 1024, 40, 0.1, 2, 30, 0.6, 0.1, 2, 9]
best test rse= 1.6615888385650255
best test corr= 0.07358511
[Target-Weighted Loss] weights applied: {'us_Trade Weighted Dollar Index': 40.0}
[Target-Only Loss] enabled for columns: ['us_Trade Weighted Dollar Index']
[Bias Penalty] disabled
[Trend Penalty] enabled lambda=0.05 scope=focus cols=['us_Trade Weighted Dollar Index']
iter:  0 | loss: 0.009
iter:  1 | loss: 0.016
iter:  2 | loss: 0.016
iter:  3 | loss: 0.018
iter:  4 | loss: 0.002
iter:  5 | loss: 0.096
iter:  6 | loss: 0.049
iter:  7 | loss: 0.005
iter:  8 | loss: 0.086
iter:  9 | loss: 0.014
iter: 10 | loss: 0.032
iter: 11 | loss: 0.074
iter: 12 | loss: 0.021
iter: 13 | loss: 0.006
iter: 14 | loss: 0.010
iter: 15 | loss: 0.027
iter: 16 | loss: 0.013
iter: 17 | loss: 0.011
iter: 18 | loss: 0.077
iter: 19 | loss: 0.039
iter: 20 | loss: 0.036
iter: 21 | loss: 0.025
iter: 22 | loss: 0.009
iter: 23 | loss: 0.014
iter: 24 | loss: 0.026
iter: 25 | loss: 0.017
iter: 26 | loss: 0.015
iter: 27 | loss: 0.002
iter: 28 | loss: 0.015
iter: 29 | loss: 0.018
iter: 30 | loss: 0.020
iter: 31 | loss: 0.025
iter: 32 | loss: 0.004
testing r= 5
rrse(target)=6.838396321185653 / 2.574308309892882 | rrse(all)=122805098553436.22 / 34622966134154.824 | report_mode=targets
| end of epoch  10 | time:  2.37s | train_loss 0.0259 | valid rse 2.6564 | valid rae 2.8293 | valid corr  0.0364 | valid smape  0.3160 | focus_rrse 2.6564 | obj 2.6564
Experiment: 1
Iter: 0
epoch: 11
hp= [1, 0.0002, 16, 128, 256, 1024, 40, 0.1, 2, 30, 0.6, 0.1, 2, 11]
best sum= 5.321472411536099
best rrse= 2.616726155582916
best rrae= 2.7398703306208754
best corr= 0.035124075
best smape= 0.3154073837646136
best objective= 2.6167261600494385
best hps= [1, 0.0002, 16, 128, 256, 1024, 40, 0.1, 2, 30, 0.6, 0.1, 2, 9]
best test rse= 1.6615888385650255
best test corr= 0.07358511
[Target-Weighted Loss] weights applied: {'us_Trade Weighted Dollar Index': 40.0}
[Target-Only Loss] enabled for columns: ['us_Trade Weighted Dollar Index']
[Bias Penalty] disabled
[Trend Penalty] enabled lambda=0.05 scope=focus cols=['us_Trade Weighted Dollar Index']
iter:  0 | loss: 0.026
iter:  1 | loss: 0.074
iter:  2 | loss: 0.016
iter:  3 | loss: 0.052
iter:  4 | loss: 0.021
iter:  5 | loss: 0.017
iter:  6 | loss: 0.005
iter:  7 | loss: 0.007
iter:  8 | loss: 0.010
iter:  9 | loss: 0.006
iter: 10 | loss: 0.014
iter: 11 | loss: 0.089
iter: 12 | loss: 0.014
iter: 13 | loss: 0.022
iter: 14 | loss: 0.016
iter: 15 | loss: 0.026
iter: 16 | loss: 0.012
iter: 17 | loss: 0.008
iter: 18 | loss: 0.025
iter: 19 | loss: 0.016
iter: 20 | loss: 0.009
iter: 21 | loss: 0.036
iter: 22 | loss: 0.025
iter: 23 | loss: 0.016
iter: 24 | loss: 0.120
iter: 25 | loss: 0.004
iter: 26 | loss: 0.026
iter: 27 | loss: 0.010
iter: 28 | loss: 0.019
iter: 29 | loss: 0.016
iter: 30 | loss: 0.060
iter: 31 | loss: 0.019
iter: 32 | loss: 0.034
testing r= 5
rrse(target)=6.913762352242175 / 2.574308309892882 | rrse(all)=122736708019671.52 / 34622966134154.824 | report_mode=targets
| end of epoch  11 | time:  2.36s | train_loss 0.0263 | valid rse 2.6857 | valid rae 2.8227 | valid corr  0.0302 | valid smape  0.3175 | focus_rrse 2.6857 | obj 2.6857
Experiment: 1
Iter: 0
epoch: 12
hp= [1, 0.0002, 16, 128, 256, 1024, 40, 0.1, 2, 30, 0.6, 0.1, 2, 12]
best sum= 5.321472411536099
best rrse= 2.616726155582916
best rrae= 2.7398703306208754
best corr= 0.035124075
best smape= 0.3154073837646136
best objective= 2.6167261600494385
best hps= [1, 0.0002, 16, 128, 256, 1024, 40, 0.1, 2, 30, 0.6, 0.1, 2, 9]
best test rse= 1.6615888385650255
best test corr= 0.07358511
[Target-Weighted Loss] weights applied: {'us_Trade Weighted Dollar Index': 40.0}
[Target-Only Loss] enabled for columns: ['us_Trade Weighted Dollar Index']
[Bias Penalty] disabled
[Trend Penalty] enabled lambda=0.05 scope=focus cols=['us_Trade Weighted Dollar Index']
iter:  0 | loss: 0.025
iter:  1 | loss: 0.013
iter:  2 | loss: 0.009
iter:  3 | loss: 0.005
iter:  4 | loss: 0.007
iter:  5 | loss: 0.022
iter:  6 | loss: 0.014
iter:  7 | loss: 0.023
iter:  8 | loss: 0.060
iter:  9 | loss: 0.045
iter: 10 | loss: 0.013
iter: 11 | loss: 0.085
iter: 12 | loss: 0.011
iter: 13 | loss: 0.011
iter: 14 | loss: 0.020
iter: 15 | loss: 0.088
iter: 16 | loss: 0.034
iter: 17 | loss: 0.020
iter: 18 | loss: 0.048
iter: 19 | loss: 0.015
iter: 20 | loss: 0.017
iter: 21 | loss: 0.019
iter: 22 | loss: 0.017
iter: 23 | loss: 0.062
iter: 24 | loss: 0.018
iter: 25 | loss: 0.026
iter: 26 | loss: 0.066
iter: 27 | loss: 0.004
iter: 28 | loss: 0.013
iter: 29 | loss: 0.009
iter: 30 | loss: 0.014
iter: 31 | loss: 0.007
iter: 32 | loss: 0.016
testing r= 5
rrse(target)=6.740753905470169 / 2.574308309892882 | rrse(all)=122685245756560.56 / 34622966134154.824 | report_mode=targets
| end of epoch  12 | time:  2.17s | train_loss 0.0260 | valid rse 2.6185 | valid rae 2.7505 | valid corr  0.0352 | valid smape  0.3160 | focus_rrse 2.6185 | obj 2.6185
Experiment: 1
Iter: 0
epoch: 13
hp= [1, 0.0002, 16, 128, 256, 1024, 40, 0.1, 2, 30, 0.6, 0.1, 2, 13]
best sum= 5.321472411536099
best rrse= 2.616726155582916
best rrae= 2.7398703306208754
best corr= 0.035124075
best smape= 0.3154073837646136
best objective= 2.6167261600494385
best hps= [1, 0.0002, 16, 128, 256, 1024, 40, 0.1, 2, 30, 0.6, 0.1, 2, 9]
best test rse= 1.6615888385650255
best test corr= 0.07358511
[Target-Weighted Loss] weights applied: {'us_Trade Weighted Dollar Index': 40.0}
[Target-Only Loss] enabled for columns: ['us_Trade Weighted Dollar Index']
[Bias Penalty] disabled
[Trend Penalty] enabled lambda=0.05 scope=focus cols=['us_Trade Weighted Dollar Index']
iter:  0 | loss: 0.032
iter:  1 | loss: 0.093
iter:  2 | loss: 0.027
iter:  3 | loss: 0.022
iter:  4 | loss: 0.104
iter:  5 | loss: 0.006
iter:  6 | loss: 0.029
iter:  7 | loss: 0.021
iter:  8 | loss: 0.071
iter:  9 | loss: 0.013
iter: 10 | loss: 0.003
iter: 11 | loss: 0.036
iter: 12 | loss: 0.009
iter: 13 | loss: 0.012
iter: 14 | loss: 0.008
iter: 15 | loss: 0.012
iter: 16 | loss: 0.005
iter: 17 | loss: 0.010
iter: 18 | loss: 0.005
iter: 19 | loss: 0.015
iter: 20 | loss: 0.016
iter: 21 | loss: 0.030
iter: 22 | loss: 0.007
iter: 23 | loss: 0.005
iter: 24 | loss: 0.046
iter: 25 | loss: 0.014
iter: 26 | loss: 0.022
iter: 27 | loss: 0.011
iter: 28 | loss: 0.029
iter: 29 | loss: 0.032
iter: 30 | loss: 0.070
iter: 31 | loss: 0.021
iter: 32 | loss: 0.012
testing r= 5
rrse(target)=6.8763637230558 / 2.574308309892882 | rrse(all)=122884571999638.05 / 34622966134154.824 | report_mode=targets
| end of epoch  13 | time:  2.15s | train_loss 0.0258 | valid rse 2.6712 | valid rae 2.8080 | valid corr  0.0312 | valid smape  0.3161 | focus_rrse 2.6712 | obj 2.6712
Experiment: 1
Iter: 0
epoch: 14
hp= [1, 0.0002, 16, 128, 256, 1024, 40, 0.1, 2, 30, 0.6, 0.1, 2, 14]
best sum= 5.321472411536099
best rrse= 2.616726155582916
best rrae= 2.7398703306208754
best corr= 0.035124075
best smape= 0.3154073837646136
best objective= 2.6167261600494385
best hps= [1, 0.0002, 16, 128, 256, 1024, 40, 0.1, 2, 30, 0.6, 0.1, 2, 9]
best test rse= 1.6615888385650255
best test corr= 0.07358511
[Target-Weighted Loss] weights applied: {'us_Trade Weighted Dollar Index': 40.0}
[Target-Only Loss] enabled for columns: ['us_Trade Weighted Dollar Index']
[Bias Penalty] disabled
[Trend Penalty] enabled lambda=0.05 scope=focus cols=['us_Trade Weighted Dollar Index']
iter:  0 | loss: 0.021
iter:  1 | loss: 0.017
iter:  2 | loss: 0.014
iter:  3 | loss: 0.022
iter:  4 | loss: 0.020
iter:  5 | loss: 0.026
iter:  6 | loss: 0.012
iter:  7 | loss: 0.147
iter:  8 | loss: 0.013
iter:  9 | loss: 0.018
iter: 10 | loss: 0.012
iter: 11 | loss: 0.019
iter: 12 | loss: 0.038
iter: 13 | loss: 0.007
iter: 14 | loss: 0.032
iter: 15 | loss: 0.009
iter: 16 | loss: 0.015
iter: 17 | loss: 0.015
iter: 18 | loss: 0.041
iter: 19 | loss: 0.018
iter: 20 | loss: 0.010
iter: 21 | loss: 0.016
iter: 22 | loss: 0.032
iter: 23 | loss: 0.025
iter: 24 | loss: 0.086
iter: 25 | loss: 0.012
iter: 26 | loss: 0.046
iter: 27 | loss: 0.005
iter: 28 | loss: 0.003
iter: 29 | loss: 0.014
iter: 30 | loss: 0.023
iter: 31 | loss: 0.054
iter: 32 | loss: 0.014
testing r= 5
rrse(target)=6.829035298928662 / 2.574308309892882 | rrse(all)=122612417046329.23 / 34622966134154.824 | report_mode=targets
| end of epoch  14 | time:  2.15s | train_loss 0.0260 | valid rse 2.6528 | valid rae 2.7934 | valid corr  0.0308 | valid smape  0.3157 | focus_rrse 2.6528 | obj 2.6528
Experiment: 1
Iter: 0
epoch: 15
hp= [1, 0.0002, 16, 128, 256, 1024, 40, 0.1, 2, 30, 0.6, 0.1, 2, 15]
best sum= 5.321472411536099
best rrse= 2.616726155582916
best rrae= 2.7398703306208754
best corr= 0.035124075
best smape= 0.3154073837646136
best objective= 2.6167261600494385
best hps= [1, 0.0002, 16, 128, 256, 1024, 40, 0.1, 2, 30, 0.6, 0.1, 2, 9]
best test rse= 1.6615888385650255
best test corr= 0.07358511
[Target-Weighted Loss] weights applied: {'us_Trade Weighted Dollar Index': 40.0}
[Target-Only Loss] enabled for columns: ['us_Trade Weighted Dollar Index']
[Bias Penalty] disabled
[Trend Penalty] enabled lambda=0.05 scope=focus cols=['us_Trade Weighted Dollar Index']
iter:  0 | loss: 0.014
iter:  1 | loss: 0.013
iter:  2 | loss: 0.009
iter:  3 | loss: 0.011
iter:  4 | loss: 0.009
iter:  5 | loss: 0.008
iter:  6 | loss: 0.041
iter:  7 | loss: 0.012
iter:  8 | loss: 0.019
iter:  9 | loss: 0.036
iter: 10 | loss: 0.016
iter: 11 | loss: 0.036
iter: 12 | loss: 0.085
iter: 13 | loss: 0.013
iter: 14 | loss: 0.063
iter: 15 | loss: 0.017
iter: 16 | loss: 0.062
iter: 17 | loss: 0.009
iter: 18 | loss: 0.015
iter: 19 | loss: 0.033
iter: 20 | loss: 0.013
iter: 21 | loss: 0.050
iter: 22 | loss: 0.023
iter: 23 | loss: 0.021
iter: 24 | loss: 0.032
iter: 25 | loss: 0.051
iter: 26 | loss: 0.011
iter: 27 | loss: 0.003
iter: 28 | loss: 0.079
iter: 29 | loss: 0.008
iter: 30 | loss: 0.010
iter: 31 | loss: 0.021
iter: 32 | loss: 0.021
testing r= 5
rrse(target)=6.891409969815343 / 2.574308309892882 | rrse(all)=123047615374456.86 / 34622966134154.824 | report_mode=targets
| end of epoch  15 | time:  2.23s | train_loss 0.0261 | valid rse 2.6770 | valid rae 2.7984 | valid corr  0.0278 | valid smape  0.3162 | focus_rrse 2.6770 | obj 2.6770
Experiment: 1
Iter: 0
epoch: 16
hp= [1, 0.0002, 16, 128, 256, 1024, 40, 0.1, 2, 30, 0.6, 0.1, 2, 16]
best sum= 5.321472411536099
best rrse= 2.616726155582916
best rrae= 2.7398703306208754
best corr= 0.035124075
best smape= 0.3154073837646136
best objective= 2.6167261600494385
best hps= [1, 0.0002, 16, 128, 256, 1024, 40, 0.1, 2, 30, 0.6, 0.1, 2, 9]
best test rse= 1.6615888385650255
best test corr= 0.07358511
[Target-Weighted Loss] weights applied: {'us_Trade Weighted Dollar Index': 40.0}
[Target-Only Loss] enabled for columns: ['us_Trade Weighted Dollar Index']
[Bias Penalty] disabled
[Trend Penalty] enabled lambda=0.05 scope=focus cols=['us_Trade Weighted Dollar Index']
iter:  0 | loss: 0.031
iter:  1 | loss: 0.036
iter:  2 | loss: 0.010
iter:  3 | loss: 0.024
iter:  4 | loss: 0.010
iter:  5 | loss: 0.021
iter:  6 | loss: 0.059
iter:  7 | loss: 0.019
iter:  8 | loss: 0.025
iter:  9 | loss: 0.009
iter: 10 | loss: 0.151
iter: 11 | loss: 0.014
iter: 12 | loss: 0.026
iter: 13 | loss: 0.035
iter: 14 | loss: 0.071
iter: 15 | loss: 0.010
iter: 16 | loss: 0.005
iter: 17 | loss: 0.010
iter: 18 | loss: 0.015
iter: 19 | loss: 0.018
iter: 20 | loss: 0.029
iter: 21 | loss: 0.058
iter: 22 | loss: 0.011
iter: 23 | loss: 0.027
iter: 24 | loss: 0.006
iter: 25 | loss: 0.006
iter: 26 | loss: 0.024
iter: 27 | loss: 0.009
iter: 28 | loss: 0.003
iter: 29 | loss: 0.043
iter: 30 | loss: 0.002
iter: 31 | loss: 0.014
iter: 32 | loss: 0.025
testing r= 5
rrse(target)=6.84481733525646 / 2.574308309892882 | rrse(all)=122737015823955.17 / 34622966134154.824 | report_mode=targets
| end of epoch  16 | time:  2.16s | train_loss 0.0259 | valid rse 2.6589 | valid rae 2.8005 | valid corr  0.0332 | valid smape  0.3147 | focus_rrse 2.6589 | obj 2.6589
Experiment: 1
Iter: 0
epoch: 17
hp= [1, 0.0002, 16, 128, 256, 1024, 40, 0.1, 2, 30, 0.6, 0.1, 2, 17]
best sum= 5.321472411536099
best rrse= 2.616726155582916
best rrae= 2.7398703306208754
best corr= 0.035124075
best smape= 0.3154073837646136
best objective= 2.6167261600494385
best hps= [1, 0.0002, 16, 128, 256, 1024, 40, 0.1, 2, 30, 0.6, 0.1, 2, 9]
best test rse= 1.6615888385650255
best test corr= 0.07358511
[Target-Weighted Loss] weights applied: {'us_Trade Weighted Dollar Index': 40.0}
[Target-Only Loss] enabled for columns: ['us_Trade Weighted Dollar Index']
[Bias Penalty] disabled
[Trend Penalty] enabled lambda=0.05 scope=focus cols=['us_Trade Weighted Dollar Index']
iter:  0 | loss: 0.010
iter:  1 | loss: 0.028
iter:  2 | loss: 0.020
iter:  3 | loss: 0.030
iter:  4 | loss: 0.020
iter:  5 | loss: 0.004
iter:  6 | loss: 0.065
iter:  7 | loss: 0.022
iter:  8 | loss: 0.024
iter:  9 | loss: 0.004
iter: 10 | loss: 0.019
iter: 11 | loss: 0.045
iter: 12 | loss: 0.014
iter: 13 | loss: 0.043
iter: 14 | loss: 0.053
iter: 15 | loss: 0.031
iter: 16 | loss: 0.016
iter: 17 | loss: 0.014
iter: 18 | loss: 0.005
iter: 19 | loss: 0.015
iter: 20 | loss: 0.011
iter: 21 | loss: 0.017
iter: 22 | loss: 0.011
iter: 23 | loss: 0.022
iter: 24 | loss: 0.105
iter: 25 | loss: 0.008
iter: 26 | loss: 0.005
iter: 27 | loss: 0.082
iter: 28 | loss: 0.018
iter: 29 | loss: 0.013
iter: 30 | loss: 0.012
iter: 31 | loss: 0.027
iter: 32 | loss: 0.052
testing r= 5
rrse(target)=6.809655671902438 / 2.574308309892882 | rrse(all)=123295017460465.81 / 34622966134154.824 | report_mode=targets
| end of epoch  17 | time:  2.25s | train_loss 0.0260 | valid rse 2.6452 | valid rae 2.7858 | valid corr  0.0337 | valid smape  0.3166 | focus_rrse 2.6452 | obj 2.6452
Experiment: 1
Iter: 0
epoch: 18
hp= [1, 0.0002, 16, 128, 256, 1024, 40, 0.1, 2, 30, 0.6, 0.1, 2, 18]
best sum= 5.321472411536099
best rrse= 2.616726155582916
best rrae= 2.7398703306208754
best corr= 0.035124075
best smape= 0.3154073837646136
best objective= 2.6167261600494385
best hps= [1, 0.0002, 16, 128, 256, 1024, 40, 0.1, 2, 30, 0.6, 0.1, 2, 9]
best test rse= 1.6615888385650255
best test corr= 0.07358511
[Target-Weighted Loss] weights applied: {'us_Trade Weighted Dollar Index': 40.0}
[Target-Only Loss] enabled for columns: ['us_Trade Weighted Dollar Index']
[Bias Penalty] disabled
[Trend Penalty] enabled lambda=0.05 scope=focus cols=['us_Trade Weighted Dollar Index']
iter:  0 | loss: 0.017
iter:  1 | loss: 0.081
iter:  2 | loss: 0.009
iter:  3 | loss: 0.012
iter:  4 | loss: 0.080
iter:  5 | loss: 0.010
iter:  6 | loss: 0.015
iter:  7 | loss: 0.058
iter:  8 | loss: 0.084
iter:  9 | loss: 0.023
iter: 10 | loss: 0.021
iter: 11 | loss: 0.013
iter: 12 | loss: 0.024
iter: 13 | loss: 0.013
iter: 14 | loss: 0.019
iter: 15 | loss: 0.007
iter: 16 | loss: 0.011
iter: 17 | loss: 0.095
iter: 18 | loss: 0.032
iter: 19 | loss: 0.004
iter: 20 | loss: 0.015
iter: 21 | loss: 0.027
iter: 22 | loss: 0.023
iter: 23 | loss: 0.012
iter: 24 | loss: 0.016
iter: 25 | loss: 0.019
iter: 26 | loss: 0.021
iter: 27 | loss: 0.010
iter: 28 | loss: 0.004
iter: 29 | loss: 0.007
iter: 30 | loss: 0.016
iter: 31 | loss: 0.016
iter: 32 | loss: 0.052
testing r= 5
rrse(target)=6.905468374356535 / 2.574308309892882 | rrse(all)=122886286894603.6 / 34622966134154.824 | report_mode=targets
| end of epoch  18 | time:  2.15s | train_loss 0.0260 | valid rse 2.6825 | valid rae 2.8286 | valid corr  0.0322 | valid smape  0.3142 | focus_rrse 2.6825 | obj 2.6825
Experiment: 1
Iter: 0
epoch: 19
hp= [1, 0.0002, 16, 128, 256, 1024, 40, 0.1, 2, 30, 0.6, 0.1, 2, 19]
best sum= 5.321472411536099
best rrse= 2.616726155582916
best rrae= 2.7398703306208754
best corr= 0.035124075
best smape= 0.3154073837646136
best objective= 2.6167261600494385
best hps= [1, 0.0002, 16, 128, 256, 1024, 40, 0.1, 2, 30, 0.6, 0.1, 2, 9]
best test rse= 1.6615888385650255
best test corr= 0.07358511
[Target-Weighted Loss] weights applied: {'us_Trade Weighted Dollar Index': 40.0}
[Target-Only Loss] enabled for columns: ['us_Trade Weighted Dollar Index']
[Bias Penalty] disabled
[Trend Penalty] enabled lambda=0.05 scope=focus cols=['us_Trade Weighted Dollar Index']
iter:  0 | loss: 0.024
iter:  1 | loss: 0.010
iter:  2 | loss: 0.050
iter:  3 | loss: 0.023
iter:  4 | loss: 0.086
iter:  5 | loss: 0.010
iter:  6 | loss: 0.010
iter:  7 | loss: 0.023
iter:  8 | loss: 0.014
iter:  9 | loss: 0.026
iter: 10 | loss: 0.016
iter: 11 | loss: 0.007
iter: 12 | loss: 0.021
iter: 13 | loss: 0.050
iter: 14 | loss: 0.102
iter: 15 | loss: 0.006
iter: 16 | loss: 0.011
iter: 17 | loss: 0.023
iter: 18 | loss: 0.016
iter: 19 | loss: 0.018
iter: 20 | loss: 0.014
iter: 21 | loss: 0.025
iter: 22 | loss: 0.061
iter: 23 | loss: 0.008
iter: 24 | loss: 0.011
iter: 25 | loss: 0.018
iter: 26 | loss: 0.017
iter: 27 | loss: 0.067
iter: 28 | loss: 0.019
iter: 29 | loss: 0.021
iter: 30 | loss: 0.007
iter: 31 | loss: 0.020
iter: 32 | loss: 0.029
testing r= 5
rrse(target)=6.781936259198263 / 2.574308309892882 | rrse(all)=123023948038076.2 / 34622966134154.824 | report_mode=targets
| end of epoch  19 | time:  2.11s | train_loss 0.0260 | valid rse 2.6345 | valid rae 2.7745 | valid corr  0.0321 | valid smape  0.3160 | focus_rrse 2.6345 | obj 2.6345
Experiment: 1
Iter: 0
epoch: 20
hp= [1, 0.0002, 16, 128, 256, 1024, 40, 0.1, 2, 30, 0.6, 0.1, 2, 20]
best sum= 5.321472411536099
best rrse= 2.616726155582916
best rrae= 2.7398703306208754
best corr= 0.035124075
best smape= 0.3154073837646136
best objective= 2.6167261600494385
best hps= [1, 0.0002, 16, 128, 256, 1024, 40, 0.1, 2, 30, 0.6, 0.1, 2, 9]
best test rse= 1.6615888385650255
best test corr= 0.07358511
[Target-Weighted Loss] weights applied: {'us_Trade Weighted Dollar Index': 40.0}
[Target-Only Loss] enabled for columns: ['us_Trade Weighted Dollar Index']
[Bias Penalty] disabled
[Trend Penalty] enabled lambda=0.05 scope=focus cols=['us_Trade Weighted Dollar Index']
iter:  0 | loss: 0.021
iter:  1 | loss: 0.020
iter:  2 | loss: 0.054
iter:  3 | loss: 0.012
iter:  4 | loss: 0.018
iter:  5 | loss: 0.008
iter:  6 | loss: 0.018
iter:  7 | loss: 0.024
iter:  8 | loss: 0.016
iter:  9 | loss: 0.080
iter: 10 | loss: 0.008
iter: 11 | loss: 0.077
iter: 12 | loss: 0.087
iter: 13 | loss: 0.019
iter: 14 | loss: 0.022
iter: 15 | loss: 0.007
iter: 16 | loss: 0.027
iter: 17 | loss: 0.034
iter: 18 | loss: 0.008
iter: 19 | loss: 0.015
iter: 20 | loss: 0.071
iter: 21 | loss: 0.019
iter: 22 | loss: 0.014
iter: 23 | loss: 0.017
iter: 24 | loss: 0.004
iter: 25 | loss: 0.010
iter: 26 | loss: 0.005
iter: 27 | loss: 0.015
iter: 28 | loss: 0.036
iter: 29 | loss: 0.018
iter: 30 | loss: 0.020
iter: 31 | loss: 0.022
iter: 32 | loss: 0.017
testing r= 5
rrse(target)=6.829903307742741 / 2.574308309892882 | rrse(all)=122866686668642.19 / 34622966134154.824 | report_mode=targets
| end of epoch  20 | time:  2.12s | train_loss 0.0257 | valid rse 2.6531 | valid rae 2.7910 | valid corr  0.0330 | valid smape  0.3150 | focus_rrse 2.6531 | obj 2.6531
best val loss= 5.321472411536099
best hps= [1, 0.0002, 16, 128, 256, 1024, 40, 0.1, 2, 30, 0.6, 0.1, 2, 9]
testing r= 5
rrse(target)=6.82305258889739 / 2.574308309892882 | rrse(all)=123079877756606.58 / 34622966134154.824 | report_mode=targets
testing r= 5
rrse(target)=6.152617491429937 / 3.684106073117792 | rrse(all)=43217892813439.31 / 13118448721317.795 | report_mode=targets
********************************************************************************************************
final test rse 1.6700 | test rae 1.6424 | test corr 0.0749 | test smape 0.2688
********************************************************************************************************



1 run average



valid	rse	rae
mean	2.6504	2.7858
std	0.0000	0.0000



test	rse	rae
mean	1.6700	1.6424
std	0.0000	0.0000
