CUDA not available, using CPU
[split_guard] {'n': 180, 'cutoff_idx': 168, 'cutoff_label': '25.Jan', 'valid_start_idx': 156, 'valid_end_idx': 168, 'valid_months': 12}
Loading data from /Users/samrobert/Documents/GitHub/Exchangeprediction/Cyber-trend-forecasting-main 3/B-MTGNN/data/sm_data.csv...
Data loaded and converted to numeric successfully.
Graph loaded with 1 attacks...
33 columns loaded
Adjacency created...
train X: torch.Size([107, 48, 33])
train Y: torch.Size([107, 1, 33])
valid X: torch.Size([11, 48, 33])
valid Y: torch.Size([11, 1, 33])
test X: torch.Size([11, 48, 33])
test Y: torch.Size([11, 1, 33])
test window: torch.Size([60, 33])
length of training set= 107
length of validation set= 11
length of testing set= 11
valid= 168
Auto-detected num_nodes: 33
Namespace(data='/Users/samrobert/Documents/GitHub/Exchangeprediction/Cyber-trend-forecasting-main 3/B-MTGNN/data/sm_data.csv', log_interval=2000, save='/Users/samrobert/Documents/GitHub/Exchangeprediction/Cyber-trend-forecasting-main 3/B-MTGNN/tuning_runs/20260220_181241/checkpoints/model_006.pt', optim='adam', L1Loss=True, loss_mode='mse', normalize=2, device='cuda:1', gcn_true=False, buildA_true=False, use_graph=0, gcn_depth=1, num_nodes=33, dropout=0.02, subgraph_size=30, node_dim=40, dilation_exponential=2, conv_channels=32, residual_channels=128, skip_channels=256, end_channels=1024, in_dim=1, seq_in_len=48, seq_out_len=1, horizon=1, layers=3, batch_size=4, lr=0.00015, weight_decay=1e-05, clip=10, propalpha=0.6, tanhalpha=0.1, epochs=40, num_split=1, step_size=100, ss_prob=0.08, train_ratio=0.8666666667, valid_ratio=0.0666666667, focus_targets=1, focus_nodes='us_Trade Weighted Dollar Index,jp_fx,kr_fx', focus_weight=1.0, focus_target_gain=105.0, focus_only_loss=1, anchor_focus_to_last=0.15, rse_targets='Us_Trade Weighted Dollar Index_Testing.txt,Jp_fx_Testing.txt,Kr_fx_Testing.txt', rse_report_mode='targets', debias_mode='val_mean_error', debias_apply_to='focus', bias_penalty=0.65, bias_penalty_scope='focus', plot_focus_only=0, debug_eval=0, rollout_mode='recursive', enforce_cutoff_split=1, cutoff_year_yy=25, min_valid_months=12, confidence_level=0.95, confidence_scale=3.0, confidence_mode='predictive', seed=777, plot=0, clean_cache=0, autotune_mode=1, apply_best_tuning=0, eval_best_tuning=0, target_profile='none', best_tuning_checkpoint='')
The recpetive field size is 43
Number of model parameters is 1242977
begin training
Experiment: 1
Iter: 0
epoch: 1
hp= [1, 0.00015, 32, 128, 256, 1024, 30, 0.02, 2, 40, 0.6, 0.1, 3, 1]
best sum= 10000000
best rrse= 10000000
best rrae= 10000000
best corr= -10000000
best smape= 10000000
best objective= 10000000
best hps= []
best test rse= 10000000
best test corr= -10000000
[Target-Weighted Loss] weights applied: {'us_Trade Weighted Dollar Index': 105.0, 'kr_fx': 105.0, 'jp_fx': 105.0}
[Target-Only Loss] enabled for columns: ['us_Trade Weighted Dollar Index', 'jp_fx', 'kr_fx']
[Bias Penalty] enabled lambda=0.65 scope=focus cols=['us_Trade Weighted Dollar Index', 'jp_fx', 'kr_fx']
iter:  0 | loss: 0.011
iter:  1 | loss: 0.013
iter:  2 | loss: 0.062
iter:  3 | loss: 0.036
iter:  4 | loss: 0.011
iter:  5 | loss: 0.009
iter:  6 | loss: 0.016
iter:  7 | loss: 0.036
iter:  8 | loss: 0.018
iter:  9 | loss: 0.028
iter: 10 | loss: 0.042
iter: 11 | loss: 0.005
iter: 12 | loss: 0.041
iter: 13 | loss: 0.020
iter: 14 | loss: 0.005
iter: 15 | loss: 0.010
iter: 16 | loss: 0.026
iter: 17 | loss: 0.019
iter: 18 | loss: 0.043
iter: 19 | loss: 0.018
iter: 20 | loss: 0.005
iter: 21 | loss: 0.018
iter: 22 | loss: 0.011
iter: 23 | loss: 0.015
iter: 24 | loss: 0.012
iter: 25 | loss: 0.055
iter: 26 | loss: 0.005
testing r= 5
rrse(target)=280.4673833532163 / 34.87594854780834 | rrse(all)=129199369237894.86 / 34622966134154.824 | report_mode=targets
[Validation] per_target_rrse_json={"us_Trade Weighted Dollar Index": 2.719236373901367, "jp_fx": 16.3411865234375, "kr_fx": 7.6981635093688965}
[Validation] per_target_lag_mae_json={"us_Trade Weighted Dollar Index": 0.4517225921154022, "jp_fx": 1.0732547044754028, "kr_fx": 6.080022811889648}
[Validation] per_target_dir_mismatch_json={"us_Trade Weighted Dollar Index": 0.6363636363636364, "jp_fx": 0.7272727272727273, "kr_fx": 0.6363636363636364}
| end of epoch   1 | time:  4.29s | train_loss 0.0220 | valid rse 8.0419 | valid rae 10.5364 | valid corr  -0.0792 | valid smape  0.3751 | focus_rrse 8.9195 | obj 8.9195
testing r= 5
rrse(target)=553.4486200181549 / 87.05327089004898 | rrse(all)=84137602072619.2 / 13118448721317.795 | report_mode=targets
[Testing] per_target_rrse_json={"us_Trade Weighted Dollar Index": 6.229799270629883, "jp_fx": 5.3603715896606445, "kr_fx": 6.368231773376465}
[Testing] per_target_lag_mae_json={"us_Trade Weighted Dollar Index": 0.6756904125213623, "jp_fx": 0.9473710656166077, "kr_fx": 8.490955352783203}
[Testing] per_target_dir_mismatch_json={"us_Trade Weighted Dollar Index": 0.8181818181818182, "jp_fx": 0.45454545454545453, "kr_fx": 0.36363636363636365}
********************************************************************************************************
test rse 6.3576 | test rae 7.5615 | test corr 0.1171| test smape 0.3266 | test focus_rrse 5.9861
********************************************************************************************************
Experiment: 1
Iter: 0
epoch: 2
hp= [1, 0.00015, 32, 128, 256, 1024, 30, 0.02, 2, 40, 0.6, 0.1, 3, 2]
best sum= 18.65752771086691
best rrse= 8.041856781866404
best rrae= 10.536435926602014
best corr= -0.079235
best smape= 0.37509151462786544
best objective= 8.91952896118164
best hps= [1, 0.00015, 32, 128, 256, 1024, 30, 0.02, 2, 40, 0.6, 0.1, 3, 1]
best test rse= 6.35758558362704
best test corr= 0.117104515
[Target-Weighted Loss] weights applied: {'us_Trade Weighted Dollar Index': 105.0, 'kr_fx': 105.0, 'jp_fx': 105.0}
[Target-Only Loss] enabled for columns: ['us_Trade Weighted Dollar Index', 'jp_fx', 'kr_fx']
[Bias Penalty] enabled lambda=0.65 scope=focus cols=['us_Trade Weighted Dollar Index', 'jp_fx', 'kr_fx']
iter:  0 | loss: 0.019
iter:  1 | loss: 0.007
iter:  2 | loss: 0.015
iter:  3 | loss: 0.033
iter:  4 | loss: 0.022
iter:  5 | loss: 0.015
iter:  6 | loss: 0.028
iter:  7 | loss: 0.019
iter:  8 | loss: 0.021
iter:  9 | loss: 0.022
iter: 10 | loss: 0.021
iter: 11 | loss: 0.031
iter: 12 | loss: 0.020
iter: 13 | loss: 0.014
iter: 14 | loss: 0.053
iter: 15 | loss: 0.011
iter: 16 | loss: 0.007
iter: 17 | loss: 0.035
iter: 18 | loss: 0.014
iter: 19 | loss: 0.017
iter: 20 | loss: 0.028
iter: 21 | loss: 0.028
iter: 22 | loss: 0.003
iter: 23 | loss: 0.058
iter: 24 | loss: 0.017
iter: 25 | loss: 0.017
iter: 26 | loss: 0.004
testing r= 5
rrse(target)=280.4673833532163 / 34.87594854780834 | rrse(all)=129199369237894.86 / 34622966134154.824 | report_mode=targets
[Validation] per_target_rrse_json={"us_Trade Weighted Dollar Index": 2.719236373901367, "jp_fx": 16.3411865234375, "kr_fx": 7.6981635093688965}
[Validation] per_target_lag_mae_json={"us_Trade Weighted Dollar Index": 0.4517225921154022, "jp_fx": 1.0732547044754028, "kr_fx": 6.080022811889648}
[Validation] per_target_dir_mismatch_json={"us_Trade Weighted Dollar Index": 0.6363636363636364, "jp_fx": 0.7272727272727273, "kr_fx": 0.6363636363636364}
| end of epoch   2 | time:  4.77s | train_loss 0.0217 | valid rse 8.0419 | valid rae 10.5364 | valid corr  -0.0792 | valid smape  0.3751 | focus_rrse 8.9195 | obj 8.9195
Experiment: 1
Iter: 0
epoch: 3
hp= [1, 0.00015, 32, 128, 256, 1024, 30, 0.02, 2, 40, 0.6, 0.1, 3, 3]
best sum= 18.65752771086691
best rrse= 8.041856781866404
best rrae= 10.536435926602014
best corr= -0.079235
best smape= 0.37509151462786544
best objective= 8.91952896118164
best hps= [1, 0.00015, 32, 128, 256, 1024, 30, 0.02, 2, 40, 0.6, 0.1, 3, 1]
best test rse= 6.35758558362704
best test corr= 0.117104515
[Target-Weighted Loss] weights applied: {'us_Trade Weighted Dollar Index': 105.0, 'kr_fx': 105.0, 'jp_fx': 105.0}
[Target-Only Loss] enabled for columns: ['us_Trade Weighted Dollar Index', 'jp_fx', 'kr_fx']
[Bias Penalty] enabled lambda=0.65 scope=focus cols=['us_Trade Weighted Dollar Index', 'jp_fx', 'kr_fx']
iter:  0 | loss: 0.031
iter:  1 | loss: 0.033
iter:  2 | loss: 0.027
iter:  3 | loss: 0.007
iter:  4 | loss: 0.016
iter:  5 | loss: 0.012
iter:  6 | loss: 0.008
iter:  7 | loss: 0.046
iter:  8 | loss: 0.071
iter:  9 | loss: 0.025
iter: 10 | loss: 0.015
iter: 11 | loss: 0.004
iter: 12 | loss: 0.008
iter: 13 | loss: 0.012
iter: 14 | loss: 0.006
iter: 15 | loss: 0.008
iter: 16 | loss: 0.012
iter: 17 | loss: 0.009
iter: 18 | loss: 0.033
iter: 19 | loss: 0.024
iter: 20 | loss: 0.025
iter: 21 | loss: 0.008
iter: 22 | loss: 0.016
iter: 23 | loss: 0.025
iter: 24 | loss: 0.040
iter: 25 | loss: 0.054
iter: 26 | loss: 0.020
testing r= 5
rrse(target)=280.4673833532163 / 34.87594854780834 | rrse(all)=129199369237894.86 / 34622966134154.824 | report_mode=targets
[Validation] per_target_rrse_json={"us_Trade Weighted Dollar Index": 2.719236373901367, "jp_fx": 16.3411865234375, "kr_fx": 7.6981635093688965}
[Validation] per_target_lag_mae_json={"us_Trade Weighted Dollar Index": 0.4517225921154022, "jp_fx": 1.0732547044754028, "kr_fx": 6.080022811889648}
[Validation] per_target_dir_mismatch_json={"us_Trade Weighted Dollar Index": 0.6363636363636364, "jp_fx": 0.7272727272727273, "kr_fx": 0.6363636363636364}
| end of epoch   3 | time:  4.57s | train_loss 0.0220 | valid rse 8.0419 | valid rae 10.5364 | valid corr  -0.0792 | valid smape  0.3751 | focus_rrse 8.9195 | obj 8.9195
Experiment: 1
Iter: 0
epoch: 4
hp= [1, 0.00015, 32, 128, 256, 1024, 30, 0.02, 2, 40, 0.6, 0.1, 3, 4]
best sum= 18.65752771086691
best rrse= 8.041856781866404
best rrae= 10.536435926602014
best corr= -0.079235
best smape= 0.37509151462786544
best objective= 8.91952896118164
best hps= [1, 0.00015, 32, 128, 256, 1024, 30, 0.02, 2, 40, 0.6, 0.1, 3, 1]
best test rse= 6.35758558362704
best test corr= 0.117104515
[Target-Weighted Loss] weights applied: {'us_Trade Weighted Dollar Index': 105.0, 'kr_fx': 105.0, 'jp_fx': 105.0}
[Target-Only Loss] enabled for columns: ['us_Trade Weighted Dollar Index', 'jp_fx', 'kr_fx']
[Bias Penalty] enabled lambda=0.65 scope=focus cols=['us_Trade Weighted Dollar Index', 'jp_fx', 'kr_fx']
iter:  0 | loss: 0.019
iter:  1 | loss: 0.013
iter:  2 | loss: 0.013
iter:  3 | loss: 0.021
iter:  4 | loss: 0.020
iter:  5 | loss: 0.014
iter:  6 | loss: 0.034
iter:  7 | loss: 0.026
iter:  8 | loss: 0.011
iter:  9 | loss: 0.017
iter: 10 | loss: 0.015
iter: 11 | loss: 0.049
iter: 12 | loss: 0.028
iter: 13 | loss: 0.066
iter: 14 | loss: 0.024
iter: 15 | loss: 0.023
iter: 16 | loss: 0.029
iter: 17 | loss: 0.040
iter: 18 | loss: 0.004
iter: 19 | loss: 0.011
iter: 20 | loss: 0.015
iter: 21 | loss: 0.003
iter: 22 | loss: 0.005
iter: 23 | loss: 0.026
iter: 24 | loss: 0.016
iter: 25 | loss: 0.027
iter: 26 | loss: 0.008
testing r= 5
rrse(target)=280.4673833532163 / 34.87594854780834 | rrse(all)=129199369237894.86 / 34622966134154.824 | report_mode=targets
[Validation] per_target_rrse_json={"us_Trade Weighted Dollar Index": 2.719236373901367, "jp_fx": 16.3411865234375, "kr_fx": 7.6981635093688965}
[Validation] per_target_lag_mae_json={"us_Trade Weighted Dollar Index": 0.4517225921154022, "jp_fx": 1.0732547044754028, "kr_fx": 6.080022811889648}
[Validation] per_target_dir_mismatch_json={"us_Trade Weighted Dollar Index": 0.6363636363636364, "jp_fx": 0.7272727272727273, "kr_fx": 0.6363636363636364}
| end of epoch   4 | time:  4.46s | train_loss 0.0214 | valid rse 8.0419 | valid rae 10.5364 | valid corr  -0.0792 | valid smape  0.3751 | focus_rrse 8.9195 | obj 8.9195
Experiment: 1
Iter: 0
epoch: 5
hp= [1, 0.00015, 32, 128, 256, 1024, 30, 0.02, 2, 40, 0.6, 0.1, 3, 5]
best sum= 18.65752771086691
best rrse= 8.041856781866404
best rrae= 10.536435926602014
best corr= -0.079235
best smape= 0.37509151462786544
best objective= 8.91952896118164
best hps= [1, 0.00015, 32, 128, 256, 1024, 30, 0.02, 2, 40, 0.6, 0.1, 3, 1]
best test rse= 6.35758558362704
best test corr= 0.117104515
[Target-Weighted Loss] weights applied: {'us_Trade Weighted Dollar Index': 105.0, 'kr_fx': 105.0, 'jp_fx': 105.0}
[Target-Only Loss] enabled for columns: ['us_Trade Weighted Dollar Index', 'jp_fx', 'kr_fx']
[Bias Penalty] enabled lambda=0.65 scope=focus cols=['us_Trade Weighted Dollar Index', 'jp_fx', 'kr_fx']
iter:  0 | loss: 0.030
iter:  1 | loss: 0.027
iter:  2 | loss: 0.006
iter:  3 | loss: 0.015
iter:  4 | loss: 0.033
iter:  5 | loss: 0.041
iter:  6 | loss: 0.002
iter:  7 | loss: 0.006
iter:  8 | loss: 0.042
iter:  9 | loss: 0.008
iter: 10 | loss: 0.008
iter: 11 | loss: 0.041
iter: 12 | loss: 0.006
iter: 13 | loss: 0.010
iter: 14 | loss: 0.016
iter: 15 | loss: 0.029
iter: 16 | loss: 0.014
iter: 17 | loss: 0.010
iter: 18 | loss: 0.009
iter: 19 | loss: 0.018
iter: 20 | loss: 0.027
iter: 21 | loss: 0.054
iter: 22 | loss: 0.020
iter: 23 | loss: 0.009
iter: 24 | loss: 0.041
iter: 25 | loss: 0.032
iter: 26 | loss: 0.067
testing r= 5
rrse(target)=280.4673833532163 / 34.87594854780834 | rrse(all)=129199369237894.86 / 34622966134154.824 | report_mode=targets
[Validation] per_target_rrse_json={"us_Trade Weighted Dollar Index": 2.719236373901367, "jp_fx": 16.3411865234375, "kr_fx": 7.6981635093688965}
[Validation] per_target_lag_mae_json={"us_Trade Weighted Dollar Index": 0.4517225921154022, "jp_fx": 1.0732547044754028, "kr_fx": 6.080022811889648}
[Validation] per_target_dir_mismatch_json={"us_Trade Weighted Dollar Index": 0.6363636363636364, "jp_fx": 0.7272727272727273, "kr_fx": 0.6363636363636364}
| end of epoch   5 | time:  4.22s | train_loss 0.0226 | valid rse 8.0419 | valid rae 10.5364 | valid corr  -0.0792 | valid smape  0.3751 | focus_rrse 8.9195 | obj 8.9195
Experiment: 1
Iter: 0
epoch: 6
hp= [1, 0.00015, 32, 128, 256, 1024, 30, 0.02, 2, 40, 0.6, 0.1, 3, 6]
best sum= 18.65752771086691
best rrse= 8.041856781866404
best rrae= 10.536435926602014
best corr= -0.079235
best smape= 0.37509151462786544
best objective= 8.91952896118164
best hps= [1, 0.00015, 32, 128, 256, 1024, 30, 0.02, 2, 40, 0.6, 0.1, 3, 1]
best test rse= 6.35758558362704
best test corr= 0.117104515
[Target-Weighted Loss] weights applied: {'us_Trade Weighted Dollar Index': 105.0, 'kr_fx': 105.0, 'jp_fx': 105.0}
[Target-Only Loss] enabled for columns: ['us_Trade Weighted Dollar Index', 'jp_fx', 'kr_fx']
[Bias Penalty] enabled lambda=0.65 scope=focus cols=['us_Trade Weighted Dollar Index', 'jp_fx', 'kr_fx']
iter:  0 | loss: 0.021
iter:  1 | loss: 0.022
iter:  2 | loss: 0.005
iter:  3 | loss: 0.014
iter:  4 | loss: 0.012
iter:  5 | loss: 0.017
iter:  6 | loss: 0.002
iter:  7 | loss: 0.026
iter:  8 | loss: 0.017
iter:  9 | loss: 0.038
iter: 10 | loss: 0.006
iter: 11 | loss: 0.023
iter: 12 | loss: 0.013
iter: 13 | loss: 0.014
iter: 14 | loss: 0.032
iter: 15 | loss: 0.012
iter: 16 | loss: 0.011
iter: 17 | loss: 0.094
iter: 18 | loss: 0.034
iter: 19 | loss: 0.031
iter: 20 | loss: 0.016
iter: 21 | loss: 0.003
iter: 22 | loss: 0.028
iter: 23 | loss: 0.016
iter: 24 | loss: 0.023
iter: 25 | loss: 0.033
iter: 26 | loss: 0.037
testing r= 5
rrse(target)=280.4673833532163 / 34.87594854780834 | rrse(all)=129199369237894.86 / 34622966134154.824 | report_mode=targets
[Validation] per_target_rrse_json={"us_Trade Weighted Dollar Index": 2.719236373901367, "jp_fx": 16.3411865234375, "kr_fx": 7.6981635093688965}
[Validation] per_target_lag_mae_json={"us_Trade Weighted Dollar Index": 0.4517225921154022, "jp_fx": 1.0732547044754028, "kr_fx": 6.080022811889648}
[Validation] per_target_dir_mismatch_json={"us_Trade Weighted Dollar Index": 0.6363636363636364, "jp_fx": 0.7272727272727273, "kr_fx": 0.6363636363636364}
| end of epoch   6 | time:  4.14s | train_loss 0.0221 | valid rse 8.0419 | valid rae 10.5364 | valid corr  -0.0792 | valid smape  0.3751 | focus_rrse 8.9195 | obj 8.9195
Experiment: 1
Iter: 0
epoch: 7
hp= [1, 0.00015, 32, 128, 256, 1024, 30, 0.02, 2, 40, 0.6, 0.1, 3, 7]
best sum= 18.65752771086691
best rrse= 8.041856781866404
best rrae= 10.536435926602014
best corr= -0.079235
best smape= 0.37509151462786544
best objective= 8.91952896118164
best hps= [1, 0.00015, 32, 128, 256, 1024, 30, 0.02, 2, 40, 0.6, 0.1, 3, 1]
best test rse= 6.35758558362704
best test corr= 0.117104515
[Target-Weighted Loss] weights applied: {'us_Trade Weighted Dollar Index': 105.0, 'kr_fx': 105.0, 'jp_fx': 105.0}
[Target-Only Loss] enabled for columns: ['us_Trade Weighted Dollar Index', 'jp_fx', 'kr_fx']
[Bias Penalty] enabled lambda=0.65 scope=focus cols=['us_Trade Weighted Dollar Index', 'jp_fx', 'kr_fx']
iter:  0 | loss: 0.048
iter:  1 | loss: 0.014
iter:  2 | loss: 0.012
iter:  3 | loss: 0.008
iter:  4 | loss: 0.009
iter:  5 | loss: 0.025
iter:  6 | loss: 0.016
iter:  7 | loss: 0.007
iter:  8 | loss: 0.014
iter:  9 | loss: 0.022
iter: 10 | loss: 0.064
iter: 11 | loss: 0.004
iter: 12 | loss: 0.010
iter: 13 | loss: 0.014
iter: 14 | loss: 0.005
iter: 15 | loss: 0.017
iter: 16 | loss: 0.025
iter: 17 | loss: 0.008
iter: 18 | loss: 0.009
iter: 19 | loss: 0.046
iter: 20 | loss: 0.033
iter: 21 | loss: 0.048
iter: 22 | loss: 0.043
iter: 23 | loss: 0.038
iter: 24 | loss: 0.015
iter: 25 | loss: 0.013
iter: 26 | loss: 0.025
testing r= 5
rrse(target)=280.4673833532163 / 34.87594854780834 | rrse(all)=129199369237894.86 / 34622966134154.824 | report_mode=targets
[Validation] per_target_rrse_json={"us_Trade Weighted Dollar Index": 2.719236373901367, "jp_fx": 16.3411865234375, "kr_fx": 7.6981635093688965}
[Validation] per_target_lag_mae_json={"us_Trade Weighted Dollar Index": 0.4517225921154022, "jp_fx": 1.0732547044754028, "kr_fx": 6.080022811889648}
[Validation] per_target_dir_mismatch_json={"us_Trade Weighted Dollar Index": 0.6363636363636364, "jp_fx": 0.7272727272727273, "kr_fx": 0.6363636363636364}
| end of epoch   7 | time:  4.64s | train_loss 0.0220 | valid rse 8.0419 | valid rae 10.5364 | valid corr  -0.0792 | valid smape  0.3751 | focus_rrse 8.9195 | obj 8.9195
Experiment: 1
Iter: 0
epoch: 8
hp= [1, 0.00015, 32, 128, 256, 1024, 30, 0.02, 2, 40, 0.6, 0.1, 3, 8]
best sum= 18.65752771086691
best rrse= 8.041856781866404
best rrae= 10.536435926602014
best corr= -0.079235
best smape= 0.37509151462786544
best objective= 8.91952896118164
best hps= [1, 0.00015, 32, 128, 256, 1024, 30, 0.02, 2, 40, 0.6, 0.1, 3, 1]
best test rse= 6.35758558362704
best test corr= 0.117104515
[Target-Weighted Loss] weights applied: {'us_Trade Weighted Dollar Index': 105.0, 'kr_fx': 105.0, 'jp_fx': 105.0}
[Target-Only Loss] enabled for columns: ['us_Trade Weighted Dollar Index', 'jp_fx', 'kr_fx']
[Bias Penalty] enabled lambda=0.65 scope=focus cols=['us_Trade Weighted Dollar Index', 'jp_fx', 'kr_fx']
iter:  0 | loss: 0.048
iter:  1 | loss: 0.030
iter:  2 | loss: 0.031
iter:  3 | loss: 0.008
iter:  4 | loss: 0.009
iter:  5 | loss: 0.003
iter:  6 | loss: 0.017
iter:  7 | loss: 0.007
iter:  8 | loss: 0.084
iter:  9 | loss: 0.017
iter: 10 | loss: 0.029
iter: 11 | loss: 0.016
iter: 12 | loss: 0.047
iter: 13 | loss: 0.025
iter: 14 | loss: 0.012
iter: 15 | loss: 0.034
iter: 16 | loss: 0.028
iter: 17 | loss: 0.004
iter: 18 | loss: 0.017
iter: 19 | loss: 0.004
iter: 20 | loss: 0.010
iter: 21 | loss: 0.036
iter: 22 | loss: 0.033
iter: 23 | loss: 0.010
iter: 24 | loss: 0.026
iter: 25 | loss: 0.006
iter: 26 | loss: 0.020
testing r= 5
rrse(target)=280.4673833532163 / 34.87594854780834 | rrse(all)=129199369237894.86 / 34622966134154.824 | report_mode=targets
[Validation] per_target_rrse_json={"us_Trade Weighted Dollar Index": 2.719236373901367, "jp_fx": 16.3411865234375, "kr_fx": 7.6981635093688965}
[Validation] per_target_lag_mae_json={"us_Trade Weighted Dollar Index": 0.4517225921154022, "jp_fx": 1.0732547044754028, "kr_fx": 6.080022811889648}
[Validation] per_target_dir_mismatch_json={"us_Trade Weighted Dollar Index": 0.6363636363636364, "jp_fx": 0.7272727272727273, "kr_fx": 0.6363636363636364}
| end of epoch   8 | time:  4.60s | train_loss 0.0227 | valid rse 8.0419 | valid rae 10.5364 | valid corr  -0.0792 | valid smape  0.3751 | focus_rrse 8.9195 | obj 8.9195
Experiment: 1
Iter: 0
epoch: 9
hp= [1, 0.00015, 32, 128, 256, 1024, 30, 0.02, 2, 40, 0.6, 0.1, 3, 9]
best sum= 18.65752771086691
best rrse= 8.041856781866404
best rrae= 10.536435926602014
best corr= -0.079235
best smape= 0.37509151462786544
best objective= 8.91952896118164
best hps= [1, 0.00015, 32, 128, 256, 1024, 30, 0.02, 2, 40, 0.6, 0.1, 3, 1]
best test rse= 6.35758558362704
best test corr= 0.117104515
[Target-Weighted Loss] weights applied: {'us_Trade Weighted Dollar Index': 105.0, 'kr_fx': 105.0, 'jp_fx': 105.0}
[Target-Only Loss] enabled for columns: ['us_Trade Weighted Dollar Index', 'jp_fx', 'kr_fx']
[Bias Penalty] enabled lambda=0.65 scope=focus cols=['us_Trade Weighted Dollar Index', 'jp_fx', 'kr_fx']
iter:  0 | loss: 0.026
iter:  1 | loss: 0.013
iter:  2 | loss: 0.013
iter:  3 | loss: 0.010
iter:  4 | loss: 0.030
iter:  5 | loss: 0.009
iter:  6 | loss: 0.011
iter:  7 | loss: 0.010
iter:  8 | loss: 0.037
iter:  9 | loss: 0.028
iter: 10 | loss: 0.042
iter: 11 | loss: 0.006
iter: 12 | loss: 0.031
iter: 13 | loss: 0.028
iter: 14 | loss: 0.014
iter: 15 | loss: 0.028
iter: 16 | loss: 0.044
iter: 17 | loss: 0.029
iter: 18 | loss: 0.010
iter: 19 | loss: 0.045
iter: 20 | loss: 0.029
iter: 21 | loss: 0.029
iter: 22 | loss: 0.007
iter: 23 | loss: 0.011
iter: 24 | loss: 0.009
iter: 25 | loss: 0.008
iter: 26 | loss: 0.005
testing r= 5
rrse(target)=280.4673833532163 / 34.87594854780834 | rrse(all)=129199369237894.86 / 34622966134154.824 | report_mode=targets
[Validation] per_target_rrse_json={"us_Trade Weighted Dollar Index": 2.719236373901367, "jp_fx": 16.3411865234375, "kr_fx": 7.6981635093688965}
[Validation] per_target_lag_mae_json={"us_Trade Weighted Dollar Index": 0.4517225921154022, "jp_fx": 1.0732547044754028, "kr_fx": 6.080022811889648}
[Validation] per_target_dir_mismatch_json={"us_Trade Weighted Dollar Index": 0.6363636363636364, "jp_fx": 0.7272727272727273, "kr_fx": 0.6363636363636364}
| end of epoch   9 | time:  4.48s | train_loss 0.0210 | valid rse 8.0419 | valid rae 10.5364 | valid corr  -0.0792 | valid smape  0.3751 | focus_rrse 8.9195 | obj 8.9195
Experiment: 1
Iter: 0
epoch: 10
hp= [1, 0.00015, 32, 128, 256, 1024, 30, 0.02, 2, 40, 0.6, 0.1, 3, 10]
best sum= 18.65752771086691
best rrse= 8.041856781866404
best rrae= 10.536435926602014
best corr= -0.079235
best smape= 0.37509151462786544
best objective= 8.91952896118164
best hps= [1, 0.00015, 32, 128, 256, 1024, 30, 0.02, 2, 40, 0.6, 0.1, 3, 1]
best test rse= 6.35758558362704
best test corr= 0.117104515
[Target-Weighted Loss] weights applied: {'us_Trade Weighted Dollar Index': 105.0, 'kr_fx': 105.0, 'jp_fx': 105.0}
[Target-Only Loss] enabled for columns: ['us_Trade Weighted Dollar Index', 'jp_fx', 'kr_fx']
[Bias Penalty] enabled lambda=0.65 scope=focus cols=['us_Trade Weighted Dollar Index', 'jp_fx', 'kr_fx']
iter:  0 | loss: 0.048
iter:  1 | loss: 0.037
iter:  2 | loss: 0.039
iter:  3 | loss: 0.035
iter:  4 | loss: 0.020
iter:  5 | loss: 0.014
iter:  6 | loss: 0.014
iter:  7 | loss: 0.009
iter:  8 | loss: 0.007
iter:  9 | loss: 0.025
iter: 10 | loss: 0.007
iter: 11 | loss: 0.004
iter: 12 | loss: 0.019
iter: 13 | loss: 0.031
iter: 14 | loss: 0.005
iter: 15 | loss: 0.011
iter: 16 | loss: 0.014
iter: 17 | loss: 0.021
iter: 18 | loss: 0.049
iter: 19 | loss: 0.010
iter: 20 | loss: 0.028
iter: 21 | loss: 0.011
iter: 22 | loss: 0.040
iter: 23 | loss: 0.019
iter: 24 | loss: 0.046
iter: 25 | loss: 0.013
iter: 26 | loss: 0.015
testing r= 5
rrse(target)=280.4673833532163 / 34.87594854780834 | rrse(all)=129199369237894.86 / 34622966134154.824 | report_mode=targets
[Validation] per_target_rrse_json={"us_Trade Weighted Dollar Index": 2.719236373901367, "jp_fx": 16.3411865234375, "kr_fx": 7.6981635093688965}
[Validation] per_target_lag_mae_json={"us_Trade Weighted Dollar Index": 0.4517225921154022, "jp_fx": 1.0732547044754028, "kr_fx": 6.080022811889648}
[Validation] per_target_dir_mismatch_json={"us_Trade Weighted Dollar Index": 0.6363636363636364, "jp_fx": 0.7272727272727273, "kr_fx": 0.6363636363636364}
| end of epoch  10 | time:  4.33s | train_loss 0.0220 | valid rse 8.0419 | valid rae 10.5364 | valid corr  -0.0792 | valid smape  0.3751 | focus_rrse 8.9195 | obj 8.9195
Experiment: 1
Iter: 0
epoch: 11
hp= [1, 0.00015, 32, 128, 256, 1024, 30, 0.02, 2, 40, 0.6, 0.1, 3, 11]
best sum= 18.65752771086691
best rrse= 8.041856781866404
best rrae= 10.536435926602014
best corr= -0.079235
best smape= 0.37509151462786544
best objective= 8.91952896118164
best hps= [1, 0.00015, 32, 128, 256, 1024, 30, 0.02, 2, 40, 0.6, 0.1, 3, 1]
best test rse= 6.35758558362704
best test corr= 0.117104515
[Target-Weighted Loss] weights applied: {'us_Trade Weighted Dollar Index': 105.0, 'kr_fx': 105.0, 'jp_fx': 105.0}
[Target-Only Loss] enabled for columns: ['us_Trade Weighted Dollar Index', 'jp_fx', 'kr_fx']
[Bias Penalty] enabled lambda=0.65 scope=focus cols=['us_Trade Weighted Dollar Index', 'jp_fx', 'kr_fx']
iter:  0 | loss: 0.031
iter:  1 | loss: 0.036
iter:  2 | loss: 0.011
iter:  3 | loss: 0.024
iter:  4 | loss: 0.034
iter:  5 | loss: 0.037
iter:  6 | loss: 0.009
iter:  7 | loss: 0.018
iter:  8 | loss: 0.002
iter:  9 | loss: 0.013
iter: 10 | loss: 0.020
iter: 11 | loss: 0.008
iter: 12 | loss: 0.018
iter: 13 | loss: 0.027
iter: 14 | loss: 0.022
iter: 15 | loss: 0.014
iter: 16 | loss: 0.012
iter: 17 | loss: 0.045
iter: 18 | loss: 0.016
iter: 19 | loss: 0.015
iter: 20 | loss: 0.073
iter: 21 | loss: 0.006
iter: 22 | loss: 0.020
iter: 23 | loss: 0.031
iter: 24 | loss: 0.012
iter: 25 | loss: 0.011
iter: 26 | loss: 0.028
testing r= 5
rrse(target)=280.4673833532163 / 34.87594854780834 | rrse(all)=129199369237894.86 / 34622966134154.824 | report_mode=targets
[Validation] per_target_rrse_json={"us_Trade Weighted Dollar Index": 2.719236373901367, "jp_fx": 16.3411865234375, "kr_fx": 7.6981635093688965}
[Validation] per_target_lag_mae_json={"us_Trade Weighted Dollar Index": 0.4517225921154022, "jp_fx": 1.0732547044754028, "kr_fx": 6.080022811889648}
[Validation] per_target_dir_mismatch_json={"us_Trade Weighted Dollar Index": 0.6363636363636364, "jp_fx": 0.7272727272727273, "kr_fx": 0.6363636363636364}
| end of epoch  11 | time:  4.74s | train_loss 0.0219 | valid rse 8.0419 | valid rae 10.5364 | valid corr  -0.0792 | valid smape  0.3751 | focus_rrse 8.9195 | obj 8.9195
Experiment: 1
Iter: 0
epoch: 12
hp= [1, 0.00015, 32, 128, 256, 1024, 30, 0.02, 2, 40, 0.6, 0.1, 3, 12]
best sum= 18.65752771086691
best rrse= 8.041856781866404
best rrae= 10.536435926602014
best corr= -0.079235
best smape= 0.37509151462786544
best objective= 8.91952896118164
best hps= [1, 0.00015, 32, 128, 256, 1024, 30, 0.02, 2, 40, 0.6, 0.1, 3, 1]
best test rse= 6.35758558362704
best test corr= 0.117104515
[Target-Weighted Loss] weights applied: {'us_Trade Weighted Dollar Index': 105.0, 'kr_fx': 105.0, 'jp_fx': 105.0}
[Target-Only Loss] enabled for columns: ['us_Trade Weighted Dollar Index', 'jp_fx', 'kr_fx']
[Bias Penalty] enabled lambda=0.65 scope=focus cols=['us_Trade Weighted Dollar Index', 'jp_fx', 'kr_fx']
iter:  0 | loss: 0.021
iter:  1 | loss: 0.009
iter:  2 | loss: 0.014
iter:  3 | loss: 0.018
iter:  4 | loss: 0.012
iter:  5 | loss: 0.005
iter:  6 | loss: 0.015
iter:  7 | loss: 0.026
iter:  8 | loss: 0.032
iter:  9 | loss: 0.046
iter: 10 | loss: 0.007
iter: 11 | loss: 0.024
iter: 12 | loss: 0.012
iter: 13 | loss: 0.016
iter: 14 | loss: 0.012
iter: 15 | loss: 0.023
iter: 16 | loss: 0.016
iter: 17 | loss: 0.017
iter: 18 | loss: 0.006
iter: 19 | loss: 0.028
iter: 20 | loss: 0.045
iter: 21 | loss: 0.038
iter: 22 | loss: 0.053
iter: 23 | loss: 0.024
iter: 24 | loss: 0.025
iter: 25 | loss: 0.010
iter: 26 | loss: 0.021
testing r= 5
rrse(target)=280.4673833532163 / 34.87594854780834 | rrse(all)=129199369237894.86 / 34622966134154.824 | report_mode=targets
[Validation] per_target_rrse_json={"us_Trade Weighted Dollar Index": 2.719236373901367, "jp_fx": 16.3411865234375, "kr_fx": 7.6981635093688965}
[Validation] per_target_lag_mae_json={"us_Trade Weighted Dollar Index": 0.4517225921154022, "jp_fx": 1.0732547044754028, "kr_fx": 6.080022811889648}
[Validation] per_target_dir_mismatch_json={"us_Trade Weighted Dollar Index": 0.6363636363636364, "jp_fx": 0.7272727272727273, "kr_fx": 0.6363636363636364}
| end of epoch  12 | time:  4.39s | train_loss 0.0213 | valid rse 8.0419 | valid rae 10.5364 | valid corr  -0.0792 | valid smape  0.3751 | focus_rrse 8.9195 | obj 8.9195
Experiment: 1
Iter: 0
epoch: 13
hp= [1, 0.00015, 32, 128, 256, 1024, 30, 0.02, 2, 40, 0.6, 0.1, 3, 13]
best sum= 18.65752771086691
best rrse= 8.041856781866404
best rrae= 10.536435926602014
best corr= -0.079235
best smape= 0.37509151462786544
best objective= 8.91952896118164
best hps= [1, 0.00015, 32, 128, 256, 1024, 30, 0.02, 2, 40, 0.6, 0.1, 3, 1]
best test rse= 6.35758558362704
best test corr= 0.117104515
[Target-Weighted Loss] weights applied: {'us_Trade Weighted Dollar Index': 105.0, 'kr_fx': 105.0, 'jp_fx': 105.0}
[Target-Only Loss] enabled for columns: ['us_Trade Weighted Dollar Index', 'jp_fx', 'kr_fx']
[Bias Penalty] enabled lambda=0.65 scope=focus cols=['us_Trade Weighted Dollar Index', 'jp_fx', 'kr_fx']
iter:  0 | loss: 0.023
iter:  1 | loss: 0.020
iter:  2 | loss: 0.068
iter:  3 | loss: 0.008
iter:  4 | loss: 0.009
iter:  5 | loss: 0.030
iter:  6 | loss: 0.048
iter:  7 | loss: 0.038
iter:  8 | loss: 0.012
iter:  9 | loss: 0.034
iter: 10 | loss: 0.026
iter: 11 | loss: 0.034
iter: 12 | loss: 0.027
iter: 13 | loss: 0.008
iter: 14 | loss: 0.019
iter: 15 | loss: 0.015
iter: 16 | loss: 0.008
iter: 17 | loss: 0.047
iter: 18 | loss: 0.010
iter: 19 | loss: 0.008
iter: 20 | loss: 0.012
iter: 21 | loss: 0.002
iter: 22 | loss: 0.005
iter: 23 | loss: 0.008
iter: 24 | loss: 0.028
iter: 25 | loss: 0.011
iter: 26 | loss: 0.055
testing r= 5
rrse(target)=280.4673833532163 / 34.87594854780834 | rrse(all)=129199369237894.86 / 34622966134154.824 | report_mode=targets
[Validation] per_target_rrse_json={"us_Trade Weighted Dollar Index": 2.719236373901367, "jp_fx": 16.3411865234375, "kr_fx": 7.6981635093688965}
[Validation] per_target_lag_mae_json={"us_Trade Weighted Dollar Index": 0.4517225921154022, "jp_fx": 1.0732547044754028, "kr_fx": 6.080022811889648}
[Validation] per_target_dir_mismatch_json={"us_Trade Weighted Dollar Index": 0.6363636363636364, "jp_fx": 0.7272727272727273, "kr_fx": 0.6363636363636364}
| end of epoch  13 | time:  4.52s | train_loss 0.0223 | valid rse 8.0419 | valid rae 10.5364 | valid corr  -0.0792 | valid smape  0.3751 | focus_rrse 8.9195 | obj 8.9195
Experiment: 1
Iter: 0
epoch: 14
hp= [1, 0.00015, 32, 128, 256, 1024, 30, 0.02, 2, 40, 0.6, 0.1, 3, 14]
best sum= 18.65752771086691
best rrse= 8.041856781866404
best rrae= 10.536435926602014
best corr= -0.079235
best smape= 0.37509151462786544
best objective= 8.91952896118164
best hps= [1, 0.00015, 32, 128, 256, 1024, 30, 0.02, 2, 40, 0.6, 0.1, 3, 1]
best test rse= 6.35758558362704
best test corr= 0.117104515
[Target-Weighted Loss] weights applied: {'us_Trade Weighted Dollar Index': 105.0, 'kr_fx': 105.0, 'jp_fx': 105.0}
[Target-Only Loss] enabled for columns: ['us_Trade Weighted Dollar Index', 'jp_fx', 'kr_fx']
[Bias Penalty] enabled lambda=0.65 scope=focus cols=['us_Trade Weighted Dollar Index', 'jp_fx', 'kr_fx']
iter:  0 | loss: 0.046
iter:  1 | loss: 0.031
iter:  2 | loss: 0.017
iter:  3 | loss: 0.005
iter:  4 | loss: 0.026
iter:  5 | loss: 0.025
iter:  6 | loss: 0.013
iter:  7 | loss: 0.053
iter:  8 | loss: 0.028
iter:  9 | loss: 0.007
iter: 10 | loss: 0.011
iter: 11 | loss: 0.027
iter: 12 | loss: 0.030
iter: 13 | loss: 0.003
iter: 14 | loss: 0.005
iter: 15 | loss: 0.033
iter: 16 | loss: 0.028
iter: 17 | loss: 0.034
iter: 18 | loss: 0.020
iter: 19 | loss: 0.018
iter: 20 | loss: 0.023
iter: 21 | loss: 0.011
iter: 22 | loss: 0.028
iter: 23 | loss: 0.007
iter: 24 | loss: 0.015
iter: 25 | loss: 0.020
iter: 26 | loss: 0.029
testing r= 5
rrse(target)=280.4673833532163 / 34.87594854780834 | rrse(all)=129199369237894.86 / 34622966134154.824 | report_mode=targets
[Validation] per_target_rrse_json={"us_Trade Weighted Dollar Index": 2.719236373901367, "jp_fx": 16.3411865234375, "kr_fx": 7.6981635093688965}
[Validation] per_target_lag_mae_json={"us_Trade Weighted Dollar Index": 0.4517225921154022, "jp_fx": 1.0732547044754028, "kr_fx": 6.080022811889648}
[Validation] per_target_dir_mismatch_json={"us_Trade Weighted Dollar Index": 0.6363636363636364, "jp_fx": 0.7272727272727273, "kr_fx": 0.6363636363636364}
| end of epoch  14 | time:  4.43s | train_loss 0.0219 | valid rse 8.0419 | valid rae 10.5364 | valid corr  -0.0792 | valid smape  0.3751 | focus_rrse 8.9195 | obj 8.9195
Experiment: 1
Iter: 0
epoch: 15
hp= [1, 0.00015, 32, 128, 256, 1024, 30, 0.02, 2, 40, 0.6, 0.1, 3, 15]
best sum= 18.65752771086691
best rrse= 8.041856781866404
best rrae= 10.536435926602014
best corr= -0.079235
best smape= 0.37509151462786544
best objective= 8.91952896118164
best hps= [1, 0.00015, 32, 128, 256, 1024, 30, 0.02, 2, 40, 0.6, 0.1, 3, 1]
best test rse= 6.35758558362704
best test corr= 0.117104515
[Target-Weighted Loss] weights applied: {'us_Trade Weighted Dollar Index': 105.0, 'kr_fx': 105.0, 'jp_fx': 105.0}
[Target-Only Loss] enabled for columns: ['us_Trade Weighted Dollar Index', 'jp_fx', 'kr_fx']
[Bias Penalty] enabled lambda=0.65 scope=focus cols=['us_Trade Weighted Dollar Index', 'jp_fx', 'kr_fx']
iter:  0 | loss: 0.007
iter:  1 | loss: 0.007
iter:  2 | loss: 0.026
iter:  3 | loss: 0.032
iter:  4 | loss: 0.061
iter:  5 | loss: 0.066
iter:  6 | loss: 0.022
iter:  7 | loss: 0.012
iter:  8 | loss: 0.025
iter:  9 | loss: 0.046
iter: 10 | loss: 0.021
iter: 11 | loss: 0.032
iter: 12 | loss: 0.008
iter: 13 | loss: 0.003
iter: 14 | loss: 0.019
iter: 15 | loss: 0.014
iter: 16 | loss: 0.003
iter: 17 | loss: 0.020
iter: 18 | loss: 0.003
iter: 19 | loss: 0.036
iter: 20 | loss: 0.013
iter: 21 | loss: 0.008
iter: 22 | loss: 0.042
iter: 23 | loss: 0.030
iter: 24 | loss: 0.035
iter: 25 | loss: 0.009
iter: 26 | loss: 0.005
testing r= 5
rrse(target)=280.4673833532163 / 34.87594854780834 | rrse(all)=129199369237894.86 / 34622966134154.824 | report_mode=targets
[Validation] per_target_rrse_json={"us_Trade Weighted Dollar Index": 2.719236373901367, "jp_fx": 16.3411865234375, "kr_fx": 7.6981635093688965}
[Validation] per_target_lag_mae_json={"us_Trade Weighted Dollar Index": 0.4517225921154022, "jp_fx": 1.0732547044754028, "kr_fx": 6.080022811889648}
[Validation] per_target_dir_mismatch_json={"us_Trade Weighted Dollar Index": 0.6363636363636364, "jp_fx": 0.7272727272727273, "kr_fx": 0.6363636363636364}
| end of epoch  15 | time:  4.62s | train_loss 0.0226 | valid rse 8.0419 | valid rae 10.5364 | valid corr  -0.0792 | valid smape  0.3751 | focus_rrse 8.9195 | obj 8.9195
Experiment: 1
Iter: 0
epoch: 16
hp= [1, 0.00015, 32, 128, 256, 1024, 30, 0.02, 2, 40, 0.6, 0.1, 3, 16]
best sum= 18.65752771086691
best rrse= 8.041856781866404
best rrae= 10.536435926602014
best corr= -0.079235
best smape= 0.37509151462786544
best objective= 8.91952896118164
best hps= [1, 0.00015, 32, 128, 256, 1024, 30, 0.02, 2, 40, 0.6, 0.1, 3, 1]
best test rse= 6.35758558362704
best test corr= 0.117104515
[Target-Weighted Loss] weights applied: {'us_Trade Weighted Dollar Index': 105.0, 'kr_fx': 105.0, 'jp_fx': 105.0}
[Target-Only Loss] enabled for columns: ['us_Trade Weighted Dollar Index', 'jp_fx', 'kr_fx']
[Bias Penalty] enabled lambda=0.65 scope=focus cols=['us_Trade Weighted Dollar Index', 'jp_fx', 'kr_fx']
iter:  0 | loss: 0.011
iter:  1 | loss: 0.016
iter:  2 | loss: 0.030
iter:  3 | loss: 0.010
iter:  4 | loss: 0.021
iter:  5 | loss: 0.036
iter:  6 | loss: 0.009
iter:  7 | loss: 0.006
iter:  8 | loss: 0.012
iter:  9 | loss: 0.013
iter: 10 | loss: 0.059
iter: 11 | loss: 0.028
iter: 12 | loss: 0.006
iter: 13 | loss: 0.023
iter: 14 | loss: 0.017
iter: 15 | loss: 0.046
iter: 16 | loss: 0.065
iter: 17 | loss: 0.004
iter: 18 | loss: 0.018
iter: 19 | loss: 0.029
iter: 20 | loss: 0.015
iter: 21 | loss: 0.052
iter: 22 | loss: 0.015
iter: 23 | loss: 0.010
iter: 24 | loss: 0.016
iter: 25 | loss: 0.027
iter: 26 | loss: 0.010
testing r= 5
rrse(target)=280.4673833532163 / 34.87594854780834 | rrse(all)=129199369237894.86 / 34622966134154.824 | report_mode=targets
[Validation] per_target_rrse_json={"us_Trade Weighted Dollar Index": 2.719236373901367, "jp_fx": 16.3411865234375, "kr_fx": 7.6981635093688965}
[Validation] per_target_lag_mae_json={"us_Trade Weighted Dollar Index": 0.4517225921154022, "jp_fx": 1.0732547044754028, "kr_fx": 6.080022811889648}
[Validation] per_target_dir_mismatch_json={"us_Trade Weighted Dollar Index": 0.6363636363636364, "jp_fx": 0.7272727272727273, "kr_fx": 0.6363636363636364}
| end of epoch  16 | time:  4.41s | train_loss 0.0224 | valid rse 8.0419 | valid rae 10.5364 | valid corr  -0.0792 | valid smape  0.3751 | focus_rrse 8.9195 | obj 8.9195
Experiment: 1
Iter: 0
epoch: 17
hp= [1, 0.00015, 32, 128, 256, 1024, 30, 0.02, 2, 40, 0.6, 0.1, 3, 17]
best sum= 18.65752771086691
best rrse= 8.041856781866404
best rrae= 10.536435926602014
best corr= -0.079235
best smape= 0.37509151462786544
best objective= 8.91952896118164
best hps= [1, 0.00015, 32, 128, 256, 1024, 30, 0.02, 2, 40, 0.6, 0.1, 3, 1]
best test rse= 6.35758558362704
best test corr= 0.117104515
[Target-Weighted Loss] weights applied: {'us_Trade Weighted Dollar Index': 105.0, 'kr_fx': 105.0, 'jp_fx': 105.0}
[Target-Only Loss] enabled for columns: ['us_Trade Weighted Dollar Index', 'jp_fx', 'kr_fx']
[Bias Penalty] enabled lambda=0.65 scope=focus cols=['us_Trade Weighted Dollar Index', 'jp_fx', 'kr_fx']
iter:  0 | loss: 0.013
iter:  1 | loss: 0.005
iter:  2 | loss: 0.011
iter:  3 | loss: 0.018
iter:  4 | loss: 0.033
iter:  5 | loss: 0.037
iter:  6 | loss: 0.003
iter:  7 | loss: 0.048
iter:  8 | loss: 0.014
iter:  9 | loss: 0.044
iter: 10 | loss: 0.017
iter: 11 | loss: 0.005
iter: 12 | loss: 0.023
iter: 13 | loss: 0.013
iter: 14 | loss: 0.043
iter: 15 | loss: 0.025
iter: 16 | loss: 0.009
iter: 17 | loss: 0.009
iter: 18 | loss: 0.013
iter: 19 | loss: 0.035
iter: 20 | loss: 0.030
iter: 21 | loss: 0.013
iter: 22 | loss: 0.010
iter: 23 | loss: 0.024
iter: 24 | loss: 0.026
iter: 25 | loss: 0.050
iter: 26 | loss: 0.003
testing r= 5
rrse(target)=280.4673833532163 / 34.87594854780834 | rrse(all)=129199369237894.86 / 34622966134154.824 | report_mode=targets
[Validation] per_target_rrse_json={"us_Trade Weighted Dollar Index": 2.719236373901367, "jp_fx": 16.3411865234375, "kr_fx": 7.6981635093688965}
[Validation] per_target_lag_mae_json={"us_Trade Weighted Dollar Index": 0.4517225921154022, "jp_fx": 1.0732547044754028, "kr_fx": 6.080022811889648}
[Validation] per_target_dir_mismatch_json={"us_Trade Weighted Dollar Index": 0.6363636363636364, "jp_fx": 0.7272727272727273, "kr_fx": 0.6363636363636364}
| end of epoch  17 | time:  4.40s | train_loss 0.0214 | valid rse 8.0419 | valid rae 10.5364 | valid corr  -0.0792 | valid smape  0.3751 | focus_rrse 8.9195 | obj 8.9195
Experiment: 1
Iter: 0
epoch: 18
hp= [1, 0.00015, 32, 128, 256, 1024, 30, 0.02, 2, 40, 0.6, 0.1, 3, 18]
best sum= 18.65752771086691
best rrse= 8.041856781866404
best rrae= 10.536435926602014
best corr= -0.079235
best smape= 0.37509151462786544
best objective= 8.91952896118164
best hps= [1, 0.00015, 32, 128, 256, 1024, 30, 0.02, 2, 40, 0.6, 0.1, 3, 1]
best test rse= 6.35758558362704
best test corr= 0.117104515
[Target-Weighted Loss] weights applied: {'us_Trade Weighted Dollar Index': 105.0, 'kr_fx': 105.0, 'jp_fx': 105.0}
[Target-Only Loss] enabled for columns: ['us_Trade Weighted Dollar Index', 'jp_fx', 'kr_fx']
[Bias Penalty] enabled lambda=0.65 scope=focus cols=['us_Trade Weighted Dollar Index', 'jp_fx', 'kr_fx']
iter:  0 | loss: 0.011
iter:  1 | loss: 0.018
iter:  2 | loss: 0.031
iter:  3 | loss: 0.042
iter:  4 | loss: 0.031
iter:  5 | loss: 0.014
iter:  6 | loss: 0.006
iter:  7 | loss: 0.026
iter:  8 | loss: 0.006
iter:  9 | loss: 0.032
iter: 10 | loss: 0.005
iter: 11 | loss: 0.012
iter: 12 | loss: 0.034
iter: 13 | loss: 0.030
iter: 14 | loss: 0.003
iter: 15 | loss: 0.004
iter: 16 | loss: 0.004
iter: 17 | loss: 0.036
iter: 18 | loss: 0.050
iter: 19 | loss: 0.006
iter: 20 | loss: 0.024
iter: 21 | loss: 0.040
iter: 22 | loss: 0.005
iter: 23 | loss: 0.031
iter: 24 | loss: 0.021
iter: 25 | loss: 0.025
iter: 26 | loss: 0.097
testing r= 5
rrse(target)=280.4673833532163 / 34.87594854780834 | rrse(all)=129199369237894.86 / 34622966134154.824 | report_mode=targets
[Validation] per_target_rrse_json={"us_Trade Weighted Dollar Index": 2.719236373901367, "jp_fx": 16.3411865234375, "kr_fx": 7.6981635093688965}
[Validation] per_target_lag_mae_json={"us_Trade Weighted Dollar Index": 0.4517225921154022, "jp_fx": 1.0732547044754028, "kr_fx": 6.080022811889648}
[Validation] per_target_dir_mismatch_json={"us_Trade Weighted Dollar Index": 0.6363636363636364, "jp_fx": 0.7272727272727273, "kr_fx": 0.6363636363636364}
| end of epoch  18 | time:  4.37s | train_loss 0.0231 | valid rse 8.0419 | valid rae 10.5364 | valid corr  -0.0792 | valid smape  0.3751 | focus_rrse 8.9195 | obj 8.9195
Experiment: 1
Iter: 0
epoch: 19
hp= [1, 0.00015, 32, 128, 256, 1024, 30, 0.02, 2, 40, 0.6, 0.1, 3, 19]
best sum= 18.65752771086691
best rrse= 8.041856781866404
best rrae= 10.536435926602014
best corr= -0.079235
best smape= 0.37509151462786544
best objective= 8.91952896118164
best hps= [1, 0.00015, 32, 128, 256, 1024, 30, 0.02, 2, 40, 0.6, 0.1, 3, 1]
best test rse= 6.35758558362704
best test corr= 0.117104515
[Target-Weighted Loss] weights applied: {'us_Trade Weighted Dollar Index': 105.0, 'kr_fx': 105.0, 'jp_fx': 105.0}
[Target-Only Loss] enabled for columns: ['us_Trade Weighted Dollar Index', 'jp_fx', 'kr_fx']
[Bias Penalty] enabled lambda=0.65 scope=focus cols=['us_Trade Weighted Dollar Index', 'jp_fx', 'kr_fx']
iter:  0 | loss: 0.011
iter:  1 | loss: 0.021
iter:  2 | loss: 0.012
iter:  3 | loss: 0.032
iter:  4 | loss: 0.025
iter:  5 | loss: 0.049
iter:  6 | loss: 0.021
iter:  7 | loss: 0.021
iter:  8 | loss: 0.031
iter:  9 | loss: 0.011
iter: 10 | loss: 0.016
iter: 11 | loss: 0.052
iter: 12 | loss: 0.022
iter: 13 | loss: 0.019
iter: 14 | loss: 0.029
iter: 15 | loss: 0.023
iter: 16 | loss: 0.025
iter: 17 | loss: 0.006
iter: 18 | loss: 0.014
iter: 19 | loss: 0.004
iter: 20 | loss: 0.012
iter: 21 | loss: 0.025
iter: 22 | loss: 0.037
iter: 23 | loss: 0.013
iter: 24 | loss: 0.006
iter: 25 | loss: 0.023
iter: 26 | loss: 0.010
testing r= 5
rrse(target)=280.4673833532163 / 34.87594854780834 | rrse(all)=129199369237894.86 / 34622966134154.824 | report_mode=targets
[Validation] per_target_rrse_json={"us_Trade Weighted Dollar Index": 2.719236373901367, "jp_fx": 16.3411865234375, "kr_fx": 7.6981635093688965}
[Validation] per_target_lag_mae_json={"us_Trade Weighted Dollar Index": 0.4517225921154022, "jp_fx": 1.0732547044754028, "kr_fx": 6.080022811889648}
[Validation] per_target_dir_mismatch_json={"us_Trade Weighted Dollar Index": 0.6363636363636364, "jp_fx": 0.7272727272727273, "kr_fx": 0.6363636363636364}
| end of epoch  19 | time:  4.43s | train_loss 0.0213 | valid rse 8.0419 | valid rae 10.5364 | valid corr  -0.0792 | valid smape  0.3751 | focus_rrse 8.9195 | obj 8.9195
Experiment: 1
Iter: 0
epoch: 20
hp= [1, 0.00015, 32, 128, 256, 1024, 30, 0.02, 2, 40, 0.6, 0.1, 3, 20]
best sum= 18.65752771086691
best rrse= 8.041856781866404
best rrae= 10.536435926602014
best corr= -0.079235
best smape= 0.37509151462786544
best objective= 8.91952896118164
best hps= [1, 0.00015, 32, 128, 256, 1024, 30, 0.02, 2, 40, 0.6, 0.1, 3, 1]
best test rse= 6.35758558362704
best test corr= 0.117104515
[Target-Weighted Loss] weights applied: {'us_Trade Weighted Dollar Index': 105.0, 'kr_fx': 105.0, 'jp_fx': 105.0}
[Target-Only Loss] enabled for columns: ['us_Trade Weighted Dollar Index', 'jp_fx', 'kr_fx']
[Bias Penalty] enabled lambda=0.65 scope=focus cols=['us_Trade Weighted Dollar Index', 'jp_fx', 'kr_fx']
iter:  0 | loss: 0.007
iter:  1 | loss: 0.006
iter:  2 | loss: 0.003
iter:  3 | loss: 0.035
iter:  4 | loss: 0.015
iter:  5 | loss: 0.025
iter:  6 | loss: 0.055
iter:  7 | loss: 0.038
iter:  8 | loss: 0.025
iter:  9 | loss: 0.044
iter: 10 | loss: 0.017
iter: 11 | loss: 0.005
iter: 12 | loss: 0.009
iter: 13 | loss: 0.014
iter: 14 | loss: 0.011
iter: 15 | loss: 0.019
iter: 16 | loss: 0.031
iter: 17 | loss: 0.038
iter: 18 | loss: 0.013
iter: 19 | loss: 0.027
iter: 20 | loss: 0.034
iter: 21 | loss: 0.029
iter: 22 | loss: 0.004
iter: 23 | loss: 0.006
iter: 24 | loss: 0.050
iter: 25 | loss: 0.008
iter: 26 | loss: 0.036
testing r= 5
rrse(target)=280.4673833532163 / 34.87594854780834 | rrse(all)=129199369237894.86 / 34622966134154.824 | report_mode=targets
[Validation] per_target_rrse_json={"us_Trade Weighted Dollar Index": 2.719236373901367, "jp_fx": 16.3411865234375, "kr_fx": 7.6981635093688965}
[Validation] per_target_lag_mae_json={"us_Trade Weighted Dollar Index": 0.4517225921154022, "jp_fx": 1.0732547044754028, "kr_fx": 6.080022811889648}
[Validation] per_target_dir_mismatch_json={"us_Trade Weighted Dollar Index": 0.6363636363636364, "jp_fx": 0.7272727272727273, "kr_fx": 0.6363636363636364}
| end of epoch  20 | time:  4.30s | train_loss 0.0222 | valid rse 8.0419 | valid rae 10.5364 | valid corr  -0.0792 | valid smape  0.3751 | focus_rrse 8.9195 | obj 8.9195
Experiment: 1
Iter: 0
epoch: 21
hp= [1, 0.00015, 32, 128, 256, 1024, 30, 0.02, 2, 40, 0.6, 0.1, 3, 21]
best sum= 18.65752771086691
best rrse= 8.041856781866404
best rrae= 10.536435926602014
best corr= -0.079235
best smape= 0.37509151462786544
best objective= 8.91952896118164
best hps= [1, 0.00015, 32, 128, 256, 1024, 30, 0.02, 2, 40, 0.6, 0.1, 3, 1]
best test rse= 6.35758558362704
best test corr= 0.117104515
[Target-Weighted Loss] weights applied: {'us_Trade Weighted Dollar Index': 105.0, 'kr_fx': 105.0, 'jp_fx': 105.0}
[Target-Only Loss] enabled for columns: ['us_Trade Weighted Dollar Index', 'jp_fx', 'kr_fx']
[Bias Penalty] enabled lambda=0.65 scope=focus cols=['us_Trade Weighted Dollar Index', 'jp_fx', 'kr_fx']
iter:  0 | loss: 0.063
iter:  1 | loss: 0.032
iter:  2 | loss: 0.020
iter:  3 | loss: 0.009
iter:  4 | loss: 0.019
iter:  5 | loss: 0.044
iter:  6 | loss: 0.018
iter:  7 | loss: 0.014
iter:  8 | loss: 0.016
iter:  9 | loss: 0.049
iter: 10 | loss: 0.015
iter: 11 | loss: 0.009
iter: 12 | loss: 0.027
iter: 13 | loss: 0.009
iter: 14 | loss: 0.013
iter: 15 | loss: 0.023
iter: 16 | loss: 0.007
iter: 17 | loss: 0.027
iter: 18 | loss: 0.013
iter: 19 | loss: 0.012
iter: 20 | loss: 0.041
iter: 21 | loss: 0.026
iter: 22 | loss: 0.003
iter: 23 | loss: 0.013
iter: 24 | loss: 0.005
iter: 25 | loss: 0.003
iter: 26 | loss: 0.120
testing r= 5
rrse(target)=280.4673833532163 / 34.87594854780834 | rrse(all)=129199369237894.86 / 34622966134154.824 | report_mode=targets
[Validation] per_target_rrse_json={"us_Trade Weighted Dollar Index": 2.719236373901367, "jp_fx": 16.3411865234375, "kr_fx": 7.6981635093688965}
[Validation] per_target_lag_mae_json={"us_Trade Weighted Dollar Index": 0.4517225921154022, "jp_fx": 1.0732547044754028, "kr_fx": 6.080022811889648}
[Validation] per_target_dir_mismatch_json={"us_Trade Weighted Dollar Index": 0.6363636363636364, "jp_fx": 0.7272727272727273, "kr_fx": 0.6363636363636364}
| end of epoch  21 | time:  4.23s | train_loss 0.0232 | valid rse 8.0419 | valid rae 10.5364 | valid corr  -0.0792 | valid smape  0.3751 | focus_rrse 8.9195 | obj 8.9195
Experiment: 1
Iter: 0
epoch: 22
hp= [1, 0.00015, 32, 128, 256, 1024, 30, 0.02, 2, 40, 0.6, 0.1, 3, 22]
best sum= 18.65752771086691
best rrse= 8.041856781866404
best rrae= 10.536435926602014
best corr= -0.079235
best smape= 0.37509151462786544
best objective= 8.91952896118164
best hps= [1, 0.00015, 32, 128, 256, 1024, 30, 0.02, 2, 40, 0.6, 0.1, 3, 1]
best test rse= 6.35758558362704
best test corr= 0.117104515
[Target-Weighted Loss] weights applied: {'us_Trade Weighted Dollar Index': 105.0, 'kr_fx': 105.0, 'jp_fx': 105.0}
[Target-Only Loss] enabled for columns: ['us_Trade Weighted Dollar Index', 'jp_fx', 'kr_fx']
[Bias Penalty] enabled lambda=0.65 scope=focus cols=['us_Trade Weighted Dollar Index', 'jp_fx', 'kr_fx']
iter:  0 | loss: 0.026
iter:  1 | loss: 0.007
iter:  2 | loss: 0.023
iter:  3 | loss: 0.014
iter:  4 | loss: 0.011
iter:  5 | loss: 0.028
iter:  6 | loss: 0.020
iter:  7 | loss: 0.008
iter:  8 | loss: 0.007
iter:  9 | loss: 0.028
iter: 10 | loss: 0.027
iter: 11 | loss: 0.034
iter: 12 | loss: 0.014
iter: 13 | loss: 0.045
iter: 14 | loss: 0.012
iter: 15 | loss: 0.024
iter: 16 | loss: 0.007
iter: 17 | loss: 0.034
iter: 18 | loss: 0.037
iter: 19 | loss: 0.007
iter: 20 | loss: 0.024
iter: 21 | loss: 0.031
iter: 22 | loss: 0.013
iter: 23 | loss: 0.010
iter: 24 | loss: 0.019
iter: 25 | loss: 0.051
iter: 26 | loss: 0.007
testing r= 5
rrse(target)=280.4673833532163 / 34.87594854780834 | rrse(all)=129199369237894.86 / 34622966134154.824 | report_mode=targets
[Validation] per_target_rrse_json={"us_Trade Weighted Dollar Index": 2.719236373901367, "jp_fx": 16.3411865234375, "kr_fx": 7.6981635093688965}
[Validation] per_target_lag_mae_json={"us_Trade Weighted Dollar Index": 0.4517225921154022, "jp_fx": 1.0732547044754028, "kr_fx": 6.080022811889648}
[Validation] per_target_dir_mismatch_json={"us_Trade Weighted Dollar Index": 0.6363636363636364, "jp_fx": 0.7272727272727273, "kr_fx": 0.6363636363636364}
| end of epoch  22 | time:  4.22s | train_loss 0.0212 | valid rse 8.0419 | valid rae 10.5364 | valid corr  -0.0792 | valid smape  0.3751 | focus_rrse 8.9195 | obj 8.9195
Experiment: 1
Iter: 0
epoch: 23
hp= [1, 0.00015, 32, 128, 256, 1024, 30, 0.02, 2, 40, 0.6, 0.1, 3, 23]
best sum= 18.65752771086691
best rrse= 8.041856781866404
best rrae= 10.536435926602014
best corr= -0.079235
best smape= 0.37509151462786544
best objective= 8.91952896118164
best hps= [1, 0.00015, 32, 128, 256, 1024, 30, 0.02, 2, 40, 0.6, 0.1, 3, 1]
best test rse= 6.35758558362704
best test corr= 0.117104515
[Target-Weighted Loss] weights applied: {'us_Trade Weighted Dollar Index': 105.0, 'kr_fx': 105.0, 'jp_fx': 105.0}
[Target-Only Loss] enabled for columns: ['us_Trade Weighted Dollar Index', 'jp_fx', 'kr_fx']
[Bias Penalty] enabled lambda=0.65 scope=focus cols=['us_Trade Weighted Dollar Index', 'jp_fx', 'kr_fx']
iter:  0 | loss: 0.008
iter:  1 | loss: 0.021
iter:  2 | loss: 0.012
iter:  3 | loss: 0.018
iter:  4 | loss: 0.007
iter:  5 | loss: 0.030
iter:  6 | loss: 0.051
iter:  7 | loss: 0.011
iter:  8 | loss: 0.019
iter:  9 | loss: 0.007
iter: 10 | loss: 0.019
iter: 11 | loss: 0.072
iter: 12 | loss: 0.024
iter: 13 | loss: 0.027
iter: 14 | loss: 0.028
iter: 15 | loss: 0.011
iter: 16 | loss: 0.010
iter: 17 | loss: 0.049
iter: 18 | loss: 0.028
iter: 19 | loss: 0.004
iter: 20 | loss: 0.030
iter: 21 | loss: 0.034
iter: 22 | loss: 0.023
iter: 23 | loss: 0.014
iter: 24 | loss: 0.006
iter: 25 | loss: 0.006
iter: 26 | loss: 0.019
testing r= 5
rrse(target)=280.4673833532163 / 34.87594854780834 | rrse(all)=129199369237894.86 / 34622966134154.824 | report_mode=targets
[Validation] per_target_rrse_json={"us_Trade Weighted Dollar Index": 2.719236373901367, "jp_fx": 16.3411865234375, "kr_fx": 7.6981635093688965}
[Validation] per_target_lag_mae_json={"us_Trade Weighted Dollar Index": 0.4517225921154022, "jp_fx": 1.0732547044754028, "kr_fx": 6.080022811889648}
[Validation] per_target_dir_mismatch_json={"us_Trade Weighted Dollar Index": 0.6363636363636364, "jp_fx": 0.7272727272727273, "kr_fx": 0.6363636363636364}
| end of epoch  23 | time:  4.05s | train_loss 0.0219 | valid rse 8.0419 | valid rae 10.5364 | valid corr  -0.0792 | valid smape  0.3751 | focus_rrse 8.9195 | obj 8.9195
Experiment: 1
Iter: 0
epoch: 24
hp= [1, 0.00015, 32, 128, 256, 1024, 30, 0.02, 2, 40, 0.6, 0.1, 3, 24]
best sum= 18.65752771086691
best rrse= 8.041856781866404
best rrae= 10.536435926602014
best corr= -0.079235
best smape= 0.37509151462786544
best objective= 8.91952896118164
best hps= [1, 0.00015, 32, 128, 256, 1024, 30, 0.02, 2, 40, 0.6, 0.1, 3, 1]
best test rse= 6.35758558362704
best test corr= 0.117104515
[Target-Weighted Loss] weights applied: {'us_Trade Weighted Dollar Index': 105.0, 'kr_fx': 105.0, 'jp_fx': 105.0}
[Target-Only Loss] enabled for columns: ['us_Trade Weighted Dollar Index', 'jp_fx', 'kr_fx']
[Bias Penalty] enabled lambda=0.65 scope=focus cols=['us_Trade Weighted Dollar Index', 'jp_fx', 'kr_fx']
iter:  0 | loss: 0.019
iter:  1 | loss: 0.009
iter:  2 | loss: 0.025
iter:  3 | loss: 0.011
iter:  4 | loss: 0.035
iter:  5 | loss: 0.017
iter:  6 | loss: 0.012
iter:  7 | loss: 0.017
iter:  8 | loss: 0.010
iter:  9 | loss: 0.029
iter: 10 | loss: 0.018
iter: 11 | loss: 0.003
iter: 12 | loss: 0.059
iter: 13 | loss: 0.021
iter: 14 | loss: 0.013
iter: 15 | loss: 0.032
iter: 16 | loss: 0.025
iter: 17 | loss: 0.008
iter: 18 | loss: 0.014
iter: 19 | loss: 0.027
iter: 20 | loss: 0.013
iter: 21 | loss: 0.056
iter: 22 | loss: 0.006
iter: 23 | loss: 0.020
iter: 24 | loss: 0.038
iter: 25 | loss: 0.026
iter: 26 | loss: 0.022
testing r= 5
rrse(target)=280.4673833532163 / 34.87594854780834 | rrse(all)=129199369237894.86 / 34622966134154.824 | report_mode=targets
[Validation] per_target_rrse_json={"us_Trade Weighted Dollar Index": 2.719236373901367, "jp_fx": 16.3411865234375, "kr_fx": 7.6981635093688965}
[Validation] per_target_lag_mae_json={"us_Trade Weighted Dollar Index": 0.4517225921154022, "jp_fx": 1.0732547044754028, "kr_fx": 6.080022811889648}
[Validation] per_target_dir_mismatch_json={"us_Trade Weighted Dollar Index": 0.6363636363636364, "jp_fx": 0.7272727272727273, "kr_fx": 0.6363636363636364}
| end of epoch  24 | time:  4.21s | train_loss 0.0216 | valid rse 8.0419 | valid rae 10.5364 | valid corr  -0.0792 | valid smape  0.3751 | focus_rrse 8.9195 | obj 8.9195
Experiment: 1
Iter: 0
epoch: 25
hp= [1, 0.00015, 32, 128, 256, 1024, 30, 0.02, 2, 40, 0.6, 0.1, 3, 25]
best sum= 18.65752771086691
best rrse= 8.041856781866404
best rrae= 10.536435926602014
best corr= -0.079235
best smape= 0.37509151462786544
best objective= 8.91952896118164
best hps= [1, 0.00015, 32, 128, 256, 1024, 30, 0.02, 2, 40, 0.6, 0.1, 3, 1]
best test rse= 6.35758558362704
best test corr= 0.117104515
[Target-Weighted Loss] weights applied: {'us_Trade Weighted Dollar Index': 105.0, 'kr_fx': 105.0, 'jp_fx': 105.0}
[Target-Only Loss] enabled for columns: ['us_Trade Weighted Dollar Index', 'jp_fx', 'kr_fx']
[Bias Penalty] enabled lambda=0.65 scope=focus cols=['us_Trade Weighted Dollar Index', 'jp_fx', 'kr_fx']
iter:  0 | loss: 0.050
iter:  1 | loss: 0.028
iter:  2 | loss: 0.043
iter:  3 | loss: 0.009
iter:  4 | loss: 0.007
iter:  5 | loss: 0.046
iter:  6 | loss: 0.024
iter:  7 | loss: 0.020
iter:  8 | loss: 0.005
iter:  9 | loss: 0.011
iter: 10 | loss: 0.011
iter: 11 | loss: 0.007
iter: 12 | loss: 0.024
iter: 13 | loss: 0.010
iter: 14 | loss: 0.011
iter: 15 | loss: 0.068
iter: 16 | loss: 0.018
iter: 17 | loss: 0.024
iter: 18 | loss: 0.016
iter: 19 | loss: 0.028
iter: 20 | loss: 0.023
iter: 21 | loss: 0.047
iter: 22 | loss: 0.006
iter: 23 | loss: 0.010
iter: 24 | loss: 0.006
iter: 25 | loss: 0.016
iter: 26 | loss: 0.054
testing r= 5
rrse(target)=280.4673833532163 / 34.87594854780834 | rrse(all)=129199369237894.86 / 34622966134154.824 | report_mode=targets
[Validation] per_target_rrse_json={"us_Trade Weighted Dollar Index": 2.719236373901367, "jp_fx": 16.3411865234375, "kr_fx": 7.6981635093688965}
[Validation] per_target_lag_mae_json={"us_Trade Weighted Dollar Index": 0.4517225921154022, "jp_fx": 1.0732547044754028, "kr_fx": 6.080022811889648}
[Validation] per_target_dir_mismatch_json={"us_Trade Weighted Dollar Index": 0.6363636363636364, "jp_fx": 0.7272727272727273, "kr_fx": 0.6363636363636364}
| end of epoch  25 | time:  4.16s | train_loss 0.0228 | valid rse 8.0419 | valid rae 10.5364 | valid corr  -0.0792 | valid smape  0.3751 | focus_rrse 8.9195 | obj 8.9195
Experiment: 1
Iter: 0
epoch: 26
hp= [1, 0.00015, 32, 128, 256, 1024, 30, 0.02, 2, 40, 0.6, 0.1, 3, 26]
best sum= 18.65752771086691
best rrse= 8.041856781866404
best rrae= 10.536435926602014
best corr= -0.079235
best smape= 0.37509151462786544
best objective= 8.91952896118164
best hps= [1, 0.00015, 32, 128, 256, 1024, 30, 0.02, 2, 40, 0.6, 0.1, 3, 1]
best test rse= 6.35758558362704
best test corr= 0.117104515
[Target-Weighted Loss] weights applied: {'us_Trade Weighted Dollar Index': 105.0, 'kr_fx': 105.0, 'jp_fx': 105.0}
[Target-Only Loss] enabled for columns: ['us_Trade Weighted Dollar Index', 'jp_fx', 'kr_fx']
[Bias Penalty] enabled lambda=0.65 scope=focus cols=['us_Trade Weighted Dollar Index', 'jp_fx', 'kr_fx']
iter:  0 | loss: 0.029
iter:  1 | loss: 0.014
iter:  2 | loss: 0.015
iter:  3 | loss: 0.028
iter:  4 | loss: 0.009
iter:  5 | loss: 0.030
iter:  6 | loss: 0.005
iter:  7 | loss: 0.031
iter:  8 | loss: 0.040
iter:  9 | loss: 0.065
iter: 10 | loss: 0.032
iter: 11 | loss: 0.006
iter: 12 | loss: 0.034
iter: 13 | loss: 0.019
iter: 14 | loss: 0.015
iter: 15 | loss: 0.034
iter: 16 | loss: 0.021
iter: 17 | loss: 0.022
iter: 18 | loss: 0.034
iter: 19 | loss: 0.015
iter: 20 | loss: 0.013
iter: 21 | loss: 0.007
iter: 22 | loss: 0.005
iter: 23 | loss: 0.023
iter: 24 | loss: 0.017
iter: 25 | loss: 0.012
iter: 26 | loss: 0.004
testing r= 5
rrse(target)=280.4673833532163 / 34.87594854780834 | rrse(all)=129199369237894.86 / 34622966134154.824 | report_mode=targets
[Validation] per_target_rrse_json={"us_Trade Weighted Dollar Index": 2.719236373901367, "jp_fx": 16.3411865234375, "kr_fx": 7.6981635093688965}
[Validation] per_target_lag_mae_json={"us_Trade Weighted Dollar Index": 0.4517225921154022, "jp_fx": 1.0732547044754028, "kr_fx": 6.080022811889648}
[Validation] per_target_dir_mismatch_json={"us_Trade Weighted Dollar Index": 0.6363636363636364, "jp_fx": 0.7272727272727273, "kr_fx": 0.6363636363636364}
| end of epoch  26 | time:  4.13s | train_loss 0.0216 | valid rse 8.0419 | valid rae 10.5364 | valid corr  -0.0792 | valid smape  0.3751 | focus_rrse 8.9195 | obj 8.9195
Experiment: 1
Iter: 0
epoch: 27
hp= [1, 0.00015, 32, 128, 256, 1024, 30, 0.02, 2, 40, 0.6, 0.1, 3, 27]
best sum= 18.65752771086691
best rrse= 8.041856781866404
best rrae= 10.536435926602014
best corr= -0.079235
best smape= 0.37509151462786544
best objective= 8.91952896118164
best hps= [1, 0.00015, 32, 128, 256, 1024, 30, 0.02, 2, 40, 0.6, 0.1, 3, 1]
best test rse= 6.35758558362704
best test corr= 0.117104515
[Target-Weighted Loss] weights applied: {'us_Trade Weighted Dollar Index': 105.0, 'kr_fx': 105.0, 'jp_fx': 105.0}
[Target-Only Loss] enabled for columns: ['us_Trade Weighted Dollar Index', 'jp_fx', 'kr_fx']
[Bias Penalty] enabled lambda=0.65 scope=focus cols=['us_Trade Weighted Dollar Index', 'jp_fx', 'kr_fx']
iter:  0 | loss: 0.016
iter:  1 | loss: 0.027
iter:  2 | loss: 0.009
iter:  3 | loss: 0.010
iter:  4 | loss: 0.031
iter:  5 | loss: 0.017
iter:  6 | loss: 0.032
iter:  7 | loss: 0.010
iter:  8 | loss: 0.025
iter:  9 | loss: 0.023
iter: 10 | loss: 0.020
iter: 11 | loss: 0.020
iter: 12 | loss: 0.074
iter: 13 | loss: 0.003
iter: 14 | loss: 0.032
iter: 15 | loss: 0.028
iter: 16 | loss: 0.007
iter: 17 | loss: 0.019
iter: 18 | loss: 0.042
iter: 19 | loss: 0.015
iter: 20 | loss: 0.008
iter: 21 | loss: 0.016
iter: 22 | loss: 0.008
iter: 23 | loss: 0.040
iter: 24 | loss: 0.031
iter: 25 | loss: 0.017
iter: 26 | loss: 0.014
testing r= 5
rrse(target)=280.4673833532163 / 34.87594854780834 | rrse(all)=129199369237894.86 / 34622966134154.824 | report_mode=targets
[Validation] per_target_rrse_json={"us_Trade Weighted Dollar Index": 2.719236373901367, "jp_fx": 16.3411865234375, "kr_fx": 7.6981635093688965}
[Validation] per_target_lag_mae_json={"us_Trade Weighted Dollar Index": 0.4517225921154022, "jp_fx": 1.0732547044754028, "kr_fx": 6.080022811889648}
[Validation] per_target_dir_mismatch_json={"us_Trade Weighted Dollar Index": 0.6363636363636364, "jp_fx": 0.7272727272727273, "kr_fx": 0.6363636363636364}
| end of epoch  27 | time:  4.29s | train_loss 0.0220 | valid rse 8.0419 | valid rae 10.5364 | valid corr  -0.0792 | valid smape  0.3751 | focus_rrse 8.9195 | obj 8.9195
Experiment: 1
Iter: 0
epoch: 28
hp= [1, 0.00015, 32, 128, 256, 1024, 30, 0.02, 2, 40, 0.6, 0.1, 3, 28]
best sum= 18.65752771086691
best rrse= 8.041856781866404
best rrae= 10.536435926602014
best corr= -0.079235
best smape= 0.37509151462786544
best objective= 8.91952896118164
best hps= [1, 0.00015, 32, 128, 256, 1024, 30, 0.02, 2, 40, 0.6, 0.1, 3, 1]
best test rse= 6.35758558362704
best test corr= 0.117104515
[Target-Weighted Loss] weights applied: {'us_Trade Weighted Dollar Index': 105.0, 'kr_fx': 105.0, 'jp_fx': 105.0}
[Target-Only Loss] enabled for columns: ['us_Trade Weighted Dollar Index', 'jp_fx', 'kr_fx']
[Bias Penalty] enabled lambda=0.65 scope=focus cols=['us_Trade Weighted Dollar Index', 'jp_fx', 'kr_fx']
iter:  0 | loss: 0.006
iter:  1 | loss: 0.013
iter:  2 | loss: 0.011
iter:  3 | loss: 0.014
iter:  4 | loss: 0.028
iter:  5 | loss: 0.019
iter:  6 | loss: 0.024
iter:  7 | loss: 0.031
iter:  8 | loss: 0.020
iter:  9 | loss: 0.012
iter: 10 | loss: 0.048
iter: 11 | loss: 0.012
iter: 12 | loss: 0.008
iter: 13 | loss: 0.024
iter: 14 | loss: 0.015
iter: 15 | loss: 0.051
iter: 16 | loss: 0.023
iter: 17 | loss: 0.019
iter: 18 | loss: 0.047
iter: 19 | loss: 0.021
iter: 20 | loss: 0.024
iter: 21 | loss: 0.016
iter: 22 | loss: 0.018
iter: 23 | loss: 0.014
iter: 24 | loss: 0.020
iter: 25 | loss: 0.026
iter: 26 | loss: 0.010
testing r= 5
rrse(target)=280.4673833532163 / 34.87594854780834 | rrse(all)=129199369237894.86 / 34622966134154.824 | report_mode=targets
[Validation] per_target_rrse_json={"us_Trade Weighted Dollar Index": 2.719236373901367, "jp_fx": 16.3411865234375, "kr_fx": 7.6981635093688965}
[Validation] per_target_lag_mae_json={"us_Trade Weighted Dollar Index": 0.4517225921154022, "jp_fx": 1.0732547044754028, "kr_fx": 6.080022811889648}
[Validation] per_target_dir_mismatch_json={"us_Trade Weighted Dollar Index": 0.6363636363636364, "jp_fx": 0.7272727272727273, "kr_fx": 0.6363636363636364}
| end of epoch  28 | time:  4.41s | train_loss 0.0214 | valid rse 8.0419 | valid rae 10.5364 | valid corr  -0.0792 | valid smape  0.3751 | focus_rrse 8.9195 | obj 8.9195
Experiment: 1
Iter: 0
epoch: 29
hp= [1, 0.00015, 32, 128, 256, 1024, 30, 0.02, 2, 40, 0.6, 0.1, 3, 29]
best sum= 18.65752771086691
best rrse= 8.041856781866404
best rrae= 10.536435926602014
best corr= -0.079235
best smape= 0.37509151462786544
best objective= 8.91952896118164
best hps= [1, 0.00015, 32, 128, 256, 1024, 30, 0.02, 2, 40, 0.6, 0.1, 3, 1]
best test rse= 6.35758558362704
best test corr= 0.117104515
[Target-Weighted Loss] weights applied: {'us_Trade Weighted Dollar Index': 105.0, 'kr_fx': 105.0, 'jp_fx': 105.0}
[Target-Only Loss] enabled for columns: ['us_Trade Weighted Dollar Index', 'jp_fx', 'kr_fx']
[Bias Penalty] enabled lambda=0.65 scope=focus cols=['us_Trade Weighted Dollar Index', 'jp_fx', 'kr_fx']
iter:  0 | loss: 0.009
iter:  1 | loss: 0.008
iter:  2 | loss: 0.030
iter:  3 | loss: 0.008
iter:  4 | loss: 0.043
iter:  5 | loss: 0.014
iter:  6 | loss: 0.039
iter:  7 | loss: 0.060
iter:  8 | loss: 0.034
iter:  9 | loss: 0.029
iter: 10 | loss: 0.021
iter: 11 | loss: 0.011
iter: 12 | loss: 0.004
iter: 13 | loss: 0.033
iter: 14 | loss: 0.003
iter: 15 | loss: 0.017
iter: 16 | loss: 0.005
iter: 17 | loss: 0.027
iter: 18 | loss: 0.009
iter: 19 | loss: 0.037
iter: 20 | loss: 0.027
iter: 21 | loss: 0.030
iter: 22 | loss: 0.019
iter: 23 | loss: 0.009
iter: 24 | loss: 0.030
iter: 25 | loss: 0.010
iter: 26 | loss: 0.045
testing r= 5
rrse(target)=280.4673833532163 / 34.87594854780834 | rrse(all)=129199369237894.86 / 34622966134154.824 | report_mode=targets
[Validation] per_target_rrse_json={"us_Trade Weighted Dollar Index": 2.719236373901367, "jp_fx": 16.3411865234375, "kr_fx": 7.6981635093688965}
[Validation] per_target_lag_mae_json={"us_Trade Weighted Dollar Index": 0.4517225921154022, "jp_fx": 1.0732547044754028, "kr_fx": 6.080022811889648}
[Validation] per_target_dir_mismatch_json={"us_Trade Weighted Dollar Index": 0.6363636363636364, "jp_fx": 0.7272727272727273, "kr_fx": 0.6363636363636364}
| end of epoch  29 | time:  4.28s | train_loss 0.0224 | valid rse 8.0419 | valid rae 10.5364 | valid corr  -0.0792 | valid smape  0.3751 | focus_rrse 8.9195 | obj 8.9195
Experiment: 1
Iter: 0
epoch: 30
hp= [1, 0.00015, 32, 128, 256, 1024, 30, 0.02, 2, 40, 0.6, 0.1, 3, 30]
best sum= 18.65752771086691
best rrse= 8.041856781866404
best rrae= 10.536435926602014
best corr= -0.079235
best smape= 0.37509151462786544
best objective= 8.91952896118164
best hps= [1, 0.00015, 32, 128, 256, 1024, 30, 0.02, 2, 40, 0.6, 0.1, 3, 1]
best test rse= 6.35758558362704
best test corr= 0.117104515
[Target-Weighted Loss] weights applied: {'us_Trade Weighted Dollar Index': 105.0, 'kr_fx': 105.0, 'jp_fx': 105.0}
[Target-Only Loss] enabled for columns: ['us_Trade Weighted Dollar Index', 'jp_fx', 'kr_fx']
[Bias Penalty] enabled lambda=0.65 scope=focus cols=['us_Trade Weighted Dollar Index', 'jp_fx', 'kr_fx']
iter:  0 | loss: 0.013
iter:  1 | loss: 0.034
iter:  2 | loss: 0.025
iter:  3 | loss: 0.045
iter:  4 | loss: 0.011
iter:  5 | loss: 0.026
iter:  6 | loss: 0.018
iter:  7 | loss: 0.003
iter:  8 | loss: 0.020
iter:  9 | loss: 0.041
iter: 10 | loss: 0.080
iter: 11 | loss: 0.006
iter: 12 | loss: 0.005
iter: 13 | loss: 0.021
iter: 14 | loss: 0.009
iter: 15 | loss: 0.022
iter: 16 | loss: 0.004
iter: 17 | loss: 0.028
iter: 18 | loss: 0.028
iter: 19 | loss: 0.013
iter: 20 | loss: 0.019
iter: 21 | loss: 0.017
iter: 22 | loss: 0.018
iter: 23 | loss: 0.011
iter: 24 | loss: 0.036
iter: 25 | loss: 0.019
iter: 26 | loss: 0.020
testing r= 5
rrse(target)=280.4673833532163 / 34.87594854780834 | rrse(all)=129199369237894.86 / 34622966134154.824 | report_mode=targets
[Validation] per_target_rrse_json={"us_Trade Weighted Dollar Index": 2.719236373901367, "jp_fx": 16.3411865234375, "kr_fx": 7.6981635093688965}
[Validation] per_target_lag_mae_json={"us_Trade Weighted Dollar Index": 0.4517225921154022, "jp_fx": 1.0732547044754028, "kr_fx": 6.080022811889648}
[Validation] per_target_dir_mismatch_json={"us_Trade Weighted Dollar Index": 0.6363636363636364, "jp_fx": 0.7272727272727273, "kr_fx": 0.6363636363636364}
| end of epoch  30 | time:  4.09s | train_loss 0.0220 | valid rse 8.0419 | valid rae 10.5364 | valid corr  -0.0792 | valid smape  0.3751 | focus_rrse 8.9195 | obj 8.9195
Experiment: 1
Iter: 0
epoch: 31
hp= [1, 0.00015, 32, 128, 256, 1024, 30, 0.02, 2, 40, 0.6, 0.1, 3, 31]
best sum= 18.65752771086691
best rrse= 8.041856781866404
best rrae= 10.536435926602014
best corr= -0.079235
best smape= 0.37509151462786544
best objective= 8.91952896118164
best hps= [1, 0.00015, 32, 128, 256, 1024, 30, 0.02, 2, 40, 0.6, 0.1, 3, 1]
best test rse= 6.35758558362704
best test corr= 0.117104515
[Target-Weighted Loss] weights applied: {'us_Trade Weighted Dollar Index': 105.0, 'kr_fx': 105.0, 'jp_fx': 105.0}
[Target-Only Loss] enabled for columns: ['us_Trade Weighted Dollar Index', 'jp_fx', 'kr_fx']
[Bias Penalty] enabled lambda=0.65 scope=focus cols=['us_Trade Weighted Dollar Index', 'jp_fx', 'kr_fx']
iter:  0 | loss: 0.012
iter:  1 | loss: 0.027
iter:  2 | loss: 0.025
iter:  3 | loss: 0.036
iter:  4 | loss: 0.003
iter:  5 | loss: 0.019
iter:  6 | loss: 0.013
iter:  7 | loss: 0.012
iter:  8 | loss: 0.005
iter:  9 | loss: 0.011
iter: 10 | loss: 0.037
iter: 11 | loss: 0.009
iter: 12 | loss: 0.015
iter: 13 | loss: 0.067
iter: 14 | loss: 0.018
iter: 15 | loss: 0.033
iter: 16 | loss: 0.010
iter: 17 | loss: 0.056
iter: 18 | loss: 0.029
iter: 19 | loss: 0.017
iter: 20 | loss: 0.020
iter: 21 | loss: 0.022
iter: 22 | loss: 0.003
iter: 23 | loss: 0.012
iter: 24 | loss: 0.023
iter: 25 | loss: 0.037
iter: 26 | loss: 0.018
testing r= 5
rrse(target)=280.4673833532163 / 34.87594854780834 | rrse(all)=129199369237894.86 / 34622966134154.824 | report_mode=targets
[Validation] per_target_rrse_json={"us_Trade Weighted Dollar Index": 2.719236373901367, "jp_fx": 16.3411865234375, "kr_fx": 7.6981635093688965}
[Validation] per_target_lag_mae_json={"us_Trade Weighted Dollar Index": 0.4517225921154022, "jp_fx": 1.0732547044754028, "kr_fx": 6.080022811889648}
[Validation] per_target_dir_mismatch_json={"us_Trade Weighted Dollar Index": 0.6363636363636364, "jp_fx": 0.7272727272727273, "kr_fx": 0.6363636363636364}
| end of epoch  31 | time:  4.09s | train_loss 0.0219 | valid rse 8.0419 | valid rae 10.5364 | valid corr  -0.0792 | valid smape  0.3751 | focus_rrse 8.9195 | obj 8.9195
Experiment: 1
Iter: 0
epoch: 32
hp= [1, 0.00015, 32, 128, 256, 1024, 30, 0.02, 2, 40, 0.6, 0.1, 3, 32]
best sum= 18.65752771086691
best rrse= 8.041856781866404
best rrae= 10.536435926602014
best corr= -0.079235
best smape= 0.37509151462786544
best objective= 8.91952896118164
best hps= [1, 0.00015, 32, 128, 256, 1024, 30, 0.02, 2, 40, 0.6, 0.1, 3, 1]
best test rse= 6.35758558362704
best test corr= 0.117104515
[Target-Weighted Loss] weights applied: {'us_Trade Weighted Dollar Index': 105.0, 'kr_fx': 105.0, 'jp_fx': 105.0}
[Target-Only Loss] enabled for columns: ['us_Trade Weighted Dollar Index', 'jp_fx', 'kr_fx']
[Bias Penalty] enabled lambda=0.65 scope=focus cols=['us_Trade Weighted Dollar Index', 'jp_fx', 'kr_fx']
iter:  0 | loss: 0.015
iter:  1 | loss: 0.009
iter:  2 | loss: 0.028
iter:  3 | loss: 0.009
iter:  4 | loss: 0.028
iter:  5 | loss: 0.049
iter:  6 | loss: 0.025
iter:  7 | loss: 0.027
iter:  8 | loss: 0.025
iter:  9 | loss: 0.020
iter: 10 | loss: 0.019
iter: 11 | loss: 0.057
iter: 12 | loss: 0.009
iter: 13 | loss: 0.015
iter: 14 | loss: 0.015
iter: 15 | loss: 0.007
iter: 16 | loss: 0.056
iter: 17 | loss: 0.043
iter: 18 | loss: 0.008
iter: 19 | loss: 0.024
iter: 20 | loss: 0.026
iter: 21 | loss: 0.007
iter: 22 | loss: 0.022
iter: 23 | loss: 0.002
iter: 24 | loss: 0.010
iter: 25 | loss: 0.008
iter: 26 | loss: 0.046
testing r= 5
rrse(target)=280.4673833532163 / 34.87594854780834 | rrse(all)=129199369237894.86 / 34622966134154.824 | report_mode=targets
[Validation] per_target_rrse_json={"us_Trade Weighted Dollar Index": 2.719236373901367, "jp_fx": 16.3411865234375, "kr_fx": 7.6981635093688965}
[Validation] per_target_lag_mae_json={"us_Trade Weighted Dollar Index": 0.4517225921154022, "jp_fx": 1.0732547044754028, "kr_fx": 6.080022811889648}
[Validation] per_target_dir_mismatch_json={"us_Trade Weighted Dollar Index": 0.6363636363636364, "jp_fx": 0.7272727272727273, "kr_fx": 0.6363636363636364}
| end of epoch  32 | time:  4.30s | train_loss 0.0224 | valid rse 8.0419 | valid rae 10.5364 | valid corr  -0.0792 | valid smape  0.3751 | focus_rrse 8.9195 | obj 8.9195
Experiment: 1
Iter: 0
epoch: 33
hp= [1, 0.00015, 32, 128, 256, 1024, 30, 0.02, 2, 40, 0.6, 0.1, 3, 33]
best sum= 18.65752771086691
best rrse= 8.041856781866404
best rrae= 10.536435926602014
best corr= -0.079235
best smape= 0.37509151462786544
best objective= 8.91952896118164
best hps= [1, 0.00015, 32, 128, 256, 1024, 30, 0.02, 2, 40, 0.6, 0.1, 3, 1]
best test rse= 6.35758558362704
best test corr= 0.117104515
[Target-Weighted Loss] weights applied: {'us_Trade Weighted Dollar Index': 105.0, 'kr_fx': 105.0, 'jp_fx': 105.0}
[Target-Only Loss] enabled for columns: ['us_Trade Weighted Dollar Index', 'jp_fx', 'kr_fx']
[Bias Penalty] enabled lambda=0.65 scope=focus cols=['us_Trade Weighted Dollar Index', 'jp_fx', 'kr_fx']
iter:  0 | loss: 0.023
iter:  1 | loss: 0.019
iter:  2 | loss: 0.064
iter:  3 | loss: 0.020
iter:  4 | loss: 0.004
iter:  5 | loss: 0.088
iter:  6 | loss: 0.013
iter:  7 | loss: 0.015
iter:  8 | loss: 0.014
iter:  9 | loss: 0.033
iter: 10 | loss: 0.035
iter: 11 | loss: 0.014
iter: 12 | loss: 0.028
iter: 13 | loss: 0.059
iter: 14 | loss: 0.016
iter: 15 | loss: 0.006
iter: 16 | loss: 0.005
iter: 17 | loss: 0.009
iter: 18 | loss: 0.020
iter: 19 | loss: 0.029
iter: 20 | loss: 0.012
iter: 21 | loss: 0.010
iter: 22 | loss: 0.014
iter: 23 | loss: 0.013
iter: 24 | loss: 0.011
iter: 25 | loss: 0.015
iter: 26 | loss: 0.019
testing r= 5
rrse(target)=280.4673833532163 / 34.87594854780834 | rrse(all)=129199369237894.86 / 34622966134154.824 | report_mode=targets
[Validation] per_target_rrse_json={"us_Trade Weighted Dollar Index": 2.719236373901367, "jp_fx": 16.3411865234375, "kr_fx": 7.6981635093688965}
[Validation] per_target_lag_mae_json={"us_Trade Weighted Dollar Index": 0.4517225921154022, "jp_fx": 1.0732547044754028, "kr_fx": 6.080022811889648}
[Validation] per_target_dir_mismatch_json={"us_Trade Weighted Dollar Index": 0.6363636363636364, "jp_fx": 0.7272727272727273, "kr_fx": 0.6363636363636364}
| end of epoch  33 | time:  4.22s | train_loss 0.0225 | valid rse 8.0419 | valid rae 10.5364 | valid corr  -0.0792 | valid smape  0.3751 | focus_rrse 8.9195 | obj 8.9195
Experiment: 1
Iter: 0
epoch: 34
hp= [1, 0.00015, 32, 128, 256, 1024, 30, 0.02, 2, 40, 0.6, 0.1, 3, 34]
best sum= 18.65752771086691
best rrse= 8.041856781866404
best rrae= 10.536435926602014
best corr= -0.079235
best smape= 0.37509151462786544
best objective= 8.91952896118164
best hps= [1, 0.00015, 32, 128, 256, 1024, 30, 0.02, 2, 40, 0.6, 0.1, 3, 1]
best test rse= 6.35758558362704
best test corr= 0.117104515
[Target-Weighted Loss] weights applied: {'us_Trade Weighted Dollar Index': 105.0, 'kr_fx': 105.0, 'jp_fx': 105.0}
[Target-Only Loss] enabled for columns: ['us_Trade Weighted Dollar Index', 'jp_fx', 'kr_fx']
[Bias Penalty] enabled lambda=0.65 scope=focus cols=['us_Trade Weighted Dollar Index', 'jp_fx', 'kr_fx']
iter:  0 | loss: 0.012
iter:  1 | loss: 0.031
iter:  2 | loss: 0.012
iter:  3 | loss: 0.042
iter:  4 | loss: 0.017
iter:  5 | loss: 0.024
iter:  6 | loss: 0.052
iter:  7 | loss: 0.011
iter:  8 | loss: 0.010
iter:  9 | loss: 0.049
iter: 10 | loss: 0.012
iter: 11 | loss: 0.015
iter: 12 | loss: 0.017
iter: 13 | loss: 0.018
iter: 14 | loss: 0.025
iter: 15 | loss: 0.054
iter: 16 | loss: 0.007
iter: 17 | loss: 0.014
iter: 18 | loss: 0.017
iter: 19 | loss: 0.003
iter: 20 | loss: 0.023
iter: 21 | loss: 0.024
iter: 22 | loss: 0.004
iter: 23 | loss: 0.033
iter: 24 | loss: 0.016
iter: 25 | loss: 0.028
iter: 26 | loss: 0.016
testing r= 5
rrse(target)=280.4673833532163 / 34.87594854780834 | rrse(all)=129199369237894.86 / 34622966134154.824 | report_mode=targets
[Validation] per_target_rrse_json={"us_Trade Weighted Dollar Index": 2.719236373901367, "jp_fx": 16.3411865234375, "kr_fx": 7.6981635093688965}
[Validation] per_target_lag_mae_json={"us_Trade Weighted Dollar Index": 0.4517225921154022, "jp_fx": 1.0732547044754028, "kr_fx": 6.080022811889648}
[Validation] per_target_dir_mismatch_json={"us_Trade Weighted Dollar Index": 0.6363636363636364, "jp_fx": 0.7272727272727273, "kr_fx": 0.6363636363636364}
| end of epoch  34 | time:  4.16s | train_loss 0.0217 | valid rse 8.0419 | valid rae 10.5364 | valid corr  -0.0792 | valid smape  0.3751 | focus_rrse 8.9195 | obj 8.9195
Experiment: 1
Iter: 0
epoch: 35
hp= [1, 0.00015, 32, 128, 256, 1024, 30, 0.02, 2, 40, 0.6, 0.1, 3, 35]
best sum= 18.65752771086691
best rrse= 8.041856781866404
best rrae= 10.536435926602014
best corr= -0.079235
best smape= 0.37509151462786544
best objective= 8.91952896118164
best hps= [1, 0.00015, 32, 128, 256, 1024, 30, 0.02, 2, 40, 0.6, 0.1, 3, 1]
best test rse= 6.35758558362704
best test corr= 0.117104515
[Target-Weighted Loss] weights applied: {'us_Trade Weighted Dollar Index': 105.0, 'kr_fx': 105.0, 'jp_fx': 105.0}
[Target-Only Loss] enabled for columns: ['us_Trade Weighted Dollar Index', 'jp_fx', 'kr_fx']
[Bias Penalty] enabled lambda=0.65 scope=focus cols=['us_Trade Weighted Dollar Index', 'jp_fx', 'kr_fx']
iter:  0 | loss: 0.016
iter:  1 | loss: 0.013
iter:  2 | loss: 0.064
iter:  3 | loss: 0.063
iter:  4 | loss: 0.005
iter:  5 | loss: 0.025
iter:  6 | loss: 0.010
iter:  7 | loss: 0.007
iter:  8 | loss: 0.015
iter:  9 | loss: 0.016
iter: 10 | loss: 0.026
iter: 11 | loss: 0.015
iter: 12 | loss: 0.034
iter: 13 | loss: 0.025
iter: 14 | loss: 0.021
iter: 15 | loss: 0.051
iter: 16 | loss: 0.029
iter: 17 | loss: 0.011
iter: 18 | loss: 0.011
iter: 19 | loss: 0.016
iter: 20 | loss: 0.018
iter: 21 | loss: 0.010
iter: 22 | loss: 0.021
iter: 23 | loss: 0.014
iter: 24 | loss: 0.009
iter: 25 | loss: 0.018
iter: 26 | loss: 0.013
testing r= 5
rrse(target)=280.4673833532163 / 34.87594854780834 | rrse(all)=129199369237894.86 / 34622966134154.824 | report_mode=targets
[Validation] per_target_rrse_json={"us_Trade Weighted Dollar Index": 2.719236373901367, "jp_fx": 16.3411865234375, "kr_fx": 7.6981635093688965}
[Validation] per_target_lag_mae_json={"us_Trade Weighted Dollar Index": 0.4517225921154022, "jp_fx": 1.0732547044754028, "kr_fx": 6.080022811889648}
[Validation] per_target_dir_mismatch_json={"us_Trade Weighted Dollar Index": 0.6363636363636364, "jp_fx": 0.7272727272727273, "kr_fx": 0.6363636363636364}
| end of epoch  35 | time:  4.53s | train_loss 0.0215 | valid rse 8.0419 | valid rae 10.5364 | valid corr  -0.0792 | valid smape  0.3751 | focus_rrse 8.9195 | obj 8.9195
Experiment: 1
Iter: 0
epoch: 36
hp= [1, 0.00015, 32, 128, 256, 1024, 30, 0.02, 2, 40, 0.6, 0.1, 3, 36]
best sum= 18.65752771086691
best rrse= 8.041856781866404
best rrae= 10.536435926602014
best corr= -0.079235
best smape= 0.37509151462786544
best objective= 8.91952896118164
best hps= [1, 0.00015, 32, 128, 256, 1024, 30, 0.02, 2, 40, 0.6, 0.1, 3, 1]
best test rse= 6.35758558362704
best test corr= 0.117104515
[Target-Weighted Loss] weights applied: {'us_Trade Weighted Dollar Index': 105.0, 'kr_fx': 105.0, 'jp_fx': 105.0}
[Target-Only Loss] enabled for columns: ['us_Trade Weighted Dollar Index', 'jp_fx', 'kr_fx']
[Bias Penalty] enabled lambda=0.65 scope=focus cols=['us_Trade Weighted Dollar Index', 'jp_fx', 'kr_fx']
iter:  0 | loss: 0.005
iter:  1 | loss: 0.024
iter:  2 | loss: 0.033
iter:  3 | loss: 0.023
iter:  4 | loss: 0.014
iter:  5 | loss: 0.022
iter:  6 | loss: 0.023
iter:  7 | loss: 0.011
iter:  8 | loss: 0.061
iter:  9 | loss: 0.007
iter: 10 | loss: 0.042
iter: 11 | loss: 0.039
iter: 12 | loss: 0.051
iter: 13 | loss: 0.004
iter: 14 | loss: 0.024
iter: 15 | loss: 0.017
iter: 16 | loss: 0.020
iter: 17 | loss: 0.026
iter: 18 | loss: 0.020
iter: 19 | loss: 0.007
iter: 20 | loss: 0.028
iter: 21 | loss: 0.006
iter: 22 | loss: 0.017
iter: 23 | loss: 0.042
iter: 24 | loss: 0.011
iter: 25 | loss: 0.010
iter: 26 | loss: 0.007
testing r= 5
rrse(target)=280.4673833532163 / 34.87594854780834 | rrse(all)=129199369237894.86 / 34622966134154.824 | report_mode=targets
[Validation] per_target_rrse_json={"us_Trade Weighted Dollar Index": 2.719236373901367, "jp_fx": 16.3411865234375, "kr_fx": 7.6981635093688965}
[Validation] per_target_lag_mae_json={"us_Trade Weighted Dollar Index": 0.4517225921154022, "jp_fx": 1.0732547044754028, "kr_fx": 6.080022811889648}
[Validation] per_target_dir_mismatch_json={"us_Trade Weighted Dollar Index": 0.6363636363636364, "jp_fx": 0.7272727272727273, "kr_fx": 0.6363636363636364}
| end of epoch  36 | time:  4.39s | train_loss 0.0222 | valid rse 8.0419 | valid rae 10.5364 | valid corr  -0.0792 | valid smape  0.3751 | focus_rrse 8.9195 | obj 8.9195
Experiment: 1
Iter: 0
epoch: 37
hp= [1, 0.00015, 32, 128, 256, 1024, 30, 0.02, 2, 40, 0.6, 0.1, 3, 37]
best sum= 18.65752771086691
best rrse= 8.041856781866404
best rrae= 10.536435926602014
best corr= -0.079235
best smape= 0.37509151462786544
best objective= 8.91952896118164
best hps= [1, 0.00015, 32, 128, 256, 1024, 30, 0.02, 2, 40, 0.6, 0.1, 3, 1]
best test rse= 6.35758558362704
best test corr= 0.117104515
[Target-Weighted Loss] weights applied: {'us_Trade Weighted Dollar Index': 105.0, 'kr_fx': 105.0, 'jp_fx': 105.0}
[Target-Only Loss] enabled for columns: ['us_Trade Weighted Dollar Index', 'jp_fx', 'kr_fx']
[Bias Penalty] enabled lambda=0.65 scope=focus cols=['us_Trade Weighted Dollar Index', 'jp_fx', 'kr_fx']
iter:  0 | loss: 0.016
iter:  1 | loss: 0.029
iter:  2 | loss: 0.016
iter:  3 | loss: 0.034
iter:  4 | loss: 0.012
iter:  5 | loss: 0.029
iter:  6 | loss: 0.003
iter:  7 | loss: 0.029
iter:  8 | loss: 0.035
iter:  9 | loss: 0.018
iter: 10 | loss: 0.011
iter: 11 | loss: 0.013
iter: 12 | loss: 0.054
iter: 13 | loss: 0.012
iter: 14 | loss: 0.024
iter: 15 | loss: 0.006
iter: 16 | loss: 0.007
iter: 17 | loss: 0.024
iter: 18 | loss: 0.011
iter: 19 | loss: 0.024
iter: 20 | loss: 0.020
iter: 21 | loss: 0.051
iter: 22 | loss: 0.029
iter: 23 | loss: 0.037
iter: 24 | loss: 0.015
iter: 25 | loss: 0.012
iter: 26 | loss: 0.031
testing r= 5
rrse(target)=280.4673833532163 / 34.87594854780834 | rrse(all)=129199369237894.86 / 34622966134154.824 | report_mode=targets
[Validation] per_target_rrse_json={"us_Trade Weighted Dollar Index": 2.719236373901367, "jp_fx": 16.3411865234375, "kr_fx": 7.6981635093688965}
[Validation] per_target_lag_mae_json={"us_Trade Weighted Dollar Index": 0.4517225921154022, "jp_fx": 1.0732547044754028, "kr_fx": 6.080022811889648}
[Validation] per_target_dir_mismatch_json={"us_Trade Weighted Dollar Index": 0.6363636363636364, "jp_fx": 0.7272727272727273, "kr_fx": 0.6363636363636364}
| end of epoch  37 | time:  4.45s | train_loss 0.0222 | valid rse 8.0419 | valid rae 10.5364 | valid corr  -0.0792 | valid smape  0.3751 | focus_rrse 8.9195 | obj 8.9195
Experiment: 1
Iter: 0
epoch: 38
hp= [1, 0.00015, 32, 128, 256, 1024, 30, 0.02, 2, 40, 0.6, 0.1, 3, 38]
best sum= 18.65752771086691
best rrse= 8.041856781866404
best rrae= 10.536435926602014
best corr= -0.079235
best smape= 0.37509151462786544
best objective= 8.91952896118164
best hps= [1, 0.00015, 32, 128, 256, 1024, 30, 0.02, 2, 40, 0.6, 0.1, 3, 1]
best test rse= 6.35758558362704
best test corr= 0.117104515
[Target-Weighted Loss] weights applied: {'us_Trade Weighted Dollar Index': 105.0, 'kr_fx': 105.0, 'jp_fx': 105.0}
[Target-Only Loss] enabled for columns: ['us_Trade Weighted Dollar Index', 'jp_fx', 'kr_fx']
[Bias Penalty] enabled lambda=0.65 scope=focus cols=['us_Trade Weighted Dollar Index', 'jp_fx', 'kr_fx']
iter:  0 | loss: 0.009
iter:  1 | loss: 0.016
iter:  2 | loss: 0.044
iter:  3 | loss: 0.016
iter:  4 | loss: 0.015
iter:  5 | loss: 0.011
iter:  6 | loss: 0.012
iter:  7 | loss: 0.067
iter:  8 | loss: 0.031
iter:  9 | loss: 0.025
iter: 10 | loss: 0.009
iter: 11 | loss: 0.004
iter: 12 | loss: 0.010
iter: 13 | loss: 0.003
iter: 14 | loss: 0.016
iter: 15 | loss: 0.021
iter: 16 | loss: 0.046
iter: 17 | loss: 0.034
iter: 18 | loss: 0.005
iter: 19 | loss: 0.065
iter: 20 | loss: 0.035
iter: 21 | loss: 0.036
iter: 22 | loss: 0.015
iter: 23 | loss: 0.018
iter: 24 | loss: 0.014
iter: 25 | loss: 0.010
iter: 26 | loss: 0.033
testing r= 5
rrse(target)=280.4673833532163 / 34.87594854780834 | rrse(all)=129199369237894.86 / 34622966134154.824 | report_mode=targets
[Validation] per_target_rrse_json={"us_Trade Weighted Dollar Index": 2.719236373901367, "jp_fx": 16.3411865234375, "kr_fx": 7.6981635093688965}
[Validation] per_target_lag_mae_json={"us_Trade Weighted Dollar Index": 0.4517225921154022, "jp_fx": 1.0732547044754028, "kr_fx": 6.080022811889648}
[Validation] per_target_dir_mismatch_json={"us_Trade Weighted Dollar Index": 0.6363636363636364, "jp_fx": 0.7272727272727273, "kr_fx": 0.6363636363636364}
| end of epoch  38 | time:  4.43s | train_loss 0.0229 | valid rse 8.0419 | valid rae 10.5364 | valid corr  -0.0792 | valid smape  0.3751 | focus_rrse 8.9195 | obj 8.9195
Experiment: 1
Iter: 0
epoch: 39
hp= [1, 0.00015, 32, 128, 256, 1024, 30, 0.02, 2, 40, 0.6, 0.1, 3, 39]
best sum= 18.65752771086691
best rrse= 8.041856781866404
best rrae= 10.536435926602014
best corr= -0.079235
best smape= 0.37509151462786544
best objective= 8.91952896118164
best hps= [1, 0.00015, 32, 128, 256, 1024, 30, 0.02, 2, 40, 0.6, 0.1, 3, 1]
best test rse= 6.35758558362704
best test corr= 0.117104515
[Target-Weighted Loss] weights applied: {'us_Trade Weighted Dollar Index': 105.0, 'kr_fx': 105.0, 'jp_fx': 105.0}
[Target-Only Loss] enabled for columns: ['us_Trade Weighted Dollar Index', 'jp_fx', 'kr_fx']
[Bias Penalty] enabled lambda=0.65 scope=focus cols=['us_Trade Weighted Dollar Index', 'jp_fx', 'kr_fx']
iter:  0 | loss: 0.048
iter:  1 | loss: 0.007
iter:  2 | loss: 0.011
iter:  3 | loss: 0.003
iter:  4 | loss: 0.035
iter:  5 | loss: 0.036
iter:  6 | loss: 0.005
iter:  7 | loss: 0.004
iter:  8 | loss: 0.018
iter:  9 | loss: 0.006
iter: 10 | loss: 0.041
iter: 11 | loss: 0.006
iter: 12 | loss: 0.067
iter: 13 | loss: 0.028
iter: 14 | loss: 0.020
iter: 15 | loss: 0.024
iter: 16 | loss: 0.009
iter: 17 | loss: 0.018
iter: 18 | loss: 0.005
iter: 19 | loss: 0.055
iter: 20 | loss: 0.022
iter: 21 | loss: 0.032
iter: 22 | loss: 0.019
iter: 23 | loss: 0.019
iter: 24 | loss: 0.020
iter: 25 | loss: 0.044
iter: 26 | loss: 0.008
testing r= 5
rrse(target)=280.4673833532163 / 34.87594854780834 | rrse(all)=129199369237894.86 / 34622966134154.824 | report_mode=targets
[Validation] per_target_rrse_json={"us_Trade Weighted Dollar Index": 2.719236373901367, "jp_fx": 16.3411865234375, "kr_fx": 7.6981635093688965}
[Validation] per_target_lag_mae_json={"us_Trade Weighted Dollar Index": 0.4517225921154022, "jp_fx": 1.0732547044754028, "kr_fx": 6.080022811889648}
[Validation] per_target_dir_mismatch_json={"us_Trade Weighted Dollar Index": 0.6363636363636364, "jp_fx": 0.7272727272727273, "kr_fx": 0.6363636363636364}
| end of epoch  39 | time:  4.67s | train_loss 0.0228 | valid rse 8.0419 | valid rae 10.5364 | valid corr  -0.0792 | valid smape  0.3751 | focus_rrse 8.9195 | obj 8.9195
Experiment: 1
Iter: 0
epoch: 40
hp= [1, 0.00015, 32, 128, 256, 1024, 30, 0.02, 2, 40, 0.6, 0.1, 3, 40]
best sum= 18.65752771086691
best rrse= 8.041856781866404
best rrae= 10.536435926602014
best corr= -0.079235
best smape= 0.37509151462786544
best objective= 8.91952896118164
best hps= [1, 0.00015, 32, 128, 256, 1024, 30, 0.02, 2, 40, 0.6, 0.1, 3, 1]
best test rse= 6.35758558362704
best test corr= 0.117104515
[Target-Weighted Loss] weights applied: {'us_Trade Weighted Dollar Index': 105.0, 'kr_fx': 105.0, 'jp_fx': 105.0}
[Target-Only Loss] enabled for columns: ['us_Trade Weighted Dollar Index', 'jp_fx', 'kr_fx']
[Bias Penalty] enabled lambda=0.65 scope=focus cols=['us_Trade Weighted Dollar Index', 'jp_fx', 'kr_fx']
iter:  0 | loss: 0.013
iter:  1 | loss: 0.015
iter:  2 | loss: 0.004
iter:  3 | loss: 0.018
iter:  4 | loss: 0.007
iter:  5 | loss: 0.054
iter:  6 | loss: 0.011
iter:  7 | loss: 0.032
iter:  8 | loss: 0.019
iter:  9 | loss: 0.009
iter: 10 | loss: 0.047
iter: 11 | loss: 0.010
iter: 12 | loss: 0.004
iter: 13 | loss: 0.012
iter: 14 | loss: 0.027
iter: 15 | loss: 0.050
iter: 16 | loss: 0.073
iter: 17 | loss: 0.006
iter: 18 | loss: 0.012
iter: 19 | loss: 0.066
iter: 20 | loss: 0.046
iter: 21 | loss: 0.025
iter: 22 | loss: 0.006
iter: 23 | loss: 0.013
iter: 24 | loss: 0.016
iter: 25 | loss: 0.008
iter: 26 | loss: 0.006
testing r= 5
rrse(target)=280.4673833532163 / 34.87594854780834 | rrse(all)=129199369237894.86 / 34622966134154.824 | report_mode=targets
[Validation] per_target_rrse_json={"us_Trade Weighted Dollar Index": 2.719236373901367, "jp_fx": 16.3411865234375, "kr_fx": 7.6981635093688965}
[Validation] per_target_lag_mae_json={"us_Trade Weighted Dollar Index": 0.4517225921154022, "jp_fx": 1.0732547044754028, "kr_fx": 6.080022811889648}
[Validation] per_target_dir_mismatch_json={"us_Trade Weighted Dollar Index": 0.6363636363636364, "jp_fx": 0.7272727272727273, "kr_fx": 0.6363636363636364}
| end of epoch  40 | time:  4.49s | train_loss 0.0227 | valid rse 8.0419 | valid rae 10.5364 | valid corr  -0.0792 | valid smape  0.3751 | focus_rrse 8.9195 | obj 8.9195
best val loss= 18.65752771086691
best hps= [1, 0.00015, 32, 128, 256, 1024, 30, 0.02, 2, 40, 0.6, 0.1, 3, 1]
testing r= 5
rrse(target)=280.4673833532163 / 34.87594854780834 | rrse(all)=129199369237894.86 / 34622966134154.824 | report_mode=targets
[Validation] per_target_rrse_json={"us_Trade Weighted Dollar Index": 2.719236373901367, "jp_fx": 16.3411865234375, "kr_fx": 7.6981635093688965}
[Validation] per_target_lag_mae_json={"us_Trade Weighted Dollar Index": 0.4517225921154022, "jp_fx": 1.0732547044754028, "kr_fx": 6.080022811889648}
[Validation] per_target_dir_mismatch_json={"us_Trade Weighted Dollar Index": 0.6363636363636364, "jp_fx": 0.7272727272727273, "kr_fx": 0.6363636363636364}
[debias] mode=val_mean_error apply_to=focus offset={'us_Trade Weighted Dollar Index': -1.7033659219741821, 'jp_fx': -27.07440757751465, 'kr_fx': -74.04837799072266}
testing r= 5
rrse(target)=63.50512866838 / 34.87594854780834 | rrse(all)=129199369237894.86 / 34622966134154.824 | report_mode=targets
[Validation] per_target_rrse_json={"us_Trade Weighted Dollar Index": 1.4630159139633179, "jp_fx": 1.752264142036438, "kr_fx": 1.8246076107025146}
[Validation] per_target_lag_mae_json={"us_Trade Weighted Dollar Index": 0.4517225921154022, "jp_fx": 1.0732532739639282, "kr_fx": 6.080022811889648}
[Validation] per_target_dir_mismatch_json={"us_Trade Weighted Dollar Index": 0.6363636363636364, "jp_fx": 0.7272727272727273, "kr_fx": 0.6363636363636364}
testing r= 5
rrse(target)=304.2316525897659 / 87.05327089004898 | rrse(all)=84137602072619.2 / 13118448721317.795 | report_mode=targets
[Testing] per_target_rrse_json={"us_Trade Weighted Dollar Index": 4.6716766357421875, "jp_fx": 5.044216156005859, "kr_fx": 3.4707236289978027}
[Testing] per_target_lag_mae_json={"us_Trade Weighted Dollar Index": 0.6756904125213623, "jp_fx": 0.9473710656166077, "kr_fx": 8.490955352783203}
[Testing] per_target_dir_mismatch_json={"us_Trade Weighted Dollar Index": 0.8181818181818182, "jp_fx": 0.45454545454545453, "kr_fx": 0.36363636363636365}
********************************************************************************************************
final test rse 3.4948 | test rae 4.2973 | test corr 0.1171 | test smape 0.3254
********************************************************************************************************



1 run average



valid	rse	rae
mean	1.8209	1.9030
std	0.0000	0.0000



test	rse	rae
mean	3.4948	4.2973
std	0.0000	0.0000
