CUDA not available, using CPU
[split_guard] {'n': 180, 'cutoff_idx': 168, 'cutoff_label': '25.Jan', 'valid_start_idx': 156, 'valid_end_idx': 168, 'valid_months': 12}
Loading data from /Users/samrobert/Documents/GitHub/Exchangeprediction/Cyber-trend-forecasting-main 3/B-MTGNN/data/sm_data.csv...
Data loaded and converted to numeric successfully.
Graph loaded with 1 attacks...
33 columns loaded
Adjacency created...
train X: torch.Size([95, 60, 33])
train Y: torch.Size([95, 1, 33])
valid X: torch.Size([11, 60, 33])
valid Y: torch.Size([11, 1, 33])
test X: torch.Size([11, 60, 33])
test Y: torch.Size([11, 1, 33])
test window: torch.Size([72, 33])
length of training set= 95
length of validation set= 11
length of testing set= 11
valid= 168
Auto-detected num_nodes: 33
Namespace(data='/Users/samrobert/Documents/GitHub/Exchangeprediction/Cyber-trend-forecasting-main 3/B-MTGNN/data/sm_data.csv', log_interval=2000, save='/Users/samrobert/Documents/GitHub/Exchangeprediction/Cyber-trend-forecasting-main 3/B-MTGNN/tuning_runs/20260220_181241/checkpoints/model_003.pt', optim='adam', L1Loss=True, loss_mode='mse', normalize=2, device='cuda:1', gcn_true=False, buildA_true=False, use_graph=0, gcn_depth=1, num_nodes=33, dropout=0.0, subgraph_size=20, node_dim=50, dilation_exponential=2, conv_channels=32, residual_channels=128, skip_channels=256, end_channels=1024, in_dim=1, seq_in_len=60, seq_out_len=1, horizon=1, layers=3, batch_size=4, lr=0.0001, weight_decay=1e-05, clip=10, propalpha=0.6, tanhalpha=0.1, epochs=40, num_split=1, step_size=100, ss_prob=0.05, train_ratio=0.8666666667, valid_ratio=0.0666666667, focus_targets=1, focus_nodes='us_Trade Weighted Dollar Index,jp_fx,kr_fx', focus_weight=1.0, focus_target_gain=120.0, focus_only_loss=1, anchor_focus_to_last=0.05, rse_targets='Us_Trade Weighted Dollar Index_Testing.txt,Jp_fx_Testing.txt,Kr_fx_Testing.txt', rse_report_mode='targets', debias_mode='val_mean_error', debias_apply_to='focus', bias_penalty=0.7, bias_penalty_scope='focus', plot_focus_only=0, debug_eval=0, rollout_mode='recursive', enforce_cutoff_split=1, cutoff_year_yy=25, min_valid_months=12, confidence_level=0.95, confidence_scale=3.0, confidence_mode='predictive', seed=777, plot=0, clean_cache=0, autotune_mode=1, apply_best_tuning=0, eval_best_tuning=0, target_profile='none', best_tuning_checkpoint='')
The recpetive field size is 43
Number of model parameters is 1936657
begin training
Experiment: 1
Iter: 0
epoch: 1
hp= [1, 0.0001, 32, 128, 256, 1024, 20, 0.0, 2, 50, 0.6, 0.1, 3, 1]
best sum= 10000000
best rrse= 10000000
best rrae= 10000000
best corr= -10000000
best smape= 10000000
best objective= 10000000
best hps= []
best test rse= 10000000
best test corr= -10000000
[Target-Weighted Loss] weights applied: {'us_Trade Weighted Dollar Index': 120.0, 'kr_fx': 120.0, 'jp_fx': 120.0}
[Target-Only Loss] enabled for columns: ['us_Trade Weighted Dollar Index', 'jp_fx', 'kr_fx']
[Bias Penalty] enabled lambda=0.7 scope=focus cols=['us_Trade Weighted Dollar Index', 'jp_fx', 'kr_fx']
iter:  0 | loss: 0.009
iter:  1 | loss: 0.051
iter:  2 | loss: 0.009
iter:  3 | loss: 0.011
iter:  4 | loss: 0.014
iter:  5 | loss: 0.061
iter:  6 | loss: 0.014
iter:  7 | loss: 0.019
iter:  8 | loss: 0.005
iter:  9 | loss: 0.004
iter: 10 | loss: 0.021
iter: 11 | loss: 0.009
iter: 12 | loss: 0.017
iter: 13 | loss: 0.006
iter: 14 | loss: 0.018
iter: 15 | loss: 0.016
iter: 16 | loss: 0.016
iter: 17 | loss: 0.024
iter: 18 | loss: 0.017
iter: 19 | loss: 0.006
iter: 20 | loss: 0.025
iter: 21 | loss: 0.024
iter: 22 | loss: 0.008
iter: 23 | loss: 0.048
testing r= 5
rrse(target)=263.6865444993354 / 34.87594854780834 | rrse(all)=102839293895400.4 / 34622966134154.824 | report_mode=targets
[Validation] per_target_rrse_json={"us_Trade Weighted Dollar Index": 2.080956220626831, "jp_fx": 16.477741241455078, "kr_fx": 7.168666839599609}
[Validation] per_target_lag_mae_json={"us_Trade Weighted Dollar Index": 0.30606910586357117, "jp_fx": 0.8781183362007141, "kr_fx": 4.290971279144287}
[Validation] per_target_dir_mismatch_json={"us_Trade Weighted Dollar Index": 0.09090909090909091, "jp_fx": 0.6363636363636364, "kr_fx": 0.18181818181818182}
| end of epoch   1 | time:  6.75s | train_loss 0.0185 | valid rse 7.5607 | valid rae 10.1938 | valid corr  0.2956 | valid smape  0.3391 | focus_rrse 8.5758 | obj 8.5758
testing r= 5
rrse(target)=508.76927174800954 / 87.05327089004898 | rrse(all)=81355052393702.98 / 13118448721317.795 | report_mode=targets
[Testing] per_target_rrse_json={"us_Trade Weighted Dollar Index": 4.953009128570557, "jp_fx": 5.762665271759033, "kr_fx": 5.846757888793945}
[Testing] per_target_lag_mae_json={"us_Trade Weighted Dollar Index": 0.5689502954483032, "jp_fx": 0.9539240002632141, "kr_fx": 7.9033427238464355}
[Testing] per_target_dir_mismatch_json={"us_Trade Weighted Dollar Index": 0.5454545454545454, "jp_fx": 0.6363636363636364, "kr_fx": 0.6363636363636364}
********************************************************************************************************
test rse 5.8443 | test rae 6.9748 | test corr 0.1199| test smape 0.3048 | test focus_rrse 5.5208
********************************************************************************************************
Experiment: 1
Iter: 0
epoch: 2
hp= [1, 0.0001, 32, 128, 256, 1024, 20, 0.0, 2, 50, 0.6, 0.1, 3, 2]
best sum= 17.458903194505602
best rrse= 7.56069886207886
best rrae= 10.19379246814604
best corr= 0.29558814
best smape= 0.3390709239385665
best objective= 8.575787544250488
best hps= [1, 0.0001, 32, 128, 256, 1024, 20, 0.0, 2, 50, 0.6, 0.1, 3, 1]
best test rse= 5.844344118793665
best test corr= 0.119861595
[Target-Weighted Loss] weights applied: {'us_Trade Weighted Dollar Index': 120.0, 'kr_fx': 120.0, 'jp_fx': 120.0}
[Target-Only Loss] enabled for columns: ['us_Trade Weighted Dollar Index', 'jp_fx', 'kr_fx']
[Bias Penalty] enabled lambda=0.7 scope=focus cols=['us_Trade Weighted Dollar Index', 'jp_fx', 'kr_fx']
iter:  0 | loss: 0.005
iter:  1 | loss: 0.005
iter:  2 | loss: 0.007
iter:  3 | loss: 0.012
iter:  4 | loss: 0.025
iter:  5 | loss: 0.010
iter:  6 | loss: 0.013
iter:  7 | loss: 0.016
iter:  8 | loss: 0.006
iter:  9 | loss: 0.019
iter: 10 | loss: 0.015
iter: 11 | loss: 0.008
iter: 12 | loss: 0.008
iter: 13 | loss: 0.014
iter: 14 | loss: 0.029
iter: 15 | loss: 0.063
iter: 16 | loss: 0.059
iter: 17 | loss: 0.018
iter: 18 | loss: 0.010
iter: 19 | loss: 0.004
iter: 20 | loss: 0.018
iter: 21 | loss: 0.006
iter: 22 | loss: 0.016
iter: 23 | loss: 0.077
testing r= 5
rrse(target)=263.6865444993354 / 34.87594854780834 | rrse(all)=102839293895400.4 / 34622966134154.824 | report_mode=targets
[Validation] per_target_rrse_json={"us_Trade Weighted Dollar Index": 2.080956220626831, "jp_fx": 16.477741241455078, "kr_fx": 7.168666839599609}
[Validation] per_target_lag_mae_json={"us_Trade Weighted Dollar Index": 0.30606910586357117, "jp_fx": 0.8781183362007141, "kr_fx": 4.290971279144287}
[Validation] per_target_dir_mismatch_json={"us_Trade Weighted Dollar Index": 0.09090909090909091, "jp_fx": 0.6363636363636364, "kr_fx": 0.18181818181818182}
| end of epoch   2 | time:  6.84s | train_loss 0.0187 | valid rse 7.5607 | valid rae 10.1938 | valid corr  0.2956 | valid smape  0.3391 | focus_rrse 8.5758 | obj 8.5758
Experiment: 1
Iter: 0
epoch: 3
hp= [1, 0.0001, 32, 128, 256, 1024, 20, 0.0, 2, 50, 0.6, 0.1, 3, 3]
best sum= 17.458903194505602
best rrse= 7.56069886207886
best rrae= 10.19379246814604
best corr= 0.29558814
best smape= 0.3390709239385665
best objective= 8.575787544250488
best hps= [1, 0.0001, 32, 128, 256, 1024, 20, 0.0, 2, 50, 0.6, 0.1, 3, 1]
best test rse= 5.844344118793665
best test corr= 0.119861595
[Target-Weighted Loss] weights applied: {'us_Trade Weighted Dollar Index': 120.0, 'kr_fx': 120.0, 'jp_fx': 120.0}
[Target-Only Loss] enabled for columns: ['us_Trade Weighted Dollar Index', 'jp_fx', 'kr_fx']
[Bias Penalty] enabled lambda=0.7 scope=focus cols=['us_Trade Weighted Dollar Index', 'jp_fx', 'kr_fx']
iter:  0 | loss: 0.011
iter:  1 | loss: 0.014
iter:  2 | loss: 0.007
iter:  3 | loss: 0.005
iter:  4 | loss: 0.004
iter:  5 | loss: 0.015
iter:  6 | loss: 0.013
iter:  7 | loss: 0.023
iter:  8 | loss: 0.006
iter:  9 | loss: 0.023
iter: 10 | loss: 0.025
iter: 11 | loss: 0.017
iter: 12 | loss: 0.030
iter: 13 | loss: 0.010
iter: 14 | loss: 0.018
iter: 15 | loss: 0.023
iter: 16 | loss: 0.009
iter: 17 | loss: 0.045
iter: 18 | loss: 0.031
iter: 19 | loss: 0.031
iter: 20 | loss: 0.019
iter: 21 | loss: 0.013
iter: 22 | loss: 0.013
iter: 23 | loss: 0.005
testing r= 5
rrse(target)=263.6865444993354 / 34.87594854780834 | rrse(all)=102839293895400.4 / 34622966134154.824 | report_mode=targets
[Validation] per_target_rrse_json={"us_Trade Weighted Dollar Index": 2.080956220626831, "jp_fx": 16.477741241455078, "kr_fx": 7.168666839599609}
[Validation] per_target_lag_mae_json={"us_Trade Weighted Dollar Index": 0.30606910586357117, "jp_fx": 0.8781183362007141, "kr_fx": 4.290971279144287}
[Validation] per_target_dir_mismatch_json={"us_Trade Weighted Dollar Index": 0.09090909090909091, "jp_fx": 0.6363636363636364, "kr_fx": 0.18181818181818182}
| end of epoch   3 | time:  5.52s | train_loss 0.0173 | valid rse 7.5607 | valid rae 10.1938 | valid corr  0.2956 | valid smape  0.3391 | focus_rrse 8.5758 | obj 8.5758
Experiment: 1
Iter: 0
epoch: 4
hp= [1, 0.0001, 32, 128, 256, 1024, 20, 0.0, 2, 50, 0.6, 0.1, 3, 4]
best sum= 17.458903194505602
best rrse= 7.56069886207886
best rrae= 10.19379246814604
best corr= 0.29558814
best smape= 0.3390709239385665
best objective= 8.575787544250488
best hps= [1, 0.0001, 32, 128, 256, 1024, 20, 0.0, 2, 50, 0.6, 0.1, 3, 1]
best test rse= 5.844344118793665
best test corr= 0.119861595
[Target-Weighted Loss] weights applied: {'us_Trade Weighted Dollar Index': 120.0, 'kr_fx': 120.0, 'jp_fx': 120.0}
[Target-Only Loss] enabled for columns: ['us_Trade Weighted Dollar Index', 'jp_fx', 'kr_fx']
[Bias Penalty] enabled lambda=0.7 scope=focus cols=['us_Trade Weighted Dollar Index', 'jp_fx', 'kr_fx']
iter:  0 | loss: 0.041
iter:  1 | loss: 0.004
iter:  2 | loss: 0.015
iter:  3 | loss: 0.007
iter:  4 | loss: 0.004
iter:  5 | loss: 0.022
iter:  6 | loss: 0.007
iter:  7 | loss: 0.037
iter:  8 | loss: 0.017
iter:  9 | loss: 0.017
iter: 10 | loss: 0.011
iter: 11 | loss: 0.020
iter: 12 | loss: 0.005
iter: 13 | loss: 0.032
iter: 14 | loss: 0.015
iter: 15 | loss: 0.019
iter: 16 | loss: 0.017
iter: 17 | loss: 0.007
iter: 18 | loss: 0.005
iter: 19 | loss: 0.042
iter: 20 | loss: 0.028
iter: 21 | loss: 0.042
iter: 22 | loss: 0.007
iter: 23 | loss: 0.012
testing r= 5
rrse(target)=263.6865444993354 / 34.87594854780834 | rrse(all)=102839293895400.4 / 34622966134154.824 | report_mode=targets
[Validation] per_target_rrse_json={"us_Trade Weighted Dollar Index": 2.080956220626831, "jp_fx": 16.477741241455078, "kr_fx": 7.168666839599609}
[Validation] per_target_lag_mae_json={"us_Trade Weighted Dollar Index": 0.30606910586357117, "jp_fx": 0.8781183362007141, "kr_fx": 4.290971279144287}
[Validation] per_target_dir_mismatch_json={"us_Trade Weighted Dollar Index": 0.09090909090909091, "jp_fx": 0.6363636363636364, "kr_fx": 0.18181818181818182}
| end of epoch   4 | time:  6.14s | train_loss 0.0181 | valid rse 7.5607 | valid rae 10.1938 | valid corr  0.2956 | valid smape  0.3391 | focus_rrse 8.5758 | obj 8.5758
Experiment: 1
Iter: 0
epoch: 5
hp= [1, 0.0001, 32, 128, 256, 1024, 20, 0.0, 2, 50, 0.6, 0.1, 3, 5]
best sum= 17.458903194505602
best rrse= 7.56069886207886
best rrae= 10.19379246814604
best corr= 0.29558814
best smape= 0.3390709239385665
best objective= 8.575787544250488
best hps= [1, 0.0001, 32, 128, 256, 1024, 20, 0.0, 2, 50, 0.6, 0.1, 3, 1]
best test rse= 5.844344118793665
best test corr= 0.119861595
[Target-Weighted Loss] weights applied: {'us_Trade Weighted Dollar Index': 120.0, 'kr_fx': 120.0, 'jp_fx': 120.0}
[Target-Only Loss] enabled for columns: ['us_Trade Weighted Dollar Index', 'jp_fx', 'kr_fx']
[Bias Penalty] enabled lambda=0.7 scope=focus cols=['us_Trade Weighted Dollar Index', 'jp_fx', 'kr_fx']
iter:  0 | loss: 0.021
iter:  1 | loss: 0.011
iter:  2 | loss: 0.015
iter:  3 | loss: 0.016
iter:  4 | loss: 0.019
iter:  5 | loss: 0.012
iter:  6 | loss: 0.007
iter:  7 | loss: 0.014
iter:  8 | loss: 0.031
iter:  9 | loss: 0.012
iter: 10 | loss: 0.007
iter: 11 | loss: 0.010
iter: 12 | loss: 0.022
iter: 13 | loss: 0.005
iter: 14 | loss: 0.006
iter: 15 | loss: 0.012
iter: 16 | loss: 0.011
iter: 17 | loss: 0.028
iter: 18 | loss: 0.025
iter: 19 | loss: 0.056
iter: 20 | loss: 0.020
iter: 21 | loss: 0.026
iter: 22 | loss: 0.017
iter: 23 | loss: 0.020
testing r= 5
rrse(target)=263.6865444993354 / 34.87594854780834 | rrse(all)=102839293895400.4 / 34622966134154.824 | report_mode=targets
[Validation] per_target_rrse_json={"us_Trade Weighted Dollar Index": 2.080956220626831, "jp_fx": 16.477741241455078, "kr_fx": 7.168666839599609}
[Validation] per_target_lag_mae_json={"us_Trade Weighted Dollar Index": 0.30606910586357117, "jp_fx": 0.8781183362007141, "kr_fx": 4.290971279144287}
[Validation] per_target_dir_mismatch_json={"us_Trade Weighted Dollar Index": 0.09090909090909091, "jp_fx": 0.6363636363636364, "kr_fx": 0.18181818181818182}
| end of epoch   5 | time:  6.73s | train_loss 0.0177 | valid rse 7.5607 | valid rae 10.1938 | valid corr  0.2956 | valid smape  0.3391 | focus_rrse 8.5758 | obj 8.5758
Experiment: 1
Iter: 0
epoch: 6
hp= [1, 0.0001, 32, 128, 256, 1024, 20, 0.0, 2, 50, 0.6, 0.1, 3, 6]
best sum= 17.458903194505602
best rrse= 7.56069886207886
best rrae= 10.19379246814604
best corr= 0.29558814
best smape= 0.3390709239385665
best objective= 8.575787544250488
best hps= [1, 0.0001, 32, 128, 256, 1024, 20, 0.0, 2, 50, 0.6, 0.1, 3, 1]
best test rse= 5.844344118793665
best test corr= 0.119861595
[Target-Weighted Loss] weights applied: {'us_Trade Weighted Dollar Index': 120.0, 'kr_fx': 120.0, 'jp_fx': 120.0}
[Target-Only Loss] enabled for columns: ['us_Trade Weighted Dollar Index', 'jp_fx', 'kr_fx']
[Bias Penalty] enabled lambda=0.7 scope=focus cols=['us_Trade Weighted Dollar Index', 'jp_fx', 'kr_fx']
iter:  0 | loss: 0.007
iter:  1 | loss: 0.012
iter:  2 | loss: 0.007
iter:  3 | loss: 0.010
iter:  4 | loss: 0.005
iter:  5 | loss: 0.016
iter:  6 | loss: 0.006
iter:  7 | loss: 0.060
iter:  8 | loss: 0.028
iter:  9 | loss: 0.019
iter: 10 | loss: 0.023
iter: 11 | loss: 0.012
iter: 12 | loss: 0.019
iter: 13 | loss: 0.003
iter: 14 | loss: 0.005
iter: 15 | loss: 0.040
iter: 16 | loss: 0.020
iter: 17 | loss: 0.018
iter: 18 | loss: 0.008
iter: 19 | loss: 0.009
iter: 20 | loss: 0.023
iter: 21 | loss: 0.026
iter: 22 | loss: 0.032
iter: 23 | loss: 0.033
testing r= 5
rrse(target)=263.6865444993354 / 34.87594854780834 | rrse(all)=102839293895400.4 / 34622966134154.824 | report_mode=targets
[Validation] per_target_rrse_json={"us_Trade Weighted Dollar Index": 2.080956220626831, "jp_fx": 16.477741241455078, "kr_fx": 7.168666839599609}
[Validation] per_target_lag_mae_json={"us_Trade Weighted Dollar Index": 0.30606910586357117, "jp_fx": 0.8781183362007141, "kr_fx": 4.290971279144287}
[Validation] per_target_dir_mismatch_json={"us_Trade Weighted Dollar Index": 0.09090909090909091, "jp_fx": 0.6363636363636364, "kr_fx": 0.18181818181818182}
| end of epoch   6 | time:  6.87s | train_loss 0.0181 | valid rse 7.5607 | valid rae 10.1938 | valid corr  0.2956 | valid smape  0.3391 | focus_rrse 8.5758 | obj 8.5758
Experiment: 1
Iter: 0
epoch: 7
hp= [1, 0.0001, 32, 128, 256, 1024, 20, 0.0, 2, 50, 0.6, 0.1, 3, 7]
best sum= 17.458903194505602
best rrse= 7.56069886207886
best rrae= 10.19379246814604
best corr= 0.29558814
best smape= 0.3390709239385665
best objective= 8.575787544250488
best hps= [1, 0.0001, 32, 128, 256, 1024, 20, 0.0, 2, 50, 0.6, 0.1, 3, 1]
best test rse= 5.844344118793665
best test corr= 0.119861595
[Target-Weighted Loss] weights applied: {'us_Trade Weighted Dollar Index': 120.0, 'kr_fx': 120.0, 'jp_fx': 120.0}
[Target-Only Loss] enabled for columns: ['us_Trade Weighted Dollar Index', 'jp_fx', 'kr_fx']
[Bias Penalty] enabled lambda=0.7 scope=focus cols=['us_Trade Weighted Dollar Index', 'jp_fx', 'kr_fx']
iter:  0 | loss: 0.012
iter:  1 | loss: 0.006
iter:  2 | loss: 0.005
iter:  3 | loss: 0.015
iter:  4 | loss: 0.010
iter:  5 | loss: 0.004
iter:  6 | loss: 0.006
iter:  7 | loss: 0.022
iter:  8 | loss: 0.004
iter:  9 | loss: 0.019
iter: 10 | loss: 0.020
iter: 11 | loss: 0.036
iter: 12 | loss: 0.019
iter: 13 | loss: 0.041
iter: 14 | loss: 0.022
iter: 15 | loss: 0.045
iter: 16 | loss: 0.006
iter: 17 | loss: 0.017
iter: 18 | loss: 0.021
iter: 19 | loss: 0.022
iter: 20 | loss: 0.010
iter: 21 | loss: 0.023
iter: 22 | loss: 0.029
iter: 23 | loss: 0.014
testing r= 5
rrse(target)=263.6865444993354 / 34.87594854780834 | rrse(all)=102839293895400.4 / 34622966134154.824 | report_mode=targets
[Validation] per_target_rrse_json={"us_Trade Weighted Dollar Index": 2.080956220626831, "jp_fx": 16.477741241455078, "kr_fx": 7.168666839599609}
[Validation] per_target_lag_mae_json={"us_Trade Weighted Dollar Index": 0.30606910586357117, "jp_fx": 0.8781183362007141, "kr_fx": 4.290971279144287}
[Validation] per_target_dir_mismatch_json={"us_Trade Weighted Dollar Index": 0.09090909090909091, "jp_fx": 0.6363636363636364, "kr_fx": 0.18181818181818182}
| end of epoch   7 | time:  6.16s | train_loss 0.0179 | valid rse 7.5607 | valid rae 10.1938 | valid corr  0.2956 | valid smape  0.3391 | focus_rrse 8.5758 | obj 8.5758
Experiment: 1
Iter: 0
epoch: 8
hp= [1, 0.0001, 32, 128, 256, 1024, 20, 0.0, 2, 50, 0.6, 0.1, 3, 8]
best sum= 17.458903194505602
best rrse= 7.56069886207886
best rrae= 10.19379246814604
best corr= 0.29558814
best smape= 0.3390709239385665
best objective= 8.575787544250488
best hps= [1, 0.0001, 32, 128, 256, 1024, 20, 0.0, 2, 50, 0.6, 0.1, 3, 1]
best test rse= 5.844344118793665
best test corr= 0.119861595
[Target-Weighted Loss] weights applied: {'us_Trade Weighted Dollar Index': 120.0, 'kr_fx': 120.0, 'jp_fx': 120.0}
[Target-Only Loss] enabled for columns: ['us_Trade Weighted Dollar Index', 'jp_fx', 'kr_fx']
[Bias Penalty] enabled lambda=0.7 scope=focus cols=['us_Trade Weighted Dollar Index', 'jp_fx', 'kr_fx']
iter:  0 | loss: 0.008
iter:  1 | loss: 0.004
iter:  2 | loss: 0.058
iter:  3 | loss: 0.082
iter:  4 | loss: 0.009
iter:  5 | loss: 0.015
iter:  6 | loss: 0.007
iter:  7 | loss: 0.021
iter:  8 | loss: 0.015
iter:  9 | loss: 0.044
iter: 10 | loss: 0.043
iter: 11 | loss: 0.009
iter: 12 | loss: 0.011
iter: 13 | loss: 0.017
iter: 14 | loss: 0.008
iter: 15 | loss: 0.009
iter: 16 | loss: 0.006
iter: 17 | loss: 0.014
iter: 18 | loss: 0.003
iter: 19 | loss: 0.023
iter: 20 | loss: 0.021
iter: 21 | loss: 0.008
iter: 22 | loss: 0.008
iter: 23 | loss: 0.016
testing r= 5
rrse(target)=263.6865444993354 / 34.87594854780834 | rrse(all)=102839293895400.4 / 34622966134154.824 | report_mode=targets
[Validation] per_target_rrse_json={"us_Trade Weighted Dollar Index": 2.080956220626831, "jp_fx": 16.477741241455078, "kr_fx": 7.168666839599609}
[Validation] per_target_lag_mae_json={"us_Trade Weighted Dollar Index": 0.30606910586357117, "jp_fx": 0.8781183362007141, "kr_fx": 4.290971279144287}
[Validation] per_target_dir_mismatch_json={"us_Trade Weighted Dollar Index": 0.09090909090909091, "jp_fx": 0.6363636363636364, "kr_fx": 0.18181818181818182}
| end of epoch   8 | time:  5.98s | train_loss 0.0192 | valid rse 7.5607 | valid rae 10.1938 | valid corr  0.2956 | valid smape  0.3391 | focus_rrse 8.5758 | obj 8.5758
Experiment: 1
Iter: 0
epoch: 9
hp= [1, 0.0001, 32, 128, 256, 1024, 20, 0.0, 2, 50, 0.6, 0.1, 3, 9]
best sum= 17.458903194505602
best rrse= 7.56069886207886
best rrae= 10.19379246814604
best corr= 0.29558814
best smape= 0.3390709239385665
best objective= 8.575787544250488
best hps= [1, 0.0001, 32, 128, 256, 1024, 20, 0.0, 2, 50, 0.6, 0.1, 3, 1]
best test rse= 5.844344118793665
best test corr= 0.119861595
[Target-Weighted Loss] weights applied: {'us_Trade Weighted Dollar Index': 120.0, 'kr_fx': 120.0, 'jp_fx': 120.0}
[Target-Only Loss] enabled for columns: ['us_Trade Weighted Dollar Index', 'jp_fx', 'kr_fx']
[Bias Penalty] enabled lambda=0.7 scope=focus cols=['us_Trade Weighted Dollar Index', 'jp_fx', 'kr_fx']
iter:  0 | loss: 0.016
iter:  1 | loss: 0.027
iter:  2 | loss: 0.038
iter:  3 | loss: 0.019
iter:  4 | loss: 0.019
iter:  5 | loss: 0.004
iter:  6 | loss: 0.002
iter:  7 | loss: 0.006
iter:  8 | loss: 0.007
iter:  9 | loss: 0.014
iter: 10 | loss: 0.012
iter: 11 | loss: 0.005
iter: 12 | loss: 0.015
iter: 13 | loss: 0.009
iter: 14 | loss: 0.019
iter: 15 | loss: 0.034
iter: 16 | loss: 0.047
iter: 17 | loss: 0.010
iter: 18 | loss: 0.057
iter: 19 | loss: 0.013
iter: 20 | loss: 0.011
iter: 21 | loss: 0.031
iter: 22 | loss: 0.006
iter: 23 | loss: 0.036
testing r= 5
rrse(target)=263.6865444993354 / 34.87594854780834 | rrse(all)=102839293895400.4 / 34622966134154.824 | report_mode=targets
[Validation] per_target_rrse_json={"us_Trade Weighted Dollar Index": 2.080956220626831, "jp_fx": 16.477741241455078, "kr_fx": 7.168666839599609}
[Validation] per_target_lag_mae_json={"us_Trade Weighted Dollar Index": 0.30606910586357117, "jp_fx": 0.8781183362007141, "kr_fx": 4.290971279144287}
[Validation] per_target_dir_mismatch_json={"us_Trade Weighted Dollar Index": 0.09090909090909091, "jp_fx": 0.6363636363636364, "kr_fx": 0.18181818181818182}
| end of epoch   9 | time:  6.04s | train_loss 0.0189 | valid rse 7.5607 | valid rae 10.1938 | valid corr  0.2956 | valid smape  0.3391 | focus_rrse 8.5758 | obj 8.5758
Experiment: 1
Iter: 0
epoch: 10
hp= [1, 0.0001, 32, 128, 256, 1024, 20, 0.0, 2, 50, 0.6, 0.1, 3, 10]
best sum= 17.458903194505602
best rrse= 7.56069886207886
best rrae= 10.19379246814604
best corr= 0.29558814
best smape= 0.3390709239385665
best objective= 8.575787544250488
best hps= [1, 0.0001, 32, 128, 256, 1024, 20, 0.0, 2, 50, 0.6, 0.1, 3, 1]
best test rse= 5.844344118793665
best test corr= 0.119861595
[Target-Weighted Loss] weights applied: {'us_Trade Weighted Dollar Index': 120.0, 'kr_fx': 120.0, 'jp_fx': 120.0}
[Target-Only Loss] enabled for columns: ['us_Trade Weighted Dollar Index', 'jp_fx', 'kr_fx']
[Bias Penalty] enabled lambda=0.7 scope=focus cols=['us_Trade Weighted Dollar Index', 'jp_fx', 'kr_fx']
iter:  0 | loss: 0.025
iter:  1 | loss: 0.009
iter:  2 | loss: 0.008
iter:  3 | loss: 0.004
iter:  4 | loss: 0.024
iter:  5 | loss: 0.002
iter:  6 | loss: 0.008
iter:  7 | loss: 0.007
iter:  8 | loss: 0.069
iter:  9 | loss: 0.006
iter: 10 | loss: 0.055
iter: 11 | loss: 0.026
iter: 12 | loss: 0.027
iter: 13 | loss: 0.022
iter: 14 | loss: 0.009
iter: 15 | loss: 0.024
iter: 16 | loss: 0.025
iter: 17 | loss: 0.016
iter: 18 | loss: 0.005
iter: 19 | loss: 0.034
iter: 20 | loss: 0.023
iter: 21 | loss: 0.019
iter: 22 | loss: 0.005
iter: 23 | loss: 0.009
testing r= 5
rrse(target)=263.6865444993354 / 34.87594854780834 | rrse(all)=102839293895400.4 / 34622966134154.824 | report_mode=targets
[Validation] per_target_rrse_json={"us_Trade Weighted Dollar Index": 2.080956220626831, "jp_fx": 16.477741241455078, "kr_fx": 7.168666839599609}
[Validation] per_target_lag_mae_json={"us_Trade Weighted Dollar Index": 0.30606910586357117, "jp_fx": 0.8781183362007141, "kr_fx": 4.290971279144287}
[Validation] per_target_dir_mismatch_json={"us_Trade Weighted Dollar Index": 0.09090909090909091, "jp_fx": 0.6363636363636364, "kr_fx": 0.18181818181818182}
| end of epoch  10 | time:  6.04s | train_loss 0.0193 | valid rse 7.5607 | valid rae 10.1938 | valid corr  0.2956 | valid smape  0.3391 | focus_rrse 8.5758 | obj 8.5758
Experiment: 1
Iter: 0
epoch: 11
hp= [1, 0.0001, 32, 128, 256, 1024, 20, 0.0, 2, 50, 0.6, 0.1, 3, 11]
best sum= 17.458903194505602
best rrse= 7.56069886207886
best rrae= 10.19379246814604
best corr= 0.29558814
best smape= 0.3390709239385665
best objective= 8.575787544250488
best hps= [1, 0.0001, 32, 128, 256, 1024, 20, 0.0, 2, 50, 0.6, 0.1, 3, 1]
best test rse= 5.844344118793665
best test corr= 0.119861595
[Target-Weighted Loss] weights applied: {'us_Trade Weighted Dollar Index': 120.0, 'kr_fx': 120.0, 'jp_fx': 120.0}
[Target-Only Loss] enabled for columns: ['us_Trade Weighted Dollar Index', 'jp_fx', 'kr_fx']
[Bias Penalty] enabled lambda=0.7 scope=focus cols=['us_Trade Weighted Dollar Index', 'jp_fx', 'kr_fx']
iter:  0 | loss: 0.019
iter:  1 | loss: 0.006
iter:  2 | loss: 0.016
iter:  3 | loss: 0.026
iter:  4 | loss: 0.014
iter:  5 | loss: 0.018
iter:  6 | loss: 0.008
iter:  7 | loss: 0.025
iter:  8 | loss: 0.005
iter:  9 | loss: 0.022
iter: 10 | loss: 0.023
iter: 11 | loss: 0.049
iter: 12 | loss: 0.008
iter: 13 | loss: 0.025
iter: 14 | loss: 0.006
iter: 15 | loss: 0.021
iter: 16 | loss: 0.003
iter: 17 | loss: 0.004
iter: 18 | loss: 0.009
iter: 19 | loss: 0.021
iter: 20 | loss: 0.025
iter: 21 | loss: 0.016
iter: 22 | loss: 0.016
iter: 23 | loss: 0.036
testing r= 5
rrse(target)=263.6865444993354 / 34.87594854780834 | rrse(all)=102839293895400.4 / 34622966134154.824 | report_mode=targets
[Validation] per_target_rrse_json={"us_Trade Weighted Dollar Index": 2.080956220626831, "jp_fx": 16.477741241455078, "kr_fx": 7.168666839599609}
[Validation] per_target_lag_mae_json={"us_Trade Weighted Dollar Index": 0.30606910586357117, "jp_fx": 0.8781183362007141, "kr_fx": 4.290971279144287}
[Validation] per_target_dir_mismatch_json={"us_Trade Weighted Dollar Index": 0.09090909090909091, "jp_fx": 0.6363636363636364, "kr_fx": 0.18181818181818182}
| end of epoch  11 | time:  6.13s | train_loss 0.0174 | valid rse 7.5607 | valid rae 10.1938 | valid corr  0.2956 | valid smape  0.3391 | focus_rrse 8.5758 | obj 8.5758
Experiment: 1
Iter: 0
epoch: 12
hp= [1, 0.0001, 32, 128, 256, 1024, 20, 0.0, 2, 50, 0.6, 0.1, 3, 12]
best sum= 17.458903194505602
best rrse= 7.56069886207886
best rrae= 10.19379246814604
best corr= 0.29558814
best smape= 0.3390709239385665
best objective= 8.575787544250488
best hps= [1, 0.0001, 32, 128, 256, 1024, 20, 0.0, 2, 50, 0.6, 0.1, 3, 1]
best test rse= 5.844344118793665
best test corr= 0.119861595
[Target-Weighted Loss] weights applied: {'us_Trade Weighted Dollar Index': 120.0, 'kr_fx': 120.0, 'jp_fx': 120.0}
[Target-Only Loss] enabled for columns: ['us_Trade Weighted Dollar Index', 'jp_fx', 'kr_fx']
[Bias Penalty] enabled lambda=0.7 scope=focus cols=['us_Trade Weighted Dollar Index', 'jp_fx', 'kr_fx']
iter:  0 | loss: 0.010
iter:  1 | loss: 0.041
iter:  2 | loss: 0.011
iter:  3 | loss: 0.024
iter:  4 | loss: 0.017
iter:  5 | loss: 0.014
iter:  6 | loss: 0.017
iter:  7 | loss: 0.008
iter:  8 | loss: 0.021
iter:  9 | loss: 0.011
iter: 10 | loss: 0.018
iter: 11 | loss: 0.037
iter: 12 | loss: 0.025
iter: 13 | loss: 0.028
iter: 14 | loss: 0.008
iter: 15 | loss: 0.003
iter: 16 | loss: 0.006
iter: 17 | loss: 0.014
iter: 18 | loss: 0.009
iter: 19 | loss: 0.015
iter: 20 | loss: 0.009
iter: 21 | loss: 0.034
iter: 22 | loss: 0.005
iter: 23 | loss: 0.057
testing r= 5
rrse(target)=263.6865444993354 / 34.87594854780834 | rrse(all)=102839293895400.4 / 34622966134154.824 | report_mode=targets
[Validation] per_target_rrse_json={"us_Trade Weighted Dollar Index": 2.080956220626831, "jp_fx": 16.477741241455078, "kr_fx": 7.168666839599609}
[Validation] per_target_lag_mae_json={"us_Trade Weighted Dollar Index": 0.30606910586357117, "jp_fx": 0.8781183362007141, "kr_fx": 4.290971279144287}
[Validation] per_target_dir_mismatch_json={"us_Trade Weighted Dollar Index": 0.09090909090909091, "jp_fx": 0.6363636363636364, "kr_fx": 0.18181818181818182}
| end of epoch  12 | time:  6.58s | train_loss 0.0179 | valid rse 7.5607 | valid rae 10.1938 | valid corr  0.2956 | valid smape  0.3391 | focus_rrse 8.5758 | obj 8.5758
Experiment: 1
Iter: 0
epoch: 13
hp= [1, 0.0001, 32, 128, 256, 1024, 20, 0.0, 2, 50, 0.6, 0.1, 3, 13]
best sum= 17.458903194505602
best rrse= 7.56069886207886
best rrae= 10.19379246814604
best corr= 0.29558814
best smape= 0.3390709239385665
best objective= 8.575787544250488
best hps= [1, 0.0001, 32, 128, 256, 1024, 20, 0.0, 2, 50, 0.6, 0.1, 3, 1]
best test rse= 5.844344118793665
best test corr= 0.119861595
[Target-Weighted Loss] weights applied: {'us_Trade Weighted Dollar Index': 120.0, 'kr_fx': 120.0, 'jp_fx': 120.0}
[Target-Only Loss] enabled for columns: ['us_Trade Weighted Dollar Index', 'jp_fx', 'kr_fx']
[Bias Penalty] enabled lambda=0.7 scope=focus cols=['us_Trade Weighted Dollar Index', 'jp_fx', 'kr_fx']
iter:  0 | loss: 0.027
iter:  1 | loss: 0.006
iter:  2 | loss: 0.049
iter:  3 | loss: 0.014
iter:  4 | loss: 0.040
iter:  5 | loss: 0.012
iter:  6 | loss: 0.004
iter:  7 | loss: 0.017
iter:  8 | loss: 0.020
iter:  9 | loss: 0.005
iter: 10 | loss: 0.009
iter: 11 | loss: 0.008
iter: 12 | loss: 0.004
iter: 13 | loss: 0.003
iter: 14 | loss: 0.009
iter: 15 | loss: 0.006
iter: 16 | loss: 0.024
iter: 17 | loss: 0.021
iter: 18 | loss: 0.028
iter: 19 | loss: 0.033
iter: 20 | loss: 0.022
iter: 21 | loss: 0.029
iter: 22 | loss: 0.026
iter: 23 | loss: 0.012
testing r= 5
rrse(target)=263.6865444993354 / 34.87594854780834 | rrse(all)=102839293895400.4 / 34622966134154.824 | report_mode=targets
[Validation] per_target_rrse_json={"us_Trade Weighted Dollar Index": 2.080956220626831, "jp_fx": 16.477741241455078, "kr_fx": 7.168666839599609}
[Validation] per_target_lag_mae_json={"us_Trade Weighted Dollar Index": 0.30606910586357117, "jp_fx": 0.8781183362007141, "kr_fx": 4.290971279144287}
[Validation] per_target_dir_mismatch_json={"us_Trade Weighted Dollar Index": 0.09090909090909091, "jp_fx": 0.6363636363636364, "kr_fx": 0.18181818181818182}
| end of epoch  13 | time:  6.28s | train_loss 0.0180 | valid rse 7.5607 | valid rae 10.1938 | valid corr  0.2956 | valid smape  0.3391 | focus_rrse 8.5758 | obj 8.5758
Experiment: 1
Iter: 0
epoch: 14
hp= [1, 0.0001, 32, 128, 256, 1024, 20, 0.0, 2, 50, 0.6, 0.1, 3, 14]
best sum= 17.458903194505602
best rrse= 7.56069886207886
best rrae= 10.19379246814604
best corr= 0.29558814
best smape= 0.3390709239385665
best objective= 8.575787544250488
best hps= [1, 0.0001, 32, 128, 256, 1024, 20, 0.0, 2, 50, 0.6, 0.1, 3, 1]
best test rse= 5.844344118793665
best test corr= 0.119861595
[Target-Weighted Loss] weights applied: {'us_Trade Weighted Dollar Index': 120.0, 'kr_fx': 120.0, 'jp_fx': 120.0}
[Target-Only Loss] enabled for columns: ['us_Trade Weighted Dollar Index', 'jp_fx', 'kr_fx']
[Bias Penalty] enabled lambda=0.7 scope=focus cols=['us_Trade Weighted Dollar Index', 'jp_fx', 'kr_fx']
iter:  0 | loss: 0.049
iter:  1 | loss: 0.023
iter:  2 | loss: 0.028
iter:  3 | loss: 0.010
iter:  4 | loss: 0.006
iter:  5 | loss: 0.011
iter:  6 | loss: 0.006
iter:  7 | loss: 0.005
iter:  8 | loss: 0.013
iter:  9 | loss: 0.008
iter: 10 | loss: 0.004
iter: 11 | loss: 0.006
iter: 12 | loss: 0.006
iter: 13 | loss: 0.028
iter: 14 | loss: 0.032
iter: 15 | loss: 0.030
iter: 16 | loss: 0.018
iter: 17 | loss: 0.027
iter: 18 | loss: 0.011
iter: 19 | loss: 0.006
iter: 20 | loss: 0.014
iter: 21 | loss: 0.040
iter: 22 | loss: 0.044
iter: 23 | loss: 0.032
testing r= 5
rrse(target)=263.6865444993354 / 34.87594854780834 | rrse(all)=102839293895400.4 / 34622966134154.824 | report_mode=targets
[Validation] per_target_rrse_json={"us_Trade Weighted Dollar Index": 2.080956220626831, "jp_fx": 16.477741241455078, "kr_fx": 7.168666839599609}
[Validation] per_target_lag_mae_json={"us_Trade Weighted Dollar Index": 0.30606910586357117, "jp_fx": 0.8781183362007141, "kr_fx": 4.290971279144287}
[Validation] per_target_dir_mismatch_json={"us_Trade Weighted Dollar Index": 0.09090909090909091, "jp_fx": 0.6363636363636364, "kr_fx": 0.18181818181818182}
| end of epoch  14 | time:  6.05s | train_loss 0.0190 | valid rse 7.5607 | valid rae 10.1938 | valid corr  0.2956 | valid smape  0.3391 | focus_rrse 8.5758 | obj 8.5758
Experiment: 1
Iter: 0
epoch: 15
hp= [1, 0.0001, 32, 128, 256, 1024, 20, 0.0, 2, 50, 0.6, 0.1, 3, 15]
best sum= 17.458903194505602
best rrse= 7.56069886207886
best rrae= 10.19379246814604
best corr= 0.29558814
best smape= 0.3390709239385665
best objective= 8.575787544250488
best hps= [1, 0.0001, 32, 128, 256, 1024, 20, 0.0, 2, 50, 0.6, 0.1, 3, 1]
best test rse= 5.844344118793665
best test corr= 0.119861595
[Target-Weighted Loss] weights applied: {'us_Trade Weighted Dollar Index': 120.0, 'kr_fx': 120.0, 'jp_fx': 120.0}
[Target-Only Loss] enabled for columns: ['us_Trade Weighted Dollar Index', 'jp_fx', 'kr_fx']
[Bias Penalty] enabled lambda=0.7 scope=focus cols=['us_Trade Weighted Dollar Index', 'jp_fx', 'kr_fx']
iter:  0 | loss: 0.006
iter:  1 | loss: 0.016
iter:  2 | loss: 0.005
iter:  3 | loss: 0.012
iter:  4 | loss: 0.007
iter:  5 | loss: 0.023
iter:  6 | loss: 0.014
iter:  7 | loss: 0.005
iter:  8 | loss: 0.006
iter:  9 | loss: 0.008
iter: 10 | loss: 0.016
iter: 11 | loss: 0.012
iter: 12 | loss: 0.028
iter: 13 | loss: 0.038
iter: 14 | loss: 0.038
iter: 15 | loss: 0.032
iter: 16 | loss: 0.029
iter: 17 | loss: 0.013
iter: 18 | loss: 0.015
iter: 19 | loss: 0.028
iter: 20 | loss: 0.029
iter: 21 | loss: 0.014
iter: 22 | loss: 0.019
iter: 23 | loss: 0.029
testing r= 5
rrse(target)=263.6865444993354 / 34.87594854780834 | rrse(all)=102839293895400.4 / 34622966134154.824 | report_mode=targets
[Validation] per_target_rrse_json={"us_Trade Weighted Dollar Index": 2.080956220626831, "jp_fx": 16.477741241455078, "kr_fx": 7.168666839599609}
[Validation] per_target_lag_mae_json={"us_Trade Weighted Dollar Index": 0.30606910586357117, "jp_fx": 0.8781183362007141, "kr_fx": 4.290971279144287}
[Validation] per_target_dir_mismatch_json={"us_Trade Weighted Dollar Index": 0.09090909090909091, "jp_fx": 0.6363636363636364, "kr_fx": 0.18181818181818182}
| end of epoch  15 | time:  6.02s | train_loss 0.0182 | valid rse 7.5607 | valid rae 10.1938 | valid corr  0.2956 | valid smape  0.3391 | focus_rrse 8.5758 | obj 8.5758
Experiment: 1
Iter: 0
epoch: 16
hp= [1, 0.0001, 32, 128, 256, 1024, 20, 0.0, 2, 50, 0.6, 0.1, 3, 16]
best sum= 17.458903194505602
best rrse= 7.56069886207886
best rrae= 10.19379246814604
best corr= 0.29558814
best smape= 0.3390709239385665
best objective= 8.575787544250488
best hps= [1, 0.0001, 32, 128, 256, 1024, 20, 0.0, 2, 50, 0.6, 0.1, 3, 1]
best test rse= 5.844344118793665
best test corr= 0.119861595
[Target-Weighted Loss] weights applied: {'us_Trade Weighted Dollar Index': 120.0, 'kr_fx': 120.0, 'jp_fx': 120.0}
[Target-Only Loss] enabled for columns: ['us_Trade Weighted Dollar Index', 'jp_fx', 'kr_fx']
[Bias Penalty] enabled lambda=0.7 scope=focus cols=['us_Trade Weighted Dollar Index', 'jp_fx', 'kr_fx']
iter:  0 | loss: 0.020
iter:  1 | loss: 0.008
iter:  2 | loss: 0.006
iter:  3 | loss: 0.009
iter:  4 | loss: 0.023
iter:  5 | loss: 0.020
iter:  6 | loss: 0.012
iter:  7 | loss: 0.028
iter:  8 | loss: 0.016
iter:  9 | loss: 0.025
iter: 10 | loss: 0.044
iter: 11 | loss: 0.026
iter: 12 | loss: 0.022
iter: 13 | loss: 0.009
iter: 14 | loss: 0.005
iter: 15 | loss: 0.019
iter: 16 | loss: 0.006
iter: 17 | loss: 0.005
iter: 18 | loss: 0.007
iter: 19 | loss: 0.020
iter: 20 | loss: 0.014
iter: 21 | loss: 0.057
iter: 22 | loss: 0.006
iter: 23 | loss: 0.035
testing r= 5
rrse(target)=263.6865444993354 / 34.87594854780834 | rrse(all)=102839293895400.4 / 34622966134154.824 | report_mode=targets
[Validation] per_target_rrse_json={"us_Trade Weighted Dollar Index": 2.080956220626831, "jp_fx": 16.477741241455078, "kr_fx": 7.168666839599609}
[Validation] per_target_lag_mae_json={"us_Trade Weighted Dollar Index": 0.30606910586357117, "jp_fx": 0.8781183362007141, "kr_fx": 4.290971279144287}
[Validation] per_target_dir_mismatch_json={"us_Trade Weighted Dollar Index": 0.09090909090909091, "jp_fx": 0.6363636363636364, "kr_fx": 0.18181818181818182}
| end of epoch  16 | time:  7.35s | train_loss 0.0182 | valid rse 7.5607 | valid rae 10.1938 | valid corr  0.2956 | valid smape  0.3391 | focus_rrse 8.5758 | obj 8.5758
Experiment: 1
Iter: 0
epoch: 17
hp= [1, 0.0001, 32, 128, 256, 1024, 20, 0.0, 2, 50, 0.6, 0.1, 3, 17]
best sum= 17.458903194505602
best rrse= 7.56069886207886
best rrae= 10.19379246814604
best corr= 0.29558814
best smape= 0.3390709239385665
best objective= 8.575787544250488
best hps= [1, 0.0001, 32, 128, 256, 1024, 20, 0.0, 2, 50, 0.6, 0.1, 3, 1]
best test rse= 5.844344118793665
best test corr= 0.119861595
[Target-Weighted Loss] weights applied: {'us_Trade Weighted Dollar Index': 120.0, 'kr_fx': 120.0, 'jp_fx': 120.0}
[Target-Only Loss] enabled for columns: ['us_Trade Weighted Dollar Index', 'jp_fx', 'kr_fx']
[Bias Penalty] enabled lambda=0.7 scope=focus cols=['us_Trade Weighted Dollar Index', 'jp_fx', 'kr_fx']
iter:  0 | loss: 0.007
iter:  1 | loss: 0.016
iter:  2 | loss: 0.031
iter:  3 | loss: 0.006
iter:  4 | loss: 0.022
iter:  5 | loss: 0.039
iter:  6 | loss: 0.009
iter:  7 | loss: 0.032
iter:  8 | loss: 0.015
iter:  9 | loss: 0.009
iter: 10 | loss: 0.065
iter: 11 | loss: 0.010
iter: 12 | loss: 0.011
iter: 13 | loss: 0.009
iter: 14 | loss: 0.014
iter: 15 | loss: 0.012
iter: 16 | loss: 0.023
iter: 17 | loss: 0.019
iter: 18 | loss: 0.015
iter: 19 | loss: 0.006
iter: 20 | loss: 0.009
iter: 21 | loss: 0.005
iter: 22 | loss: 0.029
iter: 23 | loss: 0.007
testing r= 5
rrse(target)=263.6865444993354 / 34.87594854780834 | rrse(all)=102839293895400.4 / 34622966134154.824 | report_mode=targets
[Validation] per_target_rrse_json={"us_Trade Weighted Dollar Index": 2.080956220626831, "jp_fx": 16.477741241455078, "kr_fx": 7.168666839599609}
[Validation] per_target_lag_mae_json={"us_Trade Weighted Dollar Index": 0.30606910586357117, "jp_fx": 0.8781183362007141, "kr_fx": 4.290971279144287}
[Validation] per_target_dir_mismatch_json={"us_Trade Weighted Dollar Index": 0.09090909090909091, "jp_fx": 0.6363636363636364, "kr_fx": 0.18181818181818182}
| end of epoch  17 | time:  7.27s | train_loss 0.0176 | valid rse 7.5607 | valid rae 10.1938 | valid corr  0.2956 | valid smape  0.3391 | focus_rrse 8.5758 | obj 8.5758
Experiment: 1
Iter: 0
epoch: 18
hp= [1, 0.0001, 32, 128, 256, 1024, 20, 0.0, 2, 50, 0.6, 0.1, 3, 18]
best sum= 17.458903194505602
best rrse= 7.56069886207886
best rrae= 10.19379246814604
best corr= 0.29558814
best smape= 0.3390709239385665
best objective= 8.575787544250488
best hps= [1, 0.0001, 32, 128, 256, 1024, 20, 0.0, 2, 50, 0.6, 0.1, 3, 1]
best test rse= 5.844344118793665
best test corr= 0.119861595
[Target-Weighted Loss] weights applied: {'us_Trade Weighted Dollar Index': 120.0, 'kr_fx': 120.0, 'jp_fx': 120.0}
[Target-Only Loss] enabled for columns: ['us_Trade Weighted Dollar Index', 'jp_fx', 'kr_fx']
[Bias Penalty] enabled lambda=0.7 scope=focus cols=['us_Trade Weighted Dollar Index', 'jp_fx', 'kr_fx']
iter:  0 | loss: 0.009
iter:  1 | loss: 0.005
iter:  2 | loss: 0.031
iter:  3 | loss: 0.010
iter:  4 | loss: 0.006
iter:  5 | loss: 0.019
iter:  6 | loss: 0.027
iter:  7 | loss: 0.012
iter:  8 | loss: 0.011
iter:  9 | loss: 0.047
iter: 10 | loss: 0.012
iter: 11 | loss: 0.009
iter: 12 | loss: 0.008
iter: 13 | loss: 0.017
iter: 14 | loss: 0.019
iter: 15 | loss: 0.074
iter: 16 | loss: 0.042
iter: 17 | loss: 0.007
iter: 18 | loss: 0.013
iter: 19 | loss: 0.021
iter: 20 | loss: 0.006
iter: 21 | loss: 0.009
iter: 22 | loss: 0.015
iter: 23 | loss: 0.010
testing r= 5
rrse(target)=263.6865444993354 / 34.87594854780834 | rrse(all)=102839293895400.4 / 34622966134154.824 | report_mode=targets
[Validation] per_target_rrse_json={"us_Trade Weighted Dollar Index": 2.080956220626831, "jp_fx": 16.477741241455078, "kr_fx": 7.168666839599609}
[Validation] per_target_lag_mae_json={"us_Trade Weighted Dollar Index": 0.30606910586357117, "jp_fx": 0.8781183362007141, "kr_fx": 4.290971279144287}
[Validation] per_target_dir_mismatch_json={"us_Trade Weighted Dollar Index": 0.09090909090909091, "jp_fx": 0.6363636363636364, "kr_fx": 0.18181818181818182}
| end of epoch  18 | time:  7.30s | train_loss 0.0185 | valid rse 7.5607 | valid rae 10.1938 | valid corr  0.2956 | valid smape  0.3391 | focus_rrse 8.5758 | obj 8.5758
Experiment: 1
Iter: 0
epoch: 19
hp= [1, 0.0001, 32, 128, 256, 1024, 20, 0.0, 2, 50, 0.6, 0.1, 3, 19]
best sum= 17.458903194505602
best rrse= 7.56069886207886
best rrae= 10.19379246814604
best corr= 0.29558814
best smape= 0.3390709239385665
best objective= 8.575787544250488
best hps= [1, 0.0001, 32, 128, 256, 1024, 20, 0.0, 2, 50, 0.6, 0.1, 3, 1]
best test rse= 5.844344118793665
best test corr= 0.119861595
[Target-Weighted Loss] weights applied: {'us_Trade Weighted Dollar Index': 120.0, 'kr_fx': 120.0, 'jp_fx': 120.0}
[Target-Only Loss] enabled for columns: ['us_Trade Weighted Dollar Index', 'jp_fx', 'kr_fx']
[Bias Penalty] enabled lambda=0.7 scope=focus cols=['us_Trade Weighted Dollar Index', 'jp_fx', 'kr_fx']
iter:  0 | loss: 0.019
iter:  1 | loss: 0.014
iter:  2 | loss: 0.018
iter:  3 | loss: 0.016
iter:  4 | loss: 0.022
iter:  5 | loss: 0.004
iter:  6 | loss: 0.029
iter:  7 | loss: 0.006
iter:  8 | loss: 0.048
iter:  9 | loss: 0.030
iter: 10 | loss: 0.010
iter: 11 | loss: 0.013
iter: 12 | loss: 0.006
iter: 13 | loss: 0.023
iter: 14 | loss: 0.005
iter: 15 | loss: 0.017
iter: 16 | loss: 0.017
iter: 17 | loss: 0.007
iter: 18 | loss: 0.038
iter: 19 | loss: 0.017
iter: 20 | loss: 0.014
iter: 21 | loss: 0.008
iter: 22 | loss: 0.007
iter: 23 | loss: 0.051
testing r= 5
rrse(target)=263.6865444993354 / 34.87594854780834 | rrse(all)=102839293895400.4 / 34622966134154.824 | report_mode=targets
[Validation] per_target_rrse_json={"us_Trade Weighted Dollar Index": 2.080956220626831, "jp_fx": 16.477741241455078, "kr_fx": 7.168666839599609}
[Validation] per_target_lag_mae_json={"us_Trade Weighted Dollar Index": 0.30606910586357117, "jp_fx": 0.8781183362007141, "kr_fx": 4.290971279144287}
[Validation] per_target_dir_mismatch_json={"us_Trade Weighted Dollar Index": 0.09090909090909091, "jp_fx": 0.6363636363636364, "kr_fx": 0.18181818181818182}
| end of epoch  19 | time:  7.16s | train_loss 0.0180 | valid rse 7.5607 | valid rae 10.1938 | valid corr  0.2956 | valid smape  0.3391 | focus_rrse 8.5758 | obj 8.5758
Experiment: 1
Iter: 0
epoch: 20
hp= [1, 0.0001, 32, 128, 256, 1024, 20, 0.0, 2, 50, 0.6, 0.1, 3, 20]
best sum= 17.458903194505602
best rrse= 7.56069886207886
best rrae= 10.19379246814604
best corr= 0.29558814
best smape= 0.3390709239385665
best objective= 8.575787544250488
best hps= [1, 0.0001, 32, 128, 256, 1024, 20, 0.0, 2, 50, 0.6, 0.1, 3, 1]
best test rse= 5.844344118793665
best test corr= 0.119861595
[Target-Weighted Loss] weights applied: {'us_Trade Weighted Dollar Index': 120.0, 'kr_fx': 120.0, 'jp_fx': 120.0}
[Target-Only Loss] enabled for columns: ['us_Trade Weighted Dollar Index', 'jp_fx', 'kr_fx']
[Bias Penalty] enabled lambda=0.7 scope=focus cols=['us_Trade Weighted Dollar Index', 'jp_fx', 'kr_fx']
iter:  0 | loss: 0.019
iter:  1 | loss: 0.004
iter:  2 | loss: 0.013
iter:  3 | loss: 0.046
iter:  4 | loss: 0.007
iter:  5 | loss: 0.043
iter:  6 | loss: 0.027
iter:  7 | loss: 0.033
iter:  8 | loss: 0.003
iter:  9 | loss: 0.009
iter: 10 | loss: 0.005
iter: 11 | loss: 0.008
iter: 12 | loss: 0.018
iter: 13 | loss: 0.011
iter: 14 | loss: 0.039
iter: 15 | loss: 0.040
iter: 16 | loss: 0.005
iter: 17 | loss: 0.016
iter: 18 | loss: 0.006
iter: 19 | loss: 0.006
iter: 20 | loss: 0.017
iter: 21 | loss: 0.014
iter: 22 | loss: 0.018
iter: 23 | loss: 0.019
testing r= 5
rrse(target)=263.6865444993354 / 34.87594854780834 | rrse(all)=102839293895400.4 / 34622966134154.824 | report_mode=targets
[Validation] per_target_rrse_json={"us_Trade Weighted Dollar Index": 2.080956220626831, "jp_fx": 16.477741241455078, "kr_fx": 7.168666839599609}
[Validation] per_target_lag_mae_json={"us_Trade Weighted Dollar Index": 0.30606910586357117, "jp_fx": 0.8781183362007141, "kr_fx": 4.290971279144287}
[Validation] per_target_dir_mismatch_json={"us_Trade Weighted Dollar Index": 0.09090909090909091, "jp_fx": 0.6363636363636364, "kr_fx": 0.18181818181818182}
| end of epoch  20 | time:  6.79s | train_loss 0.0177 | valid rse 7.5607 | valid rae 10.1938 | valid corr  0.2956 | valid smape  0.3391 | focus_rrse 8.5758 | obj 8.5758
Experiment: 1
Iter: 0
epoch: 21
hp= [1, 0.0001, 32, 128, 256, 1024, 20, 0.0, 2, 50, 0.6, 0.1, 3, 21]
best sum= 17.458903194505602
best rrse= 7.56069886207886
best rrae= 10.19379246814604
best corr= 0.29558814
best smape= 0.3390709239385665
best objective= 8.575787544250488
best hps= [1, 0.0001, 32, 128, 256, 1024, 20, 0.0, 2, 50, 0.6, 0.1, 3, 1]
best test rse= 5.844344118793665
best test corr= 0.119861595
[Target-Weighted Loss] weights applied: {'us_Trade Weighted Dollar Index': 120.0, 'kr_fx': 120.0, 'jp_fx': 120.0}
[Target-Only Loss] enabled for columns: ['us_Trade Weighted Dollar Index', 'jp_fx', 'kr_fx']
[Bias Penalty] enabled lambda=0.7 scope=focus cols=['us_Trade Weighted Dollar Index', 'jp_fx', 'kr_fx']
iter:  0 | loss: 0.004
iter:  1 | loss: 0.017
iter:  2 | loss: 0.041
iter:  3 | loss: 0.013
iter:  4 | loss: 0.006
iter:  5 | loss: 0.004
iter:  6 | loss: 0.007
iter:  7 | loss: 0.050
iter:  8 | loss: 0.100
iter:  9 | loss: 0.020
iter: 10 | loss: 0.004
iter: 11 | loss: 0.016
iter: 12 | loss: 0.008
iter: 13 | loss: 0.023
iter: 14 | loss: 0.009
iter: 15 | loss: 0.015
iter: 16 | loss: 0.011
iter: 17 | loss: 0.007
iter: 18 | loss: 0.012
iter: 19 | loss: 0.017
iter: 20 | loss: 0.007
iter: 21 | loss: 0.025
iter: 22 | loss: 0.023
iter: 23 | loss: 0.017
testing r= 5
rrse(target)=263.6865444993354 / 34.87594854780834 | rrse(all)=102839293895400.4 / 34622966134154.824 | report_mode=targets
[Validation] per_target_rrse_json={"us_Trade Weighted Dollar Index": 2.080956220626831, "jp_fx": 16.477741241455078, "kr_fx": 7.168666839599609}
[Validation] per_target_lag_mae_json={"us_Trade Weighted Dollar Index": 0.30606910586357117, "jp_fx": 0.8781183362007141, "kr_fx": 4.290971279144287}
[Validation] per_target_dir_mismatch_json={"us_Trade Weighted Dollar Index": 0.09090909090909091, "jp_fx": 0.6363636363636364, "kr_fx": 0.18181818181818182}
| end of epoch  21 | time:  6.45s | train_loss 0.0190 | valid rse 7.5607 | valid rae 10.1938 | valid corr  0.2956 | valid smape  0.3391 | focus_rrse 8.5758 | obj 8.5758
Experiment: 1
Iter: 0
epoch: 22
hp= [1, 0.0001, 32, 128, 256, 1024, 20, 0.0, 2, 50, 0.6, 0.1, 3, 22]
best sum= 17.458903194505602
best rrse= 7.56069886207886
best rrae= 10.19379246814604
best corr= 0.29558814
best smape= 0.3390709239385665
best objective= 8.575787544250488
best hps= [1, 0.0001, 32, 128, 256, 1024, 20, 0.0, 2, 50, 0.6, 0.1, 3, 1]
best test rse= 5.844344118793665
best test corr= 0.119861595
[Target-Weighted Loss] weights applied: {'us_Trade Weighted Dollar Index': 120.0, 'kr_fx': 120.0, 'jp_fx': 120.0}
[Target-Only Loss] enabled for columns: ['us_Trade Weighted Dollar Index', 'jp_fx', 'kr_fx']
[Bias Penalty] enabled lambda=0.7 scope=focus cols=['us_Trade Weighted Dollar Index', 'jp_fx', 'kr_fx']
iter:  0 | loss: 0.013
iter:  1 | loss: 0.007
iter:  2 | loss: 0.027
iter:  3 | loss: 0.008
iter:  4 | loss: 0.031
iter:  5 | loss: 0.009
iter:  6 | loss: 0.008
iter:  7 | loss: 0.039
iter:  8 | loss: 0.015
iter:  9 | loss: 0.042
iter: 10 | loss: 0.040
iter: 11 | loss: 0.019
iter: 12 | loss: 0.011
iter: 13 | loss: 0.027
iter: 14 | loss: 0.006
iter: 15 | loss: 0.022
iter: 16 | loss: 0.027
iter: 17 | loss: 0.011
iter: 18 | loss: 0.017
iter: 19 | loss: 0.015
iter: 20 | loss: 0.006
iter: 21 | loss: 0.004
iter: 22 | loss: 0.005
iter: 23 | loss: 0.039
testing r= 5
rrse(target)=263.6865444993354 / 34.87594854780834 | rrse(all)=102839293895400.4 / 34622966134154.824 | report_mode=targets
[Validation] per_target_rrse_json={"us_Trade Weighted Dollar Index": 2.080956220626831, "jp_fx": 16.477741241455078, "kr_fx": 7.168666839599609}
[Validation] per_target_lag_mae_json={"us_Trade Weighted Dollar Index": 0.30606910586357117, "jp_fx": 0.8781183362007141, "kr_fx": 4.290971279144287}
[Validation] per_target_dir_mismatch_json={"us_Trade Weighted Dollar Index": 0.09090909090909091, "jp_fx": 0.6363636363636364, "kr_fx": 0.18181818181818182}
| end of epoch  22 | time:  7.01s | train_loss 0.0185 | valid rse 7.5607 | valid rae 10.1938 | valid corr  0.2956 | valid smape  0.3391 | focus_rrse 8.5758 | obj 8.5758
Experiment: 1
Iter: 0
epoch: 23
hp= [1, 0.0001, 32, 128, 256, 1024, 20, 0.0, 2, 50, 0.6, 0.1, 3, 23]
best sum= 17.458903194505602
best rrse= 7.56069886207886
best rrae= 10.19379246814604
best corr= 0.29558814
best smape= 0.3390709239385665
best objective= 8.575787544250488
best hps= [1, 0.0001, 32, 128, 256, 1024, 20, 0.0, 2, 50, 0.6, 0.1, 3, 1]
best test rse= 5.844344118793665
best test corr= 0.119861595
[Target-Weighted Loss] weights applied: {'us_Trade Weighted Dollar Index': 120.0, 'kr_fx': 120.0, 'jp_fx': 120.0}
[Target-Only Loss] enabled for columns: ['us_Trade Weighted Dollar Index', 'jp_fx', 'kr_fx']
[Bias Penalty] enabled lambda=0.7 scope=focus cols=['us_Trade Weighted Dollar Index', 'jp_fx', 'kr_fx']
iter:  0 | loss: 0.007
iter:  1 | loss: 0.007
iter:  2 | loss: 0.030
iter:  3 | loss: 0.014
iter:  4 | loss: 0.007
iter:  5 | loss: 0.023
iter:  6 | loss: 0.006
iter:  7 | loss: 0.006
iter:  8 | loss: 0.010
iter:  9 | loss: 0.019
iter: 10 | loss: 0.005
iter: 11 | loss: 0.059
iter: 12 | loss: 0.033
iter: 13 | loss: 0.017
iter: 14 | loss: 0.015
iter: 15 | loss: 0.024
iter: 16 | loss: 0.045
iter: 17 | loss: 0.011
iter: 18 | loss: 0.007
iter: 19 | loss: 0.005
iter: 20 | loss: 0.030
iter: 21 | loss: 0.013
iter: 22 | loss: 0.004
iter: 23 | loss: 0.081
testing r= 5
rrse(target)=263.6865444993354 / 34.87594854780834 | rrse(all)=102839293895400.4 / 34622966134154.824 | report_mode=targets
[Validation] per_target_rrse_json={"us_Trade Weighted Dollar Index": 2.080956220626831, "jp_fx": 16.477741241455078, "kr_fx": 7.168666839599609}
[Validation] per_target_lag_mae_json={"us_Trade Weighted Dollar Index": 0.30606910586357117, "jp_fx": 0.8781183362007141, "kr_fx": 4.290971279144287}
[Validation] per_target_dir_mismatch_json={"us_Trade Weighted Dollar Index": 0.09090909090909091, "jp_fx": 0.6363636363636364, "kr_fx": 0.18181818181818182}
| end of epoch  23 | time:  7.09s | train_loss 0.0193 | valid rse 7.5607 | valid rae 10.1938 | valid corr  0.2956 | valid smape  0.3391 | focus_rrse 8.5758 | obj 8.5758
Experiment: 1
Iter: 0
epoch: 24
hp= [1, 0.0001, 32, 128, 256, 1024, 20, 0.0, 2, 50, 0.6, 0.1, 3, 24]
best sum= 17.458903194505602
best rrse= 7.56069886207886
best rrae= 10.19379246814604
best corr= 0.29558814
best smape= 0.3390709239385665
best objective= 8.575787544250488
best hps= [1, 0.0001, 32, 128, 256, 1024, 20, 0.0, 2, 50, 0.6, 0.1, 3, 1]
best test rse= 5.844344118793665
best test corr= 0.119861595
[Target-Weighted Loss] weights applied: {'us_Trade Weighted Dollar Index': 120.0, 'kr_fx': 120.0, 'jp_fx': 120.0}
[Target-Only Loss] enabled for columns: ['us_Trade Weighted Dollar Index', 'jp_fx', 'kr_fx']
[Bias Penalty] enabled lambda=0.7 scope=focus cols=['us_Trade Weighted Dollar Index', 'jp_fx', 'kr_fx']
iter:  0 | loss: 0.005
iter:  1 | loss: 0.023
iter:  2 | loss: 0.032
iter:  3 | loss: 0.007
iter:  4 | loss: 0.019
iter:  5 | loss: 0.090
iter:  6 | loss: 0.011
iter:  7 | loss: 0.007
iter:  8 | loss: 0.004
iter:  9 | loss: 0.017
iter: 10 | loss: 0.003
iter: 11 | loss: 0.032
iter: 12 | loss: 0.023
iter: 13 | loss: 0.012
iter: 14 | loss: 0.021
iter: 15 | loss: 0.049
iter: 16 | loss: 0.013
iter: 17 | loss: 0.006
iter: 18 | loss: 0.029
iter: 19 | loss: 0.010
iter: 20 | loss: 0.005
iter: 21 | loss: 0.010
iter: 22 | loss: 0.011
iter: 23 | loss: 0.023
testing r= 5
rrse(target)=263.6865444993354 / 34.87594854780834 | rrse(all)=102839293895400.4 / 34622966134154.824 | report_mode=targets
[Validation] per_target_rrse_json={"us_Trade Weighted Dollar Index": 2.080956220626831, "jp_fx": 16.477741241455078, "kr_fx": 7.168666839599609}
[Validation] per_target_lag_mae_json={"us_Trade Weighted Dollar Index": 0.30606910586357117, "jp_fx": 0.8781183362007141, "kr_fx": 4.290971279144287}
[Validation] per_target_dir_mismatch_json={"us_Trade Weighted Dollar Index": 0.09090909090909091, "jp_fx": 0.6363636363636364, "kr_fx": 0.18181818181818182}
| end of epoch  24 | time:  6.65s | train_loss 0.0192 | valid rse 7.5607 | valid rae 10.1938 | valid corr  0.2956 | valid smape  0.3391 | focus_rrse 8.5758 | obj 8.5758
Experiment: 1
Iter: 0
epoch: 25
hp= [1, 0.0001, 32, 128, 256, 1024, 20, 0.0, 2, 50, 0.6, 0.1, 3, 25]
best sum= 17.458903194505602
best rrse= 7.56069886207886
best rrae= 10.19379246814604
best corr= 0.29558814
best smape= 0.3390709239385665
best objective= 8.575787544250488
best hps= [1, 0.0001, 32, 128, 256, 1024, 20, 0.0, 2, 50, 0.6, 0.1, 3, 1]
best test rse= 5.844344118793665
best test corr= 0.119861595
[Target-Weighted Loss] weights applied: {'us_Trade Weighted Dollar Index': 120.0, 'kr_fx': 120.0, 'jp_fx': 120.0}
[Target-Only Loss] enabled for columns: ['us_Trade Weighted Dollar Index', 'jp_fx', 'kr_fx']
[Bias Penalty] enabled lambda=0.7 scope=focus cols=['us_Trade Weighted Dollar Index', 'jp_fx', 'kr_fx']
iter:  0 | loss: 0.012
iter:  1 | loss: 0.013
iter:  2 | loss: 0.021
iter:  3 | loss: 0.049
iter:  4 | loss: 0.040
iter:  5 | loss: 0.012
iter:  6 | loss: 0.029
iter:  7 | loss: 0.013
iter:  8 | loss: 0.009
iter:  9 | loss: 0.006
iter: 10 | loss: 0.010
iter: 11 | loss: 0.031
iter: 12 | loss: 0.007
iter: 13 | loss: 0.017
iter: 14 | loss: 0.009
iter: 15 | loss: 0.023
iter: 16 | loss: 0.009
iter: 17 | loss: 0.033
iter: 18 | loss: 0.018
iter: 19 | loss: 0.005
iter: 20 | loss: 0.009
iter: 21 | loss: 0.029
iter: 22 | loss: 0.008
iter: 23 | loss: 0.006
testing r= 5
rrse(target)=263.6865444993354 / 34.87594854780834 | rrse(all)=102839293895400.4 / 34622966134154.824 | report_mode=targets
[Validation] per_target_rrse_json={"us_Trade Weighted Dollar Index": 2.080956220626831, "jp_fx": 16.477741241455078, "kr_fx": 7.168666839599609}
[Validation] per_target_lag_mae_json={"us_Trade Weighted Dollar Index": 0.30606910586357117, "jp_fx": 0.8781183362007141, "kr_fx": 4.290971279144287}
[Validation] per_target_dir_mismatch_json={"us_Trade Weighted Dollar Index": 0.09090909090909091, "jp_fx": 0.6363636363636364, "kr_fx": 0.18181818181818182}
| end of epoch  25 | time:  6.26s | train_loss 0.0176 | valid rse 7.5607 | valid rae 10.1938 | valid corr  0.2956 | valid smape  0.3391 | focus_rrse 8.5758 | obj 8.5758
Experiment: 1
Iter: 0
epoch: 26
hp= [1, 0.0001, 32, 128, 256, 1024, 20, 0.0, 2, 50, 0.6, 0.1, 3, 26]
best sum= 17.458903194505602
best rrse= 7.56069886207886
best rrae= 10.19379246814604
best corr= 0.29558814
best smape= 0.3390709239385665
best objective= 8.575787544250488
best hps= [1, 0.0001, 32, 128, 256, 1024, 20, 0.0, 2, 50, 0.6, 0.1, 3, 1]
best test rse= 5.844344118793665
best test corr= 0.119861595
[Target-Weighted Loss] weights applied: {'us_Trade Weighted Dollar Index': 120.0, 'kr_fx': 120.0, 'jp_fx': 120.0}
[Target-Only Loss] enabled for columns: ['us_Trade Weighted Dollar Index', 'jp_fx', 'kr_fx']
[Bias Penalty] enabled lambda=0.7 scope=focus cols=['us_Trade Weighted Dollar Index', 'jp_fx', 'kr_fx']
iter:  0 | loss: 0.011
iter:  1 | loss: 0.025
iter:  2 | loss: 0.028
iter:  3 | loss: 0.003
iter:  4 | loss: 0.035
iter:  5 | loss: 0.027
iter:  6 | loss: 0.006
iter:  7 | loss: 0.007
iter:  8 | loss: 0.004
iter:  9 | loss: 0.055
iter: 10 | loss: 0.022
iter: 11 | loss: 0.065
iter: 12 | loss: 0.008
iter: 13 | loss: 0.018
iter: 14 | loss: 0.004
iter: 15 | loss: 0.013
iter: 16 | loss: 0.007
iter: 17 | loss: 0.020
iter: 18 | loss: 0.011
iter: 19 | loss: 0.035
iter: 20 | loss: 0.017
iter: 21 | loss: 0.015
iter: 22 | loss: 0.004
iter: 23 | loss: 0.006
testing r= 5
rrse(target)=263.6865444993354 / 34.87594854780834 | rrse(all)=102839293895400.4 / 34622966134154.824 | report_mode=targets
[Validation] per_target_rrse_json={"us_Trade Weighted Dollar Index": 2.080956220626831, "jp_fx": 16.477741241455078, "kr_fx": 7.168666839599609}
[Validation] per_target_lag_mae_json={"us_Trade Weighted Dollar Index": 0.30606910586357117, "jp_fx": 0.8781183362007141, "kr_fx": 4.290971279144287}
[Validation] per_target_dir_mismatch_json={"us_Trade Weighted Dollar Index": 0.09090909090909091, "jp_fx": 0.6363636363636364, "kr_fx": 0.18181818181818182}
| end of epoch  26 | time:  6.37s | train_loss 0.0187 | valid rse 7.5607 | valid rae 10.1938 | valid corr  0.2956 | valid smape  0.3391 | focus_rrse 8.5758 | obj 8.5758
Experiment: 1
Iter: 0
epoch: 27
hp= [1, 0.0001, 32, 128, 256, 1024, 20, 0.0, 2, 50, 0.6, 0.1, 3, 27]
best sum= 17.458903194505602
best rrse= 7.56069886207886
best rrae= 10.19379246814604
best corr= 0.29558814
best smape= 0.3390709239385665
best objective= 8.575787544250488
best hps= [1, 0.0001, 32, 128, 256, 1024, 20, 0.0, 2, 50, 0.6, 0.1, 3, 1]
best test rse= 5.844344118793665
best test corr= 0.119861595
[Target-Weighted Loss] weights applied: {'us_Trade Weighted Dollar Index': 120.0, 'kr_fx': 120.0, 'jp_fx': 120.0}
[Target-Only Loss] enabled for columns: ['us_Trade Weighted Dollar Index', 'jp_fx', 'kr_fx']
[Bias Penalty] enabled lambda=0.7 scope=focus cols=['us_Trade Weighted Dollar Index', 'jp_fx', 'kr_fx']
iter:  0 | loss: 0.009
iter:  1 | loss: 0.006
iter:  2 | loss: 0.006
iter:  3 | loss: 0.027
iter:  4 | loss: 0.011
iter:  5 | loss: 0.018
iter:  6 | loss: 0.016
iter:  7 | loss: 0.009
iter:  8 | loss: 0.027
iter:  9 | loss: 0.022
iter: 10 | loss: 0.022
iter: 11 | loss: 0.020
iter: 12 | loss: 0.011
iter: 13 | loss: 0.004
iter: 14 | loss: 0.007
iter: 15 | loss: 0.009
iter: 16 | loss: 0.012
iter: 17 | loss: 0.038
iter: 18 | loss: 0.004
iter: 19 | loss: 0.024
iter: 20 | loss: 0.049
iter: 21 | loss: 0.024
iter: 22 | loss: 0.010
iter: 23 | loss: 0.039
testing r= 5
rrse(target)=263.6865444993354 / 34.87594854780834 | rrse(all)=102839293895400.4 / 34622966134154.824 | report_mode=targets
[Validation] per_target_rrse_json={"us_Trade Weighted Dollar Index": 2.080956220626831, "jp_fx": 16.477741241455078, "kr_fx": 7.168666839599609}
[Validation] per_target_lag_mae_json={"us_Trade Weighted Dollar Index": 0.30606910586357117, "jp_fx": 0.8781183362007141, "kr_fx": 4.290971279144287}
[Validation] per_target_dir_mismatch_json={"us_Trade Weighted Dollar Index": 0.09090909090909091, "jp_fx": 0.6363636363636364, "kr_fx": 0.18181818181818182}
| end of epoch  27 | time:  6.35s | train_loss 0.0174 | valid rse 7.5607 | valid rae 10.1938 | valid corr  0.2956 | valid smape  0.3391 | focus_rrse 8.5758 | obj 8.5758
Experiment: 1
Iter: 0
epoch: 28
hp= [1, 0.0001, 32, 128, 256, 1024, 20, 0.0, 2, 50, 0.6, 0.1, 3, 28]
best sum= 17.458903194505602
best rrse= 7.56069886207886
best rrae= 10.19379246814604
best corr= 0.29558814
best smape= 0.3390709239385665
best objective= 8.575787544250488
best hps= [1, 0.0001, 32, 128, 256, 1024, 20, 0.0, 2, 50, 0.6, 0.1, 3, 1]
best test rse= 5.844344118793665
best test corr= 0.119861595
[Target-Weighted Loss] weights applied: {'us_Trade Weighted Dollar Index': 120.0, 'kr_fx': 120.0, 'jp_fx': 120.0}
[Target-Only Loss] enabled for columns: ['us_Trade Weighted Dollar Index', 'jp_fx', 'kr_fx']
[Bias Penalty] enabled lambda=0.7 scope=focus cols=['us_Trade Weighted Dollar Index', 'jp_fx', 'kr_fx']
iter:  0 | loss: 0.009
iter:  1 | loss: 0.019
iter:  2 | loss: 0.028
iter:  3 | loss: 0.004
iter:  4 | loss: 0.032
iter:  5 | loss: 0.006
iter:  6 | loss: 0.016
iter:  7 | loss: 0.063
iter:  8 | loss: 0.011
iter:  9 | loss: 0.010
iter: 10 | loss: 0.009
iter: 11 | loss: 0.020
iter: 12 | loss: 0.013
iter: 13 | loss: 0.004
iter: 14 | loss: 0.017
iter: 15 | loss: 0.006
iter: 16 | loss: 0.010
iter: 17 | loss: 0.007
iter: 18 | loss: 0.009
iter: 19 | loss: 0.016
iter: 20 | loss: 0.054
iter: 21 | loss: 0.024
iter: 22 | loss: 0.015
iter: 23 | loss: 0.034
testing r= 5
rrse(target)=263.6865444993354 / 34.87594854780834 | rrse(all)=102839293895400.4 / 34622966134154.824 | report_mode=targets
[Validation] per_target_rrse_json={"us_Trade Weighted Dollar Index": 2.080956220626831, "jp_fx": 16.477741241455078, "kr_fx": 7.168666839599609}
[Validation] per_target_lag_mae_json={"us_Trade Weighted Dollar Index": 0.30606910586357117, "jp_fx": 0.8781183362007141, "kr_fx": 4.290971279144287}
[Validation] per_target_dir_mismatch_json={"us_Trade Weighted Dollar Index": 0.09090909090909091, "jp_fx": 0.6363636363636364, "kr_fx": 0.18181818181818182}
| end of epoch  28 | time:  6.40s | train_loss 0.0180 | valid rse 7.5607 | valid rae 10.1938 | valid corr  0.2956 | valid smape  0.3391 | focus_rrse 8.5758 | obj 8.5758
Experiment: 1
Iter: 0
epoch: 29
hp= [1, 0.0001, 32, 128, 256, 1024, 20, 0.0, 2, 50, 0.6, 0.1, 3, 29]
best sum= 17.458903194505602
best rrse= 7.56069886207886
best rrae= 10.19379246814604
best corr= 0.29558814
best smape= 0.3390709239385665
best objective= 8.575787544250488
best hps= [1, 0.0001, 32, 128, 256, 1024, 20, 0.0, 2, 50, 0.6, 0.1, 3, 1]
best test rse= 5.844344118793665
best test corr= 0.119861595
[Target-Weighted Loss] weights applied: {'us_Trade Weighted Dollar Index': 120.0, 'kr_fx': 120.0, 'jp_fx': 120.0}
[Target-Only Loss] enabled for columns: ['us_Trade Weighted Dollar Index', 'jp_fx', 'kr_fx']
[Bias Penalty] enabled lambda=0.7 scope=focus cols=['us_Trade Weighted Dollar Index', 'jp_fx', 'kr_fx']
iter:  0 | loss: 0.029
iter:  1 | loss: 0.015
iter:  2 | loss: 0.010
iter:  3 | loss: 0.020
iter:  4 | loss: 0.034
iter:  5 | loss: 0.005
iter:  6 | loss: 0.013
iter:  7 | loss: 0.015
iter:  8 | loss: 0.014
iter:  9 | loss: 0.004
iter: 10 | loss: 0.006
iter: 11 | loss: 0.031
iter: 12 | loss: 0.020
iter: 13 | loss: 0.055
iter: 14 | loss: 0.075
iter: 15 | loss: 0.019
iter: 16 | loss: 0.002
iter: 17 | loss: 0.005
iter: 18 | loss: 0.024
iter: 19 | loss: 0.015
iter: 20 | loss: 0.004
iter: 21 | loss: 0.012
iter: 22 | loss: 0.015
iter: 23 | loss: 0.009
testing r= 5
rrse(target)=263.6865444993354 / 34.87594854780834 | rrse(all)=102839293895400.4 / 34622966134154.824 | report_mode=targets
[Validation] per_target_rrse_json={"us_Trade Weighted Dollar Index": 2.080956220626831, "jp_fx": 16.477741241455078, "kr_fx": 7.168666839599609}
[Validation] per_target_lag_mae_json={"us_Trade Weighted Dollar Index": 0.30606910586357117, "jp_fx": 0.8781183362007141, "kr_fx": 4.290971279144287}
[Validation] per_target_dir_mismatch_json={"us_Trade Weighted Dollar Index": 0.09090909090909091, "jp_fx": 0.6363636363636364, "kr_fx": 0.18181818181818182}
| end of epoch  29 | time:  6.53s | train_loss 0.0190 | valid rse 7.5607 | valid rae 10.1938 | valid corr  0.2956 | valid smape  0.3391 | focus_rrse 8.5758 | obj 8.5758
Experiment: 1
Iter: 0
epoch: 30
hp= [1, 0.0001, 32, 128, 256, 1024, 20, 0.0, 2, 50, 0.6, 0.1, 3, 30]
best sum= 17.458903194505602
best rrse= 7.56069886207886
best rrae= 10.19379246814604
best corr= 0.29558814
best smape= 0.3390709239385665
best objective= 8.575787544250488
best hps= [1, 0.0001, 32, 128, 256, 1024, 20, 0.0, 2, 50, 0.6, 0.1, 3, 1]
best test rse= 5.844344118793665
best test corr= 0.119861595
[Target-Weighted Loss] weights applied: {'us_Trade Weighted Dollar Index': 120.0, 'kr_fx': 120.0, 'jp_fx': 120.0}
[Target-Only Loss] enabled for columns: ['us_Trade Weighted Dollar Index', 'jp_fx', 'kr_fx']
[Bias Penalty] enabled lambda=0.7 scope=focus cols=['us_Trade Weighted Dollar Index', 'jp_fx', 'kr_fx']
iter:  0 | loss: 0.022
iter:  1 | loss: 0.038
iter:  2 | loss: 0.009
iter:  3 | loss: 0.012
iter:  4 | loss: 0.005
iter:  5 | loss: 0.038
iter:  6 | loss: 0.003
iter:  7 | loss: 0.037
iter:  8 | loss: 0.019
iter:  9 | loss: 0.046
iter: 10 | loss: 0.014
iter: 11 | loss: 0.006
iter: 12 | loss: 0.005
iter: 13 | loss: 0.032
iter: 14 | loss: 0.005
iter: 15 | loss: 0.013
iter: 16 | loss: 0.013
iter: 17 | loss: 0.015
iter: 18 | loss: 0.017
iter: 19 | loss: 0.006
iter: 20 | loss: 0.017
iter: 21 | loss: 0.017
iter: 22 | loss: 0.018
iter: 23 | loss: 0.014
testing r= 5
rrse(target)=263.6865444993354 / 34.87594854780834 | rrse(all)=102839293895400.4 / 34622966134154.824 | report_mode=targets
[Validation] per_target_rrse_json={"us_Trade Weighted Dollar Index": 2.080956220626831, "jp_fx": 16.477741241455078, "kr_fx": 7.168666839599609}
[Validation] per_target_lag_mae_json={"us_Trade Weighted Dollar Index": 0.30606910586357117, "jp_fx": 0.8781183362007141, "kr_fx": 4.290971279144287}
[Validation] per_target_dir_mismatch_json={"us_Trade Weighted Dollar Index": 0.09090909090909091, "jp_fx": 0.6363636363636364, "kr_fx": 0.18181818181818182}
| end of epoch  30 | time:  6.21s | train_loss 0.0176 | valid rse 7.5607 | valid rae 10.1938 | valid corr  0.2956 | valid smape  0.3391 | focus_rrse 8.5758 | obj 8.5758
Experiment: 1
Iter: 0
epoch: 31
hp= [1, 0.0001, 32, 128, 256, 1024, 20, 0.0, 2, 50, 0.6, 0.1, 3, 31]
best sum= 17.458903194505602
best rrse= 7.56069886207886
best rrae= 10.19379246814604
best corr= 0.29558814
best smape= 0.3390709239385665
best objective= 8.575787544250488
best hps= [1, 0.0001, 32, 128, 256, 1024, 20, 0.0, 2, 50, 0.6, 0.1, 3, 1]
best test rse= 5.844344118793665
best test corr= 0.119861595
[Target-Weighted Loss] weights applied: {'us_Trade Weighted Dollar Index': 120.0, 'kr_fx': 120.0, 'jp_fx': 120.0}
[Target-Only Loss] enabled for columns: ['us_Trade Weighted Dollar Index', 'jp_fx', 'kr_fx']
[Bias Penalty] enabled lambda=0.7 scope=focus cols=['us_Trade Weighted Dollar Index', 'jp_fx', 'kr_fx']
iter:  0 | loss: 0.026
iter:  1 | loss: 0.011
iter:  2 | loss: 0.008
iter:  3 | loss: 0.045
iter:  4 | loss: 0.003
iter:  5 | loss: 0.025
iter:  6 | loss: 0.048
iter:  7 | loss: 0.007
iter:  8 | loss: 0.020
iter:  9 | loss: 0.005
iter: 10 | loss: 0.011
iter: 11 | loss: 0.015
iter: 12 | loss: 0.052
iter: 13 | loss: 0.031
iter: 14 | loss: 0.019
iter: 15 | loss: 0.012
iter: 16 | loss: 0.007
iter: 17 | loss: 0.017
iter: 18 | loss: 0.007
iter: 19 | loss: 0.006
iter: 20 | loss: 0.005
iter: 21 | loss: 0.008
iter: 22 | loss: 0.044
iter: 23 | loss: 0.009
testing r= 5
rrse(target)=263.6865444993354 / 34.87594854780834 | rrse(all)=102839293895400.4 / 34622966134154.824 | report_mode=targets
[Validation] per_target_rrse_json={"us_Trade Weighted Dollar Index": 2.080956220626831, "jp_fx": 16.477741241455078, "kr_fx": 7.168666839599609}
[Validation] per_target_lag_mae_json={"us_Trade Weighted Dollar Index": 0.30606910586357117, "jp_fx": 0.8781183362007141, "kr_fx": 4.290971279144287}
[Validation] per_target_dir_mismatch_json={"us_Trade Weighted Dollar Index": 0.09090909090909091, "jp_fx": 0.6363636363636364, "kr_fx": 0.18181818181818182}
| end of epoch  31 | time:  6.41s | train_loss 0.0186 | valid rse 7.5607 | valid rae 10.1938 | valid corr  0.2956 | valid smape  0.3391 | focus_rrse 8.5758 | obj 8.5758
Experiment: 1
Iter: 0
epoch: 32
hp= [1, 0.0001, 32, 128, 256, 1024, 20, 0.0, 2, 50, 0.6, 0.1, 3, 32]
best sum= 17.458903194505602
best rrse= 7.56069886207886
best rrae= 10.19379246814604
best corr= 0.29558814
best smape= 0.3390709239385665
best objective= 8.575787544250488
best hps= [1, 0.0001, 32, 128, 256, 1024, 20, 0.0, 2, 50, 0.6, 0.1, 3, 1]
best test rse= 5.844344118793665
best test corr= 0.119861595
[Target-Weighted Loss] weights applied: {'us_Trade Weighted Dollar Index': 120.0, 'kr_fx': 120.0, 'jp_fx': 120.0}
[Target-Only Loss] enabled for columns: ['us_Trade Weighted Dollar Index', 'jp_fx', 'kr_fx']
[Bias Penalty] enabled lambda=0.7 scope=focus cols=['us_Trade Weighted Dollar Index', 'jp_fx', 'kr_fx']
iter:  0 | loss: 0.026
iter:  1 | loss: 0.012
iter:  2 | loss: 0.011
iter:  3 | loss: 0.005
iter:  4 | loss: 0.036
iter:  5 | loss: 0.003
iter:  6 | loss: 0.013
iter:  7 | loss: 0.016
iter:  8 | loss: 0.023
iter:  9 | loss: 0.022
iter: 10 | loss: 0.006
iter: 11 | loss: 0.012
iter: 12 | loss: 0.037
iter: 13 | loss: 0.007
iter: 14 | loss: 0.042
iter: 15 | loss: 0.010
iter: 16 | loss: 0.030
iter: 17 | loss: 0.013
iter: 18 | loss: 0.019
iter: 19 | loss: 0.007
iter: 20 | loss: 0.006
iter: 21 | loss: 0.060
iter: 22 | loss: 0.004
iter: 23 | loss: 0.057
testing r= 5
rrse(target)=263.6865444993354 / 34.87594854780834 | rrse(all)=102839293895400.4 / 34622966134154.824 | report_mode=targets
[Validation] per_target_rrse_json={"us_Trade Weighted Dollar Index": 2.080956220626831, "jp_fx": 16.477741241455078, "kr_fx": 7.168666839599609}
[Validation] per_target_lag_mae_json={"us_Trade Weighted Dollar Index": 0.30606910586357117, "jp_fx": 0.8781183362007141, "kr_fx": 4.290971279144287}
[Validation] per_target_dir_mismatch_json={"us_Trade Weighted Dollar Index": 0.09090909090909091, "jp_fx": 0.6363636363636364, "kr_fx": 0.18181818181818182}
| end of epoch  32 | time:  6.22s | train_loss 0.0194 | valid rse 7.5607 | valid rae 10.1938 | valid corr  0.2956 | valid smape  0.3391 | focus_rrse 8.5758 | obj 8.5758
Experiment: 1
Iter: 0
epoch: 33
hp= [1, 0.0001, 32, 128, 256, 1024, 20, 0.0, 2, 50, 0.6, 0.1, 3, 33]
best sum= 17.458903194505602
best rrse= 7.56069886207886
best rrae= 10.19379246814604
best corr= 0.29558814
best smape= 0.3390709239385665
best objective= 8.575787544250488
best hps= [1, 0.0001, 32, 128, 256, 1024, 20, 0.0, 2, 50, 0.6, 0.1, 3, 1]
best test rse= 5.844344118793665
best test corr= 0.119861595
[Target-Weighted Loss] weights applied: {'us_Trade Weighted Dollar Index': 120.0, 'kr_fx': 120.0, 'jp_fx': 120.0}
[Target-Only Loss] enabled for columns: ['us_Trade Weighted Dollar Index', 'jp_fx', 'kr_fx']
[Bias Penalty] enabled lambda=0.7 scope=focus cols=['us_Trade Weighted Dollar Index', 'jp_fx', 'kr_fx']
iter:  0 | loss: 0.048
iter:  1 | loss: 0.015
iter:  2 | loss: 0.005
iter:  3 | loss: 0.022
iter:  4 | loss: 0.013
iter:  5 | loss: 0.020
iter:  6 | loss: 0.008
iter:  7 | loss: 0.010
iter:  8 | loss: 0.019
iter:  9 | loss: 0.006
iter: 10 | loss: 0.006
iter: 11 | loss: 0.004
iter: 12 | loss: 0.061
iter: 13 | loss: 0.040
iter: 14 | loss: 0.021
iter: 15 | loss: 0.009
iter: 16 | loss: 0.007
iter: 17 | loss: 0.026
iter: 18 | loss: 0.018
iter: 19 | loss: 0.014
iter: 20 | loss: 0.008
iter: 21 | loss: 0.048
iter: 22 | loss: 0.006
iter: 23 | loss: 0.036
testing r= 5
rrse(target)=263.6865444993354 / 34.87594854780834 | rrse(all)=102839293895400.4 / 34622966134154.824 | report_mode=targets
[Validation] per_target_rrse_json={"us_Trade Weighted Dollar Index": 2.080956220626831, "jp_fx": 16.477741241455078, "kr_fx": 7.168666839599609}
[Validation] per_target_lag_mae_json={"us_Trade Weighted Dollar Index": 0.30606910586357117, "jp_fx": 0.8781183362007141, "kr_fx": 4.290971279144287}
[Validation] per_target_dir_mismatch_json={"us_Trade Weighted Dollar Index": 0.09090909090909091, "jp_fx": 0.6363636363636364, "kr_fx": 0.18181818181818182}
| end of epoch  33 | time:  6.45s | train_loss 0.0194 | valid rse 7.5607 | valid rae 10.1938 | valid corr  0.2956 | valid smape  0.3391 | focus_rrse 8.5758 | obj 8.5758
Experiment: 1
Iter: 0
epoch: 34
hp= [1, 0.0001, 32, 128, 256, 1024, 20, 0.0, 2, 50, 0.6, 0.1, 3, 34]
best sum= 17.458903194505602
best rrse= 7.56069886207886
best rrae= 10.19379246814604
best corr= 0.29558814
best smape= 0.3390709239385665
best objective= 8.575787544250488
best hps= [1, 0.0001, 32, 128, 256, 1024, 20, 0.0, 2, 50, 0.6, 0.1, 3, 1]
best test rse= 5.844344118793665
best test corr= 0.119861595
[Target-Weighted Loss] weights applied: {'us_Trade Weighted Dollar Index': 120.0, 'kr_fx': 120.0, 'jp_fx': 120.0}
[Target-Only Loss] enabled for columns: ['us_Trade Weighted Dollar Index', 'jp_fx', 'kr_fx']
[Bias Penalty] enabled lambda=0.7 scope=focus cols=['us_Trade Weighted Dollar Index', 'jp_fx', 'kr_fx']
iter:  0 | loss: 0.006
iter:  1 | loss: 0.025
iter:  2 | loss: 0.012
iter:  3 | loss: 0.013
iter:  4 | loss: 0.014
iter:  5 | loss: 0.022
iter:  6 | loss: 0.012
iter:  7 | loss: 0.049
iter:  8 | loss: 0.016
iter:  9 | loss: 0.013
iter: 10 | loss: 0.010
iter: 11 | loss: 0.006
iter: 12 | loss: 0.014
iter: 13 | loss: 0.024
iter: 14 | loss: 0.021
iter: 15 | loss: 0.003
iter: 16 | loss: 0.012
iter: 17 | loss: 0.014
iter: 18 | loss: 0.022
iter: 19 | loss: 0.003
iter: 20 | loss: 0.016
iter: 21 | loss: 0.011
iter: 22 | loss: 0.034
iter: 23 | loss: 0.103
testing r= 5
rrse(target)=263.6865444993354 / 34.87594854780834 | rrse(all)=102839293895400.4 / 34622966134154.824 | report_mode=targets
[Validation] per_target_rrse_json={"us_Trade Weighted Dollar Index": 2.080956220626831, "jp_fx": 16.477741241455078, "kr_fx": 7.168666839599609}
[Validation] per_target_lag_mae_json={"us_Trade Weighted Dollar Index": 0.30606910586357117, "jp_fx": 0.8781183362007141, "kr_fx": 4.290971279144287}
[Validation] per_target_dir_mismatch_json={"us_Trade Weighted Dollar Index": 0.09090909090909091, "jp_fx": 0.6363636363636364, "kr_fx": 0.18181818181818182}
| end of epoch  34 | time:  6.87s | train_loss 0.0189 | valid rse 7.5607 | valid rae 10.1938 | valid corr  0.2956 | valid smape  0.3391 | focus_rrse 8.5758 | obj 8.5758
Experiment: 1
Iter: 0
epoch: 35
hp= [1, 0.0001, 32, 128, 256, 1024, 20, 0.0, 2, 50, 0.6, 0.1, 3, 35]
best sum= 17.458903194505602
best rrse= 7.56069886207886
best rrae= 10.19379246814604
best corr= 0.29558814
best smape= 0.3390709239385665
best objective= 8.575787544250488
best hps= [1, 0.0001, 32, 128, 256, 1024, 20, 0.0, 2, 50, 0.6, 0.1, 3, 1]
best test rse= 5.844344118793665
best test corr= 0.119861595
[Target-Weighted Loss] weights applied: {'us_Trade Weighted Dollar Index': 120.0, 'kr_fx': 120.0, 'jp_fx': 120.0}
[Target-Only Loss] enabled for columns: ['us_Trade Weighted Dollar Index', 'jp_fx', 'kr_fx']
[Bias Penalty] enabled lambda=0.7 scope=focus cols=['us_Trade Weighted Dollar Index', 'jp_fx', 'kr_fx']
iter:  0 | loss: 0.018
iter:  1 | loss: 0.014
iter:  2 | loss: 0.027
iter:  3 | loss: 0.007
iter:  4 | loss: 0.024
iter:  5 | loss: 0.003
iter:  6 | loss: 0.004
iter:  7 | loss: 0.006
iter:  8 | loss: 0.026
iter:  9 | loss: 0.026
iter: 10 | loss: 0.027
iter: 11 | loss: 0.017
iter: 12 | loss: 0.006
iter: 13 | loss: 0.004
iter: 14 | loss: 0.021
iter: 15 | loss: 0.045
iter: 16 | loss: 0.009
iter: 17 | loss: 0.025
iter: 18 | loss: 0.024
iter: 19 | loss: 0.012
iter: 20 | loss: 0.018
iter: 21 | loss: 0.030
iter: 22 | loss: 0.010
iter: 23 | loss: 0.024
testing r= 5
rrse(target)=263.6865444993354 / 34.87594854780834 | rrse(all)=102839293895400.4 / 34622966134154.824 | report_mode=targets
[Validation] per_target_rrse_json={"us_Trade Weighted Dollar Index": 2.080956220626831, "jp_fx": 16.477741241455078, "kr_fx": 7.168666839599609}
[Validation] per_target_lag_mae_json={"us_Trade Weighted Dollar Index": 0.30606910586357117, "jp_fx": 0.8781183362007141, "kr_fx": 4.290971279144287}
[Validation] per_target_dir_mismatch_json={"us_Trade Weighted Dollar Index": 0.09090909090909091, "jp_fx": 0.6363636363636364, "kr_fx": 0.18181818181818182}
| end of epoch  35 | time:  6.87s | train_loss 0.0178 | valid rse 7.5607 | valid rae 10.1938 | valid corr  0.2956 | valid smape  0.3391 | focus_rrse 8.5758 | obj 8.5758
Experiment: 1
Iter: 0
epoch: 36
hp= [1, 0.0001, 32, 128, 256, 1024, 20, 0.0, 2, 50, 0.6, 0.1, 3, 36]
best sum= 17.458903194505602
best rrse= 7.56069886207886
best rrae= 10.19379246814604
best corr= 0.29558814
best smape= 0.3390709239385665
best objective= 8.575787544250488
best hps= [1, 0.0001, 32, 128, 256, 1024, 20, 0.0, 2, 50, 0.6, 0.1, 3, 1]
best test rse= 5.844344118793665
best test corr= 0.119861595
[Target-Weighted Loss] weights applied: {'us_Trade Weighted Dollar Index': 120.0, 'kr_fx': 120.0, 'jp_fx': 120.0}
[Target-Only Loss] enabled for columns: ['us_Trade Weighted Dollar Index', 'jp_fx', 'kr_fx']
[Bias Penalty] enabled lambda=0.7 scope=focus cols=['us_Trade Weighted Dollar Index', 'jp_fx', 'kr_fx']
iter:  0 | loss: 0.016
iter:  1 | loss: 0.068
iter:  2 | loss: 0.004
iter:  3 | loss: 0.024
iter:  4 | loss: 0.011
iter:  5 | loss: 0.015
iter:  6 | loss: 0.046
iter:  7 | loss: 0.011
iter:  8 | loss: 0.011
iter:  9 | loss: 0.026
iter: 10 | loss: 0.006
iter: 11 | loss: 0.031
iter: 12 | loss: 0.006
iter: 13 | loss: 0.025
iter: 14 | loss: 0.005
iter: 15 | loss: 0.027
iter: 16 | loss: 0.006
iter: 17 | loss: 0.051
iter: 18 | loss: 0.004
iter: 19 | loss: 0.006
iter: 20 | loss: 0.029
iter: 21 | loss: 0.006
iter: 22 | loss: 0.014
iter: 23 | loss: 0.014
testing r= 5
rrse(target)=263.6865444993354 / 34.87594854780834 | rrse(all)=102839293895400.4 / 34622966134154.824 | report_mode=targets
[Validation] per_target_rrse_json={"us_Trade Weighted Dollar Index": 2.080956220626831, "jp_fx": 16.477741241455078, "kr_fx": 7.168666839599609}
[Validation] per_target_lag_mae_json={"us_Trade Weighted Dollar Index": 0.30606910586357117, "jp_fx": 0.8781183362007141, "kr_fx": 4.290971279144287}
[Validation] per_target_dir_mismatch_json={"us_Trade Weighted Dollar Index": 0.09090909090909091, "jp_fx": 0.6363636363636364, "kr_fx": 0.18181818181818182}
| end of epoch  36 | time:  6.24s | train_loss 0.0192 | valid rse 7.5607 | valid rae 10.1938 | valid corr  0.2956 | valid smape  0.3391 | focus_rrse 8.5758 | obj 8.5758
Experiment: 1
Iter: 0
epoch: 37
hp= [1, 0.0001, 32, 128, 256, 1024, 20, 0.0, 2, 50, 0.6, 0.1, 3, 37]
best sum= 17.458903194505602
best rrse= 7.56069886207886
best rrae= 10.19379246814604
best corr= 0.29558814
best smape= 0.3390709239385665
best objective= 8.575787544250488
best hps= [1, 0.0001, 32, 128, 256, 1024, 20, 0.0, 2, 50, 0.6, 0.1, 3, 1]
best test rse= 5.844344118793665
best test corr= 0.119861595
[Target-Weighted Loss] weights applied: {'us_Trade Weighted Dollar Index': 120.0, 'kr_fx': 120.0, 'jp_fx': 120.0}
[Target-Only Loss] enabled for columns: ['us_Trade Weighted Dollar Index', 'jp_fx', 'kr_fx']
[Bias Penalty] enabled lambda=0.7 scope=focus cols=['us_Trade Weighted Dollar Index', 'jp_fx', 'kr_fx']
iter:  0 | loss: 0.016
iter:  1 | loss: 0.010
iter:  2 | loss: 0.013
iter:  3 | loss: 0.007
iter:  4 | loss: 0.013
iter:  5 | loss: 0.005
iter:  6 | loss: 0.026
iter:  7 | loss: 0.016
iter:  8 | loss: 0.006
iter:  9 | loss: 0.027
iter: 10 | loss: 0.031
iter: 11 | loss: 0.009
iter: 12 | loss: 0.060
iter: 13 | loss: 0.004
iter: 14 | loss: 0.013
iter: 15 | loss: 0.071
iter: 16 | loss: 0.009
iter: 17 | loss: 0.029
iter: 18 | loss: 0.007
iter: 19 | loss: 0.019
iter: 20 | loss: 0.010
iter: 21 | loss: 0.009
iter: 22 | loss: 0.032
iter: 23 | loss: 0.009
testing r= 5
rrse(target)=263.6865444993354 / 34.87594854780834 | rrse(all)=102839293895400.4 / 34622966134154.824 | report_mode=targets
[Validation] per_target_rrse_json={"us_Trade Weighted Dollar Index": 2.080956220626831, "jp_fx": 16.477741241455078, "kr_fx": 7.168666839599609}
[Validation] per_target_lag_mae_json={"us_Trade Weighted Dollar Index": 0.30606910586357117, "jp_fx": 0.8781183362007141, "kr_fx": 4.290971279144287}
[Validation] per_target_dir_mismatch_json={"us_Trade Weighted Dollar Index": 0.09090909090909091, "jp_fx": 0.6363636363636364, "kr_fx": 0.18181818181818182}
| end of epoch  37 | time:  6.59s | train_loss 0.0188 | valid rse 7.5607 | valid rae 10.1938 | valid corr  0.2956 | valid smape  0.3391 | focus_rrse 8.5758 | obj 8.5758
Experiment: 1
Iter: 0
epoch: 38
hp= [1, 0.0001, 32, 128, 256, 1024, 20, 0.0, 2, 50, 0.6, 0.1, 3, 38]
best sum= 17.458903194505602
best rrse= 7.56069886207886
best rrae= 10.19379246814604
best corr= 0.29558814
best smape= 0.3390709239385665
best objective= 8.575787544250488
best hps= [1, 0.0001, 32, 128, 256, 1024, 20, 0.0, 2, 50, 0.6, 0.1, 3, 1]
best test rse= 5.844344118793665
best test corr= 0.119861595
[Target-Weighted Loss] weights applied: {'us_Trade Weighted Dollar Index': 120.0, 'kr_fx': 120.0, 'jp_fx': 120.0}
[Target-Only Loss] enabled for columns: ['us_Trade Weighted Dollar Index', 'jp_fx', 'kr_fx']
[Bias Penalty] enabled lambda=0.7 scope=focus cols=['us_Trade Weighted Dollar Index', 'jp_fx', 'kr_fx']
iter:  0 | loss: 0.017
iter:  1 | loss: 0.004
iter:  2 | loss: 0.024
iter:  3 | loss: 0.049
iter:  4 | loss: 0.011
iter:  5 | loss: 0.009
iter:  6 | loss: 0.017
iter:  7 | loss: 0.009
iter:  8 | loss: 0.008
iter:  9 | loss: 0.032
iter: 10 | loss: 0.035
iter: 11 | loss: 0.006
iter: 12 | loss: 0.018
iter: 13 | loss: 0.008
iter: 14 | loss: 0.007
iter: 15 | loss: 0.009
iter: 16 | loss: 0.009
iter: 17 | loss: 0.032
iter: 18 | loss: 0.014
iter: 19 | loss: 0.022
iter: 20 | loss: 0.036
iter: 21 | loss: 0.008
iter: 22 | loss: 0.034
iter: 23 | loss: 0.006
testing r= 5
rrse(target)=263.6865444993354 / 34.87594854780834 | rrse(all)=102839293895400.4 / 34622966134154.824 | report_mode=targets
[Validation] per_target_rrse_json={"us_Trade Weighted Dollar Index": 2.080956220626831, "jp_fx": 16.477741241455078, "kr_fx": 7.168666839599609}
[Validation] per_target_lag_mae_json={"us_Trade Weighted Dollar Index": 0.30606910586357117, "jp_fx": 0.8781183362007141, "kr_fx": 4.290971279144287}
[Validation] per_target_dir_mismatch_json={"us_Trade Weighted Dollar Index": 0.09090909090909091, "jp_fx": 0.6363636363636364, "kr_fx": 0.18181818181818182}
| end of epoch  38 | time:  6.63s | train_loss 0.0177 | valid rse 7.5607 | valid rae 10.1938 | valid corr  0.2956 | valid smape  0.3391 | focus_rrse 8.5758 | obj 8.5758
Experiment: 1
Iter: 0
epoch: 39
hp= [1, 0.0001, 32, 128, 256, 1024, 20, 0.0, 2, 50, 0.6, 0.1, 3, 39]
best sum= 17.458903194505602
best rrse= 7.56069886207886
best rrae= 10.19379246814604
best corr= 0.29558814
best smape= 0.3390709239385665
best objective= 8.575787544250488
best hps= [1, 0.0001, 32, 128, 256, 1024, 20, 0.0, 2, 50, 0.6, 0.1, 3, 1]
best test rse= 5.844344118793665
best test corr= 0.119861595
[Target-Weighted Loss] weights applied: {'us_Trade Weighted Dollar Index': 120.0, 'kr_fx': 120.0, 'jp_fx': 120.0}
[Target-Only Loss] enabled for columns: ['us_Trade Weighted Dollar Index', 'jp_fx', 'kr_fx']
[Bias Penalty] enabled lambda=0.7 scope=focus cols=['us_Trade Weighted Dollar Index', 'jp_fx', 'kr_fx']
iter:  0 | loss: 0.021
iter:  1 | loss: 0.011
iter:  2 | loss: 0.024
iter:  3 | loss: 0.034
iter:  4 | loss: 0.012
iter:  5 | loss: 0.017
iter:  6 | loss: 0.026
iter:  7 | loss: 0.003
iter:  8 | loss: 0.006
iter:  9 | loss: 0.005
iter: 10 | loss: 0.009
iter: 11 | loss: 0.026
iter: 12 | loss: 0.036
iter: 13 | loss: 0.049
iter: 14 | loss: 0.019
iter: 15 | loss: 0.014
iter: 16 | loss: 0.005
iter: 17 | loss: 0.012
iter: 18 | loss: 0.016
iter: 19 | loss: 0.005
iter: 20 | loss: 0.026
iter: 21 | loss: 0.014
iter: 22 | loss: 0.009
iter: 23 | loss: 0.028
testing r= 5
rrse(target)=263.6865444993354 / 34.87594854780834 | rrse(all)=102839293895400.4 / 34622966134154.824 | report_mode=targets
[Validation] per_target_rrse_json={"us_Trade Weighted Dollar Index": 2.080956220626831, "jp_fx": 16.477741241455078, "kr_fx": 7.168666839599609}
[Validation] per_target_lag_mae_json={"us_Trade Weighted Dollar Index": 0.30606910586357117, "jp_fx": 0.8781183362007141, "kr_fx": 4.290971279144287}
[Validation] per_target_dir_mismatch_json={"us_Trade Weighted Dollar Index": 0.09090909090909091, "jp_fx": 0.6363636363636364, "kr_fx": 0.18181818181818182}
| end of epoch  39 | time:  6.30s | train_loss 0.0176 | valid rse 7.5607 | valid rae 10.1938 | valid corr  0.2956 | valid smape  0.3391 | focus_rrse 8.5758 | obj 8.5758
Experiment: 1
Iter: 0
epoch: 40
hp= [1, 0.0001, 32, 128, 256, 1024, 20, 0.0, 2, 50, 0.6, 0.1, 3, 40]
best sum= 17.458903194505602
best rrse= 7.56069886207886
best rrae= 10.19379246814604
best corr= 0.29558814
best smape= 0.3390709239385665
best objective= 8.575787544250488
best hps= [1, 0.0001, 32, 128, 256, 1024, 20, 0.0, 2, 50, 0.6, 0.1, 3, 1]
best test rse= 5.844344118793665
best test corr= 0.119861595
[Target-Weighted Loss] weights applied: {'us_Trade Weighted Dollar Index': 120.0, 'kr_fx': 120.0, 'jp_fx': 120.0}
[Target-Only Loss] enabled for columns: ['us_Trade Weighted Dollar Index', 'jp_fx', 'kr_fx']
[Bias Penalty] enabled lambda=0.7 scope=focus cols=['us_Trade Weighted Dollar Index', 'jp_fx', 'kr_fx']
iter:  0 | loss: 0.003
iter:  1 | loss: 0.017
iter:  2 | loss: 0.012
iter:  3 | loss: 0.005
iter:  4 | loss: 0.031
iter:  5 | loss: 0.025
iter:  6 | loss: 0.008
iter:  7 | loss: 0.006
iter:  8 | loss: 0.043
iter:  9 | loss: 0.014
iter: 10 | loss: 0.027
iter: 11 | loss: 0.010
iter: 12 | loss: 0.012
iter: 13 | loss: 0.016
iter: 14 | loss: 0.047
iter: 15 | loss: 0.011
iter: 16 | loss: 0.017
iter: 17 | loss: 0.004
iter: 18 | loss: 0.009
iter: 19 | loss: 0.039
iter: 20 | loss: 0.051
iter: 21 | loss: 0.003
iter: 22 | loss: 0.006
iter: 23 | loss: 0.038
testing r= 5
rrse(target)=263.6865444993354 / 34.87594854780834 | rrse(all)=102839293895400.4 / 34622966134154.824 | report_mode=targets
[Validation] per_target_rrse_json={"us_Trade Weighted Dollar Index": 2.080956220626831, "jp_fx": 16.477741241455078, "kr_fx": 7.168666839599609}
[Validation] per_target_lag_mae_json={"us_Trade Weighted Dollar Index": 0.30606910586357117, "jp_fx": 0.8781183362007141, "kr_fx": 4.290971279144287}
[Validation] per_target_dir_mismatch_json={"us_Trade Weighted Dollar Index": 0.09090909090909091, "jp_fx": 0.6363636363636364, "kr_fx": 0.18181818181818182}
| end of epoch  40 | time:  6.45s | train_loss 0.0186 | valid rse 7.5607 | valid rae 10.1938 | valid corr  0.2956 | valid smape  0.3391 | focus_rrse 8.5758 | obj 8.5758
best val loss= 17.458903194505602
best hps= [1, 0.0001, 32, 128, 256, 1024, 20, 0.0, 2, 50, 0.6, 0.1, 3, 1]
testing r= 5
rrse(target)=263.6865444993354 / 34.87594854780834 | rrse(all)=102839293895400.4 / 34622966134154.824 | report_mode=targets
[Validation] per_target_rrse_json={"us_Trade Weighted Dollar Index": 2.080956220626831, "jp_fx": 16.477741241455078, "kr_fx": 7.168666839599609}
[Validation] per_target_lag_mae_json={"us_Trade Weighted Dollar Index": 0.30606910586357117, "jp_fx": 0.8781183362007141, "kr_fx": 4.290971279144287}
[Validation] per_target_dir_mismatch_json={"us_Trade Weighted Dollar Index": 0.09090909090909091, "jp_fx": 0.6363636363636364, "kr_fx": 0.18181818181818182}
[debias] mode=val_mean_error apply_to=focus offset={'us_Trade Weighted Dollar Index': -1.4358018636703491, 'jp_fx': -27.39979362487793, 'kr_fx': -70.64665985107422}
testing r= 5
rrse(target)=24.606427154794716 / 34.87594854780834 | rrse(all)=102839293895400.4 / 34622966134154.824 | report_mode=targets
[Validation] per_target_rrse_json={"us_Trade Weighted Dollar Index": 0.7729516625404358, "jp_fx": 1.0812478065490723, "kr_fx": 0.6915279626846313}
[Validation] per_target_lag_mae_json={"us_Trade Weighted Dollar Index": 0.30606910586357117, "jp_fx": 0.878119707107544, "kr_fx": 4.290971279144287}
[Validation] per_target_dir_mismatch_json={"us_Trade Weighted Dollar Index": 0.09090909090909091, "jp_fx": 0.6363636363636364, "kr_fx": 0.18181818181818182}
testing r= 5
rrse(target)=272.51400480067076 / 87.05327089004898 | rrse(all)=81355052393702.98 / 13118448721317.795 | report_mode=targets
[Testing] per_target_rrse_json={"us_Trade Weighted Dollar Index": 3.6426539421081543, "jp_fx": 4.872073173522949, "kr_fx": 3.104057550430298}
[Testing] per_target_lag_mae_json={"us_Trade Weighted Dollar Index": 0.5689502954483032, "jp_fx": 0.9539240002632141, "kr_fx": 7.9033427238464355}
[Testing] per_target_dir_mismatch_json={"us_Trade Weighted Dollar Index": 0.5454545454545454, "jp_fx": 0.6363636363636364, "kr_fx": 0.6363636363636364}
********************************************************************************************************
final test rse 3.1304 | test rae 3.7994 | test corr 0.1199 | test smape 0.3034
********************************************************************************************************



1 run average



valid	rse	rae
mean	0.7055	0.7658
std	0.0000	0.0000



test	rse	rae
mean	3.1304	3.7994
std	0.0000	0.0000
