CUDA not available, using CPU
[split_guard] {'n': 180, 'cutoff_idx': 168, 'cutoff_label': '25.Jan', 'valid_start_idx': 156, 'valid_end_idx': 168, 'valid_months': 12}
Loading data from /Users/samrobert/Documents/GitHub/Exchangeprediction/Cyber-trend-forecasting-main 3/B-MTGNN/data/sm_data.csv...
Data loaded and converted to numeric successfully.
Graph loaded with 1 attacks...
33 columns loaded
Adjacency created...
train X: torch.Size([119, 36, 33])
train Y: torch.Size([119, 1, 33])
valid X: torch.Size([11, 36, 33])
valid Y: torch.Size([11, 1, 33])
test X: torch.Size([11, 36, 33])
test Y: torch.Size([11, 1, 33])
test window: torch.Size([48, 33])
length of training set= 119
length of validation set= 11
length of testing set= 11
valid= 168
Auto-detected num_nodes: 33
Namespace(data='/Users/samrobert/Documents/GitHub/Exchangeprediction/Cyber-trend-forecasting-main 3/B-MTGNN/data/sm_data.csv', log_interval=2000, save='/Users/samrobert/Documents/GitHub/Exchangeprediction/Cyber-trend-forecasting-main 3/B-MTGNN/tuning_runs/20260220_181241/checkpoints/model_005.pt', optim='adam', L1Loss=True, loss_mode='mse', normalize=2, device='cuda:1', gcn_true=False, buildA_true=False, use_graph=0, gcn_depth=1, num_nodes=33, dropout=0.02, subgraph_size=30, node_dim=40, dilation_exponential=2, conv_channels=32, residual_channels=128, skip_channels=256, end_channels=1024, in_dim=1, seq_in_len=36, seq_out_len=1, horizon=1, layers=3, batch_size=4, lr=0.00018, weight_decay=1e-05, clip=10, propalpha=0.6, tanhalpha=0.1, epochs=40, num_split=1, step_size=100, ss_prob=0.1, train_ratio=0.8666666667, valid_ratio=0.0666666667, focus_targets=1, focus_nodes='us_Trade Weighted Dollar Index,jp_fx,kr_fx', focus_weight=1.0, focus_target_gain=90.0, focus_only_loss=1, anchor_focus_to_last=0.1, rse_targets='Us_Trade Weighted Dollar Index_Testing.txt,Jp_fx_Testing.txt,Kr_fx_Testing.txt', rse_report_mode='targets', debias_mode='val_mean_error', debias_apply_to='focus', bias_penalty=0.55, bias_penalty_scope='focus', plot_focus_only=0, debug_eval=0, rollout_mode='recursive', enforce_cutoff_split=1, cutoff_year_yy=25, min_valid_months=12, confidence_level=0.95, confidence_scale=3.0, confidence_mode='predictive', seed=777, plot=0, clean_cache=0, autotune_mode=1, apply_best_tuning=0, eval_best_tuning=0, target_profile='none', best_tuning_checkpoint='')
The recpetive field size is 43
Number of model parameters is 954977
begin training
Experiment: 1
Iter: 0
epoch: 1
hp= [1, 0.00018, 32, 128, 256, 1024, 30, 0.02, 2, 40, 0.6, 0.1, 3, 1]
best sum= 10000000
best rrse= 10000000
best rrae= 10000000
best corr= -10000000
best smape= 10000000
best objective= 10000000
best hps= []
best test rse= 10000000
best test corr= -10000000
[Target-Weighted Loss] weights applied: {'us_Trade Weighted Dollar Index': 90.0, 'kr_fx': 90.0, 'jp_fx': 90.0}
[Target-Only Loss] enabled for columns: ['us_Trade Weighted Dollar Index', 'jp_fx', 'kr_fx']
[Bias Penalty] enabled lambda=0.55 scope=focus cols=['us_Trade Weighted Dollar Index', 'jp_fx', 'kr_fx']
iter:  0 | loss: 0.048
iter:  1 | loss: 0.022
iter:  2 | loss: 0.033
iter:  3 | loss: 0.015
iter:  4 | loss: 0.026
iter:  5 | loss: 0.023
iter:  6 | loss: 0.037
iter:  7 | loss: 0.021
iter:  8 | loss: 0.022
iter:  9 | loss: 0.033
iter: 10 | loss: 0.014
iter: 11 | loss: 0.013
iter: 12 | loss: 0.016
iter: 13 | loss: 0.037
iter: 14 | loss: 0.026
iter: 15 | loss: 0.039
iter: 16 | loss: 0.023
iter: 17 | loss: 0.015
iter: 18 | loss: 0.025
iter: 19 | loss: 0.032
iter: 20 | loss: 0.016
iter: 21 | loss: 0.016
iter: 22 | loss: 0.019
iter: 23 | loss: 0.042
iter: 24 | loss: 0.019
iter: 25 | loss: 0.035
iter: 26 | loss: 0.034
iter: 27 | loss: 0.020
iter: 28 | loss: 0.010
iter: 29 | loss: 0.019
testing r= 5
rrse(target)=202.14650859586965 / 34.87594854780834 | rrse(all)=141949107595652.53 / 34622966134154.824 | report_mode=targets
[Validation] per_target_rrse_json={"us_Trade Weighted Dollar Index": 2.2730956077575684, "jp_fx": 11.89224910736084, "kr_fx": 5.540853023529053}
[Validation] per_target_lag_mae_json={"us_Trade Weighted Dollar Index": 0.25834932923316956, "jp_fx": 0.852362871170044, "kr_fx": 3.7997491359710693}
[Validation] per_target_dir_mismatch_json={"us_Trade Weighted Dollar Index": 0.09090909090909091, "jp_fx": 0.36363636363636365, "kr_fx": 0.18181818181818182}
| end of epoch   1 | time:  4.29s | train_loss 0.0252 | valid rse 5.7962 | valid rae 7.7078 | valid corr  0.3669 | valid smape  0.3492 | focus_rrse 6.5687 | obj 6.5687
testing r= 5
rrse(target)=269.6174228188898 / 87.05327089004898 | rrse(all)=100866738458441.52 / 13118448721317.795 | report_mode=targets
[Testing] per_target_rrse_json={"us_Trade Weighted Dollar Index": 2.3211236000061035, "jp_fx": 1.999058723449707, "kr_fx": 3.1086137294769287}
[Testing] per_target_lag_mae_json={"us_Trade Weighted Dollar Index": 0.555945634841919, "jp_fx": 1.1730666160583496, "kr_fx": 6.241244316101074}
[Testing] per_target_dir_mismatch_json={"us_Trade Weighted Dollar Index": 0.5454545454545454, "jp_fx": 0.7272727272727273, "kr_fx": 0.09090909090909091}
********************************************************************************************************
test rse 3.0972 | test rae 3.5207 | test corr 0.1768| test smape 0.3110 | test focus_rrse 2.4763
********************************************************************************************************
Experiment: 1
Iter: 0
epoch: 2
hp= [1, 0.00018, 32, 128, 256, 1024, 30, 0.02, 2, 40, 0.6, 0.1, 3, 2]
best sum= 13.137026718267972
best rrse= 5.79615801183916
best rrae= 7.7077600011466
best corr= 0.3668913
best smape= 0.34922204951770514
best objective= 6.568732738494873
best hps= [1, 0.00018, 32, 128, 256, 1024, 30, 0.02, 2, 40, 0.6, 0.1, 3, 1]
best test rse= 3.0971544212212896
best test corr= 0.17676377
[Target-Weighted Loss] weights applied: {'us_Trade Weighted Dollar Index': 90.0, 'kr_fx': 90.0, 'jp_fx': 90.0}
[Target-Only Loss] enabled for columns: ['us_Trade Weighted Dollar Index', 'jp_fx', 'kr_fx']
[Bias Penalty] enabled lambda=0.55 scope=focus cols=['us_Trade Weighted Dollar Index', 'jp_fx', 'kr_fx']
iter:  0 | loss: 0.029
iter:  1 | loss: 0.023
iter:  2 | loss: 0.056
iter:  3 | loss: 0.020
iter:  4 | loss: 0.009
iter:  5 | loss: 0.032
iter:  6 | loss: 0.028
iter:  7 | loss: 0.016
iter:  8 | loss: 0.032
iter:  9 | loss: 0.029
iter: 10 | loss: 0.039
iter: 11 | loss: 0.013
iter: 12 | loss: 0.023
iter: 13 | loss: 0.042
iter: 14 | loss: 0.024
iter: 15 | loss: 0.032
iter: 16 | loss: 0.020
iter: 17 | loss: 0.017
iter: 18 | loss: 0.021
iter: 19 | loss: 0.018
iter: 20 | loss: 0.014
iter: 21 | loss: 0.017
iter: 22 | loss: 0.014
iter: 23 | loss: 0.020
iter: 24 | loss: 0.034
iter: 25 | loss: 0.030
iter: 26 | loss: 0.046
iter: 27 | loss: 0.025
iter: 28 | loss: 0.010
iter: 29 | loss: 0.027
testing r= 5
rrse(target)=202.14650859586965 / 34.87594854780834 | rrse(all)=141949107595652.53 / 34622966134154.824 | report_mode=targets
[Validation] per_target_rrse_json={"us_Trade Weighted Dollar Index": 2.2730956077575684, "jp_fx": 11.89224910736084, "kr_fx": 5.540853023529053}
[Validation] per_target_lag_mae_json={"us_Trade Weighted Dollar Index": 0.25834932923316956, "jp_fx": 0.852362871170044, "kr_fx": 3.7997491359710693}
[Validation] per_target_dir_mismatch_json={"us_Trade Weighted Dollar Index": 0.09090909090909091, "jp_fx": 0.36363636363636365, "kr_fx": 0.18181818181818182}
| end of epoch   2 | time:  4.35s | train_loss 0.0253 | valid rse 5.7962 | valid rae 7.7078 | valid corr  0.3669 | valid smape  0.3492 | focus_rrse 6.5687 | obj 6.5687
Experiment: 1
Iter: 0
epoch: 3
hp= [1, 0.00018, 32, 128, 256, 1024, 30, 0.02, 2, 40, 0.6, 0.1, 3, 3]
best sum= 13.137026718267972
best rrse= 5.79615801183916
best rrae= 7.7077600011466
best corr= 0.3668913
best smape= 0.34922204951770514
best objective= 6.568732738494873
best hps= [1, 0.00018, 32, 128, 256, 1024, 30, 0.02, 2, 40, 0.6, 0.1, 3, 1]
best test rse= 3.0971544212212896
best test corr= 0.17676377
[Target-Weighted Loss] weights applied: {'us_Trade Weighted Dollar Index': 90.0, 'kr_fx': 90.0, 'jp_fx': 90.0}
[Target-Only Loss] enabled for columns: ['us_Trade Weighted Dollar Index', 'jp_fx', 'kr_fx']
[Bias Penalty] enabled lambda=0.55 scope=focus cols=['us_Trade Weighted Dollar Index', 'jp_fx', 'kr_fx']
iter:  0 | loss: 0.026
iter:  1 | loss: 0.031
iter:  2 | loss: 0.016
iter:  3 | loss: 0.014
iter:  4 | loss: 0.014
iter:  5 | loss: 0.032
iter:  6 | loss: 0.016
iter:  7 | loss: 0.032
iter:  8 | loss: 0.021
iter:  9 | loss: 0.022
iter: 10 | loss: 0.016
iter: 11 | loss: 0.032
iter: 12 | loss: 0.022
iter: 13 | loss: 0.034
iter: 14 | loss: 0.024
iter: 15 | loss: 0.009
iter: 16 | loss: 0.015
iter: 17 | loss: 0.024
iter: 18 | loss: 0.025
iter: 19 | loss: 0.024
iter: 20 | loss: 0.028
iter: 21 | loss: 0.018
iter: 22 | loss: 0.025
iter: 23 | loss: 0.015
iter: 24 | loss: 0.032
iter: 25 | loss: 0.026
iter: 26 | loss: 0.048
iter: 27 | loss: 0.037
iter: 28 | loss: 0.024
iter: 29 | loss: 0.037
testing r= 5
rrse(target)=202.14650859586965 / 34.87594854780834 | rrse(all)=141949107595652.53 / 34622966134154.824 | report_mode=targets
[Validation] per_target_rrse_json={"us_Trade Weighted Dollar Index": 2.2730956077575684, "jp_fx": 11.89224910736084, "kr_fx": 5.540853023529053}
[Validation] per_target_lag_mae_json={"us_Trade Weighted Dollar Index": 0.25834932923316956, "jp_fx": 0.852362871170044, "kr_fx": 3.7997491359710693}
[Validation] per_target_dir_mismatch_json={"us_Trade Weighted Dollar Index": 0.09090909090909091, "jp_fx": 0.36363636363636365, "kr_fx": 0.18181818181818182}
| end of epoch   3 | time:  4.26s | train_loss 0.0245 | valid rse 5.7962 | valid rae 7.7078 | valid corr  0.3669 | valid smape  0.3492 | focus_rrse 6.5687 | obj 6.5687
Experiment: 1
Iter: 0
epoch: 4
hp= [1, 0.00018, 32, 128, 256, 1024, 30, 0.02, 2, 40, 0.6, 0.1, 3, 4]
best sum= 13.137026718267972
best rrse= 5.79615801183916
best rrae= 7.7077600011466
best corr= 0.3668913
best smape= 0.34922204951770514
best objective= 6.568732738494873
best hps= [1, 0.00018, 32, 128, 256, 1024, 30, 0.02, 2, 40, 0.6, 0.1, 3, 1]
best test rse= 3.0971544212212896
best test corr= 0.17676377
[Target-Weighted Loss] weights applied: {'us_Trade Weighted Dollar Index': 90.0, 'kr_fx': 90.0, 'jp_fx': 90.0}
[Target-Only Loss] enabled for columns: ['us_Trade Weighted Dollar Index', 'jp_fx', 'kr_fx']
[Bias Penalty] enabled lambda=0.55 scope=focus cols=['us_Trade Weighted Dollar Index', 'jp_fx', 'kr_fx']
iter:  0 | loss: 0.027
iter:  1 | loss: 0.029
iter:  2 | loss: 0.022
iter:  3 | loss: 0.018
iter:  4 | loss: 0.022
iter:  5 | loss: 0.035
iter:  6 | loss: 0.041
iter:  7 | loss: 0.021
iter:  8 | loss: 0.024
iter:  9 | loss: 0.014
iter: 10 | loss: 0.021
iter: 11 | loss: 0.026
iter: 12 | loss: 0.008
iter: 13 | loss: 0.031
iter: 14 | loss: 0.053
iter: 15 | loss: 0.020
iter: 16 | loss: 0.025
iter: 17 | loss: 0.020
iter: 18 | loss: 0.007
iter: 19 | loss: 0.030
iter: 20 | loss: 0.028
iter: 21 | loss: 0.026
iter: 22 | loss: 0.015
iter: 23 | loss: 0.021
iter: 24 | loss: 0.035
iter: 25 | loss: 0.012
iter: 26 | loss: 0.028
iter: 27 | loss: 0.025
iter: 28 | loss: 0.020
iter: 29 | loss: 0.024
testing r= 5
rrse(target)=202.14650859586965 / 34.87594854780834 | rrse(all)=141949107595652.53 / 34622966134154.824 | report_mode=targets
[Validation] per_target_rrse_json={"us_Trade Weighted Dollar Index": 2.2730956077575684, "jp_fx": 11.89224910736084, "kr_fx": 5.540853023529053}
[Validation] per_target_lag_mae_json={"us_Trade Weighted Dollar Index": 0.25834932923316956, "jp_fx": 0.852362871170044, "kr_fx": 3.7997491359710693}
[Validation] per_target_dir_mismatch_json={"us_Trade Weighted Dollar Index": 0.09090909090909091, "jp_fx": 0.36363636363636365, "kr_fx": 0.18181818181818182}
| end of epoch   4 | time:  4.43s | train_loss 0.0242 | valid rse 5.7962 | valid rae 7.7078 | valid corr  0.3669 | valid smape  0.3492 | focus_rrse 6.5687 | obj 6.5687
Experiment: 1
Iter: 0
epoch: 5
hp= [1, 0.00018, 32, 128, 256, 1024, 30, 0.02, 2, 40, 0.6, 0.1, 3, 5]
best sum= 13.137026718267972
best rrse= 5.79615801183916
best rrae= 7.7077600011466
best corr= 0.3668913
best smape= 0.34922204951770514
best objective= 6.568732738494873
best hps= [1, 0.00018, 32, 128, 256, 1024, 30, 0.02, 2, 40, 0.6, 0.1, 3, 1]
best test rse= 3.0971544212212896
best test corr= 0.17676377
[Target-Weighted Loss] weights applied: {'us_Trade Weighted Dollar Index': 90.0, 'kr_fx': 90.0, 'jp_fx': 90.0}
[Target-Only Loss] enabled for columns: ['us_Trade Weighted Dollar Index', 'jp_fx', 'kr_fx']
[Bias Penalty] enabled lambda=0.55 scope=focus cols=['us_Trade Weighted Dollar Index', 'jp_fx', 'kr_fx']
iter:  0 | loss: 0.019
iter:  1 | loss: 0.020
iter:  2 | loss: 0.025
iter:  3 | loss: 0.016
iter:  4 | loss: 0.028
iter:  5 | loss: 0.012
iter:  6 | loss: 0.024
iter:  7 | loss: 0.015
iter:  8 | loss: 0.019
iter:  9 | loss: 0.036
iter: 10 | loss: 0.048
iter: 11 | loss: 0.018
iter: 12 | loss: 0.031
iter: 13 | loss: 0.039
iter: 14 | loss: 0.020
iter: 15 | loss: 0.014
iter: 16 | loss: 0.030
iter: 17 | loss: 0.028
iter: 18 | loss: 0.015
iter: 19 | loss: 0.023
iter: 20 | loss: 0.056
iter: 21 | loss: 0.022
iter: 22 | loss: 0.034
iter: 23 | loss: 0.015
iter: 24 | loss: 0.015
iter: 25 | loss: 0.017
iter: 26 | loss: 0.031
iter: 27 | loss: 0.024
iter: 28 | loss: 0.024
iter: 29 | loss: 0.011
testing r= 5
rrse(target)=202.14650859586965 / 34.87594854780834 | rrse(all)=141949107595652.53 / 34622966134154.824 | report_mode=targets
[Validation] per_target_rrse_json={"us_Trade Weighted Dollar Index": 2.2730956077575684, "jp_fx": 11.89224910736084, "kr_fx": 5.540853023529053}
[Validation] per_target_lag_mae_json={"us_Trade Weighted Dollar Index": 0.25834932923316956, "jp_fx": 0.852362871170044, "kr_fx": 3.7997491359710693}
[Validation] per_target_dir_mismatch_json={"us_Trade Weighted Dollar Index": 0.09090909090909091, "jp_fx": 0.36363636363636365, "kr_fx": 0.18181818181818182}
| end of epoch   5 | time:  4.52s | train_loss 0.0244 | valid rse 5.7962 | valid rae 7.7078 | valid corr  0.3669 | valid smape  0.3492 | focus_rrse 6.5687 | obj 6.5687
Experiment: 1
Iter: 0
epoch: 6
hp= [1, 0.00018, 32, 128, 256, 1024, 30, 0.02, 2, 40, 0.6, 0.1, 3, 6]
best sum= 13.137026718267972
best rrse= 5.79615801183916
best rrae= 7.7077600011466
best corr= 0.3668913
best smape= 0.34922204951770514
best objective= 6.568732738494873
best hps= [1, 0.00018, 32, 128, 256, 1024, 30, 0.02, 2, 40, 0.6, 0.1, 3, 1]
best test rse= 3.0971544212212896
best test corr= 0.17676377
[Target-Weighted Loss] weights applied: {'us_Trade Weighted Dollar Index': 90.0, 'kr_fx': 90.0, 'jp_fx': 90.0}
[Target-Only Loss] enabled for columns: ['us_Trade Weighted Dollar Index', 'jp_fx', 'kr_fx']
[Bias Penalty] enabled lambda=0.55 scope=focus cols=['us_Trade Weighted Dollar Index', 'jp_fx', 'kr_fx']
iter:  0 | loss: 0.026
iter:  1 | loss: 0.016
iter:  2 | loss: 0.029
iter:  3 | loss: 0.042
iter:  4 | loss: 0.010
iter:  5 | loss: 0.016
iter:  6 | loss: 0.026
iter:  7 | loss: 0.036
iter:  8 | loss: 0.045
iter:  9 | loss: 0.030
iter: 10 | loss: 0.018
iter: 11 | loss: 0.039
iter: 12 | loss: 0.022
iter: 13 | loss: 0.018
iter: 14 | loss: 0.017
iter: 15 | loss: 0.025
iter: 16 | loss: 0.012
iter: 17 | loss: 0.024
iter: 18 | loss: 0.024
iter: 19 | loss: 0.014
iter: 20 | loss: 0.044
iter: 21 | loss: 0.021
iter: 22 | loss: 0.021
iter: 23 | loss: 0.032
iter: 24 | loss: 0.033
iter: 25 | loss: 0.039
iter: 26 | loss: 0.020
iter: 27 | loss: 0.026
iter: 28 | loss: 0.015
iter: 29 | loss: 0.017
testing r= 5
rrse(target)=202.14650859586965 / 34.87594854780834 | rrse(all)=141949107595652.53 / 34622966134154.824 | report_mode=targets
[Validation] per_target_rrse_json={"us_Trade Weighted Dollar Index": 2.2730956077575684, "jp_fx": 11.89224910736084, "kr_fx": 5.540853023529053}
[Validation] per_target_lag_mae_json={"us_Trade Weighted Dollar Index": 0.25834932923316956, "jp_fx": 0.852362871170044, "kr_fx": 3.7997491359710693}
[Validation] per_target_dir_mismatch_json={"us_Trade Weighted Dollar Index": 0.09090909090909091, "jp_fx": 0.36363636363636365, "kr_fx": 0.18181818181818182}
| end of epoch   6 | time:  4.20s | train_loss 0.0253 | valid rse 5.7962 | valid rae 7.7078 | valid corr  0.3669 | valid smape  0.3492 | focus_rrse 6.5687 | obj 6.5687
Experiment: 1
Iter: 0
epoch: 7
hp= [1, 0.00018, 32, 128, 256, 1024, 30, 0.02, 2, 40, 0.6, 0.1, 3, 7]
best sum= 13.137026718267972
best rrse= 5.79615801183916
best rrae= 7.7077600011466
best corr= 0.3668913
best smape= 0.34922204951770514
best objective= 6.568732738494873
best hps= [1, 0.00018, 32, 128, 256, 1024, 30, 0.02, 2, 40, 0.6, 0.1, 3, 1]
best test rse= 3.0971544212212896
best test corr= 0.17676377
[Target-Weighted Loss] weights applied: {'us_Trade Weighted Dollar Index': 90.0, 'kr_fx': 90.0, 'jp_fx': 90.0}
[Target-Only Loss] enabled for columns: ['us_Trade Weighted Dollar Index', 'jp_fx', 'kr_fx']
[Bias Penalty] enabled lambda=0.55 scope=focus cols=['us_Trade Weighted Dollar Index', 'jp_fx', 'kr_fx']
iter:  0 | loss: 0.037
iter:  1 | loss: 0.030
iter:  2 | loss: 0.018
iter:  3 | loss: 0.028
iter:  4 | loss: 0.018
iter:  5 | loss: 0.045
iter:  6 | loss: 0.021
iter:  7 | loss: 0.029
iter:  8 | loss: 0.032
iter:  9 | loss: 0.023
iter: 10 | loss: 0.038
iter: 11 | loss: 0.033
iter: 12 | loss: 0.014
iter: 13 | loss: 0.021
iter: 14 | loss: 0.039
iter: 15 | loss: 0.021
iter: 16 | loss: 0.026
iter: 17 | loss: 0.019
iter: 18 | loss: 0.023
iter: 19 | loss: 0.020
iter: 20 | loss: 0.024
iter: 21 | loss: 0.022
iter: 22 | loss: 0.012
iter: 23 | loss: 0.016
iter: 24 | loss: 0.012
iter: 25 | loss: 0.017
iter: 26 | loss: 0.011
iter: 27 | loss: 0.025
iter: 28 | loss: 0.023
iter: 29 | loss: 0.083
testing r= 5
rrse(target)=202.14650859586965 / 34.87594854780834 | rrse(all)=141949107595652.53 / 34622966134154.824 | report_mode=targets
[Validation] per_target_rrse_json={"us_Trade Weighted Dollar Index": 2.2730956077575684, "jp_fx": 11.89224910736084, "kr_fx": 5.540853023529053}
[Validation] per_target_lag_mae_json={"us_Trade Weighted Dollar Index": 0.25834932923316956, "jp_fx": 0.852362871170044, "kr_fx": 3.7997491359710693}
[Validation] per_target_dir_mismatch_json={"us_Trade Weighted Dollar Index": 0.09090909090909091, "jp_fx": 0.36363636363636365, "kr_fx": 0.18181818181818182}
| end of epoch   7 | time:  4.23s | train_loss 0.0256 | valid rse 5.7962 | valid rae 7.7078 | valid corr  0.3669 | valid smape  0.3492 | focus_rrse 6.5687 | obj 6.5687
Experiment: 1
Iter: 0
epoch: 8
hp= [1, 0.00018, 32, 128, 256, 1024, 30, 0.02, 2, 40, 0.6, 0.1, 3, 8]
best sum= 13.137026718267972
best rrse= 5.79615801183916
best rrae= 7.7077600011466
best corr= 0.3668913
best smape= 0.34922204951770514
best objective= 6.568732738494873
best hps= [1, 0.00018, 32, 128, 256, 1024, 30, 0.02, 2, 40, 0.6, 0.1, 3, 1]
best test rse= 3.0971544212212896
best test corr= 0.17676377
[Target-Weighted Loss] weights applied: {'us_Trade Weighted Dollar Index': 90.0, 'kr_fx': 90.0, 'jp_fx': 90.0}
[Target-Only Loss] enabled for columns: ['us_Trade Weighted Dollar Index', 'jp_fx', 'kr_fx']
[Bias Penalty] enabled lambda=0.55 scope=focus cols=['us_Trade Weighted Dollar Index', 'jp_fx', 'kr_fx']
iter:  0 | loss: 0.025
iter:  1 | loss: 0.023
iter:  2 | loss: 0.026
iter:  3 | loss: 0.014
iter:  4 | loss: 0.023
iter:  5 | loss: 0.015
iter:  6 | loss: 0.042
iter:  7 | loss: 0.019
iter:  8 | loss: 0.064
iter:  9 | loss: 0.008
iter: 10 | loss: 0.013
iter: 11 | loss: 0.036
iter: 12 | loss: 0.054
iter: 13 | loss: 0.035
iter: 14 | loss: 0.033
iter: 15 | loss: 0.021
iter: 16 | loss: 0.018
iter: 17 | loss: 0.016
iter: 18 | loss: 0.036
iter: 19 | loss: 0.012
iter: 20 | loss: 0.016
iter: 21 | loss: 0.024
iter: 22 | loss: 0.035
iter: 23 | loss: 0.017
iter: 24 | loss: 0.019
iter: 25 | loss: 0.019
iter: 26 | loss: 0.009
iter: 27 | loss: 0.033
iter: 28 | loss: 0.022
iter: 29 | loss: 0.011
testing r= 5
rrse(target)=202.14650859586965 / 34.87594854780834 | rrse(all)=141949107595652.53 / 34622966134154.824 | report_mode=targets
[Validation] per_target_rrse_json={"us_Trade Weighted Dollar Index": 2.2730956077575684, "jp_fx": 11.89224910736084, "kr_fx": 5.540853023529053}
[Validation] per_target_lag_mae_json={"us_Trade Weighted Dollar Index": 0.25834932923316956, "jp_fx": 0.852362871170044, "kr_fx": 3.7997491359710693}
[Validation] per_target_dir_mismatch_json={"us_Trade Weighted Dollar Index": 0.09090909090909091, "jp_fx": 0.36363636363636365, "kr_fx": 0.18181818181818182}
| end of epoch   8 | time:  4.39s | train_loss 0.0247 | valid rse 5.7962 | valid rae 7.7078 | valid corr  0.3669 | valid smape  0.3492 | focus_rrse 6.5687 | obj 6.5687
Experiment: 1
Iter: 0
epoch: 9
hp= [1, 0.00018, 32, 128, 256, 1024, 30, 0.02, 2, 40, 0.6, 0.1, 3, 9]
best sum= 13.137026718267972
best rrse= 5.79615801183916
best rrae= 7.7077600011466
best corr= 0.3668913
best smape= 0.34922204951770514
best objective= 6.568732738494873
best hps= [1, 0.00018, 32, 128, 256, 1024, 30, 0.02, 2, 40, 0.6, 0.1, 3, 1]
best test rse= 3.0971544212212896
best test corr= 0.17676377
[Target-Weighted Loss] weights applied: {'us_Trade Weighted Dollar Index': 90.0, 'kr_fx': 90.0, 'jp_fx': 90.0}
[Target-Only Loss] enabled for columns: ['us_Trade Weighted Dollar Index', 'jp_fx', 'kr_fx']
[Bias Penalty] enabled lambda=0.55 scope=focus cols=['us_Trade Weighted Dollar Index', 'jp_fx', 'kr_fx']
iter:  0 | loss: 0.048
iter:  1 | loss: 0.026
iter:  2 | loss: 0.030
iter:  3 | loss: 0.026
iter:  4 | loss: 0.012
iter:  5 | loss: 0.058
iter:  6 | loss: 0.011
iter:  7 | loss: 0.039
iter:  8 | loss: 0.014
iter:  9 | loss: 0.024
iter: 10 | loss: 0.009
iter: 11 | loss: 0.017
iter: 12 | loss: 0.017
iter: 13 | loss: 0.011
iter: 14 | loss: 0.034
iter: 15 | loss: 0.025
iter: 16 | loss: 0.033
iter: 17 | loss: 0.026
iter: 18 | loss: 0.029
iter: 19 | loss: 0.024
iter: 20 | loss: 0.022
iter: 21 | loss: 0.026
iter: 22 | loss: 0.049
iter: 23 | loss: 0.021
iter: 24 | loss: 0.017
iter: 25 | loss: 0.018
iter: 26 | loss: 0.015
iter: 27 | loss: 0.023
iter: 28 | loss: 0.020
iter: 29 | loss: 0.031
testing r= 5
rrse(target)=202.14650859586965 / 34.87594854780834 | rrse(all)=141949107595652.53 / 34622966134154.824 | report_mode=targets
[Validation] per_target_rrse_json={"us_Trade Weighted Dollar Index": 2.2730956077575684, "jp_fx": 11.89224910736084, "kr_fx": 5.540853023529053}
[Validation] per_target_lag_mae_json={"us_Trade Weighted Dollar Index": 0.25834932923316956, "jp_fx": 0.852362871170044, "kr_fx": 3.7997491359710693}
[Validation] per_target_dir_mismatch_json={"us_Trade Weighted Dollar Index": 0.09090909090909091, "jp_fx": 0.36363636363636365, "kr_fx": 0.18181818181818182}
| end of epoch   9 | time:  4.38s | train_loss 0.0251 | valid rse 5.7962 | valid rae 7.7078 | valid corr  0.3669 | valid smape  0.3492 | focus_rrse 6.5687 | obj 6.5687
Experiment: 1
Iter: 0
epoch: 10
hp= [1, 0.00018, 32, 128, 256, 1024, 30, 0.02, 2, 40, 0.6, 0.1, 3, 10]
best sum= 13.137026718267972
best rrse= 5.79615801183916
best rrae= 7.7077600011466
best corr= 0.3668913
best smape= 0.34922204951770514
best objective= 6.568732738494873
best hps= [1, 0.00018, 32, 128, 256, 1024, 30, 0.02, 2, 40, 0.6, 0.1, 3, 1]
best test rse= 3.0971544212212896
best test corr= 0.17676377
[Target-Weighted Loss] weights applied: {'us_Trade Weighted Dollar Index': 90.0, 'kr_fx': 90.0, 'jp_fx': 90.0}
[Target-Only Loss] enabled for columns: ['us_Trade Weighted Dollar Index', 'jp_fx', 'kr_fx']
[Bias Penalty] enabled lambda=0.55 scope=focus cols=['us_Trade Weighted Dollar Index', 'jp_fx', 'kr_fx']
iter:  0 | loss: 0.015
iter:  1 | loss: 0.010
iter:  2 | loss: 0.012
iter:  3 | loss: 0.034
iter:  4 | loss: 0.026
iter:  5 | loss: 0.022
iter:  6 | loss: 0.024
iter:  7 | loss: 0.021
iter:  8 | loss: 0.024
iter:  9 | loss: 0.016
iter: 10 | loss: 0.051
iter: 11 | loss: 0.046
iter: 12 | loss: 0.016
iter: 13 | loss: 0.019
iter: 14 | loss: 0.019
iter: 15 | loss: 0.015
iter: 16 | loss: 0.030
iter: 17 | loss: 0.036
iter: 18 | loss: 0.017
iter: 19 | loss: 0.028
iter: 20 | loss: 0.020
iter: 21 | loss: 0.021
iter: 22 | loss: 0.031
iter: 23 | loss: 0.026
iter: 24 | loss: 0.021
iter: 25 | loss: 0.025
iter: 26 | loss: 0.028
iter: 27 | loss: 0.015
iter: 28 | loss: 0.033
iter: 29 | loss: 0.062
testing r= 5
rrse(target)=202.14650859586965 / 34.87594854780834 | rrse(all)=141949107595652.53 / 34622966134154.824 | report_mode=targets
[Validation] per_target_rrse_json={"us_Trade Weighted Dollar Index": 2.2730956077575684, "jp_fx": 11.89224910736084, "kr_fx": 5.540853023529053}
[Validation] per_target_lag_mae_json={"us_Trade Weighted Dollar Index": 0.25834932923316956, "jp_fx": 0.852362871170044, "kr_fx": 3.7997491359710693}
[Validation] per_target_dir_mismatch_json={"us_Trade Weighted Dollar Index": 0.09090909090909091, "jp_fx": 0.36363636363636365, "kr_fx": 0.18181818181818182}
| end of epoch  10 | time:  4.29s | train_loss 0.0252 | valid rse 5.7962 | valid rae 7.7078 | valid corr  0.3669 | valid smape  0.3492 | focus_rrse 6.5687 | obj 6.5687
Experiment: 1
Iter: 0
epoch: 11
hp= [1, 0.00018, 32, 128, 256, 1024, 30, 0.02, 2, 40, 0.6, 0.1, 3, 11]
best sum= 13.137026718267972
best rrse= 5.79615801183916
best rrae= 7.7077600011466
best corr= 0.3668913
best smape= 0.34922204951770514
best objective= 6.568732738494873
best hps= [1, 0.00018, 32, 128, 256, 1024, 30, 0.02, 2, 40, 0.6, 0.1, 3, 1]
best test rse= 3.0971544212212896
best test corr= 0.17676377
[Target-Weighted Loss] weights applied: {'us_Trade Weighted Dollar Index': 90.0, 'kr_fx': 90.0, 'jp_fx': 90.0}
[Target-Only Loss] enabled for columns: ['us_Trade Weighted Dollar Index', 'jp_fx', 'kr_fx']
[Bias Penalty] enabled lambda=0.55 scope=focus cols=['us_Trade Weighted Dollar Index', 'jp_fx', 'kr_fx']
iter:  0 | loss: 0.018
iter:  1 | loss: 0.034
iter:  2 | loss: 0.016
iter:  3 | loss: 0.016
iter:  4 | loss: 0.026
iter:  5 | loss: 0.024
iter:  6 | loss: 0.017
iter:  7 | loss: 0.033
iter:  8 | loss: 0.044
iter:  9 | loss: 0.031
iter: 10 | loss: 0.028
iter: 11 | loss: 0.025
iter: 12 | loss: 0.015
iter: 13 | loss: 0.030
iter: 14 | loss: 0.038
iter: 15 | loss: 0.016
iter: 16 | loss: 0.013
iter: 17 | loss: 0.021
iter: 18 | loss: 0.021
iter: 19 | loss: 0.014
iter: 20 | loss: 0.025
iter: 21 | loss: 0.017
iter: 22 | loss: 0.038
iter: 23 | loss: 0.009
iter: 24 | loss: 0.018
iter: 25 | loss: 0.054
iter: 26 | loss: 0.026
iter: 27 | loss: 0.018
iter: 28 | loss: 0.042
iter: 29 | loss: 0.041
testing r= 5
rrse(target)=202.14650859586965 / 34.87594854780834 | rrse(all)=141949107595652.53 / 34622966134154.824 | report_mode=targets
[Validation] per_target_rrse_json={"us_Trade Weighted Dollar Index": 2.2730956077575684, "jp_fx": 11.89224910736084, "kr_fx": 5.540853023529053}
[Validation] per_target_lag_mae_json={"us_Trade Weighted Dollar Index": 0.25834932923316956, "jp_fx": 0.852362871170044, "kr_fx": 3.7997491359710693}
[Validation] per_target_dir_mismatch_json={"us_Trade Weighted Dollar Index": 0.09090909090909091, "jp_fx": 0.36363636363636365, "kr_fx": 0.18181818181818182}
| end of epoch  11 | time:  4.25s | train_loss 0.0255 | valid rse 5.7962 | valid rae 7.7078 | valid corr  0.3669 | valid smape  0.3492 | focus_rrse 6.5687 | obj 6.5687
Experiment: 1
Iter: 0
epoch: 12
hp= [1, 0.00018, 32, 128, 256, 1024, 30, 0.02, 2, 40, 0.6, 0.1, 3, 12]
best sum= 13.137026718267972
best rrse= 5.79615801183916
best rrae= 7.7077600011466
best corr= 0.3668913
best smape= 0.34922204951770514
best objective= 6.568732738494873
best hps= [1, 0.00018, 32, 128, 256, 1024, 30, 0.02, 2, 40, 0.6, 0.1, 3, 1]
best test rse= 3.0971544212212896
best test corr= 0.17676377
[Target-Weighted Loss] weights applied: {'us_Trade Weighted Dollar Index': 90.0, 'kr_fx': 90.0, 'jp_fx': 90.0}
[Target-Only Loss] enabled for columns: ['us_Trade Weighted Dollar Index', 'jp_fx', 'kr_fx']
[Bias Penalty] enabled lambda=0.55 scope=focus cols=['us_Trade Weighted Dollar Index', 'jp_fx', 'kr_fx']
iter:  0 | loss: 0.018
iter:  1 | loss: 0.016
iter:  2 | loss: 0.009
iter:  3 | loss: 0.049
iter:  4 | loss: 0.036
iter:  5 | loss: 0.021
iter:  6 | loss: 0.024
iter:  7 | loss: 0.018
iter:  8 | loss: 0.025
iter:  9 | loss: 0.020
iter: 10 | loss: 0.010
iter: 11 | loss: 0.026
iter: 12 | loss: 0.043
iter: 13 | loss: 0.026
iter: 14 | loss: 0.027
iter: 15 | loss: 0.022
iter: 16 | loss: 0.016
iter: 17 | loss: 0.016
iter: 18 | loss: 0.026
iter: 19 | loss: 0.020
iter: 20 | loss: 0.015
iter: 21 | loss: 0.028
iter: 22 | loss: 0.038
iter: 23 | loss: 0.017
iter: 24 | loss: 0.063
iter: 25 | loss: 0.028
iter: 26 | loss: 0.018
iter: 27 | loss: 0.012
iter: 28 | loss: 0.040
iter: 29 | loss: 0.040
testing r= 5
rrse(target)=202.14650859586965 / 34.87594854780834 | rrse(all)=141949107595652.53 / 34622966134154.824 | report_mode=targets
[Validation] per_target_rrse_json={"us_Trade Weighted Dollar Index": 2.2730956077575684, "jp_fx": 11.89224910736084, "kr_fx": 5.540853023529053}
[Validation] per_target_lag_mae_json={"us_Trade Weighted Dollar Index": 0.25834932923316956, "jp_fx": 0.852362871170044, "kr_fx": 3.7997491359710693}
[Validation] per_target_dir_mismatch_json={"us_Trade Weighted Dollar Index": 0.09090909090909091, "jp_fx": 0.36363636363636365, "kr_fx": 0.18181818181818182}
| end of epoch  12 | time:  4.22s | train_loss 0.0255 | valid rse 5.7962 | valid rae 7.7078 | valid corr  0.3669 | valid smape  0.3492 | focus_rrse 6.5687 | obj 6.5687
Experiment: 1
Iter: 0
epoch: 13
hp= [1, 0.00018, 32, 128, 256, 1024, 30, 0.02, 2, 40, 0.6, 0.1, 3, 13]
best sum= 13.137026718267972
best rrse= 5.79615801183916
best rrae= 7.7077600011466
best corr= 0.3668913
best smape= 0.34922204951770514
best objective= 6.568732738494873
best hps= [1, 0.00018, 32, 128, 256, 1024, 30, 0.02, 2, 40, 0.6, 0.1, 3, 1]
best test rse= 3.0971544212212896
best test corr= 0.17676377
[Target-Weighted Loss] weights applied: {'us_Trade Weighted Dollar Index': 90.0, 'kr_fx': 90.0, 'jp_fx': 90.0}
[Target-Only Loss] enabled for columns: ['us_Trade Weighted Dollar Index', 'jp_fx', 'kr_fx']
[Bias Penalty] enabled lambda=0.55 scope=focus cols=['us_Trade Weighted Dollar Index', 'jp_fx', 'kr_fx']
iter:  0 | loss: 0.022
iter:  1 | loss: 0.029
iter:  2 | loss: 0.033
iter:  3 | loss: 0.018
iter:  4 | loss: 0.019
iter:  5 | loss: 0.045
iter:  6 | loss: 0.020
iter:  7 | loss: 0.014
iter:  8 | loss: 0.023
iter:  9 | loss: 0.018
iter: 10 | loss: 0.019
iter: 11 | loss: 0.034
iter: 12 | loss: 0.021
iter: 13 | loss: 0.047
iter: 14 | loss: 0.016
iter: 15 | loss: 0.030
iter: 16 | loss: 0.031
iter: 17 | loss: 0.032
iter: 18 | loss: 0.016
iter: 19 | loss: 0.011
iter: 20 | loss: 0.014
iter: 21 | loss: 0.034
iter: 22 | loss: 0.040
iter: 23 | loss: 0.023
iter: 24 | loss: 0.026
iter: 25 | loss: 0.018
iter: 26 | loss: 0.010
iter: 27 | loss: 0.033
iter: 28 | loss: 0.025
iter: 29 | loss: 0.055
testing r= 5
rrse(target)=202.14650859586965 / 34.87594854780834 | rrse(all)=141949107595652.53 / 34622966134154.824 | report_mode=targets
[Validation] per_target_rrse_json={"us_Trade Weighted Dollar Index": 2.2730956077575684, "jp_fx": 11.89224910736084, "kr_fx": 5.540853023529053}
[Validation] per_target_lag_mae_json={"us_Trade Weighted Dollar Index": 0.25834932923316956, "jp_fx": 0.852362871170044, "kr_fx": 3.7997491359710693}
[Validation] per_target_dir_mismatch_json={"us_Trade Weighted Dollar Index": 0.09090909090909091, "jp_fx": 0.36363636363636365, "kr_fx": 0.18181818181818182}
| end of epoch  13 | time:  4.57s | train_loss 0.0256 | valid rse 5.7962 | valid rae 7.7078 | valid corr  0.3669 | valid smape  0.3492 | focus_rrse 6.5687 | obj 6.5687
Experiment: 1
Iter: 0
epoch: 14
hp= [1, 0.00018, 32, 128, 256, 1024, 30, 0.02, 2, 40, 0.6, 0.1, 3, 14]
best sum= 13.137026718267972
best rrse= 5.79615801183916
best rrae= 7.7077600011466
best corr= 0.3668913
best smape= 0.34922204951770514
best objective= 6.568732738494873
best hps= [1, 0.00018, 32, 128, 256, 1024, 30, 0.02, 2, 40, 0.6, 0.1, 3, 1]
best test rse= 3.0971544212212896
best test corr= 0.17676377
[Target-Weighted Loss] weights applied: {'us_Trade Weighted Dollar Index': 90.0, 'kr_fx': 90.0, 'jp_fx': 90.0}
[Target-Only Loss] enabled for columns: ['us_Trade Weighted Dollar Index', 'jp_fx', 'kr_fx']
[Bias Penalty] enabled lambda=0.55 scope=focus cols=['us_Trade Weighted Dollar Index', 'jp_fx', 'kr_fx']
iter:  0 | loss: 0.025
iter:  1 | loss: 0.017
iter:  2 | loss: 0.020
iter:  3 | loss: 0.019
iter:  4 | loss: 0.013
iter:  5 | loss: 0.020
iter:  6 | loss: 0.016
iter:  7 | loss: 0.022
iter:  8 | loss: 0.030
iter:  9 | loss: 0.047
iter: 10 | loss: 0.031
iter: 11 | loss: 0.023
iter: 12 | loss: 0.020
iter: 13 | loss: 0.033
iter: 14 | loss: 0.032
iter: 15 | loss: 0.012
iter: 16 | loss: 0.022
iter: 17 | loss: 0.034
iter: 18 | loss: 0.043
iter: 19 | loss: 0.023
iter: 20 | loss: 0.035
iter: 21 | loss: 0.008
iter: 22 | loss: 0.011
iter: 23 | loss: 0.032
iter: 24 | loss: 0.023
iter: 25 | loss: 0.023
iter: 26 | loss: 0.022
iter: 27 | loss: 0.024
iter: 28 | loss: 0.026
iter: 29 | loss: 0.034
testing r= 5
rrse(target)=202.14650859586965 / 34.87594854780834 | rrse(all)=141949107595652.53 / 34622966134154.824 | report_mode=targets
[Validation] per_target_rrse_json={"us_Trade Weighted Dollar Index": 2.2730956077575684, "jp_fx": 11.89224910736084, "kr_fx": 5.540853023529053}
[Validation] per_target_lag_mae_json={"us_Trade Weighted Dollar Index": 0.25834932923316956, "jp_fx": 0.852362871170044, "kr_fx": 3.7997491359710693}
[Validation] per_target_dir_mismatch_json={"us_Trade Weighted Dollar Index": 0.09090909090909091, "jp_fx": 0.36363636363636365, "kr_fx": 0.18181818181818182}
| end of epoch  14 | time:  4.98s | train_loss 0.0246 | valid rse 5.7962 | valid rae 7.7078 | valid corr  0.3669 | valid smape  0.3492 | focus_rrse 6.5687 | obj 6.5687
Experiment: 1
Iter: 0
epoch: 15
hp= [1, 0.00018, 32, 128, 256, 1024, 30, 0.02, 2, 40, 0.6, 0.1, 3, 15]
best sum= 13.137026718267972
best rrse= 5.79615801183916
best rrae= 7.7077600011466
best corr= 0.3668913
best smape= 0.34922204951770514
best objective= 6.568732738494873
best hps= [1, 0.00018, 32, 128, 256, 1024, 30, 0.02, 2, 40, 0.6, 0.1, 3, 1]
best test rse= 3.0971544212212896
best test corr= 0.17676377
[Target-Weighted Loss] weights applied: {'us_Trade Weighted Dollar Index': 90.0, 'kr_fx': 90.0, 'jp_fx': 90.0}
[Target-Only Loss] enabled for columns: ['us_Trade Weighted Dollar Index', 'jp_fx', 'kr_fx']
[Bias Penalty] enabled lambda=0.55 scope=focus cols=['us_Trade Weighted Dollar Index', 'jp_fx', 'kr_fx']
iter:  0 | loss: 0.015
iter:  1 | loss: 0.019
iter:  2 | loss: 0.042
iter:  3 | loss: 0.017
iter:  4 | loss: 0.020
iter:  5 | loss: 0.044
iter:  6 | loss: 0.027
iter:  7 | loss: 0.014
iter:  8 | loss: 0.031
iter:  9 | loss: 0.018
iter: 10 | loss: 0.014
iter: 11 | loss: 0.022
iter: 12 | loss: 0.015
iter: 13 | loss: 0.031
iter: 14 | loss: 0.020
iter: 15 | loss: 0.033
iter: 16 | loss: 0.019
iter: 17 | loss: 0.015
iter: 18 | loss: 0.031
iter: 19 | loss: 0.024
iter: 20 | loss: 0.032
iter: 21 | loss: 0.027
iter: 22 | loss: 0.015
iter: 23 | loss: 0.021
iter: 24 | loss: 0.029
iter: 25 | loss: 0.031
iter: 26 | loss: 0.043
iter: 27 | loss: 0.011
iter: 28 | loss: 0.032
iter: 29 | loss: 0.037
testing r= 5
rrse(target)=202.14650859586965 / 34.87594854780834 | rrse(all)=141949107595652.53 / 34622966134154.824 | report_mode=targets
[Validation] per_target_rrse_json={"us_Trade Weighted Dollar Index": 2.2730956077575684, "jp_fx": 11.89224910736084, "kr_fx": 5.540853023529053}
[Validation] per_target_lag_mae_json={"us_Trade Weighted Dollar Index": 0.25834932923316956, "jp_fx": 0.852362871170044, "kr_fx": 3.7997491359710693}
[Validation] per_target_dir_mismatch_json={"us_Trade Weighted Dollar Index": 0.09090909090909091, "jp_fx": 0.36363636363636365, "kr_fx": 0.18181818181818182}
| end of epoch  15 | time:  4.65s | train_loss 0.0249 | valid rse 5.7962 | valid rae 7.7078 | valid corr  0.3669 | valid smape  0.3492 | focus_rrse 6.5687 | obj 6.5687
Experiment: 1
Iter: 0
epoch: 16
hp= [1, 0.00018, 32, 128, 256, 1024, 30, 0.02, 2, 40, 0.6, 0.1, 3, 16]
best sum= 13.137026718267972
best rrse= 5.79615801183916
best rrae= 7.7077600011466
best corr= 0.3668913
best smape= 0.34922204951770514
best objective= 6.568732738494873
best hps= [1, 0.00018, 32, 128, 256, 1024, 30, 0.02, 2, 40, 0.6, 0.1, 3, 1]
best test rse= 3.0971544212212896
best test corr= 0.17676377
[Target-Weighted Loss] weights applied: {'us_Trade Weighted Dollar Index': 90.0, 'kr_fx': 90.0, 'jp_fx': 90.0}
[Target-Only Loss] enabled for columns: ['us_Trade Weighted Dollar Index', 'jp_fx', 'kr_fx']
[Bias Penalty] enabled lambda=0.55 scope=focus cols=['us_Trade Weighted Dollar Index', 'jp_fx', 'kr_fx']
iter:  0 | loss: 0.020
iter:  1 | loss: 0.021
iter:  2 | loss: 0.016
iter:  3 | loss: 0.012
iter:  4 | loss: 0.041
iter:  5 | loss: 0.062
iter:  6 | loss: 0.023
iter:  7 | loss: 0.014
iter:  8 | loss: 0.033
iter:  9 | loss: 0.027
iter: 10 | loss: 0.031
iter: 11 | loss: 0.033
iter: 12 | loss: 0.023
iter: 13 | loss: 0.030
iter: 14 | loss: 0.022
iter: 15 | loss: 0.031
iter: 16 | loss: 0.015
iter: 17 | loss: 0.023
iter: 18 | loss: 0.037
iter: 19 | loss: 0.023
iter: 20 | loss: 0.010
iter: 21 | loss: 0.015
iter: 22 | loss: 0.022
iter: 23 | loss: 0.022
iter: 24 | loss: 0.018
iter: 25 | loss: 0.025
iter: 26 | loss: 0.018
iter: 27 | loss: 0.023
iter: 28 | loss: 0.021
iter: 29 | loss: 0.046
testing r= 5
rrse(target)=202.14650859586965 / 34.87594854780834 | rrse(all)=141949107595652.53 / 34622966134154.824 | report_mode=targets
[Validation] per_target_rrse_json={"us_Trade Weighted Dollar Index": 2.2730956077575684, "jp_fx": 11.89224910736084, "kr_fx": 5.540853023529053}
[Validation] per_target_lag_mae_json={"us_Trade Weighted Dollar Index": 0.25834932923316956, "jp_fx": 0.852362871170044, "kr_fx": 3.7997491359710693}
[Validation] per_target_dir_mismatch_json={"us_Trade Weighted Dollar Index": 0.09090909090909091, "jp_fx": 0.36363636363636365, "kr_fx": 0.18181818181818182}
| end of epoch  16 | time:  4.49s | train_loss 0.0251 | valid rse 5.7962 | valid rae 7.7078 | valid corr  0.3669 | valid smape  0.3492 | focus_rrse 6.5687 | obj 6.5687
Experiment: 1
Iter: 0
epoch: 17
hp= [1, 0.00018, 32, 128, 256, 1024, 30, 0.02, 2, 40, 0.6, 0.1, 3, 17]
best sum= 13.137026718267972
best rrse= 5.79615801183916
best rrae= 7.7077600011466
best corr= 0.3668913
best smape= 0.34922204951770514
best objective= 6.568732738494873
best hps= [1, 0.00018, 32, 128, 256, 1024, 30, 0.02, 2, 40, 0.6, 0.1, 3, 1]
best test rse= 3.0971544212212896
best test corr= 0.17676377
[Target-Weighted Loss] weights applied: {'us_Trade Weighted Dollar Index': 90.0, 'kr_fx': 90.0, 'jp_fx': 90.0}
[Target-Only Loss] enabled for columns: ['us_Trade Weighted Dollar Index', 'jp_fx', 'kr_fx']
[Bias Penalty] enabled lambda=0.55 scope=focus cols=['us_Trade Weighted Dollar Index', 'jp_fx', 'kr_fx']
iter:  0 | loss: 0.018
iter:  1 | loss: 0.027
iter:  2 | loss: 0.011
iter:  3 | loss: 0.030
iter:  4 | loss: 0.021
iter:  5 | loss: 0.028
iter:  6 | loss: 0.025
iter:  7 | loss: 0.015
iter:  8 | loss: 0.025
iter:  9 | loss: 0.026
iter: 10 | loss: 0.029
iter: 11 | loss: 0.017
iter: 12 | loss: 0.015
iter: 13 | loss: 0.028
iter: 14 | loss: 0.020
iter: 15 | loss: 0.021
iter: 16 | loss: 0.024
iter: 17 | loss: 0.048
iter: 18 | loss: 0.028
iter: 19 | loss: 0.031
iter: 20 | loss: 0.018
iter: 21 | loss: 0.029
iter: 22 | loss: 0.019
iter: 23 | loss: 0.011
iter: 24 | loss: 0.045
iter: 25 | loss: 0.032
iter: 26 | loss: 0.033
iter: 27 | loss: 0.019
iter: 28 | loss: 0.031
iter: 29 | loss: 0.010
testing r= 5
rrse(target)=202.14650859586965 / 34.87594854780834 | rrse(all)=141949107595652.53 / 34622966134154.824 | report_mode=targets
[Validation] per_target_rrse_json={"us_Trade Weighted Dollar Index": 2.2730956077575684, "jp_fx": 11.89224910736084, "kr_fx": 5.540853023529053}
[Validation] per_target_lag_mae_json={"us_Trade Weighted Dollar Index": 0.25834932923316956, "jp_fx": 0.852362871170044, "kr_fx": 3.7997491359710693}
[Validation] per_target_dir_mismatch_json={"us_Trade Weighted Dollar Index": 0.09090909090909091, "jp_fx": 0.36363636363636365, "kr_fx": 0.18181818181818182}
| end of epoch  17 | time:  4.49s | train_loss 0.0246 | valid rse 5.7962 | valid rae 7.7078 | valid corr  0.3669 | valid smape  0.3492 | focus_rrse 6.5687 | obj 6.5687
Experiment: 1
Iter: 0
epoch: 18
hp= [1, 0.00018, 32, 128, 256, 1024, 30, 0.02, 2, 40, 0.6, 0.1, 3, 18]
best sum= 13.137026718267972
best rrse= 5.79615801183916
best rrae= 7.7077600011466
best corr= 0.3668913
best smape= 0.34922204951770514
best objective= 6.568732738494873
best hps= [1, 0.00018, 32, 128, 256, 1024, 30, 0.02, 2, 40, 0.6, 0.1, 3, 1]
best test rse= 3.0971544212212896
best test corr= 0.17676377
[Target-Weighted Loss] weights applied: {'us_Trade Weighted Dollar Index': 90.0, 'kr_fx': 90.0, 'jp_fx': 90.0}
[Target-Only Loss] enabled for columns: ['us_Trade Weighted Dollar Index', 'jp_fx', 'kr_fx']
[Bias Penalty] enabled lambda=0.55 scope=focus cols=['us_Trade Weighted Dollar Index', 'jp_fx', 'kr_fx']
iter:  0 | loss: 0.024
iter:  1 | loss: 0.020
iter:  2 | loss: 0.014
iter:  3 | loss: 0.015
iter:  4 | loss: 0.025
iter:  5 | loss: 0.016
iter:  6 | loss: 0.027
iter:  7 | loss: 0.034
iter:  8 | loss: 0.018
iter:  9 | loss: 0.015
iter: 10 | loss: 0.044
iter: 11 | loss: 0.059
iter: 12 | loss: 0.026
iter: 13 | loss: 0.014
iter: 14 | loss: 0.023
iter: 15 | loss: 0.017
iter: 16 | loss: 0.016
iter: 17 | loss: 0.010
iter: 18 | loss: 0.023
iter: 19 | loss: 0.014
iter: 20 | loss: 0.019
iter: 21 | loss: 0.025
iter: 22 | loss: 0.044
iter: 23 | loss: 0.024
iter: 24 | loss: 0.025
iter: 25 | loss: 0.036
iter: 26 | loss: 0.038
iter: 27 | loss: 0.039
iter: 28 | loss: 0.017
iter: 29 | loss: 0.044
testing r= 5
rrse(target)=202.14650859586965 / 34.87594854780834 | rrse(all)=141949107595652.53 / 34622966134154.824 | report_mode=targets
[Validation] per_target_rrse_json={"us_Trade Weighted Dollar Index": 2.2730956077575684, "jp_fx": 11.89224910736084, "kr_fx": 5.540853023529053}
[Validation] per_target_lag_mae_json={"us_Trade Weighted Dollar Index": 0.25834932923316956, "jp_fx": 0.852362871170044, "kr_fx": 3.7997491359710693}
[Validation] per_target_dir_mismatch_json={"us_Trade Weighted Dollar Index": 0.09090909090909091, "jp_fx": 0.36363636363636365, "kr_fx": 0.18181818181818182}
| end of epoch  18 | time:  4.38s | train_loss 0.0254 | valid rse 5.7962 | valid rae 7.7078 | valid corr  0.3669 | valid smape  0.3492 | focus_rrse 6.5687 | obj 6.5687
Experiment: 1
Iter: 0
epoch: 19
hp= [1, 0.00018, 32, 128, 256, 1024, 30, 0.02, 2, 40, 0.6, 0.1, 3, 19]
best sum= 13.137026718267972
best rrse= 5.79615801183916
best rrae= 7.7077600011466
best corr= 0.3668913
best smape= 0.34922204951770514
best objective= 6.568732738494873
best hps= [1, 0.00018, 32, 128, 256, 1024, 30, 0.02, 2, 40, 0.6, 0.1, 3, 1]
best test rse= 3.0971544212212896
best test corr= 0.17676377
[Target-Weighted Loss] weights applied: {'us_Trade Weighted Dollar Index': 90.0, 'kr_fx': 90.0, 'jp_fx': 90.0}
[Target-Only Loss] enabled for columns: ['us_Trade Weighted Dollar Index', 'jp_fx', 'kr_fx']
[Bias Penalty] enabled lambda=0.55 scope=focus cols=['us_Trade Weighted Dollar Index', 'jp_fx', 'kr_fx']
iter:  0 | loss: 0.013
iter:  1 | loss: 0.026
iter:  2 | loss: 0.016
iter:  3 | loss: 0.027
iter:  4 | loss: 0.015
iter:  5 | loss: 0.015
iter:  6 | loss: 0.023
iter:  7 | loss: 0.020
iter:  8 | loss: 0.019
iter:  9 | loss: 0.033
iter: 10 | loss: 0.014
iter: 11 | loss: 0.035
iter: 12 | loss: 0.010
iter: 13 | loss: 0.035
iter: 14 | loss: 0.025
iter: 15 | loss: 0.021
iter: 16 | loss: 0.031
iter: 17 | loss: 0.019
iter: 18 | loss: 0.028
iter: 19 | loss: 0.033
iter: 20 | loss: 0.038
iter: 21 | loss: 0.022
iter: 22 | loss: 0.017
iter: 23 | loss: 0.015
iter: 24 | loss: 0.052
iter: 25 | loss: 0.028
iter: 26 | loss: 0.016
iter: 27 | loss: 0.021
iter: 28 | loss: 0.034
iter: 29 | loss: 0.045
testing r= 5
rrse(target)=202.14650859586965 / 34.87594854780834 | rrse(all)=141949107595652.53 / 34622966134154.824 | report_mode=targets
[Validation] per_target_rrse_json={"us_Trade Weighted Dollar Index": 2.2730956077575684, "jp_fx": 11.89224910736084, "kr_fx": 5.540853023529053}
[Validation] per_target_lag_mae_json={"us_Trade Weighted Dollar Index": 0.25834932923316956, "jp_fx": 0.852362871170044, "kr_fx": 3.7997491359710693}
[Validation] per_target_dir_mismatch_json={"us_Trade Weighted Dollar Index": 0.09090909090909091, "jp_fx": 0.36363636363636365, "kr_fx": 0.18181818181818182}
| end of epoch  19 | time:  4.21s | train_loss 0.0248 | valid rse 5.7962 | valid rae 7.7078 | valid corr  0.3669 | valid smape  0.3492 | focus_rrse 6.5687 | obj 6.5687
Experiment: 1
Iter: 0
epoch: 20
hp= [1, 0.00018, 32, 128, 256, 1024, 30, 0.02, 2, 40, 0.6, 0.1, 3, 20]
best sum= 13.137026718267972
best rrse= 5.79615801183916
best rrae= 7.7077600011466
best corr= 0.3668913
best smape= 0.34922204951770514
best objective= 6.568732738494873
best hps= [1, 0.00018, 32, 128, 256, 1024, 30, 0.02, 2, 40, 0.6, 0.1, 3, 1]
best test rse= 3.0971544212212896
best test corr= 0.17676377
[Target-Weighted Loss] weights applied: {'us_Trade Weighted Dollar Index': 90.0, 'kr_fx': 90.0, 'jp_fx': 90.0}
[Target-Only Loss] enabled for columns: ['us_Trade Weighted Dollar Index', 'jp_fx', 'kr_fx']
[Bias Penalty] enabled lambda=0.55 scope=focus cols=['us_Trade Weighted Dollar Index', 'jp_fx', 'kr_fx']
iter:  0 | loss: 0.028
iter:  1 | loss: 0.026
iter:  2 | loss: 0.059
iter:  3 | loss: 0.041
iter:  4 | loss: 0.009
iter:  5 | loss: 0.015
iter:  6 | loss: 0.021
iter:  7 | loss: 0.025
iter:  8 | loss: 0.015
iter:  9 | loss: 0.026
iter: 10 | loss: 0.019
iter: 11 | loss: 0.021
iter: 12 | loss: 0.016
iter: 13 | loss: 0.034
iter: 14 | loss: 0.015
iter: 15 | loss: 0.022
iter: 16 | loss: 0.030
iter: 17 | loss: 0.034
iter: 18 | loss: 0.035
iter: 19 | loss: 0.024
iter: 20 | loss: 0.019
iter: 21 | loss: 0.020
iter: 22 | loss: 0.018
iter: 23 | loss: 0.031
iter: 24 | loss: 0.024
iter: 25 | loss: 0.017
iter: 26 | loss: 0.048
iter: 27 | loss: 0.019
iter: 28 | loss: 0.018
iter: 29 | loss: 0.038
testing r= 5
rrse(target)=202.14650859586965 / 34.87594854780834 | rrse(all)=141949107595652.53 / 34622966134154.824 | report_mode=targets
[Validation] per_target_rrse_json={"us_Trade Weighted Dollar Index": 2.2730956077575684, "jp_fx": 11.89224910736084, "kr_fx": 5.540853023529053}
[Validation] per_target_lag_mae_json={"us_Trade Weighted Dollar Index": 0.25834932923316956, "jp_fx": 0.852362871170044, "kr_fx": 3.7997491359710693}
[Validation] per_target_dir_mismatch_json={"us_Trade Weighted Dollar Index": 0.09090909090909091, "jp_fx": 0.36363636363636365, "kr_fx": 0.18181818181818182}
| end of epoch  20 | time:  4.27s | train_loss 0.0255 | valid rse 5.7962 | valid rae 7.7078 | valid corr  0.3669 | valid smape  0.3492 | focus_rrse 6.5687 | obj 6.5687
Experiment: 1
Iter: 0
epoch: 21
hp= [1, 0.00018, 32, 128, 256, 1024, 30, 0.02, 2, 40, 0.6, 0.1, 3, 21]
best sum= 13.137026718267972
best rrse= 5.79615801183916
best rrae= 7.7077600011466
best corr= 0.3668913
best smape= 0.34922204951770514
best objective= 6.568732738494873
best hps= [1, 0.00018, 32, 128, 256, 1024, 30, 0.02, 2, 40, 0.6, 0.1, 3, 1]
best test rse= 3.0971544212212896
best test corr= 0.17676377
[Target-Weighted Loss] weights applied: {'us_Trade Weighted Dollar Index': 90.0, 'kr_fx': 90.0, 'jp_fx': 90.0}
[Target-Only Loss] enabled for columns: ['us_Trade Weighted Dollar Index', 'jp_fx', 'kr_fx']
[Bias Penalty] enabled lambda=0.55 scope=focus cols=['us_Trade Weighted Dollar Index', 'jp_fx', 'kr_fx']
iter:  0 | loss: 0.025
iter:  1 | loss: 0.021
iter:  2 | loss: 0.028
iter:  3 | loss: 0.012
iter:  4 | loss: 0.030
iter:  5 | loss: 0.015
iter:  6 | loss: 0.036
iter:  7 | loss: 0.047
iter:  8 | loss: 0.013
iter:  9 | loss: 0.022
iter: 10 | loss: 0.013
iter: 11 | loss: 0.067
iter: 12 | loss: 0.025
iter: 13 | loss: 0.034
iter: 14 | loss: 0.019
iter: 15 | loss: 0.050
iter: 16 | loss: 0.013
iter: 17 | loss: 0.014
iter: 18 | loss: 0.030
iter: 19 | loss: 0.026
iter: 20 | loss: 0.016
iter: 21 | loss: 0.025
iter: 22 | loss: 0.031
iter: 23 | loss: 0.020
iter: 24 | loss: 0.008
iter: 25 | loss: 0.026
iter: 26 | loss: 0.023
iter: 27 | loss: 0.023
iter: 28 | loss: 0.018
iter: 29 | loss: 0.046
testing r= 5
rrse(target)=202.14650859586965 / 34.87594854780834 | rrse(all)=141949107595652.53 / 34622966134154.824 | report_mode=targets
[Validation] per_target_rrse_json={"us_Trade Weighted Dollar Index": 2.2730956077575684, "jp_fx": 11.89224910736084, "kr_fx": 5.540853023529053}
[Validation] per_target_lag_mae_json={"us_Trade Weighted Dollar Index": 0.25834932923316956, "jp_fx": 0.852362871170044, "kr_fx": 3.7997491359710693}
[Validation] per_target_dir_mismatch_json={"us_Trade Weighted Dollar Index": 0.09090909090909091, "jp_fx": 0.36363636363636365, "kr_fx": 0.18181818181818182}
| end of epoch  21 | time:  4.27s | train_loss 0.0256 | valid rse 5.7962 | valid rae 7.7078 | valid corr  0.3669 | valid smape  0.3492 | focus_rrse 6.5687 | obj 6.5687
Experiment: 1
Iter: 0
epoch: 22
hp= [1, 0.00018, 32, 128, 256, 1024, 30, 0.02, 2, 40, 0.6, 0.1, 3, 22]
best sum= 13.137026718267972
best rrse= 5.79615801183916
best rrae= 7.7077600011466
best corr= 0.3668913
best smape= 0.34922204951770514
best objective= 6.568732738494873
best hps= [1, 0.00018, 32, 128, 256, 1024, 30, 0.02, 2, 40, 0.6, 0.1, 3, 1]
best test rse= 3.0971544212212896
best test corr= 0.17676377
[Target-Weighted Loss] weights applied: {'us_Trade Weighted Dollar Index': 90.0, 'kr_fx': 90.0, 'jp_fx': 90.0}
[Target-Only Loss] enabled for columns: ['us_Trade Weighted Dollar Index', 'jp_fx', 'kr_fx']
[Bias Penalty] enabled lambda=0.55 scope=focus cols=['us_Trade Weighted Dollar Index', 'jp_fx', 'kr_fx']
iter:  0 | loss: 0.036
iter:  1 | loss: 0.018
iter:  2 | loss: 0.017
iter:  3 | loss: 0.040
iter:  4 | loss: 0.013
iter:  5 | loss: 0.040
iter:  6 | loss: 0.015
iter:  7 | loss: 0.020
iter:  8 | loss: 0.019
iter:  9 | loss: 0.040
iter: 10 | loss: 0.017
iter: 11 | loss: 0.029
iter: 12 | loss: 0.017
iter: 13 | loss: 0.010
iter: 14 | loss: 0.021
iter: 15 | loss: 0.049
iter: 16 | loss: 0.041
iter: 17 | loss: 0.038
iter: 18 | loss: 0.047
iter: 19 | loss: 0.026
iter: 20 | loss: 0.019
iter: 21 | loss: 0.017
iter: 22 | loss: 0.019
iter: 23 | loss: 0.055
iter: 24 | loss: 0.024
iter: 25 | loss: 0.014
iter: 26 | loss: 0.026
iter: 27 | loss: 0.021
iter: 28 | loss: 0.014
iter: 29 | loss: 0.020
testing r= 5
rrse(target)=202.14650859586965 / 34.87594854780834 | rrse(all)=141949107595652.53 / 34622966134154.824 | report_mode=targets
[Validation] per_target_rrse_json={"us_Trade Weighted Dollar Index": 2.2730956077575684, "jp_fx": 11.89224910736084, "kr_fx": 5.540853023529053}
[Validation] per_target_lag_mae_json={"us_Trade Weighted Dollar Index": 0.25834932923316956, "jp_fx": 0.852362871170044, "kr_fx": 3.7997491359710693}
[Validation] per_target_dir_mismatch_json={"us_Trade Weighted Dollar Index": 0.09090909090909091, "jp_fx": 0.36363636363636365, "kr_fx": 0.18181818181818182}
| end of epoch  22 | time:  4.36s | train_loss 0.0262 | valid rse 5.7962 | valid rae 7.7078 | valid corr  0.3669 | valid smape  0.3492 | focus_rrse 6.5687 | obj 6.5687
Experiment: 1
Iter: 0
epoch: 23
hp= [1, 0.00018, 32, 128, 256, 1024, 30, 0.02, 2, 40, 0.6, 0.1, 3, 23]
best sum= 13.137026718267972
best rrse= 5.79615801183916
best rrae= 7.7077600011466
best corr= 0.3668913
best smape= 0.34922204951770514
best objective= 6.568732738494873
best hps= [1, 0.00018, 32, 128, 256, 1024, 30, 0.02, 2, 40, 0.6, 0.1, 3, 1]
best test rse= 3.0971544212212896
best test corr= 0.17676377
[Target-Weighted Loss] weights applied: {'us_Trade Weighted Dollar Index': 90.0, 'kr_fx': 90.0, 'jp_fx': 90.0}
[Target-Only Loss] enabled for columns: ['us_Trade Weighted Dollar Index', 'jp_fx', 'kr_fx']
[Bias Penalty] enabled lambda=0.55 scope=focus cols=['us_Trade Weighted Dollar Index', 'jp_fx', 'kr_fx']
iter:  0 | loss: 0.047
iter:  1 | loss: 0.024
iter:  2 | loss: 0.010
iter:  3 | loss: 0.026
iter:  4 | loss: 0.035
iter:  5 | loss: 0.027
iter:  6 | loss: 0.028
iter:  7 | loss: 0.017
iter:  8 | loss: 0.010
iter:  9 | loss: 0.012
iter: 10 | loss: 0.040
iter: 11 | loss: 0.030
iter: 12 | loss: 0.017
iter: 13 | loss: 0.011
iter: 14 | loss: 0.017
iter: 15 | loss: 0.019
iter: 16 | loss: 0.021
iter: 17 | loss: 0.030
iter: 18 | loss: 0.029
iter: 19 | loss: 0.017
iter: 20 | loss: 0.012
iter: 21 | loss: 0.014
iter: 22 | loss: 0.030
iter: 23 | loss: 0.016
iter: 24 | loss: 0.039
iter: 25 | loss: 0.039
iter: 26 | loss: 0.047
iter: 27 | loss: 0.014
iter: 28 | loss: 0.021
iter: 29 | loss: 0.047
testing r= 5
rrse(target)=202.14650859586965 / 34.87594854780834 | rrse(all)=141949107595652.53 / 34622966134154.824 | report_mode=targets
[Validation] per_target_rrse_json={"us_Trade Weighted Dollar Index": 2.2730956077575684, "jp_fx": 11.89224910736084, "kr_fx": 5.540853023529053}
[Validation] per_target_lag_mae_json={"us_Trade Weighted Dollar Index": 0.25834932923316956, "jp_fx": 0.852362871170044, "kr_fx": 3.7997491359710693}
[Validation] per_target_dir_mismatch_json={"us_Trade Weighted Dollar Index": 0.09090909090909091, "jp_fx": 0.36363636363636365, "kr_fx": 0.18181818181818182}
| end of epoch  23 | time:  4.58s | train_loss 0.0246 | valid rse 5.7962 | valid rae 7.7078 | valid corr  0.3669 | valid smape  0.3492 | focus_rrse 6.5687 | obj 6.5687
Experiment: 1
Iter: 0
epoch: 24
hp= [1, 0.00018, 32, 128, 256, 1024, 30, 0.02, 2, 40, 0.6, 0.1, 3, 24]
best sum= 13.137026718267972
best rrse= 5.79615801183916
best rrae= 7.7077600011466
best corr= 0.3668913
best smape= 0.34922204951770514
best objective= 6.568732738494873
best hps= [1, 0.00018, 32, 128, 256, 1024, 30, 0.02, 2, 40, 0.6, 0.1, 3, 1]
best test rse= 3.0971544212212896
best test corr= 0.17676377
[Target-Weighted Loss] weights applied: {'us_Trade Weighted Dollar Index': 90.0, 'kr_fx': 90.0, 'jp_fx': 90.0}
[Target-Only Loss] enabled for columns: ['us_Trade Weighted Dollar Index', 'jp_fx', 'kr_fx']
[Bias Penalty] enabled lambda=0.55 scope=focus cols=['us_Trade Weighted Dollar Index', 'jp_fx', 'kr_fx']
iter:  0 | loss: 0.009
iter:  1 | loss: 0.011
iter:  2 | loss: 0.029
iter:  3 | loss: 0.015
iter:  4 | loss: 0.021
iter:  5 | loss: 0.033
iter:  6 | loss: 0.056
iter:  7 | loss: 0.009
iter:  8 | loss: 0.020
iter:  9 | loss: 0.027
iter: 10 | loss: 0.017
iter: 11 | loss: 0.018
iter: 12 | loss: 0.030
iter: 13 | loss: 0.013
iter: 14 | loss: 0.023
iter: 15 | loss: 0.041
iter: 16 | loss: 0.014
iter: 17 | loss: 0.024
iter: 18 | loss: 0.016
iter: 19 | loss: 0.027
iter: 20 | loss: 0.022
iter: 21 | loss: 0.025
iter: 22 | loss: 0.017
iter: 23 | loss: 0.030
iter: 24 | loss: 0.032
iter: 25 | loss: 0.046
iter: 26 | loss: 0.021
iter: 27 | loss: 0.031
iter: 28 | loss: 0.015
iter: 29 | loss: 0.052
testing r= 5
rrse(target)=202.14650859586965 / 34.87594854780834 | rrse(all)=141949107595652.53 / 34622966134154.824 | report_mode=targets
[Validation] per_target_rrse_json={"us_Trade Weighted Dollar Index": 2.2730956077575684, "jp_fx": 11.89224910736084, "kr_fx": 5.540853023529053}
[Validation] per_target_lag_mae_json={"us_Trade Weighted Dollar Index": 0.25834932923316956, "jp_fx": 0.852362871170044, "kr_fx": 3.7997491359710693}
[Validation] per_target_dir_mismatch_json={"us_Trade Weighted Dollar Index": 0.09090909090909091, "jp_fx": 0.36363636363636365, "kr_fx": 0.18181818181818182}
| end of epoch  24 | time:  4.60s | train_loss 0.0245 | valid rse 5.7962 | valid rae 7.7078 | valid corr  0.3669 | valid smape  0.3492 | focus_rrse 6.5687 | obj 6.5687
Experiment: 1
Iter: 0
epoch: 25
hp= [1, 0.00018, 32, 128, 256, 1024, 30, 0.02, 2, 40, 0.6, 0.1, 3, 25]
best sum= 13.137026718267972
best rrse= 5.79615801183916
best rrae= 7.7077600011466
best corr= 0.3668913
best smape= 0.34922204951770514
best objective= 6.568732738494873
best hps= [1, 0.00018, 32, 128, 256, 1024, 30, 0.02, 2, 40, 0.6, 0.1, 3, 1]
best test rse= 3.0971544212212896
best test corr= 0.17676377
[Target-Weighted Loss] weights applied: {'us_Trade Weighted Dollar Index': 90.0, 'kr_fx': 90.0, 'jp_fx': 90.0}
[Target-Only Loss] enabled for columns: ['us_Trade Weighted Dollar Index', 'jp_fx', 'kr_fx']
[Bias Penalty] enabled lambda=0.55 scope=focus cols=['us_Trade Weighted Dollar Index', 'jp_fx', 'kr_fx']
iter:  0 | loss: 0.021
iter:  1 | loss: 0.019
iter:  2 | loss: 0.020
iter:  3 | loss: 0.020
iter:  4 | loss: 0.032
iter:  5 | loss: 0.018
iter:  6 | loss: 0.012
iter:  7 | loss: 0.018
iter:  8 | loss: 0.017
iter:  9 | loss: 0.012
iter: 10 | loss: 0.035
iter: 11 | loss: 0.019
iter: 12 | loss: 0.037
iter: 13 | loss: 0.020
iter: 14 | loss: 0.014
iter: 15 | loss: 0.020
iter: 16 | loss: 0.013
iter: 17 | loss: 0.016
iter: 18 | loss: 0.037
iter: 19 | loss: 0.042
iter: 20 | loss: 0.044
iter: 21 | loss: 0.017
iter: 22 | loss: 0.030
iter: 23 | loss: 0.043
iter: 24 | loss: 0.017
iter: 25 | loss: 0.025
iter: 26 | loss: 0.037
iter: 27 | loss: 0.027
iter: 28 | loss: 0.018
iter: 29 | loss: 0.046
testing r= 5
rrse(target)=202.14650859586965 / 34.87594854780834 | rrse(all)=141949107595652.53 / 34622966134154.824 | report_mode=targets
[Validation] per_target_rrse_json={"us_Trade Weighted Dollar Index": 2.2730956077575684, "jp_fx": 11.89224910736084, "kr_fx": 5.540853023529053}
[Validation] per_target_lag_mae_json={"us_Trade Weighted Dollar Index": 0.25834932923316956, "jp_fx": 0.852362871170044, "kr_fx": 3.7997491359710693}
[Validation] per_target_dir_mismatch_json={"us_Trade Weighted Dollar Index": 0.09090909090909091, "jp_fx": 0.36363636363636365, "kr_fx": 0.18181818181818182}
| end of epoch  25 | time:  5.28s | train_loss 0.0247 | valid rse 5.7962 | valid rae 7.7078 | valid corr  0.3669 | valid smape  0.3492 | focus_rrse 6.5687 | obj 6.5687
Experiment: 1
Iter: 0
epoch: 26
hp= [1, 0.00018, 32, 128, 256, 1024, 30, 0.02, 2, 40, 0.6, 0.1, 3, 26]
best sum= 13.137026718267972
best rrse= 5.79615801183916
best rrae= 7.7077600011466
best corr= 0.3668913
best smape= 0.34922204951770514
best objective= 6.568732738494873
best hps= [1, 0.00018, 32, 128, 256, 1024, 30, 0.02, 2, 40, 0.6, 0.1, 3, 1]
best test rse= 3.0971544212212896
best test corr= 0.17676377
[Target-Weighted Loss] weights applied: {'us_Trade Weighted Dollar Index': 90.0, 'kr_fx': 90.0, 'jp_fx': 90.0}
[Target-Only Loss] enabled for columns: ['us_Trade Weighted Dollar Index', 'jp_fx', 'kr_fx']
[Bias Penalty] enabled lambda=0.55 scope=focus cols=['us_Trade Weighted Dollar Index', 'jp_fx', 'kr_fx']
iter:  0 | loss: 0.031
iter:  1 | loss: 0.029
iter:  2 | loss: 0.025
iter:  3 | loss: 0.025
iter:  4 | loss: 0.041
iter:  5 | loss: 0.039
iter:  6 | loss: 0.031
iter:  7 | loss: 0.019
iter:  8 | loss: 0.038
iter:  9 | loss: 0.032
iter: 10 | loss: 0.015
iter: 11 | loss: 0.017
iter: 12 | loss: 0.036
iter: 13 | loss: 0.018
iter: 14 | loss: 0.024
iter: 15 | loss: 0.017
iter: 16 | loss: 0.019
iter: 17 | loss: 0.017
iter: 18 | loss: 0.018
iter: 19 | loss: 0.026
iter: 20 | loss: 0.033
iter: 21 | loss: 0.022
iter: 22 | loss: 0.024
iter: 23 | loss: 0.021
iter: 24 | loss: 0.009
iter: 25 | loss: 0.023
iter: 26 | loss: 0.023
iter: 27 | loss: 0.058
iter: 28 | loss: 0.010
iter: 29 | loss: 0.032
testing r= 5
rrse(target)=202.14650859586965 / 34.87594854780834 | rrse(all)=141949107595652.53 / 34622966134154.824 | report_mode=targets
[Validation] per_target_rrse_json={"us_Trade Weighted Dollar Index": 2.2730956077575684, "jp_fx": 11.89224910736084, "kr_fx": 5.540853023529053}
[Validation] per_target_lag_mae_json={"us_Trade Weighted Dollar Index": 0.25834932923316956, "jp_fx": 0.852362871170044, "kr_fx": 3.7997491359710693}
[Validation] per_target_dir_mismatch_json={"us_Trade Weighted Dollar Index": 0.09090909090909091, "jp_fx": 0.36363636363636365, "kr_fx": 0.18181818181818182}
| end of epoch  26 | time:  4.77s | train_loss 0.0257 | valid rse 5.7962 | valid rae 7.7078 | valid corr  0.3669 | valid smape  0.3492 | focus_rrse 6.5687 | obj 6.5687
Experiment: 1
Iter: 0
epoch: 27
hp= [1, 0.00018, 32, 128, 256, 1024, 30, 0.02, 2, 40, 0.6, 0.1, 3, 27]
best sum= 13.137026718267972
best rrse= 5.79615801183916
best rrae= 7.7077600011466
best corr= 0.3668913
best smape= 0.34922204951770514
best objective= 6.568732738494873
best hps= [1, 0.00018, 32, 128, 256, 1024, 30, 0.02, 2, 40, 0.6, 0.1, 3, 1]
best test rse= 3.0971544212212896
best test corr= 0.17676377
[Target-Weighted Loss] weights applied: {'us_Trade Weighted Dollar Index': 90.0, 'kr_fx': 90.0, 'jp_fx': 90.0}
[Target-Only Loss] enabled for columns: ['us_Trade Weighted Dollar Index', 'jp_fx', 'kr_fx']
[Bias Penalty] enabled lambda=0.55 scope=focus cols=['us_Trade Weighted Dollar Index', 'jp_fx', 'kr_fx']
iter:  0 | loss: 0.016
iter:  1 | loss: 0.020
iter:  2 | loss: 0.019
iter:  3 | loss: 0.062
iter:  4 | loss: 0.024
iter:  5 | loss: 0.020
iter:  6 | loss: 0.035
iter:  7 | loss: 0.032
iter:  8 | loss: 0.024
iter:  9 | loss: 0.020
iter: 10 | loss: 0.033
iter: 11 | loss: 0.013
iter: 12 | loss: 0.019
iter: 13 | loss: 0.018
iter: 14 | loss: 0.036
iter: 15 | loss: 0.043
iter: 16 | loss: 0.023
iter: 17 | loss: 0.018
iter: 18 | loss: 0.018
iter: 19 | loss: 0.014
iter: 20 | loss: 0.023
iter: 21 | loss: 0.035
iter: 22 | loss: 0.029
iter: 23 | loss: 0.017
iter: 24 | loss: 0.024
iter: 25 | loss: 0.017
iter: 26 | loss: 0.020
iter: 27 | loss: 0.052
iter: 28 | loss: 0.020
iter: 29 | loss: 0.022
testing r= 5
rrse(target)=202.14650859586965 / 34.87594854780834 | rrse(all)=141949107595652.53 / 34622966134154.824 | report_mode=targets
[Validation] per_target_rrse_json={"us_Trade Weighted Dollar Index": 2.2730956077575684, "jp_fx": 11.89224910736084, "kr_fx": 5.540853023529053}
[Validation] per_target_lag_mae_json={"us_Trade Weighted Dollar Index": 0.25834932923316956, "jp_fx": 0.852362871170044, "kr_fx": 3.7997491359710693}
[Validation] per_target_dir_mismatch_json={"us_Trade Weighted Dollar Index": 0.09090909090909091, "jp_fx": 0.36363636363636365, "kr_fx": 0.18181818181818182}
| end of epoch  27 | time:  4.70s | train_loss 0.0255 | valid rse 5.7962 | valid rae 7.7078 | valid corr  0.3669 | valid smape  0.3492 | focus_rrse 6.5687 | obj 6.5687
Experiment: 1
Iter: 0
epoch: 28
hp= [1, 0.00018, 32, 128, 256, 1024, 30, 0.02, 2, 40, 0.6, 0.1, 3, 28]
best sum= 13.137026718267972
best rrse= 5.79615801183916
best rrae= 7.7077600011466
best corr= 0.3668913
best smape= 0.34922204951770514
best objective= 6.568732738494873
best hps= [1, 0.00018, 32, 128, 256, 1024, 30, 0.02, 2, 40, 0.6, 0.1, 3, 1]
best test rse= 3.0971544212212896
best test corr= 0.17676377
[Target-Weighted Loss] weights applied: {'us_Trade Weighted Dollar Index': 90.0, 'kr_fx': 90.0, 'jp_fx': 90.0}
[Target-Only Loss] enabled for columns: ['us_Trade Weighted Dollar Index', 'jp_fx', 'kr_fx']
[Bias Penalty] enabled lambda=0.55 scope=focus cols=['us_Trade Weighted Dollar Index', 'jp_fx', 'kr_fx']
iter:  0 | loss: 0.025
iter:  1 | loss: 0.019
iter:  2 | loss: 0.035
iter:  3 | loss: 0.033
iter:  4 | loss: 0.063
iter:  5 | loss: 0.023
iter:  6 | loss: 0.037
iter:  7 | loss: 0.019
iter:  8 | loss: 0.028
iter:  9 | loss: 0.020
iter: 10 | loss: 0.018
iter: 11 | loss: 0.023
iter: 12 | loss: 0.026
iter: 13 | loss: 0.016
iter: 14 | loss: 0.033
iter: 15 | loss: 0.031
iter: 16 | loss: 0.021
iter: 17 | loss: 0.020
iter: 18 | loss: 0.022
iter: 19 | loss: 0.032
iter: 20 | loss: 0.024
iter: 21 | loss: 0.019
iter: 22 | loss: 0.016
iter: 23 | loss: 0.013
iter: 24 | loss: 0.022
iter: 25 | loss: 0.012
iter: 26 | loss: 0.026
iter: 27 | loss: 0.013
iter: 28 | loss: 0.017
iter: 29 | loss: 0.039
testing r= 5
rrse(target)=202.14650859586965 / 34.87594854780834 | rrse(all)=141949107595652.53 / 34622966134154.824 | report_mode=targets
[Validation] per_target_rrse_json={"us_Trade Weighted Dollar Index": 2.2730956077575684, "jp_fx": 11.89224910736084, "kr_fx": 5.540853023529053}
[Validation] per_target_lag_mae_json={"us_Trade Weighted Dollar Index": 0.25834932923316956, "jp_fx": 0.852362871170044, "kr_fx": 3.7997491359710693}
[Validation] per_target_dir_mismatch_json={"us_Trade Weighted Dollar Index": 0.09090909090909091, "jp_fx": 0.36363636363636365, "kr_fx": 0.18181818181818182}
| end of epoch  28 | time:  4.70s | train_loss 0.0247 | valid rse 5.7962 | valid rae 7.7078 | valid corr  0.3669 | valid smape  0.3492 | focus_rrse 6.5687 | obj 6.5687
Experiment: 1
Iter: 0
epoch: 29
hp= [1, 0.00018, 32, 128, 256, 1024, 30, 0.02, 2, 40, 0.6, 0.1, 3, 29]
best sum= 13.137026718267972
best rrse= 5.79615801183916
best rrae= 7.7077600011466
best corr= 0.3668913
best smape= 0.34922204951770514
best objective= 6.568732738494873
best hps= [1, 0.00018, 32, 128, 256, 1024, 30, 0.02, 2, 40, 0.6, 0.1, 3, 1]
best test rse= 3.0971544212212896
best test corr= 0.17676377
[Target-Weighted Loss] weights applied: {'us_Trade Weighted Dollar Index': 90.0, 'kr_fx': 90.0, 'jp_fx': 90.0}
[Target-Only Loss] enabled for columns: ['us_Trade Weighted Dollar Index', 'jp_fx', 'kr_fx']
[Bias Penalty] enabled lambda=0.55 scope=focus cols=['us_Trade Weighted Dollar Index', 'jp_fx', 'kr_fx']
iter:  0 | loss: 0.008
iter:  1 | loss: 0.016
iter:  2 | loss: 0.020
iter:  3 | loss: 0.021
iter:  4 | loss: 0.020
iter:  5 | loss: 0.025
iter:  6 | loss: 0.025
iter:  7 | loss: 0.011
iter:  8 | loss: 0.028
iter:  9 | loss: 0.070
iter: 10 | loss: 0.014
iter: 11 | loss: 0.024
iter: 12 | loss: 0.020
iter: 13 | loss: 0.024
iter: 14 | loss: 0.011
iter: 15 | loss: 0.036
iter: 16 | loss: 0.016
iter: 17 | loss: 0.034
iter: 18 | loss: 0.021
iter: 19 | loss: 0.024
iter: 20 | loss: 0.016
iter: 21 | loss: 0.019
iter: 22 | loss: 0.026
iter: 23 | loss: 0.030
iter: 24 | loss: 0.034
iter: 25 | loss: 0.022
iter: 26 | loss: 0.025
iter: 27 | loss: 0.037
iter: 28 | loss: 0.019
iter: 29 | loss: 0.046
testing r= 5
rrse(target)=202.14650859586965 / 34.87594854780834 | rrse(all)=141949107595652.53 / 34622966134154.824 | report_mode=targets
[Validation] per_target_rrse_json={"us_Trade Weighted Dollar Index": 2.2730956077575684, "jp_fx": 11.89224910736084, "kr_fx": 5.540853023529053}
[Validation] per_target_lag_mae_json={"us_Trade Weighted Dollar Index": 0.25834932923316956, "jp_fx": 0.852362871170044, "kr_fx": 3.7997491359710693}
[Validation] per_target_dir_mismatch_json={"us_Trade Weighted Dollar Index": 0.09090909090909091, "jp_fx": 0.36363636363636365, "kr_fx": 0.18181818181818182}
| end of epoch  29 | time:  4.84s | train_loss 0.0246 | valid rse 5.7962 | valid rae 7.7078 | valid corr  0.3669 | valid smape  0.3492 | focus_rrse 6.5687 | obj 6.5687
Experiment: 1
Iter: 0
epoch: 30
hp= [1, 0.00018, 32, 128, 256, 1024, 30, 0.02, 2, 40, 0.6, 0.1, 3, 30]
best sum= 13.137026718267972
best rrse= 5.79615801183916
best rrae= 7.7077600011466
best corr= 0.3668913
best smape= 0.34922204951770514
best objective= 6.568732738494873
best hps= [1, 0.00018, 32, 128, 256, 1024, 30, 0.02, 2, 40, 0.6, 0.1, 3, 1]
best test rse= 3.0971544212212896
best test corr= 0.17676377
[Target-Weighted Loss] weights applied: {'us_Trade Weighted Dollar Index': 90.0, 'kr_fx': 90.0, 'jp_fx': 90.0}
[Target-Only Loss] enabled for columns: ['us_Trade Weighted Dollar Index', 'jp_fx', 'kr_fx']
[Bias Penalty] enabled lambda=0.55 scope=focus cols=['us_Trade Weighted Dollar Index', 'jp_fx', 'kr_fx']
iter:  0 | loss: 0.033
iter:  1 | loss: 0.030
iter:  2 | loss: 0.011
iter:  3 | loss: 0.023
iter:  4 | loss: 0.020
iter:  5 | loss: 0.017
iter:  6 | loss: 0.011
iter:  7 | loss: 0.016
iter:  8 | loss: 0.029
iter:  9 | loss: 0.034
iter: 10 | loss: 0.033
iter: 11 | loss: 0.018
iter: 12 | loss: 0.030
iter: 13 | loss: 0.022
iter: 14 | loss: 0.023
iter: 15 | loss: 0.014
iter: 16 | loss: 0.032
iter: 17 | loss: 0.020
iter: 18 | loss: 0.015
iter: 19 | loss: 0.042
iter: 20 | loss: 0.026
iter: 21 | loss: 0.023
iter: 22 | loss: 0.022
iter: 23 | loss: 0.022
iter: 24 | loss: 0.023
iter: 25 | loss: 0.019
iter: 26 | loss: 0.037
iter: 27 | loss: 0.019
iter: 28 | loss: 0.008
iter: 29 | loss: 0.089
testing r= 5
rrse(target)=202.14650859586965 / 34.87594854780834 | rrse(all)=141949107595652.53 / 34622966134154.824 | report_mode=targets
[Validation] per_target_rrse_json={"us_Trade Weighted Dollar Index": 2.2730956077575684, "jp_fx": 11.89224910736084, "kr_fx": 5.540853023529053}
[Validation] per_target_lag_mae_json={"us_Trade Weighted Dollar Index": 0.25834932923316956, "jp_fx": 0.852362871170044, "kr_fx": 3.7997491359710693}
[Validation] per_target_dir_mismatch_json={"us_Trade Weighted Dollar Index": 0.09090909090909091, "jp_fx": 0.36363636363636365, "kr_fx": 0.18181818181818182}
| end of epoch  30 | time:  4.73s | train_loss 0.0248 | valid rse 5.7962 | valid rae 7.7078 | valid corr  0.3669 | valid smape  0.3492 | focus_rrse 6.5687 | obj 6.5687
Experiment: 1
Iter: 0
epoch: 31
hp= [1, 0.00018, 32, 128, 256, 1024, 30, 0.02, 2, 40, 0.6, 0.1, 3, 31]
best sum= 13.137026718267972
best rrse= 5.79615801183916
best rrae= 7.7077600011466
best corr= 0.3668913
best smape= 0.34922204951770514
best objective= 6.568732738494873
best hps= [1, 0.00018, 32, 128, 256, 1024, 30, 0.02, 2, 40, 0.6, 0.1, 3, 1]
best test rse= 3.0971544212212896
best test corr= 0.17676377
[Target-Weighted Loss] weights applied: {'us_Trade Weighted Dollar Index': 90.0, 'kr_fx': 90.0, 'jp_fx': 90.0}
[Target-Only Loss] enabled for columns: ['us_Trade Weighted Dollar Index', 'jp_fx', 'kr_fx']
[Bias Penalty] enabled lambda=0.55 scope=focus cols=['us_Trade Weighted Dollar Index', 'jp_fx', 'kr_fx']
iter:  0 | loss: 0.018
iter:  1 | loss: 0.019
iter:  2 | loss: 0.005
iter:  3 | loss: 0.037
iter:  4 | loss: 0.017
iter:  5 | loss: 0.017
iter:  6 | loss: 0.020
iter:  7 | loss: 0.016
iter:  8 | loss: 0.034
iter:  9 | loss: 0.019
iter: 10 | loss: 0.018
iter: 11 | loss: 0.029
iter: 12 | loss: 0.015
iter: 13 | loss: 0.044
iter: 14 | loss: 0.038
iter: 15 | loss: 0.017
iter: 16 | loss: 0.029
iter: 17 | loss: 0.020
iter: 18 | loss: 0.038
iter: 19 | loss: 0.018
iter: 20 | loss: 0.024
iter: 21 | loss: 0.030
iter: 22 | loss: 0.029
iter: 23 | loss: 0.032
iter: 24 | loss: 0.046
iter: 25 | loss: 0.011
iter: 26 | loss: 0.018
iter: 27 | loss: 0.035
iter: 28 | loss: 0.027
iter: 29 | loss: 0.049
testing r= 5
rrse(target)=202.14650859586965 / 34.87594854780834 | rrse(all)=141949107595652.53 / 34622966134154.824 | report_mode=targets
[Validation] per_target_rrse_json={"us_Trade Weighted Dollar Index": 2.2730956077575684, "jp_fx": 11.89224910736084, "kr_fx": 5.540853023529053}
[Validation] per_target_lag_mae_json={"us_Trade Weighted Dollar Index": 0.25834932923316956, "jp_fx": 0.852362871170044, "kr_fx": 3.7997491359710693}
[Validation] per_target_dir_mismatch_json={"us_Trade Weighted Dollar Index": 0.09090909090909091, "jp_fx": 0.36363636363636365, "kr_fx": 0.18181818181818182}
| end of epoch  31 | time:  4.71s | train_loss 0.0254 | valid rse 5.7962 | valid rae 7.7078 | valid corr  0.3669 | valid smape  0.3492 | focus_rrse 6.5687 | obj 6.5687
Experiment: 1
Iter: 0
epoch: 32
hp= [1, 0.00018, 32, 128, 256, 1024, 30, 0.02, 2, 40, 0.6, 0.1, 3, 32]
best sum= 13.137026718267972
best rrse= 5.79615801183916
best rrae= 7.7077600011466
best corr= 0.3668913
best smape= 0.34922204951770514
best objective= 6.568732738494873
best hps= [1, 0.00018, 32, 128, 256, 1024, 30, 0.02, 2, 40, 0.6, 0.1, 3, 1]
best test rse= 3.0971544212212896
best test corr= 0.17676377
[Target-Weighted Loss] weights applied: {'us_Trade Weighted Dollar Index': 90.0, 'kr_fx': 90.0, 'jp_fx': 90.0}
[Target-Only Loss] enabled for columns: ['us_Trade Weighted Dollar Index', 'jp_fx', 'kr_fx']
[Bias Penalty] enabled lambda=0.55 scope=focus cols=['us_Trade Weighted Dollar Index', 'jp_fx', 'kr_fx']
iter:  0 | loss: 0.024
iter:  1 | loss: 0.027
iter:  2 | loss: 0.013
iter:  3 | loss: 0.023
iter:  4 | loss: 0.025
iter:  5 | loss: 0.019
iter:  6 | loss: 0.024
iter:  7 | loss: 0.037
iter:  8 | loss: 0.018
iter:  9 | loss: 0.032
iter: 10 | loss: 0.031
iter: 11 | loss: 0.027
iter: 12 | loss: 0.015
iter: 13 | loss: 0.017
iter: 14 | loss: 0.025
iter: 15 | loss: 0.015
iter: 16 | loss: 0.025
iter: 17 | loss: 0.027
iter: 18 | loss: 0.033
iter: 19 | loss: 0.027
iter: 20 | loss: 0.017
iter: 21 | loss: 0.013
iter: 22 | loss: 0.022
iter: 23 | loss: 0.023
iter: 24 | loss: 0.033
iter: 25 | loss: 0.044
iter: 26 | loss: 0.014
iter: 27 | loss: 0.027
iter: 28 | loss: 0.026
iter: 29 | loss: 0.062
testing r= 5
rrse(target)=202.14650859586965 / 34.87594854780834 | rrse(all)=141949107595652.53 / 34622966134154.824 | report_mode=targets
[Validation] per_target_rrse_json={"us_Trade Weighted Dollar Index": 2.2730956077575684, "jp_fx": 11.89224910736084, "kr_fx": 5.540853023529053}
[Validation] per_target_lag_mae_json={"us_Trade Weighted Dollar Index": 0.25834932923316956, "jp_fx": 0.852362871170044, "kr_fx": 3.7997491359710693}
[Validation] per_target_dir_mismatch_json={"us_Trade Weighted Dollar Index": 0.09090909090909091, "jp_fx": 0.36363636363636365, "kr_fx": 0.18181818181818182}
| end of epoch  32 | time:  4.77s | train_loss 0.0252 | valid rse 5.7962 | valid rae 7.7078 | valid corr  0.3669 | valid smape  0.3492 | focus_rrse 6.5687 | obj 6.5687
Experiment: 1
Iter: 0
epoch: 33
hp= [1, 0.00018, 32, 128, 256, 1024, 30, 0.02, 2, 40, 0.6, 0.1, 3, 33]
best sum= 13.137026718267972
best rrse= 5.79615801183916
best rrae= 7.7077600011466
best corr= 0.3668913
best smape= 0.34922204951770514
best objective= 6.568732738494873
best hps= [1, 0.00018, 32, 128, 256, 1024, 30, 0.02, 2, 40, 0.6, 0.1, 3, 1]
best test rse= 3.0971544212212896
best test corr= 0.17676377
[Target-Weighted Loss] weights applied: {'us_Trade Weighted Dollar Index': 90.0, 'kr_fx': 90.0, 'jp_fx': 90.0}
[Target-Only Loss] enabled for columns: ['us_Trade Weighted Dollar Index', 'jp_fx', 'kr_fx']
[Bias Penalty] enabled lambda=0.55 scope=focus cols=['us_Trade Weighted Dollar Index', 'jp_fx', 'kr_fx']
iter:  0 | loss: 0.021
iter:  1 | loss: 0.035
iter:  2 | loss: 0.041
iter:  3 | loss: 0.030
iter:  4 | loss: 0.023
iter:  5 | loss: 0.012
iter:  6 | loss: 0.029
iter:  7 | loss: 0.010
iter:  8 | loss: 0.011
iter:  9 | loss: 0.013
iter: 10 | loss: 0.028
iter: 11 | loss: 0.046
iter: 12 | loss: 0.020
iter: 13 | loss: 0.018
iter: 14 | loss: 0.010
iter: 15 | loss: 0.023
iter: 16 | loss: 0.036
iter: 17 | loss: 0.022
iter: 18 | loss: 0.031
iter: 19 | loss: 0.024
iter: 20 | loss: 0.021
iter: 21 | loss: 0.021
iter: 22 | loss: 0.033
iter: 23 | loss: 0.026
iter: 24 | loss: 0.027
iter: 25 | loss: 0.023
iter: 26 | loss: 0.025
iter: 27 | loss: 0.048
iter: 28 | loss: 0.015
iter: 29 | loss: 0.057
testing r= 5
rrse(target)=202.14650859586965 / 34.87594854780834 | rrse(all)=141949107595652.53 / 34622966134154.824 | report_mode=targets
[Validation] per_target_rrse_json={"us_Trade Weighted Dollar Index": 2.2730956077575684, "jp_fx": 11.89224910736084, "kr_fx": 5.540853023529053}
[Validation] per_target_lag_mae_json={"us_Trade Weighted Dollar Index": 0.25834932923316956, "jp_fx": 0.852362871170044, "kr_fx": 3.7997491359710693}
[Validation] per_target_dir_mismatch_json={"us_Trade Weighted Dollar Index": 0.09090909090909091, "jp_fx": 0.36363636363636365, "kr_fx": 0.18181818181818182}
| end of epoch  33 | time:  4.94s | train_loss 0.0257 | valid rse 5.7962 | valid rae 7.7078 | valid corr  0.3669 | valid smape  0.3492 | focus_rrse 6.5687 | obj 6.5687
Experiment: 1
Iter: 0
epoch: 34
hp= [1, 0.00018, 32, 128, 256, 1024, 30, 0.02, 2, 40, 0.6, 0.1, 3, 34]
best sum= 13.137026718267972
best rrse= 5.79615801183916
best rrae= 7.7077600011466
best corr= 0.3668913
best smape= 0.34922204951770514
best objective= 6.568732738494873
best hps= [1, 0.00018, 32, 128, 256, 1024, 30, 0.02, 2, 40, 0.6, 0.1, 3, 1]
best test rse= 3.0971544212212896
best test corr= 0.17676377
[Target-Weighted Loss] weights applied: {'us_Trade Weighted Dollar Index': 90.0, 'kr_fx': 90.0, 'jp_fx': 90.0}
[Target-Only Loss] enabled for columns: ['us_Trade Weighted Dollar Index', 'jp_fx', 'kr_fx']
[Bias Penalty] enabled lambda=0.55 scope=focus cols=['us_Trade Weighted Dollar Index', 'jp_fx', 'kr_fx']
iter:  0 | loss: 0.012
iter:  1 | loss: 0.023
iter:  2 | loss: 0.028
iter:  3 | loss: 0.017
iter:  4 | loss: 0.025
iter:  5 | loss: 0.026
iter:  6 | loss: 0.011
iter:  7 | loss: 0.044
iter:  8 | loss: 0.030
iter:  9 | loss: 0.025
iter: 10 | loss: 0.013
iter: 11 | loss: 0.022
iter: 12 | loss: 0.031
iter: 13 | loss: 0.020
iter: 14 | loss: 0.023
iter: 15 | loss: 0.030
iter: 16 | loss: 0.017
iter: 17 | loss: 0.028
iter: 18 | loss: 0.018
iter: 19 | loss: 0.027
iter: 20 | loss: 0.019
iter: 21 | loss: 0.043
iter: 22 | loss: 0.013
iter: 23 | loss: 0.014
iter: 24 | loss: 0.022
iter: 25 | loss: 0.047
iter: 26 | loss: 0.021
iter: 27 | loss: 0.030
iter: 28 | loss: 0.035
iter: 29 | loss: 0.037
testing r= 5
rrse(target)=202.14650859586965 / 34.87594854780834 | rrse(all)=141949107595652.53 / 34622966134154.824 | report_mode=targets
[Validation] per_target_rrse_json={"us_Trade Weighted Dollar Index": 2.2730956077575684, "jp_fx": 11.89224910736084, "kr_fx": 5.540853023529053}
[Validation] per_target_lag_mae_json={"us_Trade Weighted Dollar Index": 0.25834932923316956, "jp_fx": 0.852362871170044, "kr_fx": 3.7997491359710693}
[Validation] per_target_dir_mismatch_json={"us_Trade Weighted Dollar Index": 0.09090909090909091, "jp_fx": 0.36363636363636365, "kr_fx": 0.18181818181818182}
| end of epoch  34 | time:  4.36s | train_loss 0.0249 | valid rse 5.7962 | valid rae 7.7078 | valid corr  0.3669 | valid smape  0.3492 | focus_rrse 6.5687 | obj 6.5687
Experiment: 1
Iter: 0
epoch: 35
hp= [1, 0.00018, 32, 128, 256, 1024, 30, 0.02, 2, 40, 0.6, 0.1, 3, 35]
best sum= 13.137026718267972
best rrse= 5.79615801183916
best rrae= 7.7077600011466
best corr= 0.3668913
best smape= 0.34922204951770514
best objective= 6.568732738494873
best hps= [1, 0.00018, 32, 128, 256, 1024, 30, 0.02, 2, 40, 0.6, 0.1, 3, 1]
best test rse= 3.0971544212212896
best test corr= 0.17676377
[Target-Weighted Loss] weights applied: {'us_Trade Weighted Dollar Index': 90.0, 'kr_fx': 90.0, 'jp_fx': 90.0}
[Target-Only Loss] enabled for columns: ['us_Trade Weighted Dollar Index', 'jp_fx', 'kr_fx']
[Bias Penalty] enabled lambda=0.55 scope=focus cols=['us_Trade Weighted Dollar Index', 'jp_fx', 'kr_fx']
iter:  0 | loss: 0.013
iter:  1 | loss: 0.013
iter:  2 | loss: 0.020
iter:  3 | loss: 0.017
iter:  4 | loss: 0.023
iter:  5 | loss: 0.035
iter:  6 | loss: 0.024
iter:  7 | loss: 0.025
iter:  8 | loss: 0.015
iter:  9 | loss: 0.021
iter: 10 | loss: 0.016
iter: 11 | loss: 0.023
iter: 12 | loss: 0.019
iter: 13 | loss: 0.046
iter: 14 | loss: 0.017
iter: 15 | loss: 0.031
iter: 16 | loss: 0.026
iter: 17 | loss: 0.052
iter: 18 | loss: 0.036
iter: 19 | loss: 0.019
iter: 20 | loss: 0.024
iter: 21 | loss: 0.024
iter: 22 | loss: 0.019
iter: 23 | loss: 0.039
iter: 24 | loss: 0.017
iter: 25 | loss: 0.041
iter: 26 | loss: 0.020
iter: 27 | loss: 0.034
iter: 28 | loss: 0.026
iter: 29 | loss: 0.015
testing r= 5
rrse(target)=202.14650859586965 / 34.87594854780834 | rrse(all)=141949107595652.53 / 34622966134154.824 | report_mode=targets
[Validation] per_target_rrse_json={"us_Trade Weighted Dollar Index": 2.2730956077575684, "jp_fx": 11.89224910736084, "kr_fx": 5.540853023529053}
[Validation] per_target_lag_mae_json={"us_Trade Weighted Dollar Index": 0.25834932923316956, "jp_fx": 0.852362871170044, "kr_fx": 3.7997491359710693}
[Validation] per_target_dir_mismatch_json={"us_Trade Weighted Dollar Index": 0.09090909090909091, "jp_fx": 0.36363636363636365, "kr_fx": 0.18181818181818182}
| end of epoch  35 | time:  4.49s | train_loss 0.0251 | valid rse 5.7962 | valid rae 7.7078 | valid corr  0.3669 | valid smape  0.3492 | focus_rrse 6.5687 | obj 6.5687
Experiment: 1
Iter: 0
epoch: 36
hp= [1, 0.00018, 32, 128, 256, 1024, 30, 0.02, 2, 40, 0.6, 0.1, 3, 36]
best sum= 13.137026718267972
best rrse= 5.79615801183916
best rrae= 7.7077600011466
best corr= 0.3668913
best smape= 0.34922204951770514
best objective= 6.568732738494873
best hps= [1, 0.00018, 32, 128, 256, 1024, 30, 0.02, 2, 40, 0.6, 0.1, 3, 1]
best test rse= 3.0971544212212896
best test corr= 0.17676377
[Target-Weighted Loss] weights applied: {'us_Trade Weighted Dollar Index': 90.0, 'kr_fx': 90.0, 'jp_fx': 90.0}
[Target-Only Loss] enabled for columns: ['us_Trade Weighted Dollar Index', 'jp_fx', 'kr_fx']
[Bias Penalty] enabled lambda=0.55 scope=focus cols=['us_Trade Weighted Dollar Index', 'jp_fx', 'kr_fx']
iter:  0 | loss: 0.018
iter:  1 | loss: 0.031
iter:  2 | loss: 0.031
iter:  3 | loss: 0.033
iter:  4 | loss: 0.027
iter:  5 | loss: 0.022
iter:  6 | loss: 0.038
iter:  7 | loss: 0.015
iter:  8 | loss: 0.018
iter:  9 | loss: 0.021
iter: 10 | loss: 0.032
iter: 11 | loss: 0.037
iter: 12 | loss: 0.015
iter: 13 | loss: 0.019
iter: 14 | loss: 0.047
iter: 15 | loss: 0.022
iter: 16 | loss: 0.019
iter: 17 | loss: 0.010
iter: 18 | loss: 0.042
iter: 19 | loss: 0.010
iter: 20 | loss: 0.012
iter: 21 | loss: 0.034
iter: 22 | loss: 0.051
iter: 23 | loss: 0.030
iter: 24 | loss: 0.030
iter: 25 | loss: 0.030
iter: 26 | loss: 0.016
iter: 27 | loss: 0.035
iter: 28 | loss: 0.014
iter: 29 | loss: 0.023
testing r= 5
rrse(target)=202.14650859586965 / 34.87594854780834 | rrse(all)=141949107595652.53 / 34622966134154.824 | report_mode=targets
[Validation] per_target_rrse_json={"us_Trade Weighted Dollar Index": 2.2730956077575684, "jp_fx": 11.89224910736084, "kr_fx": 5.540853023529053}
[Validation] per_target_lag_mae_json={"us_Trade Weighted Dollar Index": 0.25834932923316956, "jp_fx": 0.852362871170044, "kr_fx": 3.7997491359710693}
[Validation] per_target_dir_mismatch_json={"us_Trade Weighted Dollar Index": 0.09090909090909091, "jp_fx": 0.36363636363636365, "kr_fx": 0.18181818181818182}
| end of epoch  36 | time:  4.22s | train_loss 0.0261 | valid rse 5.7962 | valid rae 7.7078 | valid corr  0.3669 | valid smape  0.3492 | focus_rrse 6.5687 | obj 6.5687
Experiment: 1
Iter: 0
epoch: 37
hp= [1, 0.00018, 32, 128, 256, 1024, 30, 0.02, 2, 40, 0.6, 0.1, 3, 37]
best sum= 13.137026718267972
best rrse= 5.79615801183916
best rrae= 7.7077600011466
best corr= 0.3668913
best smape= 0.34922204951770514
best objective= 6.568732738494873
best hps= [1, 0.00018, 32, 128, 256, 1024, 30, 0.02, 2, 40, 0.6, 0.1, 3, 1]
best test rse= 3.0971544212212896
best test corr= 0.17676377
[Target-Weighted Loss] weights applied: {'us_Trade Weighted Dollar Index': 90.0, 'kr_fx': 90.0, 'jp_fx': 90.0}
[Target-Only Loss] enabled for columns: ['us_Trade Weighted Dollar Index', 'jp_fx', 'kr_fx']
[Bias Penalty] enabled lambda=0.55 scope=focus cols=['us_Trade Weighted Dollar Index', 'jp_fx', 'kr_fx']
iter:  0 | loss: 0.020
iter:  1 | loss: 0.006
iter:  2 | loss: 0.012
iter:  3 | loss: 0.049
iter:  4 | loss: 0.012
iter:  5 | loss: 0.029
iter:  6 | loss: 0.028
iter:  7 | loss: 0.025
iter:  8 | loss: 0.008
iter:  9 | loss: 0.025
iter: 10 | loss: 0.026
iter: 11 | loss: 0.022
iter: 12 | loss: 0.023
iter: 13 | loss: 0.025
iter: 14 | loss: 0.013
iter: 15 | loss: 0.024
iter: 16 | loss: 0.012
iter: 17 | loss: 0.013
iter: 18 | loss: 0.026
iter: 19 | loss: 0.027
iter: 20 | loss: 0.031
iter: 21 | loss: 0.017
iter: 22 | loss: 0.019
iter: 23 | loss: 0.050
iter: 24 | loss: 0.023
iter: 25 | loss: 0.034
iter: 26 | loss: 0.020
iter: 27 | loss: 0.029
iter: 28 | loss: 0.049
iter: 29 | loss: 0.063
testing r= 5
rrse(target)=202.14650859586965 / 34.87594854780834 | rrse(all)=141949107595652.53 / 34622966134154.824 | report_mode=targets
[Validation] per_target_rrse_json={"us_Trade Weighted Dollar Index": 2.2730956077575684, "jp_fx": 11.89224910736084, "kr_fx": 5.540853023529053}
[Validation] per_target_lag_mae_json={"us_Trade Weighted Dollar Index": 0.25834932923316956, "jp_fx": 0.852362871170044, "kr_fx": 3.7997491359710693}
[Validation] per_target_dir_mismatch_json={"us_Trade Weighted Dollar Index": 0.09090909090909091, "jp_fx": 0.36363636363636365, "kr_fx": 0.18181818181818182}
| end of epoch  37 | time:  4.14s | train_loss 0.0252 | valid rse 5.7962 | valid rae 7.7078 | valid corr  0.3669 | valid smape  0.3492 | focus_rrse 6.5687 | obj 6.5687
Experiment: 1
Iter: 0
epoch: 38
hp= [1, 0.00018, 32, 128, 256, 1024, 30, 0.02, 2, 40, 0.6, 0.1, 3, 38]
best sum= 13.137026718267972
best rrse= 5.79615801183916
best rrae= 7.7077600011466
best corr= 0.3668913
best smape= 0.34922204951770514
best objective= 6.568732738494873
best hps= [1, 0.00018, 32, 128, 256, 1024, 30, 0.02, 2, 40, 0.6, 0.1, 3, 1]
best test rse= 3.0971544212212896
best test corr= 0.17676377
[Target-Weighted Loss] weights applied: {'us_Trade Weighted Dollar Index': 90.0, 'kr_fx': 90.0, 'jp_fx': 90.0}
[Target-Only Loss] enabled for columns: ['us_Trade Weighted Dollar Index', 'jp_fx', 'kr_fx']
[Bias Penalty] enabled lambda=0.55 scope=focus cols=['us_Trade Weighted Dollar Index', 'jp_fx', 'kr_fx']
iter:  0 | loss: 0.028
iter:  1 | loss: 0.014
iter:  2 | loss: 0.018
iter:  3 | loss: 0.016
iter:  4 | loss: 0.024
iter:  5 | loss: 0.027
iter:  6 | loss: 0.018
iter:  7 | loss: 0.044
iter:  8 | loss: 0.014
iter:  9 | loss: 0.035
iter: 10 | loss: 0.013
iter: 11 | loss: 0.013
iter: 12 | loss: 0.024
iter: 13 | loss: 0.017
iter: 14 | loss: 0.027
iter: 15 | loss: 0.033
iter: 16 | loss: 0.016
iter: 17 | loss: 0.011
iter: 18 | loss: 0.015
iter: 19 | loss: 0.041
iter: 20 | loss: 0.031
iter: 21 | loss: 0.034
iter: 22 | loss: 0.034
iter: 23 | loss: 0.014
iter: 24 | loss: 0.036
iter: 25 | loss: 0.035
iter: 26 | loss: 0.028
iter: 27 | loss: 0.014
iter: 28 | loss: 0.028
iter: 29 | loss: 0.080
testing r= 5
rrse(target)=202.14650859586965 / 34.87594854780834 | rrse(all)=141949107595652.53 / 34622966134154.824 | report_mode=targets
[Validation] per_target_rrse_json={"us_Trade Weighted Dollar Index": 2.2730956077575684, "jp_fx": 11.89224910736084, "kr_fx": 5.540853023529053}
[Validation] per_target_lag_mae_json={"us_Trade Weighted Dollar Index": 0.25834932923316956, "jp_fx": 0.852362871170044, "kr_fx": 3.7997491359710693}
[Validation] per_target_dir_mismatch_json={"us_Trade Weighted Dollar Index": 0.09090909090909091, "jp_fx": 0.36363636363636365, "kr_fx": 0.18181818181818182}
| end of epoch  38 | time:  4.44s | train_loss 0.0256 | valid rse 5.7962 | valid rae 7.7078 | valid corr  0.3669 | valid smape  0.3492 | focus_rrse 6.5687 | obj 6.5687
Experiment: 1
Iter: 0
epoch: 39
hp= [1, 0.00018, 32, 128, 256, 1024, 30, 0.02, 2, 40, 0.6, 0.1, 3, 39]
best sum= 13.137026718267972
best rrse= 5.79615801183916
best rrae= 7.7077600011466
best corr= 0.3668913
best smape= 0.34922204951770514
best objective= 6.568732738494873
best hps= [1, 0.00018, 32, 128, 256, 1024, 30, 0.02, 2, 40, 0.6, 0.1, 3, 1]
best test rse= 3.0971544212212896
best test corr= 0.17676377
[Target-Weighted Loss] weights applied: {'us_Trade Weighted Dollar Index': 90.0, 'kr_fx': 90.0, 'jp_fx': 90.0}
[Target-Only Loss] enabled for columns: ['us_Trade Weighted Dollar Index', 'jp_fx', 'kr_fx']
[Bias Penalty] enabled lambda=0.55 scope=focus cols=['us_Trade Weighted Dollar Index', 'jp_fx', 'kr_fx']
iter:  0 | loss: 0.016
iter:  1 | loss: 0.013
iter:  2 | loss: 0.021
iter:  3 | loss: 0.019
iter:  4 | loss: 0.018
iter:  5 | loss: 0.009
iter:  6 | loss: 0.017
iter:  7 | loss: 0.012
iter:  8 | loss: 0.028
iter:  9 | loss: 0.033
iter: 10 | loss: 0.026
iter: 11 | loss: 0.030
iter: 12 | loss: 0.010
iter: 13 | loss: 0.034
iter: 14 | loss: 0.045
iter: 15 | loss: 0.028
iter: 16 | loss: 0.041
iter: 17 | loss: 0.032
iter: 18 | loss: 0.021
iter: 19 | loss: 0.018
iter: 20 | loss: 0.030
iter: 21 | loss: 0.013
iter: 22 | loss: 0.031
iter: 23 | loss: 0.055
iter: 24 | loss: 0.023
iter: 25 | loss: 0.019
iter: 26 | loss: 0.014
iter: 27 | loss: 0.030
iter: 28 | loss: 0.019
iter: 29 | loss: 0.051
testing r= 5
rrse(target)=202.14650859586965 / 34.87594854780834 | rrse(all)=141949107595652.53 / 34622966134154.824 | report_mode=targets
[Validation] per_target_rrse_json={"us_Trade Weighted Dollar Index": 2.2730956077575684, "jp_fx": 11.89224910736084, "kr_fx": 5.540853023529053}
[Validation] per_target_lag_mae_json={"us_Trade Weighted Dollar Index": 0.25834932923316956, "jp_fx": 0.852362871170044, "kr_fx": 3.7997491359710693}
[Validation] per_target_dir_mismatch_json={"us_Trade Weighted Dollar Index": 0.09090909090909091, "jp_fx": 0.36363636363636365, "kr_fx": 0.18181818181818182}
| end of epoch  39 | time:  4.50s | train_loss 0.0250 | valid rse 5.7962 | valid rae 7.7078 | valid corr  0.3669 | valid smape  0.3492 | focus_rrse 6.5687 | obj 6.5687
Experiment: 1
Iter: 0
epoch: 40
hp= [1, 0.00018, 32, 128, 256, 1024, 30, 0.02, 2, 40, 0.6, 0.1, 3, 40]
best sum= 13.137026718267972
best rrse= 5.79615801183916
best rrae= 7.7077600011466
best corr= 0.3668913
best smape= 0.34922204951770514
best objective= 6.568732738494873
best hps= [1, 0.00018, 32, 128, 256, 1024, 30, 0.02, 2, 40, 0.6, 0.1, 3, 1]
best test rse= 3.0971544212212896
best test corr= 0.17676377
[Target-Weighted Loss] weights applied: {'us_Trade Weighted Dollar Index': 90.0, 'kr_fx': 90.0, 'jp_fx': 90.0}
[Target-Only Loss] enabled for columns: ['us_Trade Weighted Dollar Index', 'jp_fx', 'kr_fx']
[Bias Penalty] enabled lambda=0.55 scope=focus cols=['us_Trade Weighted Dollar Index', 'jp_fx', 'kr_fx']
iter:  0 | loss: 0.013
iter:  1 | loss: 0.023
iter:  2 | loss: 0.016
iter:  3 | loss: 0.017
iter:  4 | loss: 0.017
iter:  5 | loss: 0.012
iter:  6 | loss: 0.031
iter:  7 | loss: 0.024
iter:  8 | loss: 0.027
iter:  9 | loss: 0.018
iter: 10 | loss: 0.023
iter: 11 | loss: 0.016
iter: 12 | loss: 0.017
iter: 13 | loss: 0.034
iter: 14 | loss: 0.053
iter: 15 | loss: 0.020
iter: 16 | loss: 0.023
iter: 17 | loss: 0.026
iter: 18 | loss: 0.032
iter: 19 | loss: 0.013
iter: 20 | loss: 0.043
iter: 21 | loss: 0.033
iter: 22 | loss: 0.015
iter: 23 | loss: 0.032
iter: 24 | loss: 0.044
iter: 25 | loss: 0.026
iter: 26 | loss: 0.011
iter: 27 | loss: 0.030
iter: 28 | loss: 0.023
iter: 29 | loss: 0.039
testing r= 5
rrse(target)=202.14650859586965 / 34.87594854780834 | rrse(all)=141949107595652.53 / 34622966134154.824 | report_mode=targets
[Validation] per_target_rrse_json={"us_Trade Weighted Dollar Index": 2.2730956077575684, "jp_fx": 11.89224910736084, "kr_fx": 5.540853023529053}
[Validation] per_target_lag_mae_json={"us_Trade Weighted Dollar Index": 0.25834932923316956, "jp_fx": 0.852362871170044, "kr_fx": 3.7997491359710693}
[Validation] per_target_dir_mismatch_json={"us_Trade Weighted Dollar Index": 0.09090909090909091, "jp_fx": 0.36363636363636365, "kr_fx": 0.18181818181818182}
| end of epoch  40 | time:  4.13s | train_loss 0.0249 | valid rse 5.7962 | valid rae 7.7078 | valid corr  0.3669 | valid smape  0.3492 | focus_rrse 6.5687 | obj 6.5687
best val loss= 13.137026718267972
best hps= [1, 0.00018, 32, 128, 256, 1024, 30, 0.02, 2, 40, 0.6, 0.1, 3, 1]
testing r= 5
rrse(target)=202.14650859586965 / 34.87594854780834 | rrse(all)=141949107595652.53 / 34622966134154.824 | report_mode=targets
[Validation] per_target_rrse_json={"us_Trade Weighted Dollar Index": 2.2730956077575684, "jp_fx": 11.89224910736084, "kr_fx": 5.540853023529053}
[Validation] per_target_lag_mae_json={"us_Trade Weighted Dollar Index": 0.25834932923316956, "jp_fx": 0.852362871170044, "kr_fx": 3.7997491359710693}
[Validation] per_target_dir_mismatch_json={"us_Trade Weighted Dollar Index": 0.09090909090909091, "jp_fx": 0.36363636363636365, "kr_fx": 0.18181818181818182}
[debias] mode=val_mean_error apply_to=focus offset={'us_Trade Weighted Dollar Index': -1.5587310791015625, 'jp_fx': -19.75154685974121, 'kr_fx': -53.91054153442383}
testing r= 5
rrse(target)=35.72685890566962 / 34.87594854780834 | rrse(all)=141949107595652.53 / 34622966134154.824 | report_mode=targets
[Validation] per_target_rrse_json={"us_Trade Weighted Dollar Index": 0.8760544657707214, "jp_fx": 0.9700049161911011, "kr_fx": 1.0266708135604858}
[Validation] per_target_lag_mae_json={"us_Trade Weighted Dollar Index": 0.25834932923316956, "jp_fx": 0.852362871170044, "kr_fx": 3.7997491359710693}
[Validation] per_target_dir_mismatch_json={"us_Trade Weighted Dollar Index": 0.09090909090909091, "jp_fx": 0.36363636363636365, "kr_fx": 0.18181818181818182}
testing r= 5
rrse(target)=110.00671144298424 / 87.05327089004898 | rrse(all)=100866738458441.52 / 13118448721317.795 | report_mode=targets
[Testing] per_target_rrse_json={"us_Trade Weighted Dollar Index": 1.3625354766845703, "jp_fx": 6.54458475112915, "kr_fx": 1.0623615980148315}
[Testing] per_target_lag_mae_json={"us_Trade Weighted Dollar Index": 0.555945634841919, "jp_fx": 1.1730666160583496, "kr_fx": 6.241244316101074}
[Testing] per_target_dir_mismatch_json={"us_Trade Weighted Dollar Index": 0.5454545454545454, "jp_fx": 0.7272727272727273, "kr_fx": 0.09090909090909091}
********************************************************************************************************
final test rse 1.2637 | test rae 1.8307 | test corr 0.1768 | test smape 0.3115
********************************************************************************************************



1 run average



valid	rse	rae
mean	1.0244	1.0779
std	0.0000	0.0000



test	rse	rae
mean	1.2637	1.8307
std	0.0000	0.0000
