CUDA not available, using CPU
[split_guard] {'n': 180, 'cutoff_idx': 168, 'cutoff_label': '25.Jan', 'valid_start_idx': 156, 'valid_end_idx': 168, 'valid_months': 12}
Loading data from /Users/samrobert/Documents/GitHub/Exchangeprediction/Cyber-trend-forecasting-main 3/B-MTGNN/data/sm_data.csv...
Data loaded and converted to numeric successfully.
Graph loaded with 1 attacks...
33 columns loaded
Adjacency created...
train X: torch.Size([107, 48, 33])
train Y: torch.Size([107, 1, 33])
valid X: torch.Size([11, 48, 33])
valid Y: torch.Size([11, 1, 33])
test X: torch.Size([11, 48, 33])
test Y: torch.Size([11, 1, 33])
test window: torch.Size([60, 33])
length of training set= 107
length of validation set= 11
length of testing set= 11
valid= 168
Auto-detected num_nodes: 33
Namespace(data='/Users/samrobert/Documents/GitHub/Exchangeprediction/Cyber-trend-forecasting-main 3/B-MTGNN/data/sm_data.csv', log_interval=2000, save='/Users/samrobert/Documents/GitHub/Exchangeprediction/Cyber-trend-forecasting-main 3/B-MTGNN/tuning_runs/20260220_181241/checkpoints/model_002.pt', optim='adam', L1Loss=True, loss_mode='mse', normalize=2, device='cuda:1', gcn_true=False, buildA_true=False, use_graph=0, gcn_depth=1, num_nodes=33, dropout=0.0, subgraph_size=20, node_dim=50, dilation_exponential=2, conv_channels=32, residual_channels=128, skip_channels=256, end_channels=1024, in_dim=1, seq_in_len=48, seq_out_len=1, horizon=1, layers=3, batch_size=4, lr=0.00012, weight_decay=1e-05, clip=10, propalpha=0.6, tanhalpha=0.1, epochs=40, num_split=1, step_size=100, ss_prob=0.08, train_ratio=0.8666666667, valid_ratio=0.0666666667, focus_targets=1, focus_nodes='us_Trade Weighted Dollar Index,jp_fx,kr_fx', focus_weight=1.0, focus_target_gain=110.0, focus_only_loss=1, anchor_focus_to_last=0.0, rse_targets='Us_Trade Weighted Dollar Index_Testing.txt,Jp_fx_Testing.txt,Kr_fx_Testing.txt', rse_report_mode='targets', debias_mode='val_mean_error', debias_apply_to='focus', bias_penalty=0.65, bias_penalty_scope='focus', plot_focus_only=0, debug_eval=0, rollout_mode='recursive', enforce_cutoff_split=1, cutoff_year_yy=25, min_valid_months=12, confidence_level=0.95, confidence_scale=3.0, confidence_mode='predictive', seed=777, plot=0, clean_cache=0, autotune_mode=1, apply_best_tuning=0, eval_best_tuning=0, target_profile='none', best_tuning_checkpoint='')
The recpetive field size is 43
Number of model parameters is 1245457
begin training
Experiment: 1
Iter: 0
epoch: 1
hp= [1, 0.00012, 32, 128, 256, 1024, 20, 0.0, 2, 50, 0.6, 0.1, 3, 1]
best sum= 10000000
best rrse= 10000000
best rrae= 10000000
best corr= -10000000
best smape= 10000000
best objective= 10000000
best hps= []
best test rse= 10000000
best test corr= -10000000
[Target-Weighted Loss] weights applied: {'us_Trade Weighted Dollar Index': 110.0, 'kr_fx': 110.0, 'jp_fx': 110.0}
[Target-Only Loss] enabled for columns: ['us_Trade Weighted Dollar Index', 'jp_fx', 'kr_fx']
[Bias Penalty] enabled lambda=0.65 scope=focus cols=['us_Trade Weighted Dollar Index', 'jp_fx', 'kr_fx']
iter:  0 | loss: 0.032
iter:  1 | loss: 0.009
iter:  2 | loss: 0.019
iter:  3 | loss: 0.014
iter:  4 | loss: 0.010
iter:  5 | loss: 0.012
iter:  6 | loss: 0.006
iter:  7 | loss: 0.008
iter:  8 | loss: 0.006
iter:  9 | loss: 0.009
iter: 10 | loss: 0.031
iter: 11 | loss: 0.015
iter: 12 | loss: 0.047
iter: 13 | loss: 0.010
iter: 14 | loss: 0.012
iter: 15 | loss: 0.020
iter: 16 | loss: 0.009
iter: 17 | loss: 0.016
iter: 18 | loss: 0.030
iter: 19 | loss: 0.015
iter: 20 | loss: 0.008
iter: 21 | loss: 0.008
iter: 22 | loss: 0.004
iter: 23 | loss: 0.006
iter: 24 | loss: 0.050
iter: 25 | loss: 0.006
iter: 26 | loss: 0.012
testing r= 5
rrse(target)=117.52358888883755 / 34.87594854780834 | rrse(all)=101350308188995.78 / 34622966134154.824 | report_mode=targets
[Validation] per_target_rrse_json={"us_Trade Weighted Dollar Index": 1.2158352136611938, "jp_fx": 10.65758228302002, "kr_fx": 2.9180564880371094}
[Validation] per_target_lag_mae_json={"us_Trade Weighted Dollar Index": 0.36620262265205383, "jp_fx": 0.7280481457710266, "kr_fx": 4.803500175476074}
[Validation] per_target_dir_mismatch_json={"us_Trade Weighted Dollar Index": 0.6363636363636364, "jp_fx": 0.45454545454545453, "kr_fx": 0.36363636363636365}
| end of epoch   1 | time:  4.93s | train_loss 0.0157 | valid rse 3.3698 | valid rae 4.6346 | valid corr  0.4453 | valid smape  0.3208 | focus_rrse 4.9305 | obj 4.9305
testing r= 5
rrse(target)=360.6185224721548 / 87.05327089004898 | rrse(all)=49957594432314.71 / 13118448721317.795 | report_mode=targets
[Testing] per_target_rrse_json={"us_Trade Weighted Dollar Index": 3.8329360485076904, "jp_fx": 2.2283124923706055, "kr_fx": 4.159707069396973}
[Testing] per_target_lag_mae_json={"us_Trade Weighted Dollar Index": 0.6911669373512268, "jp_fx": 0.8994140625, "kr_fx": 7.3698506355285645}
[Testing] per_target_dir_mismatch_json={"us_Trade Weighted Dollar Index": 0.6363636363636364, "jp_fx": 0.6363636363636364, "kr_fx": 0.09090909090909091}
********************************************************************************************************
test rse 4.1425 | test rae 4.7319 | test corr 0.1762| test smape 0.2776 | test focus_rrse 3.4070
********************************************************************************************************
Experiment: 1
Iter: 0
epoch: 2
hp= [1, 0.00012, 32, 128, 256, 1024, 20, 0.0, 2, 50, 0.6, 0.1, 3, 2]
best sum= 7.5590190976261145
best rrse= 3.3697603587106713
best rrae= 4.634550943533897
best corr= 0.4452922
best smape= 0.32083573540389365
best objective= 4.9304914474487305
best hps= [1, 0.00012, 32, 128, 256, 1024, 20, 0.0, 2, 50, 0.6, 0.1, 3, 1]
best test rse= 4.142503995371149
best test corr= 0.17624919
[Target-Weighted Loss] weights applied: {'us_Trade Weighted Dollar Index': 110.0, 'kr_fx': 110.0, 'jp_fx': 110.0}
[Target-Only Loss] enabled for columns: ['us_Trade Weighted Dollar Index', 'jp_fx', 'kr_fx']
[Bias Penalty] enabled lambda=0.65 scope=focus cols=['us_Trade Weighted Dollar Index', 'jp_fx', 'kr_fx']
iter:  0 | loss: 0.010
iter:  1 | loss: 0.011
iter:  2 | loss: 0.013
iter:  3 | loss: 0.029
iter:  4 | loss: 0.006
iter:  5 | loss: 0.029
iter:  6 | loss: 0.003
iter:  7 | loss: 0.017
iter:  8 | loss: 0.021
iter:  9 | loss: 0.014
iter: 10 | loss: 0.022
iter: 11 | loss: 0.024
iter: 12 | loss: 0.006
iter: 13 | loss: 0.008
iter: 14 | loss: 0.019
iter: 15 | loss: 0.012
iter: 16 | loss: 0.005
iter: 17 | loss: 0.019
iter: 18 | loss: 0.017
iter: 19 | loss: 0.015
iter: 20 | loss: 0.013
iter: 21 | loss: 0.019
iter: 22 | loss: 0.012
iter: 23 | loss: 0.004
iter: 24 | loss: 0.019
iter: 25 | loss: 0.005
iter: 26 | loss: 0.011
testing r= 5
rrse(target)=117.52358888883755 / 34.87594854780834 | rrse(all)=101350308188995.78 / 34622966134154.824 | report_mode=targets
[Validation] per_target_rrse_json={"us_Trade Weighted Dollar Index": 1.2158352136611938, "jp_fx": 10.65758228302002, "kr_fx": 2.9180564880371094}
[Validation] per_target_lag_mae_json={"us_Trade Weighted Dollar Index": 0.36620262265205383, "jp_fx": 0.7280481457710266, "kr_fx": 4.803500175476074}
[Validation] per_target_dir_mismatch_json={"us_Trade Weighted Dollar Index": 0.6363636363636364, "jp_fx": 0.45454545454545453, "kr_fx": 0.36363636363636365}
| end of epoch   2 | time:  5.18s | train_loss 0.0141 | valid rse 3.3698 | valid rae 4.6346 | valid corr  0.4453 | valid smape  0.3208 | focus_rrse 4.9305 | obj 4.9305
Experiment: 1
Iter: 0
epoch: 3
hp= [1, 0.00012, 32, 128, 256, 1024, 20, 0.0, 2, 50, 0.6, 0.1, 3, 3]
best sum= 7.5590190976261145
best rrse= 3.3697603587106713
best rrae= 4.634550943533897
best corr= 0.4452922
best smape= 0.32083573540389365
best objective= 4.9304914474487305
best hps= [1, 0.00012, 32, 128, 256, 1024, 20, 0.0, 2, 50, 0.6, 0.1, 3, 1]
best test rse= 4.142503995371149
best test corr= 0.17624919
[Target-Weighted Loss] weights applied: {'us_Trade Weighted Dollar Index': 110.0, 'kr_fx': 110.0, 'jp_fx': 110.0}
[Target-Only Loss] enabled for columns: ['us_Trade Weighted Dollar Index', 'jp_fx', 'kr_fx']
[Bias Penalty] enabled lambda=0.65 scope=focus cols=['us_Trade Weighted Dollar Index', 'jp_fx', 'kr_fx']
iter:  0 | loss: 0.018
iter:  1 | loss: 0.010
iter:  2 | loss: 0.011
iter:  3 | loss: 0.008
iter:  4 | loss: 0.006
iter:  5 | loss: 0.003
iter:  6 | loss: 0.010
iter:  7 | loss: 0.007
iter:  8 | loss: 0.056
iter:  9 | loss: 0.014
iter: 10 | loss: 0.007
iter: 11 | loss: 0.009
iter: 12 | loss: 0.010
iter: 13 | loss: 0.009
iter: 14 | loss: 0.020
iter: 15 | loss: 0.012
iter: 16 | loss: 0.009
iter: 17 | loss: 0.018
iter: 18 | loss: 0.011
iter: 19 | loss: 0.026
iter: 20 | loss: 0.007
iter: 21 | loss: 0.007
iter: 22 | loss: 0.013
iter: 23 | loss: 0.010
iter: 24 | loss: 0.030
iter: 25 | loss: 0.006
iter: 26 | loss: 0.048
testing r= 5
rrse(target)=117.52358888883755 / 34.87594854780834 | rrse(all)=101350308188995.78 / 34622966134154.824 | report_mode=targets
[Validation] per_target_rrse_json={"us_Trade Weighted Dollar Index": 1.2158352136611938, "jp_fx": 10.65758228302002, "kr_fx": 2.9180564880371094}
[Validation] per_target_lag_mae_json={"us_Trade Weighted Dollar Index": 0.36620262265205383, "jp_fx": 0.7280481457710266, "kr_fx": 4.803500175476074}
[Validation] per_target_dir_mismatch_json={"us_Trade Weighted Dollar Index": 0.6363636363636364, "jp_fx": 0.45454545454545453, "kr_fx": 0.36363636363636365}
| end of epoch   3 | time:  4.81s | train_loss 0.0143 | valid rse 3.3698 | valid rae 4.6346 | valid corr  0.4453 | valid smape  0.3208 | focus_rrse 4.9305 | obj 4.9305
Experiment: 1
Iter: 0
epoch: 4
hp= [1, 0.00012, 32, 128, 256, 1024, 20, 0.0, 2, 50, 0.6, 0.1, 3, 4]
best sum= 7.5590190976261145
best rrse= 3.3697603587106713
best rrae= 4.634550943533897
best corr= 0.4452922
best smape= 0.32083573540389365
best objective= 4.9304914474487305
best hps= [1, 0.00012, 32, 128, 256, 1024, 20, 0.0, 2, 50, 0.6, 0.1, 3, 1]
best test rse= 4.142503995371149
best test corr= 0.17624919
[Target-Weighted Loss] weights applied: {'us_Trade Weighted Dollar Index': 110.0, 'kr_fx': 110.0, 'jp_fx': 110.0}
[Target-Only Loss] enabled for columns: ['us_Trade Weighted Dollar Index', 'jp_fx', 'kr_fx']
[Bias Penalty] enabled lambda=0.65 scope=focus cols=['us_Trade Weighted Dollar Index', 'jp_fx', 'kr_fx']
iter:  0 | loss: 0.010
iter:  1 | loss: 0.010
iter:  2 | loss: 0.015
iter:  3 | loss: 0.020
iter:  4 | loss: 0.015
iter:  5 | loss: 0.004
iter:  6 | loss: 0.012
iter:  7 | loss: 0.008
iter:  8 | loss: 0.019
iter:  9 | loss: 0.011
iter: 10 | loss: 0.030
iter: 11 | loss: 0.007
iter: 12 | loss: 0.007
iter: 13 | loss: 0.016
iter: 14 | loss: 0.006
iter: 15 | loss: 0.004
iter: 16 | loss: 0.014
iter: 17 | loss: 0.009
iter: 18 | loss: 0.013
iter: 19 | loss: 0.025
iter: 20 | loss: 0.007
iter: 21 | loss: 0.036
iter: 22 | loss: 0.040
iter: 23 | loss: 0.016
iter: 24 | loss: 0.007
iter: 25 | loss: 0.047
iter: 26 | loss: 0.008
testing r= 5
rrse(target)=117.52358888883755 / 34.87594854780834 | rrse(all)=101350308188995.78 / 34622966134154.824 | report_mode=targets
[Validation] per_target_rrse_json={"us_Trade Weighted Dollar Index": 1.2158352136611938, "jp_fx": 10.65758228302002, "kr_fx": 2.9180564880371094}
[Validation] per_target_lag_mae_json={"us_Trade Weighted Dollar Index": 0.36620262265205383, "jp_fx": 0.7280481457710266, "kr_fx": 4.803500175476074}
[Validation] per_target_dir_mismatch_json={"us_Trade Weighted Dollar Index": 0.6363636363636364, "jp_fx": 0.45454545454545453, "kr_fx": 0.36363636363636365}
| end of epoch   4 | time:  4.67s | train_loss 0.0155 | valid rse 3.3698 | valid rae 4.6346 | valid corr  0.4453 | valid smape  0.3208 | focus_rrse 4.9305 | obj 4.9305
Experiment: 1
Iter: 0
epoch: 5
hp= [1, 0.00012, 32, 128, 256, 1024, 20, 0.0, 2, 50, 0.6, 0.1, 3, 5]
best sum= 7.5590190976261145
best rrse= 3.3697603587106713
best rrae= 4.634550943533897
best corr= 0.4452922
best smape= 0.32083573540389365
best objective= 4.9304914474487305
best hps= [1, 0.00012, 32, 128, 256, 1024, 20, 0.0, 2, 50, 0.6, 0.1, 3, 1]
best test rse= 4.142503995371149
best test corr= 0.17624919
[Target-Weighted Loss] weights applied: {'us_Trade Weighted Dollar Index': 110.0, 'kr_fx': 110.0, 'jp_fx': 110.0}
[Target-Only Loss] enabled for columns: ['us_Trade Weighted Dollar Index', 'jp_fx', 'kr_fx']
[Bias Penalty] enabled lambda=0.65 scope=focus cols=['us_Trade Weighted Dollar Index', 'jp_fx', 'kr_fx']
iter:  0 | loss: 0.012
iter:  1 | loss: 0.018
iter:  2 | loss: 0.008
iter:  3 | loss: 0.009
iter:  4 | loss: 0.009
iter:  5 | loss: 0.005
iter:  6 | loss: 0.019
iter:  7 | loss: 0.017
iter:  8 | loss: 0.022
iter:  9 | loss: 0.019
iter: 10 | loss: 0.016
iter: 11 | loss: 0.033
iter: 12 | loss: 0.008
iter: 13 | loss: 0.006
iter: 14 | loss: 0.014
iter: 15 | loss: 0.019
iter: 16 | loss: 0.023
iter: 17 | loss: 0.002
iter: 18 | loss: 0.022
iter: 19 | loss: 0.014
iter: 20 | loss: 0.006
iter: 21 | loss: 0.027
iter: 22 | loss: 0.013
iter: 23 | loss: 0.007
iter: 24 | loss: 0.020
iter: 25 | loss: 0.006
iter: 26 | loss: 0.008
testing r= 5
rrse(target)=117.52358888883755 / 34.87594854780834 | rrse(all)=101350308188995.78 / 34622966134154.824 | report_mode=targets
[Validation] per_target_rrse_json={"us_Trade Weighted Dollar Index": 1.2158352136611938, "jp_fx": 10.65758228302002, "kr_fx": 2.9180564880371094}
[Validation] per_target_lag_mae_json={"us_Trade Weighted Dollar Index": 0.36620262265205383, "jp_fx": 0.7280481457710266, "kr_fx": 4.803500175476074}
[Validation] per_target_dir_mismatch_json={"us_Trade Weighted Dollar Index": 0.6363636363636364, "jp_fx": 0.45454545454545453, "kr_fx": 0.36363636363636365}
| end of epoch   5 | time:  4.92s | train_loss 0.0142 | valid rse 3.3698 | valid rae 4.6346 | valid corr  0.4453 | valid smape  0.3208 | focus_rrse 4.9305 | obj 4.9305
Experiment: 1
Iter: 0
epoch: 6
hp= [1, 0.00012, 32, 128, 256, 1024, 20, 0.0, 2, 50, 0.6, 0.1, 3, 6]
best sum= 7.5590190976261145
best rrse= 3.3697603587106713
best rrae= 4.634550943533897
best corr= 0.4452922
best smape= 0.32083573540389365
best objective= 4.9304914474487305
best hps= [1, 0.00012, 32, 128, 256, 1024, 20, 0.0, 2, 50, 0.6, 0.1, 3, 1]
best test rse= 4.142503995371149
best test corr= 0.17624919
[Target-Weighted Loss] weights applied: {'us_Trade Weighted Dollar Index': 110.0, 'kr_fx': 110.0, 'jp_fx': 110.0}
[Target-Only Loss] enabled for columns: ['us_Trade Weighted Dollar Index', 'jp_fx', 'kr_fx']
[Bias Penalty] enabled lambda=0.65 scope=focus cols=['us_Trade Weighted Dollar Index', 'jp_fx', 'kr_fx']
iter:  0 | loss: 0.008
iter:  1 | loss: 0.004
iter:  2 | loss: 0.004
iter:  3 | loss: 0.023
iter:  4 | loss: 0.007
iter:  5 | loss: 0.021
iter:  6 | loss: 0.012
iter:  7 | loss: 0.011
iter:  8 | loss: 0.017
iter:  9 | loss: 0.020
iter: 10 | loss: 0.016
iter: 11 | loss: 0.011
iter: 12 | loss: 0.043
iter: 13 | loss: 0.010
iter: 14 | loss: 0.012
iter: 15 | loss: 0.029
iter: 16 | loss: 0.020
iter: 17 | loss: 0.017
iter: 18 | loss: 0.009
iter: 19 | loss: 0.004
iter: 20 | loss: 0.012
iter: 21 | loss: 0.004
iter: 22 | loss: 0.034
iter: 23 | loss: 0.011
iter: 24 | loss: 0.006
iter: 25 | loss: 0.013
iter: 26 | loss: 0.010
testing r= 5
rrse(target)=117.52358888883755 / 34.87594854780834 | rrse(all)=101350308188995.78 / 34622966134154.824 | report_mode=targets
[Validation] per_target_rrse_json={"us_Trade Weighted Dollar Index": 1.2158352136611938, "jp_fx": 10.65758228302002, "kr_fx": 2.9180564880371094}
[Validation] per_target_lag_mae_json={"us_Trade Weighted Dollar Index": 0.36620262265205383, "jp_fx": 0.7280481457710266, "kr_fx": 4.803500175476074}
[Validation] per_target_dir_mismatch_json={"us_Trade Weighted Dollar Index": 0.6363636363636364, "jp_fx": 0.45454545454545453, "kr_fx": 0.36363636363636365}
| end of epoch   6 | time:  5.13s | train_loss 0.0144 | valid rse 3.3698 | valid rae 4.6346 | valid corr  0.4453 | valid smape  0.3208 | focus_rrse 4.9305 | obj 4.9305
Experiment: 1
Iter: 0
epoch: 7
hp= [1, 0.00012, 32, 128, 256, 1024, 20, 0.0, 2, 50, 0.6, 0.1, 3, 7]
best sum= 7.5590190976261145
best rrse= 3.3697603587106713
best rrae= 4.634550943533897
best corr= 0.4452922
best smape= 0.32083573540389365
best objective= 4.9304914474487305
best hps= [1, 0.00012, 32, 128, 256, 1024, 20, 0.0, 2, 50, 0.6, 0.1, 3, 1]
best test rse= 4.142503995371149
best test corr= 0.17624919
[Target-Weighted Loss] weights applied: {'us_Trade Weighted Dollar Index': 110.0, 'kr_fx': 110.0, 'jp_fx': 110.0}
[Target-Only Loss] enabled for columns: ['us_Trade Weighted Dollar Index', 'jp_fx', 'kr_fx']
[Bias Penalty] enabled lambda=0.65 scope=focus cols=['us_Trade Weighted Dollar Index', 'jp_fx', 'kr_fx']
iter:  0 | loss: 0.007
iter:  1 | loss: 0.014
iter:  2 | loss: 0.030
iter:  3 | loss: 0.013
iter:  4 | loss: 0.007
iter:  5 | loss: 0.010
iter:  6 | loss: 0.004
iter:  7 | loss: 0.026
iter:  8 | loss: 0.009
iter:  9 | loss: 0.012
iter: 10 | loss: 0.043
iter: 11 | loss: 0.004
iter: 12 | loss: 0.015
iter: 13 | loss: 0.007
iter: 14 | loss: 0.018
iter: 15 | loss: 0.008
iter: 16 | loss: 0.010
iter: 17 | loss: 0.006
iter: 18 | loss: 0.005
iter: 19 | loss: 0.016
iter: 20 | loss: 0.017
iter: 21 | loss: 0.016
iter: 22 | loss: 0.015
iter: 23 | loss: 0.021
iter: 24 | loss: 0.007
iter: 25 | loss: 0.005
iter: 26 | loss: 0.098
testing r= 5
rrse(target)=117.52358888883755 / 34.87594854780834 | rrse(all)=101350308188995.78 / 34622966134154.824 | report_mode=targets
[Validation] per_target_rrse_json={"us_Trade Weighted Dollar Index": 1.2158352136611938, "jp_fx": 10.65758228302002, "kr_fx": 2.9180564880371094}
[Validation] per_target_lag_mae_json={"us_Trade Weighted Dollar Index": 0.36620262265205383, "jp_fx": 0.7280481457710266, "kr_fx": 4.803500175476074}
[Validation] per_target_dir_mismatch_json={"us_Trade Weighted Dollar Index": 0.6363636363636364, "jp_fx": 0.45454545454545453, "kr_fx": 0.36363636363636365}
| end of epoch   7 | time:  4.84s | train_loss 0.0157 | valid rse 3.3698 | valid rae 4.6346 | valid corr  0.4453 | valid smape  0.3208 | focus_rrse 4.9305 | obj 4.9305
Experiment: 1
Iter: 0
epoch: 8
hp= [1, 0.00012, 32, 128, 256, 1024, 20, 0.0, 2, 50, 0.6, 0.1, 3, 8]
best sum= 7.5590190976261145
best rrse= 3.3697603587106713
best rrae= 4.634550943533897
best corr= 0.4452922
best smape= 0.32083573540389365
best objective= 4.9304914474487305
best hps= [1, 0.00012, 32, 128, 256, 1024, 20, 0.0, 2, 50, 0.6, 0.1, 3, 1]
best test rse= 4.142503995371149
best test corr= 0.17624919
[Target-Weighted Loss] weights applied: {'us_Trade Weighted Dollar Index': 110.0, 'kr_fx': 110.0, 'jp_fx': 110.0}
[Target-Only Loss] enabled for columns: ['us_Trade Weighted Dollar Index', 'jp_fx', 'kr_fx']
[Bias Penalty] enabled lambda=0.65 scope=focus cols=['us_Trade Weighted Dollar Index', 'jp_fx', 'kr_fx']
iter:  0 | loss: 0.013
iter:  1 | loss: 0.009
iter:  2 | loss: 0.005
iter:  3 | loss: 0.005
iter:  4 | loss: 0.016
iter:  5 | loss: 0.008
iter:  6 | loss: 0.012
iter:  7 | loss: 0.013
iter:  8 | loss: 0.039
iter:  9 | loss: 0.016
iter: 10 | loss: 0.043
iter: 11 | loss: 0.016
iter: 12 | loss: 0.015
iter: 13 | loss: 0.016
iter: 14 | loss: 0.007
iter: 15 | loss: 0.012
iter: 16 | loss: 0.013
iter: 17 | loss: 0.025
iter: 18 | loss: 0.014
iter: 19 | loss: 0.005
iter: 20 | loss: 0.034
iter: 21 | loss: 0.009
iter: 22 | loss: 0.008
iter: 23 | loss: 0.008
iter: 24 | loss: 0.008
iter: 25 | loss: 0.012
iter: 26 | loss: 0.033
testing r= 5
rrse(target)=117.52358888883755 / 34.87594854780834 | rrse(all)=101350308188995.78 / 34622966134154.824 | report_mode=targets
[Validation] per_target_rrse_json={"us_Trade Weighted Dollar Index": 1.2158352136611938, "jp_fx": 10.65758228302002, "kr_fx": 2.9180564880371094}
[Validation] per_target_lag_mae_json={"us_Trade Weighted Dollar Index": 0.36620262265205383, "jp_fx": 0.7280481457710266, "kr_fx": 4.803500175476074}
[Validation] per_target_dir_mismatch_json={"us_Trade Weighted Dollar Index": 0.6363636363636364, "jp_fx": 0.45454545454545453, "kr_fx": 0.36363636363636365}
| end of epoch   8 | time:  4.67s | train_loss 0.0151 | valid rse 3.3698 | valid rae 4.6346 | valid corr  0.4453 | valid smape  0.3208 | focus_rrse 4.9305 | obj 4.9305
Experiment: 1
Iter: 0
epoch: 9
hp= [1, 0.00012, 32, 128, 256, 1024, 20, 0.0, 2, 50, 0.6, 0.1, 3, 9]
best sum= 7.5590190976261145
best rrse= 3.3697603587106713
best rrae= 4.634550943533897
best corr= 0.4452922
best smape= 0.32083573540389365
best objective= 4.9304914474487305
best hps= [1, 0.00012, 32, 128, 256, 1024, 20, 0.0, 2, 50, 0.6, 0.1, 3, 1]
best test rse= 4.142503995371149
best test corr= 0.17624919
[Target-Weighted Loss] weights applied: {'us_Trade Weighted Dollar Index': 110.0, 'kr_fx': 110.0, 'jp_fx': 110.0}
[Target-Only Loss] enabled for columns: ['us_Trade Weighted Dollar Index', 'jp_fx', 'kr_fx']
[Bias Penalty] enabled lambda=0.65 scope=focus cols=['us_Trade Weighted Dollar Index', 'jp_fx', 'kr_fx']
iter:  0 | loss: 0.007
iter:  1 | loss: 0.034
iter:  2 | loss: 0.009
iter:  3 | loss: 0.013
iter:  4 | loss: 0.023
iter:  5 | loss: 0.008
iter:  6 | loss: 0.008
iter:  7 | loss: 0.025
iter:  8 | loss: 0.004
iter:  9 | loss: 0.010
iter: 10 | loss: 0.009
iter: 11 | loss: 0.008
iter: 12 | loss: 0.013
iter: 13 | loss: 0.006
iter: 14 | loss: 0.021
iter: 15 | loss: 0.005
iter: 16 | loss: 0.027
iter: 17 | loss: 0.029
iter: 18 | loss: 0.014
iter: 19 | loss: 0.009
iter: 20 | loss: 0.028
iter: 21 | loss: 0.006
iter: 22 | loss: 0.009
iter: 23 | loss: 0.020
iter: 24 | loss: 0.023
iter: 25 | loss: 0.020
iter: 26 | loss: 0.015
testing r= 5
rrse(target)=117.52358888883755 / 34.87594854780834 | rrse(all)=101350308188995.78 / 34622966134154.824 | report_mode=targets
[Validation] per_target_rrse_json={"us_Trade Weighted Dollar Index": 1.2158352136611938, "jp_fx": 10.65758228302002, "kr_fx": 2.9180564880371094}
[Validation] per_target_lag_mae_json={"us_Trade Weighted Dollar Index": 0.36620262265205383, "jp_fx": 0.7280481457710266, "kr_fx": 4.803500175476074}
[Validation] per_target_dir_mismatch_json={"us_Trade Weighted Dollar Index": 0.6363636363636364, "jp_fx": 0.45454545454545453, "kr_fx": 0.36363636363636365}
| end of epoch   9 | time:  4.89s | train_loss 0.0149 | valid rse 3.3698 | valid rae 4.6346 | valid corr  0.4453 | valid smape  0.3208 | focus_rrse 4.9305 | obj 4.9305
Experiment: 1
Iter: 0
epoch: 10
hp= [1, 0.00012, 32, 128, 256, 1024, 20, 0.0, 2, 50, 0.6, 0.1, 3, 10]
best sum= 7.5590190976261145
best rrse= 3.3697603587106713
best rrae= 4.634550943533897
best corr= 0.4452922
best smape= 0.32083573540389365
best objective= 4.9304914474487305
best hps= [1, 0.00012, 32, 128, 256, 1024, 20, 0.0, 2, 50, 0.6, 0.1, 3, 1]
best test rse= 4.142503995371149
best test corr= 0.17624919
[Target-Weighted Loss] weights applied: {'us_Trade Weighted Dollar Index': 110.0, 'kr_fx': 110.0, 'jp_fx': 110.0}
[Target-Only Loss] enabled for columns: ['us_Trade Weighted Dollar Index', 'jp_fx', 'kr_fx']
[Bias Penalty] enabled lambda=0.65 scope=focus cols=['us_Trade Weighted Dollar Index', 'jp_fx', 'kr_fx']
iter:  0 | loss: 0.016
iter:  1 | loss: 0.009
iter:  2 | loss: 0.005
iter:  3 | loss: 0.005
iter:  4 | loss: 0.024
iter:  5 | loss: 0.009
iter:  6 | loss: 0.006
iter:  7 | loss: 0.020
iter:  8 | loss: 0.019
iter:  9 | loss: 0.005
iter: 10 | loss: 0.035
iter: 11 | loss: 0.009
iter: 12 | loss: 0.016
iter: 13 | loss: 0.007
iter: 14 | loss: 0.036
iter: 15 | loss: 0.005
iter: 16 | loss: 0.034
iter: 17 | loss: 0.007
iter: 18 | loss: 0.008
iter: 19 | loss: 0.011
iter: 20 | loss: 0.003
iter: 21 | loss: 0.015
iter: 22 | loss: 0.012
iter: 23 | loss: 0.027
iter: 24 | loss: 0.032
iter: 25 | loss: 0.009
iter: 26 | loss: 0.013
testing r= 5
rrse(target)=117.52358888883755 / 34.87594854780834 | rrse(all)=101350308188995.78 / 34622966134154.824 | report_mode=targets
[Validation] per_target_rrse_json={"us_Trade Weighted Dollar Index": 1.2158352136611938, "jp_fx": 10.65758228302002, "kr_fx": 2.9180564880371094}
[Validation] per_target_lag_mae_json={"us_Trade Weighted Dollar Index": 0.36620262265205383, "jp_fx": 0.7280481457710266, "kr_fx": 4.803500175476074}
[Validation] per_target_dir_mismatch_json={"us_Trade Weighted Dollar Index": 0.6363636363636364, "jp_fx": 0.45454545454545453, "kr_fx": 0.36363636363636365}
| end of epoch  10 | time:  5.00s | train_loss 0.0146 | valid rse 3.3698 | valid rae 4.6346 | valid corr  0.4453 | valid smape  0.3208 | focus_rrse 4.9305 | obj 4.9305
Experiment: 1
Iter: 0
epoch: 11
hp= [1, 0.00012, 32, 128, 256, 1024, 20, 0.0, 2, 50, 0.6, 0.1, 3, 11]
best sum= 7.5590190976261145
best rrse= 3.3697603587106713
best rrae= 4.634550943533897
best corr= 0.4452922
best smape= 0.32083573540389365
best objective= 4.9304914474487305
best hps= [1, 0.00012, 32, 128, 256, 1024, 20, 0.0, 2, 50, 0.6, 0.1, 3, 1]
best test rse= 4.142503995371149
best test corr= 0.17624919
[Target-Weighted Loss] weights applied: {'us_Trade Weighted Dollar Index': 110.0, 'kr_fx': 110.0, 'jp_fx': 110.0}
[Target-Only Loss] enabled for columns: ['us_Trade Weighted Dollar Index', 'jp_fx', 'kr_fx']
[Bias Penalty] enabled lambda=0.65 scope=focus cols=['us_Trade Weighted Dollar Index', 'jp_fx', 'kr_fx']
iter:  0 | loss: 0.020
iter:  1 | loss: 0.007
iter:  2 | loss: 0.016
iter:  3 | loss: 0.015
iter:  4 | loss: 0.029
iter:  5 | loss: 0.011
iter:  6 | loss: 0.006
iter:  7 | loss: 0.003
iter:  8 | loss: 0.009
iter:  9 | loss: 0.009
iter: 10 | loss: 0.046
iter: 11 | loss: 0.017
iter: 12 | loss: 0.004
iter: 13 | loss: 0.009
iter: 14 | loss: 0.005
iter: 15 | loss: 0.012
iter: 16 | loss: 0.004
iter: 17 | loss: 0.006
iter: 18 | loss: 0.012
iter: 19 | loss: 0.022
iter: 20 | loss: 0.023
iter: 21 | loss: 0.009
iter: 22 | loss: 0.011
iter: 23 | loss: 0.029
iter: 24 | loss: 0.024
iter: 25 | loss: 0.026
iter: 26 | loss: 0.016
testing r= 5
rrse(target)=117.52358888883755 / 34.87594854780834 | rrse(all)=101350308188995.78 / 34622966134154.824 | report_mode=targets
[Validation] per_target_rrse_json={"us_Trade Weighted Dollar Index": 1.2158352136611938, "jp_fx": 10.65758228302002, "kr_fx": 2.9180564880371094}
[Validation] per_target_lag_mae_json={"us_Trade Weighted Dollar Index": 0.36620262265205383, "jp_fx": 0.7280481457710266, "kr_fx": 4.803500175476074}
[Validation] per_target_dir_mismatch_json={"us_Trade Weighted Dollar Index": 0.6363636363636364, "jp_fx": 0.45454545454545453, "kr_fx": 0.36363636363636365}
| end of epoch  11 | time:  4.79s | train_loss 0.0148 | valid rse 3.3698 | valid rae 4.6346 | valid corr  0.4453 | valid smape  0.3208 | focus_rrse 4.9305 | obj 4.9305
Experiment: 1
Iter: 0
epoch: 12
hp= [1, 0.00012, 32, 128, 256, 1024, 20, 0.0, 2, 50, 0.6, 0.1, 3, 12]
best sum= 7.5590190976261145
best rrse= 3.3697603587106713
best rrae= 4.634550943533897
best corr= 0.4452922
best smape= 0.32083573540389365
best objective= 4.9304914474487305
best hps= [1, 0.00012, 32, 128, 256, 1024, 20, 0.0, 2, 50, 0.6, 0.1, 3, 1]
best test rse= 4.142503995371149
best test corr= 0.17624919
[Target-Weighted Loss] weights applied: {'us_Trade Weighted Dollar Index': 110.0, 'kr_fx': 110.0, 'jp_fx': 110.0}
[Target-Only Loss] enabled for columns: ['us_Trade Weighted Dollar Index', 'jp_fx', 'kr_fx']
[Bias Penalty] enabled lambda=0.65 scope=focus cols=['us_Trade Weighted Dollar Index', 'jp_fx', 'kr_fx']
iter:  0 | loss: 0.018
iter:  1 | loss: 0.036
iter:  2 | loss: 0.009
iter:  3 | loss: 0.008
iter:  4 | loss: 0.005
iter:  5 | loss: 0.049
iter:  6 | loss: 0.013
iter:  7 | loss: 0.013
iter:  8 | loss: 0.004
iter:  9 | loss: 0.024
iter: 10 | loss: 0.007
iter: 11 | loss: 0.006
iter: 12 | loss: 0.015
iter: 13 | loss: 0.013
iter: 14 | loss: 0.016
iter: 15 | loss: 0.015
iter: 16 | loss: 0.016
iter: 17 | loss: 0.010
iter: 18 | loss: 0.008
iter: 19 | loss: 0.007
iter: 20 | loss: 0.005
iter: 21 | loss: 0.005
iter: 22 | loss: 0.007
iter: 23 | loss: 0.007
iter: 24 | loss: 0.030
iter: 25 | loss: 0.012
iter: 26 | loss: 0.083
testing r= 5
rrse(target)=117.52358888883755 / 34.87594854780834 | rrse(all)=101350308188995.78 / 34622966134154.824 | report_mode=targets
[Validation] per_target_rrse_json={"us_Trade Weighted Dollar Index": 1.2158352136611938, "jp_fx": 10.65758228302002, "kr_fx": 2.9180564880371094}
[Validation] per_target_lag_mae_json={"us_Trade Weighted Dollar Index": 0.36620262265205383, "jp_fx": 0.7280481457710266, "kr_fx": 4.803500175476074}
[Validation] per_target_dir_mismatch_json={"us_Trade Weighted Dollar Index": 0.6363636363636364, "jp_fx": 0.45454545454545453, "kr_fx": 0.36363636363636365}
| end of epoch  12 | time:  4.42s | train_loss 0.0157 | valid rse 3.3698 | valid rae 4.6346 | valid corr  0.4453 | valid smape  0.3208 | focus_rrse 4.9305 | obj 4.9305
Experiment: 1
Iter: 0
epoch: 13
hp= [1, 0.00012, 32, 128, 256, 1024, 20, 0.0, 2, 50, 0.6, 0.1, 3, 13]
best sum= 7.5590190976261145
best rrse= 3.3697603587106713
best rrae= 4.634550943533897
best corr= 0.4452922
best smape= 0.32083573540389365
best objective= 4.9304914474487305
best hps= [1, 0.00012, 32, 128, 256, 1024, 20, 0.0, 2, 50, 0.6, 0.1, 3, 1]
best test rse= 4.142503995371149
best test corr= 0.17624919
[Target-Weighted Loss] weights applied: {'us_Trade Weighted Dollar Index': 110.0, 'kr_fx': 110.0, 'jp_fx': 110.0}
[Target-Only Loss] enabled for columns: ['us_Trade Weighted Dollar Index', 'jp_fx', 'kr_fx']
[Bias Penalty] enabled lambda=0.65 scope=focus cols=['us_Trade Weighted Dollar Index', 'jp_fx', 'kr_fx']
iter:  0 | loss: 0.014
iter:  1 | loss: 0.019
iter:  2 | loss: 0.015
iter:  3 | loss: 0.020
iter:  4 | loss: 0.021
iter:  5 | loss: 0.011
iter:  6 | loss: 0.008
iter:  7 | loss: 0.028
iter:  8 | loss: 0.011
iter:  9 | loss: 0.005
iter: 10 | loss: 0.014
iter: 11 | loss: 0.013
iter: 12 | loss: 0.014
iter: 13 | loss: 0.008
iter: 14 | loss: 0.010
iter: 15 | loss: 0.004
iter: 16 | loss: 0.008
iter: 17 | loss: 0.045
iter: 18 | loss: 0.037
iter: 19 | loss: 0.012
iter: 20 | loss: 0.006
iter: 21 | loss: 0.015
iter: 22 | loss: 0.021
iter: 23 | loss: 0.003
iter: 24 | loss: 0.008
iter: 25 | loss: 0.015
iter: 26 | loss: 0.005
testing r= 5
rrse(target)=117.52358888883755 / 34.87594854780834 | rrse(all)=101350308188995.78 / 34622966134154.824 | report_mode=targets
[Validation] per_target_rrse_json={"us_Trade Weighted Dollar Index": 1.2158352136611938, "jp_fx": 10.65758228302002, "kr_fx": 2.9180564880371094}
[Validation] per_target_lag_mae_json={"us_Trade Weighted Dollar Index": 0.36620262265205383, "jp_fx": 0.7280481457710266, "kr_fx": 4.803500175476074}
[Validation] per_target_dir_mismatch_json={"us_Trade Weighted Dollar Index": 0.6363636363636364, "jp_fx": 0.45454545454545453, "kr_fx": 0.36363636363636365}
| end of epoch  13 | time:  4.54s | train_loss 0.0146 | valid rse 3.3698 | valid rae 4.6346 | valid corr  0.4453 | valid smape  0.3208 | focus_rrse 4.9305 | obj 4.9305
Experiment: 1
Iter: 0
epoch: 14
hp= [1, 0.00012, 32, 128, 256, 1024, 20, 0.0, 2, 50, 0.6, 0.1, 3, 14]
best sum= 7.5590190976261145
best rrse= 3.3697603587106713
best rrae= 4.634550943533897
best corr= 0.4452922
best smape= 0.32083573540389365
best objective= 4.9304914474487305
best hps= [1, 0.00012, 32, 128, 256, 1024, 20, 0.0, 2, 50, 0.6, 0.1, 3, 1]
best test rse= 4.142503995371149
best test corr= 0.17624919
[Target-Weighted Loss] weights applied: {'us_Trade Weighted Dollar Index': 110.0, 'kr_fx': 110.0, 'jp_fx': 110.0}
[Target-Only Loss] enabled for columns: ['us_Trade Weighted Dollar Index', 'jp_fx', 'kr_fx']
[Bias Penalty] enabled lambda=0.65 scope=focus cols=['us_Trade Weighted Dollar Index', 'jp_fx', 'kr_fx']
iter:  0 | loss: 0.018
iter:  1 | loss: 0.011
iter:  2 | loss: 0.009
iter:  3 | loss: 0.007
iter:  4 | loss: 0.014
iter:  5 | loss: 0.034
iter:  6 | loss: 0.016
iter:  7 | loss: 0.005
iter:  8 | loss: 0.010
iter:  9 | loss: 0.012
iter: 10 | loss: 0.010
iter: 11 | loss: 0.018
iter: 12 | loss: 0.009
iter: 13 | loss: 0.005
iter: 14 | loss: 0.007
iter: 15 | loss: 0.027
iter: 16 | loss: 0.020
iter: 17 | loss: 0.012
iter: 18 | loss: 0.015
iter: 19 | loss: 0.049
iter: 20 | loss: 0.008
iter: 21 | loss: 0.012
iter: 22 | loss: 0.015
iter: 23 | loss: 0.008
iter: 24 | loss: 0.017
iter: 25 | loss: 0.003
iter: 26 | loss: 0.008
testing r= 5
rrse(target)=117.52358888883755 / 34.87594854780834 | rrse(all)=101350308188995.78 / 34622966134154.824 | report_mode=targets
[Validation] per_target_rrse_json={"us_Trade Weighted Dollar Index": 1.2158352136611938, "jp_fx": 10.65758228302002, "kr_fx": 2.9180564880371094}
[Validation] per_target_lag_mae_json={"us_Trade Weighted Dollar Index": 0.36620262265205383, "jp_fx": 0.7280481457710266, "kr_fx": 4.803500175476074}
[Validation] per_target_dir_mismatch_json={"us_Trade Weighted Dollar Index": 0.6363636363636364, "jp_fx": 0.45454545454545453, "kr_fx": 0.36363636363636365}
| end of epoch  14 | time:  4.48s | train_loss 0.0141 | valid rse 3.3698 | valid rae 4.6346 | valid corr  0.4453 | valid smape  0.3208 | focus_rrse 4.9305 | obj 4.9305
Experiment: 1
Iter: 0
epoch: 15
hp= [1, 0.00012, 32, 128, 256, 1024, 20, 0.0, 2, 50, 0.6, 0.1, 3, 15]
best sum= 7.5590190976261145
best rrse= 3.3697603587106713
best rrae= 4.634550943533897
best corr= 0.4452922
best smape= 0.32083573540389365
best objective= 4.9304914474487305
best hps= [1, 0.00012, 32, 128, 256, 1024, 20, 0.0, 2, 50, 0.6, 0.1, 3, 1]
best test rse= 4.142503995371149
best test corr= 0.17624919
[Target-Weighted Loss] weights applied: {'us_Trade Weighted Dollar Index': 110.0, 'kr_fx': 110.0, 'jp_fx': 110.0}
[Target-Only Loss] enabled for columns: ['us_Trade Weighted Dollar Index', 'jp_fx', 'kr_fx']
[Bias Penalty] enabled lambda=0.65 scope=focus cols=['us_Trade Weighted Dollar Index', 'jp_fx', 'kr_fx']
iter:  0 | loss: 0.005
iter:  1 | loss: 0.019
iter:  2 | loss: 0.005
iter:  3 | loss: 0.018
iter:  4 | loss: 0.010
iter:  5 | loss: 0.013
iter:  6 | loss: 0.029
iter:  7 | loss: 0.009
iter:  8 | loss: 0.031
iter:  9 | loss: 0.008
iter: 10 | loss: 0.011
iter: 11 | loss: 0.012
iter: 12 | loss: 0.006
iter: 13 | loss: 0.008
iter: 14 | loss: 0.008
iter: 15 | loss: 0.011
iter: 16 | loss: 0.009
iter: 17 | loss: 0.008
iter: 18 | loss: 0.012
iter: 19 | loss: 0.011
iter: 20 | loss: 0.021
iter: 21 | loss: 0.007
iter: 22 | loss: 0.008
iter: 23 | loss: 0.055
iter: 24 | loss: 0.034
iter: 25 | loss: 0.009
iter: 26 | loss: 0.034
testing r= 5
rrse(target)=117.52358888883755 / 34.87594854780834 | rrse(all)=101350308188995.78 / 34622966134154.824 | report_mode=targets
[Validation] per_target_rrse_json={"us_Trade Weighted Dollar Index": 1.2158352136611938, "jp_fx": 10.65758228302002, "kr_fx": 2.9180564880371094}
[Validation] per_target_lag_mae_json={"us_Trade Weighted Dollar Index": 0.36620262265205383, "jp_fx": 0.7280481457710266, "kr_fx": 4.803500175476074}
[Validation] per_target_dir_mismatch_json={"us_Trade Weighted Dollar Index": 0.6363636363636364, "jp_fx": 0.45454545454545453, "kr_fx": 0.36363636363636365}
| end of epoch  15 | time:  4.80s | train_loss 0.0150 | valid rse 3.3698 | valid rae 4.6346 | valid corr  0.4453 | valid smape  0.3208 | focus_rrse 4.9305 | obj 4.9305
Experiment: 1
Iter: 0
epoch: 16
hp= [1, 0.00012, 32, 128, 256, 1024, 20, 0.0, 2, 50, 0.6, 0.1, 3, 16]
best sum= 7.5590190976261145
best rrse= 3.3697603587106713
best rrae= 4.634550943533897
best corr= 0.4452922
best smape= 0.32083573540389365
best objective= 4.9304914474487305
best hps= [1, 0.00012, 32, 128, 256, 1024, 20, 0.0, 2, 50, 0.6, 0.1, 3, 1]
best test rse= 4.142503995371149
best test corr= 0.17624919
[Target-Weighted Loss] weights applied: {'us_Trade Weighted Dollar Index': 110.0, 'kr_fx': 110.0, 'jp_fx': 110.0}
[Target-Only Loss] enabled for columns: ['us_Trade Weighted Dollar Index', 'jp_fx', 'kr_fx']
[Bias Penalty] enabled lambda=0.65 scope=focus cols=['us_Trade Weighted Dollar Index', 'jp_fx', 'kr_fx']
iter:  0 | loss: 0.009
iter:  1 | loss: 0.006
iter:  2 | loss: 0.008
iter:  3 | loss: 0.011
iter:  4 | loss: 0.007
iter:  5 | loss: 0.011
iter:  6 | loss: 0.009
iter:  7 | loss: 0.013
iter:  8 | loss: 0.005
iter:  9 | loss: 0.014
iter: 10 | loss: 0.010
iter: 11 | loss: 0.025
iter: 12 | loss: 0.008
iter: 13 | loss: 0.045
iter: 14 | loss: 0.048
iter: 15 | loss: 0.015
iter: 16 | loss: 0.024
iter: 17 | loss: 0.049
iter: 18 | loss: 0.014
iter: 19 | loss: 0.013
iter: 20 | loss: 0.007
iter: 21 | loss: 0.009
iter: 22 | loss: 0.010
iter: 23 | loss: 0.005
iter: 24 | loss: 0.010
iter: 25 | loss: 0.019
iter: 26 | loss: 0.014
testing r= 5
rrse(target)=117.52358888883755 / 34.87594854780834 | rrse(all)=101350308188995.78 / 34622966134154.824 | report_mode=targets
[Validation] per_target_rrse_json={"us_Trade Weighted Dollar Index": 1.2158352136611938, "jp_fx": 10.65758228302002, "kr_fx": 2.9180564880371094}
[Validation] per_target_lag_mae_json={"us_Trade Weighted Dollar Index": 0.36620262265205383, "jp_fx": 0.7280481457710266, "kr_fx": 4.803500175476074}
[Validation] per_target_dir_mismatch_json={"us_Trade Weighted Dollar Index": 0.6363636363636364, "jp_fx": 0.45454545454545453, "kr_fx": 0.36363636363636365}
| end of epoch  16 | time:  4.57s | train_loss 0.0154 | valid rse 3.3698 | valid rae 4.6346 | valid corr  0.4453 | valid smape  0.3208 | focus_rrse 4.9305 | obj 4.9305
Experiment: 1
Iter: 0
epoch: 17
hp= [1, 0.00012, 32, 128, 256, 1024, 20, 0.0, 2, 50, 0.6, 0.1, 3, 17]
best sum= 7.5590190976261145
best rrse= 3.3697603587106713
best rrae= 4.634550943533897
best corr= 0.4452922
best smape= 0.32083573540389365
best objective= 4.9304914474487305
best hps= [1, 0.00012, 32, 128, 256, 1024, 20, 0.0, 2, 50, 0.6, 0.1, 3, 1]
best test rse= 4.142503995371149
best test corr= 0.17624919
[Target-Weighted Loss] weights applied: {'us_Trade Weighted Dollar Index': 110.0, 'kr_fx': 110.0, 'jp_fx': 110.0}
[Target-Only Loss] enabled for columns: ['us_Trade Weighted Dollar Index', 'jp_fx', 'kr_fx']
[Bias Penalty] enabled lambda=0.65 scope=focus cols=['us_Trade Weighted Dollar Index', 'jp_fx', 'kr_fx']
iter:  0 | loss: 0.004
iter:  1 | loss: 0.002
iter:  2 | loss: 0.011
iter:  3 | loss: 0.006
iter:  4 | loss: 0.003
iter:  5 | loss: 0.032
iter:  6 | loss: 0.004
iter:  7 | loss: 0.017
iter:  8 | loss: 0.023
iter:  9 | loss: 0.009
iter: 10 | loss: 0.037
iter: 11 | loss: 0.008
iter: 12 | loss: 0.017
iter: 13 | loss: 0.008
iter: 14 | loss: 0.010
iter: 15 | loss: 0.011
iter: 16 | loss: 0.012
iter: 17 | loss: 0.015
iter: 18 | loss: 0.015
iter: 19 | loss: 0.014
iter: 20 | loss: 0.044
iter: 21 | loss: 0.014
iter: 22 | loss: 0.017
iter: 23 | loss: 0.005
iter: 24 | loss: 0.022
iter: 25 | loss: 0.030
iter: 26 | loss: 0.005
testing r= 5
rrse(target)=117.52358888883755 / 34.87594854780834 | rrse(all)=101350308188995.78 / 34622966134154.824 | report_mode=targets
[Validation] per_target_rrse_json={"us_Trade Weighted Dollar Index": 1.2158352136611938, "jp_fx": 10.65758228302002, "kr_fx": 2.9180564880371094}
[Validation] per_target_lag_mae_json={"us_Trade Weighted Dollar Index": 0.36620262265205383, "jp_fx": 0.7280481457710266, "kr_fx": 4.803500175476074}
[Validation] per_target_dir_mismatch_json={"us_Trade Weighted Dollar Index": 0.6363636363636364, "jp_fx": 0.45454545454545453, "kr_fx": 0.36363636363636365}
| end of epoch  17 | time:  4.66s | train_loss 0.0147 | valid rse 3.3698 | valid rae 4.6346 | valid corr  0.4453 | valid smape  0.3208 | focus_rrse 4.9305 | obj 4.9305
Experiment: 1
Iter: 0
epoch: 18
hp= [1, 0.00012, 32, 128, 256, 1024, 20, 0.0, 2, 50, 0.6, 0.1, 3, 18]
best sum= 7.5590190976261145
best rrse= 3.3697603587106713
best rrae= 4.634550943533897
best corr= 0.4452922
best smape= 0.32083573540389365
best objective= 4.9304914474487305
best hps= [1, 0.00012, 32, 128, 256, 1024, 20, 0.0, 2, 50, 0.6, 0.1, 3, 1]
best test rse= 4.142503995371149
best test corr= 0.17624919
[Target-Weighted Loss] weights applied: {'us_Trade Weighted Dollar Index': 110.0, 'kr_fx': 110.0, 'jp_fx': 110.0}
[Target-Only Loss] enabled for columns: ['us_Trade Weighted Dollar Index', 'jp_fx', 'kr_fx']
[Bias Penalty] enabled lambda=0.65 scope=focus cols=['us_Trade Weighted Dollar Index', 'jp_fx', 'kr_fx']
iter:  0 | loss: 0.011
iter:  1 | loss: 0.014
iter:  2 | loss: 0.011
iter:  3 | loss: 0.008
iter:  4 | loss: 0.017
iter:  5 | loss: 0.005
iter:  6 | loss: 0.058
iter:  7 | loss: 0.004
iter:  8 | loss: 0.007
iter:  9 | loss: 0.008
iter: 10 | loss: 0.023
iter: 11 | loss: 0.019
iter: 12 | loss: 0.016
iter: 13 | loss: 0.008
iter: 14 | loss: 0.011
iter: 15 | loss: 0.007
iter: 16 | loss: 0.016
iter: 17 | loss: 0.008
iter: 18 | loss: 0.011
iter: 19 | loss: 0.016
iter: 20 | loss: 0.028
iter: 21 | loss: 0.018
iter: 22 | loss: 0.009
iter: 23 | loss: 0.006
iter: 24 | loss: 0.013
iter: 25 | loss: 0.008
iter: 26 | loss: 0.106
testing r= 5
rrse(target)=117.52358888883755 / 34.87594854780834 | rrse(all)=101350308188995.78 / 34622966134154.824 | report_mode=targets
[Validation] per_target_rrse_json={"us_Trade Weighted Dollar Index": 1.2158352136611938, "jp_fx": 10.65758228302002, "kr_fx": 2.9180564880371094}
[Validation] per_target_lag_mae_json={"us_Trade Weighted Dollar Index": 0.36620262265205383, "jp_fx": 0.7280481457710266, "kr_fx": 4.803500175476074}
[Validation] per_target_dir_mismatch_json={"us_Trade Weighted Dollar Index": 0.6363636363636364, "jp_fx": 0.45454545454545453, "kr_fx": 0.36363636363636365}
| end of epoch  18 | time:  4.49s | train_loss 0.0163 | valid rse 3.3698 | valid rae 4.6346 | valid corr  0.4453 | valid smape  0.3208 | focus_rrse 4.9305 | obj 4.9305
Experiment: 1
Iter: 0
epoch: 19
hp= [1, 0.00012, 32, 128, 256, 1024, 20, 0.0, 2, 50, 0.6, 0.1, 3, 19]
best sum= 7.5590190976261145
best rrse= 3.3697603587106713
best rrae= 4.634550943533897
best corr= 0.4452922
best smape= 0.32083573540389365
best objective= 4.9304914474487305
best hps= [1, 0.00012, 32, 128, 256, 1024, 20, 0.0, 2, 50, 0.6, 0.1, 3, 1]
best test rse= 4.142503995371149
best test corr= 0.17624919
[Target-Weighted Loss] weights applied: {'us_Trade Weighted Dollar Index': 110.0, 'kr_fx': 110.0, 'jp_fx': 110.0}
[Target-Only Loss] enabled for columns: ['us_Trade Weighted Dollar Index', 'jp_fx', 'kr_fx']
[Bias Penalty] enabled lambda=0.65 scope=focus cols=['us_Trade Weighted Dollar Index', 'jp_fx', 'kr_fx']
iter:  0 | loss: 0.011
iter:  1 | loss: 0.013
iter:  2 | loss: 0.009
iter:  3 | loss: 0.010
iter:  4 | loss: 0.019
iter:  5 | loss: 0.020
iter:  6 | loss: 0.007
iter:  7 | loss: 0.011
iter:  8 | loss: 0.005
iter:  9 | loss: 0.020
iter: 10 | loss: 0.012
iter: 11 | loss: 0.006
iter: 12 | loss: 0.016
iter: 13 | loss: 0.011
iter: 14 | loss: 0.017
iter: 15 | loss: 0.006
iter: 16 | loss: 0.041
iter: 17 | loss: 0.004
iter: 18 | loss: 0.011
iter: 19 | loss: 0.004
iter: 20 | loss: 0.012
iter: 21 | loss: 0.005
iter: 22 | loss: 0.035
iter: 23 | loss: 0.010
iter: 24 | loss: 0.040
iter: 25 | loss: 0.006
iter: 26 | loss: 0.055
testing r= 5
rrse(target)=117.52358888883755 / 34.87594854780834 | rrse(all)=101350308188995.78 / 34622966134154.824 | report_mode=targets
[Validation] per_target_rrse_json={"us_Trade Weighted Dollar Index": 1.2158352136611938, "jp_fx": 10.65758228302002, "kr_fx": 2.9180564880371094}
[Validation] per_target_lag_mae_json={"us_Trade Weighted Dollar Index": 0.36620262265205383, "jp_fx": 0.7280481457710266, "kr_fx": 4.803500175476074}
[Validation] per_target_dir_mismatch_json={"us_Trade Weighted Dollar Index": 0.6363636363636364, "jp_fx": 0.45454545454545453, "kr_fx": 0.36363636363636365}
| end of epoch  19 | time:  4.52s | train_loss 0.0151 | valid rse 3.3698 | valid rae 4.6346 | valid corr  0.4453 | valid smape  0.3208 | focus_rrse 4.9305 | obj 4.9305
Experiment: 1
Iter: 0
epoch: 20
hp= [1, 0.00012, 32, 128, 256, 1024, 20, 0.0, 2, 50, 0.6, 0.1, 3, 20]
best sum= 7.5590190976261145
best rrse= 3.3697603587106713
best rrae= 4.634550943533897
best corr= 0.4452922
best smape= 0.32083573540389365
best objective= 4.9304914474487305
best hps= [1, 0.00012, 32, 128, 256, 1024, 20, 0.0, 2, 50, 0.6, 0.1, 3, 1]
best test rse= 4.142503995371149
best test corr= 0.17624919
[Target-Weighted Loss] weights applied: {'us_Trade Weighted Dollar Index': 110.0, 'kr_fx': 110.0, 'jp_fx': 110.0}
[Target-Only Loss] enabled for columns: ['us_Trade Weighted Dollar Index', 'jp_fx', 'kr_fx']
[Bias Penalty] enabled lambda=0.65 scope=focus cols=['us_Trade Weighted Dollar Index', 'jp_fx', 'kr_fx']
iter:  0 | loss: 0.012
iter:  1 | loss: 0.023
iter:  2 | loss: 0.006
iter:  3 | loss: 0.004
iter:  4 | loss: 0.013
iter:  5 | loss: 0.017
iter:  6 | loss: 0.012
iter:  7 | loss: 0.019
iter:  8 | loss: 0.009
iter:  9 | loss: 0.017
iter: 10 | loss: 0.010
iter: 11 | loss: 0.006
iter: 12 | loss: 0.006
iter: 13 | loss: 0.020
iter: 14 | loss: 0.018
iter: 15 | loss: 0.009
iter: 16 | loss: 0.021
iter: 17 | loss: 0.013
iter: 18 | loss: 0.013
iter: 19 | loss: 0.010
iter: 20 | loss: 0.007
iter: 21 | loss: 0.013
iter: 22 | loss: 0.008
iter: 23 | loss: 0.059
iter: 24 | loss: 0.012
iter: 25 | loss: 0.009
iter: 26 | loss: 0.014
testing r= 5
rrse(target)=117.52358888883755 / 34.87594854780834 | rrse(all)=101350308188995.78 / 34622966134154.824 | report_mode=targets
[Validation] per_target_rrse_json={"us_Trade Weighted Dollar Index": 1.2158352136611938, "jp_fx": 10.65758228302002, "kr_fx": 2.9180564880371094}
[Validation] per_target_lag_mae_json={"us_Trade Weighted Dollar Index": 0.36620262265205383, "jp_fx": 0.7280481457710266, "kr_fx": 4.803500175476074}
[Validation] per_target_dir_mismatch_json={"us_Trade Weighted Dollar Index": 0.6363636363636364, "jp_fx": 0.45454545454545453, "kr_fx": 0.36363636363636365}
| end of epoch  20 | time:  4.57s | train_loss 0.0140 | valid rse 3.3698 | valid rae 4.6346 | valid corr  0.4453 | valid smape  0.3208 | focus_rrse 4.9305 | obj 4.9305
Experiment: 1
Iter: 0
epoch: 21
hp= [1, 0.00012, 32, 128, 256, 1024, 20, 0.0, 2, 50, 0.6, 0.1, 3, 21]
best sum= 7.5590190976261145
best rrse= 3.3697603587106713
best rrae= 4.634550943533897
best corr= 0.4452922
best smape= 0.32083573540389365
best objective= 4.9304914474487305
best hps= [1, 0.00012, 32, 128, 256, 1024, 20, 0.0, 2, 50, 0.6, 0.1, 3, 1]
best test rse= 4.142503995371149
best test corr= 0.17624919
[Target-Weighted Loss] weights applied: {'us_Trade Weighted Dollar Index': 110.0, 'kr_fx': 110.0, 'jp_fx': 110.0}
[Target-Only Loss] enabled for columns: ['us_Trade Weighted Dollar Index', 'jp_fx', 'kr_fx']
[Bias Penalty] enabled lambda=0.65 scope=focus cols=['us_Trade Weighted Dollar Index', 'jp_fx', 'kr_fx']
iter:  0 | loss: 0.016
iter:  1 | loss: 0.009
iter:  2 | loss: 0.017
iter:  3 | loss: 0.006
iter:  4 | loss: 0.008
iter:  5 | loss: 0.042
iter:  6 | loss: 0.008
iter:  7 | loss: 0.014
iter:  8 | loss: 0.007
iter:  9 | loss: 0.005
iter: 10 | loss: 0.023
iter: 11 | loss: 0.008
iter: 12 | loss: 0.006
iter: 13 | loss: 0.008
iter: 14 | loss: 0.012
iter: 15 | loss: 0.021
iter: 16 | loss: 0.013
iter: 17 | loss: 0.026
iter: 18 | loss: 0.032
iter: 19 | loss: 0.011
iter: 20 | loss: 0.014
iter: 21 | loss: 0.016
iter: 22 | loss: 0.014
iter: 23 | loss: 0.003
iter: 24 | loss: 0.013
iter: 25 | loss: 0.023
iter: 26 | loss: 0.016
testing r= 5
rrse(target)=117.52358888883755 / 34.87594854780834 | rrse(all)=101350308188995.78 / 34622966134154.824 | report_mode=targets
[Validation] per_target_rrse_json={"us_Trade Weighted Dollar Index": 1.2158352136611938, "jp_fx": 10.65758228302002, "kr_fx": 2.9180564880371094}
[Validation] per_target_lag_mae_json={"us_Trade Weighted Dollar Index": 0.36620262265205383, "jp_fx": 0.7280481457710266, "kr_fx": 4.803500175476074}
[Validation] per_target_dir_mismatch_json={"us_Trade Weighted Dollar Index": 0.6363636363636364, "jp_fx": 0.45454545454545453, "kr_fx": 0.36363636363636365}
| end of epoch  21 | time:  4.62s | train_loss 0.0145 | valid rse 3.3698 | valid rae 4.6346 | valid corr  0.4453 | valid smape  0.3208 | focus_rrse 4.9305 | obj 4.9305
Experiment: 1
Iter: 0
epoch: 22
hp= [1, 0.00012, 32, 128, 256, 1024, 20, 0.0, 2, 50, 0.6, 0.1, 3, 22]
best sum= 7.5590190976261145
best rrse= 3.3697603587106713
best rrae= 4.634550943533897
best corr= 0.4452922
best smape= 0.32083573540389365
best objective= 4.9304914474487305
best hps= [1, 0.00012, 32, 128, 256, 1024, 20, 0.0, 2, 50, 0.6, 0.1, 3, 1]
best test rse= 4.142503995371149
best test corr= 0.17624919
[Target-Weighted Loss] weights applied: {'us_Trade Weighted Dollar Index': 110.0, 'kr_fx': 110.0, 'jp_fx': 110.0}
[Target-Only Loss] enabled for columns: ['us_Trade Weighted Dollar Index', 'jp_fx', 'kr_fx']
[Bias Penalty] enabled lambda=0.65 scope=focus cols=['us_Trade Weighted Dollar Index', 'jp_fx', 'kr_fx']
iter:  0 | loss: 0.004
iter:  1 | loss: 0.028
iter:  2 | loss: 0.009
iter:  3 | loss: 0.019
iter:  4 | loss: 0.016
iter:  5 | loss: 0.018
iter:  6 | loss: 0.009
iter:  7 | loss: 0.006
iter:  8 | loss: 0.007
iter:  9 | loss: 0.010
iter: 10 | loss: 0.012
iter: 11 | loss: 0.019
iter: 12 | loss: 0.045
iter: 13 | loss: 0.011
iter: 14 | loss: 0.005
iter: 15 | loss: 0.018
iter: 16 | loss: 0.012
iter: 17 | loss: 0.010
iter: 18 | loss: 0.013
iter: 19 | loss: 0.030
iter: 20 | loss: 0.006
iter: 21 | loss: 0.028
iter: 22 | loss: 0.009
iter: 23 | loss: 0.006
iter: 24 | loss: 0.015
iter: 25 | loss: 0.014
iter: 26 | loss: 0.014
testing r= 5
rrse(target)=117.52358888883755 / 34.87594854780834 | rrse(all)=101350308188995.78 / 34622966134154.824 | report_mode=targets
[Validation] per_target_rrse_json={"us_Trade Weighted Dollar Index": 1.2158352136611938, "jp_fx": 10.65758228302002, "kr_fx": 2.9180564880371094}
[Validation] per_target_lag_mae_json={"us_Trade Weighted Dollar Index": 0.36620262265205383, "jp_fx": 0.7280481457710266, "kr_fx": 4.803500175476074}
[Validation] per_target_dir_mismatch_json={"us_Trade Weighted Dollar Index": 0.6363636363636364, "jp_fx": 0.45454545454545453, "kr_fx": 0.36363636363636365}
| end of epoch  22 | time:  4.64s | train_loss 0.0146 | valid rse 3.3698 | valid rae 4.6346 | valid corr  0.4453 | valid smape  0.3208 | focus_rrse 4.9305 | obj 4.9305
Experiment: 1
Iter: 0
epoch: 23
hp= [1, 0.00012, 32, 128, 256, 1024, 20, 0.0, 2, 50, 0.6, 0.1, 3, 23]
best sum= 7.5590190976261145
best rrse= 3.3697603587106713
best rrae= 4.634550943533897
best corr= 0.4452922
best smape= 0.32083573540389365
best objective= 4.9304914474487305
best hps= [1, 0.00012, 32, 128, 256, 1024, 20, 0.0, 2, 50, 0.6, 0.1, 3, 1]
best test rse= 4.142503995371149
best test corr= 0.17624919
[Target-Weighted Loss] weights applied: {'us_Trade Weighted Dollar Index': 110.0, 'kr_fx': 110.0, 'jp_fx': 110.0}
[Target-Only Loss] enabled for columns: ['us_Trade Weighted Dollar Index', 'jp_fx', 'kr_fx']
[Bias Penalty] enabled lambda=0.65 scope=focus cols=['us_Trade Weighted Dollar Index', 'jp_fx', 'kr_fx']
iter:  0 | loss: 0.009
iter:  1 | loss: 0.015
iter:  2 | loss: 0.019
iter:  3 | loss: 0.005
iter:  4 | loss: 0.022
iter:  5 | loss: 0.031
iter:  6 | loss: 0.008
iter:  7 | loss: 0.008
iter:  8 | loss: 0.015
iter:  9 | loss: 0.006
iter: 10 | loss: 0.016
iter: 11 | loss: 0.004
iter: 12 | loss: 0.009
iter: 13 | loss: 0.020
iter: 14 | loss: 0.011
iter: 15 | loss: 0.025
iter: 16 | loss: 0.010
iter: 17 | loss: 0.027
iter: 18 | loss: 0.020
iter: 19 | loss: 0.010
iter: 20 | loss: 0.006
iter: 21 | loss: 0.009
iter: 22 | loss: 0.009
iter: 23 | loss: 0.005
iter: 24 | loss: 0.042
iter: 25 | loss: 0.011
iter: 26 | loss: 0.015
testing r= 5
rrse(target)=117.52358888883755 / 34.87594854780834 | rrse(all)=101350308188995.78 / 34622966134154.824 | report_mode=targets
[Validation] per_target_rrse_json={"us_Trade Weighted Dollar Index": 1.2158352136611938, "jp_fx": 10.65758228302002, "kr_fx": 2.9180564880371094}
[Validation] per_target_lag_mae_json={"us_Trade Weighted Dollar Index": 0.36620262265205383, "jp_fx": 0.7280481457710266, "kr_fx": 4.803500175476074}
[Validation] per_target_dir_mismatch_json={"us_Trade Weighted Dollar Index": 0.6363636363636364, "jp_fx": 0.45454545454545453, "kr_fx": 0.36363636363636365}
| end of epoch  23 | time:  4.49s | train_loss 0.0143 | valid rse 3.3698 | valid rae 4.6346 | valid corr  0.4453 | valid smape  0.3208 | focus_rrse 4.9305 | obj 4.9305
Experiment: 1
Iter: 0
epoch: 24
hp= [1, 0.00012, 32, 128, 256, 1024, 20, 0.0, 2, 50, 0.6, 0.1, 3, 24]
best sum= 7.5590190976261145
best rrse= 3.3697603587106713
best rrae= 4.634550943533897
best corr= 0.4452922
best smape= 0.32083573540389365
best objective= 4.9304914474487305
best hps= [1, 0.00012, 32, 128, 256, 1024, 20, 0.0, 2, 50, 0.6, 0.1, 3, 1]
best test rse= 4.142503995371149
best test corr= 0.17624919
[Target-Weighted Loss] weights applied: {'us_Trade Weighted Dollar Index': 110.0, 'kr_fx': 110.0, 'jp_fx': 110.0}
[Target-Only Loss] enabled for columns: ['us_Trade Weighted Dollar Index', 'jp_fx', 'kr_fx']
[Bias Penalty] enabled lambda=0.65 scope=focus cols=['us_Trade Weighted Dollar Index', 'jp_fx', 'kr_fx']
iter:  0 | loss: 0.005
iter:  1 | loss: 0.011
iter:  2 | loss: 0.004
iter:  3 | loss: 0.019
iter:  4 | loss: 0.030
iter:  5 | loss: 0.011
iter:  6 | loss: 0.018
iter:  7 | loss: 0.029
iter:  8 | loss: 0.013
iter:  9 | loss: 0.010
iter: 10 | loss: 0.008
iter: 11 | loss: 0.011
iter: 12 | loss: 0.011
iter: 13 | loss: 0.011
iter: 14 | loss: 0.006
iter: 15 | loss: 0.010
iter: 16 | loss: 0.010
iter: 17 | loss: 0.025
iter: 18 | loss: 0.008
iter: 19 | loss: 0.016
iter: 20 | loss: 0.007
iter: 21 | loss: 0.007
iter: 22 | loss: 0.003
iter: 23 | loss: 0.043
iter: 24 | loss: 0.020
iter: 25 | loss: 0.025
iter: 26 | loss: 0.021
testing r= 5
rrse(target)=117.52358888883755 / 34.87594854780834 | rrse(all)=101350308188995.78 / 34622966134154.824 | report_mode=targets
[Validation] per_target_rrse_json={"us_Trade Weighted Dollar Index": 1.2158352136611938, "jp_fx": 10.65758228302002, "kr_fx": 2.9180564880371094}
[Validation] per_target_lag_mae_json={"us_Trade Weighted Dollar Index": 0.36620262265205383, "jp_fx": 0.7280481457710266, "kr_fx": 4.803500175476074}
[Validation] per_target_dir_mismatch_json={"us_Trade Weighted Dollar Index": 0.6363636363636364, "jp_fx": 0.45454545454545453, "kr_fx": 0.36363636363636365}
| end of epoch  24 | time:  4.68s | train_loss 0.0145 | valid rse 3.3698 | valid rae 4.6346 | valid corr  0.4453 | valid smape  0.3208 | focus_rrse 4.9305 | obj 4.9305
Experiment: 1
Iter: 0
epoch: 25
hp= [1, 0.00012, 32, 128, 256, 1024, 20, 0.0, 2, 50, 0.6, 0.1, 3, 25]
best sum= 7.5590190976261145
best rrse= 3.3697603587106713
best rrae= 4.634550943533897
best corr= 0.4452922
best smape= 0.32083573540389365
best objective= 4.9304914474487305
best hps= [1, 0.00012, 32, 128, 256, 1024, 20, 0.0, 2, 50, 0.6, 0.1, 3, 1]
best test rse= 4.142503995371149
best test corr= 0.17624919
[Target-Weighted Loss] weights applied: {'us_Trade Weighted Dollar Index': 110.0, 'kr_fx': 110.0, 'jp_fx': 110.0}
[Target-Only Loss] enabled for columns: ['us_Trade Weighted Dollar Index', 'jp_fx', 'kr_fx']
[Bias Penalty] enabled lambda=0.65 scope=focus cols=['us_Trade Weighted Dollar Index', 'jp_fx', 'kr_fx']
iter:  0 | loss: 0.004
iter:  1 | loss: 0.008
iter:  2 | loss: 0.031
iter:  3 | loss: 0.012
iter:  4 | loss: 0.009
iter:  5 | loss: 0.008
iter:  6 | loss: 0.004
iter:  7 | loss: 0.012
iter:  8 | loss: 0.010
iter:  9 | loss: 0.007
iter: 10 | loss: 0.009
iter: 11 | loss: 0.048
iter: 12 | loss: 0.008
iter: 13 | loss: 0.016
iter: 14 | loss: 0.018
iter: 15 | loss: 0.011
iter: 16 | loss: 0.017
iter: 17 | loss: 0.008
iter: 18 | loss: 0.009
iter: 19 | loss: 0.014
iter: 20 | loss: 0.019
iter: 21 | loss: 0.020
iter: 22 | loss: 0.008
iter: 23 | loss: 0.010
iter: 24 | loss: 0.042
iter: 25 | loss: 0.004
iter: 26 | loss: 0.052
testing r= 5
rrse(target)=117.52358888883755 / 34.87594854780834 | rrse(all)=101350308188995.78 / 34622966134154.824 | report_mode=targets
[Validation] per_target_rrse_json={"us_Trade Weighted Dollar Index": 1.2158352136611938, "jp_fx": 10.65758228302002, "kr_fx": 2.9180564880371094}
[Validation] per_target_lag_mae_json={"us_Trade Weighted Dollar Index": 0.36620262265205383, "jp_fx": 0.7280481457710266, "kr_fx": 4.803500175476074}
[Validation] per_target_dir_mismatch_json={"us_Trade Weighted Dollar Index": 0.6363636363636364, "jp_fx": 0.45454545454545453, "kr_fx": 0.36363636363636365}
| end of epoch  25 | time:  4.73s | train_loss 0.0152 | valid rse 3.3698 | valid rae 4.6346 | valid corr  0.4453 | valid smape  0.3208 | focus_rrse 4.9305 | obj 4.9305
Experiment: 1
Iter: 0
epoch: 26
hp= [1, 0.00012, 32, 128, 256, 1024, 20, 0.0, 2, 50, 0.6, 0.1, 3, 26]
best sum= 7.5590190976261145
best rrse= 3.3697603587106713
best rrae= 4.634550943533897
best corr= 0.4452922
best smape= 0.32083573540389365
best objective= 4.9304914474487305
best hps= [1, 0.00012, 32, 128, 256, 1024, 20, 0.0, 2, 50, 0.6, 0.1, 3, 1]
best test rse= 4.142503995371149
best test corr= 0.17624919
[Target-Weighted Loss] weights applied: {'us_Trade Weighted Dollar Index': 110.0, 'kr_fx': 110.0, 'jp_fx': 110.0}
[Target-Only Loss] enabled for columns: ['us_Trade Weighted Dollar Index', 'jp_fx', 'kr_fx']
[Bias Penalty] enabled lambda=0.65 scope=focus cols=['us_Trade Weighted Dollar Index', 'jp_fx', 'kr_fx']
iter:  0 | loss: 0.035
iter:  1 | loss: 0.008
iter:  2 | loss: 0.026
iter:  3 | loss: 0.008
iter:  4 | loss: 0.006
iter:  5 | loss: 0.018
iter:  6 | loss: 0.028
iter:  7 | loss: 0.008
iter:  8 | loss: 0.014
iter:  9 | loss: 0.018
iter: 10 | loss: 0.024
iter: 11 | loss: 0.008
iter: 12 | loss: 0.017
iter: 13 | loss: 0.011
iter: 14 | loss: 0.016
iter: 15 | loss: 0.011
iter: 16 | loss: 0.024
iter: 17 | loss: 0.012
iter: 18 | loss: 0.007
iter: 19 | loss: 0.005
iter: 20 | loss: 0.008
iter: 21 | loss: 0.006
iter: 22 | loss: 0.008
iter: 23 | loss: 0.013
iter: 24 | loss: 0.022
iter: 25 | loss: 0.022
iter: 26 | loss: 0.012
testing r= 5
rrse(target)=117.52358888883755 / 34.87594854780834 | rrse(all)=101350308188995.78 / 34622966134154.824 | report_mode=targets
[Validation] per_target_rrse_json={"us_Trade Weighted Dollar Index": 1.2158352136611938, "jp_fx": 10.65758228302002, "kr_fx": 2.9180564880371094}
[Validation] per_target_lag_mae_json={"us_Trade Weighted Dollar Index": 0.36620262265205383, "jp_fx": 0.7280481457710266, "kr_fx": 4.803500175476074}
[Validation] per_target_dir_mismatch_json={"us_Trade Weighted Dollar Index": 0.6363636363636364, "jp_fx": 0.45454545454545453, "kr_fx": 0.36363636363636365}
| end of epoch  26 | time:  4.96s | train_loss 0.0147 | valid rse 3.3698 | valid rae 4.6346 | valid corr  0.4453 | valid smape  0.3208 | focus_rrse 4.9305 | obj 4.9305
Experiment: 1
Iter: 0
epoch: 27
hp= [1, 0.00012, 32, 128, 256, 1024, 20, 0.0, 2, 50, 0.6, 0.1, 3, 27]
best sum= 7.5590190976261145
best rrse= 3.3697603587106713
best rrae= 4.634550943533897
best corr= 0.4452922
best smape= 0.32083573540389365
best objective= 4.9304914474487305
best hps= [1, 0.00012, 32, 128, 256, 1024, 20, 0.0, 2, 50, 0.6, 0.1, 3, 1]
best test rse= 4.142503995371149
best test corr= 0.17624919
[Target-Weighted Loss] weights applied: {'us_Trade Weighted Dollar Index': 110.0, 'kr_fx': 110.0, 'jp_fx': 110.0}
[Target-Only Loss] enabled for columns: ['us_Trade Weighted Dollar Index', 'jp_fx', 'kr_fx']
[Bias Penalty] enabled lambda=0.65 scope=focus cols=['us_Trade Weighted Dollar Index', 'jp_fx', 'kr_fx']
iter:  0 | loss: 0.010
iter:  1 | loss: 0.030
iter:  2 | loss: 0.020
iter:  3 | loss: 0.016
iter:  4 | loss: 0.012
iter:  5 | loss: 0.007
iter:  6 | loss: 0.015
iter:  7 | loss: 0.031
iter:  8 | loss: 0.007
iter:  9 | loss: 0.021
iter: 10 | loss: 0.005
iter: 11 | loss: 0.016
iter: 12 | loss: 0.022
iter: 13 | loss: 0.009
iter: 14 | loss: 0.016
iter: 15 | loss: 0.009
iter: 16 | loss: 0.027
iter: 17 | loss: 0.009
iter: 18 | loss: 0.004
iter: 19 | loss: 0.007
iter: 20 | loss: 0.008
iter: 21 | loss: 0.014
iter: 22 | loss: 0.009
iter: 23 | loss: 0.012
iter: 24 | loss: 0.023
iter: 25 | loss: 0.010
iter: 26 | loss: 0.008
testing r= 5
rrse(target)=117.52358888883755 / 34.87594854780834 | rrse(all)=101350308188995.78 / 34622966134154.824 | report_mode=targets
[Validation] per_target_rrse_json={"us_Trade Weighted Dollar Index": 1.2158352136611938, "jp_fx": 10.65758228302002, "kr_fx": 2.9180564880371094}
[Validation] per_target_lag_mae_json={"us_Trade Weighted Dollar Index": 0.36620262265205383, "jp_fx": 0.7280481457710266, "kr_fx": 4.803500175476074}
[Validation] per_target_dir_mismatch_json={"us_Trade Weighted Dollar Index": 0.6363636363636364, "jp_fx": 0.45454545454545453, "kr_fx": 0.36363636363636365}
| end of epoch  27 | time:  4.97s | train_loss 0.0140 | valid rse 3.3698 | valid rae 4.6346 | valid corr  0.4453 | valid smape  0.3208 | focus_rrse 4.9305 | obj 4.9305
Experiment: 1
Iter: 0
epoch: 28
hp= [1, 0.00012, 32, 128, 256, 1024, 20, 0.0, 2, 50, 0.6, 0.1, 3, 28]
best sum= 7.5590190976261145
best rrse= 3.3697603587106713
best rrae= 4.634550943533897
best corr= 0.4452922
best smape= 0.32083573540389365
best objective= 4.9304914474487305
best hps= [1, 0.00012, 32, 128, 256, 1024, 20, 0.0, 2, 50, 0.6, 0.1, 3, 1]
best test rse= 4.142503995371149
best test corr= 0.17624919
[Target-Weighted Loss] weights applied: {'us_Trade Weighted Dollar Index': 110.0, 'kr_fx': 110.0, 'jp_fx': 110.0}
[Target-Only Loss] enabled for columns: ['us_Trade Weighted Dollar Index', 'jp_fx', 'kr_fx']
[Bias Penalty] enabled lambda=0.65 scope=focus cols=['us_Trade Weighted Dollar Index', 'jp_fx', 'kr_fx']
iter:  0 | loss: 0.005
iter:  1 | loss: 0.008
iter:  2 | loss: 0.019
iter:  3 | loss: 0.016
iter:  4 | loss: 0.020
iter:  5 | loss: 0.005
iter:  6 | loss: 0.008
iter:  7 | loss: 0.012
iter:  8 | loss: 0.021
iter:  9 | loss: 0.018
iter: 10 | loss: 0.005
iter: 11 | loss: 0.009
iter: 12 | loss: 0.024
iter: 13 | loss: 0.005
iter: 14 | loss: 0.016
iter: 15 | loss: 0.006
iter: 16 | loss: 0.024
iter: 17 | loss: 0.046
iter: 18 | loss: 0.013
iter: 19 | loss: 0.010
iter: 20 | loss: 0.028
iter: 21 | loss: 0.022
iter: 22 | loss: 0.006
iter: 23 | loss: 0.010
iter: 24 | loss: 0.012
iter: 25 | loss: 0.008
iter: 26 | loss: 0.008
testing r= 5
rrse(target)=117.52358888883755 / 34.87594854780834 | rrse(all)=101350308188995.78 / 34622966134154.824 | report_mode=targets
[Validation] per_target_rrse_json={"us_Trade Weighted Dollar Index": 1.2158352136611938, "jp_fx": 10.65758228302002, "kr_fx": 2.9180564880371094}
[Validation] per_target_lag_mae_json={"us_Trade Weighted Dollar Index": 0.36620262265205383, "jp_fx": 0.7280481457710266, "kr_fx": 4.803500175476074}
[Validation] per_target_dir_mismatch_json={"us_Trade Weighted Dollar Index": 0.6363636363636364, "jp_fx": 0.45454545454545453, "kr_fx": 0.36363636363636365}
| end of epoch  28 | time:  5.01s | train_loss 0.0143 | valid rse 3.3698 | valid rae 4.6346 | valid corr  0.4453 | valid smape  0.3208 | focus_rrse 4.9305 | obj 4.9305
Experiment: 1
Iter: 0
epoch: 29
hp= [1, 0.00012, 32, 128, 256, 1024, 20, 0.0, 2, 50, 0.6, 0.1, 3, 29]
best sum= 7.5590190976261145
best rrse= 3.3697603587106713
best rrae= 4.634550943533897
best corr= 0.4452922
best smape= 0.32083573540389365
best objective= 4.9304914474487305
best hps= [1, 0.00012, 32, 128, 256, 1024, 20, 0.0, 2, 50, 0.6, 0.1, 3, 1]
best test rse= 4.142503995371149
best test corr= 0.17624919
[Target-Weighted Loss] weights applied: {'us_Trade Weighted Dollar Index': 110.0, 'kr_fx': 110.0, 'jp_fx': 110.0}
[Target-Only Loss] enabled for columns: ['us_Trade Weighted Dollar Index', 'jp_fx', 'kr_fx']
[Bias Penalty] enabled lambda=0.65 scope=focus cols=['us_Trade Weighted Dollar Index', 'jp_fx', 'kr_fx']
iter:  0 | loss: 0.017
iter:  1 | loss: 0.010
iter:  2 | loss: 0.004
iter:  3 | loss: 0.008
iter:  4 | loss: 0.004
iter:  5 | loss: 0.005
iter:  6 | loss: 0.004
iter:  7 | loss: 0.027
iter:  8 | loss: 0.046
iter:  9 | loss: 0.004
iter: 10 | loss: 0.020
iter: 11 | loss: 0.012
iter: 12 | loss: 0.017
iter: 13 | loss: 0.019
iter: 14 | loss: 0.054
iter: 15 | loss: 0.007
iter: 16 | loss: 0.041
iter: 17 | loss: 0.007
iter: 18 | loss: 0.011
iter: 19 | loss: 0.021
iter: 20 | loss: 0.009
iter: 21 | loss: 0.008
iter: 22 | loss: 0.016
iter: 23 | loss: 0.012
iter: 24 | loss: 0.005
iter: 25 | loss: 0.013
iter: 26 | loss: 0.007
testing r= 5
rrse(target)=117.52358888883755 / 34.87594854780834 | rrse(all)=101350308188995.78 / 34622966134154.824 | report_mode=targets
[Validation] per_target_rrse_json={"us_Trade Weighted Dollar Index": 1.2158352136611938, "jp_fx": 10.65758228302002, "kr_fx": 2.9180564880371094}
[Validation] per_target_lag_mae_json={"us_Trade Weighted Dollar Index": 0.36620262265205383, "jp_fx": 0.7280481457710266, "kr_fx": 4.803500175476074}
[Validation] per_target_dir_mismatch_json={"us_Trade Weighted Dollar Index": 0.6363636363636364, "jp_fx": 0.45454545454545453, "kr_fx": 0.36363636363636365}
| end of epoch  29 | time:  4.67s | train_loss 0.0152 | valid rse 3.3698 | valid rae 4.6346 | valid corr  0.4453 | valid smape  0.3208 | focus_rrse 4.9305 | obj 4.9305
Experiment: 1
Iter: 0
epoch: 30
hp= [1, 0.00012, 32, 128, 256, 1024, 20, 0.0, 2, 50, 0.6, 0.1, 3, 30]
best sum= 7.5590190976261145
best rrse= 3.3697603587106713
best rrae= 4.634550943533897
best corr= 0.4452922
best smape= 0.32083573540389365
best objective= 4.9304914474487305
best hps= [1, 0.00012, 32, 128, 256, 1024, 20, 0.0, 2, 50, 0.6, 0.1, 3, 1]
best test rse= 4.142503995371149
best test corr= 0.17624919
[Target-Weighted Loss] weights applied: {'us_Trade Weighted Dollar Index': 110.0, 'kr_fx': 110.0, 'jp_fx': 110.0}
[Target-Only Loss] enabled for columns: ['us_Trade Weighted Dollar Index', 'jp_fx', 'kr_fx']
[Bias Penalty] enabled lambda=0.65 scope=focus cols=['us_Trade Weighted Dollar Index', 'jp_fx', 'kr_fx']
iter:  0 | loss: 0.007
iter:  1 | loss: 0.006
iter:  2 | loss: 0.041
iter:  3 | loss: 0.008
iter:  4 | loss: 0.010
iter:  5 | loss: 0.006
iter:  6 | loss: 0.027
iter:  7 | loss: 0.021
iter:  8 | loss: 0.025
iter:  9 | loss: 0.016
iter: 10 | loss: 0.023
iter: 11 | loss: 0.023
iter: 12 | loss: 0.006
iter: 13 | loss: 0.022
iter: 14 | loss: 0.020
iter: 15 | loss: 0.010
iter: 16 | loss: 0.009
iter: 17 | loss: 0.015
iter: 18 | loss: 0.011
iter: 19 | loss: 0.019
iter: 20 | loss: 0.005
iter: 21 | loss: 0.005
iter: 22 | loss: 0.010
iter: 23 | loss: 0.021
iter: 24 | loss: 0.014
iter: 25 | loss: 0.010
iter: 26 | loss: 0.009
testing r= 5
rrse(target)=117.52358888883755 / 34.87594854780834 | rrse(all)=101350308188995.78 / 34622966134154.824 | report_mode=targets
[Validation] per_target_rrse_json={"us_Trade Weighted Dollar Index": 1.2158352136611938, "jp_fx": 10.65758228302002, "kr_fx": 2.9180564880371094}
[Validation] per_target_lag_mae_json={"us_Trade Weighted Dollar Index": 0.36620262265205383, "jp_fx": 0.7280481457710266, "kr_fx": 4.803500175476074}
[Validation] per_target_dir_mismatch_json={"us_Trade Weighted Dollar Index": 0.6363636363636364, "jp_fx": 0.45454545454545453, "kr_fx": 0.36363636363636365}
| end of epoch  30 | time:  4.84s | train_loss 0.0148 | valid rse 3.3698 | valid rae 4.6346 | valid corr  0.4453 | valid smape  0.3208 | focus_rrse 4.9305 | obj 4.9305
Experiment: 1
Iter: 0
epoch: 31
hp= [1, 0.00012, 32, 128, 256, 1024, 20, 0.0, 2, 50, 0.6, 0.1, 3, 31]
best sum= 7.5590190976261145
best rrse= 3.3697603587106713
best rrae= 4.634550943533897
best corr= 0.4452922
best smape= 0.32083573540389365
best objective= 4.9304914474487305
best hps= [1, 0.00012, 32, 128, 256, 1024, 20, 0.0, 2, 50, 0.6, 0.1, 3, 1]
best test rse= 4.142503995371149
best test corr= 0.17624919
[Target-Weighted Loss] weights applied: {'us_Trade Weighted Dollar Index': 110.0, 'kr_fx': 110.0, 'jp_fx': 110.0}
[Target-Only Loss] enabled for columns: ['us_Trade Weighted Dollar Index', 'jp_fx', 'kr_fx']
[Bias Penalty] enabled lambda=0.65 scope=focus cols=['us_Trade Weighted Dollar Index', 'jp_fx', 'kr_fx']
iter:  0 | loss: 0.025
iter:  1 | loss: 0.036
iter:  2 | loss: 0.017
iter:  3 | loss: 0.013
iter:  4 | loss: 0.010
iter:  5 | loss: 0.018
iter:  6 | loss: 0.010
iter:  7 | loss: 0.008
iter:  8 | loss: 0.014
iter:  9 | loss: 0.005
iter: 10 | loss: 0.009
iter: 11 | loss: 0.014
iter: 12 | loss: 0.009
iter: 13 | loss: 0.007
iter: 14 | loss: 0.008
iter: 15 | loss: 0.008
iter: 16 | loss: 0.017
iter: 17 | loss: 0.008
iter: 18 | loss: 0.004
iter: 19 | loss: 0.026
iter: 20 | loss: 0.004
iter: 21 | loss: 0.017
iter: 22 | loss: 0.040
iter: 23 | loss: 0.018
iter: 24 | loss: 0.017
iter: 25 | loss: 0.012
iter: 26 | loss: 0.008
testing r= 5
rrse(target)=117.52358888883755 / 34.87594854780834 | rrse(all)=101350308188995.78 / 34622966134154.824 | report_mode=targets
[Validation] per_target_rrse_json={"us_Trade Weighted Dollar Index": 1.2158352136611938, "jp_fx": 10.65758228302002, "kr_fx": 2.9180564880371094}
[Validation] per_target_lag_mae_json={"us_Trade Weighted Dollar Index": 0.36620262265205383, "jp_fx": 0.7280481457710266, "kr_fx": 4.803500175476074}
[Validation] per_target_dir_mismatch_json={"us_Trade Weighted Dollar Index": 0.6363636363636364, "jp_fx": 0.45454545454545453, "kr_fx": 0.36363636363636365}
| end of epoch  31 | time:  4.79s | train_loss 0.0142 | valid rse 3.3698 | valid rae 4.6346 | valid corr  0.4453 | valid smape  0.3208 | focus_rrse 4.9305 | obj 4.9305
Experiment: 1
Iter: 0
epoch: 32
hp= [1, 0.00012, 32, 128, 256, 1024, 20, 0.0, 2, 50, 0.6, 0.1, 3, 32]
best sum= 7.5590190976261145
best rrse= 3.3697603587106713
best rrae= 4.634550943533897
best corr= 0.4452922
best smape= 0.32083573540389365
best objective= 4.9304914474487305
best hps= [1, 0.00012, 32, 128, 256, 1024, 20, 0.0, 2, 50, 0.6, 0.1, 3, 1]
best test rse= 4.142503995371149
best test corr= 0.17624919
[Target-Weighted Loss] weights applied: {'us_Trade Weighted Dollar Index': 110.0, 'kr_fx': 110.0, 'jp_fx': 110.0}
[Target-Only Loss] enabled for columns: ['us_Trade Weighted Dollar Index', 'jp_fx', 'kr_fx']
[Bias Penalty] enabled lambda=0.65 scope=focus cols=['us_Trade Weighted Dollar Index', 'jp_fx', 'kr_fx']
iter:  0 | loss: 0.013
iter:  1 | loss: 0.024
iter:  2 | loss: 0.006
iter:  3 | loss: 0.032
iter:  4 | loss: 0.017
iter:  5 | loss: 0.030
iter:  6 | loss: 0.007
iter:  7 | loss: 0.004
iter:  8 | loss: 0.037
iter:  9 | loss: 0.007
iter: 10 | loss: 0.012
iter: 11 | loss: 0.006
iter: 12 | loss: 0.007
iter: 13 | loss: 0.034
iter: 14 | loss: 0.007
iter: 15 | loss: 0.009
iter: 16 | loss: 0.006
iter: 17 | loss: 0.023
iter: 18 | loss: 0.017
iter: 19 | loss: 0.010
iter: 20 | loss: 0.013
iter: 21 | loss: 0.012
iter: 22 | loss: 0.009
iter: 23 | loss: 0.022
iter: 24 | loss: 0.010
iter: 25 | loss: 0.007
iter: 26 | loss: 0.018
testing r= 5
rrse(target)=117.52358888883755 / 34.87594854780834 | rrse(all)=101350308188995.78 / 34622966134154.824 | report_mode=targets
[Validation] per_target_rrse_json={"us_Trade Weighted Dollar Index": 1.2158352136611938, "jp_fx": 10.65758228302002, "kr_fx": 2.9180564880371094}
[Validation] per_target_lag_mae_json={"us_Trade Weighted Dollar Index": 0.36620262265205383, "jp_fx": 0.7280481457710266, "kr_fx": 4.803500175476074}
[Validation] per_target_dir_mismatch_json={"us_Trade Weighted Dollar Index": 0.6363636363636364, "jp_fx": 0.45454545454545453, "kr_fx": 0.36363636363636365}
| end of epoch  32 | time:  4.54s | train_loss 0.0148 | valid rse 3.3698 | valid rae 4.6346 | valid corr  0.4453 | valid smape  0.3208 | focus_rrse 4.9305 | obj 4.9305
Experiment: 1
Iter: 0
epoch: 33
hp= [1, 0.00012, 32, 128, 256, 1024, 20, 0.0, 2, 50, 0.6, 0.1, 3, 33]
best sum= 7.5590190976261145
best rrse= 3.3697603587106713
best rrae= 4.634550943533897
best corr= 0.4452922
best smape= 0.32083573540389365
best objective= 4.9304914474487305
best hps= [1, 0.00012, 32, 128, 256, 1024, 20, 0.0, 2, 50, 0.6, 0.1, 3, 1]
best test rse= 4.142503995371149
best test corr= 0.17624919
[Target-Weighted Loss] weights applied: {'us_Trade Weighted Dollar Index': 110.0, 'kr_fx': 110.0, 'jp_fx': 110.0}
[Target-Only Loss] enabled for columns: ['us_Trade Weighted Dollar Index', 'jp_fx', 'kr_fx']
[Bias Penalty] enabled lambda=0.65 scope=focus cols=['us_Trade Weighted Dollar Index', 'jp_fx', 'kr_fx']
iter:  0 | loss: 0.004
iter:  1 | loss: 0.029
iter:  2 | loss: 0.010
iter:  3 | loss: 0.007
iter:  4 | loss: 0.005
iter:  5 | loss: 0.013
iter:  6 | loss: 0.026
iter:  7 | loss: 0.011
iter:  8 | loss: 0.017
iter:  9 | loss: 0.036
iter: 10 | loss: 0.011
iter: 11 | loss: 0.034
iter: 12 | loss: 0.005
iter: 13 | loss: 0.009
iter: 14 | loss: 0.011
iter: 15 | loss: 0.008
iter: 16 | loss: 0.013
iter: 17 | loss: 0.017
iter: 18 | loss: 0.012
iter: 19 | loss: 0.020
iter: 20 | loss: 0.033
iter: 21 | loss: 0.006
iter: 22 | loss: 0.006
iter: 23 | loss: 0.010
iter: 24 | loss: 0.030
iter: 25 | loss: 0.014
iter: 26 | loss: 0.009
testing r= 5
rrse(target)=117.52358888883755 / 34.87594854780834 | rrse(all)=101350308188995.78 / 34622966134154.824 | report_mode=targets
[Validation] per_target_rrse_json={"us_Trade Weighted Dollar Index": 1.2158352136611938, "jp_fx": 10.65758228302002, "kr_fx": 2.9180564880371094}
[Validation] per_target_lag_mae_json={"us_Trade Weighted Dollar Index": 0.36620262265205383, "jp_fx": 0.7280481457710266, "kr_fx": 4.803500175476074}
[Validation] per_target_dir_mismatch_json={"us_Trade Weighted Dollar Index": 0.6363636363636364, "jp_fx": 0.45454545454545453, "kr_fx": 0.36363636363636365}
| end of epoch  33 | time:  5.06s | train_loss 0.0151 | valid rse 3.3698 | valid rae 4.6346 | valid corr  0.4453 | valid smape  0.3208 | focus_rrse 4.9305 | obj 4.9305
Experiment: 1
Iter: 0
epoch: 34
hp= [1, 0.00012, 32, 128, 256, 1024, 20, 0.0, 2, 50, 0.6, 0.1, 3, 34]
best sum= 7.5590190976261145
best rrse= 3.3697603587106713
best rrae= 4.634550943533897
best corr= 0.4452922
best smape= 0.32083573540389365
best objective= 4.9304914474487305
best hps= [1, 0.00012, 32, 128, 256, 1024, 20, 0.0, 2, 50, 0.6, 0.1, 3, 1]
best test rse= 4.142503995371149
best test corr= 0.17624919
[Target-Weighted Loss] weights applied: {'us_Trade Weighted Dollar Index': 110.0, 'kr_fx': 110.0, 'jp_fx': 110.0}
[Target-Only Loss] enabled for columns: ['us_Trade Weighted Dollar Index', 'jp_fx', 'kr_fx']
[Bias Penalty] enabled lambda=0.65 scope=focus cols=['us_Trade Weighted Dollar Index', 'jp_fx', 'kr_fx']
iter:  0 | loss: 0.015
iter:  1 | loss: 0.004
iter:  2 | loss: 0.019
iter:  3 | loss: 0.010
iter:  4 | loss: 0.003
iter:  5 | loss: 0.045
iter:  6 | loss: 0.006
iter:  7 | loss: 0.009
iter:  8 | loss: 0.010
iter:  9 | loss: 0.014
iter: 10 | loss: 0.014
iter: 11 | loss: 0.041
iter: 12 | loss: 0.014
iter: 13 | loss: 0.031
iter: 14 | loss: 0.026
iter: 15 | loss: 0.007
iter: 16 | loss: 0.004
iter: 17 | loss: 0.010
iter: 18 | loss: 0.024
iter: 19 | loss: 0.013
iter: 20 | loss: 0.023
iter: 21 | loss: 0.011
iter: 22 | loss: 0.011
iter: 23 | loss: 0.011
iter: 24 | loss: 0.009
iter: 25 | loss: 0.007
iter: 26 | loss: 0.007
testing r= 5
rrse(target)=117.52358888883755 / 34.87594854780834 | rrse(all)=101350308188995.78 / 34622966134154.824 | report_mode=targets
[Validation] per_target_rrse_json={"us_Trade Weighted Dollar Index": 1.2158352136611938, "jp_fx": 10.65758228302002, "kr_fx": 2.9180564880371094}
[Validation] per_target_lag_mae_json={"us_Trade Weighted Dollar Index": 0.36620262265205383, "jp_fx": 0.7280481457710266, "kr_fx": 4.803500175476074}
[Validation] per_target_dir_mismatch_json={"us_Trade Weighted Dollar Index": 0.6363636363636364, "jp_fx": 0.45454545454545453, "kr_fx": 0.36363636363636365}
| end of epoch  34 | time:  4.85s | train_loss 0.0148 | valid rse 3.3698 | valid rae 4.6346 | valid corr  0.4453 | valid smape  0.3208 | focus_rrse 4.9305 | obj 4.9305
Experiment: 1
Iter: 0
epoch: 35
hp= [1, 0.00012, 32, 128, 256, 1024, 20, 0.0, 2, 50, 0.6, 0.1, 3, 35]
best sum= 7.5590190976261145
best rrse= 3.3697603587106713
best rrae= 4.634550943533897
best corr= 0.4452922
best smape= 0.32083573540389365
best objective= 4.9304914474487305
best hps= [1, 0.00012, 32, 128, 256, 1024, 20, 0.0, 2, 50, 0.6, 0.1, 3, 1]
best test rse= 4.142503995371149
best test corr= 0.17624919
[Target-Weighted Loss] weights applied: {'us_Trade Weighted Dollar Index': 110.0, 'kr_fx': 110.0, 'jp_fx': 110.0}
[Target-Only Loss] enabled for columns: ['us_Trade Weighted Dollar Index', 'jp_fx', 'kr_fx']
[Bias Penalty] enabled lambda=0.65 scope=focus cols=['us_Trade Weighted Dollar Index', 'jp_fx', 'kr_fx']
iter:  0 | loss: 0.014
iter:  1 | loss: 0.028
iter:  2 | loss: 0.020
iter:  3 | loss: 0.004
iter:  4 | loss: 0.014
iter:  5 | loss: 0.017
iter:  6 | loss: 0.039
iter:  7 | loss: 0.010
iter:  8 | loss: 0.008
iter:  9 | loss: 0.014
iter: 10 | loss: 0.006
iter: 11 | loss: 0.028
iter: 12 | loss: 0.038
iter: 13 | loss: 0.009
iter: 14 | loss: 0.002
iter: 15 | loss: 0.006
iter: 16 | loss: 0.019
iter: 17 | loss: 0.034
iter: 18 | loss: 0.010
iter: 19 | loss: 0.019
iter: 20 | loss: 0.008
iter: 21 | loss: 0.010
iter: 22 | loss: 0.011
iter: 23 | loss: 0.017
iter: 24 | loss: 0.004
iter: 25 | loss: 0.007
iter: 26 | loss: 0.009
testing r= 5
rrse(target)=117.52358888883755 / 34.87594854780834 | rrse(all)=101350308188995.78 / 34622966134154.824 | report_mode=targets
[Validation] per_target_rrse_json={"us_Trade Weighted Dollar Index": 1.2158352136611938, "jp_fx": 10.65758228302002, "kr_fx": 2.9180564880371094}
[Validation] per_target_lag_mae_json={"us_Trade Weighted Dollar Index": 0.36620262265205383, "jp_fx": 0.7280481457710266, "kr_fx": 4.803500175476074}
[Validation] per_target_dir_mismatch_json={"us_Trade Weighted Dollar Index": 0.6363636363636364, "jp_fx": 0.45454545454545453, "kr_fx": 0.36363636363636365}
| end of epoch  35 | time:  4.92s | train_loss 0.0151 | valid rse 3.3698 | valid rae 4.6346 | valid corr  0.4453 | valid smape  0.3208 | focus_rrse 4.9305 | obj 4.9305
Experiment: 1
Iter: 0
epoch: 36
hp= [1, 0.00012, 32, 128, 256, 1024, 20, 0.0, 2, 50, 0.6, 0.1, 3, 36]
best sum= 7.5590190976261145
best rrse= 3.3697603587106713
best rrae= 4.634550943533897
best corr= 0.4452922
best smape= 0.32083573540389365
best objective= 4.9304914474487305
best hps= [1, 0.00012, 32, 128, 256, 1024, 20, 0.0, 2, 50, 0.6, 0.1, 3, 1]
best test rse= 4.142503995371149
best test corr= 0.17624919
[Target-Weighted Loss] weights applied: {'us_Trade Weighted Dollar Index': 110.0, 'kr_fx': 110.0, 'jp_fx': 110.0}
[Target-Only Loss] enabled for columns: ['us_Trade Weighted Dollar Index', 'jp_fx', 'kr_fx']
[Bias Penalty] enabled lambda=0.65 scope=focus cols=['us_Trade Weighted Dollar Index', 'jp_fx', 'kr_fx']
iter:  0 | loss: 0.011
iter:  1 | loss: 0.021
iter:  2 | loss: 0.004
iter:  3 | loss: 0.012
iter:  4 | loss: 0.016
iter:  5 | loss: 0.013
iter:  6 | loss: 0.012
iter:  7 | loss: 0.003
iter:  8 | loss: 0.038
iter:  9 | loss: 0.019
iter: 10 | loss: 0.019
iter: 11 | loss: 0.008
iter: 12 | loss: 0.034
iter: 13 | loss: 0.017
iter: 14 | loss: 0.010
iter: 15 | loss: 0.010
iter: 16 | loss: 0.004
iter: 17 | loss: 0.021
iter: 18 | loss: 0.017
iter: 19 | loss: 0.011
iter: 20 | loss: 0.007
iter: 21 | loss: 0.003
iter: 22 | loss: 0.015
iter: 23 | loss: 0.024
iter: 24 | loss: 0.015
iter: 25 | loss: 0.013
iter: 26 | loss: 0.011
testing r= 5
rrse(target)=117.52358888883755 / 34.87594854780834 | rrse(all)=101350308188995.78 / 34622966134154.824 | report_mode=targets
[Validation] per_target_rrse_json={"us_Trade Weighted Dollar Index": 1.2158352136611938, "jp_fx": 10.65758228302002, "kr_fx": 2.9180564880371094}
[Validation] per_target_lag_mae_json={"us_Trade Weighted Dollar Index": 0.36620262265205383, "jp_fx": 0.7280481457710266, "kr_fx": 4.803500175476074}
[Validation] per_target_dir_mismatch_json={"us_Trade Weighted Dollar Index": 0.6363636363636364, "jp_fx": 0.45454545454545453, "kr_fx": 0.36363636363636365}
| end of epoch  36 | time:  4.80s | train_loss 0.0145 | valid rse 3.3698 | valid rae 4.6346 | valid corr  0.4453 | valid smape  0.3208 | focus_rrse 4.9305 | obj 4.9305
Experiment: 1
Iter: 0
epoch: 37
hp= [1, 0.00012, 32, 128, 256, 1024, 20, 0.0, 2, 50, 0.6, 0.1, 3, 37]
best sum= 7.5590190976261145
best rrse= 3.3697603587106713
best rrae= 4.634550943533897
best corr= 0.4452922
best smape= 0.32083573540389365
best objective= 4.9304914474487305
best hps= [1, 0.00012, 32, 128, 256, 1024, 20, 0.0, 2, 50, 0.6, 0.1, 3, 1]
best test rse= 4.142503995371149
best test corr= 0.17624919
[Target-Weighted Loss] weights applied: {'us_Trade Weighted Dollar Index': 110.0, 'kr_fx': 110.0, 'jp_fx': 110.0}
[Target-Only Loss] enabled for columns: ['us_Trade Weighted Dollar Index', 'jp_fx', 'kr_fx']
[Bias Penalty] enabled lambda=0.65 scope=focus cols=['us_Trade Weighted Dollar Index', 'jp_fx', 'kr_fx']
iter:  0 | loss: 0.007
iter:  1 | loss: 0.009
iter:  2 | loss: 0.009
iter:  3 | loss: 0.005
iter:  4 | loss: 0.017
iter:  5 | loss: 0.008
iter:  6 | loss: 0.015
iter:  7 | loss: 0.024
iter:  8 | loss: 0.021
iter:  9 | loss: 0.013
iter: 10 | loss: 0.012
iter: 11 | loss: 0.007
iter: 12 | loss: 0.012
iter: 13 | loss: 0.007
iter: 14 | loss: 0.026
iter: 15 | loss: 0.009
iter: 16 | loss: 0.030
iter: 17 | loss: 0.022
iter: 18 | loss: 0.005
iter: 19 | loss: 0.037
iter: 20 | loss: 0.011
iter: 21 | loss: 0.015
iter: 22 | loss: 0.009
iter: 23 | loss: 0.018
iter: 24 | loss: 0.013
iter: 25 | loss: 0.006
iter: 26 | loss: 0.007
testing r= 5
rrse(target)=117.52358888883755 / 34.87594854780834 | rrse(all)=101350308188995.78 / 34622966134154.824 | report_mode=targets
[Validation] per_target_rrse_json={"us_Trade Weighted Dollar Index": 1.2158352136611938, "jp_fx": 10.65758228302002, "kr_fx": 2.9180564880371094}
[Validation] per_target_lag_mae_json={"us_Trade Weighted Dollar Index": 0.36620262265205383, "jp_fx": 0.7280481457710266, "kr_fx": 4.803500175476074}
[Validation] per_target_dir_mismatch_json={"us_Trade Weighted Dollar Index": 0.6363636363636364, "jp_fx": 0.45454545454545453, "kr_fx": 0.36363636363636365}
| end of epoch  37 | time:  5.34s | train_loss 0.0139 | valid rse 3.3698 | valid rae 4.6346 | valid corr  0.4453 | valid smape  0.3208 | focus_rrse 4.9305 | obj 4.9305
Experiment: 1
Iter: 0
epoch: 38
hp= [1, 0.00012, 32, 128, 256, 1024, 20, 0.0, 2, 50, 0.6, 0.1, 3, 38]
best sum= 7.5590190976261145
best rrse= 3.3697603587106713
best rrae= 4.634550943533897
best corr= 0.4452922
best smape= 0.32083573540389365
best objective= 4.9304914474487305
best hps= [1, 0.00012, 32, 128, 256, 1024, 20, 0.0, 2, 50, 0.6, 0.1, 3, 1]
best test rse= 4.142503995371149
best test corr= 0.17624919
[Target-Weighted Loss] weights applied: {'us_Trade Weighted Dollar Index': 110.0, 'kr_fx': 110.0, 'jp_fx': 110.0}
[Target-Only Loss] enabled for columns: ['us_Trade Weighted Dollar Index', 'jp_fx', 'kr_fx']
[Bias Penalty] enabled lambda=0.65 scope=focus cols=['us_Trade Weighted Dollar Index', 'jp_fx', 'kr_fx']
iter:  0 | loss: 0.022
iter:  1 | loss: 0.024
iter:  2 | loss: 0.035
iter:  3 | loss: 0.028
iter:  4 | loss: 0.005
iter:  5 | loss: 0.014
iter:  6 | loss: 0.018
iter:  7 | loss: 0.010
iter:  8 | loss: 0.008
iter:  9 | loss: 0.008
iter: 10 | loss: 0.017
iter: 11 | loss: 0.013
iter: 12 | loss: 0.007
iter: 13 | loss: 0.020
iter: 14 | loss: 0.009
iter: 15 | loss: 0.005
iter: 16 | loss: 0.007
iter: 17 | loss: 0.007
iter: 18 | loss: 0.004
iter: 19 | loss: 0.016
iter: 20 | loss: 0.021
iter: 21 | loss: 0.019
iter: 22 | loss: 0.008
iter: 23 | loss: 0.017
iter: 24 | loss: 0.016
iter: 25 | loss: 0.010
iter: 26 | loss: 0.008
testing r= 5
rrse(target)=117.52358888883755 / 34.87594854780834 | rrse(all)=101350308188995.78 / 34622966134154.824 | report_mode=targets
[Validation] per_target_rrse_json={"us_Trade Weighted Dollar Index": 1.2158352136611938, "jp_fx": 10.65758228302002, "kr_fx": 2.9180564880371094}
[Validation] per_target_lag_mae_json={"us_Trade Weighted Dollar Index": 0.36620262265205383, "jp_fx": 0.7280481457710266, "kr_fx": 4.803500175476074}
[Validation] per_target_dir_mismatch_json={"us_Trade Weighted Dollar Index": 0.6363636363636364, "jp_fx": 0.45454545454545453, "kr_fx": 0.36363636363636365}
| end of epoch  38 | time:  5.18s | train_loss 0.0140 | valid rse 3.3698 | valid rae 4.6346 | valid corr  0.4453 | valid smape  0.3208 | focus_rrse 4.9305 | obj 4.9305
Experiment: 1
Iter: 0
epoch: 39
hp= [1, 0.00012, 32, 128, 256, 1024, 20, 0.0, 2, 50, 0.6, 0.1, 3, 39]
best sum= 7.5590190976261145
best rrse= 3.3697603587106713
best rrae= 4.634550943533897
best corr= 0.4452922
best smape= 0.32083573540389365
best objective= 4.9304914474487305
best hps= [1, 0.00012, 32, 128, 256, 1024, 20, 0.0, 2, 50, 0.6, 0.1, 3, 1]
best test rse= 4.142503995371149
best test corr= 0.17624919
[Target-Weighted Loss] weights applied: {'us_Trade Weighted Dollar Index': 110.0, 'kr_fx': 110.0, 'jp_fx': 110.0}
[Target-Only Loss] enabled for columns: ['us_Trade Weighted Dollar Index', 'jp_fx', 'kr_fx']
[Bias Penalty] enabled lambda=0.65 scope=focus cols=['us_Trade Weighted Dollar Index', 'jp_fx', 'kr_fx']
iter:  0 | loss: 0.017
iter:  1 | loss: 0.005
iter:  2 | loss: 0.009
iter:  3 | loss: 0.019
iter:  4 | loss: 0.004
iter:  5 | loss: 0.009
iter:  6 | loss: 0.009
iter:  7 | loss: 0.018
iter:  8 | loss: 0.020
iter:  9 | loss: 0.011
iter: 10 | loss: 0.009
iter: 11 | loss: 0.033
iter: 12 | loss: 0.014
iter: 13 | loss: 0.028
iter: 14 | loss: 0.012
iter: 15 | loss: 0.023
iter: 16 | loss: 0.006
iter: 17 | loss: 0.010
iter: 18 | loss: 0.006
iter: 19 | loss: 0.007
iter: 20 | loss: 0.051
iter: 21 | loss: 0.005
iter: 22 | loss: 0.029
iter: 23 | loss: 0.008
iter: 24 | loss: 0.009
iter: 25 | loss: 0.005
iter: 26 | loss: 0.037
testing r= 5
rrse(target)=117.52358888883755 / 34.87594854780834 | rrse(all)=101350308188995.78 / 34622966134154.824 | report_mode=targets
[Validation] per_target_rrse_json={"us_Trade Weighted Dollar Index": 1.2158352136611938, "jp_fx": 10.65758228302002, "kr_fx": 2.9180564880371094}
[Validation] per_target_lag_mae_json={"us_Trade Weighted Dollar Index": 0.36620262265205383, "jp_fx": 0.7280481457710266, "kr_fx": 4.803500175476074}
[Validation] per_target_dir_mismatch_json={"us_Trade Weighted Dollar Index": 0.6363636363636364, "jp_fx": 0.45454545454545453, "kr_fx": 0.36363636363636365}
| end of epoch  39 | time:  5.73s | train_loss 0.0150 | valid rse 3.3698 | valid rae 4.6346 | valid corr  0.4453 | valid smape  0.3208 | focus_rrse 4.9305 | obj 4.9305
Experiment: 1
Iter: 0
epoch: 40
hp= [1, 0.00012, 32, 128, 256, 1024, 20, 0.0, 2, 50, 0.6, 0.1, 3, 40]
best sum= 7.5590190976261145
best rrse= 3.3697603587106713
best rrae= 4.634550943533897
best corr= 0.4452922
best smape= 0.32083573540389365
best objective= 4.9304914474487305
best hps= [1, 0.00012, 32, 128, 256, 1024, 20, 0.0, 2, 50, 0.6, 0.1, 3, 1]
best test rse= 4.142503995371149
best test corr= 0.17624919
[Target-Weighted Loss] weights applied: {'us_Trade Weighted Dollar Index': 110.0, 'kr_fx': 110.0, 'jp_fx': 110.0}
[Target-Only Loss] enabled for columns: ['us_Trade Weighted Dollar Index', 'jp_fx', 'kr_fx']
[Bias Penalty] enabled lambda=0.65 scope=focus cols=['us_Trade Weighted Dollar Index', 'jp_fx', 'kr_fx']
iter:  0 | loss: 0.035
iter:  1 | loss: 0.020
iter:  2 | loss: 0.006
iter:  3 | loss: 0.005
iter:  4 | loss: 0.009
iter:  5 | loss: 0.025
iter:  6 | loss: 0.027
iter:  7 | loss: 0.015
iter:  8 | loss: 0.005
iter:  9 | loss: 0.015
iter: 10 | loss: 0.006
iter: 11 | loss: 0.005
iter: 12 | loss: 0.009
iter: 13 | loss: 0.013
iter: 14 | loss: 0.018
iter: 15 | loss: 0.009
iter: 16 | loss: 0.006
iter: 17 | loss: 0.014
iter: 18 | loss: 0.049
iter: 19 | loss: 0.016
iter: 20 | loss: 0.010
iter: 21 | loss: 0.008
iter: 22 | loss: 0.011
iter: 23 | loss: 0.044
iter: 24 | loss: 0.018
iter: 25 | loss: 0.012
iter: 26 | loss: 0.009
testing r= 5
rrse(target)=117.52358888883755 / 34.87594854780834 | rrse(all)=101350308188995.78 / 34622966134154.824 | report_mode=targets
[Validation] per_target_rrse_json={"us_Trade Weighted Dollar Index": 1.2158352136611938, "jp_fx": 10.65758228302002, "kr_fx": 2.9180564880371094}
[Validation] per_target_lag_mae_json={"us_Trade Weighted Dollar Index": 0.36620262265205383, "jp_fx": 0.7280481457710266, "kr_fx": 4.803500175476074}
[Validation] per_target_dir_mismatch_json={"us_Trade Weighted Dollar Index": 0.6363636363636364, "jp_fx": 0.45454545454545453, "kr_fx": 0.36363636363636365}
| end of epoch  40 | time:  5.66s | train_loss 0.0156 | valid rse 3.3698 | valid rae 4.6346 | valid corr  0.4453 | valid smape  0.3208 | focus_rrse 4.9305 | obj 4.9305
best val loss= 7.5590190976261145
best hps= [1, 0.00012, 32, 128, 256, 1024, 20, 0.0, 2, 50, 0.6, 0.1, 3, 1]
testing r= 5
rrse(target)=117.52358888883755 / 34.87594854780834 | rrse(all)=101350308188995.78 / 34622966134154.824 | report_mode=targets
[Validation] per_target_rrse_json={"us_Trade Weighted Dollar Index": 1.2158352136611938, "jp_fx": 10.65758228302002, "kr_fx": 2.9180564880371094}
[Validation] per_target_lag_mae_json={"us_Trade Weighted Dollar Index": 0.36620262265205383, "jp_fx": 0.7280481457710266, "kr_fx": 4.803500175476074}
[Validation] per_target_dir_mismatch_json={"us_Trade Weighted Dollar Index": 0.6363636363636364, "jp_fx": 0.45454545454545453, "kr_fx": 0.36363636363636365}
[debias] mode=val_mean_error apply_to=focus offset={'us_Trade Weighted Dollar Index': 0.4832662045955658, 'jp_fx': -17.673564910888672, 'kr_fx': -26.74094581604004}
testing r= 5
rrse(target)=38.468099481705295 / 34.87594854780834 | rrse(all)=101350308188995.78 / 34622966134154.824 | report_mode=targets
[Validation] per_target_rrse_json={"us_Trade Weighted Dollar Index": 1.027307152748108, "jp_fx": 1.050775170326233, "kr_fx": 1.104852557182312}
[Validation] per_target_lag_mae_json={"us_Trade Weighted Dollar Index": 0.36620262265205383, "jp_fx": 0.7280481457710266, "kr_fx": 4.803500175476074}
[Validation] per_target_dir_mismatch_json={"us_Trade Weighted Dollar Index": 0.6363636363636364, "jp_fx": 0.45454545454545453, "kr_fx": 0.36363636363636365}
testing r= 5
rrse(target)=273.0380153247895 / 87.05327089004898 | rrse(all)=49957594432314.71 / 13118448721317.795 | report_mode=targets
[Testing] per_target_rrse_json={"us_Trade Weighted Dollar Index": 4.251533031463623, "jp_fx": 5.074761867523193, "kr_fx": 3.1051247119903564}
[Testing] per_target_lag_mae_json={"us_Trade Weighted Dollar Index": 0.6911669373512268, "jp_fx": 0.8994140625, "kr_fx": 7.3698506355285645}
[Testing] per_target_dir_mismatch_json={"us_Trade Weighted Dollar Index": 0.6363636363636364, "jp_fx": 0.6363636363636364, "kr_fx": 0.09090909090909091}
********************************************************************************************************
final test rse 3.1364 | test rae 3.9675 | test corr 0.1762 | test smape 0.2781
********************************************************************************************************



1 run average



valid	rse	rae
mean	1.1030	1.0151
std	0.0000	0.0000



test	rse	rae
mean	3.1364	3.9675
std	0.0000	0.0000
