CUDA not available, using CPU
[split_guard] {'n': 180, 'cutoff_idx': 168, 'cutoff_label': '25.Jan', 'valid_start_idx': 156, 'valid_end_idx': 168, 'valid_months': 12}
Loading data from /Users/samrobert/Documents/GitHub/Exchangeprediction/Cyber-trend-forecasting-main 3/B-MTGNN/data/sm_data.csv...
Data loaded and converted to numeric successfully.
Graph loaded with 1 attacks...
33 columns loaded
Adjacency created...
train X: torch.Size([95, 60, 33])
train Y: torch.Size([95, 1, 33])
valid X: torch.Size([11, 60, 33])
valid Y: torch.Size([11, 1, 33])
test X: torch.Size([11, 60, 33])
test Y: torch.Size([11, 1, 33])
test window: torch.Size([72, 33])
length of training set= 95
length of validation set= 11
length of testing set= 11
valid= 168
Auto-detected num_nodes: 33
Namespace(data='/Users/samrobert/Documents/GitHub/Exchangeprediction/Cyber-trend-forecasting-main 3/B-MTGNN/data/sm_data.csv', log_interval=2000, save='/Users/samrobert/Documents/GitHub/Exchangeprediction/Cyber-trend-forecasting-main 3/B-MTGNN/tuning_runs/20260220_181241/checkpoints/model_007.pt', optim='adam', L1Loss=True, loss_mode='mse', normalize=2, device='cuda:1', gcn_true=False, buildA_true=False, use_graph=0, gcn_depth=1, num_nodes=33, dropout=0.02, subgraph_size=30, node_dim=40, dilation_exponential=2, conv_channels=32, residual_channels=128, skip_channels=256, end_channels=1024, in_dim=1, seq_in_len=60, seq_out_len=1, horizon=1, layers=3, batch_size=4, lr=0.00012, weight_decay=1e-05, clip=10, propalpha=0.6, tanhalpha=0.1, epochs=40, num_split=1, step_size=100, ss_prob=0.05, train_ratio=0.8666666667, valid_ratio=0.0666666667, focus_targets=1, focus_nodes='us_Trade Weighted Dollar Index,jp_fx,kr_fx', focus_weight=1.0, focus_target_gain=120.0, focus_only_loss=1, anchor_focus_to_last=0.2, rse_targets='Us_Trade Weighted Dollar Index_Testing.txt,Jp_fx_Testing.txt,Kr_fx_Testing.txt', rse_report_mode='targets', debias_mode='val_mean_error', debias_apply_to='focus', bias_penalty=0.75, bias_penalty_scope='focus', plot_focus_only=0, debug_eval=0, rollout_mode='recursive', enforce_cutoff_split=1, cutoff_year_yy=25, min_valid_months=12, confidence_level=0.95, confidence_scale=3.0, confidence_mode='predictive', seed=777, plot=0, clean_cache=0, autotune_mode=1, apply_best_tuning=0, eval_best_tuning=0, target_profile='none', best_tuning_checkpoint='')
The recpetive field size is 43
Number of model parameters is 1934177
begin training
Experiment: 1
Iter: 0
epoch: 1
hp= [1, 0.00012, 32, 128, 256, 1024, 30, 0.02, 2, 40, 0.6, 0.1, 3, 1]
best sum= 10000000
best rrse= 10000000
best rrae= 10000000
best corr= -10000000
best smape= 10000000
best objective= 10000000
best hps= []
best test rse= 10000000
best test corr= -10000000
[Target-Weighted Loss] weights applied: {'us_Trade Weighted Dollar Index': 120.0, 'kr_fx': 120.0, 'jp_fx': 120.0}
[Target-Only Loss] enabled for columns: ['us_Trade Weighted Dollar Index', 'jp_fx', 'kr_fx']
[Bias Penalty] enabled lambda=0.75 scope=focus cols=['us_Trade Weighted Dollar Index', 'jp_fx', 'kr_fx']
iter:  0 | loss: 0.022
iter:  1 | loss: 0.007
iter:  2 | loss: 0.019
iter:  3 | loss: 0.008
iter:  4 | loss: 0.003
iter:  5 | loss: 0.010
iter:  6 | loss: 0.020
iter:  7 | loss: 0.043
iter:  8 | loss: 0.018
iter:  9 | loss: 0.003
iter: 10 | loss: 0.011
iter: 11 | loss: 0.024
iter: 12 | loss: 0.024
iter: 13 | loss: 0.036
iter: 14 | loss: 0.006
iter: 15 | loss: 0.021
iter: 16 | loss: 0.013
iter: 17 | loss: 0.010
iter: 18 | loss: 0.004
iter: 19 | loss: 0.009
iter: 20 | loss: 0.004
iter: 21 | loss: 0.031
iter: 22 | loss: 0.012
iter: 23 | loss: 0.036
testing r= 5
rrse(target)=141.1414405835508 / 34.87594854780834 | rrse(all)=95409439450583.53 / 34622966134154.824 | report_mode=targets
[Validation] per_target_rrse_json={"us_Trade Weighted Dollar Index": 1.9300907850265503, "jp_fx": 13.165909767150879, "kr_fx": 3.4645018577575684}
[Validation] per_target_lag_mae_json={"us_Trade Weighted Dollar Index": 0.4731431305408478, "jp_fx": 1.0168442726135254, "kr_fx": 6.1540751457214355}
[Validation] per_target_dir_mismatch_json={"us_Trade Weighted Dollar Index": 0.6363636363636364, "jp_fx": 0.7272727272727273, "kr_fx": 0.6363636363636364}
| end of epoch   1 | time:  5.45s | train_loss 0.0162 | valid rse 4.0470 | valid rae 5.4420 | valid corr  -0.1829 | valid smape  0.3283 | focus_rrse 6.1868 | obj 6.1868
testing r= 5
rrse(target)=503.97693399599154 / 87.05327089004898 | rrse(all)=33339180615348.223 / 13118448721317.795 | report_mode=targets
[Testing] per_target_rrse_json={"us_Trade Weighted Dollar Index": 5.0437750816345215, "jp_fx": 4.9386515617370605, "kr_fx": 5.7994914054870605}
[Testing] per_target_lag_mae_json={"us_Trade Weighted Dollar Index": 0.6395021080970764, "jp_fx": 0.9399774670600891, "kr_fx": 8.984097480773926}
[Testing] per_target_dir_mismatch_json={"us_Trade Weighted Dollar Index": 0.8181818181818182, "jp_fx": 0.45454545454545453, "kr_fx": 0.45454545454545453}
********************************************************************************************************
test rse 5.7893 | test rae 6.8180 | test corr 0.1448| test smape 0.3033 | test focus_rrse 5.2606
********************************************************************************************************
Experiment: 1
Iter: 0
epoch: 2
hp= [1, 0.00012, 32, 128, 256, 1024, 30, 0.02, 2, 40, 0.6, 0.1, 3, 2]
best sum= 9.671853064459803
best rrse= 4.046956325505313
best rrae= 5.442008529134696
best corr= -0.18288821
best smape= 0.3283359792641861
best objective= 6.186834335327148
best hps= [1, 0.00012, 32, 128, 256, 1024, 30, 0.02, 2, 40, 0.6, 0.1, 3, 1]
best test rse= 5.789293484819545
best test corr= 0.14484178
[Target-Weighted Loss] weights applied: {'us_Trade Weighted Dollar Index': 120.0, 'kr_fx': 120.0, 'jp_fx': 120.0}
[Target-Only Loss] enabled for columns: ['us_Trade Weighted Dollar Index', 'jp_fx', 'kr_fx']
[Bias Penalty] enabled lambda=0.75 scope=focus cols=['us_Trade Weighted Dollar Index', 'jp_fx', 'kr_fx']
iter:  0 | loss: 0.031
iter:  1 | loss: 0.038
iter:  2 | loss: 0.029
iter:  3 | loss: 0.014
iter:  4 | loss: 0.006
iter:  5 | loss: 0.006
iter:  6 | loss: 0.012
iter:  7 | loss: 0.004
iter:  8 | loss: 0.018
iter:  9 | loss: 0.032
iter: 10 | loss: 0.018
iter: 11 | loss: 0.010
iter: 12 | loss: 0.028
iter: 13 | loss: 0.004
iter: 14 | loss: 0.009
iter: 15 | loss: 0.005
iter: 16 | loss: 0.009
iter: 17 | loss: 0.026
iter: 18 | loss: 0.026
iter: 19 | loss: 0.004
iter: 20 | loss: 0.009
iter: 21 | loss: 0.034
iter: 22 | loss: 0.006
iter: 23 | loss: 0.009
testing r= 5
rrse(target)=141.1414405835508 / 34.87594854780834 | rrse(all)=95409439450583.53 / 34622966134154.824 | report_mode=targets
[Validation] per_target_rrse_json={"us_Trade Weighted Dollar Index": 1.9300907850265503, "jp_fx": 13.165909767150879, "kr_fx": 3.4645018577575684}
[Validation] per_target_lag_mae_json={"us_Trade Weighted Dollar Index": 0.4731431305408478, "jp_fx": 1.0168442726135254, "kr_fx": 6.1540751457214355}
[Validation] per_target_dir_mismatch_json={"us_Trade Weighted Dollar Index": 0.6363636363636364, "jp_fx": 0.7272727272727273, "kr_fx": 0.6363636363636364}
| end of epoch   2 | time:  5.46s | train_loss 0.0163 | valid rse 4.0470 | valid rae 5.4420 | valid corr  -0.1829 | valid smape  0.3283 | focus_rrse 6.1868 | obj 6.1868
Experiment: 1
Iter: 0
epoch: 3
hp= [1, 0.00012, 32, 128, 256, 1024, 30, 0.02, 2, 40, 0.6, 0.1, 3, 3]
best sum= 9.671853064459803
best rrse= 4.046956325505313
best rrae= 5.442008529134696
best corr= -0.18288821
best smape= 0.3283359792641861
best objective= 6.186834335327148
best hps= [1, 0.00012, 32, 128, 256, 1024, 30, 0.02, 2, 40, 0.6, 0.1, 3, 1]
best test rse= 5.789293484819545
best test corr= 0.14484178
[Target-Weighted Loss] weights applied: {'us_Trade Weighted Dollar Index': 120.0, 'kr_fx': 120.0, 'jp_fx': 120.0}
[Target-Only Loss] enabled for columns: ['us_Trade Weighted Dollar Index', 'jp_fx', 'kr_fx']
[Bias Penalty] enabled lambda=0.75 scope=focus cols=['us_Trade Weighted Dollar Index', 'jp_fx', 'kr_fx']
iter:  0 | loss: 0.013
iter:  1 | loss: 0.009
iter:  2 | loss: 0.008
iter:  3 | loss: 0.006
iter:  4 | loss: 0.023
iter:  5 | loss: 0.004
iter:  6 | loss: 0.020
iter:  7 | loss: 0.009
iter:  8 | loss: 0.076
iter:  9 | loss: 0.016
iter: 10 | loss: 0.012
iter: 11 | loss: 0.006
iter: 12 | loss: 0.015
iter: 13 | loss: 0.013
iter: 14 | loss: 0.008
iter: 15 | loss: 0.034
iter: 16 | loss: 0.028
iter: 17 | loss: 0.022
iter: 18 | loss: 0.017
iter: 19 | loss: 0.008
iter: 20 | loss: 0.012
iter: 21 | loss: 0.007
iter: 22 | loss: 0.022
iter: 23 | loss: 0.007
testing r= 5
rrse(target)=141.1414405835508 / 34.87594854780834 | rrse(all)=95409439450583.53 / 34622966134154.824 | report_mode=targets
[Validation] per_target_rrse_json={"us_Trade Weighted Dollar Index": 1.9300907850265503, "jp_fx": 13.165909767150879, "kr_fx": 3.4645018577575684}
[Validation] per_target_lag_mae_json={"us_Trade Weighted Dollar Index": 0.4731431305408478, "jp_fx": 1.0168442726135254, "kr_fx": 6.1540751457214355}
[Validation] per_target_dir_mismatch_json={"us_Trade Weighted Dollar Index": 0.6363636363636364, "jp_fx": 0.7272727272727273, "kr_fx": 0.6363636363636364}
| end of epoch   3 | time:  5.67s | train_loss 0.0165 | valid rse 4.0470 | valid rae 5.4420 | valid corr  -0.1829 | valid smape  0.3283 | focus_rrse 6.1868 | obj 6.1868
Experiment: 1
Iter: 0
epoch: 4
hp= [1, 0.00012, 32, 128, 256, 1024, 30, 0.02, 2, 40, 0.6, 0.1, 3, 4]
best sum= 9.671853064459803
best rrse= 4.046956325505313
best rrae= 5.442008529134696
best corr= -0.18288821
best smape= 0.3283359792641861
best objective= 6.186834335327148
best hps= [1, 0.00012, 32, 128, 256, 1024, 30, 0.02, 2, 40, 0.6, 0.1, 3, 1]
best test rse= 5.789293484819545
best test corr= 0.14484178
[Target-Weighted Loss] weights applied: {'us_Trade Weighted Dollar Index': 120.0, 'kr_fx': 120.0, 'jp_fx': 120.0}
[Target-Only Loss] enabled for columns: ['us_Trade Weighted Dollar Index', 'jp_fx', 'kr_fx']
[Bias Penalty] enabled lambda=0.75 scope=focus cols=['us_Trade Weighted Dollar Index', 'jp_fx', 'kr_fx']
iter:  0 | loss: 0.016
iter:  1 | loss: 0.010
iter:  2 | loss: 0.012
iter:  3 | loss: 0.007
iter:  4 | loss: 0.011
iter:  5 | loss: 0.015
iter:  6 | loss: 0.023
iter:  7 | loss: 0.007
iter:  8 | loss: 0.007
iter:  9 | loss: 0.032
iter: 10 | loss: 0.003
iter: 11 | loss: 0.019
iter: 12 | loss: 0.042
iter: 13 | loss: 0.006
iter: 14 | loss: 0.014
iter: 15 | loss: 0.008
iter: 16 | loss: 0.008
iter: 17 | loss: 0.014
iter: 18 | loss: 0.011
iter: 19 | loss: 0.017
iter: 20 | loss: 0.060
iter: 21 | loss: 0.003
iter: 22 | loss: 0.007
iter: 23 | loss: 0.049
testing r= 5
rrse(target)=141.1414405835508 / 34.87594854780834 | rrse(all)=95409439450583.53 / 34622966134154.824 | report_mode=targets
[Validation] per_target_rrse_json={"us_Trade Weighted Dollar Index": 1.9300907850265503, "jp_fx": 13.165909767150879, "kr_fx": 3.4645018577575684}
[Validation] per_target_lag_mae_json={"us_Trade Weighted Dollar Index": 0.4731431305408478, "jp_fx": 1.0168442726135254, "kr_fx": 6.1540751457214355}
[Validation] per_target_dir_mismatch_json={"us_Trade Weighted Dollar Index": 0.6363636363636364, "jp_fx": 0.7272727272727273, "kr_fx": 0.6363636363636364}
| end of epoch   4 | time:  5.51s | train_loss 0.0164 | valid rse 4.0470 | valid rae 5.4420 | valid corr  -0.1829 | valid smape  0.3283 | focus_rrse 6.1868 | obj 6.1868
Experiment: 1
Iter: 0
epoch: 5
hp= [1, 0.00012, 32, 128, 256, 1024, 30, 0.02, 2, 40, 0.6, 0.1, 3, 5]
best sum= 9.671853064459803
best rrse= 4.046956325505313
best rrae= 5.442008529134696
best corr= -0.18288821
best smape= 0.3283359792641861
best objective= 6.186834335327148
best hps= [1, 0.00012, 32, 128, 256, 1024, 30, 0.02, 2, 40, 0.6, 0.1, 3, 1]
best test rse= 5.789293484819545
best test corr= 0.14484178
[Target-Weighted Loss] weights applied: {'us_Trade Weighted Dollar Index': 120.0, 'kr_fx': 120.0, 'jp_fx': 120.0}
[Target-Only Loss] enabled for columns: ['us_Trade Weighted Dollar Index', 'jp_fx', 'kr_fx']
[Bias Penalty] enabled lambda=0.75 scope=focus cols=['us_Trade Weighted Dollar Index', 'jp_fx', 'kr_fx']
iter:  0 | loss: 0.018
iter:  1 | loss: 0.011
iter:  2 | loss: 0.009
iter:  3 | loss: 0.017
iter:  4 | loss: 0.023
iter:  5 | loss: 0.028
iter:  6 | loss: 0.023
iter:  7 | loss: 0.006
iter:  8 | loss: 0.011
iter:  9 | loss: 0.025
iter: 10 | loss: 0.030
iter: 11 | loss: 0.015
iter: 12 | loss: 0.007
iter: 13 | loss: 0.006
iter: 14 | loss: 0.005
iter: 15 | loss: 0.007
iter: 16 | loss: 0.008
iter: 17 | loss: 0.012
iter: 18 | loss: 0.028
iter: 19 | loss: 0.006
iter: 20 | loss: 0.005
iter: 21 | loss: 0.021
iter: 22 | loss: 0.034
iter: 23 | loss: 0.012
testing r= 5
rrse(target)=141.1414405835508 / 34.87594854780834 | rrse(all)=95409439450583.53 / 34622966134154.824 | report_mode=targets
[Validation] per_target_rrse_json={"us_Trade Weighted Dollar Index": 1.9300907850265503, "jp_fx": 13.165909767150879, "kr_fx": 3.4645018577575684}
[Validation] per_target_lag_mae_json={"us_Trade Weighted Dollar Index": 0.4731431305408478, "jp_fx": 1.0168442726135254, "kr_fx": 6.1540751457214355}
[Validation] per_target_dir_mismatch_json={"us_Trade Weighted Dollar Index": 0.6363636363636364, "jp_fx": 0.7272727272727273, "kr_fx": 0.6363636363636364}
| end of epoch   5 | time:  5.72s | train_loss 0.0152 | valid rse 4.0470 | valid rae 5.4420 | valid corr  -0.1829 | valid smape  0.3283 | focus_rrse 6.1868 | obj 6.1868
Experiment: 1
Iter: 0
epoch: 6
hp= [1, 0.00012, 32, 128, 256, 1024, 30, 0.02, 2, 40, 0.6, 0.1, 3, 6]
best sum= 9.671853064459803
best rrse= 4.046956325505313
best rrae= 5.442008529134696
best corr= -0.18288821
best smape= 0.3283359792641861
best objective= 6.186834335327148
best hps= [1, 0.00012, 32, 128, 256, 1024, 30, 0.02, 2, 40, 0.6, 0.1, 3, 1]
best test rse= 5.789293484819545
best test corr= 0.14484178
[Target-Weighted Loss] weights applied: {'us_Trade Weighted Dollar Index': 120.0, 'kr_fx': 120.0, 'jp_fx': 120.0}
[Target-Only Loss] enabled for columns: ['us_Trade Weighted Dollar Index', 'jp_fx', 'kr_fx']
[Bias Penalty] enabled lambda=0.75 scope=focus cols=['us_Trade Weighted Dollar Index', 'jp_fx', 'kr_fx']
iter:  0 | loss: 0.004
iter:  1 | loss: 0.005
iter:  2 | loss: 0.013
iter:  3 | loss: 0.013
iter:  4 | loss: 0.007
iter:  5 | loss: 0.006
iter:  6 | loss: 0.017
iter:  7 | loss: 0.007
iter:  8 | loss: 0.007
iter:  9 | loss: 0.009
iter: 10 | loss: 0.014
iter: 11 | loss: 0.011
iter: 12 | loss: 0.025
iter: 13 | loss: 0.011
iter: 14 | loss: 0.018
iter: 15 | loss: 0.019
iter: 16 | loss: 0.086
iter: 17 | loss: 0.010
iter: 18 | loss: 0.011
iter: 19 | loss: 0.013
iter: 20 | loss: 0.037
iter: 21 | loss: 0.045
iter: 22 | loss: 0.006
iter: 23 | loss: 0.008
testing r= 5
rrse(target)=141.1414405835508 / 34.87594854780834 | rrse(all)=95409439450583.53 / 34622966134154.824 | report_mode=targets
[Validation] per_target_rrse_json={"us_Trade Weighted Dollar Index": 1.9300907850265503, "jp_fx": 13.165909767150879, "kr_fx": 3.4645018577575684}
[Validation] per_target_lag_mae_json={"us_Trade Weighted Dollar Index": 0.4731431305408478, "jp_fx": 1.0168442726135254, "kr_fx": 6.1540751457214355}
[Validation] per_target_dir_mismatch_json={"us_Trade Weighted Dollar Index": 0.6363636363636364, "jp_fx": 0.7272727272727273, "kr_fx": 0.6363636363636364}
| end of epoch   6 | time:  5.70s | train_loss 0.0167 | valid rse 4.0470 | valid rae 5.4420 | valid corr  -0.1829 | valid smape  0.3283 | focus_rrse 6.1868 | obj 6.1868
Experiment: 1
Iter: 0
epoch: 7
hp= [1, 0.00012, 32, 128, 256, 1024, 30, 0.02, 2, 40, 0.6, 0.1, 3, 7]
best sum= 9.671853064459803
best rrse= 4.046956325505313
best rrae= 5.442008529134696
best corr= -0.18288821
best smape= 0.3283359792641861
best objective= 6.186834335327148
best hps= [1, 0.00012, 32, 128, 256, 1024, 30, 0.02, 2, 40, 0.6, 0.1, 3, 1]
best test rse= 5.789293484819545
best test corr= 0.14484178
[Target-Weighted Loss] weights applied: {'us_Trade Weighted Dollar Index': 120.0, 'kr_fx': 120.0, 'jp_fx': 120.0}
[Target-Only Loss] enabled for columns: ['us_Trade Weighted Dollar Index', 'jp_fx', 'kr_fx']
[Bias Penalty] enabled lambda=0.75 scope=focus cols=['us_Trade Weighted Dollar Index', 'jp_fx', 'kr_fx']
iter:  0 | loss: 0.011
iter:  1 | loss: 0.012
iter:  2 | loss: 0.005
iter:  3 | loss: 0.034
iter:  4 | loss: 0.018
iter:  5 | loss: 0.007
iter:  6 | loss: 0.018
iter:  7 | loss: 0.011
iter:  8 | loss: 0.005
iter:  9 | loss: 0.007
iter: 10 | loss: 0.041
iter: 11 | loss: 0.004
iter: 12 | loss: 0.015
iter: 13 | loss: 0.007
iter: 14 | loss: 0.019
iter: 15 | loss: 0.018
iter: 16 | loss: 0.058
iter: 17 | loss: 0.026
iter: 18 | loss: 0.017
iter: 19 | loss: 0.005
iter: 20 | loss: 0.046
iter: 21 | loss: 0.004
iter: 22 | loss: 0.014
iter: 23 | loss: 0.009
testing r= 5
rrse(target)=141.1414405835508 / 34.87594854780834 | rrse(all)=95409439450583.53 / 34622966134154.824 | report_mode=targets
[Validation] per_target_rrse_json={"us_Trade Weighted Dollar Index": 1.9300907850265503, "jp_fx": 13.165909767150879, "kr_fx": 3.4645018577575684}
[Validation] per_target_lag_mae_json={"us_Trade Weighted Dollar Index": 0.4731431305408478, "jp_fx": 1.0168442726135254, "kr_fx": 6.1540751457214355}
[Validation] per_target_dir_mismatch_json={"us_Trade Weighted Dollar Index": 0.6363636363636364, "jp_fx": 0.7272727272727273, "kr_fx": 0.6363636363636364}
| end of epoch   7 | time:  5.68s | train_loss 0.0172 | valid rse 4.0470 | valid rae 5.4420 | valid corr  -0.1829 | valid smape  0.3283 | focus_rrse 6.1868 | obj 6.1868
Experiment: 1
Iter: 0
epoch: 8
hp= [1, 0.00012, 32, 128, 256, 1024, 30, 0.02, 2, 40, 0.6, 0.1, 3, 8]
best sum= 9.671853064459803
best rrse= 4.046956325505313
best rrae= 5.442008529134696
best corr= -0.18288821
best smape= 0.3283359792641861
best objective= 6.186834335327148
best hps= [1, 0.00012, 32, 128, 256, 1024, 30, 0.02, 2, 40, 0.6, 0.1, 3, 1]
best test rse= 5.789293484819545
best test corr= 0.14484178
[Target-Weighted Loss] weights applied: {'us_Trade Weighted Dollar Index': 120.0, 'kr_fx': 120.0, 'jp_fx': 120.0}
[Target-Only Loss] enabled for columns: ['us_Trade Weighted Dollar Index', 'jp_fx', 'kr_fx']
[Bias Penalty] enabled lambda=0.75 scope=focus cols=['us_Trade Weighted Dollar Index', 'jp_fx', 'kr_fx']
iter:  0 | loss: 0.009
iter:  1 | loss: 0.008
iter:  2 | loss: 0.012
iter:  3 | loss: 0.032
iter:  4 | loss: 0.049
iter:  5 | loss: 0.035
iter:  6 | loss: 0.008
iter:  7 | loss: 0.011
iter:  8 | loss: 0.049
iter:  9 | loss: 0.004
iter: 10 | loss: 0.005
iter: 11 | loss: 0.028
iter: 12 | loss: 0.007
iter: 13 | loss: 0.055
iter: 14 | loss: 0.025
iter: 15 | loss: 0.006
iter: 16 | loss: 0.005
iter: 17 | loss: 0.004
iter: 18 | loss: 0.012
iter: 19 | loss: 0.010
iter: 20 | loss: 0.006
iter: 21 | loss: 0.019
iter: 22 | loss: 0.007
iter: 23 | loss: 0.005
testing r= 5
rrse(target)=141.1414405835508 / 34.87594854780834 | rrse(all)=95409439450583.53 / 34622966134154.824 | report_mode=targets
[Validation] per_target_rrse_json={"us_Trade Weighted Dollar Index": 1.9300907850265503, "jp_fx": 13.165909767150879, "kr_fx": 3.4645018577575684}
[Validation] per_target_lag_mae_json={"us_Trade Weighted Dollar Index": 0.4731431305408478, "jp_fx": 1.0168442726135254, "kr_fx": 6.1540751457214355}
[Validation] per_target_dir_mismatch_json={"us_Trade Weighted Dollar Index": 0.6363636363636364, "jp_fx": 0.7272727272727273, "kr_fx": 0.6363636363636364}
| end of epoch   8 | time:  5.56s | train_loss 0.0172 | valid rse 4.0470 | valid rae 5.4420 | valid corr  -0.1829 | valid smape  0.3283 | focus_rrse 6.1868 | obj 6.1868
Experiment: 1
Iter: 0
epoch: 9
hp= [1, 0.00012, 32, 128, 256, 1024, 30, 0.02, 2, 40, 0.6, 0.1, 3, 9]
best sum= 9.671853064459803
best rrse= 4.046956325505313
best rrae= 5.442008529134696
best corr= -0.18288821
best smape= 0.3283359792641861
best objective= 6.186834335327148
best hps= [1, 0.00012, 32, 128, 256, 1024, 30, 0.02, 2, 40, 0.6, 0.1, 3, 1]
best test rse= 5.789293484819545
best test corr= 0.14484178
[Target-Weighted Loss] weights applied: {'us_Trade Weighted Dollar Index': 120.0, 'kr_fx': 120.0, 'jp_fx': 120.0}
[Target-Only Loss] enabled for columns: ['us_Trade Weighted Dollar Index', 'jp_fx', 'kr_fx']
[Bias Penalty] enabled lambda=0.75 scope=focus cols=['us_Trade Weighted Dollar Index', 'jp_fx', 'kr_fx']
iter:  0 | loss: 0.008
iter:  1 | loss: 0.008
iter:  2 | loss: 0.007
iter:  3 | loss: 0.016
iter:  4 | loss: 0.033
iter:  5 | loss: 0.007
iter:  6 | loss: 0.042
iter:  7 | loss: 0.004
iter:  8 | loss: 0.009
iter:  9 | loss: 0.014
iter: 10 | loss: 0.013
iter: 11 | loss: 0.026
iter: 12 | loss: 0.011
iter: 13 | loss: 0.008
iter: 14 | loss: 0.003
iter: 15 | loss: 0.011
iter: 16 | loss: 0.030
iter: 17 | loss: 0.006
iter: 18 | loss: 0.005
iter: 19 | loss: 0.013
iter: 20 | loss: 0.021
iter: 21 | loss: 0.022
iter: 22 | loss: 0.021
iter: 23 | loss: 0.064
testing r= 5
rrse(target)=141.1414405835508 / 34.87594854780834 | rrse(all)=95409439450583.53 / 34622966134154.824 | report_mode=targets
[Validation] per_target_rrse_json={"us_Trade Weighted Dollar Index": 1.9300907850265503, "jp_fx": 13.165909767150879, "kr_fx": 3.4645018577575684}
[Validation] per_target_lag_mae_json={"us_Trade Weighted Dollar Index": 0.4731431305408478, "jp_fx": 1.0168442726135254, "kr_fx": 6.1540751457214355}
[Validation] per_target_dir_mismatch_json={"us_Trade Weighted Dollar Index": 0.6363636363636364, "jp_fx": 0.7272727272727273, "kr_fx": 0.6363636363636364}
| end of epoch   9 | time:  5.50s | train_loss 0.0163 | valid rse 4.0470 | valid rae 5.4420 | valid corr  -0.1829 | valid smape  0.3283 | focus_rrse 6.1868 | obj 6.1868
Experiment: 1
Iter: 0
epoch: 10
hp= [1, 0.00012, 32, 128, 256, 1024, 30, 0.02, 2, 40, 0.6, 0.1, 3, 10]
best sum= 9.671853064459803
best rrse= 4.046956325505313
best rrae= 5.442008529134696
best corr= -0.18288821
best smape= 0.3283359792641861
best objective= 6.186834335327148
best hps= [1, 0.00012, 32, 128, 256, 1024, 30, 0.02, 2, 40, 0.6, 0.1, 3, 1]
best test rse= 5.789293484819545
best test corr= 0.14484178
[Target-Weighted Loss] weights applied: {'us_Trade Weighted Dollar Index': 120.0, 'kr_fx': 120.0, 'jp_fx': 120.0}
[Target-Only Loss] enabled for columns: ['us_Trade Weighted Dollar Index', 'jp_fx', 'kr_fx']
[Bias Penalty] enabled lambda=0.75 scope=focus cols=['us_Trade Weighted Dollar Index', 'jp_fx', 'kr_fx']
iter:  0 | loss: 0.005
iter:  1 | loss: 0.008
iter:  2 | loss: 0.029
iter:  3 | loss: 0.019
iter:  4 | loss: 0.010
iter:  5 | loss: 0.015
iter:  6 | loss: 0.005
iter:  7 | loss: 0.004
iter:  8 | loss: 0.006
iter:  9 | loss: 0.011
iter: 10 | loss: 0.021
iter: 11 | loss: 0.005
iter: 12 | loss: 0.011
iter: 13 | loss: 0.022
iter: 14 | loss: 0.017
iter: 15 | loss: 0.036
iter: 16 | loss: 0.032
iter: 17 | loss: 0.006
iter: 18 | loss: 0.005
iter: 19 | loss: 0.008
iter: 20 | loss: 0.022
iter: 21 | loss: 0.016
iter: 22 | loss: 0.020
iter: 23 | loss: 0.038
testing r= 5
rrse(target)=141.1414405835508 / 34.87594854780834 | rrse(all)=95409439450583.53 / 34622966134154.824 | report_mode=targets
[Validation] per_target_rrse_json={"us_Trade Weighted Dollar Index": 1.9300907850265503, "jp_fx": 13.165909767150879, "kr_fx": 3.4645018577575684}
[Validation] per_target_lag_mae_json={"us_Trade Weighted Dollar Index": 0.4731431305408478, "jp_fx": 1.0168442726135254, "kr_fx": 6.1540751457214355}
[Validation] per_target_dir_mismatch_json={"us_Trade Weighted Dollar Index": 0.6363636363636364, "jp_fx": 0.7272727272727273, "kr_fx": 0.6363636363636364}
| end of epoch  10 | time:  5.20s | train_loss 0.0152 | valid rse 4.0470 | valid rae 5.4420 | valid corr  -0.1829 | valid smape  0.3283 | focus_rrse 6.1868 | obj 6.1868
Experiment: 1
Iter: 0
epoch: 11
hp= [1, 0.00012, 32, 128, 256, 1024, 30, 0.02, 2, 40, 0.6, 0.1, 3, 11]
best sum= 9.671853064459803
best rrse= 4.046956325505313
best rrae= 5.442008529134696
best corr= -0.18288821
best smape= 0.3283359792641861
best objective= 6.186834335327148
best hps= [1, 0.00012, 32, 128, 256, 1024, 30, 0.02, 2, 40, 0.6, 0.1, 3, 1]
best test rse= 5.789293484819545
best test corr= 0.14484178
[Target-Weighted Loss] weights applied: {'us_Trade Weighted Dollar Index': 120.0, 'kr_fx': 120.0, 'jp_fx': 120.0}
[Target-Only Loss] enabled for columns: ['us_Trade Weighted Dollar Index', 'jp_fx', 'kr_fx']
[Bias Penalty] enabled lambda=0.75 scope=focus cols=['us_Trade Weighted Dollar Index', 'jp_fx', 'kr_fx']
iter:  0 | loss: 0.011
iter:  1 | loss: 0.007
iter:  2 | loss: 0.022
iter:  3 | loss: 0.012
iter:  4 | loss: 0.005
iter:  5 | loss: 0.006
iter:  6 | loss: 0.005
iter:  7 | loss: 0.023
iter:  8 | loss: 0.042
iter:  9 | loss: 0.009
iter: 10 | loss: 0.018
iter: 11 | loss: 0.029
iter: 12 | loss: 0.067
iter: 13 | loss: 0.019
iter: 14 | loss: 0.008
iter: 15 | loss: 0.044
iter: 16 | loss: 0.009
iter: 17 | loss: 0.004
iter: 18 | loss: 0.013
iter: 19 | loss: 0.008
iter: 20 | loss: 0.010
iter: 21 | loss: 0.004
iter: 22 | loss: 0.014
iter: 23 | loss: 0.015
testing r= 5
rrse(target)=141.1414405835508 / 34.87594854780834 | rrse(all)=95409439450583.53 / 34622966134154.824 | report_mode=targets
[Validation] per_target_rrse_json={"us_Trade Weighted Dollar Index": 1.9300907850265503, "jp_fx": 13.165909767150879, "kr_fx": 3.4645018577575684}
[Validation] per_target_lag_mae_json={"us_Trade Weighted Dollar Index": 0.4731431305408478, "jp_fx": 1.0168442726135254, "kr_fx": 6.1540751457214355}
[Validation] per_target_dir_mismatch_json={"us_Trade Weighted Dollar Index": 0.6363636363636364, "jp_fx": 0.7272727272727273, "kr_fx": 0.6363636363636364}
| end of epoch  11 | time:  5.18s | train_loss 0.0168 | valid rse 4.0470 | valid rae 5.4420 | valid corr  -0.1829 | valid smape  0.3283 | focus_rrse 6.1868 | obj 6.1868
Experiment: 1
Iter: 0
epoch: 12
hp= [1, 0.00012, 32, 128, 256, 1024, 30, 0.02, 2, 40, 0.6, 0.1, 3, 12]
best sum= 9.671853064459803
best rrse= 4.046956325505313
best rrae= 5.442008529134696
best corr= -0.18288821
best smape= 0.3283359792641861
best objective= 6.186834335327148
best hps= [1, 0.00012, 32, 128, 256, 1024, 30, 0.02, 2, 40, 0.6, 0.1, 3, 1]
best test rse= 5.789293484819545
best test corr= 0.14484178
[Target-Weighted Loss] weights applied: {'us_Trade Weighted Dollar Index': 120.0, 'kr_fx': 120.0, 'jp_fx': 120.0}
[Target-Only Loss] enabled for columns: ['us_Trade Weighted Dollar Index', 'jp_fx', 'kr_fx']
[Bias Penalty] enabled lambda=0.75 scope=focus cols=['us_Trade Weighted Dollar Index', 'jp_fx', 'kr_fx']
iter:  0 | loss: 0.022
iter:  1 | loss: 0.008
iter:  2 | loss: 0.020
iter:  3 | loss: 0.005
iter:  4 | loss: 0.029
iter:  5 | loss: 0.038
iter:  6 | loss: 0.013
iter:  7 | loss: 0.016
iter:  8 | loss: 0.016
iter:  9 | loss: 0.017
iter: 10 | loss: 0.017
iter: 11 | loss: 0.009
iter: 12 | loss: 0.013
iter: 13 | loss: 0.026
iter: 14 | loss: 0.008
iter: 15 | loss: 0.037
iter: 16 | loss: 0.015
iter: 17 | loss: 0.003
iter: 18 | loss: 0.006
iter: 19 | loss: 0.005
iter: 20 | loss: 0.023
iter: 21 | loss: 0.005
iter: 22 | loss: 0.011
iter: 23 | loss: 0.036
testing r= 5
rrse(target)=141.1414405835508 / 34.87594854780834 | rrse(all)=95409439450583.53 / 34622966134154.824 | report_mode=targets
[Validation] per_target_rrse_json={"us_Trade Weighted Dollar Index": 1.9300907850265503, "jp_fx": 13.165909767150879, "kr_fx": 3.4645018577575684}
[Validation] per_target_lag_mae_json={"us_Trade Weighted Dollar Index": 0.4731431305408478, "jp_fx": 1.0168442726135254, "kr_fx": 6.1540751457214355}
[Validation] per_target_dir_mismatch_json={"us_Trade Weighted Dollar Index": 0.6363636363636364, "jp_fx": 0.7272727272727273, "kr_fx": 0.6363636363636364}
| end of epoch  12 | time:  5.25s | train_loss 0.0164 | valid rse 4.0470 | valid rae 5.4420 | valid corr  -0.1829 | valid smape  0.3283 | focus_rrse 6.1868 | obj 6.1868
Experiment: 1
Iter: 0
epoch: 13
hp= [1, 0.00012, 32, 128, 256, 1024, 30, 0.02, 2, 40, 0.6, 0.1, 3, 13]
best sum= 9.671853064459803
best rrse= 4.046956325505313
best rrae= 5.442008529134696
best corr= -0.18288821
best smape= 0.3283359792641861
best objective= 6.186834335327148
best hps= [1, 0.00012, 32, 128, 256, 1024, 30, 0.02, 2, 40, 0.6, 0.1, 3, 1]
best test rse= 5.789293484819545
best test corr= 0.14484178
[Target-Weighted Loss] weights applied: {'us_Trade Weighted Dollar Index': 120.0, 'kr_fx': 120.0, 'jp_fx': 120.0}
[Target-Only Loss] enabled for columns: ['us_Trade Weighted Dollar Index', 'jp_fx', 'kr_fx']
[Bias Penalty] enabled lambda=0.75 scope=focus cols=['us_Trade Weighted Dollar Index', 'jp_fx', 'kr_fx']
iter:  0 | loss: 0.009
iter:  1 | loss: 0.005
iter:  2 | loss: 0.007
iter:  3 | loss: 0.017
iter:  4 | loss: 0.005
iter:  5 | loss: 0.020
iter:  6 | loss: 0.028
iter:  7 | loss: 0.015
iter:  8 | loss: 0.025
iter:  9 | loss: 0.007
iter: 10 | loss: 0.027
iter: 11 | loss: 0.024
iter: 12 | loss: 0.024
iter: 13 | loss: 0.010
iter: 14 | loss: 0.034
iter: 15 | loss: 0.016
iter: 16 | loss: 0.003
iter: 17 | loss: 0.014
iter: 18 | loss: 0.016
iter: 19 | loss: 0.013
iter: 20 | loss: 0.007
iter: 21 | loss: 0.024
iter: 22 | loss: 0.008
iter: 23 | loss: 0.014
testing r= 5
rrse(target)=141.1414405835508 / 34.87594854780834 | rrse(all)=95409439450583.53 / 34622966134154.824 | report_mode=targets
[Validation] per_target_rrse_json={"us_Trade Weighted Dollar Index": 1.9300907850265503, "jp_fx": 13.165909767150879, "kr_fx": 3.4645018577575684}
[Validation] per_target_lag_mae_json={"us_Trade Weighted Dollar Index": 0.4731431305408478, "jp_fx": 1.0168442726135254, "kr_fx": 6.1540751457214355}
[Validation] per_target_dir_mismatch_json={"us_Trade Weighted Dollar Index": 0.6363636363636364, "jp_fx": 0.7272727272727273, "kr_fx": 0.6363636363636364}
| end of epoch  13 | time:  5.25s | train_loss 0.0155 | valid rse 4.0470 | valid rae 5.4420 | valid corr  -0.1829 | valid smape  0.3283 | focus_rrse 6.1868 | obj 6.1868
Experiment: 1
Iter: 0
epoch: 14
hp= [1, 0.00012, 32, 128, 256, 1024, 30, 0.02, 2, 40, 0.6, 0.1, 3, 14]
best sum= 9.671853064459803
best rrse= 4.046956325505313
best rrae= 5.442008529134696
best corr= -0.18288821
best smape= 0.3283359792641861
best objective= 6.186834335327148
best hps= [1, 0.00012, 32, 128, 256, 1024, 30, 0.02, 2, 40, 0.6, 0.1, 3, 1]
best test rse= 5.789293484819545
best test corr= 0.14484178
[Target-Weighted Loss] weights applied: {'us_Trade Weighted Dollar Index': 120.0, 'kr_fx': 120.0, 'jp_fx': 120.0}
[Target-Only Loss] enabled for columns: ['us_Trade Weighted Dollar Index', 'jp_fx', 'kr_fx']
[Bias Penalty] enabled lambda=0.75 scope=focus cols=['us_Trade Weighted Dollar Index', 'jp_fx', 'kr_fx']
iter:  0 | loss: 0.004
iter:  1 | loss: 0.015
iter:  2 | loss: 0.027
iter:  3 | loss: 0.011
iter:  4 | loss: 0.041
iter:  5 | loss: 0.019
iter:  6 | loss: 0.006
iter:  7 | loss: 0.021
iter:  8 | loss: 0.012
iter:  9 | loss: 0.010
iter: 10 | loss: 0.007
iter: 11 | loss: 0.011
iter: 12 | loss: 0.008
iter: 13 | loss: 0.008
iter: 14 | loss: 0.037
iter: 15 | loss: 0.026
iter: 16 | loss: 0.006
iter: 17 | loss: 0.008
iter: 18 | loss: 0.022
iter: 19 | loss: 0.028
iter: 20 | loss: 0.011
iter: 21 | loss: 0.013
iter: 22 | loss: 0.004
iter: 23 | loss: 0.046
testing r= 5
rrse(target)=141.1414405835508 / 34.87594854780834 | rrse(all)=95409439450583.53 / 34622966134154.824 | report_mode=targets
[Validation] per_target_rrse_json={"us_Trade Weighted Dollar Index": 1.9300907850265503, "jp_fx": 13.165909767150879, "kr_fx": 3.4645018577575684}
[Validation] per_target_lag_mae_json={"us_Trade Weighted Dollar Index": 0.4731431305408478, "jp_fx": 1.0168442726135254, "kr_fx": 6.1540751457214355}
[Validation] per_target_dir_mismatch_json={"us_Trade Weighted Dollar Index": 0.6363636363636364, "jp_fx": 0.7272727272727273, "kr_fx": 0.6363636363636364}
| end of epoch  14 | time:  5.30s | train_loss 0.0164 | valid rse 4.0470 | valid rae 5.4420 | valid corr  -0.1829 | valid smape  0.3283 | focus_rrse 6.1868 | obj 6.1868
Experiment: 1
Iter: 0
epoch: 15
hp= [1, 0.00012, 32, 128, 256, 1024, 30, 0.02, 2, 40, 0.6, 0.1, 3, 15]
best sum= 9.671853064459803
best rrse= 4.046956325505313
best rrae= 5.442008529134696
best corr= -0.18288821
best smape= 0.3283359792641861
best objective= 6.186834335327148
best hps= [1, 0.00012, 32, 128, 256, 1024, 30, 0.02, 2, 40, 0.6, 0.1, 3, 1]
best test rse= 5.789293484819545
best test corr= 0.14484178
[Target-Weighted Loss] weights applied: {'us_Trade Weighted Dollar Index': 120.0, 'kr_fx': 120.0, 'jp_fx': 120.0}
[Target-Only Loss] enabled for columns: ['us_Trade Weighted Dollar Index', 'jp_fx', 'kr_fx']
[Bias Penalty] enabled lambda=0.75 scope=focus cols=['us_Trade Weighted Dollar Index', 'jp_fx', 'kr_fx']
iter:  0 | loss: 0.027
iter:  1 | loss: 0.016
iter:  2 | loss: 0.010
iter:  3 | loss: 0.030
iter:  4 | loss: 0.006
iter:  5 | loss: 0.050
iter:  6 | loss: 0.021
iter:  7 | loss: 0.004
iter:  8 | loss: 0.010
iter:  9 | loss: 0.005
iter: 10 | loss: 0.006
iter: 11 | loss: 0.016
iter: 12 | loss: 0.077
iter: 13 | loss: 0.004
iter: 14 | loss: 0.046
iter: 15 | loss: 0.019
iter: 16 | loss: 0.009
iter: 17 | loss: 0.007
iter: 18 | loss: 0.006
iter: 19 | loss: 0.005
iter: 20 | loss: 0.026
iter: 21 | loss: 0.006
iter: 22 | loss: 0.004
iter: 23 | loss: 0.006
testing r= 5
rrse(target)=141.1414405835508 / 34.87594854780834 | rrse(all)=95409439450583.53 / 34622966134154.824 | report_mode=targets
[Validation] per_target_rrse_json={"us_Trade Weighted Dollar Index": 1.9300907850265503, "jp_fx": 13.165909767150879, "kr_fx": 3.4645018577575684}
[Validation] per_target_lag_mae_json={"us_Trade Weighted Dollar Index": 0.4731431305408478, "jp_fx": 1.0168442726135254, "kr_fx": 6.1540751457214355}
[Validation] per_target_dir_mismatch_json={"us_Trade Weighted Dollar Index": 0.6363636363636364, "jp_fx": 0.7272727272727273, "kr_fx": 0.6363636363636364}
| end of epoch  15 | time:  5.38s | train_loss 0.0175 | valid rse 4.0470 | valid rae 5.4420 | valid corr  -0.1829 | valid smape  0.3283 | focus_rrse 6.1868 | obj 6.1868
Experiment: 1
Iter: 0
epoch: 16
hp= [1, 0.00012, 32, 128, 256, 1024, 30, 0.02, 2, 40, 0.6, 0.1, 3, 16]
best sum= 9.671853064459803
best rrse= 4.046956325505313
best rrae= 5.442008529134696
best corr= -0.18288821
best smape= 0.3283359792641861
best objective= 6.186834335327148
best hps= [1, 0.00012, 32, 128, 256, 1024, 30, 0.02, 2, 40, 0.6, 0.1, 3, 1]
best test rse= 5.789293484819545
best test corr= 0.14484178
[Target-Weighted Loss] weights applied: {'us_Trade Weighted Dollar Index': 120.0, 'kr_fx': 120.0, 'jp_fx': 120.0}
[Target-Only Loss] enabled for columns: ['us_Trade Weighted Dollar Index', 'jp_fx', 'kr_fx']
[Bias Penalty] enabled lambda=0.75 scope=focus cols=['us_Trade Weighted Dollar Index', 'jp_fx', 'kr_fx']
iter:  0 | loss: 0.005
iter:  1 | loss: 0.023
iter:  2 | loss: 0.023
iter:  3 | loss: 0.014
iter:  4 | loss: 0.015
iter:  5 | loss: 0.006
iter:  6 | loss: 0.102
iter:  7 | loss: 0.022
iter:  8 | loss: 0.006
iter:  9 | loss: 0.012
iter: 10 | loss: 0.010
iter: 11 | loss: 0.005
iter: 12 | loss: 0.018
iter: 13 | loss: 0.028
iter: 14 | loss: 0.005
iter: 15 | loss: 0.010
iter: 16 | loss: 0.022
iter: 17 | loss: 0.006
iter: 18 | loss: 0.023
iter: 19 | loss: 0.025
iter: 20 | loss: 0.003
iter: 21 | loss: 0.005
iter: 22 | loss: 0.005
iter: 23 | loss: 0.007
testing r= 5
rrse(target)=141.1414405835508 / 34.87594854780834 | rrse(all)=95409439450583.53 / 34622966134154.824 | report_mode=targets
[Validation] per_target_rrse_json={"us_Trade Weighted Dollar Index": 1.9300907850265503, "jp_fx": 13.165909767150879, "kr_fx": 3.4645018577575684}
[Validation] per_target_lag_mae_json={"us_Trade Weighted Dollar Index": 0.4731431305408478, "jp_fx": 1.0168442726135254, "kr_fx": 6.1540751457214355}
[Validation] per_target_dir_mismatch_json={"us_Trade Weighted Dollar Index": 0.6363636363636364, "jp_fx": 0.7272727272727273, "kr_fx": 0.6363636363636364}
| end of epoch  16 | time:  5.37s | train_loss 0.0168 | valid rse 4.0470 | valid rae 5.4420 | valid corr  -0.1829 | valid smape  0.3283 | focus_rrse 6.1868 | obj 6.1868
Experiment: 1
Iter: 0
epoch: 17
hp= [1, 0.00012, 32, 128, 256, 1024, 30, 0.02, 2, 40, 0.6, 0.1, 3, 17]
best sum= 9.671853064459803
best rrse= 4.046956325505313
best rrae= 5.442008529134696
best corr= -0.18288821
best smape= 0.3283359792641861
best objective= 6.186834335327148
best hps= [1, 0.00012, 32, 128, 256, 1024, 30, 0.02, 2, 40, 0.6, 0.1, 3, 1]
best test rse= 5.789293484819545
best test corr= 0.14484178
[Target-Weighted Loss] weights applied: {'us_Trade Weighted Dollar Index': 120.0, 'kr_fx': 120.0, 'jp_fx': 120.0}
[Target-Only Loss] enabled for columns: ['us_Trade Weighted Dollar Index', 'jp_fx', 'kr_fx']
[Bias Penalty] enabled lambda=0.75 scope=focus cols=['us_Trade Weighted Dollar Index', 'jp_fx', 'kr_fx']
iter:  0 | loss: 0.050
iter:  1 | loss: 0.027
iter:  2 | loss: 0.018
iter:  3 | loss: 0.006
iter:  4 | loss: 0.015
iter:  5 | loss: 0.006
iter:  6 | loss: 0.004
iter:  7 | loss: 0.012
iter:  8 | loss: 0.004
iter:  9 | loss: 0.009
iter: 10 | loss: 0.009
iter: 11 | loss: 0.010
iter: 12 | loss: 0.038
iter: 13 | loss: 0.006
iter: 14 | loss: 0.024
iter: 15 | loss: 0.042
iter: 16 | loss: 0.003
iter: 17 | loss: 0.008
iter: 18 | loss: 0.007
iter: 19 | loss: 0.033
iter: 20 | loss: 0.007
iter: 21 | loss: 0.027
iter: 22 | loss: 0.006
iter: 23 | loss: 0.025
testing r= 5
rrse(target)=141.1414405835508 / 34.87594854780834 | rrse(all)=95409439450583.53 / 34622966134154.824 | report_mode=targets
[Validation] per_target_rrse_json={"us_Trade Weighted Dollar Index": 1.9300907850265503, "jp_fx": 13.165909767150879, "kr_fx": 3.4645018577575684}
[Validation] per_target_lag_mae_json={"us_Trade Weighted Dollar Index": 0.4731431305408478, "jp_fx": 1.0168442726135254, "kr_fx": 6.1540751457214355}
[Validation] per_target_dir_mismatch_json={"us_Trade Weighted Dollar Index": 0.6363636363636364, "jp_fx": 0.7272727272727273, "kr_fx": 0.6363636363636364}
| end of epoch  17 | time:  5.72s | train_loss 0.0164 | valid rse 4.0470 | valid rae 5.4420 | valid corr  -0.1829 | valid smape  0.3283 | focus_rrse 6.1868 | obj 6.1868
Experiment: 1
Iter: 0
epoch: 18
hp= [1, 0.00012, 32, 128, 256, 1024, 30, 0.02, 2, 40, 0.6, 0.1, 3, 18]
best sum= 9.671853064459803
best rrse= 4.046956325505313
best rrae= 5.442008529134696
best corr= -0.18288821
best smape= 0.3283359792641861
best objective= 6.186834335327148
best hps= [1, 0.00012, 32, 128, 256, 1024, 30, 0.02, 2, 40, 0.6, 0.1, 3, 1]
best test rse= 5.789293484819545
best test corr= 0.14484178
[Target-Weighted Loss] weights applied: {'us_Trade Weighted Dollar Index': 120.0, 'kr_fx': 120.0, 'jp_fx': 120.0}
[Target-Only Loss] enabled for columns: ['us_Trade Weighted Dollar Index', 'jp_fx', 'kr_fx']
[Bias Penalty] enabled lambda=0.75 scope=focus cols=['us_Trade Weighted Dollar Index', 'jp_fx', 'kr_fx']
iter:  0 | loss: 0.005
iter:  1 | loss: 0.004
iter:  2 | loss: 0.008
iter:  3 | loss: 0.017
iter:  4 | loss: 0.007
iter:  5 | loss: 0.009
iter:  6 | loss: 0.019
iter:  7 | loss: 0.054
iter:  8 | loss: 0.015
iter:  9 | loss: 0.005
iter: 10 | loss: 0.003
iter: 11 | loss: 0.010
iter: 12 | loss: 0.005
iter: 13 | loss: 0.006
iter: 14 | loss: 0.028
iter: 15 | loss: 0.005
iter: 16 | loss: 0.016
iter: 17 | loss: 0.008
iter: 18 | loss: 0.042
iter: 19 | loss: 0.010
iter: 20 | loss: 0.057
iter: 21 | loss: 0.012
iter: 22 | loss: 0.020
iter: 23 | loss: 0.109
testing r= 5
rrse(target)=141.1414405835508 / 34.87594854780834 | rrse(all)=95409439450583.53 / 34622966134154.824 | report_mode=targets
[Validation] per_target_rrse_json={"us_Trade Weighted Dollar Index": 1.9300907850265503, "jp_fx": 13.165909767150879, "kr_fx": 3.4645018577575684}
[Validation] per_target_lag_mae_json={"us_Trade Weighted Dollar Index": 0.4731431305408478, "jp_fx": 1.0168442726135254, "kr_fx": 6.1540751457214355}
[Validation] per_target_dir_mismatch_json={"us_Trade Weighted Dollar Index": 0.6363636363636364, "jp_fx": 0.7272727272727273, "kr_fx": 0.6363636363636364}
| end of epoch  18 | time:  5.47s | train_loss 0.0188 | valid rse 4.0470 | valid rae 5.4420 | valid corr  -0.1829 | valid smape  0.3283 | focus_rrse 6.1868 | obj 6.1868
Experiment: 1
Iter: 0
epoch: 19
hp= [1, 0.00012, 32, 128, 256, 1024, 30, 0.02, 2, 40, 0.6, 0.1, 3, 19]
best sum= 9.671853064459803
best rrse= 4.046956325505313
best rrae= 5.442008529134696
best corr= -0.18288821
best smape= 0.3283359792641861
best objective= 6.186834335327148
best hps= [1, 0.00012, 32, 128, 256, 1024, 30, 0.02, 2, 40, 0.6, 0.1, 3, 1]
best test rse= 5.789293484819545
best test corr= 0.14484178
[Target-Weighted Loss] weights applied: {'us_Trade Weighted Dollar Index': 120.0, 'kr_fx': 120.0, 'jp_fx': 120.0}
[Target-Only Loss] enabled for columns: ['us_Trade Weighted Dollar Index', 'jp_fx', 'kr_fx']
[Bias Penalty] enabled lambda=0.75 scope=focus cols=['us_Trade Weighted Dollar Index', 'jp_fx', 'kr_fx']
iter:  0 | loss: 0.029
iter:  1 | loss: 0.005
iter:  2 | loss: 0.004
iter:  3 | loss: 0.033
iter:  4 | loss: 0.009
iter:  5 | loss: 0.005
iter:  6 | loss: 0.005
iter:  7 | loss: 0.005
iter:  8 | loss: 0.018
iter:  9 | loss: 0.005
iter: 10 | loss: 0.007
iter: 11 | loss: 0.011
iter: 12 | loss: 0.016
iter: 13 | loss: 0.020
iter: 14 | loss: 0.012
iter: 15 | loss: 0.020
iter: 16 | loss: 0.026
iter: 17 | loss: 0.008
iter: 18 | loss: 0.021
iter: 19 | loss: 0.015
iter: 20 | loss: 0.033
iter: 21 | loss: 0.006
iter: 22 | loss: 0.055
iter: 23 | loss: 0.036
testing r= 5
rrse(target)=141.1414405835508 / 34.87594854780834 | rrse(all)=95409439450583.53 / 34622966134154.824 | report_mode=targets
[Validation] per_target_rrse_json={"us_Trade Weighted Dollar Index": 1.9300907850265503, "jp_fx": 13.165909767150879, "kr_fx": 3.4645018577575684}
[Validation] per_target_lag_mae_json={"us_Trade Weighted Dollar Index": 0.4731431305408478, "jp_fx": 1.0168442726135254, "kr_fx": 6.1540751457214355}
[Validation] per_target_dir_mismatch_json={"us_Trade Weighted Dollar Index": 0.6363636363636364, "jp_fx": 0.7272727272727273, "kr_fx": 0.6363636363636364}
| end of epoch  19 | time:  5.67s | train_loss 0.0166 | valid rse 4.0470 | valid rae 5.4420 | valid corr  -0.1829 | valid smape  0.3283 | focus_rrse 6.1868 | obj 6.1868
Experiment: 1
Iter: 0
epoch: 20
hp= [1, 0.00012, 32, 128, 256, 1024, 30, 0.02, 2, 40, 0.6, 0.1, 3, 20]
best sum= 9.671853064459803
best rrse= 4.046956325505313
best rrae= 5.442008529134696
best corr= -0.18288821
best smape= 0.3283359792641861
best objective= 6.186834335327148
best hps= [1, 0.00012, 32, 128, 256, 1024, 30, 0.02, 2, 40, 0.6, 0.1, 3, 1]
best test rse= 5.789293484819545
best test corr= 0.14484178
[Target-Weighted Loss] weights applied: {'us_Trade Weighted Dollar Index': 120.0, 'kr_fx': 120.0, 'jp_fx': 120.0}
[Target-Only Loss] enabled for columns: ['us_Trade Weighted Dollar Index', 'jp_fx', 'kr_fx']
[Bias Penalty] enabled lambda=0.75 scope=focus cols=['us_Trade Weighted Dollar Index', 'jp_fx', 'kr_fx']
iter:  0 | loss: 0.026
iter:  1 | loss: 0.077
iter:  2 | loss: 0.026
iter:  3 | loss: 0.010
iter:  4 | loss: 0.010
iter:  5 | loss: 0.013
iter:  6 | loss: 0.005
iter:  7 | loss: 0.025
iter:  8 | loss: 0.006
iter:  9 | loss: 0.004
iter: 10 | loss: 0.012
iter: 11 | loss: 0.036
iter: 12 | loss: 0.007
iter: 13 | loss: 0.011
iter: 14 | loss: 0.005
iter: 15 | loss: 0.014
iter: 16 | loss: 0.059
iter: 17 | loss: 0.007
iter: 18 | loss: 0.005
iter: 19 | loss: 0.012
iter: 20 | loss: 0.018
iter: 21 | loss: 0.025
iter: 22 | loss: 0.009
iter: 23 | loss: 0.007
testing r= 5
rrse(target)=141.1414405835508 / 34.87594854780834 | rrse(all)=95409439450583.53 / 34622966134154.824 | report_mode=targets
[Validation] per_target_rrse_json={"us_Trade Weighted Dollar Index": 1.9300907850265503, "jp_fx": 13.165909767150879, "kr_fx": 3.4645018577575684}
[Validation] per_target_lag_mae_json={"us_Trade Weighted Dollar Index": 0.4731431305408478, "jp_fx": 1.0168442726135254, "kr_fx": 6.1540751457214355}
[Validation] per_target_dir_mismatch_json={"us_Trade Weighted Dollar Index": 0.6363636363636364, "jp_fx": 0.7272727272727273, "kr_fx": 0.6363636363636364}
| end of epoch  20 | time:  5.50s | train_loss 0.0181 | valid rse 4.0470 | valid rae 5.4420 | valid corr  -0.1829 | valid smape  0.3283 | focus_rrse 6.1868 | obj 6.1868
Experiment: 1
Iter: 0
epoch: 21
hp= [1, 0.00012, 32, 128, 256, 1024, 30, 0.02, 2, 40, 0.6, 0.1, 3, 21]
best sum= 9.671853064459803
best rrse= 4.046956325505313
best rrae= 5.442008529134696
best corr= -0.18288821
best smape= 0.3283359792641861
best objective= 6.186834335327148
best hps= [1, 0.00012, 32, 128, 256, 1024, 30, 0.02, 2, 40, 0.6, 0.1, 3, 1]
best test rse= 5.789293484819545
best test corr= 0.14484178
[Target-Weighted Loss] weights applied: {'us_Trade Weighted Dollar Index': 120.0, 'kr_fx': 120.0, 'jp_fx': 120.0}
[Target-Only Loss] enabled for columns: ['us_Trade Weighted Dollar Index', 'jp_fx', 'kr_fx']
[Bias Penalty] enabled lambda=0.75 scope=focus cols=['us_Trade Weighted Dollar Index', 'jp_fx', 'kr_fx']
iter:  0 | loss: 0.038
iter:  1 | loss: 0.020
iter:  2 | loss: 0.011
iter:  3 | loss: 0.015
iter:  4 | loss: 0.016
iter:  5 | loss: 0.009
iter:  6 | loss: 0.007
iter:  7 | loss: 0.004
iter:  8 | loss: 0.010
iter:  9 | loss: 0.010
iter: 10 | loss: 0.007
iter: 11 | loss: 0.005
iter: 12 | loss: 0.007
iter: 13 | loss: 0.016
iter: 14 | loss: 0.040
iter: 15 | loss: 0.016
iter: 16 | loss: 0.036
iter: 17 | loss: 0.009
iter: 18 | loss: 0.017
iter: 19 | loss: 0.005
iter: 20 | loss: 0.005
iter: 21 | loss: 0.015
iter: 22 | loss: 0.016
iter: 23 | loss: 0.067
testing r= 5
rrse(target)=141.1414405835508 / 34.87594854780834 | rrse(all)=95409439450583.53 / 34622966134154.824 | report_mode=targets
[Validation] per_target_rrse_json={"us_Trade Weighted Dollar Index": 1.9300907850265503, "jp_fx": 13.165909767150879, "kr_fx": 3.4645018577575684}
[Validation] per_target_lag_mae_json={"us_Trade Weighted Dollar Index": 0.4731431305408478, "jp_fx": 1.0168442726135254, "kr_fx": 6.1540751457214355}
[Validation] per_target_dir_mismatch_json={"us_Trade Weighted Dollar Index": 0.6363636363636364, "jp_fx": 0.7272727272727273, "kr_fx": 0.6363636363636364}
| end of epoch  21 | time:  5.43s | train_loss 0.0162 | valid rse 4.0470 | valid rae 5.4420 | valid corr  -0.1829 | valid smape  0.3283 | focus_rrse 6.1868 | obj 6.1868
Experiment: 1
Iter: 0
epoch: 22
hp= [1, 0.00012, 32, 128, 256, 1024, 30, 0.02, 2, 40, 0.6, 0.1, 3, 22]
best sum= 9.671853064459803
best rrse= 4.046956325505313
best rrae= 5.442008529134696
best corr= -0.18288821
best smape= 0.3283359792641861
best objective= 6.186834335327148
best hps= [1, 0.00012, 32, 128, 256, 1024, 30, 0.02, 2, 40, 0.6, 0.1, 3, 1]
best test rse= 5.789293484819545
best test corr= 0.14484178
[Target-Weighted Loss] weights applied: {'us_Trade Weighted Dollar Index': 120.0, 'kr_fx': 120.0, 'jp_fx': 120.0}
[Target-Only Loss] enabled for columns: ['us_Trade Weighted Dollar Index', 'jp_fx', 'kr_fx']
[Bias Penalty] enabled lambda=0.75 scope=focus cols=['us_Trade Weighted Dollar Index', 'jp_fx', 'kr_fx']
iter:  0 | loss: 0.006
iter:  1 | loss: 0.012
iter:  2 | loss: 0.010
iter:  3 | loss: 0.031
iter:  4 | loss: 0.016
iter:  5 | loss: 0.024
iter:  6 | loss: 0.006
iter:  7 | loss: 0.005
iter:  8 | loss: 0.020
iter:  9 | loss: 0.035
iter: 10 | loss: 0.049
iter: 11 | loss: 0.058
iter: 12 | loss: 0.004
iter: 13 | loss: 0.008
iter: 14 | loss: 0.027
iter: 15 | loss: 0.009
iter: 16 | loss: 0.006
iter: 17 | loss: 0.013
iter: 18 | loss: 0.005
iter: 19 | loss: 0.004
iter: 20 | loss: 0.009
iter: 21 | loss: 0.008
iter: 22 | loss: 0.010
iter: 23 | loss: 0.054
testing r= 5
rrse(target)=141.1414405835508 / 34.87594854780834 | rrse(all)=95409439450583.53 / 34622966134154.824 | report_mode=targets
[Validation] per_target_rrse_json={"us_Trade Weighted Dollar Index": 1.9300907850265503, "jp_fx": 13.165909767150879, "kr_fx": 3.4645018577575684}
[Validation] per_target_lag_mae_json={"us_Trade Weighted Dollar Index": 0.4731431305408478, "jp_fx": 1.0168442726135254, "kr_fx": 6.1540751457214355}
[Validation] per_target_dir_mismatch_json={"us_Trade Weighted Dollar Index": 0.6363636363636364, "jp_fx": 0.7272727272727273, "kr_fx": 0.6363636363636364}
| end of epoch  22 | time:  6.06s | train_loss 0.0175 | valid rse 4.0470 | valid rae 5.4420 | valid corr  -0.1829 | valid smape  0.3283 | focus_rrse 6.1868 | obj 6.1868
Experiment: 1
Iter: 0
epoch: 23
hp= [1, 0.00012, 32, 128, 256, 1024, 30, 0.02, 2, 40, 0.6, 0.1, 3, 23]
best sum= 9.671853064459803
best rrse= 4.046956325505313
best rrae= 5.442008529134696
best corr= -0.18288821
best smape= 0.3283359792641861
best objective= 6.186834335327148
best hps= [1, 0.00012, 32, 128, 256, 1024, 30, 0.02, 2, 40, 0.6, 0.1, 3, 1]
best test rse= 5.789293484819545
best test corr= 0.14484178
[Target-Weighted Loss] weights applied: {'us_Trade Weighted Dollar Index': 120.0, 'kr_fx': 120.0, 'jp_fx': 120.0}
[Target-Only Loss] enabled for columns: ['us_Trade Weighted Dollar Index', 'jp_fx', 'kr_fx']
[Bias Penalty] enabled lambda=0.75 scope=focus cols=['us_Trade Weighted Dollar Index', 'jp_fx', 'kr_fx']
iter:  0 | loss: 0.018
iter:  1 | loss: 0.006
iter:  2 | loss: 0.005
iter:  3 | loss: 0.007
iter:  4 | loss: 0.023
iter:  5 | loss: 0.017
iter:  6 | loss: 0.007
iter:  7 | loss: 0.004
iter:  8 | loss: 0.050
iter:  9 | loss: 0.022
iter: 10 | loss: 0.024
iter: 11 | loss: 0.029
iter: 12 | loss: 0.012
iter: 13 | loss: 0.006
iter: 14 | loss: 0.009
iter: 15 | loss: 0.027
iter: 16 | loss: 0.021
iter: 17 | loss: 0.004
iter: 18 | loss: 0.009
iter: 19 | loss: 0.011
iter: 20 | loss: 0.014
iter: 21 | loss: 0.051
iter: 22 | loss: 0.007
iter: 23 | loss: 0.011
testing r= 5
rrse(target)=141.1414405835508 / 34.87594854780834 | rrse(all)=95409439450583.53 / 34622966134154.824 | report_mode=targets
[Validation] per_target_rrse_json={"us_Trade Weighted Dollar Index": 1.9300907850265503, "jp_fx": 13.165909767150879, "kr_fx": 3.4645018577575684}
[Validation] per_target_lag_mae_json={"us_Trade Weighted Dollar Index": 0.4731431305408478, "jp_fx": 1.0168442726135254, "kr_fx": 6.1540751457214355}
[Validation] per_target_dir_mismatch_json={"us_Trade Weighted Dollar Index": 0.6363636363636364, "jp_fx": 0.7272727272727273, "kr_fx": 0.6363636363636364}
| end of epoch  23 | time:  5.94s | train_loss 0.0164 | valid rse 4.0470 | valid rae 5.4420 | valid corr  -0.1829 | valid smape  0.3283 | focus_rrse 6.1868 | obj 6.1868
Experiment: 1
Iter: 0
epoch: 24
hp= [1, 0.00012, 32, 128, 256, 1024, 30, 0.02, 2, 40, 0.6, 0.1, 3, 24]
best sum= 9.671853064459803
best rrse= 4.046956325505313
best rrae= 5.442008529134696
best corr= -0.18288821
best smape= 0.3283359792641861
best objective= 6.186834335327148
best hps= [1, 0.00012, 32, 128, 256, 1024, 30, 0.02, 2, 40, 0.6, 0.1, 3, 1]
best test rse= 5.789293484819545
best test corr= 0.14484178
[Target-Weighted Loss] weights applied: {'us_Trade Weighted Dollar Index': 120.0, 'kr_fx': 120.0, 'jp_fx': 120.0}
[Target-Only Loss] enabled for columns: ['us_Trade Weighted Dollar Index', 'jp_fx', 'kr_fx']
[Bias Penalty] enabled lambda=0.75 scope=focus cols=['us_Trade Weighted Dollar Index', 'jp_fx', 'kr_fx']
iter:  0 | loss: 0.010
iter:  1 | loss: 0.010
iter:  2 | loss: 0.008
iter:  3 | loss: 0.026
iter:  4 | loss: 0.050
iter:  5 | loss: 0.025
iter:  6 | loss: 0.009
iter:  7 | loss: 0.032
iter:  8 | loss: 0.004
iter:  9 | loss: 0.020
iter: 10 | loss: 0.014
iter: 11 | loss: 0.008
iter: 12 | loss: 0.008
iter: 13 | loss: 0.005
iter: 14 | loss: 0.012
iter: 15 | loss: 0.014
iter: 16 | loss: 0.015
iter: 17 | loss: 0.024
iter: 18 | loss: 0.005
iter: 19 | loss: 0.014
iter: 20 | loss: 0.011
iter: 21 | loss: 0.012
iter: 22 | loss: 0.014
iter: 23 | loss: 0.019
testing r= 5
rrse(target)=141.1414405835508 / 34.87594854780834 | rrse(all)=95409439450583.53 / 34622966134154.824 | report_mode=targets
[Validation] per_target_rrse_json={"us_Trade Weighted Dollar Index": 1.9300907850265503, "jp_fx": 13.165909767150879, "kr_fx": 3.4645018577575684}
[Validation] per_target_lag_mae_json={"us_Trade Weighted Dollar Index": 0.4731431305408478, "jp_fx": 1.0168442726135254, "kr_fx": 6.1540751457214355}
[Validation] per_target_dir_mismatch_json={"us_Trade Weighted Dollar Index": 0.6363636363636364, "jp_fx": 0.7272727272727273, "kr_fx": 0.6363636363636364}
| end of epoch  24 | time:  5.76s | train_loss 0.0154 | valid rse 4.0470 | valid rae 5.4420 | valid corr  -0.1829 | valid smape  0.3283 | focus_rrse 6.1868 | obj 6.1868
Experiment: 1
Iter: 0
epoch: 25
hp= [1, 0.00012, 32, 128, 256, 1024, 30, 0.02, 2, 40, 0.6, 0.1, 3, 25]
best sum= 9.671853064459803
best rrse= 4.046956325505313
best rrae= 5.442008529134696
best corr= -0.18288821
best smape= 0.3283359792641861
best objective= 6.186834335327148
best hps= [1, 0.00012, 32, 128, 256, 1024, 30, 0.02, 2, 40, 0.6, 0.1, 3, 1]
best test rse= 5.789293484819545
best test corr= 0.14484178
[Target-Weighted Loss] weights applied: {'us_Trade Weighted Dollar Index': 120.0, 'kr_fx': 120.0, 'jp_fx': 120.0}
[Target-Only Loss] enabled for columns: ['us_Trade Weighted Dollar Index', 'jp_fx', 'kr_fx']
[Bias Penalty] enabled lambda=0.75 scope=focus cols=['us_Trade Weighted Dollar Index', 'jp_fx', 'kr_fx']
iter:  0 | loss: 0.005
iter:  1 | loss: 0.017
iter:  2 | loss: 0.021
iter:  3 | loss: 0.008
iter:  4 | loss: 0.030
iter:  5 | loss: 0.019
iter:  6 | loss: 0.013
iter:  7 | loss: 0.006
iter:  8 | loss: 0.005
iter:  9 | loss: 0.018
iter: 10 | loss: 0.022
iter: 11 | loss: 0.007
iter: 12 | loss: 0.013
iter: 13 | loss: 0.010
iter: 14 | loss: 0.020
iter: 15 | loss: 0.005
iter: 16 | loss: 0.007
iter: 17 | loss: 0.024
iter: 18 | loss: 0.043
iter: 19 | loss: 0.006
iter: 20 | loss: 0.005
iter: 21 | loss: 0.037
iter: 22 | loss: 0.026
iter: 23 | loss: 0.048
testing r= 5
rrse(target)=141.1414405835508 / 34.87594854780834 | rrse(all)=95409439450583.53 / 34622966134154.824 | report_mode=targets
[Validation] per_target_rrse_json={"us_Trade Weighted Dollar Index": 1.9300907850265503, "jp_fx": 13.165909767150879, "kr_fx": 3.4645018577575684}
[Validation] per_target_lag_mae_json={"us_Trade Weighted Dollar Index": 0.4731431305408478, "jp_fx": 1.0168442726135254, "kr_fx": 6.1540751457214355}
[Validation] per_target_dir_mismatch_json={"us_Trade Weighted Dollar Index": 0.6363636363636364, "jp_fx": 0.7272727272727273, "kr_fx": 0.6363636363636364}
| end of epoch  25 | time:  6.15s | train_loss 0.0170 | valid rse 4.0470 | valid rae 5.4420 | valid corr  -0.1829 | valid smape  0.3283 | focus_rrse 6.1868 | obj 6.1868
Experiment: 1
Iter: 0
epoch: 26
hp= [1, 0.00012, 32, 128, 256, 1024, 30, 0.02, 2, 40, 0.6, 0.1, 3, 26]
best sum= 9.671853064459803
best rrse= 4.046956325505313
best rrae= 5.442008529134696
best corr= -0.18288821
best smape= 0.3283359792641861
best objective= 6.186834335327148
best hps= [1, 0.00012, 32, 128, 256, 1024, 30, 0.02, 2, 40, 0.6, 0.1, 3, 1]
best test rse= 5.789293484819545
best test corr= 0.14484178
[Target-Weighted Loss] weights applied: {'us_Trade Weighted Dollar Index': 120.0, 'kr_fx': 120.0, 'jp_fx': 120.0}
[Target-Only Loss] enabled for columns: ['us_Trade Weighted Dollar Index', 'jp_fx', 'kr_fx']
[Bias Penalty] enabled lambda=0.75 scope=focus cols=['us_Trade Weighted Dollar Index', 'jp_fx', 'kr_fx']
iter:  0 | loss: 0.003
iter:  1 | loss: 0.060
iter:  2 | loss: 0.025
iter:  3 | loss: 0.004
iter:  4 | loss: 0.005
iter:  5 | loss: 0.007
iter:  6 | loss: 0.009
iter:  7 | loss: 0.005
iter:  8 | loss: 0.007
iter:  9 | loss: 0.043
iter: 10 | loss: 0.007
iter: 11 | loss: 0.062
iter: 12 | loss: 0.004
iter: 13 | loss: 0.016
iter: 14 | loss: 0.012
iter: 15 | loss: 0.015
iter: 16 | loss: 0.005
iter: 17 | loss: 0.009
iter: 18 | loss: 0.003
iter: 19 | loss: 0.014
iter: 20 | loss: 0.011
iter: 21 | loss: 0.019
iter: 22 | loss: 0.023
iter: 23 | loss: 0.067
testing r= 5
rrse(target)=141.1414405835508 / 34.87594854780834 | rrse(all)=95409439450583.53 / 34622966134154.824 | report_mode=targets
[Validation] per_target_rrse_json={"us_Trade Weighted Dollar Index": 1.9300907850265503, "jp_fx": 13.165909767150879, "kr_fx": 3.4645018577575684}
[Validation] per_target_lag_mae_json={"us_Trade Weighted Dollar Index": 0.4731431305408478, "jp_fx": 1.0168442726135254, "kr_fx": 6.1540751457214355}
[Validation] per_target_dir_mismatch_json={"us_Trade Weighted Dollar Index": 0.6363636363636364, "jp_fx": 0.7272727272727273, "kr_fx": 0.6363636363636364}
| end of epoch  26 | time:  6.33s | train_loss 0.0176 | valid rse 4.0470 | valid rae 5.4420 | valid corr  -0.1829 | valid smape  0.3283 | focus_rrse 6.1868 | obj 6.1868
Experiment: 1
Iter: 0
epoch: 27
hp= [1, 0.00012, 32, 128, 256, 1024, 30, 0.02, 2, 40, 0.6, 0.1, 3, 27]
best sum= 9.671853064459803
best rrse= 4.046956325505313
best rrae= 5.442008529134696
best corr= -0.18288821
best smape= 0.3283359792641861
best objective= 6.186834335327148
best hps= [1, 0.00012, 32, 128, 256, 1024, 30, 0.02, 2, 40, 0.6, 0.1, 3, 1]
best test rse= 5.789293484819545
best test corr= 0.14484178
[Target-Weighted Loss] weights applied: {'us_Trade Weighted Dollar Index': 120.0, 'kr_fx': 120.0, 'jp_fx': 120.0}
[Target-Only Loss] enabled for columns: ['us_Trade Weighted Dollar Index', 'jp_fx', 'kr_fx']
[Bias Penalty] enabled lambda=0.75 scope=focus cols=['us_Trade Weighted Dollar Index', 'jp_fx', 'kr_fx']
iter:  0 | loss: 0.009
iter:  1 | loss: 0.006
iter:  2 | loss: 0.020
iter:  3 | loss: 0.016
iter:  4 | loss: 0.015
iter:  5 | loss: 0.015
iter:  6 | loss: 0.018
iter:  7 | loss: 0.026
iter:  8 | loss: 0.018
iter:  9 | loss: 0.004
iter: 10 | loss: 0.029
iter: 11 | loss: 0.006
iter: 12 | loss: 0.011
iter: 13 | loss: 0.008
iter: 14 | loss: 0.016
iter: 15 | loss: 0.005
iter: 16 | loss: 0.005
iter: 17 | loss: 0.013
iter: 18 | loss: 0.010
iter: 19 | loss: 0.054
iter: 20 | loss: 0.015
iter: 21 | loss: 0.010
iter: 22 | loss: 0.021
iter: 23 | loss: 0.006
testing r= 5
rrse(target)=141.1414405835508 / 34.87594854780834 | rrse(all)=95409439450583.53 / 34622966134154.824 | report_mode=targets
[Validation] per_target_rrse_json={"us_Trade Weighted Dollar Index": 1.9300907850265503, "jp_fx": 13.165909767150879, "kr_fx": 3.4645018577575684}
[Validation] per_target_lag_mae_json={"us_Trade Weighted Dollar Index": 0.4731431305408478, "jp_fx": 1.0168442726135254, "kr_fx": 6.1540751457214355}
[Validation] per_target_dir_mismatch_json={"us_Trade Weighted Dollar Index": 0.6363636363636364, "jp_fx": 0.7272727272727273, "kr_fx": 0.6363636363636364}
| end of epoch  27 | time:  5.98s | train_loss 0.0149 | valid rse 4.0470 | valid rae 5.4420 | valid corr  -0.1829 | valid smape  0.3283 | focus_rrse 6.1868 | obj 6.1868
Experiment: 1
Iter: 0
epoch: 28
hp= [1, 0.00012, 32, 128, 256, 1024, 30, 0.02, 2, 40, 0.6, 0.1, 3, 28]
best sum= 9.671853064459803
best rrse= 4.046956325505313
best rrae= 5.442008529134696
best corr= -0.18288821
best smape= 0.3283359792641861
best objective= 6.186834335327148
best hps= [1, 0.00012, 32, 128, 256, 1024, 30, 0.02, 2, 40, 0.6, 0.1, 3, 1]
best test rse= 5.789293484819545
best test corr= 0.14484178
[Target-Weighted Loss] weights applied: {'us_Trade Weighted Dollar Index': 120.0, 'kr_fx': 120.0, 'jp_fx': 120.0}
[Target-Only Loss] enabled for columns: ['us_Trade Weighted Dollar Index', 'jp_fx', 'kr_fx']
[Bias Penalty] enabled lambda=0.75 scope=focus cols=['us_Trade Weighted Dollar Index', 'jp_fx', 'kr_fx']
iter:  0 | loss: 0.019
iter:  1 | loss: 0.015
iter:  2 | loss: 0.064
iter:  3 | loss: 0.006
iter:  4 | loss: 0.011
iter:  5 | loss: 0.005
iter:  6 | loss: 0.004
iter:  7 | loss: 0.003
iter:  8 | loss: 0.015
iter:  9 | loss: 0.013
iter: 10 | loss: 0.028
iter: 11 | loss: 0.004
iter: 12 | loss: 0.046
iter: 13 | loss: 0.010
iter: 14 | loss: 0.007
iter: 15 | loss: 0.013
iter: 16 | loss: 0.023
iter: 17 | loss: 0.010
iter: 18 | loss: 0.036
iter: 19 | loss: 0.008
iter: 20 | loss: 0.028
iter: 21 | loss: 0.006
iter: 22 | loss: 0.014
iter: 23 | loss: 0.005
testing r= 5
rrse(target)=141.1414405835508 / 34.87594854780834 | rrse(all)=95409439450583.53 / 34622966134154.824 | report_mode=targets
[Validation] per_target_rrse_json={"us_Trade Weighted Dollar Index": 1.9300907850265503, "jp_fx": 13.165909767150879, "kr_fx": 3.4645018577575684}
[Validation] per_target_lag_mae_json={"us_Trade Weighted Dollar Index": 0.4731431305408478, "jp_fx": 1.0168442726135254, "kr_fx": 6.1540751457214355}
[Validation] per_target_dir_mismatch_json={"us_Trade Weighted Dollar Index": 0.6363636363636364, "jp_fx": 0.7272727272727273, "kr_fx": 0.6363636363636364}
| end of epoch  28 | time:  5.74s | train_loss 0.0165 | valid rse 4.0470 | valid rae 5.4420 | valid corr  -0.1829 | valid smape  0.3283 | focus_rrse 6.1868 | obj 6.1868
Experiment: 1
Iter: 0
epoch: 29
hp= [1, 0.00012, 32, 128, 256, 1024, 30, 0.02, 2, 40, 0.6, 0.1, 3, 29]
best sum= 9.671853064459803
best rrse= 4.046956325505313
best rrae= 5.442008529134696
best corr= -0.18288821
best smape= 0.3283359792641861
best objective= 6.186834335327148
best hps= [1, 0.00012, 32, 128, 256, 1024, 30, 0.02, 2, 40, 0.6, 0.1, 3, 1]
best test rse= 5.789293484819545
best test corr= 0.14484178
[Target-Weighted Loss] weights applied: {'us_Trade Weighted Dollar Index': 120.0, 'kr_fx': 120.0, 'jp_fx': 120.0}
[Target-Only Loss] enabled for columns: ['us_Trade Weighted Dollar Index', 'jp_fx', 'kr_fx']
[Bias Penalty] enabled lambda=0.75 scope=focus cols=['us_Trade Weighted Dollar Index', 'jp_fx', 'kr_fx']
iter:  0 | loss: 0.013
iter:  1 | loss: 0.015
iter:  2 | loss: 0.030
iter:  3 | loss: 0.015
iter:  4 | loss: 0.006
iter:  5 | loss: 0.038
iter:  6 | loss: 0.023
iter:  7 | loss: 0.028
iter:  8 | loss: 0.005
iter:  9 | loss: 0.005
iter: 10 | loss: 0.016
iter: 11 | loss: 0.042
iter: 12 | loss: 0.003
iter: 13 | loss: 0.008
iter: 14 | loss: 0.017
iter: 15 | loss: 0.005
iter: 16 | loss: 0.006
iter: 17 | loss: 0.017
iter: 18 | loss: 0.007
iter: 19 | loss: 0.009
iter: 20 | loss: 0.037
iter: 21 | loss: 0.008
iter: 22 | loss: 0.022
iter: 23 | loss: 0.055
testing r= 5
rrse(target)=141.1414405835508 / 34.87594854780834 | rrse(all)=95409439450583.53 / 34622966134154.824 | report_mode=targets
[Validation] per_target_rrse_json={"us_Trade Weighted Dollar Index": 1.9300907850265503, "jp_fx": 13.165909767150879, "kr_fx": 3.4645018577575684}
[Validation] per_target_lag_mae_json={"us_Trade Weighted Dollar Index": 0.4731431305408478, "jp_fx": 1.0168442726135254, "kr_fx": 6.1540751457214355}
[Validation] per_target_dir_mismatch_json={"us_Trade Weighted Dollar Index": 0.6363636363636364, "jp_fx": 0.7272727272727273, "kr_fx": 0.6363636363636364}
| end of epoch  29 | time:  5.71s | train_loss 0.0175 | valid rse 4.0470 | valid rae 5.4420 | valid corr  -0.1829 | valid smape  0.3283 | focus_rrse 6.1868 | obj 6.1868
Experiment: 1
Iter: 0
epoch: 30
hp= [1, 0.00012, 32, 128, 256, 1024, 30, 0.02, 2, 40, 0.6, 0.1, 3, 30]
best sum= 9.671853064459803
best rrse= 4.046956325505313
best rrae= 5.442008529134696
best corr= -0.18288821
best smape= 0.3283359792641861
best objective= 6.186834335327148
best hps= [1, 0.00012, 32, 128, 256, 1024, 30, 0.02, 2, 40, 0.6, 0.1, 3, 1]
best test rse= 5.789293484819545
best test corr= 0.14484178
[Target-Weighted Loss] weights applied: {'us_Trade Weighted Dollar Index': 120.0, 'kr_fx': 120.0, 'jp_fx': 120.0}
[Target-Only Loss] enabled for columns: ['us_Trade Weighted Dollar Index', 'jp_fx', 'kr_fx']
[Bias Penalty] enabled lambda=0.75 scope=focus cols=['us_Trade Weighted Dollar Index', 'jp_fx', 'kr_fx']
iter:  0 | loss: 0.023
iter:  1 | loss: 0.008
iter:  2 | loss: 0.006
iter:  3 | loss: 0.022
iter:  4 | loss: 0.017
iter:  5 | loss: 0.016
iter:  6 | loss: 0.079
iter:  7 | loss: 0.014
iter:  8 | loss: 0.010
iter:  9 | loss: 0.058
iter: 10 | loss: 0.008
iter: 11 | loss: 0.005
iter: 12 | loss: 0.017
iter: 13 | loss: 0.015
iter: 14 | loss: 0.003
iter: 15 | loss: 0.007
iter: 16 | loss: 0.025
iter: 17 | loss: 0.018
iter: 18 | loss: 0.004
iter: 19 | loss: 0.013
iter: 20 | loss: 0.023
iter: 21 | loss: 0.006
iter: 22 | loss: 0.006
iter: 23 | loss: 0.008
testing r= 5
rrse(target)=141.1414405835508 / 34.87594854780834 | rrse(all)=95409439450583.53 / 34622966134154.824 | report_mode=targets
[Validation] per_target_rrse_json={"us_Trade Weighted Dollar Index": 1.9300907850265503, "jp_fx": 13.165909767150879, "kr_fx": 3.4645018577575684}
[Validation] per_target_lag_mae_json={"us_Trade Weighted Dollar Index": 0.4731431305408478, "jp_fx": 1.0168442726135254, "kr_fx": 6.1540751457214355}
[Validation] per_target_dir_mismatch_json={"us_Trade Weighted Dollar Index": 0.6363636363636364, "jp_fx": 0.7272727272727273, "kr_fx": 0.6363636363636364}
| end of epoch  30 | time:  5.69s | train_loss 0.0173 | valid rse 4.0470 | valid rae 5.4420 | valid corr  -0.1829 | valid smape  0.3283 | focus_rrse 6.1868 | obj 6.1868
Experiment: 1
Iter: 0
epoch: 31
hp= [1, 0.00012, 32, 128, 256, 1024, 30, 0.02, 2, 40, 0.6, 0.1, 3, 31]
best sum= 9.671853064459803
best rrse= 4.046956325505313
best rrae= 5.442008529134696
best corr= -0.18288821
best smape= 0.3283359792641861
best objective= 6.186834335327148
best hps= [1, 0.00012, 32, 128, 256, 1024, 30, 0.02, 2, 40, 0.6, 0.1, 3, 1]
best test rse= 5.789293484819545
best test corr= 0.14484178
[Target-Weighted Loss] weights applied: {'us_Trade Weighted Dollar Index': 120.0, 'kr_fx': 120.0, 'jp_fx': 120.0}
[Target-Only Loss] enabled for columns: ['us_Trade Weighted Dollar Index', 'jp_fx', 'kr_fx']
[Bias Penalty] enabled lambda=0.75 scope=focus cols=['us_Trade Weighted Dollar Index', 'jp_fx', 'kr_fx']
iter:  0 | loss: 0.034
iter:  1 | loss: 0.018
iter:  2 | loss: 0.005
iter:  3 | loss: 0.015
iter:  4 | loss: 0.019
iter:  5 | loss: 0.012
iter:  6 | loss: 0.009
iter:  7 | loss: 0.005
iter:  8 | loss: 0.008
iter:  9 | loss: 0.028
iter: 10 | loss: 0.013
iter: 11 | loss: 0.005
iter: 12 | loss: 0.042
iter: 13 | loss: 0.017
iter: 14 | loss: 0.018
iter: 15 | loss: 0.006
iter: 16 | loss: 0.012
iter: 17 | loss: 0.003
iter: 18 | loss: 0.048
iter: 19 | loss: 0.019
iter: 20 | loss: 0.011
iter: 21 | loss: 0.011
iter: 22 | loss: 0.013
iter: 23 | loss: 0.009
testing r= 5
rrse(target)=141.1414405835508 / 34.87594854780834 | rrse(all)=95409439450583.53 / 34622966134154.824 | report_mode=targets
[Validation] per_target_rrse_json={"us_Trade Weighted Dollar Index": 1.9300907850265503, "jp_fx": 13.165909767150879, "kr_fx": 3.4645018577575684}
[Validation] per_target_lag_mae_json={"us_Trade Weighted Dollar Index": 0.4731431305408478, "jp_fx": 1.0168442726135254, "kr_fx": 6.1540751457214355}
[Validation] per_target_dir_mismatch_json={"us_Trade Weighted Dollar Index": 0.6363636363636364, "jp_fx": 0.7272727272727273, "kr_fx": 0.6363636363636364}
| end of epoch  31 | time:  5.79s | train_loss 0.0160 | valid rse 4.0470 | valid rae 5.4420 | valid corr  -0.1829 | valid smape  0.3283 | focus_rrse 6.1868 | obj 6.1868
Experiment: 1
Iter: 0
epoch: 32
hp= [1, 0.00012, 32, 128, 256, 1024, 30, 0.02, 2, 40, 0.6, 0.1, 3, 32]
best sum= 9.671853064459803
best rrse= 4.046956325505313
best rrae= 5.442008529134696
best corr= -0.18288821
best smape= 0.3283359792641861
best objective= 6.186834335327148
best hps= [1, 0.00012, 32, 128, 256, 1024, 30, 0.02, 2, 40, 0.6, 0.1, 3, 1]
best test rse= 5.789293484819545
best test corr= 0.14484178
[Target-Weighted Loss] weights applied: {'us_Trade Weighted Dollar Index': 120.0, 'kr_fx': 120.0, 'jp_fx': 120.0}
[Target-Only Loss] enabled for columns: ['us_Trade Weighted Dollar Index', 'jp_fx', 'kr_fx']
[Bias Penalty] enabled lambda=0.75 scope=focus cols=['us_Trade Weighted Dollar Index', 'jp_fx', 'kr_fx']
iter:  0 | loss: 0.006
iter:  1 | loss: 0.011
iter:  2 | loss: 0.004
iter:  3 | loss: 0.009
iter:  4 | loss: 0.024
iter:  5 | loss: 0.028
iter:  6 | loss: 0.010
iter:  7 | loss: 0.007
iter:  8 | loss: 0.005
iter:  9 | loss: 0.007
iter: 10 | loss: 0.008
iter: 11 | loss: 0.021
iter: 12 | loss: 0.047
iter: 13 | loss: 0.036
iter: 14 | loss: 0.037
iter: 15 | loss: 0.016
iter: 16 | loss: 0.007
iter: 17 | loss: 0.004
iter: 18 | loss: 0.010
iter: 19 | loss: 0.006
iter: 20 | loss: 0.010
iter: 21 | loss: 0.018
iter: 22 | loss: 0.013
iter: 23 | loss: 0.065
testing r= 5
rrse(target)=141.1414405835508 / 34.87594854780834 | rrse(all)=95409439450583.53 / 34622966134154.824 | report_mode=targets
[Validation] per_target_rrse_json={"us_Trade Weighted Dollar Index": 1.9300907850265503, "jp_fx": 13.165909767150879, "kr_fx": 3.4645018577575684}
[Validation] per_target_lag_mae_json={"us_Trade Weighted Dollar Index": 0.4731431305408478, "jp_fx": 1.0168442726135254, "kr_fx": 6.1540751457214355}
[Validation] per_target_dir_mismatch_json={"us_Trade Weighted Dollar Index": 0.6363636363636364, "jp_fx": 0.7272727272727273, "kr_fx": 0.6363636363636364}
| end of epoch  32 | time:  5.72s | train_loss 0.0166 | valid rse 4.0470 | valid rae 5.4420 | valid corr  -0.1829 | valid smape  0.3283 | focus_rrse 6.1868 | obj 6.1868
Experiment: 1
Iter: 0
epoch: 33
hp= [1, 0.00012, 32, 128, 256, 1024, 30, 0.02, 2, 40, 0.6, 0.1, 3, 33]
best sum= 9.671853064459803
best rrse= 4.046956325505313
best rrae= 5.442008529134696
best corr= -0.18288821
best smape= 0.3283359792641861
best objective= 6.186834335327148
best hps= [1, 0.00012, 32, 128, 256, 1024, 30, 0.02, 2, 40, 0.6, 0.1, 3, 1]
best test rse= 5.789293484819545
best test corr= 0.14484178
[Target-Weighted Loss] weights applied: {'us_Trade Weighted Dollar Index': 120.0, 'kr_fx': 120.0, 'jp_fx': 120.0}
[Target-Only Loss] enabled for columns: ['us_Trade Weighted Dollar Index', 'jp_fx', 'kr_fx']
[Bias Penalty] enabled lambda=0.75 scope=focus cols=['us_Trade Weighted Dollar Index', 'jp_fx', 'kr_fx']
iter:  0 | loss: 0.017
iter:  1 | loss: 0.007
iter:  2 | loss: 0.010
iter:  3 | loss: 0.007
iter:  4 | loss: 0.024
iter:  5 | loss: 0.011
iter:  6 | loss: 0.041
iter:  7 | loss: 0.020
iter:  8 | loss: 0.014
iter:  9 | loss: 0.004
iter: 10 | loss: 0.008
iter: 11 | loss: 0.008
iter: 12 | loss: 0.012
iter: 13 | loss: 0.023
iter: 14 | loss: 0.042
iter: 15 | loss: 0.006
iter: 16 | loss: 0.007
iter: 17 | loss: 0.006
iter: 18 | loss: 0.012
iter: 19 | loss: 0.023
iter: 20 | loss: 0.007
iter: 21 | loss: 0.020
iter: 22 | loss: 0.034
iter: 23 | loss: 0.009
testing r= 5
rrse(target)=141.1414405835508 / 34.87594854780834 | rrse(all)=95409439450583.53 / 34622966134154.824 | report_mode=targets
[Validation] per_target_rrse_json={"us_Trade Weighted Dollar Index": 1.9300907850265503, "jp_fx": 13.165909767150879, "kr_fx": 3.4645018577575684}
[Validation] per_target_lag_mae_json={"us_Trade Weighted Dollar Index": 0.4731431305408478, "jp_fx": 1.0168442726135254, "kr_fx": 6.1540751457214355}
[Validation] per_target_dir_mismatch_json={"us_Trade Weighted Dollar Index": 0.6363636363636364, "jp_fx": 0.7272727272727273, "kr_fx": 0.6363636363636364}
| end of epoch  33 | time:  5.67s | train_loss 0.0156 | valid rse 4.0470 | valid rae 5.4420 | valid corr  -0.1829 | valid smape  0.3283 | focus_rrse 6.1868 | obj 6.1868
Experiment: 1
Iter: 0
epoch: 34
hp= [1, 0.00012, 32, 128, 256, 1024, 30, 0.02, 2, 40, 0.6, 0.1, 3, 34]
best sum= 9.671853064459803
best rrse= 4.046956325505313
best rrae= 5.442008529134696
best corr= -0.18288821
best smape= 0.3283359792641861
best objective= 6.186834335327148
best hps= [1, 0.00012, 32, 128, 256, 1024, 30, 0.02, 2, 40, 0.6, 0.1, 3, 1]
best test rse= 5.789293484819545
best test corr= 0.14484178
[Target-Weighted Loss] weights applied: {'us_Trade Weighted Dollar Index': 120.0, 'kr_fx': 120.0, 'jp_fx': 120.0}
[Target-Only Loss] enabled for columns: ['us_Trade Weighted Dollar Index', 'jp_fx', 'kr_fx']
[Bias Penalty] enabled lambda=0.75 scope=focus cols=['us_Trade Weighted Dollar Index', 'jp_fx', 'kr_fx']
iter:  0 | loss: 0.035
iter:  1 | loss: 0.008
iter:  2 | loss: 0.006
iter:  3 | loss: 0.014
iter:  4 | loss: 0.012
iter:  5 | loss: 0.004
iter:  6 | loss: 0.010
iter:  7 | loss: 0.019
iter:  8 | loss: 0.012
iter:  9 | loss: 0.032
iter: 10 | loss: 0.014
iter: 11 | loss: 0.009
iter: 12 | loss: 0.010
iter: 13 | loss: 0.011
iter: 14 | loss: 0.023
iter: 15 | loss: 0.018
iter: 16 | loss: 0.015
iter: 17 | loss: 0.025
iter: 18 | loss: 0.019
iter: 19 | loss: 0.010
iter: 20 | loss: 0.006
iter: 21 | loss: 0.063
iter: 22 | loss: 0.008
iter: 23 | loss: 0.014
testing r= 5
rrse(target)=141.1414405835508 / 34.87594854780834 | rrse(all)=95409439450583.53 / 34622966134154.824 | report_mode=targets
[Validation] per_target_rrse_json={"us_Trade Weighted Dollar Index": 1.9300907850265503, "jp_fx": 13.165909767150879, "kr_fx": 3.4645018577575684}
[Validation] per_target_lag_mae_json={"us_Trade Weighted Dollar Index": 0.4731431305408478, "jp_fx": 1.0168442726135254, "kr_fx": 6.1540751457214355}
[Validation] per_target_dir_mismatch_json={"us_Trade Weighted Dollar Index": 0.6363636363636364, "jp_fx": 0.7272727272727273, "kr_fx": 0.6363636363636364}
| end of epoch  34 | time:  5.63s | train_loss 0.0166 | valid rse 4.0470 | valid rae 5.4420 | valid corr  -0.1829 | valid smape  0.3283 | focus_rrse 6.1868 | obj 6.1868
Experiment: 1
Iter: 0
epoch: 35
hp= [1, 0.00012, 32, 128, 256, 1024, 30, 0.02, 2, 40, 0.6, 0.1, 3, 35]
best sum= 9.671853064459803
best rrse= 4.046956325505313
best rrae= 5.442008529134696
best corr= -0.18288821
best smape= 0.3283359792641861
best objective= 6.186834335327148
best hps= [1, 0.00012, 32, 128, 256, 1024, 30, 0.02, 2, 40, 0.6, 0.1, 3, 1]
best test rse= 5.789293484819545
best test corr= 0.14484178
[Target-Weighted Loss] weights applied: {'us_Trade Weighted Dollar Index': 120.0, 'kr_fx': 120.0, 'jp_fx': 120.0}
[Target-Only Loss] enabled for columns: ['us_Trade Weighted Dollar Index', 'jp_fx', 'kr_fx']
[Bias Penalty] enabled lambda=0.75 scope=focus cols=['us_Trade Weighted Dollar Index', 'jp_fx', 'kr_fx']
iter:  0 | loss: 0.004
iter:  1 | loss: 0.011
iter:  2 | loss: 0.032
iter:  3 | loss: 0.024
iter:  4 | loss: 0.019
iter:  5 | loss: 0.026
iter:  6 | loss: 0.032
iter:  7 | loss: 0.014
iter:  8 | loss: 0.017
iter:  9 | loss: 0.004
iter: 10 | loss: 0.014
iter: 11 | loss: 0.005
iter: 12 | loss: 0.013
iter: 13 | loss: 0.017
iter: 14 | loss: 0.039
iter: 15 | loss: 0.004
iter: 16 | loss: 0.016
iter: 17 | loss: 0.005
iter: 18 | loss: 0.021
iter: 19 | loss: 0.005
iter: 20 | loss: 0.005
iter: 21 | loss: 0.006
iter: 22 | loss: 0.022
iter: 23 | loss: 0.009
testing r= 5
rrse(target)=141.1414405835508 / 34.87594854780834 | rrse(all)=95409439450583.53 / 34622966134154.824 | report_mode=targets
[Validation] per_target_rrse_json={"us_Trade Weighted Dollar Index": 1.9300907850265503, "jp_fx": 13.165909767150879, "kr_fx": 3.4645018577575684}
[Validation] per_target_lag_mae_json={"us_Trade Weighted Dollar Index": 0.4731431305408478, "jp_fx": 1.0168442726135254, "kr_fx": 6.1540751457214355}
[Validation] per_target_dir_mismatch_json={"us_Trade Weighted Dollar Index": 0.6363636363636364, "jp_fx": 0.7272727272727273, "kr_fx": 0.6363636363636364}
| end of epoch  35 | time:  5.75s | train_loss 0.0152 | valid rse 4.0470 | valid rae 5.4420 | valid corr  -0.1829 | valid smape  0.3283 | focus_rrse 6.1868 | obj 6.1868
Experiment: 1
Iter: 0
epoch: 36
hp= [1, 0.00012, 32, 128, 256, 1024, 30, 0.02, 2, 40, 0.6, 0.1, 3, 36]
best sum= 9.671853064459803
best rrse= 4.046956325505313
best rrae= 5.442008529134696
best corr= -0.18288821
best smape= 0.3283359792641861
best objective= 6.186834335327148
best hps= [1, 0.00012, 32, 128, 256, 1024, 30, 0.02, 2, 40, 0.6, 0.1, 3, 1]
best test rse= 5.789293484819545
best test corr= 0.14484178
[Target-Weighted Loss] weights applied: {'us_Trade Weighted Dollar Index': 120.0, 'kr_fx': 120.0, 'jp_fx': 120.0}
[Target-Only Loss] enabled for columns: ['us_Trade Weighted Dollar Index', 'jp_fx', 'kr_fx']
[Bias Penalty] enabled lambda=0.75 scope=focus cols=['us_Trade Weighted Dollar Index', 'jp_fx', 'kr_fx']
iter:  0 | loss: 0.004
iter:  1 | loss: 0.021
iter:  2 | loss: 0.024
iter:  3 | loss: 0.005
iter:  4 | loss: 0.029
iter:  5 | loss: 0.007
iter:  6 | loss: 0.037
iter:  7 | loss: 0.007
iter:  8 | loss: 0.005
iter:  9 | loss: 0.027
iter: 10 | loss: 0.011
iter: 11 | loss: 0.014
iter: 12 | loss: 0.016
iter: 13 | loss: 0.015
iter: 14 | loss: 0.022
iter: 15 | loss: 0.010
iter: 16 | loss: 0.029
iter: 17 | loss: 0.007
iter: 18 | loss: 0.031
iter: 19 | loss: 0.006
iter: 20 | loss: 0.028
iter: 21 | loss: 0.014
iter: 22 | loss: 0.011
iter: 23 | loss: 0.007
testing r= 5
rrse(target)=141.1414405835508 / 34.87594854780834 | rrse(all)=95409439450583.53 / 34622966134154.824 | report_mode=targets
[Validation] per_target_rrse_json={"us_Trade Weighted Dollar Index": 1.9300907850265503, "jp_fx": 13.165909767150879, "kr_fx": 3.4645018577575684}
[Validation] per_target_lag_mae_json={"us_Trade Weighted Dollar Index": 0.4731431305408478, "jp_fx": 1.0168442726135254, "kr_fx": 6.1540751457214355}
[Validation] per_target_dir_mismatch_json={"us_Trade Weighted Dollar Index": 0.6363636363636364, "jp_fx": 0.7272727272727273, "kr_fx": 0.6363636363636364}
| end of epoch  36 | time:  5.73s | train_loss 0.0163 | valid rse 4.0470 | valid rae 5.4420 | valid corr  -0.1829 | valid smape  0.3283 | focus_rrse 6.1868 | obj 6.1868
Experiment: 1
Iter: 0
epoch: 37
hp= [1, 0.00012, 32, 128, 256, 1024, 30, 0.02, 2, 40, 0.6, 0.1, 3, 37]
best sum= 9.671853064459803
best rrse= 4.046956325505313
best rrae= 5.442008529134696
best corr= -0.18288821
best smape= 0.3283359792641861
best objective= 6.186834335327148
best hps= [1, 0.00012, 32, 128, 256, 1024, 30, 0.02, 2, 40, 0.6, 0.1, 3, 1]
best test rse= 5.789293484819545
best test corr= 0.14484178
[Target-Weighted Loss] weights applied: {'us_Trade Weighted Dollar Index': 120.0, 'kr_fx': 120.0, 'jp_fx': 120.0}
[Target-Only Loss] enabled for columns: ['us_Trade Weighted Dollar Index', 'jp_fx', 'kr_fx']
[Bias Penalty] enabled lambda=0.75 scope=focus cols=['us_Trade Weighted Dollar Index', 'jp_fx', 'kr_fx']
iter:  0 | loss: 0.006
iter:  1 | loss: 0.023
iter:  2 | loss: 0.022
iter:  3 | loss: 0.013
iter:  4 | loss: 0.028
iter:  5 | loss: 0.006
iter:  6 | loss: 0.006
iter:  7 | loss: 0.027
iter:  8 | loss: 0.004
iter:  9 | loss: 0.064
iter: 10 | loss: 0.004
iter: 11 | loss: 0.005
iter: 12 | loss: 0.020
iter: 13 | loss: 0.031
iter: 14 | loss: 0.005
iter: 15 | loss: 0.022
iter: 16 | loss: 0.012
iter: 17 | loss: 0.019
iter: 18 | loss: 0.047
iter: 19 | loss: 0.009
iter: 20 | loss: 0.008
iter: 21 | loss: 0.005
iter: 22 | loss: 0.007
iter: 23 | loss: 0.018
testing r= 5
rrse(target)=141.1414405835508 / 34.87594854780834 | rrse(all)=95409439450583.53 / 34622966134154.824 | report_mode=targets
[Validation] per_target_rrse_json={"us_Trade Weighted Dollar Index": 1.9300907850265503, "jp_fx": 13.165909767150879, "kr_fx": 3.4645018577575684}
[Validation] per_target_lag_mae_json={"us_Trade Weighted Dollar Index": 0.4731431305408478, "jp_fx": 1.0168442726135254, "kr_fx": 6.1540751457214355}
[Validation] per_target_dir_mismatch_json={"us_Trade Weighted Dollar Index": 0.6363636363636364, "jp_fx": 0.7272727272727273, "kr_fx": 0.6363636363636364}
| end of epoch  37 | time:  5.76s | train_loss 0.0171 | valid rse 4.0470 | valid rae 5.4420 | valid corr  -0.1829 | valid smape  0.3283 | focus_rrse 6.1868 | obj 6.1868
Experiment: 1
Iter: 0
epoch: 38
hp= [1, 0.00012, 32, 128, 256, 1024, 30, 0.02, 2, 40, 0.6, 0.1, 3, 38]
best sum= 9.671853064459803
best rrse= 4.046956325505313
best rrae= 5.442008529134696
best corr= -0.18288821
best smape= 0.3283359792641861
best objective= 6.186834335327148
best hps= [1, 0.00012, 32, 128, 256, 1024, 30, 0.02, 2, 40, 0.6, 0.1, 3, 1]
best test rse= 5.789293484819545
best test corr= 0.14484178
[Target-Weighted Loss] weights applied: {'us_Trade Weighted Dollar Index': 120.0, 'kr_fx': 120.0, 'jp_fx': 120.0}
[Target-Only Loss] enabled for columns: ['us_Trade Weighted Dollar Index', 'jp_fx', 'kr_fx']
[Bias Penalty] enabled lambda=0.75 scope=focus cols=['us_Trade Weighted Dollar Index', 'jp_fx', 'kr_fx']
iter:  0 | loss: 0.028
iter:  1 | loss: 0.017
iter:  2 | loss: 0.011
iter:  3 | loss: 0.024
iter:  4 | loss: 0.008
iter:  5 | loss: 0.004
iter:  6 | loss: 0.007
iter:  7 | loss: 0.016
iter:  8 | loss: 0.003
iter:  9 | loss: 0.037
iter: 10 | loss: 0.005
iter: 11 | loss: 0.004
iter: 12 | loss: 0.006
iter: 13 | loss: 0.042
iter: 14 | loss: 0.004
iter: 15 | loss: 0.044
iter: 16 | loss: 0.019
iter: 17 | loss: 0.027
iter: 18 | loss: 0.042
iter: 19 | loss: 0.016
iter: 20 | loss: 0.006
iter: 21 | loss: 0.008
iter: 22 | loss: 0.004
iter: 23 | loss: 0.016
testing r= 5
rrse(target)=141.1414405835508 / 34.87594854780834 | rrse(all)=95409439450583.53 / 34622966134154.824 | report_mode=targets
[Validation] per_target_rrse_json={"us_Trade Weighted Dollar Index": 1.9300907850265503, "jp_fx": 13.165909767150879, "kr_fx": 3.4645018577575684}
[Validation] per_target_lag_mae_json={"us_Trade Weighted Dollar Index": 0.4731431305408478, "jp_fx": 1.0168442726135254, "kr_fx": 6.1540751457214355}
[Validation] per_target_dir_mismatch_json={"us_Trade Weighted Dollar Index": 0.6363636363636364, "jp_fx": 0.7272727272727273, "kr_fx": 0.6363636363636364}
| end of epoch  38 | time:  5.83s | train_loss 0.0166 | valid rse 4.0470 | valid rae 5.4420 | valid corr  -0.1829 | valid smape  0.3283 | focus_rrse 6.1868 | obj 6.1868
Experiment: 1
Iter: 0
epoch: 39
hp= [1, 0.00012, 32, 128, 256, 1024, 30, 0.02, 2, 40, 0.6, 0.1, 3, 39]
best sum= 9.671853064459803
best rrse= 4.046956325505313
best rrae= 5.442008529134696
best corr= -0.18288821
best smape= 0.3283359792641861
best objective= 6.186834335327148
best hps= [1, 0.00012, 32, 128, 256, 1024, 30, 0.02, 2, 40, 0.6, 0.1, 3, 1]
best test rse= 5.789293484819545
best test corr= 0.14484178
[Target-Weighted Loss] weights applied: {'us_Trade Weighted Dollar Index': 120.0, 'kr_fx': 120.0, 'jp_fx': 120.0}
[Target-Only Loss] enabled for columns: ['us_Trade Weighted Dollar Index', 'jp_fx', 'kr_fx']
[Bias Penalty] enabled lambda=0.75 scope=focus cols=['us_Trade Weighted Dollar Index', 'jp_fx', 'kr_fx']
iter:  0 | loss: 0.019
iter:  1 | loss: 0.037
iter:  2 | loss: 0.012
iter:  3 | loss: 0.004
iter:  4 | loss: 0.017
iter:  5 | loss: 0.004
iter:  6 | loss: 0.034
iter:  7 | loss: 0.011
iter:  8 | loss: 0.037
iter:  9 | loss: 0.030
iter: 10 | loss: 0.020
iter: 11 | loss: 0.004
iter: 12 | loss: 0.020
iter: 13 | loss: 0.006
iter: 14 | loss: 0.017
iter: 15 | loss: 0.013
iter: 16 | loss: 0.034
iter: 17 | loss: 0.008
iter: 18 | loss: 0.013
iter: 19 | loss: 0.007
iter: 20 | loss: 0.004
iter: 21 | loss: 0.004
iter: 22 | loss: 0.016
iter: 23 | loss: 0.027
testing r= 5
rrse(target)=141.1414405835508 / 34.87594854780834 | rrse(all)=95409439450583.53 / 34622966134154.824 | report_mode=targets
[Validation] per_target_rrse_json={"us_Trade Weighted Dollar Index": 1.9300907850265503, "jp_fx": 13.165909767150879, "kr_fx": 3.4645018577575684}
[Validation] per_target_lag_mae_json={"us_Trade Weighted Dollar Index": 0.4731431305408478, "jp_fx": 1.0168442726135254, "kr_fx": 6.1540751457214355}
[Validation] per_target_dir_mismatch_json={"us_Trade Weighted Dollar Index": 0.6363636363636364, "jp_fx": 0.7272727272727273, "kr_fx": 0.6363636363636364}
| end of epoch  39 | time:  5.56s | train_loss 0.0165 | valid rse 4.0470 | valid rae 5.4420 | valid corr  -0.1829 | valid smape  0.3283 | focus_rrse 6.1868 | obj 6.1868
Experiment: 1
Iter: 0
epoch: 40
hp= [1, 0.00012, 32, 128, 256, 1024, 30, 0.02, 2, 40, 0.6, 0.1, 3, 40]
best sum= 9.671853064459803
best rrse= 4.046956325505313
best rrae= 5.442008529134696
best corr= -0.18288821
best smape= 0.3283359792641861
best objective= 6.186834335327148
best hps= [1, 0.00012, 32, 128, 256, 1024, 30, 0.02, 2, 40, 0.6, 0.1, 3, 1]
best test rse= 5.789293484819545
best test corr= 0.14484178
[Target-Weighted Loss] weights applied: {'us_Trade Weighted Dollar Index': 120.0, 'kr_fx': 120.0, 'jp_fx': 120.0}
[Target-Only Loss] enabled for columns: ['us_Trade Weighted Dollar Index', 'jp_fx', 'kr_fx']
[Bias Penalty] enabled lambda=0.75 scope=focus cols=['us_Trade Weighted Dollar Index', 'jp_fx', 'kr_fx']
iter:  0 | loss: 0.018
iter:  1 | loss: 0.008
iter:  2 | loss: 0.009
iter:  3 | loss: 0.009
iter:  4 | loss: 0.019
iter:  5 | loss: 0.020
iter:  6 | loss: 0.010
iter:  7 | loss: 0.033
iter:  8 | loss: 0.007
iter:  9 | loss: 0.013
iter: 10 | loss: 0.032
iter: 11 | loss: 0.038
iter: 12 | loss: 0.003
iter: 13 | loss: 0.015
iter: 14 | loss: 0.015
iter: 15 | loss: 0.009
iter: 16 | loss: 0.038
iter: 17 | loss: 0.007
iter: 18 | loss: 0.007
iter: 19 | loss: 0.020
iter: 20 | loss: 0.007
iter: 21 | loss: 0.010
iter: 22 | loss: 0.013
iter: 23 | loss: 0.020
testing r= 5
rrse(target)=141.1414405835508 / 34.87594854780834 | rrse(all)=95409439450583.53 / 34622966134154.824 | report_mode=targets
[Validation] per_target_rrse_json={"us_Trade Weighted Dollar Index": 1.9300907850265503, "jp_fx": 13.165909767150879, "kr_fx": 3.4645018577575684}
[Validation] per_target_lag_mae_json={"us_Trade Weighted Dollar Index": 0.4731431305408478, "jp_fx": 1.0168442726135254, "kr_fx": 6.1540751457214355}
[Validation] per_target_dir_mismatch_json={"us_Trade Weighted Dollar Index": 0.6363636363636364, "jp_fx": 0.7272727272727273, "kr_fx": 0.6363636363636364}
| end of epoch  40 | time:  5.68s | train_loss 0.0158 | valid rse 4.0470 | valid rae 5.4420 | valid corr  -0.1829 | valid smape  0.3283 | focus_rrse 6.1868 | obj 6.1868
best val loss= 9.671853064459803
best hps= [1, 0.00012, 32, 128, 256, 1024, 30, 0.02, 2, 40, 0.6, 0.1, 3, 1]
testing r= 5
rrse(target)=141.1414405835508 / 34.87594854780834 | rrse(all)=95409439450583.53 / 34622966134154.824 | report_mode=targets
[Validation] per_target_rrse_json={"us_Trade Weighted Dollar Index": 1.9300907850265503, "jp_fx": 13.165909767150879, "kr_fx": 3.4645018577575684}
[Validation] per_target_lag_mae_json={"us_Trade Weighted Dollar Index": 0.4731431305408478, "jp_fx": 1.0168442726135254, "kr_fx": 6.1540751457214355}
[Validation] per_target_dir_mismatch_json={"us_Trade Weighted Dollar Index": 0.6363636363636364, "jp_fx": 0.7272727272727273, "kr_fx": 0.6363636363636364}
[debias] mode=val_mean_error apply_to=focus offset={'us_Trade Weighted Dollar Index': 0.9934940338134766, 'jp_fx': -21.70021629333496, 'kr_fx': -30.08785057067871}
testing r= 5
rrse(target)=58.2659916353442 / 34.87594854780834 | rrse(all)=95409439450583.53 / 34622966134154.824 | report_mode=targets
[Validation] per_target_rrse_json={"us_Trade Weighted Dollar Index": 1.3921130895614624, "jp_fx": 1.9413762092590332, "kr_fx": 1.663798451423645}
[Validation] per_target_lag_mae_json={"us_Trade Weighted Dollar Index": 0.4731431305408478, "jp_fx": 1.0168442726135254, "kr_fx": 6.1540751457214355}
[Validation] per_target_dir_mismatch_json={"us_Trade Weighted Dollar Index": 0.6363636363636364, "jp_fx": 0.7272727272727273, "kr_fx": 0.6363636363636364}
testing r= 5
rrse(target)=401.7918070966604 / 87.05327089004898 | rrse(all)=33339180615348.223 / 13118448721317.795 | report_mode=targets
[Testing] per_target_rrse_json={"us_Trade Weighted Dollar Index": 5.956701278686523, "jp_fx": 3.5215017795562744, "kr_fx": 4.623615741729736}
[Testing] per_target_lag_mae_json={"us_Trade Weighted Dollar Index": 0.6395021080970764, "jp_fx": 0.9399774670600891, "kr_fx": 8.984097480773926}
[Testing] per_target_dir_mismatch_json={"us_Trade Weighted Dollar Index": 0.8181818181818182, "jp_fx": 0.45454545454545453, "kr_fx": 0.45454545454545453}
********************************************************************************************************
final test rse 4.6155 | test rae 5.4120 | test corr 0.1448 | test smape 0.3026
********************************************************************************************************



1 run average



valid	rse	rae
mean	1.6707	1.7230
std	0.0000	0.0000



test	rse	rae
mean	4.6155	5.4120
std	0.0000	0.0000
