CUDA not available, using CPU
[split-cutoff] enforced=1 forbidden_year>=2025 allowed_rows=168/180 train_rows=156 valid_rows=12 last_allowed=24.Dec
Loading data from /Users/samrobert/Documents/GitHub/Exchangeprediction/Cyber-trend-forecasting-main 3/B-MTGNN/data/sm_data.csv...
Data loaded and converted to numeric successfully.
Graph loaded with 1 attacks...
33 columns loaded
Adjacency created...
train X: torch.Size([107, 48, 33])
train Y: torch.Size([107, 1, 33])
valid X: torch.Size([11, 48, 33])
valid Y: torch.Size([11, 1, 33])
test X: torch.Size([11, 48, 33])
test Y: torch.Size([11, 1, 33])
test window: torch.Size([60, 33])
length of training set= 107
length of validation set= 11
length of testing set= 11
valid= 168
Auto-detected num_nodes: 33
Namespace(data='/Users/samrobert/Documents/GitHub/Exchangeprediction/Cyber-trend-forecasting-main 3/B-MTGNN/data/sm_data.csv', log_interval=2000, save='/Users/samrobert/Documents/GitHub/Exchangeprediction/Cyber-trend-forecasting-main 3/B-MTGNN/tuning_runs_v2/20260221_095818/checkpoints/model_004.pt', optim='adam', L1Loss=True, loss_mode='mse', normalize=2, device='cuda:1', gcn_true=False, buildA_true=False, use_graph=0, gcn_depth=1, num_nodes=33, dropout=0.03, subgraph_size=40, node_dim=40, dilation_exponential=2, conv_channels=16, residual_channels=128, skip_channels=256, end_channels=1024, in_dim=1, seq_in_len=48, seq_out_len=1, horizon=1, layers=2, batch_size=4, lr=0.00018150000000000002, weight_decay=1e-05, clip=10, propalpha=0.6, tanhalpha=0.1, epochs=2, num_split=1, step_size=100, ss_prob=0.07, train_ratio=0.8666666667, valid_ratio=0.0666666667, focus_targets=1, focus_nodes='us_Trade Weighted Dollar Index,jp_fx,kr_fx', focus_weight=1.0, focus_target_gain=64.39999999999999, focus_only_loss=1, focus_rrse_mode='max', anchor_focus_to_last=0.2, rse_targets='Us_Trade Weighted Dollar Index_Testing.txt,Jp_fx_Testing.txt,Kr_fx_Testing.txt', rse_report_mode='targets', debias_mode='none', debias_apply_to='focus', bias_penalty=0.5, bias_penalty_scope='focus', plot_focus_only=0, debug_eval=0, rollout_mode='recursive', seed=777, plot=0, enforce_cutoff_split=1, cutoff_year_yy=25, min_valid_months=12, lag_penalty_1step=1.6, lag_sign_penalty=0.39999999999999997, clean_cache=0, autotune_mode=1, apply_best_tuning=0, eval_best_tuning=0, target_profile='none', best_tuning_checkpoint='')
The recpetive field size is 19
Number of model parameters is 1602913
begin training
Experiment: 1
Iter: 0
epoch: 1
hp= [1, 0.00018150000000000002, 16, 128, 256, 1024, 40, 0.03, 2, 40, 0.6, 0.1, 2, 1]
best sum= 10000000
best rrse= 10000000
best rrae= 10000000
best corr= -10000000
best smape= 10000000
best objective= 10000000
best hps= []
best test rse= 10000000
best test corr= -10000000
[Target-Weighted Loss] weights applied: {'us_Trade Weighted Dollar Index': 64.4000015258789, 'kr_fx': 64.4000015258789, 'jp_fx': 64.4000015258789}
[Target-Only Loss] enabled for columns: ['us_Trade Weighted Dollar Index', 'jp_fx', 'kr_fx']
[Bias Penalty] enabled lambda=0.5 scope=focus cols=['us_Trade Weighted Dollar Index', 'jp_fx', 'kr_fx']
iter:  0 | loss: 0.037
iter:  1 | loss: 0.040
iter:  2 | loss: 0.018
iter:  3 | loss: 0.026
iter:  4 | loss: 0.018
iter:  5 | loss: 0.015
iter:  6 | loss: 0.023
iter:  7 | loss: 0.027
iter:  8 | loss: 0.022
iter:  9 | loss: 0.023
iter: 10 | loss: 0.021
iter: 11 | loss: 0.025
iter: 12 | loss: 0.026
iter: 13 | loss: 0.040
iter: 14 | loss: 0.028
iter: 15 | loss: 0.043
iter: 16 | loss: 0.028
iter: 17 | loss: 0.030
iter: 18 | loss: 0.020
iter: 19 | loss: 0.025
iter: 20 | loss: 0.018
iter: 21 | loss: 0.016
iter: 22 | loss: 0.016
iter: 23 | loss: 0.016
iter: 24 | loss: 0.022
iter: 25 | loss: 0.020
iter: 26 | loss: 0.055
testing r= 5
rrse(target)=139.9457414388698 / 34.87594854780834 | rrse(all)=79399106883719.42 / 34622966134154.824 | report_mode=targets
| end of epoch   1 | time:  4.75s | train_loss 0.0255 | valid rse 4.0127 | valid rae 5.4157 | valid corr  0.4854 | valid smape  0.3202 | focus_rrse 11.3131 | obj 11.3131
testing r= 5
rrse(target)=366.64230269432903 / 87.05327089004898 | rrse(all)=47027332099474.98 / 13118448721317.795 | report_mode=targets
********************************************************************************************************
test rse 4.2117 | test rae 4.8226 | test corr 0.2478| test smape 0.2766 | test focus_rrse 4.2285
********************************************************************************************************
Experiment: 1
Iter: 0
epoch: 2
hp= [1, 0.00018150000000000002, 16, 128, 256, 1024, 40, 0.03, 2, 40, 0.6, 0.1, 2, 2]
best sum= 8.942937809988152
best rrse= 4.012671977854039
best rrae= 5.415673750825747
best corr= 0.48540792
best smape= 0.3201695701419167
best objective= 11.313135147094727
best hps= [1, 0.00018150000000000002, 16, 128, 256, 1024, 40, 0.03, 2, 40, 0.6, 0.1, 2, 1]
best test rse= 4.21170047886437
best test corr= 0.2477792
[Target-Weighted Loss] weights applied: {'us_Trade Weighted Dollar Index': 64.4000015258789, 'kr_fx': 64.4000015258789, 'jp_fx': 64.4000015258789}
[Target-Only Loss] enabled for columns: ['us_Trade Weighted Dollar Index', 'jp_fx', 'kr_fx']
[Bias Penalty] enabled lambda=0.5 scope=focus cols=['us_Trade Weighted Dollar Index', 'jp_fx', 'kr_fx']
iter:  0 | loss: 0.051
iter:  1 | loss: 0.016
iter:  2 | loss: 0.018
iter:  3 | loss: 0.020
iter:  4 | loss: 0.027
iter:  5 | loss: 0.020
iter:  6 | loss: 0.026
iter:  7 | loss: 0.041
iter:  8 | loss: 0.026
iter:  9 | loss: 0.016
iter: 10 | loss: 0.014
iter: 11 | loss: 0.013
iter: 12 | loss: 0.046
iter: 13 | loss: 0.030
iter: 14 | loss: 0.032
iter: 15 | loss: 0.013
iter: 16 | loss: 0.017
iter: 17 | loss: 0.032
iter: 18 | loss: 0.017
iter: 19 | loss: 0.027
iter: 20 | loss: 0.032
iter: 21 | loss: 0.035
iter: 22 | loss: 0.014
iter: 23 | loss: 0.041
iter: 24 | loss: 0.016
iter: 25 | loss: 0.019
iter: 26 | loss: 0.018
testing r= 5
rrse(target)=137.71679641795694 / 34.87594854780834 | rrse(all)=79182924700683.4 / 34622966134154.824 | report_mode=targets
| end of epoch   2 | time:  5.00s | train_loss 0.0252 | valid rse 3.9488 | valid rae 5.3373 | valid corr  0.4838 | valid smape  0.3197 | focus_rrse 11.2633 | obj 11.2633
testing r= 5
rrse(target)=366.38009634804126 / 87.05327089004898 | rrse(all)=46828795591481.06 / 13118448721317.795 | report_mode=targets
********************************************************************************************************
test rse 4.2087 | test rae 4.8197 | test corr 0.2480| test smape 0.2770 | test focus_rrse 4.2254
********************************************************************************************************
best val loss= 8.80228788515819
best hps= [1, 0.00018150000000000002, 16, 128, 256, 1024, 40, 0.03, 2, 40, 0.6, 0.1, 2, 2]
testing r= 5
rrse(target)=138.26027030116063 / 34.87594854780834 | rrse(all)=79300002095593.31 / 34622966134154.824 | report_mode=targets
testing r= 5
rrse(target)=365.30173743769683 / 87.05327089004898 | rrse(all)=46801515857686.64 / 13118448721317.795 | report_mode=targets
********************************************************************************************************
final test rse 4.1963 | test rae 4.8077 | test corr 0.2536 | test smape 0.2768
********************************************************************************************************



1 run average



valid	rse	rae
mean	3.9643	5.3601
std	0.0000	0.0000



test	rse	rae
mean	4.1963	4.8077
std	0.0000	0.0000
