CUDA not available, using CPU
[split-cutoff] enforced=1 forbidden_year>=2025 allowed_rows=168/180 train_rows=156 valid_rows=12 last_allowed=24.Dec
Loading data from /Users/samrobert/Documents/GitHub/Exchangeprediction/Cyber-trend-forecasting-main 3/B-MTGNN/data/sm_data.csv...
Data loaded and converted to numeric successfully.
Graph loaded with 1 attacks...
33 columns loaded
Adjacency created...
train X: torch.Size([107, 48, 33])
train Y: torch.Size([107, 1, 33])
valid X: torch.Size([11, 48, 33])
valid Y: torch.Size([11, 1, 33])
test X: torch.Size([11, 48, 33])
test Y: torch.Size([11, 1, 33])
test window: torch.Size([60, 33])
length of training set= 107
length of validation set= 11
length of testing set= 11
valid= 168
Auto-detected num_nodes: 33
Namespace(data='/Users/samrobert/Documents/GitHub/Exchangeprediction/Cyber-trend-forecasting-main 3/B-MTGNN/data/sm_data.csv', log_interval=2000, save='/Users/samrobert/Documents/GitHub/Exchangeprediction/Cyber-trend-forecasting-main 3/B-MTGNN/tuning_runs_v2/20260221_095818/checkpoints/model_003.pt', optim='adam', L1Loss=True, loss_mode='mse', normalize=2, device='cuda:1', gcn_true=False, buildA_true=False, use_graph=0, gcn_depth=1, num_nodes=33, dropout=0.05, subgraph_size=40, node_dim=40, dilation_exponential=2, conv_channels=16, residual_channels=128, skip_channels=256, end_channels=1024, in_dim=1, seq_in_len=48, seq_out_len=1, horizon=1, layers=2, batch_size=4, lr=0.000165, weight_decay=1e-05, clip=10, propalpha=0.6, tanhalpha=0.1, epochs=2, num_split=1, step_size=100, ss_prob=0.08, train_ratio=0.8666666667, valid_ratio=0.0666666667, focus_targets=1, focus_nodes='us_Trade Weighted Dollar Index,jp_fx,kr_fx', focus_weight=1.0, focus_target_gain=47.6, focus_only_loss=1, focus_rrse_mode='max', anchor_focus_to_last=0.16000000000000003, rse_targets='Us_Trade Weighted Dollar Index_Testing.txt,Jp_fx_Testing.txt,Kr_fx_Testing.txt', rse_report_mode='targets', debias_mode='none', debias_apply_to='focus', bias_penalty=0.30000000000000004, bias_penalty_scope='focus', plot_focus_only=0, debug_eval=0, rollout_mode='recursive', seed=777, plot=0, enforce_cutoff_split=1, cutoff_year_yy=25, min_valid_months=12, lag_penalty_1step=0.7999999999999999, lag_sign_penalty=0.7, clean_cache=0, autotune_mode=1, apply_best_tuning=0, eval_best_tuning=0, target_profile='none', best_tuning_checkpoint='')
The recpetive field size is 19
Number of model parameters is 1602913
begin training
Experiment: 1
Iter: 0
epoch: 1
hp= [1, 0.000165, 16, 128, 256, 1024, 40, 0.05, 2, 40, 0.6, 0.1, 2, 1]
best sum= 10000000
best rrse= 10000000
best rrae= 10000000
best corr= -10000000
best smape= 10000000
best objective= 10000000
best hps= []
best test rse= 10000000
best test corr= -10000000
[Target-Weighted Loss] weights applied: {'us_Trade Weighted Dollar Index': 47.599998474121094, 'kr_fx': 47.599998474121094, 'jp_fx': 47.599998474121094}
[Target-Only Loss] enabled for columns: ['us_Trade Weighted Dollar Index', 'jp_fx', 'kr_fx']
[Bias Penalty] enabled lambda=0.30000000000000004 scope=focus cols=['us_Trade Weighted Dollar Index', 'jp_fx', 'kr_fx']
iter:  0 | loss: 0.027
iter:  1 | loss: 0.032
iter:  2 | loss: 0.013
iter:  3 | loss: 0.020
iter:  4 | loss: 0.013
iter:  5 | loss: 0.011
iter:  6 | loss: 0.018
iter:  7 | loss: 0.020
iter:  8 | loss: 0.017
iter:  9 | loss: 0.018
iter: 10 | loss: 0.016
iter: 11 | loss: 0.018
iter: 12 | loss: 0.021
iter: 13 | loss: 0.032
iter: 14 | loss: 0.023
iter: 15 | loss: 0.035
iter: 16 | loss: 0.022
iter: 17 | loss: 0.023
iter: 18 | loss: 0.014
iter: 19 | loss: 0.018
iter: 20 | loss: 0.011
iter: 21 | loss: 0.011
iter: 22 | loss: 0.011
iter: 23 | loss: 0.009
iter: 24 | loss: 0.017
iter: 25 | loss: 0.014
iter: 26 | loss: 0.044
testing r= 5
rrse(target)=190.4647277056831 / 34.87594854780834 | rrse(all)=85440669510929.66 / 34622966134154.824 | report_mode=targets
| end of epoch   1 | time:  4.72s | train_loss 0.0194 | valid rse 5.4612 | valid rae 7.2781 | valid corr  0.5026 | valid smape  0.3227 | focus_rrse 12.6628 | obj 12.6628
testing r= 5
rrse(target)=387.4511461139327 / 87.05327089004898 | rrse(all)=59306043119779.16 / 13118448721317.795 | report_mode=targets
********************************************************************************************************
test rse 4.4507 | test rae 5.1406 | test corr 0.2447| test smape 0.2841 | test focus_rrse 4.4668
********************************************************************************************************
Experiment: 1
Iter: 0
epoch: 2
hp= [1, 0.000165, 16, 128, 256, 1024, 40, 0.05, 2, 40, 0.6, 0.1, 2, 2]
best sum= 12.236675094037276
best rrse= 5.461205662824967
best rrae= 7.278104254534605
best corr= 0.5026348
best smape= 0.3226757323625451
best objective= 12.662750244140625
best hps= [1, 0.000165, 16, 128, 256, 1024, 40, 0.05, 2, 40, 0.6, 0.1, 2, 1]
best test rse= 4.450736223378621
best test corr= 0.24468575
[Target-Weighted Loss] weights applied: {'us_Trade Weighted Dollar Index': 47.599998474121094, 'kr_fx': 47.599998474121094, 'jp_fx': 47.599998474121094}
[Target-Only Loss] enabled for columns: ['us_Trade Weighted Dollar Index', 'jp_fx', 'kr_fx']
[Bias Penalty] enabled lambda=0.30000000000000004 scope=focus cols=['us_Trade Weighted Dollar Index', 'jp_fx', 'kr_fx']
iter:  0 | loss: 0.041
iter:  1 | loss: 0.011
iter:  2 | loss: 0.013
iter:  3 | loss: 0.015
iter:  4 | loss: 0.020
iter:  5 | loss: 0.015
iter:  6 | loss: 0.020
iter:  7 | loss: 0.032
iter:  8 | loss: 0.020
iter:  9 | loss: 0.011
iter: 10 | loss: 0.009
iter: 11 | loss: 0.008
iter: 12 | loss: 0.037
iter: 13 | loss: 0.024
iter: 14 | loss: 0.026
iter: 15 | loss: 0.010
iter: 16 | loss: 0.012
iter: 17 | loss: 0.024
iter: 18 | loss: 0.011
iter: 19 | loss: 0.021
iter: 20 | loss: 0.025
iter: 21 | loss: 0.029
iter: 22 | loss: 0.009
iter: 23 | loss: 0.032
iter: 24 | loss: 0.011
iter: 25 | loss: 0.014
iter: 26 | loss: 0.012
testing r= 5
rrse(target)=187.73732896656435 / 34.87594854780834 | rrse(all)=85055268138134.83 / 34622966134154.824 | report_mode=targets
| end of epoch   2 | time:  4.90s | train_loss 0.0189 | valid rse 5.3830 | valid rae 7.1820 | valid corr  0.5077 | valid smape  0.3220 | focus_rrse 12.6159 | obj 12.6159
testing r= 5
rrse(target)=385.74438994624404 / 87.05327089004898 | rrse(all)=59139543097633.336 / 13118448721317.795 | report_mode=targets
********************************************************************************************************
test rse 4.4311 | test rae 5.1194 | test corr 0.2450| test smape 0.2841 | test focus_rrse 4.4470
********************************************************************************************************
best val loss= 12.057283018099112
best hps= [1, 0.000165, 16, 128, 256, 1024, 40, 0.05, 2, 40, 0.6, 0.1, 2, 2]
testing r= 5
rrse(target)=188.91837481767092 / 34.87594854780834 | rrse(all)=85341556548459.25 / 34622966134154.824 | report_mode=targets
testing r= 5
rrse(target)=384.67878239513027 / 87.05327089004898 | rrse(all)=58759974830812.57 / 13118448721317.795 | report_mode=targets
********************************************************************************************************
final test rse 4.4189 | test rae 5.1064 | test corr 0.2446 | test smape 0.2843
********************************************************************************************************



1 run average



valid	rse	rae
mean	5.4169	7.2260
std	0.0000	0.0000



test	rse	rae
mean	4.4189	5.1064
std	0.0000	0.0000
