CUDA not available, using CPU
[split-cutoff] enforced=1 forbidden_year>=2025 allowed_rows=168/180 train_rows=156 valid_rows=12 last_allowed=24.Dec
Loading data from /Users/samrobert/Documents/GitHub/Exchangeprediction/Cyber-trend-forecasting-main 3/B-MTGNN/data/sm_data.csv...
Data loaded and converted to numeric successfully.
Graph loaded with 1 attacks...
33 columns loaded
Adjacency created...
train X: torch.Size([95, 60, 33])
train Y: torch.Size([95, 1, 33])
valid X: torch.Size([11, 60, 33])
valid Y: torch.Size([11, 1, 33])
test X: torch.Size([11, 60, 33])
test Y: torch.Size([11, 1, 33])
test window: torch.Size([72, 33])
length of training set= 95
length of validation set= 11
length of testing set= 11
valid= 168
Auto-detected num_nodes: 33
Namespace(data='/Users/samrobert/Documents/GitHub/Exchangeprediction/Cyber-trend-forecasting-main 3/B-MTGNN/data/sm_data.csv', log_interval=2000, save='/Users/samrobert/Documents/GitHub/Exchangeprediction/Cyber-trend-forecasting-main 3/B-MTGNN/tuning_runs_v2/20260221_095818/checkpoints/model_002.pt', optim='adam', L1Loss=True, loss_mode='mse', normalize=2, device='cuda:1', gcn_true=False, buildA_true=False, use_graph=0, gcn_depth=1, num_nodes=33, dropout=0.019999999999999997, subgraph_size=40, node_dim=40, dilation_exponential=2, conv_channels=16, residual_channels=128, skip_channels=256, end_channels=1024, in_dim=1, seq_in_len=60, seq_out_len=1, horizon=1, layers=2, batch_size=4, lr=0.000165, weight_decay=1e-05, clip=10, propalpha=0.6, tanhalpha=0.1, epochs=2, num_split=1, step_size=100, ss_prob=0.04000000000000001, train_ratio=0.8666666667, valid_ratio=0.0666666667, focus_targets=1, focus_nodes='us_Trade Weighted Dollar Index,jp_fx,kr_fx', focus_weight=1.0, focus_target_gain=64.39999999999999, focus_only_loss=1, focus_rrse_mode='max', anchor_focus_to_last=0.23000000000000004, rse_targets='Us_Trade Weighted Dollar Index_Testing.txt,Jp_fx_Testing.txt,Kr_fx_Testing.txt', rse_report_mode='targets', debias_mode='none', debias_apply_to='focus', bias_penalty=0.5, bias_penalty_scope='focus', plot_focus_only=0, debug_eval=0, rollout_mode='recursive', seed=777, plot=0, enforce_cutoff_split=1, cutoff_year_yy=25, min_valid_months=12, lag_penalty_1step=1.0, lag_sign_penalty=0.8, clean_cache=0, autotune_mode=1, apply_best_tuning=0, eval_best_tuning=0, target_profile='none', best_tuning_checkpoint='')
The recpetive field size is 19
Number of model parameters is 2097505
begin training
Experiment: 1
Iter: 0
epoch: 1
hp= [1, 0.000165, 16, 128, 256, 1024, 40, 0.019999999999999997, 2, 40, 0.6, 0.1, 2, 1]
best sum= 10000000
best rrse= 10000000
best rrae= 10000000
best corr= -10000000
best smape= 10000000
best objective= 10000000
best hps= []
best test rse= 10000000
best test corr= -10000000
[Target-Weighted Loss] weights applied: {'us_Trade Weighted Dollar Index': 64.4000015258789, 'kr_fx': 64.4000015258789, 'jp_fx': 64.4000015258789}
[Target-Only Loss] enabled for columns: ['us_Trade Weighted Dollar Index', 'jp_fx', 'kr_fx']
[Bias Penalty] enabled lambda=0.5 scope=focus cols=['us_Trade Weighted Dollar Index', 'jp_fx', 'kr_fx']
iter:  0 | loss: 0.049
iter:  1 | loss: 0.014
iter:  2 | loss: 0.018
iter:  3 | loss: 0.023
iter:  4 | loss: 0.015
iter:  5 | loss: 0.016
iter:  6 | loss: 0.009
iter:  7 | loss: 0.019
iter:  8 | loss: 0.015
iter:  9 | loss: 0.021
iter: 10 | loss: 0.027
iter: 11 | loss: 0.017
iter: 12 | loss: 0.025
iter: 13 | loss: 0.037
iter: 14 | loss: 0.028
iter: 15 | loss: 0.011
iter: 16 | loss: 0.019
iter: 17 | loss: 0.012
iter: 18 | loss: 0.011
iter: 19 | loss: 0.023
iter: 20 | loss: 0.010
iter: 21 | loss: 0.015
iter: 22 | loss: 0.010
iter: 23 | loss: 0.056
testing r= 5
rrse(target)=102.38070897543395 / 34.87594854780834 | rrse(all)=75188183751207.38 / 34622966134154.824 | report_mode=targets
| end of epoch   1 | time:  5.89s | train_loss 0.0204 | valid rse 2.9356 | valid rae 4.1265 | valid corr  0.3031 | valid smape  0.3329 | focus_rrse 11.2769 | obj 11.2769
testing r= 5
rrse(target)=314.9769584826801 / 87.05327089004898 | rrse(all)=24936383347271.09 / 13118448721317.795 | report_mode=targets
********************************************************************************************************
test rse 3.6182 | test rae 4.1044 | test corr 0.0855| test smape 0.2973 | test focus_rrse 3.6320
********************************************************************************************************
Experiment: 1
Iter: 0
epoch: 2
hp= [1, 0.000165, 16, 128, 256, 1024, 40, 0.019999999999999997, 2, 40, 0.6, 0.1, 2, 2]
best sum= 6.758927497344162
best rrse= 2.935567726139099
best rrae= 4.126470936967011
best corr= 0.30311117
best smape= 0.3329437317766167
best objective= 11.276947021484375
best hps= [1, 0.000165, 16, 128, 256, 1024, 40, 0.019999999999999997, 2, 40, 0.6, 0.1, 2, 1]
best test rse= 3.618209347705107
best test corr= 0.08551246
[Target-Weighted Loss] weights applied: {'us_Trade Weighted Dollar Index': 64.4000015258789, 'kr_fx': 64.4000015258789, 'jp_fx': 64.4000015258789}
[Target-Only Loss] enabled for columns: ['us_Trade Weighted Dollar Index', 'jp_fx', 'kr_fx']
[Bias Penalty] enabled lambda=0.5 scope=focus cols=['us_Trade Weighted Dollar Index', 'jp_fx', 'kr_fx']
iter:  0 | loss: 0.009
iter:  1 | loss: 0.012
iter:  2 | loss: 0.023
iter:  3 | loss: 0.021
iter:  4 | loss: 0.027
iter:  5 | loss: 0.022
iter:  6 | loss: 0.027
iter:  7 | loss: 0.012
iter:  8 | loss: 0.026
iter:  9 | loss: 0.015
iter: 10 | loss: 0.024
iter: 11 | loss: 0.012
iter: 12 | loss: 0.026
iter: 13 | loss: 0.015
iter: 14 | loss: 0.011
iter: 15 | loss: 0.009
iter: 16 | loss: 0.021
iter: 17 | loss: 0.013
iter: 18 | loss: 0.015
iter: 19 | loss: 0.022
iter: 20 | loss: 0.017
iter: 21 | loss: 0.012
iter: 22 | loss: 0.026
iter: 23 | loss: 0.031
testing r= 5
rrse(target)=103.25581664911184 / 34.87594854780834 | rrse(all)=75255106545315.6 / 34622966134154.824 | report_mode=targets
| end of epoch   2 | time:  5.80s | train_loss 0.0186 | valid rse 2.9607 | valid rae 4.1564 | valid corr  0.3061 | valid smape  0.3332 | focus_rrse 11.2929 | obj 11.2929
best val loss= 6.758927497344162
best hps= [1, 0.000165, 16, 128, 256, 1024, 40, 0.019999999999999997, 2, 40, 0.6, 0.1, 2, 1]
testing r= 5
rrse(target)=102.9866259141812 / 34.87594854780834 | rrse(all)=75343980704173.55 / 34622966134154.824 | report_mode=targets
testing r= 5
rrse(target)=316.4582565284085 / 87.05327089004898 | rrse(all)=24843845447484.254 / 13118448721317.795 | report_mode=targets
********************************************************************************************************
final test rse 3.6352 | test rae 4.1269 | test corr 0.0832 | test smape 0.2975
********************************************************************************************************



1 run average



valid	rse	rae
mean	2.9529	4.1535
std	0.0000	0.0000



test	rse	rae
mean	3.6352	4.1269
std	0.0000	0.0000
