CUDA not available, using CPU
[split-cutoff] enforced=1 forbidden_year>=2025 allowed_rows=168/180 train_rows=156 valid_rows=12 last_allowed=24.Dec
Loading data from /Users/samrobert/Documents/GitHub/Exchangeprediction/Cyber-trend-forecasting-main 3/B-MTGNN/data/sm_data.csv...
Data loaded and converted to numeric successfully.
Graph loaded with 1 attacks...
33 columns loaded
Adjacency created...
train X: torch.Size([95, 60, 33])
train Y: torch.Size([95, 1, 33])
valid X: torch.Size([11, 60, 33])
valid Y: torch.Size([11, 1, 33])
test X: torch.Size([11, 60, 33])
test Y: torch.Size([11, 1, 33])
test window: torch.Size([72, 33])
length of training set= 95
length of validation set= 11
length of testing set= 11
valid= 168
Auto-detected num_nodes: 33
Namespace(data='/Users/samrobert/Documents/GitHub/Exchangeprediction/Cyber-trend-forecasting-main 3/B-MTGNN/data/sm_data.csv', log_interval=2000, save='/Users/samrobert/Documents/GitHub/Exchangeprediction/Cyber-trend-forecasting-main 3/B-MTGNN/tuning_runs_v2/20260221_095818/checkpoints/model_001.pt', optim='adam', L1Loss=True, loss_mode='mse', normalize=2, device='cuda:1', gcn_true=False, buildA_true=False, use_graph=0, gcn_depth=1, num_nodes=33, dropout=0.03, subgraph_size=40, node_dim=40, dilation_exponential=2, conv_channels=16, residual_channels=128, skip_channels=256, end_channels=1024, in_dim=1, seq_in_len=60, seq_out_len=1, horizon=1, layers=2, batch_size=4, lr=0.000132, weight_decay=1e-05, clip=10, propalpha=0.6, tanhalpha=0.1, epochs=2, num_split=1, step_size=100, ss_prob=0.04000000000000001, train_ratio=0.8666666667, valid_ratio=0.0666666667, focus_targets=1, focus_nodes='us_Trade Weighted Dollar Index,jp_fx,kr_fx', focus_weight=1.0, focus_target_gain=56.0, focus_only_loss=1, focus_rrse_mode='max', anchor_focus_to_last=0.23000000000000004, rse_targets='Us_Trade Weighted Dollar Index_Testing.txt,Jp_fx_Testing.txt,Kr_fx_Testing.txt', rse_report_mode='targets', debias_mode='none', debias_apply_to='focus', bias_penalty=0.5, bias_penalty_scope='focus', plot_focus_only=0, debug_eval=0, rollout_mode='recursive', seed=777, plot=0, enforce_cutoff_split=1, cutoff_year_yy=25, min_valid_months=12, lag_penalty_1step=0.7999999999999999, lag_sign_penalty=0.39999999999999997, clean_cache=0, autotune_mode=1, apply_best_tuning=0, eval_best_tuning=0, target_profile='none', best_tuning_checkpoint='')
The recpetive field size is 19
Number of model parameters is 2097505
begin training
Experiment: 1
Iter: 0
epoch: 1
hp= [1, 0.000132, 16, 128, 256, 1024, 40, 0.03, 2, 40, 0.6, 0.1, 2, 1]
best sum= 10000000
best rrse= 10000000
best rrae= 10000000
best corr= -10000000
best smape= 10000000
best objective= 10000000
best hps= []
best test rse= 10000000
best test corr= -10000000
[Target-Weighted Loss] weights applied: {'us_Trade Weighted Dollar Index': 56.0, 'kr_fx': 56.0, 'jp_fx': 56.0}
[Target-Only Loss] enabled for columns: ['us_Trade Weighted Dollar Index', 'jp_fx', 'kr_fx']
[Bias Penalty] enabled lambda=0.5 scope=focus cols=['us_Trade Weighted Dollar Index', 'jp_fx', 'kr_fx']
iter:  0 | loss: 0.047
iter:  1 | loss: 0.014
iter:  2 | loss: 0.015
iter:  3 | loss: 0.021
iter:  4 | loss: 0.014
iter:  5 | loss: 0.014
iter:  6 | loss: 0.009
iter:  7 | loss: 0.020
iter:  8 | loss: 0.014
iter:  9 | loss: 0.018
iter: 10 | loss: 0.025
iter: 11 | loss: 0.018
iter: 12 | loss: 0.022
iter: 13 | loss: 0.040
iter: 14 | loss: 0.030
iter: 15 | loss: 0.010
iter: 16 | loss: 0.020
iter: 17 | loss: 0.009
iter: 18 | loss: 0.009
iter: 19 | loss: 0.022
iter: 20 | loss: 0.007
iter: 21 | loss: 0.015
iter: 22 | loss: 0.010
iter: 23 | loss: 0.059
testing r= 5
rrse(target)=142.55022415362944 / 34.87594854780834 | rrse(all)=88248922860589.94 / 34622966134154.824 | report_mode=targets
| end of epoch   1 | time:  6.71s | train_loss 0.0197 | valid rse 4.0874 | valid rae 5.6651 | valid corr  0.3062 | valid smape  0.3419 | focus_rrse 12.5847 | obj 12.5847
testing r= 5
rrse(target)=363.153871485628 / 87.05327089004898 | rrse(all)=36695356051264.7 / 13118448721317.795 | report_mode=targets
********************************************************************************************************
test rse 4.1716 | test rae 4.8158 | test corr 0.0994| test smape 0.2896 | test focus_rrse 4.1841
********************************************************************************************************
Experiment: 1
Iter: 0
epoch: 2
hp= [1, 0.000132, 16, 128, 256, 1024, 40, 0.03, 2, 40, 0.6, 0.1, 2, 2]
best sum= 9.446263476413407
best rrse= 4.087350454661326
best rrae= 5.66513152665778
best corr= 0.3062185
best smape= 0.3419184086344536
best objective= 12.584696769714355
best hps= [1, 0.000132, 16, 128, 256, 1024, 40, 0.03, 2, 40, 0.6, 0.1, 2, 1]
best test rse= 4.171628105097886
best test corr= 0.09938151
[Target-Weighted Loss] weights applied: {'us_Trade Weighted Dollar Index': 56.0, 'kr_fx': 56.0, 'jp_fx': 56.0}
[Target-Only Loss] enabled for columns: ['us_Trade Weighted Dollar Index', 'jp_fx', 'kr_fx']
[Bias Penalty] enabled lambda=0.5 scope=focus cols=['us_Trade Weighted Dollar Index', 'jp_fx', 'kr_fx']
iter:  0 | loss: 0.008
iter:  1 | loss: 0.013
iter:  2 | loss: 0.020
iter:  3 | loss: 0.020
iter:  4 | loss: 0.025
iter:  5 | loss: 0.024
iter:  6 | loss: 0.029
iter:  7 | loss: 0.011
iter:  8 | loss: 0.028
iter:  9 | loss: 0.013
iter: 10 | loss: 0.024
iter: 11 | loss: 0.011
iter: 12 | loss: 0.026
iter: 13 | loss: 0.013
iter: 14 | loss: 0.010
iter: 15 | loss: 0.007
iter: 16 | loss: 0.024
iter: 17 | loss: 0.012
iter: 18 | loss: 0.013
iter: 19 | loss: 0.021
iter: 20 | loss: 0.018
iter: 21 | loss: 0.011
iter: 22 | loss: 0.024
iter: 23 | loss: 0.029
testing r= 5
rrse(target)=143.10047551895136 / 34.87594854780834 | rrse(all)=88411502752770.62 / 34622966134154.824 | report_mode=targets
| end of epoch   2 | time:  5.72s | train_loss 0.0180 | valid rse 4.1031 | valid rae 5.6834 | valid corr  0.3071 | valid smape  0.3420 | focus_rrse 12.5965 | obj 12.5965
best val loss= 9.446263476413407
best hps= [1, 0.000132, 16, 128, 256, 1024, 40, 0.03, 2, 40, 0.6, 0.1, 2, 1]
testing r= 5
rrse(target)=142.96111659949707 / 34.87594854780834 | rrse(all)=88493854699650.31 / 34622966134154.824 | report_mode=targets
testing r= 5
rrse(target)=364.7864101087101 / 87.05327089004898 | rrse(all)=36430687331162.25 / 13118448721317.795 | report_mode=targets
********************************************************************************************************
final test rse 4.1904 | test rae 4.8401 | test corr 0.1050 | test smape 0.2900
********************************************************************************************************



1 run average



valid	rse	rae
mean	4.0991	5.6846
std	0.0000	0.0000



test	rse	rae
mean	4.1904	4.8401
std	0.0000	0.0000
