CUDA not available, using CPU
[split_guard] {'n': 180, 'cutoff_idx': 168, 'cutoff_label': '25.Jan', 'valid_start_idx': 156, 'valid_end_idx': 168, 'valid_months': 12}
Loading data from /Users/samrobert/Documents/GitHub/Exchangeprediction/Cyber-trend-forecasting-main 3/B-MTGNN/data/sm_data.csv...
Data loaded and converted to numeric successfully.
Graph loaded with 1 attacks...
33 columns loaded
Adjacency created...
train X: torch.Size([131, 24, 33])
train Y: torch.Size([131, 1, 33])
valid X: torch.Size([11, 24, 33])
valid Y: torch.Size([11, 1, 33])
test X: torch.Size([11, 24, 33])
test Y: torch.Size([11, 1, 33])
test window: torch.Size([36, 33])
length of training set= 131
length of validation set= 11
length of testing set= 11
valid= 168
Auto-detected num_nodes: 33
Namespace(data='/Users/samrobert/Documents/GitHub/Exchangeprediction/Cyber-trend-forecasting-main 3/B-MTGNN/data/sm_data.csv', log_interval=2000, save='/Users/samrobert/Documents/GitHub/Exchangeprediction/Cyber-trend-forecasting-main 3/B-MTGNN/tuning_runs/20260220_211549/checkpoints/model_003.pt', optim='adam', L1Loss=True, loss_mode='mse', normalize=2, device='cuda:1', gcn_true=False, buildA_true=False, use_graph=0, gcn_depth=1, num_nodes=33, dropout=0.02, subgraph_size=20, node_dim=50, dilation_exponential=2, conv_channels=16, residual_channels=128, skip_channels=256, end_channels=1024, in_dim=1, seq_in_len=24, seq_out_len=1, horizon=1, layers=2, batch_size=4, lr=0.000102, weight_decay=1e-05, clip=10, propalpha=0.6, tanhalpha=0.1, epochs=40, num_split=1, step_size=100, ss_prob=0.05, train_ratio=0.8666666667, valid_ratio=0.0666666667, focus_targets=1, focus_nodes='us_Trade Weighted Dollar Index,jp_fx,kr_fx', focus_weight=1.0, focus_target_gain=70.0, focus_only_loss=1, anchor_focus_to_last=0.2, rse_targets='Us_Trade Weighted Dollar Index_Testing.txt,Jp_fx_Testing.txt,Kr_fx_Testing.txt', rse_report_mode='targets', debias_mode='val_mean_error', debias_apply_to='focus', bias_penalty=0.4, bias_penalty_scope='focus', lag_penalty_1step=1.0, lag_sign_penalty=0.4, plot_focus_only=0, debug_eval=0, rollout_mode='recursive', enforce_cutoff_split=1, cutoff_year_yy=25, min_valid_months=12, confidence_level=0.95, confidence_scale=3.0, confidence_mode='predictive', seed=777, plot=0, clean_cache=0, autotune_mode=1, apply_best_tuning=0, eval_best_tuning=0, target_profile='none', best_tuning_checkpoint='')
The recpetive field size is 19
Number of model parameters is 616209
begin training
Experiment: 1
Iter: 0
epoch: 1
hp= [1, 0.000102, 16, 128, 256, 1024, 20, 0.02, 2, 50, 0.6, 0.1, 2, 1]
best sum= 10000000
best rrse= 10000000
best rrae= 10000000
best corr= -10000000
best smape= 10000000
best objective= 10000000
best hps= []
best test rse= 10000000
best test corr= -10000000
[Target-Weighted Loss] weights applied: {'us_Trade Weighted Dollar Index': 70.0, 'kr_fx': 70.0, 'jp_fx': 70.0}
[Target-Only Loss] enabled for columns: ['us_Trade Weighted Dollar Index', 'jp_fx', 'kr_fx']
[Bias Penalty] enabled lambda=0.4 scope=focus cols=['us_Trade Weighted Dollar Index', 'jp_fx', 'kr_fx']
iter:  0 | loss: 0.041
iter:  1 | loss: 0.048
iter:  2 | loss: 0.088
iter:  3 | loss: 0.078
iter:  4 | loss: 0.029
iter:  5 | loss: 0.071
iter:  6 | loss: 0.038
iter:  7 | loss: 0.024
iter:  8 | loss: 0.037
iter:  9 | loss: 0.047
iter: 10 | loss: 0.077
iter: 11 | loss: 0.024
iter: 12 | loss: 0.031
iter: 13 | loss: 0.034
iter: 14 | loss: 0.028
iter: 15 | loss: 0.049
iter: 16 | loss: 0.040
iter: 17 | loss: 0.035
iter: 18 | loss: 0.062
iter: 19 | loss: 0.025
iter: 20 | loss: 0.030
iter: 21 | loss: 0.055
iter: 22 | loss: 0.029
iter: 23 | loss: 0.032
iter: 24 | loss: 0.033
iter: 25 | loss: 0.026
iter: 26 | loss: 0.067
iter: 27 | loss: 0.038
iter: 28 | loss: 0.031
iter: 29 | loss: 0.037
iter: 30 | loss: 0.029
iter: 31 | loss: 0.026
iter: 32 | loss: 0.051
testing r= 5
rrse(target)=104.30664865254276 / 34.87594854780834 | rrse(all)=178998500632551.16 / 34622966134154.824 | report_mode=targets
[Validation] per_target_rrse_json={"us_Trade Weighted Dollar Index": 3.866084098815918, "jp_fx": 5.290515899658203, "kr_fx": 2.893359661102295}
[Validation] per_target_lag_mae_json={"us_Trade Weighted Dollar Index": 0.5040304064750671, "jp_fx": 0.5807092785835266, "kr_fx": 6.199784755706787}
[Validation] per_target_dir_mismatch_json={"us_Trade Weighted Dollar Index": 0.36363636363636365, "jp_fx": 0.36363636363636365, "kr_fx": 0.36363636363636365}
| end of epoch   1 | time:  2.09s | train_loss 0.0420 | valid rse 2.9908 | valid rae 3.8264 | valid corr  -0.0599 | valid smape  0.3395 | focus_rrse 4.0167 | obj 4.0167
testing r= 5
rrse(target)=279.5687527246205 / 87.05327089004898 | rrse(all)=56061169488329.91 / 13118448721317.795 | report_mode=targets
[Testing] per_target_rrse_json={"us_Trade Weighted Dollar Index": 2.4295365810394287, "jp_fx": 1.1271257400512695, "kr_fx": 3.228640079498291}
[Testing] per_target_lag_mae_json={"us_Trade Weighted Dollar Index": 0.5036773681640625, "jp_fx": 0.7897158265113831, "kr_fx": 9.072687149047852}
[Testing] per_target_dir_mismatch_json={"us_Trade Weighted Dollar Index": 0.2727272727272727, "jp_fx": 0.6363636363636364, "kr_fx": 0.9090909090909091}
********************************************************************************************************
test rse 3.2115 | test rae 3.4278 | test corr -0.0637| test smape 0.3453 | test focus_rrse 2.2618
********************************************************************************************************
Experiment: 1
Iter: 0
epoch: 2
hp= [1, 0.000102, 16, 128, 256, 1024, 20, 0.02, 2, 50, 0.6, 0.1, 2, 2]
best sum= 6.877052691096572
best rrse= 2.990790300930684
best rrae= 3.8263952353590356
best corr= -0.059867155
best smape= 0.33950773174682664
best objective= 4.016653060913086
best hps= [1, 0.000102, 16, 128, 256, 1024, 20, 0.02, 2, 50, 0.6, 0.1, 2, 1]
best test rse= 3.2114675286322627
best test corr= -0.06372837
[Target-Weighted Loss] weights applied: {'us_Trade Weighted Dollar Index': 70.0, 'kr_fx': 70.0, 'jp_fx': 70.0}
[Target-Only Loss] enabled for columns: ['us_Trade Weighted Dollar Index', 'jp_fx', 'kr_fx']
[Bias Penalty] enabled lambda=0.4 scope=focus cols=['us_Trade Weighted Dollar Index', 'jp_fx', 'kr_fx']
iter:  0 | loss: 0.044
iter:  1 | loss: 0.066
iter:  2 | loss: 0.028
iter:  3 | loss: 0.024
iter:  4 | loss: 0.037
iter:  5 | loss: 0.040
iter:  6 | loss: 0.024
iter:  7 | loss: 0.051
iter:  8 | loss: 0.043
iter:  9 | loss: 0.030
iter: 10 | loss: 0.065
iter: 11 | loss: 0.047
iter: 12 | loss: 0.032
iter: 13 | loss: 0.065
iter: 14 | loss: 0.056
iter: 15 | loss: 0.081
iter: 16 | loss: 0.028
iter: 17 | loss: 0.020
iter: 18 | loss: 0.033
iter: 19 | loss: 0.039
iter: 20 | loss: 0.044
iter: 21 | loss: 0.042
iter: 22 | loss: 0.048
iter: 23 | loss: 0.018
iter: 24 | loss: 0.048
iter: 25 | loss: 0.034
iter: 26 | loss: 0.030
iter: 27 | loss: 0.044
iter: 28 | loss: 0.059
iter: 29 | loss: 0.041
iter: 30 | loss: 0.038
iter: 31 | loss: 0.049
iter: 32 | loss: 0.080
testing r= 5
rrse(target)=104.30664865254276 / 34.87594854780834 | rrse(all)=178998500632551.16 / 34622966134154.824 | report_mode=targets
[Validation] per_target_rrse_json={"us_Trade Weighted Dollar Index": 3.866084098815918, "jp_fx": 5.290515899658203, "kr_fx": 2.893359661102295}
[Validation] per_target_lag_mae_json={"us_Trade Weighted Dollar Index": 0.5040304064750671, "jp_fx": 0.5807092785835266, "kr_fx": 6.199784755706787}
[Validation] per_target_dir_mismatch_json={"us_Trade Weighted Dollar Index": 0.36363636363636365, "jp_fx": 0.36363636363636365, "kr_fx": 0.36363636363636365}
| end of epoch   2 | time:  2.02s | train_loss 0.0430 | valid rse 2.9908 | valid rae 3.8264 | valid corr  -0.0599 | valid smape  0.3395 | focus_rrse 4.0167 | obj 4.0167
Experiment: 1
Iter: 0
epoch: 3
hp= [1, 0.000102, 16, 128, 256, 1024, 20, 0.02, 2, 50, 0.6, 0.1, 2, 3]
best sum= 6.877052691096572
best rrse= 2.990790300930684
best rrae= 3.8263952353590356
best corr= -0.059867155
best smape= 0.33950773174682664
best objective= 4.016653060913086
best hps= [1, 0.000102, 16, 128, 256, 1024, 20, 0.02, 2, 50, 0.6, 0.1, 2, 1]
best test rse= 3.2114675286322627
best test corr= -0.06372837
[Target-Weighted Loss] weights applied: {'us_Trade Weighted Dollar Index': 70.0, 'kr_fx': 70.0, 'jp_fx': 70.0}
[Target-Only Loss] enabled for columns: ['us_Trade Weighted Dollar Index', 'jp_fx', 'kr_fx']
[Bias Penalty] enabled lambda=0.4 scope=focus cols=['us_Trade Weighted Dollar Index', 'jp_fx', 'kr_fx']
iter:  0 | loss: 0.032
iter:  1 | loss: 0.025
iter:  2 | loss: 0.023
iter:  3 | loss: 0.016
iter:  4 | loss: 0.055
iter:  5 | loss: 0.040
iter:  6 | loss: 0.035
iter:  7 | loss: 0.071
iter:  8 | loss: 0.031
iter:  9 | loss: 0.068
iter: 10 | loss: 0.041
iter: 11 | loss: 0.034
iter: 12 | loss: 0.045
iter: 13 | loss: 0.035
iter: 14 | loss: 0.061
iter: 15 | loss: 0.070
iter: 16 | loss: 0.054
iter: 17 | loss: 0.042
iter: 18 | loss: 0.062
iter: 19 | loss: 0.023
iter: 20 | loss: 0.029
iter: 21 | loss: 0.036
iter: 22 | loss: 0.017
iter: 23 | loss: 0.026
iter: 24 | loss: 0.049
iter: 25 | loss: 0.081
iter: 26 | loss: 0.029
iter: 27 | loss: 0.045
iter: 28 | loss: 0.039
iter: 29 | loss: 0.027
iter: 30 | loss: 0.049
iter: 31 | loss: 0.033
iter: 32 | loss: 0.056
testing r= 5
rrse(target)=104.30664865254276 / 34.87594854780834 | rrse(all)=178998500632551.16 / 34622966134154.824 | report_mode=targets
[Validation] per_target_rrse_json={"us_Trade Weighted Dollar Index": 3.866084098815918, "jp_fx": 5.290515899658203, "kr_fx": 2.893359661102295}
[Validation] per_target_lag_mae_json={"us_Trade Weighted Dollar Index": 0.5040304064750671, "jp_fx": 0.5807092785835266, "kr_fx": 6.199784755706787}
[Validation] per_target_dir_mismatch_json={"us_Trade Weighted Dollar Index": 0.36363636363636365, "jp_fx": 0.36363636363636365, "kr_fx": 0.36363636363636365}
| end of epoch   3 | time:  2.04s | train_loss 0.0417 | valid rse 2.9908 | valid rae 3.8264 | valid corr  -0.0599 | valid smape  0.3395 | focus_rrse 4.0167 | obj 4.0167
Experiment: 1
Iter: 0
epoch: 4
hp= [1, 0.000102, 16, 128, 256, 1024, 20, 0.02, 2, 50, 0.6, 0.1, 2, 4]
best sum= 6.877052691096572
best rrse= 2.990790300930684
best rrae= 3.8263952353590356
best corr= -0.059867155
best smape= 0.33950773174682664
best objective= 4.016653060913086
best hps= [1, 0.000102, 16, 128, 256, 1024, 20, 0.02, 2, 50, 0.6, 0.1, 2, 1]
best test rse= 3.2114675286322627
best test corr= -0.06372837
[Target-Weighted Loss] weights applied: {'us_Trade Weighted Dollar Index': 70.0, 'kr_fx': 70.0, 'jp_fx': 70.0}
[Target-Only Loss] enabled for columns: ['us_Trade Weighted Dollar Index', 'jp_fx', 'kr_fx']
[Bias Penalty] enabled lambda=0.4 scope=focus cols=['us_Trade Weighted Dollar Index', 'jp_fx', 'kr_fx']
iter:  0 | loss: 0.058
iter:  1 | loss: 0.043
iter:  2 | loss: 0.042
iter:  3 | loss: 0.024
iter:  4 | loss: 0.034
iter:  5 | loss: 0.048
iter:  6 | loss: 0.050
iter:  7 | loss: 0.024
iter:  8 | loss: 0.030
iter:  9 | loss: 0.078
iter: 10 | loss: 0.064
iter: 11 | loss: 0.032
iter: 12 | loss: 0.031
iter: 13 | loss: 0.017
iter: 14 | loss: 0.028
iter: 15 | loss: 0.031
iter: 16 | loss: 0.029
iter: 17 | loss: 0.045
iter: 18 | loss: 0.041
iter: 19 | loss: 0.037
iter: 20 | loss: 0.032
iter: 21 | loss: 0.059
iter: 22 | loss: 0.059
iter: 23 | loss: 0.041
iter: 24 | loss: 0.037
iter: 25 | loss: 0.047
iter: 26 | loss: 0.036
iter: 27 | loss: 0.069
iter: 28 | loss: 0.049
iter: 29 | loss: 0.042
iter: 30 | loss: 0.048
iter: 31 | loss: 0.045
iter: 32 | loss: 0.032
testing r= 5
rrse(target)=104.30664865254276 / 34.87594854780834 | rrse(all)=178998500632551.16 / 34622966134154.824 | report_mode=targets
[Validation] per_target_rrse_json={"us_Trade Weighted Dollar Index": 3.866084098815918, "jp_fx": 5.290515899658203, "kr_fx": 2.893359661102295}
[Validation] per_target_lag_mae_json={"us_Trade Weighted Dollar Index": 0.5040304064750671, "jp_fx": 0.5807092785835266, "kr_fx": 6.199784755706787}
[Validation] per_target_dir_mismatch_json={"us_Trade Weighted Dollar Index": 0.36363636363636365, "jp_fx": 0.36363636363636365, "kr_fx": 0.36363636363636365}
| end of epoch   4 | time:  2.05s | train_loss 0.0419 | valid rse 2.9908 | valid rae 3.8264 | valid corr  -0.0599 | valid smape  0.3395 | focus_rrse 4.0167 | obj 4.0167
Experiment: 1
Iter: 0
epoch: 5
hp= [1, 0.000102, 16, 128, 256, 1024, 20, 0.02, 2, 50, 0.6, 0.1, 2, 5]
best sum= 6.877052691096572
best rrse= 2.990790300930684
best rrae= 3.8263952353590356
best corr= -0.059867155
best smape= 0.33950773174682664
best objective= 4.016653060913086
best hps= [1, 0.000102, 16, 128, 256, 1024, 20, 0.02, 2, 50, 0.6, 0.1, 2, 1]
best test rse= 3.2114675286322627
best test corr= -0.06372837
[Target-Weighted Loss] weights applied: {'us_Trade Weighted Dollar Index': 70.0, 'kr_fx': 70.0, 'jp_fx': 70.0}
[Target-Only Loss] enabled for columns: ['us_Trade Weighted Dollar Index', 'jp_fx', 'kr_fx']
[Bias Penalty] enabled lambda=0.4 scope=focus cols=['us_Trade Weighted Dollar Index', 'jp_fx', 'kr_fx']
iter:  0 | loss: 0.032
iter:  1 | loss: 0.042
iter:  2 | loss: 0.031
iter:  3 | loss: 0.066
iter:  4 | loss: 0.040
iter:  5 | loss: 0.084
iter:  6 | loss: 0.023
iter:  7 | loss: 0.049
iter:  8 | loss: 0.068
iter:  9 | loss: 0.054
iter: 10 | loss: 0.040
iter: 11 | loss: 0.036
iter: 12 | loss: 0.037
iter: 13 | loss: 0.054
iter: 14 | loss: 0.037
iter: 15 | loss: 0.025
iter: 16 | loss: 0.046
iter: 17 | loss: 0.042
iter: 18 | loss: 0.023
iter: 19 | loss: 0.035
iter: 20 | loss: 0.053
iter: 21 | loss: 0.049
iter: 22 | loss: 0.036
iter: 23 | loss: 0.048
iter: 24 | loss: 0.034
iter: 25 | loss: 0.028
iter: 26 | loss: 0.043
iter: 27 | loss: 0.025
iter: 28 | loss: 0.028
iter: 29 | loss: 0.052
iter: 30 | loss: 0.036
iter: 31 | loss: 0.029
iter: 32 | loss: 0.042
testing r= 5
rrse(target)=104.30664865254276 / 34.87594854780834 | rrse(all)=178998500632551.16 / 34622966134154.824 | report_mode=targets
[Validation] per_target_rrse_json={"us_Trade Weighted Dollar Index": 3.866084098815918, "jp_fx": 5.290515899658203, "kr_fx": 2.893359661102295}
[Validation] per_target_lag_mae_json={"us_Trade Weighted Dollar Index": 0.5040304064750671, "jp_fx": 0.5807092785835266, "kr_fx": 6.199784755706787}
[Validation] per_target_dir_mismatch_json={"us_Trade Weighted Dollar Index": 0.36363636363636365, "jp_fx": 0.36363636363636365, "kr_fx": 0.36363636363636365}
| end of epoch   5 | time:  2.09s | train_loss 0.0414 | valid rse 2.9908 | valid rae 3.8264 | valid corr  -0.0599 | valid smape  0.3395 | focus_rrse 4.0167 | obj 4.0167
Experiment: 1
Iter: 0
epoch: 6
hp= [1, 0.000102, 16, 128, 256, 1024, 20, 0.02, 2, 50, 0.6, 0.1, 2, 6]
best sum= 6.877052691096572
best rrse= 2.990790300930684
best rrae= 3.8263952353590356
best corr= -0.059867155
best smape= 0.33950773174682664
best objective= 4.016653060913086
best hps= [1, 0.000102, 16, 128, 256, 1024, 20, 0.02, 2, 50, 0.6, 0.1, 2, 1]
best test rse= 3.2114675286322627
best test corr= -0.06372837
[Target-Weighted Loss] weights applied: {'us_Trade Weighted Dollar Index': 70.0, 'kr_fx': 70.0, 'jp_fx': 70.0}
[Target-Only Loss] enabled for columns: ['us_Trade Weighted Dollar Index', 'jp_fx', 'kr_fx']
[Bias Penalty] enabled lambda=0.4 scope=focus cols=['us_Trade Weighted Dollar Index', 'jp_fx', 'kr_fx']
iter:  0 | loss: 0.027
iter:  1 | loss: 0.057
iter:  2 | loss: 0.037
iter:  3 | loss: 0.054
iter:  4 | loss: 0.055
iter:  5 | loss: 0.088
iter:  6 | loss: 0.024
iter:  7 | loss: 0.043
iter:  8 | loss: 0.021
iter:  9 | loss: 0.023
iter: 10 | loss: 0.033
iter: 11 | loss: 0.026
iter: 12 | loss: 0.035
iter: 13 | loss: 0.041
iter: 14 | loss: 0.071
iter: 15 | loss: 0.044
iter: 16 | loss: 0.032
iter: 17 | loss: 0.045
iter: 18 | loss: 0.066
iter: 19 | loss: 0.045
iter: 20 | loss: 0.030
iter: 21 | loss: 0.041
iter: 22 | loss: 0.025
iter: 23 | loss: 0.032
iter: 24 | loss: 0.030
iter: 25 | loss: 0.048
iter: 26 | loss: 0.031
iter: 27 | loss: 0.048
iter: 28 | loss: 0.042
iter: 29 | loss: 0.050
iter: 30 | loss: 0.028
iter: 31 | loss: 0.035
iter: 32 | loss: 0.061
testing r= 5
rrse(target)=104.30664865254276 / 34.87594854780834 | rrse(all)=178998500632551.16 / 34622966134154.824 | report_mode=targets
[Validation] per_target_rrse_json={"us_Trade Weighted Dollar Index": 3.866084098815918, "jp_fx": 5.290515899658203, "kr_fx": 2.893359661102295}
[Validation] per_target_lag_mae_json={"us_Trade Weighted Dollar Index": 0.5040304064750671, "jp_fx": 0.5807092785835266, "kr_fx": 6.199784755706787}
[Validation] per_target_dir_mismatch_json={"us_Trade Weighted Dollar Index": 0.36363636363636365, "jp_fx": 0.36363636363636365, "kr_fx": 0.36363636363636365}
| end of epoch   6 | time:  1.98s | train_loss 0.0413 | valid rse 2.9908 | valid rae 3.8264 | valid corr  -0.0599 | valid smape  0.3395 | focus_rrse 4.0167 | obj 4.0167
Experiment: 1
Iter: 0
epoch: 7
hp= [1, 0.000102, 16, 128, 256, 1024, 20, 0.02, 2, 50, 0.6, 0.1, 2, 7]
best sum= 6.877052691096572
best rrse= 2.990790300930684
best rrae= 3.8263952353590356
best corr= -0.059867155
best smape= 0.33950773174682664
best objective= 4.016653060913086
best hps= [1, 0.000102, 16, 128, 256, 1024, 20, 0.02, 2, 50, 0.6, 0.1, 2, 1]
best test rse= 3.2114675286322627
best test corr= -0.06372837
[Target-Weighted Loss] weights applied: {'us_Trade Weighted Dollar Index': 70.0, 'kr_fx': 70.0, 'jp_fx': 70.0}
[Target-Only Loss] enabled for columns: ['us_Trade Weighted Dollar Index', 'jp_fx', 'kr_fx']
[Bias Penalty] enabled lambda=0.4 scope=focus cols=['us_Trade Weighted Dollar Index', 'jp_fx', 'kr_fx']
iter:  0 | loss: 0.034
iter:  1 | loss: 0.047
iter:  2 | loss: 0.039
iter:  3 | loss: 0.038
iter:  4 | loss: 0.055
iter:  5 | loss: 0.022
iter:  6 | loss: 0.032
iter:  7 | loss: 0.032
iter:  8 | loss: 0.039
iter:  9 | loss: 0.046
iter: 10 | loss: 0.035
iter: 11 | loss: 0.022
iter: 12 | loss: 0.034
iter: 13 | loss: 0.034
iter: 14 | loss: 0.060
iter: 15 | loss: 0.065
iter: 16 | loss: 0.033
iter: 17 | loss: 0.034
iter: 18 | loss: 0.043
iter: 19 | loss: 0.026
iter: 20 | loss: 0.025
iter: 21 | loss: 0.063
iter: 22 | loss: 0.051
iter: 23 | loss: 0.035
iter: 24 | loss: 0.038
iter: 25 | loss: 0.036
iter: 26 | loss: 0.091
iter: 27 | loss: 0.041
iter: 28 | loss: 0.034
iter: 29 | loss: 0.029
iter: 30 | loss: 0.041
iter: 31 | loss: 0.058
iter: 32 | loss: 0.049
testing r= 5
rrse(target)=104.30664865254276 / 34.87594854780834 | rrse(all)=178998500632551.16 / 34622966134154.824 | report_mode=targets
[Validation] per_target_rrse_json={"us_Trade Weighted Dollar Index": 3.866084098815918, "jp_fx": 5.290515899658203, "kr_fx": 2.893359661102295}
[Validation] per_target_lag_mae_json={"us_Trade Weighted Dollar Index": 0.5040304064750671, "jp_fx": 0.5807092785835266, "kr_fx": 6.199784755706787}
[Validation] per_target_dir_mismatch_json={"us_Trade Weighted Dollar Index": 0.36363636363636365, "jp_fx": 0.36363636363636365, "kr_fx": 0.36363636363636365}
| end of epoch   7 | time:  2.00s | train_loss 0.0411 | valid rse 2.9908 | valid rae 3.8264 | valid corr  -0.0599 | valid smape  0.3395 | focus_rrse 4.0167 | obj 4.0167
Experiment: 1
Iter: 0
epoch: 8
hp= [1, 0.000102, 16, 128, 256, 1024, 20, 0.02, 2, 50, 0.6, 0.1, 2, 8]
best sum= 6.877052691096572
best rrse= 2.990790300930684
best rrae= 3.8263952353590356
best corr= -0.059867155
best smape= 0.33950773174682664
best objective= 4.016653060913086
best hps= [1, 0.000102, 16, 128, 256, 1024, 20, 0.02, 2, 50, 0.6, 0.1, 2, 1]
best test rse= 3.2114675286322627
best test corr= -0.06372837
[Target-Weighted Loss] weights applied: {'us_Trade Weighted Dollar Index': 70.0, 'kr_fx': 70.0, 'jp_fx': 70.0}
[Target-Only Loss] enabled for columns: ['us_Trade Weighted Dollar Index', 'jp_fx', 'kr_fx']
[Bias Penalty] enabled lambda=0.4 scope=focus cols=['us_Trade Weighted Dollar Index', 'jp_fx', 'kr_fx']
iter:  0 | loss: 0.034
iter:  1 | loss: 0.036
iter:  2 | loss: 0.032
iter:  3 | loss: 0.049
iter:  4 | loss: 0.029
iter:  5 | loss: 0.080
iter:  6 | loss: 0.065
iter:  7 | loss: 0.026
iter:  8 | loss: 0.063
iter:  9 | loss: 0.058
iter: 10 | loss: 0.050
iter: 11 | loss: 0.055
iter: 12 | loss: 0.029
iter: 13 | loss: 0.045
iter: 14 | loss: 0.035
iter: 15 | loss: 0.049
iter: 16 | loss: 0.026
iter: 17 | loss: 0.032
iter: 18 | loss: 0.038
iter: 19 | loss: 0.031
iter: 20 | loss: 0.047
iter: 21 | loss: 0.056
iter: 22 | loss: 0.031
iter: 23 | loss: 0.034
iter: 24 | loss: 0.027
iter: 25 | loss: 0.036
iter: 26 | loss: 0.029
iter: 27 | loss: 0.043
iter: 28 | loss: 0.054
iter: 29 | loss: 0.038
iter: 30 | loss: 0.032
iter: 31 | loss: 0.024
iter: 32 | loss: 0.062
testing r= 5
rrse(target)=104.30664865254276 / 34.87594854780834 | rrse(all)=178998500632551.16 / 34622966134154.824 | report_mode=targets
[Validation] per_target_rrse_json={"us_Trade Weighted Dollar Index": 3.866084098815918, "jp_fx": 5.290515899658203, "kr_fx": 2.893359661102295}
[Validation] per_target_lag_mae_json={"us_Trade Weighted Dollar Index": 0.5040304064750671, "jp_fx": 0.5807092785835266, "kr_fx": 6.199784755706787}
[Validation] per_target_dir_mismatch_json={"us_Trade Weighted Dollar Index": 0.36363636363636365, "jp_fx": 0.36363636363636365, "kr_fx": 0.36363636363636365}
| end of epoch   8 | time:  2.03s | train_loss 0.0415 | valid rse 2.9908 | valid rae 3.8264 | valid corr  -0.0599 | valid smape  0.3395 | focus_rrse 4.0167 | obj 4.0167
Experiment: 1
Iter: 0
epoch: 9
hp= [1, 0.000102, 16, 128, 256, 1024, 20, 0.02, 2, 50, 0.6, 0.1, 2, 9]
best sum= 6.877052691096572
best rrse= 2.990790300930684
best rrae= 3.8263952353590356
best corr= -0.059867155
best smape= 0.33950773174682664
best objective= 4.016653060913086
best hps= [1, 0.000102, 16, 128, 256, 1024, 20, 0.02, 2, 50, 0.6, 0.1, 2, 1]
best test rse= 3.2114675286322627
best test corr= -0.06372837
[Target-Weighted Loss] weights applied: {'us_Trade Weighted Dollar Index': 70.0, 'kr_fx': 70.0, 'jp_fx': 70.0}
[Target-Only Loss] enabled for columns: ['us_Trade Weighted Dollar Index', 'jp_fx', 'kr_fx']
[Bias Penalty] enabled lambda=0.4 scope=focus cols=['us_Trade Weighted Dollar Index', 'jp_fx', 'kr_fx']
iter:  0 | loss: 0.049
iter:  1 | loss: 0.031
iter:  2 | loss: 0.050
iter:  3 | loss: 0.059
iter:  4 | loss: 0.040
iter:  5 | loss: 0.040
iter:  6 | loss: 0.027
iter:  7 | loss: 0.056
iter:  8 | loss: 0.047
iter:  9 | loss: 0.032
iter: 10 | loss: 0.033
iter: 11 | loss: 0.084
iter: 12 | loss: 0.035
iter: 13 | loss: 0.037
iter: 14 | loss: 0.042
iter: 15 | loss: 0.042
iter: 16 | loss: 0.028
iter: 17 | loss: 0.025
iter: 18 | loss: 0.044
iter: 19 | loss: 0.033
iter: 20 | loss: 0.044
iter: 21 | loss: 0.043
iter: 22 | loss: 0.027
iter: 23 | loss: 0.045
iter: 24 | loss: 0.044
iter: 25 | loss: 0.023
iter: 26 | loss: 0.034
iter: 27 | loss: 0.033
iter: 28 | loss: 0.056
iter: 29 | loss: 0.054
iter: 30 | loss: 0.052
iter: 31 | loss: 0.025
iter: 32 | loss: 0.030
testing r= 5
rrse(target)=104.30664865254276 / 34.87594854780834 | rrse(all)=178998500632551.16 / 34622966134154.824 | report_mode=targets
[Validation] per_target_rrse_json={"us_Trade Weighted Dollar Index": 3.866084098815918, "jp_fx": 5.290515899658203, "kr_fx": 2.893359661102295}
[Validation] per_target_lag_mae_json={"us_Trade Weighted Dollar Index": 0.5040304064750671, "jp_fx": 0.5807092785835266, "kr_fx": 6.199784755706787}
[Validation] per_target_dir_mismatch_json={"us_Trade Weighted Dollar Index": 0.36363636363636365, "jp_fx": 0.36363636363636365, "kr_fx": 0.36363636363636365}
| end of epoch   9 | time:  2.04s | train_loss 0.0408 | valid rse 2.9908 | valid rae 3.8264 | valid corr  -0.0599 | valid smape  0.3395 | focus_rrse 4.0167 | obj 4.0167
Experiment: 1
Iter: 0
epoch: 10
hp= [1, 0.000102, 16, 128, 256, 1024, 20, 0.02, 2, 50, 0.6, 0.1, 2, 10]
best sum= 6.877052691096572
best rrse= 2.990790300930684
best rrae= 3.8263952353590356
best corr= -0.059867155
best smape= 0.33950773174682664
best objective= 4.016653060913086
best hps= [1, 0.000102, 16, 128, 256, 1024, 20, 0.02, 2, 50, 0.6, 0.1, 2, 1]
best test rse= 3.2114675286322627
best test corr= -0.06372837
[Target-Weighted Loss] weights applied: {'us_Trade Weighted Dollar Index': 70.0, 'kr_fx': 70.0, 'jp_fx': 70.0}
[Target-Only Loss] enabled for columns: ['us_Trade Weighted Dollar Index', 'jp_fx', 'kr_fx']
[Bias Penalty] enabled lambda=0.4 scope=focus cols=['us_Trade Weighted Dollar Index', 'jp_fx', 'kr_fx']
iter:  0 | loss: 0.038
iter:  1 | loss: 0.037
iter:  2 | loss: 0.038
iter:  3 | loss: 0.029
iter:  4 | loss: 0.040
iter:  5 | loss: 0.028
iter:  6 | loss: 0.033
iter:  7 | loss: 0.020
iter:  8 | loss: 0.048
iter:  9 | loss: 0.045
iter: 10 | loss: 0.052
iter: 11 | loss: 0.038
iter: 12 | loss: 0.048
iter: 13 | loss: 0.064
iter: 14 | loss: 0.017
iter: 15 | loss: 0.039
iter: 16 | loss: 0.048
iter: 17 | loss: 0.028
iter: 18 | loss: 0.044
iter: 19 | loss: 0.053
iter: 20 | loss: 0.060
iter: 21 | loss: 0.050
iter: 22 | loss: 0.064
iter: 23 | loss: 0.030
iter: 24 | loss: 0.048
iter: 25 | loss: 0.033
iter: 26 | loss: 0.027
iter: 27 | loss: 0.067
iter: 28 | loss: 0.028
iter: 29 | loss: 0.019
iter: 30 | loss: 0.030
iter: 31 | loss: 0.055
iter: 32 | loss: 0.061
testing r= 5
rrse(target)=104.30664865254276 / 34.87594854780834 | rrse(all)=178998500632551.16 / 34622966134154.824 | report_mode=targets
[Validation] per_target_rrse_json={"us_Trade Weighted Dollar Index": 3.866084098815918, "jp_fx": 5.290515899658203, "kr_fx": 2.893359661102295}
[Validation] per_target_lag_mae_json={"us_Trade Weighted Dollar Index": 0.5040304064750671, "jp_fx": 0.5807092785835266, "kr_fx": 6.199784755706787}
[Validation] per_target_dir_mismatch_json={"us_Trade Weighted Dollar Index": 0.36363636363636365, "jp_fx": 0.36363636363636365, "kr_fx": 0.36363636363636365}
| end of epoch  10 | time:  1.99s | train_loss 0.0411 | valid rse 2.9908 | valid rae 3.8264 | valid corr  -0.0599 | valid smape  0.3395 | focus_rrse 4.0167 | obj 4.0167
Experiment: 1
Iter: 0
epoch: 11
hp= [1, 0.000102, 16, 128, 256, 1024, 20, 0.02, 2, 50, 0.6, 0.1, 2, 11]
best sum= 6.877052691096572
best rrse= 2.990790300930684
best rrae= 3.8263952353590356
best corr= -0.059867155
best smape= 0.33950773174682664
best objective= 4.016653060913086
best hps= [1, 0.000102, 16, 128, 256, 1024, 20, 0.02, 2, 50, 0.6, 0.1, 2, 1]
best test rse= 3.2114675286322627
best test corr= -0.06372837
[Target-Weighted Loss] weights applied: {'us_Trade Weighted Dollar Index': 70.0, 'kr_fx': 70.0, 'jp_fx': 70.0}
[Target-Only Loss] enabled for columns: ['us_Trade Weighted Dollar Index', 'jp_fx', 'kr_fx']
[Bias Penalty] enabled lambda=0.4 scope=focus cols=['us_Trade Weighted Dollar Index', 'jp_fx', 'kr_fx']
iter:  0 | loss: 0.034
iter:  1 | loss: 0.039
iter:  2 | loss: 0.036
iter:  3 | loss: 0.041
iter:  4 | loss: 0.053
iter:  5 | loss: 0.035
iter:  6 | loss: 0.059
iter:  7 | loss: 0.020
iter:  8 | loss: 0.038
iter:  9 | loss: 0.050
iter: 10 | loss: 0.046
iter: 11 | loss: 0.059
iter: 12 | loss: 0.035
iter: 13 | loss: 0.030
iter: 14 | loss: 0.044
iter: 15 | loss: 0.041
iter: 16 | loss: 0.051
iter: 17 | loss: 0.025
iter: 18 | loss: 0.044
iter: 19 | loss: 0.030
iter: 20 | loss: 0.029
iter: 21 | loss: 0.030
iter: 22 | loss: 0.055
iter: 23 | loss: 0.029
iter: 24 | loss: 0.054
iter: 25 | loss: 0.055
iter: 26 | loss: 0.026
iter: 27 | loss: 0.047
iter: 28 | loss: 0.056
iter: 29 | loss: 0.043
iter: 30 | loss: 0.027
iter: 31 | loss: 0.038
iter: 32 | loss: 0.065
testing r= 5
rrse(target)=104.30664865254276 / 34.87594854780834 | rrse(all)=178998500632551.16 / 34622966134154.824 | report_mode=targets
[Validation] per_target_rrse_json={"us_Trade Weighted Dollar Index": 3.866084098815918, "jp_fx": 5.290515899658203, "kr_fx": 2.893359661102295}
[Validation] per_target_lag_mae_json={"us_Trade Weighted Dollar Index": 0.5040304064750671, "jp_fx": 0.5807092785835266, "kr_fx": 6.199784755706787}
[Validation] per_target_dir_mismatch_json={"us_Trade Weighted Dollar Index": 0.36363636363636365, "jp_fx": 0.36363636363636365, "kr_fx": 0.36363636363636365}
| end of epoch  11 | time:  2.02s | train_loss 0.0412 | valid rse 2.9908 | valid rae 3.8264 | valid corr  -0.0599 | valid smape  0.3395 | focus_rrse 4.0167 | obj 4.0167
Experiment: 1
Iter: 0
epoch: 12
hp= [1, 0.000102, 16, 128, 256, 1024, 20, 0.02, 2, 50, 0.6, 0.1, 2, 12]
best sum= 6.877052691096572
best rrse= 2.990790300930684
best rrae= 3.8263952353590356
best corr= -0.059867155
best smape= 0.33950773174682664
best objective= 4.016653060913086
best hps= [1, 0.000102, 16, 128, 256, 1024, 20, 0.02, 2, 50, 0.6, 0.1, 2, 1]
best test rse= 3.2114675286322627
best test corr= -0.06372837
[Target-Weighted Loss] weights applied: {'us_Trade Weighted Dollar Index': 70.0, 'kr_fx': 70.0, 'jp_fx': 70.0}
[Target-Only Loss] enabled for columns: ['us_Trade Weighted Dollar Index', 'jp_fx', 'kr_fx']
[Bias Penalty] enabled lambda=0.4 scope=focus cols=['us_Trade Weighted Dollar Index', 'jp_fx', 'kr_fx']
iter:  0 | loss: 0.030
iter:  1 | loss: 0.058
iter:  2 | loss: 0.039
iter:  3 | loss: 0.025
iter:  4 | loss: 0.041
iter:  5 | loss: 0.029
iter:  6 | loss: 0.088
iter:  7 | loss: 0.058
iter:  8 | loss: 0.041
iter:  9 | loss: 0.011
iter: 10 | loss: 0.038
iter: 11 | loss: 0.034
iter: 12 | loss: 0.026
iter: 13 | loss: 0.032
iter: 14 | loss: 0.030
iter: 15 | loss: 0.043
iter: 16 | loss: 0.031
iter: 17 | loss: 0.028
iter: 18 | loss: 0.028
iter: 19 | loss: 0.019
iter: 20 | loss: 0.051
iter: 21 | loss: 0.042
iter: 22 | loss: 0.057
iter: 23 | loss: 0.050
iter: 24 | loss: 0.037
iter: 25 | loss: 0.049
iter: 26 | loss: 0.051
iter: 27 | loss: 0.045
iter: 28 | loss: 0.049
iter: 29 | loss: 0.029
iter: 30 | loss: 0.071
iter: 31 | loss: 0.031
iter: 32 | loss: 0.063
testing r= 5
rrse(target)=104.30664865254276 / 34.87594854780834 | rrse(all)=178998500632551.16 / 34622966134154.824 | report_mode=targets
[Validation] per_target_rrse_json={"us_Trade Weighted Dollar Index": 3.866084098815918, "jp_fx": 5.290515899658203, "kr_fx": 2.893359661102295}
[Validation] per_target_lag_mae_json={"us_Trade Weighted Dollar Index": 0.5040304064750671, "jp_fx": 0.5807092785835266, "kr_fx": 6.199784755706787}
[Validation] per_target_dir_mismatch_json={"us_Trade Weighted Dollar Index": 0.36363636363636365, "jp_fx": 0.36363636363636365, "kr_fx": 0.36363636363636365}
| end of epoch  12 | time:  2.11s | train_loss 0.0409 | valid rse 2.9908 | valid rae 3.8264 | valid corr  -0.0599 | valid smape  0.3395 | focus_rrse 4.0167 | obj 4.0167
Experiment: 1
Iter: 0
epoch: 13
hp= [1, 0.000102, 16, 128, 256, 1024, 20, 0.02, 2, 50, 0.6, 0.1, 2, 13]
best sum= 6.877052691096572
best rrse= 2.990790300930684
best rrae= 3.8263952353590356
best corr= -0.059867155
best smape= 0.33950773174682664
best objective= 4.016653060913086
best hps= [1, 0.000102, 16, 128, 256, 1024, 20, 0.02, 2, 50, 0.6, 0.1, 2, 1]
best test rse= 3.2114675286322627
best test corr= -0.06372837
[Target-Weighted Loss] weights applied: {'us_Trade Weighted Dollar Index': 70.0, 'kr_fx': 70.0, 'jp_fx': 70.0}
[Target-Only Loss] enabled for columns: ['us_Trade Weighted Dollar Index', 'jp_fx', 'kr_fx']
[Bias Penalty] enabled lambda=0.4 scope=focus cols=['us_Trade Weighted Dollar Index', 'jp_fx', 'kr_fx']
iter:  0 | loss: 0.054
iter:  1 | loss: 0.044
iter:  2 | loss: 0.039
iter:  3 | loss: 0.046
iter:  4 | loss: 0.040
iter:  5 | loss: 0.051
iter:  6 | loss: 0.032
iter:  7 | loss: 0.062
iter:  8 | loss: 0.067
iter:  9 | loss: 0.024
iter: 10 | loss: 0.023
iter: 11 | loss: 0.040
iter: 12 | loss: 0.026
iter: 13 | loss: 0.056
iter: 14 | loss: 0.029
iter: 15 | loss: 0.044
iter: 16 | loss: 0.028
iter: 17 | loss: 0.031
iter: 18 | loss: 0.032
iter: 19 | loss: 0.029
iter: 20 | loss: 0.040
iter: 21 | loss: 0.042
iter: 22 | loss: 0.037
iter: 23 | loss: 0.041
iter: 24 | loss: 0.039
iter: 25 | loss: 0.046
iter: 26 | loss: 0.040
iter: 27 | loss: 0.042
iter: 28 | loss: 0.032
iter: 29 | loss: 0.042
iter: 30 | loss: 0.042
iter: 31 | loss: 0.032
iter: 32 | loss: 0.064
testing r= 5
rrse(target)=104.30664865254276 / 34.87594854780834 | rrse(all)=178998500632551.16 / 34622966134154.824 | report_mode=targets
[Validation] per_target_rrse_json={"us_Trade Weighted Dollar Index": 3.866084098815918, "jp_fx": 5.290515899658203, "kr_fx": 2.893359661102295}
[Validation] per_target_lag_mae_json={"us_Trade Weighted Dollar Index": 0.5040304064750671, "jp_fx": 0.5807092785835266, "kr_fx": 6.199784755706787}
[Validation] per_target_dir_mismatch_json={"us_Trade Weighted Dollar Index": 0.36363636363636365, "jp_fx": 0.36363636363636365, "kr_fx": 0.36363636363636365}
| end of epoch  13 | time:  2.00s | train_loss 0.0403 | valid rse 2.9908 | valid rae 3.8264 | valid corr  -0.0599 | valid smape  0.3395 | focus_rrse 4.0167 | obj 4.0167
Experiment: 1
Iter: 0
epoch: 14
hp= [1, 0.000102, 16, 128, 256, 1024, 20, 0.02, 2, 50, 0.6, 0.1, 2, 14]
best sum= 6.877052691096572
best rrse= 2.990790300930684
best rrae= 3.8263952353590356
best corr= -0.059867155
best smape= 0.33950773174682664
best objective= 4.016653060913086
best hps= [1, 0.000102, 16, 128, 256, 1024, 20, 0.02, 2, 50, 0.6, 0.1, 2, 1]
best test rse= 3.2114675286322627
best test corr= -0.06372837
[Target-Weighted Loss] weights applied: {'us_Trade Weighted Dollar Index': 70.0, 'kr_fx': 70.0, 'jp_fx': 70.0}
[Target-Only Loss] enabled for columns: ['us_Trade Weighted Dollar Index', 'jp_fx', 'kr_fx']
[Bias Penalty] enabled lambda=0.4 scope=focus cols=['us_Trade Weighted Dollar Index', 'jp_fx', 'kr_fx']
iter:  0 | loss: 0.027
iter:  1 | loss: 0.043
iter:  2 | loss: 0.034
iter:  3 | loss: 0.082
iter:  4 | loss: 0.067
iter:  5 | loss: 0.034
iter:  6 | loss: 0.052
iter:  7 | loss: 0.040
iter:  8 | loss: 0.031
iter:  9 | loss: 0.056
iter: 10 | loss: 0.022
iter: 11 | loss: 0.047
iter: 12 | loss: 0.027
iter: 13 | loss: 0.023
iter: 14 | loss: 0.027
iter: 15 | loss: 0.034
iter: 16 | loss: 0.059
iter: 17 | loss: 0.026
iter: 18 | loss: 0.035
iter: 19 | loss: 0.066
iter: 20 | loss: 0.045
iter: 21 | loss: 0.032
iter: 22 | loss: 0.051
iter: 23 | loss: 0.034
iter: 24 | loss: 0.050
iter: 25 | loss: 0.030
iter: 26 | loss: 0.051
iter: 27 | loss: 0.026
iter: 28 | loss: 0.029
iter: 29 | loss: 0.053
iter: 30 | loss: 0.043
iter: 31 | loss: 0.028
iter: 32 | loss: 0.088
testing r= 5
rrse(target)=104.30664865254276 / 34.87594854780834 | rrse(all)=178998500632551.16 / 34622966134154.824 | report_mode=targets
[Validation] per_target_rrse_json={"us_Trade Weighted Dollar Index": 3.866084098815918, "jp_fx": 5.290515899658203, "kr_fx": 2.893359661102295}
[Validation] per_target_lag_mae_json={"us_Trade Weighted Dollar Index": 0.5040304064750671, "jp_fx": 0.5807092785835266, "kr_fx": 6.199784755706787}
[Validation] per_target_dir_mismatch_json={"us_Trade Weighted Dollar Index": 0.36363636363636365, "jp_fx": 0.36363636363636365, "kr_fx": 0.36363636363636365}
| end of epoch  14 | time:  1.97s | train_loss 0.0419 | valid rse 2.9908 | valid rae 3.8264 | valid corr  -0.0599 | valid smape  0.3395 | focus_rrse 4.0167 | obj 4.0167
Experiment: 1
Iter: 0
epoch: 15
hp= [1, 0.000102, 16, 128, 256, 1024, 20, 0.02, 2, 50, 0.6, 0.1, 2, 15]
best sum= 6.877052691096572
best rrse= 2.990790300930684
best rrae= 3.8263952353590356
best corr= -0.059867155
best smape= 0.33950773174682664
best objective= 4.016653060913086
best hps= [1, 0.000102, 16, 128, 256, 1024, 20, 0.02, 2, 50, 0.6, 0.1, 2, 1]
best test rse= 3.2114675286322627
best test corr= -0.06372837
[Target-Weighted Loss] weights applied: {'us_Trade Weighted Dollar Index': 70.0, 'kr_fx': 70.0, 'jp_fx': 70.0}
[Target-Only Loss] enabled for columns: ['us_Trade Weighted Dollar Index', 'jp_fx', 'kr_fx']
[Bias Penalty] enabled lambda=0.4 scope=focus cols=['us_Trade Weighted Dollar Index', 'jp_fx', 'kr_fx']
iter:  0 | loss: 0.055
iter:  1 | loss: 0.031
iter:  2 | loss: 0.038
iter:  3 | loss: 0.046
iter:  4 | loss: 0.035
iter:  5 | loss: 0.036
iter:  6 | loss: 0.041
iter:  7 | loss: 0.034
iter:  8 | loss: 0.049
iter:  9 | loss: 0.025
iter: 10 | loss: 0.043
iter: 11 | loss: 0.042
iter: 12 | loss: 0.020
iter: 13 | loss: 0.052
iter: 14 | loss: 0.031
iter: 15 | loss: 0.052
iter: 16 | loss: 0.041
iter: 17 | loss: 0.035
iter: 18 | loss: 0.043
iter: 19 | loss: 0.042
iter: 20 | loss: 0.049
iter: 21 | loss: 0.038
iter: 22 | loss: 0.052
iter: 23 | loss: 0.031
iter: 24 | loss: 0.034
iter: 25 | loss: 0.032
iter: 26 | loss: 0.034
iter: 27 | loss: 0.035
iter: 28 | loss: 0.040
iter: 29 | loss: 0.037
iter: 30 | loss: 0.065
iter: 31 | loss: 0.045
iter: 32 | loss: 0.054
testing r= 5
rrse(target)=104.30664865254276 / 34.87594854780834 | rrse(all)=178998500632551.16 / 34622966134154.824 | report_mode=targets
[Validation] per_target_rrse_json={"us_Trade Weighted Dollar Index": 3.866084098815918, "jp_fx": 5.290515899658203, "kr_fx": 2.893359661102295}
[Validation] per_target_lag_mae_json={"us_Trade Weighted Dollar Index": 0.5040304064750671, "jp_fx": 0.5807092785835266, "kr_fx": 6.199784755706787}
[Validation] per_target_dir_mismatch_json={"us_Trade Weighted Dollar Index": 0.36363636363636365, "jp_fx": 0.36363636363636365, "kr_fx": 0.36363636363636365}
| end of epoch  15 | time:  1.92s | train_loss 0.0404 | valid rse 2.9908 | valid rae 3.8264 | valid corr  -0.0599 | valid smape  0.3395 | focus_rrse 4.0167 | obj 4.0167
Experiment: 1
Iter: 0
epoch: 16
hp= [1, 0.000102, 16, 128, 256, 1024, 20, 0.02, 2, 50, 0.6, 0.1, 2, 16]
best sum= 6.877052691096572
best rrse= 2.990790300930684
best rrae= 3.8263952353590356
best corr= -0.059867155
best smape= 0.33950773174682664
best objective= 4.016653060913086
best hps= [1, 0.000102, 16, 128, 256, 1024, 20, 0.02, 2, 50, 0.6, 0.1, 2, 1]
best test rse= 3.2114675286322627
best test corr= -0.06372837
[Target-Weighted Loss] weights applied: {'us_Trade Weighted Dollar Index': 70.0, 'kr_fx': 70.0, 'jp_fx': 70.0}
[Target-Only Loss] enabled for columns: ['us_Trade Weighted Dollar Index', 'jp_fx', 'kr_fx']
[Bias Penalty] enabled lambda=0.4 scope=focus cols=['us_Trade Weighted Dollar Index', 'jp_fx', 'kr_fx']
iter:  0 | loss: 0.065
iter:  1 | loss: 0.026
iter:  2 | loss: 0.066
iter:  3 | loss: 0.038
iter:  4 | loss: 0.065
iter:  5 | loss: 0.036
iter:  6 | loss: 0.023
iter:  7 | loss: 0.060
iter:  8 | loss: 0.027
iter:  9 | loss: 0.039
iter: 10 | loss: 0.044
iter: 11 | loss: 0.027
iter: 12 | loss: 0.045
iter: 13 | loss: 0.049
iter: 14 | loss: 0.036
iter: 15 | loss: 0.030
iter: 16 | loss: 0.048
iter: 17 | loss: 0.024
iter: 18 | loss: 0.056
iter: 19 | loss: 0.028
iter: 20 | loss: 0.025
iter: 21 | loss: 0.026
iter: 22 | loss: 0.036
iter: 23 | loss: 0.047
iter: 24 | loss: 0.028
iter: 25 | loss: 0.045
iter: 26 | loss: 0.048
iter: 27 | loss: 0.031
iter: 28 | loss: 0.039
iter: 29 | loss: 0.033
iter: 30 | loss: 0.056
iter: 31 | loss: 0.032
iter: 32 | loss: 0.116
testing r= 5
rrse(target)=104.30664865254276 / 34.87594854780834 | rrse(all)=178998500632551.16 / 34622966134154.824 | report_mode=targets
[Validation] per_target_rrse_json={"us_Trade Weighted Dollar Index": 3.866084098815918, "jp_fx": 5.290515899658203, "kr_fx": 2.893359661102295}
[Validation] per_target_lag_mae_json={"us_Trade Weighted Dollar Index": 0.5040304064750671, "jp_fx": 0.5807092785835266, "kr_fx": 6.199784755706787}
[Validation] per_target_dir_mismatch_json={"us_Trade Weighted Dollar Index": 0.36363636363636365, "jp_fx": 0.36363636363636365, "kr_fx": 0.36363636363636365}
| end of epoch  16 | time:  1.93s | train_loss 0.0417 | valid rse 2.9908 | valid rae 3.8264 | valid corr  -0.0599 | valid smape  0.3395 | focus_rrse 4.0167 | obj 4.0167
Experiment: 1
Iter: 0
epoch: 17
hp= [1, 0.000102, 16, 128, 256, 1024, 20, 0.02, 2, 50, 0.6, 0.1, 2, 17]
best sum= 6.877052691096572
best rrse= 2.990790300930684
best rrae= 3.8263952353590356
best corr= -0.059867155
best smape= 0.33950773174682664
best objective= 4.016653060913086
best hps= [1, 0.000102, 16, 128, 256, 1024, 20, 0.02, 2, 50, 0.6, 0.1, 2, 1]
best test rse= 3.2114675286322627
best test corr= -0.06372837
[Target-Weighted Loss] weights applied: {'us_Trade Weighted Dollar Index': 70.0, 'kr_fx': 70.0, 'jp_fx': 70.0}
[Target-Only Loss] enabled for columns: ['us_Trade Weighted Dollar Index', 'jp_fx', 'kr_fx']
[Bias Penalty] enabled lambda=0.4 scope=focus cols=['us_Trade Weighted Dollar Index', 'jp_fx', 'kr_fx']
iter:  0 | loss: 0.033
iter:  1 | loss: 0.027
iter:  2 | loss: 0.038
iter:  3 | loss: 0.049
iter:  4 | loss: 0.065
iter:  5 | loss: 0.031
iter:  6 | loss: 0.053
iter:  7 | loss: 0.029
iter:  8 | loss: 0.035
iter:  9 | loss: 0.031
iter: 10 | loss: 0.032
iter: 11 | loss: 0.053
iter: 12 | loss: 0.047
iter: 13 | loss: 0.044
iter: 14 | loss: 0.036
iter: 15 | loss: 0.035
iter: 16 | loss: 0.049
iter: 17 | loss: 0.031
iter: 18 | loss: 0.020
iter: 19 | loss: 0.061
iter: 20 | loss: 0.042
iter: 21 | loss: 0.054
iter: 22 | loss: 0.076
iter: 23 | loss: 0.023
iter: 24 | loss: 0.037
iter: 25 | loss: 0.043
iter: 26 | loss: 0.035
iter: 27 | loss: 0.034
iter: 28 | loss: 0.039
iter: 29 | loss: 0.039
iter: 30 | loss: 0.050
iter: 31 | loss: 0.034
iter: 32 | loss: 0.053
testing r= 5
rrse(target)=104.30664865254276 / 34.87594854780834 | rrse(all)=178998500632551.16 / 34622966134154.824 | report_mode=targets
[Validation] per_target_rrse_json={"us_Trade Weighted Dollar Index": 3.866084098815918, "jp_fx": 5.290515899658203, "kr_fx": 2.893359661102295}
[Validation] per_target_lag_mae_json={"us_Trade Weighted Dollar Index": 0.5040304064750671, "jp_fx": 0.5807092785835266, "kr_fx": 6.199784755706787}
[Validation] per_target_dir_mismatch_json={"us_Trade Weighted Dollar Index": 0.36363636363636365, "jp_fx": 0.36363636363636365, "kr_fx": 0.36363636363636365}
| end of epoch  17 | time:  2.01s | train_loss 0.0410 | valid rse 2.9908 | valid rae 3.8264 | valid corr  -0.0599 | valid smape  0.3395 | focus_rrse 4.0167 | obj 4.0167
Experiment: 1
Iter: 0
epoch: 18
hp= [1, 0.000102, 16, 128, 256, 1024, 20, 0.02, 2, 50, 0.6, 0.1, 2, 18]
best sum= 6.877052691096572
best rrse= 2.990790300930684
best rrae= 3.8263952353590356
best corr= -0.059867155
best smape= 0.33950773174682664
best objective= 4.016653060913086
best hps= [1, 0.000102, 16, 128, 256, 1024, 20, 0.02, 2, 50, 0.6, 0.1, 2, 1]
best test rse= 3.2114675286322627
best test corr= -0.06372837
[Target-Weighted Loss] weights applied: {'us_Trade Weighted Dollar Index': 70.0, 'kr_fx': 70.0, 'jp_fx': 70.0}
[Target-Only Loss] enabled for columns: ['us_Trade Weighted Dollar Index', 'jp_fx', 'kr_fx']
[Bias Penalty] enabled lambda=0.4 scope=focus cols=['us_Trade Weighted Dollar Index', 'jp_fx', 'kr_fx']
iter:  0 | loss: 0.025
iter:  1 | loss: 0.036
iter:  2 | loss: 0.031
iter:  3 | loss: 0.023
iter:  4 | loss: 0.025
iter:  5 | loss: 0.031
iter:  6 | loss: 0.026
iter:  7 | loss: 0.041
iter:  8 | loss: 0.042
iter:  9 | loss: 0.048
iter: 10 | loss: 0.049
iter: 11 | loss: 0.054
iter: 12 | loss: 0.067
iter: 13 | loss: 0.029
iter: 14 | loss: 0.046
iter: 15 | loss: 0.038
iter: 16 | loss: 0.025
iter: 17 | loss: 0.052
iter: 18 | loss: 0.038
iter: 19 | loss: 0.025
iter: 20 | loss: 0.030
iter: 21 | loss: 0.041
iter: 22 | loss: 0.037
iter: 23 | loss: 0.039
iter: 24 | loss: 0.050
iter: 25 | loss: 0.063
iter: 26 | loss: 0.074
iter: 27 | loss: 0.047
iter: 28 | loss: 0.026
iter: 29 | loss: 0.038
iter: 30 | loss: 0.036
iter: 31 | loss: 0.042
iter: 32 | loss: 0.080
testing r= 5
rrse(target)=104.30664865254276 / 34.87594854780834 | rrse(all)=178998500632551.16 / 34622966134154.824 | report_mode=targets
[Validation] per_target_rrse_json={"us_Trade Weighted Dollar Index": 3.866084098815918, "jp_fx": 5.290515899658203, "kr_fx": 2.893359661102295}
[Validation] per_target_lag_mae_json={"us_Trade Weighted Dollar Index": 0.5040304064750671, "jp_fx": 0.5807092785835266, "kr_fx": 6.199784755706787}
[Validation] per_target_dir_mismatch_json={"us_Trade Weighted Dollar Index": 0.36363636363636365, "jp_fx": 0.36363636363636365, "kr_fx": 0.36363636363636365}
| end of epoch  18 | time:  2.04s | train_loss 0.0408 | valid rse 2.9908 | valid rae 3.8264 | valid corr  -0.0599 | valid smape  0.3395 | focus_rrse 4.0167 | obj 4.0167
Experiment: 1
Iter: 0
epoch: 19
hp= [1, 0.000102, 16, 128, 256, 1024, 20, 0.02, 2, 50, 0.6, 0.1, 2, 19]
best sum= 6.877052691096572
best rrse= 2.990790300930684
best rrae= 3.8263952353590356
best corr= -0.059867155
best smape= 0.33950773174682664
best objective= 4.016653060913086
best hps= [1, 0.000102, 16, 128, 256, 1024, 20, 0.02, 2, 50, 0.6, 0.1, 2, 1]
best test rse= 3.2114675286322627
best test corr= -0.06372837
[Target-Weighted Loss] weights applied: {'us_Trade Weighted Dollar Index': 70.0, 'kr_fx': 70.0, 'jp_fx': 70.0}
[Target-Only Loss] enabled for columns: ['us_Trade Weighted Dollar Index', 'jp_fx', 'kr_fx']
[Bias Penalty] enabled lambda=0.4 scope=focus cols=['us_Trade Weighted Dollar Index', 'jp_fx', 'kr_fx']
iter:  0 | loss: 0.033
iter:  1 | loss: 0.027
iter:  2 | loss: 0.041
iter:  3 | loss: 0.052
iter:  4 | loss: 0.055
iter:  5 | loss: 0.032
iter:  6 | loss: 0.034
iter:  7 | loss: 0.039
iter:  8 | loss: 0.028
iter:  9 | loss: 0.033
iter: 10 | loss: 0.033
iter: 11 | loss: 0.040
iter: 12 | loss: 0.041
iter: 13 | loss: 0.040
iter: 14 | loss: 0.037
iter: 15 | loss: 0.090
iter: 16 | loss: 0.064
iter: 17 | loss: 0.031
iter: 18 | loss: 0.030
iter: 19 | loss: 0.038
iter: 20 | loss: 0.050
iter: 21 | loss: 0.026
iter: 22 | loss: 0.047
iter: 23 | loss: 0.037
iter: 24 | loss: 0.018
iter: 25 | loss: 0.027
iter: 26 | loss: 0.034
iter: 27 | loss: 0.049
iter: 28 | loss: 0.049
iter: 29 | loss: 0.042
iter: 30 | loss: 0.031
iter: 31 | loss: 0.047
iter: 32 | loss: 0.051
testing r= 5
rrse(target)=104.30664865254276 / 34.87594854780834 | rrse(all)=178998500632551.16 / 34622966134154.824 | report_mode=targets
[Validation] per_target_rrse_json={"us_Trade Weighted Dollar Index": 3.866084098815918, "jp_fx": 5.290515899658203, "kr_fx": 2.893359661102295}
[Validation] per_target_lag_mae_json={"us_Trade Weighted Dollar Index": 0.5040304064750671, "jp_fx": 0.5807092785835266, "kr_fx": 6.199784755706787}
[Validation] per_target_dir_mismatch_json={"us_Trade Weighted Dollar Index": 0.36363636363636365, "jp_fx": 0.36363636363636365, "kr_fx": 0.36363636363636365}
| end of epoch  19 | time:  2.09s | train_loss 0.0401 | valid rse 2.9908 | valid rae 3.8264 | valid corr  -0.0599 | valid smape  0.3395 | focus_rrse 4.0167 | obj 4.0167
Experiment: 1
Iter: 0
epoch: 20
hp= [1, 0.000102, 16, 128, 256, 1024, 20, 0.02, 2, 50, 0.6, 0.1, 2, 20]
best sum= 6.877052691096572
best rrse= 2.990790300930684
best rrae= 3.8263952353590356
best corr= -0.059867155
best smape= 0.33950773174682664
best objective= 4.016653060913086
best hps= [1, 0.000102, 16, 128, 256, 1024, 20, 0.02, 2, 50, 0.6, 0.1, 2, 1]
best test rse= 3.2114675286322627
best test corr= -0.06372837
[Target-Weighted Loss] weights applied: {'us_Trade Weighted Dollar Index': 70.0, 'kr_fx': 70.0, 'jp_fx': 70.0}
[Target-Only Loss] enabled for columns: ['us_Trade Weighted Dollar Index', 'jp_fx', 'kr_fx']
[Bias Penalty] enabled lambda=0.4 scope=focus cols=['us_Trade Weighted Dollar Index', 'jp_fx', 'kr_fx']
iter:  0 | loss: 0.042
iter:  1 | loss: 0.025
iter:  2 | loss: 0.034
iter:  3 | loss: 0.029
iter:  4 | loss: 0.067
iter:  5 | loss: 0.041
iter:  6 | loss: 0.035
iter:  7 | loss: 0.047
iter:  8 | loss: 0.073
iter:  9 | loss: 0.032
iter: 10 | loss: 0.064
iter: 11 | loss: 0.040
iter: 12 | loss: 0.058
iter: 13 | loss: 0.051
iter: 14 | loss: 0.041
iter: 15 | loss: 0.028
iter: 16 | loss: 0.033
iter: 17 | loss: 0.047
iter: 18 | loss: 0.053
iter: 19 | loss: 0.062
iter: 20 | loss: 0.021
iter: 21 | loss: 0.038
iter: 22 | loss: 0.016
iter: 23 | loss: 0.041
iter: 24 | loss: 0.028
iter: 25 | loss: 0.024
iter: 26 | loss: 0.031
iter: 27 | loss: 0.045
iter: 28 | loss: 0.063
iter: 29 | loss: 0.024
iter: 30 | loss: 0.037
iter: 31 | loss: 0.029
iter: 32 | loss: 0.049
testing r= 5
rrse(target)=104.30664865254276 / 34.87594854780834 | rrse(all)=178998500632551.16 / 34622966134154.824 | report_mode=targets
[Validation] per_target_rrse_json={"us_Trade Weighted Dollar Index": 3.866084098815918, "jp_fx": 5.290515899658203, "kr_fx": 2.893359661102295}
[Validation] per_target_lag_mae_json={"us_Trade Weighted Dollar Index": 0.5040304064750671, "jp_fx": 0.5807092785835266, "kr_fx": 6.199784755706787}
[Validation] per_target_dir_mismatch_json={"us_Trade Weighted Dollar Index": 0.36363636363636365, "jp_fx": 0.36363636363636365, "kr_fx": 0.36363636363636365}
| end of epoch  20 | time:  2.04s | train_loss 0.0408 | valid rse 2.9908 | valid rae 3.8264 | valid corr  -0.0599 | valid smape  0.3395 | focus_rrse 4.0167 | obj 4.0167
Experiment: 1
Iter: 0
epoch: 21
hp= [1, 0.000102, 16, 128, 256, 1024, 20, 0.02, 2, 50, 0.6, 0.1, 2, 21]
best sum= 6.877052691096572
best rrse= 2.990790300930684
best rrae= 3.8263952353590356
best corr= -0.059867155
best smape= 0.33950773174682664
best objective= 4.016653060913086
best hps= [1, 0.000102, 16, 128, 256, 1024, 20, 0.02, 2, 50, 0.6, 0.1, 2, 1]
best test rse= 3.2114675286322627
best test corr= -0.06372837
[Target-Weighted Loss] weights applied: {'us_Trade Weighted Dollar Index': 70.0, 'kr_fx': 70.0, 'jp_fx': 70.0}
[Target-Only Loss] enabled for columns: ['us_Trade Weighted Dollar Index', 'jp_fx', 'kr_fx']
[Bias Penalty] enabled lambda=0.4 scope=focus cols=['us_Trade Weighted Dollar Index', 'jp_fx', 'kr_fx']
iter:  0 | loss: 0.020
iter:  1 | loss: 0.032
iter:  2 | loss: 0.039
iter:  3 | loss: 0.032
iter:  4 | loss: 0.032
iter:  5 | loss: 0.044
iter:  6 | loss: 0.057
iter:  7 | loss: 0.048
iter:  8 | loss: 0.040
iter:  9 | loss: 0.031
iter: 10 | loss: 0.030
iter: 11 | loss: 0.027
iter: 12 | loss: 0.034
iter: 13 | loss: 0.049
iter: 14 | loss: 0.047
iter: 15 | loss: 0.055
iter: 16 | loss: 0.026
iter: 17 | loss: 0.053
iter: 18 | loss: 0.053
iter: 19 | loss: 0.053
iter: 20 | loss: 0.019
iter: 21 | loss: 0.062
iter: 22 | loss: 0.055
iter: 23 | loss: 0.032
iter: 24 | loss: 0.040
iter: 25 | loss: 0.038
iter: 26 | loss: 0.031
iter: 27 | loss: 0.024
iter: 28 | loss: 0.055
iter: 29 | loss: 0.053
iter: 30 | loss: 0.051
iter: 31 | loss: 0.058
iter: 32 | loss: 0.031
testing r= 5
rrse(target)=104.30664865254276 / 34.87594854780834 | rrse(all)=178998500632551.16 / 34622966134154.824 | report_mode=targets
[Validation] per_target_rrse_json={"us_Trade Weighted Dollar Index": 3.866084098815918, "jp_fx": 5.290515899658203, "kr_fx": 2.893359661102295}
[Validation] per_target_lag_mae_json={"us_Trade Weighted Dollar Index": 0.5040304064750671, "jp_fx": 0.5807092785835266, "kr_fx": 6.199784755706787}
[Validation] per_target_dir_mismatch_json={"us_Trade Weighted Dollar Index": 0.36363636363636365, "jp_fx": 0.36363636363636365, "kr_fx": 0.36363636363636365}
| end of epoch  21 | time:  1.98s | train_loss 0.0410 | valid rse 2.9908 | valid rae 3.8264 | valid corr  -0.0599 | valid smape  0.3395 | focus_rrse 4.0167 | obj 4.0167
Experiment: 1
Iter: 0
epoch: 22
hp= [1, 0.000102, 16, 128, 256, 1024, 20, 0.02, 2, 50, 0.6, 0.1, 2, 22]
best sum= 6.877052691096572
best rrse= 2.990790300930684
best rrae= 3.8263952353590356
best corr= -0.059867155
best smape= 0.33950773174682664
best objective= 4.016653060913086
best hps= [1, 0.000102, 16, 128, 256, 1024, 20, 0.02, 2, 50, 0.6, 0.1, 2, 1]
best test rse= 3.2114675286322627
best test corr= -0.06372837
[Target-Weighted Loss] weights applied: {'us_Trade Weighted Dollar Index': 70.0, 'kr_fx': 70.0, 'jp_fx': 70.0}
[Target-Only Loss] enabled for columns: ['us_Trade Weighted Dollar Index', 'jp_fx', 'kr_fx']
[Bias Penalty] enabled lambda=0.4 scope=focus cols=['us_Trade Weighted Dollar Index', 'jp_fx', 'kr_fx']
iter:  0 | loss: 0.082
iter:  1 | loss: 0.029
iter:  2 | loss: 0.036
iter:  3 | loss: 0.026
iter:  4 | loss: 0.041
iter:  5 | loss: 0.046
iter:  6 | loss: 0.038
iter:  7 | loss: 0.056
iter:  8 | loss: 0.039
iter:  9 | loss: 0.020
iter: 10 | loss: 0.036
iter: 11 | loss: 0.036
iter: 12 | loss: 0.041
iter: 13 | loss: 0.057
iter: 14 | loss: 0.035
iter: 15 | loss: 0.050
iter: 16 | loss: 0.026
iter: 17 | loss: 0.025
iter: 18 | loss: 0.052
iter: 19 | loss: 0.034
iter: 20 | loss: 0.032
iter: 21 | loss: 0.038
iter: 22 | loss: 0.042
iter: 23 | loss: 0.029
iter: 24 | loss: 0.064
iter: 25 | loss: 0.051
iter: 26 | loss: 0.023
iter: 27 | loss: 0.070
iter: 28 | loss: 0.051
iter: 29 | loss: 0.046
iter: 30 | loss: 0.012
iter: 31 | loss: 0.046
iter: 32 | loss: 0.060
testing r= 5
rrse(target)=104.30664865254276 / 34.87594854780834 | rrse(all)=178998500632551.16 / 34622966134154.824 | report_mode=targets
[Validation] per_target_rrse_json={"us_Trade Weighted Dollar Index": 3.866084098815918, "jp_fx": 5.290515899658203, "kr_fx": 2.893359661102295}
[Validation] per_target_lag_mae_json={"us_Trade Weighted Dollar Index": 0.5040304064750671, "jp_fx": 0.5807092785835266, "kr_fx": 6.199784755706787}
[Validation] per_target_dir_mismatch_json={"us_Trade Weighted Dollar Index": 0.36363636363636365, "jp_fx": 0.36363636363636365, "kr_fx": 0.36363636363636365}
| end of epoch  22 | time:  2.07s | train_loss 0.0414 | valid rse 2.9908 | valid rae 3.8264 | valid corr  -0.0599 | valid smape  0.3395 | focus_rrse 4.0167 | obj 4.0167
Experiment: 1
Iter: 0
epoch: 23
hp= [1, 0.000102, 16, 128, 256, 1024, 20, 0.02, 2, 50, 0.6, 0.1, 2, 23]
best sum= 6.877052691096572
best rrse= 2.990790300930684
best rrae= 3.8263952353590356
best corr= -0.059867155
best smape= 0.33950773174682664
best objective= 4.016653060913086
best hps= [1, 0.000102, 16, 128, 256, 1024, 20, 0.02, 2, 50, 0.6, 0.1, 2, 1]
best test rse= 3.2114675286322627
best test corr= -0.06372837
[Target-Weighted Loss] weights applied: {'us_Trade Weighted Dollar Index': 70.0, 'kr_fx': 70.0, 'jp_fx': 70.0}
[Target-Only Loss] enabled for columns: ['us_Trade Weighted Dollar Index', 'jp_fx', 'kr_fx']
[Bias Penalty] enabled lambda=0.4 scope=focus cols=['us_Trade Weighted Dollar Index', 'jp_fx', 'kr_fx']
iter:  0 | loss: 0.027
iter:  1 | loss: 0.032
iter:  2 | loss: 0.032
iter:  3 | loss: 0.055
iter:  4 | loss: 0.033
iter:  5 | loss: 0.034
iter:  6 | loss: 0.051
iter:  7 | loss: 0.031
iter:  8 | loss: 0.036
iter:  9 | loss: 0.078
iter: 10 | loss: 0.040
iter: 11 | loss: 0.030
iter: 12 | loss: 0.021
iter: 13 | loss: 0.030
iter: 14 | loss: 0.033
iter: 15 | loss: 0.037
iter: 16 | loss: 0.069
iter: 17 | loss: 0.029
iter: 18 | loss: 0.029
iter: 19 | loss: 0.040
iter: 20 | loss: 0.039
iter: 21 | loss: 0.045
iter: 22 | loss: 0.039
iter: 23 | loss: 0.030
iter: 24 | loss: 0.070
iter: 25 | loss: 0.038
iter: 26 | loss: 0.054
iter: 27 | loss: 0.049
iter: 28 | loss: 0.060
iter: 29 | loss: 0.044
iter: 30 | loss: 0.048
iter: 31 | loss: 0.041
iter: 32 | loss: 0.054
testing r= 5
rrse(target)=104.30664865254276 / 34.87594854780834 | rrse(all)=178998500632551.16 / 34622966134154.824 | report_mode=targets
[Validation] per_target_rrse_json={"us_Trade Weighted Dollar Index": 3.866084098815918, "jp_fx": 5.290515899658203, "kr_fx": 2.893359661102295}
[Validation] per_target_lag_mae_json={"us_Trade Weighted Dollar Index": 0.5040304064750671, "jp_fx": 0.5807092785835266, "kr_fx": 6.199784755706787}
[Validation] per_target_dir_mismatch_json={"us_Trade Weighted Dollar Index": 0.36363636363636365, "jp_fx": 0.36363636363636365, "kr_fx": 0.36363636363636365}
| end of epoch  23 | time:  1.95s | train_loss 0.0416 | valid rse 2.9908 | valid rae 3.8264 | valid corr  -0.0599 | valid smape  0.3395 | focus_rrse 4.0167 | obj 4.0167
Experiment: 1
Iter: 0
epoch: 24
hp= [1, 0.000102, 16, 128, 256, 1024, 20, 0.02, 2, 50, 0.6, 0.1, 2, 24]
best sum= 6.877052691096572
best rrse= 2.990790300930684
best rrae= 3.8263952353590356
best corr= -0.059867155
best smape= 0.33950773174682664
best objective= 4.016653060913086
best hps= [1, 0.000102, 16, 128, 256, 1024, 20, 0.02, 2, 50, 0.6, 0.1, 2, 1]
best test rse= 3.2114675286322627
best test corr= -0.06372837
[Target-Weighted Loss] weights applied: {'us_Trade Weighted Dollar Index': 70.0, 'kr_fx': 70.0, 'jp_fx': 70.0}
[Target-Only Loss] enabled for columns: ['us_Trade Weighted Dollar Index', 'jp_fx', 'kr_fx']
[Bias Penalty] enabled lambda=0.4 scope=focus cols=['us_Trade Weighted Dollar Index', 'jp_fx', 'kr_fx']
iter:  0 | loss: 0.037
iter:  1 | loss: 0.027
iter:  2 | loss: 0.029
iter:  3 | loss: 0.043
iter:  4 | loss: 0.046
iter:  5 | loss: 0.039
iter:  6 | loss: 0.035
iter:  7 | loss: 0.024
iter:  8 | loss: 0.057
iter:  9 | loss: 0.063
iter: 10 | loss: 0.053
iter: 11 | loss: 0.054
iter: 12 | loss: 0.064
iter: 13 | loss: 0.051
iter: 14 | loss: 0.037
iter: 15 | loss: 0.023
iter: 16 | loss: 0.034
iter: 17 | loss: 0.019
iter: 18 | loss: 0.020
iter: 19 | loss: 0.033
iter: 20 | loss: 0.061
iter: 21 | loss: 0.051
iter: 22 | loss: 0.042
iter: 23 | loss: 0.032
iter: 24 | loss: 0.078
iter: 25 | loss: 0.023
iter: 26 | loss: 0.040
iter: 27 | loss: 0.061
iter: 28 | loss: 0.028
iter: 29 | loss: 0.030
iter: 30 | loss: 0.050
iter: 31 | loss: 0.054
iter: 32 | loss: 0.052
testing r= 5
rrse(target)=104.30664865254276 / 34.87594854780834 | rrse(all)=178998500632551.16 / 34622966134154.824 | report_mode=targets
[Validation] per_target_rrse_json={"us_Trade Weighted Dollar Index": 3.866084098815918, "jp_fx": 5.290515899658203, "kr_fx": 2.893359661102295}
[Validation] per_target_lag_mae_json={"us_Trade Weighted Dollar Index": 0.5040304064750671, "jp_fx": 0.5807092785835266, "kr_fx": 6.199784755706787}
[Validation] per_target_dir_mismatch_json={"us_Trade Weighted Dollar Index": 0.36363636363636365, "jp_fx": 0.36363636363636365, "kr_fx": 0.36363636363636365}
| end of epoch  24 | time:  2.02s | train_loss 0.0421 | valid rse 2.9908 | valid rae 3.8264 | valid corr  -0.0599 | valid smape  0.3395 | focus_rrse 4.0167 | obj 4.0167
Experiment: 1
Iter: 0
epoch: 25
hp= [1, 0.000102, 16, 128, 256, 1024, 20, 0.02, 2, 50, 0.6, 0.1, 2, 25]
best sum= 6.877052691096572
best rrse= 2.990790300930684
best rrae= 3.8263952353590356
best corr= -0.059867155
best smape= 0.33950773174682664
best objective= 4.016653060913086
best hps= [1, 0.000102, 16, 128, 256, 1024, 20, 0.02, 2, 50, 0.6, 0.1, 2, 1]
best test rse= 3.2114675286322627
best test corr= -0.06372837
[Target-Weighted Loss] weights applied: {'us_Trade Weighted Dollar Index': 70.0, 'kr_fx': 70.0, 'jp_fx': 70.0}
[Target-Only Loss] enabled for columns: ['us_Trade Weighted Dollar Index', 'jp_fx', 'kr_fx']
[Bias Penalty] enabled lambda=0.4 scope=focus cols=['us_Trade Weighted Dollar Index', 'jp_fx', 'kr_fx']
iter:  0 | loss: 0.026
iter:  1 | loss: 0.030
iter:  2 | loss: 0.021
iter:  3 | loss: 0.067
iter:  4 | loss: 0.043
iter:  5 | loss: 0.032
iter:  6 | loss: 0.038
iter:  7 | loss: 0.027
iter:  8 | loss: 0.026
iter:  9 | loss: 0.039
iter: 10 | loss: 0.040
iter: 11 | loss: 0.028
iter: 12 | loss: 0.035
iter: 13 | loss: 0.065
iter: 14 | loss: 0.038
iter: 15 | loss: 0.055
iter: 16 | loss: 0.047
iter: 17 | loss: 0.057
iter: 18 | loss: 0.032
iter: 19 | loss: 0.045
iter: 20 | loss: 0.058
iter: 21 | loss: 0.032
iter: 22 | loss: 0.028
iter: 23 | loss: 0.067
iter: 24 | loss: 0.089
iter: 25 | loss: 0.042
iter: 26 | loss: 0.050
iter: 27 | loss: 0.021
iter: 28 | loss: 0.028
iter: 29 | loss: 0.049
iter: 30 | loss: 0.075
iter: 31 | loss: 0.023
iter: 32 | loss: 0.052
testing r= 5
rrse(target)=104.30664865254276 / 34.87594854780834 | rrse(all)=178998500632551.16 / 34622966134154.824 | report_mode=targets
[Validation] per_target_rrse_json={"us_Trade Weighted Dollar Index": 3.866084098815918, "jp_fx": 5.290515899658203, "kr_fx": 2.893359661102295}
[Validation] per_target_lag_mae_json={"us_Trade Weighted Dollar Index": 0.5040304064750671, "jp_fx": 0.5807092785835266, "kr_fx": 6.199784755706787}
[Validation] per_target_dir_mismatch_json={"us_Trade Weighted Dollar Index": 0.36363636363636365, "jp_fx": 0.36363636363636365, "kr_fx": 0.36363636363636365}
| end of epoch  25 | time:  2.06s | train_loss 0.0424 | valid rse 2.9908 | valid rae 3.8264 | valid corr  -0.0599 | valid smape  0.3395 | focus_rrse 4.0167 | obj 4.0167
Experiment: 1
Iter: 0
epoch: 26
hp= [1, 0.000102, 16, 128, 256, 1024, 20, 0.02, 2, 50, 0.6, 0.1, 2, 26]
best sum= 6.877052691096572
best rrse= 2.990790300930684
best rrae= 3.8263952353590356
best corr= -0.059867155
best smape= 0.33950773174682664
best objective= 4.016653060913086
best hps= [1, 0.000102, 16, 128, 256, 1024, 20, 0.02, 2, 50, 0.6, 0.1, 2, 1]
best test rse= 3.2114675286322627
best test corr= -0.06372837
[Target-Weighted Loss] weights applied: {'us_Trade Weighted Dollar Index': 70.0, 'kr_fx': 70.0, 'jp_fx': 70.0}
[Target-Only Loss] enabled for columns: ['us_Trade Weighted Dollar Index', 'jp_fx', 'kr_fx']
[Bias Penalty] enabled lambda=0.4 scope=focus cols=['us_Trade Weighted Dollar Index', 'jp_fx', 'kr_fx']
iter:  0 | loss: 0.040
iter:  1 | loss: 0.051
iter:  2 | loss: 0.053
iter:  3 | loss: 0.031
iter:  4 | loss: 0.041
iter:  5 | loss: 0.043
iter:  6 | loss: 0.028
iter:  7 | loss: 0.042
iter:  8 | loss: 0.048
iter:  9 | loss: 0.039
iter: 10 | loss: 0.033
iter: 11 | loss: 0.031
iter: 12 | loss: 0.032
iter: 13 | loss: 0.041
iter: 14 | loss: 0.023
iter: 15 | loss: 0.078
iter: 16 | loss: 0.022
iter: 17 | loss: 0.025
iter: 18 | loss: 0.051
iter: 19 | loss: 0.032
iter: 20 | loss: 0.078
iter: 21 | loss: 0.045
iter: 22 | loss: 0.036
iter: 23 | loss: 0.048
iter: 24 | loss: 0.043
iter: 25 | loss: 0.029
iter: 26 | loss: 0.021
iter: 27 | loss: 0.029
iter: 28 | loss: 0.054
iter: 29 | loss: 0.055
iter: 30 | loss: 0.046
iter: 31 | loss: 0.032
iter: 32 | loss: 0.069
testing r= 5
rrse(target)=104.30664865254276 / 34.87594854780834 | rrse(all)=178998500632551.16 / 34622966134154.824 | report_mode=targets
[Validation] per_target_rrse_json={"us_Trade Weighted Dollar Index": 3.866084098815918, "jp_fx": 5.290515899658203, "kr_fx": 2.893359661102295}
[Validation] per_target_lag_mae_json={"us_Trade Weighted Dollar Index": 0.5040304064750671, "jp_fx": 0.5807092785835266, "kr_fx": 6.199784755706787}
[Validation] per_target_dir_mismatch_json={"us_Trade Weighted Dollar Index": 0.36363636363636365, "jp_fx": 0.36363636363636365, "kr_fx": 0.36363636363636365}
| end of epoch  26 | time:  2.04s | train_loss 0.0413 | valid rse 2.9908 | valid rae 3.8264 | valid corr  -0.0599 | valid smape  0.3395 | focus_rrse 4.0167 | obj 4.0167
Experiment: 1
Iter: 0
epoch: 27
hp= [1, 0.000102, 16, 128, 256, 1024, 20, 0.02, 2, 50, 0.6, 0.1, 2, 27]
best sum= 6.877052691096572
best rrse= 2.990790300930684
best rrae= 3.8263952353590356
best corr= -0.059867155
best smape= 0.33950773174682664
best objective= 4.016653060913086
best hps= [1, 0.000102, 16, 128, 256, 1024, 20, 0.02, 2, 50, 0.6, 0.1, 2, 1]
best test rse= 3.2114675286322627
best test corr= -0.06372837
[Target-Weighted Loss] weights applied: {'us_Trade Weighted Dollar Index': 70.0, 'kr_fx': 70.0, 'jp_fx': 70.0}
[Target-Only Loss] enabled for columns: ['us_Trade Weighted Dollar Index', 'jp_fx', 'kr_fx']
[Bias Penalty] enabled lambda=0.4 scope=focus cols=['us_Trade Weighted Dollar Index', 'jp_fx', 'kr_fx']
iter:  0 | loss: 0.041
iter:  1 | loss: 0.034
iter:  2 | loss: 0.033
iter:  3 | loss: 0.033
iter:  4 | loss: 0.045
iter:  5 | loss: 0.044
iter:  6 | loss: 0.025
iter:  7 | loss: 0.077
iter:  8 | loss: 0.066
iter:  9 | loss: 0.048
iter: 10 | loss: 0.031
iter: 11 | loss: 0.034
iter: 12 | loss: 0.039
iter: 13 | loss: 0.033
iter: 14 | loss: 0.033
iter: 15 | loss: 0.030
iter: 16 | loss: 0.037
iter: 17 | loss: 0.064
iter: 18 | loss: 0.040
iter: 19 | loss: 0.052
iter: 20 | loss: 0.025
iter: 21 | loss: 0.055
iter: 22 | loss: 0.027
iter: 23 | loss: 0.063
iter: 24 | loss: 0.055
iter: 25 | loss: 0.027
iter: 26 | loss: 0.032
iter: 27 | loss: 0.035
iter: 28 | loss: 0.038
iter: 29 | loss: 0.029
iter: 30 | loss: 0.038
iter: 31 | loss: 0.040
iter: 32 | loss: 0.070
testing r= 5
rrse(target)=104.30664865254276 / 34.87594854780834 | rrse(all)=178998500632551.16 / 34622966134154.824 | report_mode=targets
[Validation] per_target_rrse_json={"us_Trade Weighted Dollar Index": 3.866084098815918, "jp_fx": 5.290515899658203, "kr_fx": 2.893359661102295}
[Validation] per_target_lag_mae_json={"us_Trade Weighted Dollar Index": 0.5040304064750671, "jp_fx": 0.5807092785835266, "kr_fx": 6.199784755706787}
[Validation] per_target_dir_mismatch_json={"us_Trade Weighted Dollar Index": 0.36363636363636365, "jp_fx": 0.36363636363636365, "kr_fx": 0.36363636363636365}
| end of epoch  27 | time:  2.12s | train_loss 0.0413 | valid rse 2.9908 | valid rae 3.8264 | valid corr  -0.0599 | valid smape  0.3395 | focus_rrse 4.0167 | obj 4.0167
Experiment: 1
Iter: 0
epoch: 28
hp= [1, 0.000102, 16, 128, 256, 1024, 20, 0.02, 2, 50, 0.6, 0.1, 2, 28]
best sum= 6.877052691096572
best rrse= 2.990790300930684
best rrae= 3.8263952353590356
best corr= -0.059867155
best smape= 0.33950773174682664
best objective= 4.016653060913086
best hps= [1, 0.000102, 16, 128, 256, 1024, 20, 0.02, 2, 50, 0.6, 0.1, 2, 1]
best test rse= 3.2114675286322627
best test corr= -0.06372837
[Target-Weighted Loss] weights applied: {'us_Trade Weighted Dollar Index': 70.0, 'kr_fx': 70.0, 'jp_fx': 70.0}
[Target-Only Loss] enabled for columns: ['us_Trade Weighted Dollar Index', 'jp_fx', 'kr_fx']
[Bias Penalty] enabled lambda=0.4 scope=focus cols=['us_Trade Weighted Dollar Index', 'jp_fx', 'kr_fx']
iter:  0 | loss: 0.051
iter:  1 | loss: 0.038
iter:  2 | loss: 0.028
iter:  3 | loss: 0.040
iter:  4 | loss: 0.030
iter:  5 | loss: 0.034
iter:  6 | loss: 0.031
iter:  7 | loss: 0.053
iter:  8 | loss: 0.021
iter:  9 | loss: 0.092
iter: 10 | loss: 0.019
iter: 11 | loss: 0.052
iter: 12 | loss: 0.032
iter: 13 | loss: 0.025
iter: 14 | loss: 0.016
iter: 15 | loss: 0.038
iter: 16 | loss: 0.043
iter: 17 | loss: 0.051
iter: 18 | loss: 0.061
iter: 19 | loss: 0.034
iter: 20 | loss: 0.040
iter: 21 | loss: 0.047
iter: 22 | loss: 0.056
iter: 23 | loss: 0.031
iter: 24 | loss: 0.050
iter: 25 | loss: 0.029
iter: 26 | loss: 0.060
iter: 27 | loss: 0.042
iter: 28 | loss: 0.049
iter: 29 | loss: 0.071
iter: 30 | loss: 0.030
iter: 31 | loss: 0.036
iter: 32 | loss: 0.041
testing r= 5
rrse(target)=104.30664865254276 / 34.87594854780834 | rrse(all)=178998500632551.16 / 34622966134154.824 | report_mode=targets
[Validation] per_target_rrse_json={"us_Trade Weighted Dollar Index": 3.866084098815918, "jp_fx": 5.290515899658203, "kr_fx": 2.893359661102295}
[Validation] per_target_lag_mae_json={"us_Trade Weighted Dollar Index": 0.5040304064750671, "jp_fx": 0.5807092785835266, "kr_fx": 6.199784755706787}
[Validation] per_target_dir_mismatch_json={"us_Trade Weighted Dollar Index": 0.36363636363636365, "jp_fx": 0.36363636363636365, "kr_fx": 0.36363636363636365}
| end of epoch  28 | time:  1.91s | train_loss 0.0415 | valid rse 2.9908 | valid rae 3.8264 | valid corr  -0.0599 | valid smape  0.3395 | focus_rrse 4.0167 | obj 4.0167
Experiment: 1
Iter: 0
epoch: 29
hp= [1, 0.000102, 16, 128, 256, 1024, 20, 0.02, 2, 50, 0.6, 0.1, 2, 29]
best sum= 6.877052691096572
best rrse= 2.990790300930684
best rrae= 3.8263952353590356
best corr= -0.059867155
best smape= 0.33950773174682664
best objective= 4.016653060913086
best hps= [1, 0.000102, 16, 128, 256, 1024, 20, 0.02, 2, 50, 0.6, 0.1, 2, 1]
best test rse= 3.2114675286322627
best test corr= -0.06372837
[Target-Weighted Loss] weights applied: {'us_Trade Weighted Dollar Index': 70.0, 'kr_fx': 70.0, 'jp_fx': 70.0}
[Target-Only Loss] enabled for columns: ['us_Trade Weighted Dollar Index', 'jp_fx', 'kr_fx']
[Bias Penalty] enabled lambda=0.4 scope=focus cols=['us_Trade Weighted Dollar Index', 'jp_fx', 'kr_fx']
iter:  0 | loss: 0.046
iter:  1 | loss: 0.068
iter:  2 | loss: 0.034
iter:  3 | loss: 0.039
iter:  4 | loss: 0.049
iter:  5 | loss: 0.029
iter:  6 | loss: 0.070
iter:  7 | loss: 0.031
iter:  8 | loss: 0.031
iter:  9 | loss: 0.043
iter: 10 | loss: 0.025
iter: 11 | loss: 0.027
iter: 12 | loss: 0.052
iter: 13 | loss: 0.059
iter: 14 | loss: 0.031
iter: 15 | loss: 0.046
iter: 16 | loss: 0.053
iter: 17 | loss: 0.036
iter: 18 | loss: 0.046
iter: 19 | loss: 0.021
iter: 20 | loss: 0.015
iter: 21 | loss: 0.047
iter: 22 | loss: 0.043
iter: 23 | loss: 0.038
iter: 24 | loss: 0.033
iter: 25 | loss: 0.031
iter: 26 | loss: 0.024
iter: 27 | loss: 0.060
iter: 28 | loss: 0.042
iter: 29 | loss: 0.049
iter: 30 | loss: 0.038
iter: 31 | loss: 0.049
iter: 32 | loss: 0.043
testing r= 5
rrse(target)=104.30664865254276 / 34.87594854780834 | rrse(all)=178998500632551.16 / 34622966134154.824 | report_mode=targets
[Validation] per_target_rrse_json={"us_Trade Weighted Dollar Index": 3.866084098815918, "jp_fx": 5.290515899658203, "kr_fx": 2.893359661102295}
[Validation] per_target_lag_mae_json={"us_Trade Weighted Dollar Index": 0.5040304064750671, "jp_fx": 0.5807092785835266, "kr_fx": 6.199784755706787}
[Validation] per_target_dir_mismatch_json={"us_Trade Weighted Dollar Index": 0.36363636363636365, "jp_fx": 0.36363636363636365, "kr_fx": 0.36363636363636365}
| end of epoch  29 | time:  2.03s | train_loss 0.0409 | valid rse 2.9908 | valid rae 3.8264 | valid corr  -0.0599 | valid smape  0.3395 | focus_rrse 4.0167 | obj 4.0167
Experiment: 1
Iter: 0
epoch: 30
hp= [1, 0.000102, 16, 128, 256, 1024, 20, 0.02, 2, 50, 0.6, 0.1, 2, 30]
best sum= 6.877052691096572
best rrse= 2.990790300930684
best rrae= 3.8263952353590356
best corr= -0.059867155
best smape= 0.33950773174682664
best objective= 4.016653060913086
best hps= [1, 0.000102, 16, 128, 256, 1024, 20, 0.02, 2, 50, 0.6, 0.1, 2, 1]
best test rse= 3.2114675286322627
best test corr= -0.06372837
[Target-Weighted Loss] weights applied: {'us_Trade Weighted Dollar Index': 70.0, 'kr_fx': 70.0, 'jp_fx': 70.0}
[Target-Only Loss] enabled for columns: ['us_Trade Weighted Dollar Index', 'jp_fx', 'kr_fx']
[Bias Penalty] enabled lambda=0.4 scope=focus cols=['us_Trade Weighted Dollar Index', 'jp_fx', 'kr_fx']
iter:  0 | loss: 0.048
iter:  1 | loss: 0.032
iter:  2 | loss: 0.060
iter:  3 | loss: 0.041
iter:  4 | loss: 0.051
iter:  5 | loss: 0.049
iter:  6 | loss: 0.060
iter:  7 | loss: 0.040
iter:  8 | loss: 0.031
iter:  9 | loss: 0.038
iter: 10 | loss: 0.046
iter: 11 | loss: 0.028
iter: 12 | loss: 0.030
iter: 13 | loss: 0.028
iter: 14 | loss: 0.046
iter: 15 | loss: 0.077
iter: 16 | loss: 0.032
iter: 17 | loss: 0.027
iter: 18 | loss: 0.031
iter: 19 | loss: 0.038
iter: 20 | loss: 0.075
iter: 21 | loss: 0.028
iter: 22 | loss: 0.086
iter: 23 | loss: 0.030
iter: 24 | loss: 0.028
iter: 25 | loss: 0.019
iter: 26 | loss: 0.042
iter: 27 | loss: 0.048
iter: 28 | loss: 0.040
iter: 29 | loss: 0.030
iter: 30 | loss: 0.018
iter: 31 | loss: 0.037
iter: 32 | loss: 0.070
testing r= 5
rrse(target)=104.30664865254276 / 34.87594854780834 | rrse(all)=178998500632551.16 / 34622966134154.824 | report_mode=targets
[Validation] per_target_rrse_json={"us_Trade Weighted Dollar Index": 3.866084098815918, "jp_fx": 5.290515899658203, "kr_fx": 2.893359661102295}
[Validation] per_target_lag_mae_json={"us_Trade Weighted Dollar Index": 0.5040304064750671, "jp_fx": 0.5807092785835266, "kr_fx": 6.199784755706787}
[Validation] per_target_dir_mismatch_json={"us_Trade Weighted Dollar Index": 0.36363636363636365, "jp_fx": 0.36363636363636365, "kr_fx": 0.36363636363636365}
| end of epoch  30 | time:  2.13s | train_loss 0.0418 | valid rse 2.9908 | valid rae 3.8264 | valid corr  -0.0599 | valid smape  0.3395 | focus_rrse 4.0167 | obj 4.0167
Experiment: 1
Iter: 0
epoch: 31
hp= [1, 0.000102, 16, 128, 256, 1024, 20, 0.02, 2, 50, 0.6, 0.1, 2, 31]
best sum= 6.877052691096572
best rrse= 2.990790300930684
best rrae= 3.8263952353590356
best corr= -0.059867155
best smape= 0.33950773174682664
best objective= 4.016653060913086
best hps= [1, 0.000102, 16, 128, 256, 1024, 20, 0.02, 2, 50, 0.6, 0.1, 2, 1]
best test rse= 3.2114675286322627
best test corr= -0.06372837
[Target-Weighted Loss] weights applied: {'us_Trade Weighted Dollar Index': 70.0, 'kr_fx': 70.0, 'jp_fx': 70.0}
[Target-Only Loss] enabled for columns: ['us_Trade Weighted Dollar Index', 'jp_fx', 'kr_fx']
[Bias Penalty] enabled lambda=0.4 scope=focus cols=['us_Trade Weighted Dollar Index', 'jp_fx', 'kr_fx']
iter:  0 | loss: 0.052
iter:  1 | loss: 0.025
iter:  2 | loss: 0.074
iter:  3 | loss: 0.036
iter:  4 | loss: 0.067
iter:  5 | loss: 0.049
iter:  6 | loss: 0.035
iter:  7 | loss: 0.017
iter:  8 | loss: 0.026
iter:  9 | loss: 0.040
iter: 10 | loss: 0.028
iter: 11 | loss: 0.041
iter: 12 | loss: 0.041
iter: 13 | loss: 0.056
iter: 14 | loss: 0.040
iter: 15 | loss: 0.047
iter: 16 | loss: 0.046
iter: 17 | loss: 0.040
iter: 18 | loss: 0.038
iter: 19 | loss: 0.038
iter: 20 | loss: 0.071
iter: 21 | loss: 0.039
iter: 22 | loss: 0.047
iter: 23 | loss: 0.035
iter: 24 | loss: 0.025
iter: 25 | loss: 0.053
iter: 26 | loss: 0.034
iter: 27 | loss: 0.046
iter: 28 | loss: 0.032
iter: 29 | loss: 0.047
iter: 30 | loss: 0.033
iter: 31 | loss: 0.033
iter: 32 | loss: 0.033
testing r= 5
rrse(target)=104.30664865254276 / 34.87594854780834 | rrse(all)=178998500632551.16 / 34622966134154.824 | report_mode=targets
[Validation] per_target_rrse_json={"us_Trade Weighted Dollar Index": 3.866084098815918, "jp_fx": 5.290515899658203, "kr_fx": 2.893359661102295}
[Validation] per_target_lag_mae_json={"us_Trade Weighted Dollar Index": 0.5040304064750671, "jp_fx": 0.5807092785835266, "kr_fx": 6.199784755706787}
[Validation] per_target_dir_mismatch_json={"us_Trade Weighted Dollar Index": 0.36363636363636365, "jp_fx": 0.36363636363636365, "kr_fx": 0.36363636363636365}
| end of epoch  31 | time:  1.91s | train_loss 0.0413 | valid rse 2.9908 | valid rae 3.8264 | valid corr  -0.0599 | valid smape  0.3395 | focus_rrse 4.0167 | obj 4.0167
Experiment: 1
Iter: 0
epoch: 32
hp= [1, 0.000102, 16, 128, 256, 1024, 20, 0.02, 2, 50, 0.6, 0.1, 2, 32]
best sum= 6.877052691096572
best rrse= 2.990790300930684
best rrae= 3.8263952353590356
best corr= -0.059867155
best smape= 0.33950773174682664
best objective= 4.016653060913086
best hps= [1, 0.000102, 16, 128, 256, 1024, 20, 0.02, 2, 50, 0.6, 0.1, 2, 1]
best test rse= 3.2114675286322627
best test corr= -0.06372837
[Target-Weighted Loss] weights applied: {'us_Trade Weighted Dollar Index': 70.0, 'kr_fx': 70.0, 'jp_fx': 70.0}
[Target-Only Loss] enabled for columns: ['us_Trade Weighted Dollar Index', 'jp_fx', 'kr_fx']
[Bias Penalty] enabled lambda=0.4 scope=focus cols=['us_Trade Weighted Dollar Index', 'jp_fx', 'kr_fx']
iter:  0 | loss: 0.039
iter:  1 | loss: 0.027
iter:  2 | loss: 0.034
iter:  3 | loss: 0.020
iter:  4 | loss: 0.065
iter:  5 | loss: 0.033
iter:  6 | loss: 0.048
iter:  7 | loss: 0.039
iter:  8 | loss: 0.035
iter:  9 | loss: 0.044
iter: 10 | loss: 0.024
iter: 11 | loss: 0.039
iter: 12 | loss: 0.033
iter: 13 | loss: 0.032
iter: 14 | loss: 0.077
iter: 15 | loss: 0.094
iter: 16 | loss: 0.019
iter: 17 | loss: 0.021
iter: 18 | loss: 0.036
iter: 19 | loss: 0.046
iter: 20 | loss: 0.028
iter: 21 | loss: 0.081
iter: 22 | loss: 0.041
iter: 23 | loss: 0.028
iter: 24 | loss: 0.045
iter: 25 | loss: 0.050
iter: 26 | loss: 0.050
iter: 27 | loss: 0.034
iter: 28 | loss: 0.035
iter: 29 | loss: 0.047
iter: 30 | loss: 0.056
iter: 31 | loss: 0.040
iter: 32 | loss: 0.048
testing r= 5
rrse(target)=104.30664865254276 / 34.87594854780834 | rrse(all)=178998500632551.16 / 34622966134154.824 | report_mode=targets
[Validation] per_target_rrse_json={"us_Trade Weighted Dollar Index": 3.866084098815918, "jp_fx": 5.290515899658203, "kr_fx": 2.893359661102295}
[Validation] per_target_lag_mae_json={"us_Trade Weighted Dollar Index": 0.5040304064750671, "jp_fx": 0.5807092785835266, "kr_fx": 6.199784755706787}
[Validation] per_target_dir_mismatch_json={"us_Trade Weighted Dollar Index": 0.36363636363636365, "jp_fx": 0.36363636363636365, "kr_fx": 0.36363636363636365}
| end of epoch  32 | time:  1.98s | train_loss 0.0420 | valid rse 2.9908 | valid rae 3.8264 | valid corr  -0.0599 | valid smape  0.3395 | focus_rrse 4.0167 | obj 4.0167
Experiment: 1
Iter: 0
epoch: 33
hp= [1, 0.000102, 16, 128, 256, 1024, 20, 0.02, 2, 50, 0.6, 0.1, 2, 33]
best sum= 6.877052691096572
best rrse= 2.990790300930684
best rrae= 3.8263952353590356
best corr= -0.059867155
best smape= 0.33950773174682664
best objective= 4.016653060913086
best hps= [1, 0.000102, 16, 128, 256, 1024, 20, 0.02, 2, 50, 0.6, 0.1, 2, 1]
best test rse= 3.2114675286322627
best test corr= -0.06372837
[Target-Weighted Loss] weights applied: {'us_Trade Weighted Dollar Index': 70.0, 'kr_fx': 70.0, 'jp_fx': 70.0}
[Target-Only Loss] enabled for columns: ['us_Trade Weighted Dollar Index', 'jp_fx', 'kr_fx']
[Bias Penalty] enabled lambda=0.4 scope=focus cols=['us_Trade Weighted Dollar Index', 'jp_fx', 'kr_fx']
iter:  0 | loss: 0.047
iter:  1 | loss: 0.050
iter:  2 | loss: 0.041
iter:  3 | loss: 0.058
iter:  4 | loss: 0.030
iter:  5 | loss: 0.030
iter:  6 | loss: 0.034
iter:  7 | loss: 0.034
iter:  8 | loss: 0.065
iter:  9 | loss: 0.022
iter: 10 | loss: 0.055
iter: 11 | loss: 0.025
iter: 12 | loss: 0.032
iter: 13 | loss: 0.037
iter: 14 | loss: 0.057
iter: 15 | loss: 0.048
iter: 16 | loss: 0.035
iter: 17 | loss: 0.037
iter: 18 | loss: 0.045
iter: 19 | loss: 0.074
iter: 20 | loss: 0.047
iter: 21 | loss: 0.038
iter: 22 | loss: 0.045
iter: 23 | loss: 0.028
iter: 24 | loss: 0.035
iter: 25 | loss: 0.038
iter: 26 | loss: 0.026
iter: 27 | loss: 0.039
iter: 28 | loss: 0.058
iter: 29 | loss: 0.021
iter: 30 | loss: 0.042
iter: 31 | loss: 0.038
iter: 32 | loss: 0.046
testing r= 5
rrse(target)=104.30664865254276 / 34.87594854780834 | rrse(all)=178998500632551.16 / 34622966134154.824 | report_mode=targets
[Validation] per_target_rrse_json={"us_Trade Weighted Dollar Index": 3.866084098815918, "jp_fx": 5.290515899658203, "kr_fx": 2.893359661102295}
[Validation] per_target_lag_mae_json={"us_Trade Weighted Dollar Index": 0.5040304064750671, "jp_fx": 0.5807092785835266, "kr_fx": 6.199784755706787}
[Validation] per_target_dir_mismatch_json={"us_Trade Weighted Dollar Index": 0.36363636363636365, "jp_fx": 0.36363636363636365, "kr_fx": 0.36363636363636365}
| end of epoch  33 | time:  1.98s | train_loss 0.0410 | valid rse 2.9908 | valid rae 3.8264 | valid corr  -0.0599 | valid smape  0.3395 | focus_rrse 4.0167 | obj 4.0167
Experiment: 1
Iter: 0
epoch: 34
hp= [1, 0.000102, 16, 128, 256, 1024, 20, 0.02, 2, 50, 0.6, 0.1, 2, 34]
best sum= 6.877052691096572
best rrse= 2.990790300930684
best rrae= 3.8263952353590356
best corr= -0.059867155
best smape= 0.33950773174682664
best objective= 4.016653060913086
best hps= [1, 0.000102, 16, 128, 256, 1024, 20, 0.02, 2, 50, 0.6, 0.1, 2, 1]
best test rse= 3.2114675286322627
best test corr= -0.06372837
[Target-Weighted Loss] weights applied: {'us_Trade Weighted Dollar Index': 70.0, 'kr_fx': 70.0, 'jp_fx': 70.0}
[Target-Only Loss] enabled for columns: ['us_Trade Weighted Dollar Index', 'jp_fx', 'kr_fx']
[Bias Penalty] enabled lambda=0.4 scope=focus cols=['us_Trade Weighted Dollar Index', 'jp_fx', 'kr_fx']
iter:  0 | loss: 0.057
iter:  1 | loss: 0.039
iter:  2 | loss: 0.043
iter:  3 | loss: 0.033
iter:  4 | loss: 0.026
iter:  5 | loss: 0.029
iter:  6 | loss: 0.023
iter:  7 | loss: 0.035
iter:  8 | loss: 0.028
iter:  9 | loss: 0.050
iter: 10 | loss: 0.070
iter: 11 | loss: 0.024
iter: 12 | loss: 0.035
iter: 13 | loss: 0.060
iter: 14 | loss: 0.030
iter: 15 | loss: 0.062
iter: 16 | loss: 0.046
iter: 17 | loss: 0.030
iter: 18 | loss: 0.037
iter: 19 | loss: 0.058
iter: 20 | loss: 0.027
iter: 21 | loss: 0.049
iter: 22 | loss: 0.062
iter: 23 | loss: 0.023
iter: 24 | loss: 0.024
iter: 25 | loss: 0.028
iter: 26 | loss: 0.039
iter: 27 | loss: 0.038
iter: 28 | loss: 0.047
iter: 29 | loss: 0.040
iter: 30 | loss: 0.057
iter: 31 | loss: 0.034
iter: 32 | loss: 0.072
testing r= 5
rrse(target)=104.30664865254276 / 34.87594854780834 | rrse(all)=178998500632551.16 / 34622966134154.824 | report_mode=targets
[Validation] per_target_rrse_json={"us_Trade Weighted Dollar Index": 3.866084098815918, "jp_fx": 5.290515899658203, "kr_fx": 2.893359661102295}
[Validation] per_target_lag_mae_json={"us_Trade Weighted Dollar Index": 0.5040304064750671, "jp_fx": 0.5807092785835266, "kr_fx": 6.199784755706787}
[Validation] per_target_dir_mismatch_json={"us_Trade Weighted Dollar Index": 0.36363636363636365, "jp_fx": 0.36363636363636365, "kr_fx": 0.36363636363636365}
| end of epoch  34 | time:  1.93s | train_loss 0.0408 | valid rse 2.9908 | valid rae 3.8264 | valid corr  -0.0599 | valid smape  0.3395 | focus_rrse 4.0167 | obj 4.0167
Experiment: 1
Iter: 0
epoch: 35
hp= [1, 0.000102, 16, 128, 256, 1024, 20, 0.02, 2, 50, 0.6, 0.1, 2, 35]
best sum= 6.877052691096572
best rrse= 2.990790300930684
best rrae= 3.8263952353590356
best corr= -0.059867155
best smape= 0.33950773174682664
best objective= 4.016653060913086
best hps= [1, 0.000102, 16, 128, 256, 1024, 20, 0.02, 2, 50, 0.6, 0.1, 2, 1]
best test rse= 3.2114675286322627
best test corr= -0.06372837
[Target-Weighted Loss] weights applied: {'us_Trade Weighted Dollar Index': 70.0, 'kr_fx': 70.0, 'jp_fx': 70.0}
[Target-Only Loss] enabled for columns: ['us_Trade Weighted Dollar Index', 'jp_fx', 'kr_fx']
[Bias Penalty] enabled lambda=0.4 scope=focus cols=['us_Trade Weighted Dollar Index', 'jp_fx', 'kr_fx']
iter:  0 | loss: 0.034
iter:  1 | loss: 0.024
iter:  2 | loss: 0.033
iter:  3 | loss: 0.038
iter:  4 | loss: 0.051
iter:  5 | loss: 0.021
iter:  6 | loss: 0.035
iter:  7 | loss: 0.066
iter:  8 | loss: 0.035
iter:  9 | loss: 0.030
iter: 10 | loss: 0.060
iter: 11 | loss: 0.030
iter: 12 | loss: 0.037
iter: 13 | loss: 0.023
iter: 14 | loss: 0.039
iter: 15 | loss: 0.040
iter: 16 | loss: 0.029
iter: 17 | loss: 0.030
iter: 18 | loss: 0.053
iter: 19 | loss: 0.052
iter: 20 | loss: 0.047
iter: 21 | loss: 0.041
iter: 22 | loss: 0.048
iter: 23 | loss: 0.053
iter: 24 | loss: 0.033
iter: 25 | loss: 0.077
iter: 26 | loss: 0.042
iter: 27 | loss: 0.056
iter: 28 | loss: 0.034
iter: 29 | loss: 0.039
iter: 30 | loss: 0.041
iter: 31 | loss: 0.034
iter: 32 | loss: 0.093
testing r= 5
rrse(target)=104.30664865254276 / 34.87594854780834 | rrse(all)=178998500632551.16 / 34622966134154.824 | report_mode=targets
[Validation] per_target_rrse_json={"us_Trade Weighted Dollar Index": 3.866084098815918, "jp_fx": 5.290515899658203, "kr_fx": 2.893359661102295}
[Validation] per_target_lag_mae_json={"us_Trade Weighted Dollar Index": 0.5040304064750671, "jp_fx": 0.5807092785835266, "kr_fx": 6.199784755706787}
[Validation] per_target_dir_mismatch_json={"us_Trade Weighted Dollar Index": 0.36363636363636365, "jp_fx": 0.36363636363636365, "kr_fx": 0.36363636363636365}
| end of epoch  35 | time:  1.98s | train_loss 0.0419 | valid rse 2.9908 | valid rae 3.8264 | valid corr  -0.0599 | valid smape  0.3395 | focus_rrse 4.0167 | obj 4.0167
Experiment: 1
Iter: 0
epoch: 36
hp= [1, 0.000102, 16, 128, 256, 1024, 20, 0.02, 2, 50, 0.6, 0.1, 2, 36]
best sum= 6.877052691096572
best rrse= 2.990790300930684
best rrae= 3.8263952353590356
best corr= -0.059867155
best smape= 0.33950773174682664
best objective= 4.016653060913086
best hps= [1, 0.000102, 16, 128, 256, 1024, 20, 0.02, 2, 50, 0.6, 0.1, 2, 1]
best test rse= 3.2114675286322627
best test corr= -0.06372837
[Target-Weighted Loss] weights applied: {'us_Trade Weighted Dollar Index': 70.0, 'kr_fx': 70.0, 'jp_fx': 70.0}
[Target-Only Loss] enabled for columns: ['us_Trade Weighted Dollar Index', 'jp_fx', 'kr_fx']
[Bias Penalty] enabled lambda=0.4 scope=focus cols=['us_Trade Weighted Dollar Index', 'jp_fx', 'kr_fx']
iter:  0 | loss: 0.028
iter:  1 | loss: 0.035
iter:  2 | loss: 0.033
iter:  3 | loss: 0.050
iter:  4 | loss: 0.070
iter:  5 | loss: 0.059
iter:  6 | loss: 0.031
iter:  7 | loss: 0.045
iter:  8 | loss: 0.036
iter:  9 | loss: 0.042
iter: 10 | loss: 0.042
iter: 11 | loss: 0.067
iter: 12 | loss: 0.037
iter: 13 | loss: 0.055
iter: 14 | loss: 0.047
iter: 15 | loss: 0.049
iter: 16 | loss: 0.031
iter: 17 | loss: 0.031
iter: 18 | loss: 0.039
iter: 19 | loss: 0.031
iter: 20 | loss: 0.041
iter: 21 | loss: 0.043
iter: 22 | loss: 0.036
iter: 23 | loss: 0.055
iter: 24 | loss: 0.030
iter: 25 | loss: 0.044
iter: 26 | loss: 0.046
iter: 27 | loss: 0.028
iter: 28 | loss: 0.034
iter: 29 | loss: 0.036
iter: 30 | loss: 0.056
iter: 31 | loss: 0.024
iter: 32 | loss: 0.039
testing r= 5
rrse(target)=104.30664865254276 / 34.87594854780834 | rrse(all)=178998500632551.16 / 34622966134154.824 | report_mode=targets
[Validation] per_target_rrse_json={"us_Trade Weighted Dollar Index": 3.866084098815918, "jp_fx": 5.290515899658203, "kr_fx": 2.893359661102295}
[Validation] per_target_lag_mae_json={"us_Trade Weighted Dollar Index": 0.5040304064750671, "jp_fx": 0.5807092785835266, "kr_fx": 6.199784755706787}
[Validation] per_target_dir_mismatch_json={"us_Trade Weighted Dollar Index": 0.36363636363636365, "jp_fx": 0.36363636363636365, "kr_fx": 0.36363636363636365}
| end of epoch  36 | time:  1.99s | train_loss 0.0415 | valid rse 2.9908 | valid rae 3.8264 | valid corr  -0.0599 | valid smape  0.3395 | focus_rrse 4.0167 | obj 4.0167
Experiment: 1
Iter: 0
epoch: 37
hp= [1, 0.000102, 16, 128, 256, 1024, 20, 0.02, 2, 50, 0.6, 0.1, 2, 37]
best sum= 6.877052691096572
best rrse= 2.990790300930684
best rrae= 3.8263952353590356
best corr= -0.059867155
best smape= 0.33950773174682664
best objective= 4.016653060913086
best hps= [1, 0.000102, 16, 128, 256, 1024, 20, 0.02, 2, 50, 0.6, 0.1, 2, 1]
best test rse= 3.2114675286322627
best test corr= -0.06372837
[Target-Weighted Loss] weights applied: {'us_Trade Weighted Dollar Index': 70.0, 'kr_fx': 70.0, 'jp_fx': 70.0}
[Target-Only Loss] enabled for columns: ['us_Trade Weighted Dollar Index', 'jp_fx', 'kr_fx']
[Bias Penalty] enabled lambda=0.4 scope=focus cols=['us_Trade Weighted Dollar Index', 'jp_fx', 'kr_fx']
iter:  0 | loss: 0.084
iter:  1 | loss: 0.032
iter:  2 | loss: 0.063
iter:  3 | loss: 0.039
iter:  4 | loss: 0.021
iter:  5 | loss: 0.042
iter:  6 | loss: 0.032
iter:  7 | loss: 0.040
iter:  8 | loss: 0.051
iter:  9 | loss: 0.048
iter: 10 | loss: 0.028
iter: 11 | loss: 0.063
iter: 12 | loss: 0.042
iter: 13 | loss: 0.051
iter: 14 | loss: 0.029
iter: 15 | loss: 0.058
iter: 16 | loss: 0.044
iter: 17 | loss: 0.035
iter: 18 | loss: 0.030
iter: 19 | loss: 0.035
iter: 20 | loss: 0.036
iter: 21 | loss: 0.018
iter: 22 | loss: 0.044
iter: 23 | loss: 0.030
iter: 24 | loss: 0.025
iter: 25 | loss: 0.033
iter: 26 | loss: 0.028
iter: 27 | loss: 0.057
iter: 28 | loss: 0.045
iter: 29 | loss: 0.033
iter: 30 | loss: 0.028
iter: 31 | loss: 0.039
iter: 32 | loss: 0.044
testing r= 5
rrse(target)=104.30664865254276 / 34.87594854780834 | rrse(all)=178998500632551.16 / 34622966134154.824 | report_mode=targets
[Validation] per_target_rrse_json={"us_Trade Weighted Dollar Index": 3.866084098815918, "jp_fx": 5.290515899658203, "kr_fx": 2.893359661102295}
[Validation] per_target_lag_mae_json={"us_Trade Weighted Dollar Index": 0.5040304064750671, "jp_fx": 0.5807092785835266, "kr_fx": 6.199784755706787}
[Validation] per_target_dir_mismatch_json={"us_Trade Weighted Dollar Index": 0.36363636363636365, "jp_fx": 0.36363636363636365, "kr_fx": 0.36363636363636365}
| end of epoch  37 | time:  2.02s | train_loss 0.0402 | valid rse 2.9908 | valid rae 3.8264 | valid corr  -0.0599 | valid smape  0.3395 | focus_rrse 4.0167 | obj 4.0167
Experiment: 1
Iter: 0
epoch: 38
hp= [1, 0.000102, 16, 128, 256, 1024, 20, 0.02, 2, 50, 0.6, 0.1, 2, 38]
best sum= 6.877052691096572
best rrse= 2.990790300930684
best rrae= 3.8263952353590356
best corr= -0.059867155
best smape= 0.33950773174682664
best objective= 4.016653060913086
best hps= [1, 0.000102, 16, 128, 256, 1024, 20, 0.02, 2, 50, 0.6, 0.1, 2, 1]
best test rse= 3.2114675286322627
best test corr= -0.06372837
[Target-Weighted Loss] weights applied: {'us_Trade Weighted Dollar Index': 70.0, 'kr_fx': 70.0, 'jp_fx': 70.0}
[Target-Only Loss] enabled for columns: ['us_Trade Weighted Dollar Index', 'jp_fx', 'kr_fx']
[Bias Penalty] enabled lambda=0.4 scope=focus cols=['us_Trade Weighted Dollar Index', 'jp_fx', 'kr_fx']
iter:  0 | loss: 0.046
iter:  1 | loss: 0.032
iter:  2 | loss: 0.028
iter:  3 | loss: 0.025
iter:  4 | loss: 0.045
iter:  5 | loss: 0.035
iter:  6 | loss: 0.065
iter:  7 | loss: 0.065
iter:  8 | loss: 0.034
iter:  9 | loss: 0.046
iter: 10 | loss: 0.062
iter: 11 | loss: 0.038
iter: 12 | loss: 0.025
iter: 13 | loss: 0.044
iter: 14 | loss: 0.026
iter: 15 | loss: 0.023
iter: 16 | loss: 0.026
iter: 17 | loss: 0.034
iter: 18 | loss: 0.033
iter: 19 | loss: 0.017
iter: 20 | loss: 0.076
iter: 21 | loss: 0.026
iter: 22 | loss: 0.038
iter: 23 | loss: 0.044
iter: 24 | loss: 0.038
iter: 25 | loss: 0.029
iter: 26 | loss: 0.049
iter: 27 | loss: 0.046
iter: 28 | loss: 0.039
iter: 29 | loss: 0.057
iter: 30 | loss: 0.035
iter: 31 | loss: 0.077
iter: 32 | loss: 0.056
testing r= 5
rrse(target)=104.30664865254276 / 34.87594854780834 | rrse(all)=178998500632551.16 / 34622966134154.824 | report_mode=targets
[Validation] per_target_rrse_json={"us_Trade Weighted Dollar Index": 3.866084098815918, "jp_fx": 5.290515899658203, "kr_fx": 2.893359661102295}
[Validation] per_target_lag_mae_json={"us_Trade Weighted Dollar Index": 0.5040304064750671, "jp_fx": 0.5807092785835266, "kr_fx": 6.199784755706787}
[Validation] per_target_dir_mismatch_json={"us_Trade Weighted Dollar Index": 0.36363636363636365, "jp_fx": 0.36363636363636365, "kr_fx": 0.36363636363636365}
| end of epoch  38 | time:  2.03s | train_loss 0.0411 | valid rse 2.9908 | valid rae 3.8264 | valid corr  -0.0599 | valid smape  0.3395 | focus_rrse 4.0167 | obj 4.0167
Experiment: 1
Iter: 0
epoch: 39
hp= [1, 0.000102, 16, 128, 256, 1024, 20, 0.02, 2, 50, 0.6, 0.1, 2, 39]
best sum= 6.877052691096572
best rrse= 2.990790300930684
best rrae= 3.8263952353590356
best corr= -0.059867155
best smape= 0.33950773174682664
best objective= 4.016653060913086
best hps= [1, 0.000102, 16, 128, 256, 1024, 20, 0.02, 2, 50, 0.6, 0.1, 2, 1]
best test rse= 3.2114675286322627
best test corr= -0.06372837
[Target-Weighted Loss] weights applied: {'us_Trade Weighted Dollar Index': 70.0, 'kr_fx': 70.0, 'jp_fx': 70.0}
[Target-Only Loss] enabled for columns: ['us_Trade Weighted Dollar Index', 'jp_fx', 'kr_fx']
[Bias Penalty] enabled lambda=0.4 scope=focus cols=['us_Trade Weighted Dollar Index', 'jp_fx', 'kr_fx']
iter:  0 | loss: 0.043
iter:  1 | loss: 0.035
iter:  2 | loss: 0.028
iter:  3 | loss: 0.029
iter:  4 | loss: 0.033
iter:  5 | loss: 0.045
iter:  6 | loss: 0.033
iter:  7 | loss: 0.056
iter:  8 | loss: 0.023
iter:  9 | loss: 0.060
iter: 10 | loss: 0.034
iter: 11 | loss: 0.035
iter: 12 | loss: 0.026
iter: 13 | loss: 0.046
iter: 14 | loss: 0.063
iter: 15 | loss: 0.022
iter: 16 | loss: 0.032
iter: 17 | loss: 0.039
iter: 18 | loss: 0.083
iter: 19 | loss: 0.032
iter: 20 | loss: 0.028
iter: 21 | loss: 0.041
iter: 22 | loss: 0.039
iter: 23 | loss: 0.047
iter: 24 | loss: 0.045
iter: 25 | loss: 0.047
iter: 26 | loss: 0.082
iter: 27 | loss: 0.030
iter: 28 | loss: 0.024
iter: 29 | loss: 0.030
iter: 30 | loss: 0.043
iter: 31 | loss: 0.026
iter: 32 | loss: 0.066
testing r= 5
rrse(target)=104.30664865254276 / 34.87594854780834 | rrse(all)=178998500632551.16 / 34622966134154.824 | report_mode=targets
[Validation] per_target_rrse_json={"us_Trade Weighted Dollar Index": 3.866084098815918, "jp_fx": 5.290515899658203, "kr_fx": 2.893359661102295}
[Validation] per_target_lag_mae_json={"us_Trade Weighted Dollar Index": 0.5040304064750671, "jp_fx": 0.5807092785835266, "kr_fx": 6.199784755706787}
[Validation] per_target_dir_mismatch_json={"us_Trade Weighted Dollar Index": 0.36363636363636365, "jp_fx": 0.36363636363636365, "kr_fx": 0.36363636363636365}
| end of epoch  39 | time:  1.96s | train_loss 0.0406 | valid rse 2.9908 | valid rae 3.8264 | valid corr  -0.0599 | valid smape  0.3395 | focus_rrse 4.0167 | obj 4.0167
Experiment: 1
Iter: 0
epoch: 40
hp= [1, 0.000102, 16, 128, 256, 1024, 20, 0.02, 2, 50, 0.6, 0.1, 2, 40]
best sum= 6.877052691096572
best rrse= 2.990790300930684
best rrae= 3.8263952353590356
best corr= -0.059867155
best smape= 0.33950773174682664
best objective= 4.016653060913086
best hps= [1, 0.000102, 16, 128, 256, 1024, 20, 0.02, 2, 50, 0.6, 0.1, 2, 1]
best test rse= 3.2114675286322627
best test corr= -0.06372837
[Target-Weighted Loss] weights applied: {'us_Trade Weighted Dollar Index': 70.0, 'kr_fx': 70.0, 'jp_fx': 70.0}
[Target-Only Loss] enabled for columns: ['us_Trade Weighted Dollar Index', 'jp_fx', 'kr_fx']
[Bias Penalty] enabled lambda=0.4 scope=focus cols=['us_Trade Weighted Dollar Index', 'jp_fx', 'kr_fx']
iter:  0 | loss: 0.031
iter:  1 | loss: 0.038
iter:  2 | loss: 0.034
iter:  3 | loss: 0.024
iter:  4 | loss: 0.044
iter:  5 | loss: 0.039
iter:  6 | loss: 0.034
iter:  7 | loss: 0.051
iter:  8 | loss: 0.039
iter:  9 | loss: 0.036
iter: 10 | loss: 0.023
iter: 11 | loss: 0.036
iter: 12 | loss: 0.059
iter: 13 | loss: 0.026
iter: 14 | loss: 0.021
iter: 15 | loss: 0.040
iter: 16 | loss: 0.062
iter: 17 | loss: 0.033
iter: 18 | loss: 0.058
iter: 19 | loss: 0.062
iter: 20 | loss: 0.054
iter: 21 | loss: 0.024
iter: 22 | loss: 0.033
iter: 23 | loss: 0.064
iter: 24 | loss: 0.064
iter: 25 | loss: 0.035
iter: 26 | loss: 0.024
iter: 27 | loss: 0.045
iter: 28 | loss: 0.042
iter: 29 | loss: 0.023
iter: 30 | loss: 0.066
iter: 31 | loss: 0.037
iter: 32 | loss: 0.075
testing r= 5
rrse(target)=104.30664865254276 / 34.87594854780834 | rrse(all)=178998500632551.16 / 34622966134154.824 | report_mode=targets
[Validation] per_target_rrse_json={"us_Trade Weighted Dollar Index": 3.866084098815918, "jp_fx": 5.290515899658203, "kr_fx": 2.893359661102295}
[Validation] per_target_lag_mae_json={"us_Trade Weighted Dollar Index": 0.5040304064750671, "jp_fx": 0.5807092785835266, "kr_fx": 6.199784755706787}
[Validation] per_target_dir_mismatch_json={"us_Trade Weighted Dollar Index": 0.36363636363636365, "jp_fx": 0.36363636363636365, "kr_fx": 0.36363636363636365}
| end of epoch  40 | time:  1.95s | train_loss 0.0415 | valid rse 2.9908 | valid rae 3.8264 | valid corr  -0.0599 | valid smape  0.3395 | focus_rrse 4.0167 | obj 4.0167
best val loss= 6.877052691096572
best hps= [1, 0.000102, 16, 128, 256, 1024, 20, 0.02, 2, 50, 0.6, 0.1, 2, 1]
testing r= 5
rrse(target)=104.30664865254276 / 34.87594854780834 | rrse(all)=178998500632551.16 / 34622966134154.824 | report_mode=targets
[Validation] per_target_rrse_json={"us_Trade Weighted Dollar Index": 3.866084098815918, "jp_fx": 5.290515899658203, "kr_fx": 2.893359661102295}
[Validation] per_target_lag_mae_json={"us_Trade Weighted Dollar Index": 0.5040304064750671, "jp_fx": 0.5807092785835266, "kr_fx": 6.199784755706787}
[Validation] per_target_dir_mismatch_json={"us_Trade Weighted Dollar Index": 0.36363636363636365, "jp_fx": 0.36363636363636365, "kr_fx": 0.36363636363636365}
[debias] mode=val_mean_error apply_to=focus offset={'us_Trade Weighted Dollar Index': 2.610759735107422, 'jp_fx': -8.762721061706543, 'kr_fx': 24.591909408569336}
testing r= 5
rrse(target)=51.18122529078045 / 34.87594854780834 | rrse(all)=178998500632551.16 / 34622966134154.824 | report_mode=targets
[Validation] per_target_rrse_json={"us_Trade Weighted Dollar Index": 1.6138039827346802, "jp_fx": 0.5821946263313293, "kr_fx": 1.4840776920318604}
[Validation] per_target_lag_mae_json={"us_Trade Weighted Dollar Index": 0.5040290355682373, "jp_fx": 0.5807092785835266, "kr_fx": 6.199784755706787}
[Validation] per_target_dir_mismatch_json={"us_Trade Weighted Dollar Index": 0.36363636363636365, "jp_fx": 0.36363636363636365, "kr_fx": 0.36363636363636365}
testing r= 5
rrse(target)=362.33142632126186 / 87.05327089004898 | rrse(all)=56061169488329.91 / 13118448721317.795 | report_mode=targets
[Testing] per_target_rrse_json={"us_Trade Weighted Dollar Index": 4.7948079109191895, "jp_fx": 3.8756303787231445, "kr_fx": 4.164083480834961}
[Testing] per_target_lag_mae_json={"us_Trade Weighted Dollar Index": 0.5036780834197998, "jp_fx": 0.7897158265113831, "kr_fx": 9.072687149047852}
[Testing] per_target_dir_mismatch_json={"us_Trade Weighted Dollar Index": 0.2727272727272727, "jp_fx": 0.6363636363636364, "kr_fx": 0.9090909090909091}
********************************************************************************************************
final test rse 4.1622 | test rae 4.8944 | test corr -0.0637 | test smape 0.3466
********************************************************************************************************



1 run average



valid	rse	rae
mean	1.4675	1.4310
std	0.0000	0.0000



test	rse	rae
mean	4.1622	4.8944
std	0.0000	0.0000
