======================================================================
SHORT TRAINING SWEEP
======================================================================

--- 5 epochs ---
  seed= 777  ep=  5  kr=1.1806  jp=1.3915  us=2.4839
  seed=  42  ep=  5  kr=1.3429  jp=1.2924  us=2.0363
  seed= 111  ep=  5  kr=0.6096  jp=1.2673  us=3.3071
  seed=   1  ep=  5  kr=1.9449  jp=1.0900  us=1.8013
  seed=   7  ep=  5  kr=2.4458  jp=1.5257  us=1.9776
  seed=  13  ep=  5  kr=1.8354  jp=1.4174  us=1.9741
  seed=  21  ep=  5  kr=1.8184  jp=1.1072  us=1.6815
  seed=  55  ep=  5  kr=2.4387  jp=1.2236  us=1.9962
  seed=  99  ep=  5  kr=0.6026  jp=1.1069  us=3.7234
  seed= 222  ep=  5  kr=2.4478  jp=1.1140  us=1.9591
  seed= 333  ep=  5  kr=1.6194  jp=1.1344  us=1.8748
  seed= 456  ep=  5  kr=0.6193  jp=1.0659  us=3.3155
  seed= 789  ep=  5  kr=0.6077  jp=1.3729  us=3.2144
  seed= 888  ep=  5  kr=1.1632  jp=1.2115  us=2.7478
  seed= 999  ep=  5  kr=1.5274  jp=1.4846  us=1.7252
  seed=   2  ep=  5  kr=1.1944  jp=1.1391  us=2.1029
  seed=   3  ep=  5  kr=1.8166  jp=1.4432  us=1.7515
  seed=  37  ep=  5  kr=0.3655  jp=1.3678  us=4.2909 <<<
  seed= 500  ep=  5  kr=1.6917  jp=1.0310  us=2.6525

--- 10 epochs ---
  seed= 777  ep= 10  kr=0.8890  jp=1.4540  us=2.7261
  seed=  42  ep= 10  kr=2.2125  jp=1.1999  us=1.6523
  seed= 111  ep= 10  kr=1.6369  jp=1.3374  us=1.8601
  seed=   1  ep= 10  kr=3.6282  jp=1.5268  us=3.7700
  seed=   7  ep= 10  kr=2.5804  jp=1.4296  us=2.1462
  seed=  13  ep= 10  kr=2.3887  jp=1.4143  us=1.6249
  seed=  21  ep= 10  kr=2.5129  jp=1.4889  us=2.2290
  seed=  55  ep= 10  kr=0.7361  jp=1.2303  us=3.3003
  seed=  99  ep= 10  kr=1.8060  jp=1.3908  us=1.4503
  seed= 222  ep= 10  kr=2.5870  jp=1.5358  us=1.9281
  seed= 333  ep= 10  kr=2.7838  jp=1.6496  us=2.2273
  seed= 456  ep= 10  kr=0.6015  jp=1.4847  us=3.4471
  seed= 789  ep= 10  kr=1.5621  jp=1.5382  us=1.6077
  seed= 888  ep= 10  kr=0.6886  jp=1.3072  us=2.8871
  seed= 999  ep= 10  kr=2.5432  jp=1.6154  us=1.7548
  seed=   2  ep= 10  kr=2.1150  jp=1.5595  us=1.6238
  seed=   3  ep= 10  kr=2.0235  jp=1.3856  us=1.4119
  seed=  37  ep= 10  kr=3.0343  jp=1.6020  us=2.5638
  seed= 500  ep= 10  kr=3.5407  jp=1.4317  us=3.5686

--- 20 epochs ---
  seed= 777  ep= 20  kr=0.8890  jp=1.4540  us=2.7261
  seed=  42  ep= 20  kr=2.2125  jp=1.1999  us=1.6523
  seed= 111  ep= 20  kr=1.6369  jp=1.3374  us=1.8601
  seed=   1  ep= 20  kr=3.6282  jp=1.5268  us=3.7700
  seed=   7  ep= 20  kr=2.5804  jp=1.4296  us=2.1462
  seed=  13  ep= 20  kr=2.3887  jp=1.4143  us=1.6249
  seed=  21  ep= 20  kr=2.5129  jp=1.4889  us=2.2290
  seed=  55  ep= 20  kr=0.7361  jp=1.2303  us=3.3003
  seed=  99  ep= 20  kr=1.8060  jp=1.3908  us=1.4503
  seed= 222  ep= 20  kr=2.5870  jp=1.5358  us=1.9281
  seed= 333  ep= 20  kr=2.7838  jp=1.6496  us=2.2273
  seed= 456  ep= 20  kr=0.6015  jp=1.4847  us=3.4471
  seed= 789  ep= 20  kr=1.5621  jp=1.5382  us=1.6077
  seed= 888  ep= 20  kr=0.6886  jp=1.3072  us=2.8871
  seed= 999  ep= 20  kr=2.5432  jp=1.6154  us=1.7548
  seed=   2  ep= 20  kr=2.1150  jp=1.5595  us=1.6238
  seed=   3  ep= 20  kr=2.0235  jp=1.3856  us=1.4119
  seed=  37  ep= 20  kr=3.0343  jp=1.6020  us=2.5638
  seed= 500  ep= 20  kr=3.5407  jp=1.4317  us=3.5686

--- 30 epochs ---
  seed= 777  ep= 30  kr=2.0450  jp=1.2131  us=5.4589
  seed=  42  ep= 30  kr=4.4336  jp=1.2983  us=8.8297
  seed= 111  ep= 30  kr=2.0889  jp=1.2608  us=6.3779
  seed=   1  ep= 30  kr=4.2812  jp=1.3481  us=8.7414
  seed=   7  ep= 30  kr=2.2995  jp=1.4063  us=5.6975
  seed=  13  ep= 30  kr=4.2765  jp=1.2957  us=9.0260
  seed=  21  ep= 30  kr=2.5904  jp=1.0016  us=6.5855
  seed=  55  ep= 30  kr=2.9613  jp=1.3597  us=6.4553
  seed=  99  ep= 30  kr=3.8139  jp=0.9604  us=7.8860
  seed= 222  ep= 30  kr=5.3035  jp=1.1628  us=10.3221
  seed= 333  ep= 30  kr=3.7896  jp=1.3892  us=7.3449
  seed= 456  ep= 30  kr=2.3257  jp=0.7948  us=7.1289
  seed= 789  ep= 30  kr=4.1961  jp=1.3275  us=9.3648
  seed= 888  ep= 30  kr=6.4520  jp=1.3106  us=10.8733
  seed= 999  ep= 30  kr=1.8376  jp=1.2311  us=5.7052
  seed=   2  ep= 30  kr=1.5719  jp=1.3147  us=5.4022
  seed=   3  ep= 30  kr=5.5271  jp=1.1091  us=9.2229
  seed=  37  ep= 30  kr=3.2715  jp=1.3089  us=7.5526
  seed= 500  ep= 30  kr=5.9472  jp=1.0181  us=10.1525

--- 50 epochs ---
  seed= 777  ep= 50  kr=4.0781  jp=1.2682  us=6.4855
  seed=  42  ep= 50  kr=6.0401  jp=1.1068  us=9.6892
  seed= 111  ep= 50  kr=4.6885  jp=1.4462  us=8.8580
  seed=   1  ep= 50  kr=1.9568  jp=1.3741  us=5.8580
