CUDA not available, using CPU
Loading data from /Users/samrobert/Documents/GitHub/Exchangeprediction/Cyber-trend-forecasting-main 3/B-MTGNN/data/sm_data.csv...
Data loaded and converted to numeric successfully.
Graph loaded with 1 attacks...
33 columns loaded
Adjacency created...
train X: torch.Size([131, 24, 33])
train Y: torch.Size([131, 1, 33])
valid X: torch.Size([11, 24, 33])
valid Y: torch.Size([11, 1, 33])
test X: torch.Size([11, 24, 33])
test Y: torch.Size([11, 1, 33])
test window: torch.Size([36, 33])
length of training set= 131
length of validation set= 11
length of testing set= 11
valid= 168
Auto-detected num_nodes: 33
Namespace(data='/Users/samrobert/Documents/GitHub/Exchangeprediction/Cyber-trend-forecasting-main 3/B-MTGNN/data/sm_data.csv', log_interval=2000, save='/Users/samrobert/Documents/GitHub/Exchangeprediction/Cyber-trend-forecasting-main 3/B-MTGNN/tuning_runs/20260217_120514/checkpoints/model_002.pt', optim='adam', L1Loss=True, loss_mode='mse', normalize=2, device='cuda:1', gcn_true=False, buildA_true=False, use_graph=0, gcn_depth=1, num_nodes=33, dropout=0.1, subgraph_size=40, node_dim=30, dilation_exponential=2, conv_channels=16, residual_channels=128, skip_channels=256, end_channels=1024, in_dim=1, seq_in_len=24, seq_out_len=1, horizon=1, layers=2, batch_size=4, lr=0.0003, weight_decay=1e-05, clip=10, propalpha=0.6, tanhalpha=0.1, epochs=30, num_split=1, step_size=100, ss_prob=0.3, train_ratio=0.8666666667, valid_ratio=0.0666666667, focus_targets=1, focus_nodes='us_Trade Weighted Dollar Index,jp_fx,kr_fx', focus_weight=0.7, focus_target_gain=12.0, rse_targets='Us_Trade Weighted Dollar Index_Testing.txt,Jp_fx_Testing.txt,Kr_fx_Testing.txt', rse_report_mode='targets', plot_focus_only=0, debug_eval=0, rollout_mode='teacher_forced', seed=2026, plot=0, clean_cache=0, autotune_mode=1)
The recpetive field size is 19
Number of model parameters is 611649
begin training
Experiment: 1
Iter: 0
epoch: 1
hp= [1, 0.0003, 16, 128, 256, 1024, 40, 0.1, 2, 30, 0.6, 0.1, 2, 1]
best sum= 10000000
best rrse= 10000000
best rrae= 10000000
best corr= -10000000
best smape= 10000000
best objective= 10000000
best hps= []
best test rse= 10000000
best test corr= -10000000
[Target-Weighted Loss] weights applied: {'us_Trade Weighted Dollar Index': 12.0, 'kr_fx': 12.0, 'jp_fx': 12.0}
iter:  0 | loss: 0.026
iter:  1 | loss: 0.014
iter:  2 | loss: 0.015
iter:  3 | loss: 0.011
iter:  4 | loss: 0.017
iter:  5 | loss: 0.012
iter:  6 | loss: 0.022
iter:  7 | loss: 0.014
iter:  8 | loss: 0.014
iter:  9 | loss: 0.016
iter: 10 | loss: 0.016
iter: 11 | loss: 0.030
iter: 12 | loss: 0.017
iter: 13 | loss: 0.027
iter: 14 | loss: 0.017
iter: 15 | loss: 0.025
iter: 16 | loss: 0.011
iter: 17 | loss: 0.015
iter: 18 | loss: 0.012
iter: 19 | loss: 0.014
iter: 20 | loss: 0.012
iter: 21 | loss: 0.011
iter: 22 | loss: 0.019
iter: 23 | loss: 0.017
iter: 24 | loss: 0.015
iter: 25 | loss: 0.015
iter: 26 | loss: 0.015
iter: 27 | loss: 0.019
iter: 28 | loss: 0.013
iter: 29 | loss: 0.017
iter: 30 | loss: 0.016
iter: 31 | loss: 0.016
iter: 32 | loss: 0.025
testing r= 5
rrse(target)=119.61343171598665 / 34.875950297872706 | rrse(all)=86544964966728.9 / 34622965068576.312 | report_mode=targets
| end of epoch   1 | time:  2.72s | train_loss 0.0167 | valid rse 3.4297 | valid rae 3.9417 | valid corr  0.2215 | valid smape  0.2984 | focus_rrse 2.9939 | obj 3.1247
testing r= 5
rrse(target)=150.081364651395 / 87.05324564957357 | rrse(all)=18754939479316.125 / 13118447315149.623 | report_mode=targets
********************************************************************************************************
test rse 1.7240 | test rae 1.9237 | test corr 0.2723| test smape 0.2470 | test focus_rrse 1.3902
********************************************************************************************************
Experiment: 1
Iter: 0
epoch: 2
hp= [1, 0.0003, 16, 128, 256, 1024, 40, 0.1, 2, 30, 0.6, 0.1, 2, 2]
best sum= 7.14985307786925
best rrse= 3.4296823654804496
best rrae= 3.941687098063277
best corr= 0.22151639
best smape= 0.29844530284755943
best objective= 3.124657783336457
best hps= [1, 0.0003, 16, 128, 256, 1024, 40, 0.1, 2, 30, 0.6, 0.1, 2, 1]
best test rse= 1.724018025192725
best test corr= 0.27227277
[Target-Weighted Loss] weights applied: {'us_Trade Weighted Dollar Index': 12.0, 'kr_fx': 12.0, 'jp_fx': 12.0}
iter:  0 | loss: 0.013
iter:  1 | loss: 0.017
iter:  2 | loss: 0.016
iter:  3 | loss: 0.013
iter:  4 | loss: 0.017
iter:  5 | loss: 0.013
iter:  6 | loss: 0.021
iter:  7 | loss: 0.017
iter:  8 | loss: 0.010
iter:  9 | loss: 0.014
iter: 10 | loss: 0.015
iter: 11 | loss: 0.017
iter: 12 | loss: 0.013
iter: 13 | loss: 0.017
iter: 14 | loss: 0.015
iter: 15 | loss: 0.012
iter: 16 | loss: 0.015
iter: 17 | loss: 0.017
iter: 18 | loss: 0.015
iter: 19 | loss: 0.016
iter: 20 | loss: 0.022
iter: 21 | loss: 0.024
iter: 22 | loss: 0.014
iter: 23 | loss: 0.011
iter: 24 | loss: 0.023
iter: 25 | loss: 0.014
iter: 26 | loss: 0.019
iter: 27 | loss: 0.018
iter: 28 | loss: 0.015
iter: 29 | loss: 0.010
iter: 30 | loss: 0.024
iter: 31 | loss: 0.014
iter: 32 | loss: 0.054
testing r= 5
rrse(target)=120.43070491988328 / 34.875950297872706 | rrse(all)=86309901689075.7 / 34622965068576.312 | report_mode=targets
| end of epoch   2 | time:  2.67s | train_loss 0.0167 | valid rse 3.4531 | valid rae 3.9698 | valid corr  0.2282 | valid smape  0.2985 | focus_rrse 3.0016 | obj 3.1371
Experiment: 1
Iter: 0
epoch: 3
hp= [1, 0.0003, 16, 128, 256, 1024, 40, 0.1, 2, 30, 0.6, 0.1, 2, 3]
best sum= 7.14985307786925
best rrse= 3.4296823654804496
best rrae= 3.941687098063277
best corr= 0.22151639
best smape= 0.29844530284755943
best objective= 3.124657783336457
best hps= [1, 0.0003, 16, 128, 256, 1024, 40, 0.1, 2, 30, 0.6, 0.1, 2, 1]
best test rse= 1.724018025192725
best test corr= 0.27227277
[Target-Weighted Loss] weights applied: {'us_Trade Weighted Dollar Index': 12.0, 'kr_fx': 12.0, 'jp_fx': 12.0}
iter:  0 | loss: 0.014
iter:  1 | loss: 0.016
iter:  2 | loss: 0.015
iter:  3 | loss: 0.026
iter:  4 | loss: 0.014
iter:  5 | loss: 0.014
iter:  6 | loss: 0.020
iter:  7 | loss: 0.018
iter:  8 | loss: 0.015
iter:  9 | loss: 0.015
iter: 10 | loss: 0.016
iter: 11 | loss: 0.010
iter: 12 | loss: 0.010
iter: 13 | loss: 0.013
iter: 14 | loss: 0.011
iter: 15 | loss: 0.022
iter: 16 | loss: 0.013
iter: 17 | loss: 0.029
iter: 18 | loss: 0.016
iter: 19 | loss: 0.012
iter: 20 | loss: 0.014
iter: 21 | loss: 0.022
iter: 22 | loss: 0.013
iter: 23 | loss: 0.010
iter: 24 | loss: 0.024
iter: 25 | loss: 0.016
iter: 26 | loss: 0.017
iter: 27 | loss: 0.018
iter: 28 | loss: 0.016
iter: 29 | loss: 0.013
iter: 30 | loss: 0.017
iter: 31 | loss: 0.012
iter: 32 | loss: 0.030
testing r= 5
rrse(target)=120.26609900679618 / 34.875950297872706 | rrse(all)=86489624709884.69 / 34622965068576.312 | report_mode=targets
| end of epoch   3 | time:  2.10s | train_loss 0.0163 | valid rse 3.4484 | valid rae 3.9671 | valid corr  0.2307 | valid smape  0.2984 | focus_rrse 2.9990 | obj 3.1338
Experiment: 1
Iter: 0
epoch: 4
hp= [1, 0.0003, 16, 128, 256, 1024, 40, 0.1, 2, 30, 0.6, 0.1, 2, 4]
best sum= 7.14985307786925
best rrse= 3.4296823654804496
best rrae= 3.941687098063277
best corr= 0.22151639
best smape= 0.29844530284755943
best objective= 3.124657783336457
best hps= [1, 0.0003, 16, 128, 256, 1024, 40, 0.1, 2, 30, 0.6, 0.1, 2, 1]
best test rse= 1.724018025192725
best test corr= 0.27227277
[Target-Weighted Loss] weights applied: {'us_Trade Weighted Dollar Index': 12.0, 'kr_fx': 12.0, 'jp_fx': 12.0}
iter:  0 | loss: 0.019
iter:  1 | loss: 0.018
iter:  2 | loss: 0.015
iter:  3 | loss: 0.024
iter:  4 | loss: 0.014
iter:  5 | loss: 0.024
iter:  6 | loss: 0.014
iter:  7 | loss: 0.010
iter:  8 | loss: 0.013
iter:  9 | loss: 0.012
iter: 10 | loss: 0.019
iter: 11 | loss: 0.016
iter: 12 | loss: 0.011
iter: 13 | loss: 0.028
iter: 14 | loss: 0.027
iter: 15 | loss: 0.015
iter: 16 | loss: 0.014
iter: 17 | loss: 0.014
iter: 18 | loss: 0.016
iter: 19 | loss: 0.015
iter: 20 | loss: 0.015
iter: 21 | loss: 0.017
iter: 22 | loss: 0.013
iter: 23 | loss: 0.020
iter: 24 | loss: 0.014
iter: 25 | loss: 0.018
iter: 26 | loss: 0.015
iter: 27 | loss: 0.019
iter: 28 | loss: 0.016
iter: 29 | loss: 0.019
iter: 30 | loss: 0.010
iter: 31 | loss: 0.010
iter: 32 | loss: 0.023
testing r= 5
rrse(target)=120.68698617834691 / 34.875950297872706 | rrse(all)=86608248003409.14 / 34622965068576.312 | report_mode=targets
| end of epoch   4 | time:  2.09s | train_loss 0.0165 | valid rse 3.4605 | valid rae 3.9837 | valid corr  0.2323 | valid smape  0.2982 | focus_rrse 3.0110 | obj 3.1458
Experiment: 1
Iter: 0
epoch: 5
hp= [1, 0.0003, 16, 128, 256, 1024, 40, 0.1, 2, 30, 0.6, 0.1, 2, 5]
best sum= 7.14985307786925
best rrse= 3.4296823654804496
best rrae= 3.941687098063277
best corr= 0.22151639
best smape= 0.29844530284755943
best objective= 3.124657783336457
best hps= [1, 0.0003, 16, 128, 256, 1024, 40, 0.1, 2, 30, 0.6, 0.1, 2, 1]
best test rse= 1.724018025192725
best test corr= 0.27227277
[Target-Weighted Loss] weights applied: {'us_Trade Weighted Dollar Index': 12.0, 'kr_fx': 12.0, 'jp_fx': 12.0}
iter:  0 | loss: 0.015
iter:  1 | loss: 0.019
iter:  2 | loss: 0.024
iter:  3 | loss: 0.021
iter:  4 | loss: 0.015
iter:  5 | loss: 0.010
iter:  6 | loss: 0.029
iter:  7 | loss: 0.014
iter:  8 | loss: 0.015
iter:  9 | loss: 0.017
iter: 10 | loss: 0.015
iter: 11 | loss: 0.013
iter: 12 | loss: 0.019
iter: 13 | loss: 0.018
iter: 14 | loss: 0.011
iter: 15 | loss: 0.017
iter: 16 | loss: 0.011
iter: 17 | loss: 0.016
iter: 18 | loss: 0.012
iter: 19 | loss: 0.017
iter: 20 | loss: 0.009
iter: 21 | loss: 0.021
iter: 22 | loss: 0.019
iter: 23 | loss: 0.014
iter: 24 | loss: 0.017
iter: 25 | loss: 0.017
iter: 26 | loss: 0.015
iter: 27 | loss: 0.021
iter: 28 | loss: 0.016
iter: 29 | loss: 0.015
iter: 30 | loss: 0.015
iter: 31 | loss: 0.020
iter: 32 | loss: 0.022
testing r= 5
rrse(target)=120.12760955802375 / 34.875950297872706 | rrse(all)=86867014783602.19 / 34622965068576.312 | report_mode=targets
| end of epoch   5 | time:  2.14s | train_loss 0.0165 | valid rse 3.4444 | valid rae 3.9583 | valid corr  0.2301 | valid smape  0.2982 | focus_rrse 2.9946 | obj 3.1295
Experiment: 1
Iter: 0
epoch: 6
hp= [1, 0.0003, 16, 128, 256, 1024, 40, 0.1, 2, 30, 0.6, 0.1, 2, 6]
best sum= 7.14985307786925
best rrse= 3.4296823654804496
best rrae= 3.941687098063277
best corr= 0.22151639
best smape= 0.29844530284755943
best objective= 3.124657783336457
best hps= [1, 0.0003, 16, 128, 256, 1024, 40, 0.1, 2, 30, 0.6, 0.1, 2, 1]
best test rse= 1.724018025192725
best test corr= 0.27227277
[Target-Weighted Loss] weights applied: {'us_Trade Weighted Dollar Index': 12.0, 'kr_fx': 12.0, 'jp_fx': 12.0}
iter:  0 | loss: 0.016
iter:  1 | loss: 0.012
iter:  2 | loss: 0.018
iter:  3 | loss: 0.017
iter:  4 | loss: 0.020
iter:  5 | loss: 0.014
iter:  6 | loss: 0.010
iter:  7 | loss: 0.014
iter:  8 | loss: 0.024
iter:  9 | loss: 0.016
iter: 10 | loss: 0.015
iter: 11 | loss: 0.011
iter: 12 | loss: 0.017
iter: 13 | loss: 0.015
iter: 14 | loss: 0.019
iter: 15 | loss: 0.011
iter: 16 | loss: 0.024
iter: 17 | loss: 0.015
iter: 18 | loss: 0.017
iter: 19 | loss: 0.013
iter: 20 | loss: 0.020
iter: 21 | loss: 0.024
iter: 22 | loss: 0.026
iter: 23 | loss: 0.013
iter: 24 | loss: 0.017
iter: 25 | loss: 0.013
iter: 26 | loss: 0.025
iter: 27 | loss: 0.018
iter: 28 | loss: 0.015
iter: 29 | loss: 0.013
iter: 30 | loss: 0.015
iter: 31 | loss: 0.014
iter: 32 | loss: 0.013
testing r= 5
rrse(target)=121.37882573141619 / 34.875950297872706 | rrse(all)=86632941171113.97 / 34622965068576.312 | report_mode=targets
| end of epoch   6 | time:  2.67s | train_loss 0.0164 | valid rse 3.4803 | valid rae 3.9876 | valid corr  0.2296 | valid smape  0.2984 | focus_rrse 2.9987 | obj 3.1432
Experiment: 1
Iter: 0
epoch: 7
hp= [1, 0.0003, 16, 128, 256, 1024, 40, 0.1, 2, 30, 0.6, 0.1, 2, 7]
best sum= 7.14985307786925
best rrse= 3.4296823654804496
best rrae= 3.941687098063277
best corr= 0.22151639
best smape= 0.29844530284755943
best objective= 3.124657783336457
best hps= [1, 0.0003, 16, 128, 256, 1024, 40, 0.1, 2, 30, 0.6, 0.1, 2, 1]
best test rse= 1.724018025192725
best test corr= 0.27227277
[Target-Weighted Loss] weights applied: {'us_Trade Weighted Dollar Index': 12.0, 'kr_fx': 12.0, 'jp_fx': 12.0}
iter:  0 | loss: 0.014
iter:  1 | loss: 0.014
iter:  2 | loss: 0.012
iter:  3 | loss: 0.025
iter:  4 | loss: 0.019
iter:  5 | loss: 0.017
iter:  6 | loss: 0.008
iter:  7 | loss: 0.016
iter:  8 | loss: 0.007
iter:  9 | loss: 0.018
iter: 10 | loss: 0.019
iter: 11 | loss: 0.016
iter: 12 | loss: 0.012
iter: 13 | loss: 0.014
iter: 14 | loss: 0.015
iter: 15 | loss: 0.014
iter: 16 | loss: 0.012
iter: 17 | loss: 0.017
iter: 18 | loss: 0.016
iter: 19 | loss: 0.017
iter: 20 | loss: 0.014
iter: 21 | loss: 0.019
iter: 22 | loss: 0.015
iter: 23 | loss: 0.021
iter: 24 | loss: 0.020
iter: 25 | loss: 0.018
iter: 26 | loss: 0.013
iter: 27 | loss: 0.024
iter: 28 | loss: 0.012
iter: 29 | loss: 0.016
iter: 30 | loss: 0.025
iter: 31 | loss: 0.012
iter: 32 | loss: 0.036
testing r= 5
rrse(target)=121.00924874260645 / 34.875950297872706 | rrse(all)=87180325728226.6 / 34622965068576.312 | report_mode=targets
| end of epoch   7 | time:  2.71s | train_loss 0.0164 | valid rse 3.4697 | valid rae 3.9795 | valid corr  0.2329 | valid smape  0.2983 | focus_rrse 2.9969 | obj 3.1387
Experiment: 1
Iter: 0
epoch: 8
hp= [1, 0.0003, 16, 128, 256, 1024, 40, 0.1, 2, 30, 0.6, 0.1, 2, 8]
best sum= 7.14985307786925
best rrse= 3.4296823654804496
best rrae= 3.941687098063277
best corr= 0.22151639
best smape= 0.29844530284755943
best objective= 3.124657783336457
best hps= [1, 0.0003, 16, 128, 256, 1024, 40, 0.1, 2, 30, 0.6, 0.1, 2, 1]
best test rse= 1.724018025192725
best test corr= 0.27227277
[Target-Weighted Loss] weights applied: {'us_Trade Weighted Dollar Index': 12.0, 'kr_fx': 12.0, 'jp_fx': 12.0}
iter:  0 | loss: 0.016
iter:  1 | loss: 0.015
iter:  2 | loss: 0.015
iter:  3 | loss: 0.011
iter:  4 | loss: 0.013
iter:  5 | loss: 0.014
iter:  6 | loss: 0.020
iter:  7 | loss: 0.011
iter:  8 | loss: 0.015
iter:  9 | loss: 0.017
iter: 10 | loss: 0.019
iter: 11 | loss: 0.013
iter: 12 | loss: 0.018
iter: 13 | loss: 0.018
iter: 14 | loss: 0.030
iter: 15 | loss: 0.012
iter: 16 | loss: 0.016
iter: 17 | loss: 0.019
iter: 18 | loss: 0.019
iter: 19 | loss: 0.022
iter: 20 | loss: 0.010
iter: 21 | loss: 0.018
iter: 22 | loss: 0.015
iter: 23 | loss: 0.022
iter: 24 | loss: 0.016
iter: 25 | loss: 0.015
iter: 26 | loss: 0.017
iter: 27 | loss: 0.017
iter: 28 | loss: 0.016
iter: 29 | loss: 0.012
iter: 30 | loss: 0.019
iter: 31 | loss: 0.016
iter: 32 | loss: 0.035
testing r= 5
rrse(target)=121.41151050379243 / 34.875950297872706 | rrse(all)=86191134885716.61 / 34622965068576.312 | report_mode=targets
| end of epoch   8 | time:  2.78s | train_loss 0.0169 | valid rse 3.4812 | valid rae 3.9963 | valid corr  0.2310 | valid smape  0.2980 | focus_rrse 3.0089 | obj 3.1506
Experiment: 1
Iter: 0
epoch: 9
hp= [1, 0.0003, 16, 128, 256, 1024, 40, 0.1, 2, 30, 0.6, 0.1, 2, 9]
best sum= 7.14985307786925
best rrse= 3.4296823654804496
best rrae= 3.941687098063277
best corr= 0.22151639
best smape= 0.29844530284755943
best objective= 3.124657783336457
best hps= [1, 0.0003, 16, 128, 256, 1024, 40, 0.1, 2, 30, 0.6, 0.1, 2, 1]
best test rse= 1.724018025192725
best test corr= 0.27227277
[Target-Weighted Loss] weights applied: {'us_Trade Weighted Dollar Index': 12.0, 'kr_fx': 12.0, 'jp_fx': 12.0}
iter:  0 | loss: 0.018
iter:  1 | loss: 0.015
iter:  2 | loss: 0.033
iter:  3 | loss: 0.013
iter:  4 | loss: 0.017
iter:  5 | loss: 0.017
iter:  6 | loss: 0.012
iter:  7 | loss: 0.010
iter:  8 | loss: 0.013
iter:  9 | loss: 0.016
iter: 10 | loss: 0.013
iter: 11 | loss: 0.018
iter: 12 | loss: 0.012
iter: 13 | loss: 0.017
iter: 14 | loss: 0.017
iter: 15 | loss: 0.012
iter: 16 | loss: 0.014
iter: 17 | loss: 0.017
iter: 18 | loss: 0.016
iter: 19 | loss: 0.013
iter: 20 | loss: 0.012
iter: 21 | loss: 0.014
iter: 22 | loss: 0.014
iter: 23 | loss: 0.015
iter: 24 | loss: 0.023
iter: 25 | loss: 0.014
iter: 26 | loss: 0.016
iter: 27 | loss: 0.025
iter: 28 | loss: 0.015
iter: 29 | loss: 0.028
iter: 30 | loss: 0.015
iter: 31 | loss: 0.008
iter: 32 | loss: 0.036
testing r= 5
rrse(target)=120.58614983176965 / 34.875950297872706 | rrse(all)=86485591012658.6 / 34622965068576.312 | report_mode=targets
| end of epoch   9 | time:  2.25s | train_loss 0.0164 | valid rse 3.4576 | valid rae 3.9848 | valid corr  0.2332 | valid smape  0.2981 | focus_rrse 3.0171 | obj 3.1493
Experiment: 1
Iter: 0
epoch: 10
hp= [1, 0.0003, 16, 128, 256, 1024, 40, 0.1, 2, 30, 0.6, 0.1, 2, 10]
best sum= 7.14985307786925
best rrse= 3.4296823654804496
best rrae= 3.941687098063277
best corr= 0.22151639
best smape= 0.29844530284755943
best objective= 3.124657783336457
best hps= [1, 0.0003, 16, 128, 256, 1024, 40, 0.1, 2, 30, 0.6, 0.1, 2, 1]
best test rse= 1.724018025192725
best test corr= 0.27227277
[Target-Weighted Loss] weights applied: {'us_Trade Weighted Dollar Index': 12.0, 'kr_fx': 12.0, 'jp_fx': 12.0}
iter:  0 | loss: 0.016
iter:  1 | loss: 0.014
iter:  2 | loss: 0.014
iter:  3 | loss: 0.012
iter:  4 | loss: 0.016
iter:  5 | loss: 0.016
iter:  6 | loss: 0.015
iter:  7 | loss: 0.017
iter:  8 | loss: 0.015
iter:  9 | loss: 0.013
iter: 10 | loss: 0.020
iter: 11 | loss: 0.012
iter: 12 | loss: 0.016
iter: 13 | loss: 0.012
iter: 14 | loss: 0.014
iter: 15 | loss: 0.011
iter: 16 | loss: 0.022
iter: 17 | loss: 0.013
iter: 18 | loss: 0.023
iter: 19 | loss: 0.027
iter: 20 | loss: 0.015
iter: 21 | loss: 0.019
iter: 22 | loss: 0.020
iter: 23 | loss: 0.015
iter: 24 | loss: 0.015
iter: 25 | loss: 0.023
iter: 26 | loss: 0.018
iter: 27 | loss: 0.026
iter: 28 | loss: 0.026
iter: 29 | loss: 0.013
iter: 30 | loss: 0.017
iter: 31 | loss: 0.016
iter: 32 | loss: 0.012
testing r= 5
rrse(target)=121.00931733884173 / 34.875950297872706 | rrse(all)=86958666911586.98 / 34622965068576.312 | report_mode=targets
| end of epoch  10 | time:  2.28s | train_loss 0.0167 | valid rse 3.4697 | valid rae 3.9917 | valid corr  0.2356 | valid smape  0.2980 | focus_rrse 3.0065 | obj 3.1454
Experiment: 1
Iter: 0
epoch: 11
hp= [1, 0.0003, 16, 128, 256, 1024, 40, 0.1, 2, 30, 0.6, 0.1, 2, 11]
best sum= 7.14985307786925
best rrse= 3.4296823654804496
best rrae= 3.941687098063277
best corr= 0.22151639
best smape= 0.29844530284755943
best objective= 3.124657783336457
best hps= [1, 0.0003, 16, 128, 256, 1024, 40, 0.1, 2, 30, 0.6, 0.1, 2, 1]
best test rse= 1.724018025192725
best test corr= 0.27227277
[Target-Weighted Loss] weights applied: {'us_Trade Weighted Dollar Index': 12.0, 'kr_fx': 12.0, 'jp_fx': 12.0}
iter:  0 | loss: 0.013
iter:  1 | loss: 0.020
iter:  2 | loss: 0.012
iter:  3 | loss: 0.019
iter:  4 | loss: 0.012
iter:  5 | loss: 0.016
iter:  6 | loss: 0.018
iter:  7 | loss: 0.015
iter:  8 | loss: 0.014
iter:  9 | loss: 0.029
iter: 10 | loss: 0.012
iter: 11 | loss: 0.015
iter: 12 | loss: 0.017
iter: 13 | loss: 0.015
iter: 14 | loss: 0.023
iter: 15 | loss: 0.017
iter: 16 | loss: 0.020
iter: 17 | loss: 0.012
iter: 18 | loss: 0.015
iter: 19 | loss: 0.019
iter: 20 | loss: 0.018
iter: 21 | loss: 0.016
iter: 22 | loss: 0.010
iter: 23 | loss: 0.012
iter: 24 | loss: 0.010
iter: 25 | loss: 0.015
iter: 26 | loss: 0.015
iter: 27 | loss: 0.013
iter: 28 | loss: 0.022
iter: 29 | loss: 0.024
iter: 30 | loss: 0.015
iter: 31 | loss: 0.015
iter: 32 | loss: 0.020
testing r= 5
rrse(target)=121.84962876943861 / 34.875950297872706 | rrse(all)=86748694302646.88 / 34622965068576.312 | report_mode=targets
| end of epoch  11 | time:  2.16s | train_loss 0.0162 | valid rse 3.4938 | valid rae 4.0121 | valid corr  0.2375 | valid smape  0.2986 | focus_rrse 3.0123 | obj 3.1568
Experiment: 1
Iter: 0
epoch: 12
hp= [1, 0.0003, 16, 128, 256, 1024, 40, 0.1, 2, 30, 0.6, 0.1, 2, 12]
best sum= 7.14985307786925
best rrse= 3.4296823654804496
best rrae= 3.941687098063277
best corr= 0.22151639
best smape= 0.29844530284755943
best objective= 3.124657783336457
best hps= [1, 0.0003, 16, 128, 256, 1024, 40, 0.1, 2, 30, 0.6, 0.1, 2, 1]
best test rse= 1.724018025192725
best test corr= 0.27227277
[Target-Weighted Loss] weights applied: {'us_Trade Weighted Dollar Index': 12.0, 'kr_fx': 12.0, 'jp_fx': 12.0}
iter:  0 | loss: 0.017
iter:  1 | loss: 0.013
iter:  2 | loss: 0.019
iter:  3 | loss: 0.019
iter:  4 | loss: 0.016
iter:  5 | loss: 0.016
iter:  6 | loss: 0.014
iter:  7 | loss: 0.016
iter:  8 | loss: 0.016
iter:  9 | loss: 0.022
iter: 10 | loss: 0.025
iter: 11 | loss: 0.017
iter: 12 | loss: 0.015
iter: 13 | loss: 0.013
iter: 14 | loss: 0.018
iter: 15 | loss: 0.015
iter: 16 | loss: 0.010
iter: 17 | loss: 0.021
iter: 18 | loss: 0.013
iter: 19 | loss: 0.023
iter: 20 | loss: 0.015
iter: 21 | loss: 0.018
iter: 22 | loss: 0.015
iter: 23 | loss: 0.020
iter: 24 | loss: 0.017
iter: 25 | loss: 0.013
iter: 26 | loss: 0.014
iter: 27 | loss: 0.017
iter: 28 | loss: 0.011
iter: 29 | loss: 0.014
iter: 30 | loss: 0.026
iter: 31 | loss: 0.010
iter: 32 | loss: 0.017
testing r= 5
rrse(target)=122.1372578930156 / 34.875950297872706 | rrse(all)=86337579153939.5 / 34622965068576.312 | report_mode=targets
| end of epoch  12 | time:  2.30s | train_loss 0.0165 | valid rse 3.5020 | valid rae 4.0168 | valid corr  0.2269 | valid smape  0.2985 | focus_rrse 3.0169 | obj 3.1624
Experiment: 1
Iter: 0
epoch: 13
hp= [1, 0.0003, 16, 128, 256, 1024, 40, 0.1, 2, 30, 0.6, 0.1, 2, 13]
best sum= 7.14985307786925
best rrse= 3.4296823654804496
best rrae= 3.941687098063277
best corr= 0.22151639
best smape= 0.29844530284755943
best objective= 3.124657783336457
best hps= [1, 0.0003, 16, 128, 256, 1024, 40, 0.1, 2, 30, 0.6, 0.1, 2, 1]
best test rse= 1.724018025192725
best test corr= 0.27227277
[Target-Weighted Loss] weights applied: {'us_Trade Weighted Dollar Index': 12.0, 'kr_fx': 12.0, 'jp_fx': 12.0}
iter:  0 | loss: 0.018
iter:  1 | loss: 0.014
iter:  2 | loss: 0.017
iter:  3 | loss: 0.018
iter:  4 | loss: 0.015
iter:  5 | loss: 0.013
iter:  6 | loss: 0.018
iter:  7 | loss: 0.029
iter:  8 | loss: 0.014
iter:  9 | loss: 0.016
iter: 10 | loss: 0.013
iter: 11 | loss: 0.021
iter: 12 | loss: 0.025
iter: 13 | loss: 0.015
iter: 14 | loss: 0.025
iter: 15 | loss: 0.025
iter: 16 | loss: 0.010
iter: 17 | loss: 0.023
iter: 18 | loss: 0.014
iter: 19 | loss: 0.016
iter: 20 | loss: 0.013
iter: 21 | loss: 0.014
iter: 22 | loss: 0.014
iter: 23 | loss: 0.013
iter: 24 | loss: 0.014
iter: 25 | loss: 0.015
iter: 26 | loss: 0.016
iter: 27 | loss: 0.017
iter: 28 | loss: 0.017
iter: 29 | loss: 0.010
iter: 30 | loss: 0.011
iter: 31 | loss: 0.017
iter: 32 | loss: 0.021
testing r= 5
rrse(target)=122.14702014887634 / 34.875950297872706 | rrse(all)=86760656079142.81 / 34622965068576.312 | report_mode=targets
| end of epoch  13 | time:  2.24s | train_loss 0.0166 | valid rse 3.5023 | valid rae 4.0123 | valid corr  0.2298 | valid smape  0.2981 | focus_rrse 3.0091 | obj 3.1571
Experiment: 1
Iter: 0
epoch: 14
hp= [1, 0.0003, 16, 128, 256, 1024, 40, 0.1, 2, 30, 0.6, 0.1, 2, 14]
best sum= 7.14985307786925
best rrse= 3.4296823654804496
best rrae= 3.941687098063277
best corr= 0.22151639
best smape= 0.29844530284755943
best objective= 3.124657783336457
best hps= [1, 0.0003, 16, 128, 256, 1024, 40, 0.1, 2, 30, 0.6, 0.1, 2, 1]
best test rse= 1.724018025192725
best test corr= 0.27227277
[Target-Weighted Loss] weights applied: {'us_Trade Weighted Dollar Index': 12.0, 'kr_fx': 12.0, 'jp_fx': 12.0}
iter:  0 | loss: 0.015
iter:  1 | loss: 0.019
iter:  2 | loss: 0.018
iter:  3 | loss: 0.025
iter:  4 | loss: 0.019
iter:  5 | loss: 0.012
iter:  6 | loss: 0.014
iter:  7 | loss: 0.012
iter:  8 | loss: 0.022
iter:  9 | loss: 0.011
iter: 10 | loss: 0.015
iter: 11 | loss: 0.016
iter: 12 | loss: 0.028
iter: 13 | loss: 0.010
iter: 14 | loss: 0.011
iter: 15 | loss: 0.015
iter: 16 | loss: 0.022
iter: 17 | loss: 0.016
iter: 18 | loss: 0.013
iter: 19 | loss: 0.022
iter: 20 | loss: 0.015
iter: 21 | loss: 0.012
iter: 22 | loss: 0.014
iter: 23 | loss: 0.018
iter: 24 | loss: 0.021
iter: 25 | loss: 0.014
iter: 26 | loss: 0.016
iter: 27 | loss: 0.013
iter: 28 | loss: 0.013
iter: 29 | loss: 0.025
iter: 30 | loss: 0.011
iter: 31 | loss: 0.013
iter: 32 | loss: 0.022
testing r= 5
rrse(target)=121.27983283119457 / 34.875950297872706 | rrse(all)=86774714841752.8 / 34622965068576.312 | report_mode=targets
| end of epoch  14 | time:  2.10s | train_loss 0.0164 | valid rse 3.4775 | valid rae 3.9900 | valid corr  0.2260 | valid smape  0.2981 | focus_rrse 3.0140 | obj 3.1531
Experiment: 1
Iter: 0
epoch: 15
hp= [1, 0.0003, 16, 128, 256, 1024, 40, 0.1, 2, 30, 0.6, 0.1, 2, 15]
best sum= 7.14985307786925
best rrse= 3.4296823654804496
best rrae= 3.941687098063277
best corr= 0.22151639
best smape= 0.29844530284755943
best objective= 3.124657783336457
best hps= [1, 0.0003, 16, 128, 256, 1024, 40, 0.1, 2, 30, 0.6, 0.1, 2, 1]
best test rse= 1.724018025192725
best test corr= 0.27227277
[Target-Weighted Loss] weights applied: {'us_Trade Weighted Dollar Index': 12.0, 'kr_fx': 12.0, 'jp_fx': 12.0}
iter:  0 | loss: 0.021
iter:  1 | loss: 0.014
iter:  2 | loss: 0.010
iter:  3 | loss: 0.013
iter:  4 | loss: 0.015
iter:  5 | loss: 0.014
iter:  6 | loss: 0.015
iter:  7 | loss: 0.017
iter:  8 | loss: 0.013
iter:  9 | loss: 0.014
iter: 10 | loss: 0.014
iter: 11 | loss: 0.014
iter: 12 | loss: 0.014
iter: 13 | loss: 0.018
iter: 14 | loss: 0.017
iter: 15 | loss: 0.019
iter: 16 | loss: 0.014
iter: 17 | loss: 0.014
iter: 18 | loss: 0.020
iter: 19 | loss: 0.016
iter: 20 | loss: 0.021
iter: 21 | loss: 0.022
iter: 22 | loss: 0.013
iter: 23 | loss: 0.014
iter: 24 | loss: 0.025
iter: 25 | loss: 0.020
iter: 26 | loss: 0.023
iter: 27 | loss: 0.017
iter: 28 | loss: 0.012
iter: 29 | loss: 0.026
iter: 30 | loss: 0.013
iter: 31 | loss: 0.016
iter: 32 | loss: 0.019
testing r= 5
rrse(target)=121.04578082150364 / 34.875950297872706 | rrse(all)=86794521824058.92 / 34622965068576.312 | report_mode=targets
| end of epoch  15 | time:  2.17s | train_loss 0.0165 | valid rse 3.4708 | valid rae 3.9829 | valid corr  0.2230 | valid smape  0.2986 | focus_rrse 2.9945 | obj 3.1374
Experiment: 1
Iter: 0
epoch: 16
hp= [1, 0.0003, 16, 128, 256, 1024, 40, 0.1, 2, 30, 0.6, 0.1, 2, 16]
best sum= 7.14985307786925
best rrse= 3.4296823654804496
best rrae= 3.941687098063277
best corr= 0.22151639
best smape= 0.29844530284755943
best objective= 3.124657783336457
best hps= [1, 0.0003, 16, 128, 256, 1024, 40, 0.1, 2, 30, 0.6, 0.1, 2, 1]
best test rse= 1.724018025192725
best test corr= 0.27227277
[Target-Weighted Loss] weights applied: {'us_Trade Weighted Dollar Index': 12.0, 'kr_fx': 12.0, 'jp_fx': 12.0}
iter:  0 | loss: 0.013
iter:  1 | loss: 0.018
iter:  2 | loss: 0.017
iter:  3 | loss: 0.013
iter:  4 | loss: 0.012
iter:  5 | loss: 0.016
iter:  6 | loss: 0.022
iter:  7 | loss: 0.014
iter:  8 | loss: 0.015
iter:  9 | loss: 0.017
iter: 10 | loss: 0.014
iter: 11 | loss: 0.022
iter: 12 | loss: 0.014
iter: 13 | loss: 0.014
iter: 14 | loss: 0.013
iter: 15 | loss: 0.014
iter: 16 | loss: 0.016
iter: 17 | loss: 0.019
iter: 18 | loss: 0.019
iter: 19 | loss: 0.018
iter: 20 | loss: 0.017
iter: 21 | loss: 0.015
iter: 22 | loss: 0.030
iter: 23 | loss: 0.016
iter: 24 | loss: 0.026
iter: 25 | loss: 0.011
iter: 26 | loss: 0.017
iter: 27 | loss: 0.015
iter: 28 | loss: 0.010
iter: 29 | loss: 0.015
iter: 30 | loss: 0.010
iter: 31 | loss: 0.025
iter: 32 | loss: 0.021
testing r= 5
rrse(target)=120.76139471339754 / 34.875950297872706 | rrse(all)=86673143230226.5 / 34622965068576.312 | report_mode=targets
| end of epoch  16 | time:  2.34s | train_loss 0.0166 | valid rse 3.4626 | valid rae 3.9735 | valid corr  0.2207 | valid smape  0.2983 | focus_rrse 3.0056 | obj 3.1427
Experiment: 1
Iter: 0
epoch: 17
hp= [1, 0.0003, 16, 128, 256, 1024, 40, 0.1, 2, 30, 0.6, 0.1, 2, 17]
best sum= 7.14985307786925
best rrse= 3.4296823654804496
best rrae= 3.941687098063277
best corr= 0.22151639
best smape= 0.29844530284755943
best objective= 3.124657783336457
best hps= [1, 0.0003, 16, 128, 256, 1024, 40, 0.1, 2, 30, 0.6, 0.1, 2, 1]
best test rse= 1.724018025192725
best test corr= 0.27227277
[Target-Weighted Loss] weights applied: {'us_Trade Weighted Dollar Index': 12.0, 'kr_fx': 12.0, 'jp_fx': 12.0}
iter:  0 | loss: 0.013
iter:  1 | loss: 0.016
iter:  2 | loss: 0.013
iter:  3 | loss: 0.018
iter:  4 | loss: 0.016
iter:  5 | loss: 0.027
iter:  6 | loss: 0.016
iter:  7 | loss: 0.012
iter:  8 | loss: 0.030
iter:  9 | loss: 0.023
iter: 10 | loss: 0.026
iter: 11 | loss: 0.017
iter: 12 | loss: 0.010
iter: 13 | loss: 0.011
iter: 14 | loss: 0.020
iter: 15 | loss: 0.017
iter: 16 | loss: 0.013
iter: 17 | loss: 0.015
iter: 18 | loss: 0.023
iter: 19 | loss: 0.019
iter: 20 | loss: 0.014
iter: 21 | loss: 0.015
iter: 22 | loss: 0.023
iter: 23 | loss: 0.013
iter: 24 | loss: 0.014
iter: 25 | loss: 0.013
iter: 26 | loss: 0.019
iter: 27 | loss: 0.012
iter: 28 | loss: 0.016
iter: 29 | loss: 0.010
iter: 30 | loss: 0.016
iter: 31 | loss: 0.009
iter: 32 | loss: 0.020
testing r= 5
rrse(target)=121.52170346922603 / 34.875950297872706 | rrse(all)=86347109499288.1 / 34622965068576.312 | report_mode=targets
| end of epoch  17 | time:  2.38s | train_loss 0.0166 | valid rse 3.4844 | valid rae 4.0020 | valid corr  0.2272 | valid smape  0.2979 | focus_rrse 3.0142 | obj 3.1552
Experiment: 1
Iter: 0
epoch: 18
hp= [1, 0.0003, 16, 128, 256, 1024, 40, 0.1, 2, 30, 0.6, 0.1, 2, 18]
best sum= 7.14985307786925
best rrse= 3.4296823654804496
best rrae= 3.941687098063277
best corr= 0.22151639
best smape= 0.29844530284755943
best objective= 3.124657783336457
best hps= [1, 0.0003, 16, 128, 256, 1024, 40, 0.1, 2, 30, 0.6, 0.1, 2, 1]
best test rse= 1.724018025192725
best test corr= 0.27227277
[Target-Weighted Loss] weights applied: {'us_Trade Weighted Dollar Index': 12.0, 'kr_fx': 12.0, 'jp_fx': 12.0}
iter:  0 | loss: 0.017
iter:  1 | loss: 0.023
iter:  2 | loss: 0.016
iter:  3 | loss: 0.016
iter:  4 | loss: 0.020
iter:  5 | loss: 0.026
iter:  6 | loss: 0.014
iter:  7 | loss: 0.019
iter:  8 | loss: 0.027
iter:  9 | loss: 0.008
iter: 10 | loss: 0.017
iter: 11 | loss: 0.014
iter: 12 | loss: 0.014
iter: 13 | loss: 0.036
iter: 14 | loss: 0.009
iter: 15 | loss: 0.019
iter: 16 | loss: 0.011
iter: 17 | loss: 0.011
iter: 18 | loss: 0.015
iter: 19 | loss: 0.017
iter: 20 | loss: 0.013
iter: 21 | loss: 0.017
iter: 22 | loss: 0.013
iter: 23 | loss: 0.019
iter: 24 | loss: 0.014
iter: 25 | loss: 0.016
iter: 26 | loss: 0.017
iter: 27 | loss: 0.015
iter: 28 | loss: 0.016
iter: 29 | loss: 0.013
iter: 30 | loss: 0.012
iter: 31 | loss: 0.016
iter: 32 | loss: 0.022
testing r= 5
rrse(target)=121.43850520685356 / 34.875950297872706 | rrse(all)=86639335646077.84 / 34622965068576.312 | report_mode=targets
| end of epoch  18 | time:  2.31s | train_loss 0.0166 | valid rse 3.4820 | valid rae 3.9943 | valid corr  0.2262 | valid smape  0.2985 | focus_rrse 3.0174 | obj 3.1568
Experiment: 1
Iter: 0
epoch: 19
hp= [1, 0.0003, 16, 128, 256, 1024, 40, 0.1, 2, 30, 0.6, 0.1, 2, 19]
best sum= 7.14985307786925
best rrse= 3.4296823654804496
best rrae= 3.941687098063277
best corr= 0.22151639
best smape= 0.29844530284755943
best objective= 3.124657783336457
best hps= [1, 0.0003, 16, 128, 256, 1024, 40, 0.1, 2, 30, 0.6, 0.1, 2, 1]
best test rse= 1.724018025192725
best test corr= 0.27227277
[Target-Weighted Loss] weights applied: {'us_Trade Weighted Dollar Index': 12.0, 'kr_fx': 12.0, 'jp_fx': 12.0}
iter:  0 | loss: 0.034
iter:  1 | loss: 0.013
iter:  2 | loss: 0.016
iter:  3 | loss: 0.015
iter:  4 | loss: 0.023
iter:  5 | loss: 0.012
iter:  6 | loss: 0.016
iter:  7 | loss: 0.022
iter:  8 | loss: 0.018
iter:  9 | loss: 0.021
iter: 10 | loss: 0.010
iter: 11 | loss: 0.015
iter: 12 | loss: 0.011
iter: 13 | loss: 0.016
iter: 14 | loss: 0.017
iter: 15 | loss: 0.021
iter: 16 | loss: 0.017
iter: 17 | loss: 0.010
iter: 18 | loss: 0.015
iter: 19 | loss: 0.016
iter: 20 | loss: 0.011
iter: 21 | loss: 0.014
iter: 22 | loss: 0.027
iter: 23 | loss: 0.014
iter: 24 | loss: 0.016
iter: 25 | loss: 0.013
iter: 26 | loss: 0.016
iter: 27 | loss: 0.011
iter: 28 | loss: 0.016
iter: 29 | loss: 0.014
iter: 30 | loss: 0.014
iter: 31 | loss: 0.017
iter: 32 | loss: 0.025
testing r= 5
rrse(target)=120.88919416401534 / 34.875950297872706 | rrse(all)=86438107557296.52 / 34622965068576.312 | report_mode=targets
| end of epoch  19 | time:  2.41s | train_loss 0.0165 | valid rse 3.4663 | valid rae 3.9879 | valid corr  0.2300 | valid smape  0.2982 | focus_rrse 3.0082 | obj 3.1456
Experiment: 1
Iter: 0
epoch: 20
hp= [1, 0.0003, 16, 128, 256, 1024, 40, 0.1, 2, 30, 0.6, 0.1, 2, 20]
best sum= 7.14985307786925
best rrse= 3.4296823654804496
best rrae= 3.941687098063277
best corr= 0.22151639
best smape= 0.29844530284755943
best objective= 3.124657783336457
best hps= [1, 0.0003, 16, 128, 256, 1024, 40, 0.1, 2, 30, 0.6, 0.1, 2, 1]
best test rse= 1.724018025192725
best test corr= 0.27227277
[Target-Weighted Loss] weights applied: {'us_Trade Weighted Dollar Index': 12.0, 'kr_fx': 12.0, 'jp_fx': 12.0}
iter:  0 | loss: 0.016
iter:  1 | loss: 0.012
iter:  2 | loss: 0.014
iter:  3 | loss: 0.010
iter:  4 | loss: 0.026
iter:  5 | loss: 0.028
iter:  6 | loss: 0.011
iter:  7 | loss: 0.018
iter:  8 | loss: 0.014
iter:  9 | loss: 0.015
iter: 10 | loss: 0.016
iter: 11 | loss: 0.031
iter: 12 | loss: 0.016
iter: 13 | loss: 0.016
iter: 14 | loss: 0.012
iter: 15 | loss: 0.018
iter: 16 | loss: 0.019
iter: 17 | loss: 0.015
iter: 18 | loss: 0.022
iter: 19 | loss: 0.012
iter: 20 | loss: 0.016
iter: 21 | loss: 0.019
iter: 22 | loss: 0.017
iter: 23 | loss: 0.011
iter: 24 | loss: 0.012
iter: 25 | loss: 0.014
iter: 26 | loss: 0.020
iter: 27 | loss: 0.019
iter: 28 | loss: 0.014
iter: 29 | loss: 0.017
iter: 30 | loss: 0.014
iter: 31 | loss: 0.011
iter: 32 | loss: 0.025
testing r= 5
rrse(target)=121.39092969616799 / 34.875950297872706 | rrse(all)=86766544504959.0 / 34622965068576.312 | report_mode=targets
| end of epoch  20 | time:  2.32s | train_loss 0.0167 | valid rse 3.4806 | valid rae 3.9988 | valid corr  0.2309 | valid smape  0.2984 | focus_rrse 3.0051 | obj 3.1478
Experiment: 1
Iter: 0
epoch: 21
hp= [1, 0.0003, 16, 128, 256, 1024, 40, 0.1, 2, 30, 0.6, 0.1, 2, 21]
best sum= 7.14985307786925
best rrse= 3.4296823654804496
best rrae= 3.941687098063277
best corr= 0.22151639
best smape= 0.29844530284755943
best objective= 3.124657783336457
best hps= [1, 0.0003, 16, 128, 256, 1024, 40, 0.1, 2, 30, 0.6, 0.1, 2, 1]
best test rse= 1.724018025192725
best test corr= 0.27227277
[Target-Weighted Loss] weights applied: {'us_Trade Weighted Dollar Index': 12.0, 'kr_fx': 12.0, 'jp_fx': 12.0}
iter:  0 | loss: 0.018
iter:  1 | loss: 0.014
iter:  2 | loss: 0.016
iter:  3 | loss: 0.038
iter:  4 | loss: 0.017
iter:  5 | loss: 0.018
iter:  6 | loss: 0.013
iter:  7 | loss: 0.015
iter:  8 | loss: 0.015
iter:  9 | loss: 0.015
iter: 10 | loss: 0.013
iter: 11 | loss: 0.011
iter: 12 | loss: 0.014
iter: 13 | loss: 0.017
iter: 14 | loss: 0.009
iter: 15 | loss: 0.016
iter: 16 | loss: 0.018
iter: 17 | loss: 0.018
iter: 18 | loss: 0.015
iter: 19 | loss: 0.012
iter: 20 | loss: 0.017
iter: 21 | loss: 0.023
iter: 22 | loss: 0.014
iter: 23 | loss: 0.030
iter: 24 | loss: 0.022
iter: 25 | loss: 0.019
iter: 26 | loss: 0.013
iter: 27 | loss: 0.018
iter: 28 | loss: 0.012
iter: 29 | loss: 0.012
iter: 30 | loss: 0.018
iter: 31 | loss: 0.014
iter: 32 | loss: 0.020
testing r= 5
rrse(target)=120.51826965366081 / 34.875950297872706 | rrse(all)=86485512520914.23 / 34622965068576.312 | report_mode=targets
| end of epoch  21 | time:  2.19s | train_loss 0.0167 | valid rse 3.4556 | valid rae 3.9722 | valid corr  0.2363 | valid smape  0.2983 | focus_rrse 2.9998 | obj 3.1365
Experiment: 1
Iter: 0
epoch: 22
hp= [1, 0.0003, 16, 128, 256, 1024, 40, 0.1, 2, 30, 0.6, 0.1, 2, 22]
best sum= 7.14985307786925
best rrse= 3.4296823654804496
best rrae= 3.941687098063277
best corr= 0.22151639
best smape= 0.29844530284755943
best objective= 3.124657783336457
best hps= [1, 0.0003, 16, 128, 256, 1024, 40, 0.1, 2, 30, 0.6, 0.1, 2, 1]
best test rse= 1.724018025192725
best test corr= 0.27227277
[Target-Weighted Loss] weights applied: {'us_Trade Weighted Dollar Index': 12.0, 'kr_fx': 12.0, 'jp_fx': 12.0}
iter:  0 | loss: 0.013
iter:  1 | loss: 0.022
iter:  2 | loss: 0.017
iter:  3 | loss: 0.013
iter:  4 | loss: 0.012
iter:  5 | loss: 0.016
iter:  6 | loss: 0.015
iter:  7 | loss: 0.016
iter:  8 | loss: 0.018
iter:  9 | loss: 0.026
iter: 10 | loss: 0.011
iter: 11 | loss: 0.016
iter: 12 | loss: 0.010
iter: 13 | loss: 0.011
iter: 14 | loss: 0.015
iter: 15 | loss: 0.017
iter: 16 | loss: 0.012
iter: 17 | loss: 0.021
iter: 18 | loss: 0.015
iter: 19 | loss: 0.019
iter: 20 | loss: 0.015
iter: 21 | loss: 0.016
iter: 22 | loss: 0.019
iter: 23 | loss: 0.017
iter: 24 | loss: 0.011
iter: 25 | loss: 0.015
iter: 26 | loss: 0.024
iter: 27 | loss: 0.023
iter: 28 | loss: 0.018
iter: 29 | loss: 0.015
iter: 30 | loss: 0.012
iter: 31 | loss: 0.023
iter: 32 | loss: 0.019
testing r= 5
rrse(target)=120.07385015975585 / 34.875950297872706 | rrse(all)=87344952126939.06 / 34622965068576.312 | report_mode=targets
| end of epoch  22 | time:  2.27s | train_loss 0.0164 | valid rse 3.4429 | valid rae 3.9584 | valid corr  0.2334 | valid smape  0.2986 | focus_rrse 2.9938 | obj 3.1285
Experiment: 1
Iter: 0
epoch: 23
hp= [1, 0.0003, 16, 128, 256, 1024, 40, 0.1, 2, 30, 0.6, 0.1, 2, 23]
best sum= 7.14985307786925
best rrse= 3.4296823654804496
best rrae= 3.941687098063277
best corr= 0.22151639
best smape= 0.29844530284755943
best objective= 3.124657783336457
best hps= [1, 0.0003, 16, 128, 256, 1024, 40, 0.1, 2, 30, 0.6, 0.1, 2, 1]
best test rse= 1.724018025192725
best test corr= 0.27227277
[Target-Weighted Loss] weights applied: {'us_Trade Weighted Dollar Index': 12.0, 'kr_fx': 12.0, 'jp_fx': 12.0}
iter:  0 | loss: 0.025
iter:  1 | loss: 0.012
iter:  2 | loss: 0.018
iter:  3 | loss: 0.011
iter:  4 | loss: 0.020
iter:  5 | loss: 0.025
iter:  6 | loss: 0.013
iter:  7 | loss: 0.015
iter:  8 | loss: 0.015
iter:  9 | loss: 0.009
iter: 10 | loss: 0.016
iter: 11 | loss: 0.012
iter: 12 | loss: 0.014
iter: 13 | loss: 0.014
iter: 14 | loss: 0.015
iter: 15 | loss: 0.014
iter: 16 | loss: 0.014
iter: 17 | loss: 0.012
iter: 18 | loss: 0.015
iter: 19 | loss: 0.015
iter: 20 | loss: 0.012
iter: 21 | loss: 0.013
iter: 22 | loss: 0.017
iter: 23 | loss: 0.022
iter: 24 | loss: 0.018
iter: 25 | loss: 0.030
iter: 26 | loss: 0.017
iter: 27 | loss: 0.025
iter: 28 | loss: 0.015
iter: 29 | loss: 0.013
iter: 30 | loss: 0.020
iter: 31 | loss: 0.010
iter: 32 | loss: 0.026
testing r= 5
rrse(target)=120.31671258858846 / 34.875950297872706 | rrse(all)=86620583541405.0 / 34622965068576.312 | report_mode=targets
| end of epoch  23 | time:  2.23s | train_loss 0.0164 | valid rse 3.4498 | valid rae 3.9599 | valid corr  0.2242 | valid smape  0.2982 | focus_rrse 2.9947 | obj 3.1312
Experiment: 1
Iter: 0
epoch: 24
hp= [1, 0.0003, 16, 128, 256, 1024, 40, 0.1, 2, 30, 0.6, 0.1, 2, 24]
best sum= 7.14985307786925
best rrse= 3.4296823654804496
best rrae= 3.941687098063277
best corr= 0.22151639
best smape= 0.29844530284755943
best objective= 3.124657783336457
best hps= [1, 0.0003, 16, 128, 256, 1024, 40, 0.1, 2, 30, 0.6, 0.1, 2, 1]
best test rse= 1.724018025192725
best test corr= 0.27227277
[Target-Weighted Loss] weights applied: {'us_Trade Weighted Dollar Index': 12.0, 'kr_fx': 12.0, 'jp_fx': 12.0}
iter:  0 | loss: 0.015
iter:  1 | loss: 0.014
iter:  2 | loss: 0.018
iter:  3 | loss: 0.015
iter:  4 | loss: 0.012
iter:  5 | loss: 0.012
iter:  6 | loss: 0.013
iter:  7 | loss: 0.014
iter:  8 | loss: 0.010
iter:  9 | loss: 0.018
iter: 10 | loss: 0.012
iter: 11 | loss: 0.027
iter: 12 | loss: 0.014
iter: 13 | loss: 0.021
iter: 14 | loss: 0.017
iter: 15 | loss: 0.013
iter: 16 | loss: 0.016
iter: 17 | loss: 0.024
iter: 18 | loss: 0.018
iter: 19 | loss: 0.016
iter: 20 | loss: 0.019
iter: 21 | loss: 0.021
iter: 22 | loss: 0.012
iter: 23 | loss: 0.036
iter: 24 | loss: 0.016
iter: 25 | loss: 0.016
iter: 26 | loss: 0.016
iter: 27 | loss: 0.020
iter: 28 | loss: 0.013
iter: 29 | loss: 0.013
iter: 30 | loss: 0.015
iter: 31 | loss: 0.014
iter: 32 | loss: 0.028
testing r= 5
rrse(target)=120.4395027726576 / 34.875950297872706 | rrse(all)=86693140240168.9 / 34622965068576.312 | report_mode=targets
| end of epoch  24 | time:  2.53s | train_loss 0.0168 | valid rse 3.4534 | valid rae 3.9687 | valid corr  0.2262 | valid smape  0.2984 | focus_rrse 3.0036 | obj 3.1385
Experiment: 1
Iter: 0
epoch: 25
hp= [1, 0.0003, 16, 128, 256, 1024, 40, 0.1, 2, 30, 0.6, 0.1, 2, 25]
best sum= 7.14985307786925
best rrse= 3.4296823654804496
best rrae= 3.941687098063277
best corr= 0.22151639
best smape= 0.29844530284755943
best objective= 3.124657783336457
best hps= [1, 0.0003, 16, 128, 256, 1024, 40, 0.1, 2, 30, 0.6, 0.1, 2, 1]
best test rse= 1.724018025192725
best test corr= 0.27227277
[Target-Weighted Loss] weights applied: {'us_Trade Weighted Dollar Index': 12.0, 'kr_fx': 12.0, 'jp_fx': 12.0}
iter:  0 | loss: 0.014
iter:  1 | loss: 0.016
iter:  2 | loss: 0.023
iter:  3 | loss: 0.013
iter:  4 | loss: 0.017
iter:  5 | loss: 0.018
iter:  6 | loss: 0.014
iter:  7 | loss: 0.014
iter:  8 | loss: 0.026
iter:  9 | loss: 0.012
iter: 10 | loss: 0.017
iter: 11 | loss: 0.011
iter: 12 | loss: 0.018
iter: 13 | loss: 0.015
iter: 14 | loss: 0.017
iter: 15 | loss: 0.013
iter: 16 | loss: 0.027
iter: 17 | loss: 0.017
iter: 18 | loss: 0.017
iter: 19 | loss: 0.017
iter: 20 | loss: 0.010
iter: 21 | loss: 0.016
iter: 22 | loss: 0.012
iter: 23 | loss: 0.016
iter: 24 | loss: 0.008
iter: 25 | loss: 0.018
iter: 26 | loss: 0.015
iter: 27 | loss: 0.016
iter: 28 | loss: 0.011
iter: 29 | loss: 0.018
iter: 30 | loss: 0.023
iter: 31 | loss: 0.027
iter: 32 | loss: 0.017
testing r= 5
rrse(target)=120.06858391665158 / 34.875950297872706 | rrse(all)=86827024863311.25 / 34622965068576.312 | report_mode=targets
| end of epoch  25 | time:  2.26s | train_loss 0.0165 | valid rse 3.4427 | valid rae 3.9491 | valid corr  0.2223 | valid smape  0.2984 | focus_rrse 2.9869 | obj 3.1237
testing r= 5
rrse(target)=150.5591790833425 / 87.05324564957357 | rrse(all)=18420031696012.855 / 13118447315149.623 | report_mode=targets
********************************************************************************************************
test rse 1.7295 | test rae 1.9348 | test corr 0.2818| test smape 0.2468 | test focus_rrse 1.4020
********************************************************************************************************
Experiment: 1
Iter: 0
epoch: 26
hp= [1, 0.0003, 16, 128, 256, 1024, 40, 0.1, 2, 30, 0.6, 0.1, 2, 26]
best sum= 7.169535576021184
best rrse= 3.4427329690275217
best rrae= 3.9491040305433147
best corr= 0.22230142
best smape= 0.29840633531282523
best objective= 3.1236509558861743
best hps= [1, 0.0003, 16, 128, 256, 1024, 40, 0.1, 2, 30, 0.6, 0.1, 2, 25]
best test rse= 1.72950678587456
best test corr= 0.28181985
[Target-Weighted Loss] weights applied: {'us_Trade Weighted Dollar Index': 12.0, 'kr_fx': 12.0, 'jp_fx': 12.0}
iter:  0 | loss: 0.018
iter:  1 | loss: 0.017
iter:  2 | loss: 0.016
iter:  3 | loss: 0.016
iter:  4 | loss: 0.013
iter:  5 | loss: 0.030
iter:  6 | loss: 0.012
iter:  7 | loss: 0.023
iter:  8 | loss: 0.020
iter:  9 | loss: 0.020
iter: 10 | loss: 0.017
iter: 11 | loss: 0.017
iter: 12 | loss: 0.015
iter: 13 | loss: 0.015
iter: 14 | loss: 0.014
iter: 15 | loss: 0.009
iter: 16 | loss: 0.013
iter: 17 | loss: 0.011
iter: 18 | loss: 0.015
iter: 19 | loss: 0.011
iter: 20 | loss: 0.021
iter: 21 | loss: 0.011
iter: 22 | loss: 0.013
iter: 23 | loss: 0.016
iter: 24 | loss: 0.016
iter: 25 | loss: 0.018
iter: 26 | loss: 0.020
iter: 27 | loss: 0.010
iter: 28 | loss: 0.019
iter: 29 | loss: 0.016
iter: 30 | loss: 0.018
iter: 31 | loss: 0.027
iter: 32 | loss: 0.019
testing r= 5
rrse(target)=120.72396765840452 / 34.875950297872706 | rrse(all)=87201069527876.6 / 34622965068576.312 | report_mode=targets
| end of epoch  26 | time:  2.36s | train_loss 0.0165 | valid rse 3.4615 | valid rae 3.9687 | valid corr  0.2299 | valid smape  0.2986 | focus_rrse 2.9955 | obj 3.1353
Experiment: 1
Iter: 0
epoch: 27
hp= [1, 0.0003, 16, 128, 256, 1024, 40, 0.1, 2, 30, 0.6, 0.1, 2, 27]
best sum= 7.169535576021184
best rrse= 3.4427329690275217
best rrae= 3.9491040305433147
best corr= 0.22230142
best smape= 0.29840633531282523
best objective= 3.1236509558861743
best hps= [1, 0.0003, 16, 128, 256, 1024, 40, 0.1, 2, 30, 0.6, 0.1, 2, 25]
best test rse= 1.72950678587456
best test corr= 0.28181985
[Target-Weighted Loss] weights applied: {'us_Trade Weighted Dollar Index': 12.0, 'kr_fx': 12.0, 'jp_fx': 12.0}
iter:  0 | loss: 0.019
iter:  1 | loss: 0.014
iter:  2 | loss: 0.014
iter:  3 | loss: 0.019
iter:  4 | loss: 0.013
iter:  5 | loss: 0.014
iter:  6 | loss: 0.019
iter:  7 | loss: 0.019
iter:  8 | loss: 0.016
iter:  9 | loss: 0.012
iter: 10 | loss: 0.018
iter: 11 | loss: 0.016
iter: 12 | loss: 0.015
iter: 13 | loss: 0.018
iter: 14 | loss: 0.014
iter: 15 | loss: 0.010
iter: 16 | loss: 0.015
iter: 17 | loss: 0.009
iter: 18 | loss: 0.014
iter: 19 | loss: 0.015
iter: 20 | loss: 0.013
iter: 21 | loss: 0.014
iter: 22 | loss: 0.018
iter: 23 | loss: 0.026
iter: 24 | loss: 0.023
iter: 25 | loss: 0.027
iter: 26 | loss: 0.016
iter: 27 | loss: 0.013
iter: 28 | loss: 0.012
iter: 29 | loss: 0.012
iter: 30 | loss: 0.020
iter: 31 | loss: 0.022
iter: 32 | loss: 0.014
testing r= 5
rrse(target)=122.26195381868597 / 34.875950297872706 | rrse(all)=86620062213060.88 / 34622965068576.312 | report_mode=targets
| end of epoch  27 | time:  2.28s | train_loss 0.0163 | valid rse 3.5056 | valid rae 4.0205 | valid corr  0.2254 | valid smape  0.2986 | focus_rrse 3.0173 | obj 3.1638
Experiment: 1
Iter: 0
epoch: 28
hp= [1, 0.0003, 16, 128, 256, 1024, 40, 0.1, 2, 30, 0.6, 0.1, 2, 28]
best sum= 7.169535576021184
best rrse= 3.4427329690275217
best rrae= 3.9491040305433147
best corr= 0.22230142
best smape= 0.29840633531282523
best objective= 3.1236509558861743
best hps= [1, 0.0003, 16, 128, 256, 1024, 40, 0.1, 2, 30, 0.6, 0.1, 2, 25]
best test rse= 1.72950678587456
best test corr= 0.28181985
[Target-Weighted Loss] weights applied: {'us_Trade Weighted Dollar Index': 12.0, 'kr_fx': 12.0, 'jp_fx': 12.0}
iter:  0 | loss: 0.018
iter:  1 | loss: 0.014
iter:  2 | loss: 0.015
iter:  3 | loss: 0.014
iter:  4 | loss: 0.013
iter:  5 | loss: 0.016
iter:  6 | loss: 0.016
iter:  7 | loss: 0.023
iter:  8 | loss: 0.020
iter:  9 | loss: 0.018
iter: 10 | loss: 0.016
iter: 11 | loss: 0.015
iter: 12 | loss: 0.015
iter: 13 | loss: 0.016
iter: 14 | loss: 0.014
iter: 15 | loss: 0.011
iter: 16 | loss: 0.023
iter: 17 | loss: 0.017
iter: 18 | loss: 0.017
iter: 19 | loss: 0.016
iter: 20 | loss: 0.022
iter: 21 | loss: 0.012
iter: 22 | loss: 0.015
iter: 23 | loss: 0.014
iter: 24 | loss: 0.015
iter: 25 | loss: 0.014
iter: 26 | loss: 0.016
iter: 27 | loss: 0.013
iter: 28 | loss: 0.014
iter: 29 | loss: 0.018
iter: 30 | loss: 0.028
iter: 31 | loss: 0.020
iter: 32 | loss: 0.025
testing r= 5
rrse(target)=121.58660188446957 / 34.875950297872706 | rrse(all)=86947098990815.27 / 34622965068576.312 | report_mode=targets
| end of epoch  28 | time:  2.80s | train_loss 0.0166 | valid rse 3.4863 | valid rae 4.0035 | valid corr  0.2309 | valid smape  0.2986 | focus_rrse 3.0108 | obj 3.1534
Experiment: 1
Iter: 0
epoch: 29
hp= [1, 0.0003, 16, 128, 256, 1024, 40, 0.1, 2, 30, 0.6, 0.1, 2, 29]
best sum= 7.169535576021184
best rrse= 3.4427329690275217
best rrae= 3.9491040305433147
best corr= 0.22230142
best smape= 0.29840633531282523
best objective= 3.1236509558861743
best hps= [1, 0.0003, 16, 128, 256, 1024, 40, 0.1, 2, 30, 0.6, 0.1, 2, 25]
best test rse= 1.72950678587456
best test corr= 0.28181985
[Target-Weighted Loss] weights applied: {'us_Trade Weighted Dollar Index': 12.0, 'kr_fx': 12.0, 'jp_fx': 12.0}
iter:  0 | loss: 0.017
iter:  1 | loss: 0.018
iter:  2 | loss: 0.027
iter:  3 | loss: 0.029
iter:  4 | loss: 0.013
iter:  5 | loss: 0.016
iter:  6 | loss: 0.014
iter:  7 | loss: 0.012
iter:  8 | loss: 0.015
iter:  9 | loss: 0.012
iter: 10 | loss: 0.013
iter: 11 | loss: 0.016
iter: 12 | loss: 0.016
iter: 13 | loss: 0.015
iter: 14 | loss: 0.016
iter: 15 | loss: 0.014
iter: 16 | loss: 0.025
iter: 17 | loss: 0.021
iter: 18 | loss: 0.013
iter: 19 | loss: 0.015
iter: 20 | loss: 0.021
iter: 21 | loss: 0.017
iter: 22 | loss: 0.011
iter: 23 | loss: 0.011
iter: 24 | loss: 0.014
iter: 25 | loss: 0.018
iter: 26 | loss: 0.017
iter: 27 | loss: 0.014
iter: 28 | loss: 0.021
iter: 29 | loss: 0.013
iter: 30 | loss: 0.018
iter: 31 | loss: 0.015
iter: 32 | loss: 0.018
testing r= 5
rrse(target)=120.33365885372638 / 34.875950297872706 | rrse(all)=86310575353502.05 / 34622965068576.312 | report_mode=targets
| end of epoch  29 | time:  2.45s | train_loss 0.0165 | valid rse 3.4503 | valid rae 3.9678 | valid corr  0.2314 | valid smape  0.2980 | focus_rrse 3.0012 | obj 3.1360
Experiment: 1
Iter: 0
epoch: 30
hp= [1, 0.0003, 16, 128, 256, 1024, 40, 0.1, 2, 30, 0.6, 0.1, 2, 30]
best sum= 7.169535576021184
best rrse= 3.4427329690275217
best rrae= 3.9491040305433147
best corr= 0.22230142
best smape= 0.29840633531282523
best objective= 3.1236509558861743
best hps= [1, 0.0003, 16, 128, 256, 1024, 40, 0.1, 2, 30, 0.6, 0.1, 2, 25]
best test rse= 1.72950678587456
best test corr= 0.28181985
[Target-Weighted Loss] weights applied: {'us_Trade Weighted Dollar Index': 12.0, 'kr_fx': 12.0, 'jp_fx': 12.0}
iter:  0 | loss: 0.017
iter:  1 | loss: 0.012
iter:  2 | loss: 0.013
iter:  3 | loss: 0.023
iter:  4 | loss: 0.012
iter:  5 | loss: 0.022
iter:  6 | loss: 0.018
iter:  7 | loss: 0.018
iter:  8 | loss: 0.012
iter:  9 | loss: 0.016
iter: 10 | loss: 0.014
iter: 11 | loss: 0.012
iter: 12 | loss: 0.020
iter: 13 | loss: 0.012
iter: 14 | loss: 0.013
iter: 15 | loss: 0.024
iter: 16 | loss: 0.012
iter: 17 | loss: 0.011
iter: 18 | loss: 0.026
iter: 19 | loss: 0.014
iter: 20 | loss: 0.014
iter: 21 | loss: 0.015
iter: 22 | loss: 0.017
iter: 23 | loss: 0.024
iter: 24 | loss: 0.010
iter: 25 | loss: 0.014
iter: 26 | loss: 0.014
iter: 27 | loss: 0.017
iter: 28 | loss: 0.023
iter: 29 | loss: 0.018
iter: 30 | loss: 0.015
iter: 31 | loss: 0.014
iter: 32 | loss: 0.020
testing r= 5
rrse(target)=121.39483537073355 / 34.875950297872706 | rrse(all)=86536882079387.31 / 34622965068576.312 | report_mode=targets
| end of epoch  30 | time:  2.45s | train_loss 0.0163 | valid rse 3.4808 | valid rae 3.9947 | valid corr  0.2364 | valid smape  0.2984 | focus_rrse 3.0066 | obj 3.1488
best val loss= 7.169535576021184
best hps= [1, 0.0003, 16, 128, 256, 1024, 40, 0.1, 2, 30, 0.6, 0.1, 2, 25]
testing r= 5
rrse(target)=120.6864116665066 / 34.875950297872706 | rrse(all)=86758461849468.14 / 34622965068576.312 | report_mode=targets
testing r= 5
rrse(target)=149.71896198586538 / 87.05324564957357 | rrse(all)=17979075792266.074 / 13118447315149.623 | report_mode=targets
********************************************************************************************************
final test rse 1.7199 | test rae 1.9211 | test corr 0.2852 | test smape 0.2463
********************************************************************************************************



1 run average



valid	rse	rae
mean	3.4604	3.9760
std	0.0000	0.0000



test	rse	rae
mean	1.7199	1.9211
std	0.0000	0.0000
