CUDA not available, using CPU
Loading data from /Users/samrobert/Documents/GitHub/Exchangeprediction/Cyber-trend-forecasting-main 3/B-MTGNN/data/sm_data.csv...
Data loaded and converted to numeric successfully.
Graph loaded with 1 attacks...
33 columns loaded
Adjacency created...
train X: torch.Size([131, 24, 33])
train Y: torch.Size([131, 1, 33])
valid X: torch.Size([11, 24, 33])
valid Y: torch.Size([11, 1, 33])
test X: torch.Size([11, 24, 33])
test Y: torch.Size([11, 1, 33])
test window: torch.Size([36, 33])
length of training set= 131
length of validation set= 11
length of testing set= 11
valid= 168
Auto-detected num_nodes: 33
Namespace(data='/Users/samrobert/Documents/GitHub/Exchangeprediction/Cyber-trend-forecasting-main 3/B-MTGNN/data/sm_data.csv', log_interval=2000, save='/Users/samrobert/Documents/GitHub/Exchangeprediction/Cyber-trend-forecasting-main 3/B-MTGNN/tuning_runs/20260217_120514/checkpoints/model_005.pt', optim='adam', L1Loss=True, loss_mode='mse', normalize=2, device='cuda:1', gcn_true=False, buildA_true=False, use_graph=0, gcn_depth=1, num_nodes=33, dropout=0.05, subgraph_size=40, node_dim=30, dilation_exponential=2, conv_channels=16, residual_channels=128, skip_channels=256, end_channels=1024, in_dim=1, seq_in_len=24, seq_out_len=1, horizon=1, layers=2, batch_size=4, lr=0.0007, weight_decay=1e-05, clip=10, propalpha=0.6, tanhalpha=0.1, epochs=30, num_split=1, step_size=100, ss_prob=0.1, train_ratio=0.8666666667, valid_ratio=0.0666666667, focus_targets=1, focus_nodes='us_Trade Weighted Dollar Index,jp_fx,kr_fx', focus_weight=0.7, focus_target_gain=12.0, rse_targets='Us_Trade Weighted Dollar Index_Testing.txt,Jp_fx_Testing.txt,Kr_fx_Testing.txt', rse_report_mode='targets', plot_focus_only=0, debug_eval=0, rollout_mode='teacher_forced', seed=2026, plot=0, clean_cache=0, autotune_mode=1)
The recpetive field size is 19
Number of model parameters is 611649
begin training
Experiment: 1
Iter: 0
epoch: 1
hp= [1, 0.0007, 16, 128, 256, 1024, 40, 0.05, 2, 30, 0.6, 0.1, 2, 1]
best sum= 10000000
best rrse= 10000000
best rrae= 10000000
best corr= -10000000
best smape= 10000000
best objective= 10000000
best hps= []
best test rse= 10000000
best test corr= -10000000
[Target-Weighted Loss] weights applied: {'us_Trade Weighted Dollar Index': 12.0, 'kr_fx': 12.0, 'jp_fx': 12.0}
iter:  0 | loss: 0.026
iter:  1 | loss: 0.006
iter:  2 | loss: 0.008
iter:  3 | loss: 0.005
iter:  4 | loss: 0.008
iter:  5 | loss: 0.006
iter:  6 | loss: 0.015
iter:  7 | loss: 0.010
iter:  8 | loss: 0.007
iter:  9 | loss: 0.008
iter: 10 | loss: 0.009
iter: 11 | loss: 0.021
iter: 12 | loss: 0.009
iter: 13 | loss: 0.019
iter: 14 | loss: 0.010
iter: 15 | loss: 0.018
iter: 16 | loss: 0.006
iter: 17 | loss: 0.006
iter: 18 | loss: 0.006
iter: 19 | loss: 0.007
iter: 20 | loss: 0.005
iter: 21 | loss: 0.005
iter: 22 | loss: 0.012
iter: 23 | loss: 0.008
iter: 24 | loss: 0.007
iter: 25 | loss: 0.008
iter: 26 | loss: 0.007
iter: 27 | loss: 0.011
iter: 28 | loss: 0.007
iter: 29 | loss: 0.009
iter: 30 | loss: 0.008
iter: 31 | loss: 0.008
iter: 32 | loss: 0.016
testing r= 5
rrse(target)=83.2257847665013 / 34.875950297872706 | rrse(all)=39299175128728.625 / 34622965068576.312 | report_mode=targets
| end of epoch   1 | time:  2.46s | train_loss 0.0098 | valid rse 2.3863 | valid rae 2.3788 | valid corr  0.5731 | valid smape  0.2296 | focus_rrse 1.8239 | obj 1.9927
testing r= 5
rrse(target)=98.74023883718836 / 87.05324564957357 | rrse(all)=19734837730064.176 / 13118447315149.623 | report_mode=targets
********************************************************************************************************
test rse 1.1343 | test rae 1.1710 | test corr 0.5530| test smape 0.1857 | test focus_rrse 1.2220
********************************************************************************************************
Experiment: 1
Iter: 0
epoch: 2
hp= [1, 0.0007, 16, 128, 256, 1024, 40, 0.05, 2, 30, 0.6, 0.1, 2, 2]
best sum= 4.1920543817685605
best rrse= 2.3863374060255427
best rrae= 2.378784998470984
best corr= 0.573068
best smape= 0.2295659075381587
best objective= 1.9926554103452605
best hps= [1, 0.0007, 16, 128, 256, 1024, 40, 0.05, 2, 30, 0.6, 0.1, 2, 1]
best test rse= 1.1342510908169916
best test corr= 0.5530172
[Target-Weighted Loss] weights applied: {'us_Trade Weighted Dollar Index': 12.0, 'kr_fx': 12.0, 'jp_fx': 12.0}
iter:  0 | loss: 0.009
iter:  1 | loss: 0.008
iter:  2 | loss: 0.009
iter:  3 | loss: 0.008
iter:  4 | loss: 0.010
iter:  5 | loss: 0.007
iter:  6 | loss: 0.010
iter:  7 | loss: 0.018
iter:  8 | loss: 0.016
iter:  9 | loss: 0.010
iter: 10 | loss: 0.009
iter: 11 | loss: 0.006
iter: 12 | loss: 0.008
iter: 13 | loss: 0.015
iter: 14 | loss: 0.010
iter: 15 | loss: 0.016
iter: 16 | loss: 0.005
iter: 17 | loss: 0.009
iter: 18 | loss: 0.009
iter: 19 | loss: 0.012
iter: 20 | loss: 0.007
iter: 21 | loss: 0.008
iter: 22 | loss: 0.004
iter: 23 | loss: 0.009
iter: 24 | loss: 0.007
iter: 25 | loss: 0.006
iter: 26 | loss: 0.006
iter: 27 | loss: 0.011
iter: 28 | loss: 0.006
iter: 29 | loss: 0.007
iter: 30 | loss: 0.018
iter: 31 | loss: 0.006
iter: 32 | loss: 0.011
testing r= 5
rrse(target)=83.93845401542728 / 34.875950297872706 | rrse(all)=39426759239882.26 / 34622965068576.312 | report_mode=targets
| end of epoch   2 | time:  2.73s | train_loss 0.0094 | valid rse 2.4068 | valid rae 2.4043 | valid corr  0.5705 | valid smape  0.2306 | focus_rrse 1.8515 | obj 2.0181
Experiment: 1
Iter: 0
epoch: 3
hp= [1, 0.0007, 16, 128, 256, 1024, 40, 0.05, 2, 30, 0.6, 0.1, 2, 3]
best sum= 4.1920543817685605
best rrse= 2.3863374060255427
best rrae= 2.378784998470984
best corr= 0.573068
best smape= 0.2295659075381587
best objective= 1.9926554103452605
best hps= [1, 0.0007, 16, 128, 256, 1024, 40, 0.05, 2, 30, 0.6, 0.1, 2, 1]
best test rse= 1.1342510908169916
best test corr= 0.5530172
[Target-Weighted Loss] weights applied: {'us_Trade Weighted Dollar Index': 12.0, 'kr_fx': 12.0, 'jp_fx': 12.0}
iter:  0 | loss: 0.009
iter:  1 | loss: 0.006
iter:  2 | loss: 0.006
iter:  3 | loss: 0.006
iter:  4 | loss: 0.016
iter:  5 | loss: 0.007
iter:  6 | loss: 0.007
iter:  7 | loss: 0.012
iter:  8 | loss: 0.008
iter:  9 | loss: 0.009
iter: 10 | loss: 0.012
iter: 11 | loss: 0.019
iter: 12 | loss: 0.009
iter: 13 | loss: 0.007
iter: 14 | loss: 0.009
iter: 15 | loss: 0.010
iter: 16 | loss: 0.008
iter: 17 | loss: 0.008
iter: 18 | loss: 0.007
iter: 19 | loss: 0.009
iter: 20 | loss: 0.005
iter: 21 | loss: 0.008
iter: 22 | loss: 0.019
iter: 23 | loss: 0.006
iter: 24 | loss: 0.009
iter: 25 | loss: 0.017
iter: 26 | loss: 0.013
iter: 27 | loss: 0.007
iter: 28 | loss: 0.006
iter: 29 | loss: 0.008
iter: 30 | loss: 0.005
iter: 31 | loss: 0.005
iter: 32 | loss: 0.010
testing r= 5
rrse(target)=84.20141287227608 / 34.875950297872706 | rrse(all)=39530375016476.984 / 34622965068576.312 | report_mode=targets
| end of epoch   3 | time:  2.60s | train_loss 0.0093 | valid rse 2.4143 | valid rae 2.4066 | valid corr  0.5720 | valid smape  0.2301 | focus_rrse 1.8407 | obj 2.0128
Experiment: 1
Iter: 0
epoch: 4
hp= [1, 0.0007, 16, 128, 256, 1024, 40, 0.05, 2, 30, 0.6, 0.1, 2, 4]
best sum= 4.1920543817685605
best rrse= 2.3863374060255427
best rrae= 2.378784998470984
best corr= 0.573068
best smape= 0.2295659075381587
best objective= 1.9926554103452605
best hps= [1, 0.0007, 16, 128, 256, 1024, 40, 0.05, 2, 30, 0.6, 0.1, 2, 1]
best test rse= 1.1342510908169916
best test corr= 0.5530172
[Target-Weighted Loss] weights applied: {'us_Trade Weighted Dollar Index': 12.0, 'kr_fx': 12.0, 'jp_fx': 12.0}
iter:  0 | loss: 0.019
iter:  1 | loss: 0.006
iter:  2 | loss: 0.006
iter:  3 | loss: 0.010
iter:  4 | loss: 0.005
iter:  5 | loss: 0.013
iter:  6 | loss: 0.008
iter:  7 | loss: 0.013
iter:  8 | loss: 0.005
iter:  9 | loss: 0.008
iter: 10 | loss: 0.007
iter: 11 | loss: 0.008
iter: 12 | loss: 0.009
iter: 13 | loss: 0.007
iter: 14 | loss: 0.012
iter: 15 | loss: 0.007
iter: 16 | loss: 0.007
iter: 17 | loss: 0.008
iter: 18 | loss: 0.008
iter: 19 | loss: 0.005
iter: 20 | loss: 0.004
iter: 21 | loss: 0.012
iter: 22 | loss: 0.007
iter: 23 | loss: 0.009
iter: 24 | loss: 0.010
iter: 25 | loss: 0.018
iter: 26 | loss: 0.015
iter: 27 | loss: 0.010
iter: 28 | loss: 0.010
iter: 29 | loss: 0.007
iter: 30 | loss: 0.008
iter: 31 | loss: 0.010
iter: 32 | loss: 0.034
testing r= 5
rrse(target)=82.95918318196455 / 34.875950297872706 | rrse(all)=39312604974172.2 / 34622965068576.312 | report_mode=targets
| end of epoch   4 | time:  2.86s | train_loss 0.0097 | valid rse 2.3787 | valid rae 2.3811 | valid corr  0.5687 | valid smape  0.2315 | focus_rrse 1.8322 | obj 1.9962
Experiment: 1
Iter: 0
epoch: 5
hp= [1, 0.0007, 16, 128, 256, 1024, 40, 0.05, 2, 30, 0.6, 0.1, 2, 5]
best sum= 4.1920543817685605
best rrse= 2.3863374060255427
best rrae= 2.378784998470984
best corr= 0.573068
best smape= 0.2295659075381587
best objective= 1.9926554103452605
best hps= [1, 0.0007, 16, 128, 256, 1024, 40, 0.05, 2, 30, 0.6, 0.1, 2, 1]
best test rse= 1.1342510908169916
best test corr= 0.5530172
[Target-Weighted Loss] weights applied: {'us_Trade Weighted Dollar Index': 12.0, 'kr_fx': 12.0, 'jp_fx': 12.0}
iter:  0 | loss: 0.006
iter:  1 | loss: 0.006
iter:  2 | loss: 0.010
iter:  3 | loss: 0.017
iter:  4 | loss: 0.009
iter:  5 | loss: 0.008
iter:  6 | loss: 0.011
iter:  7 | loss: 0.006
iter:  8 | loss: 0.007
iter:  9 | loss: 0.009
iter: 10 | loss: 0.008
iter: 11 | loss: 0.006
iter: 12 | loss: 0.013
iter: 13 | loss: 0.006
iter: 14 | loss: 0.010
iter: 15 | loss: 0.016
iter: 16 | loss: 0.007
iter: 17 | loss: 0.010
iter: 18 | loss: 0.010
iter: 19 | loss: 0.010
iter: 20 | loss: 0.012
iter: 21 | loss: 0.007
iter: 22 | loss: 0.006
iter: 23 | loss: 0.005
iter: 24 | loss: 0.009
iter: 25 | loss: 0.007
iter: 26 | loss: 0.007
iter: 27 | loss: 0.007
iter: 28 | loss: 0.007
iter: 29 | loss: 0.009
iter: 30 | loss: 0.015
iter: 31 | loss: 0.011
iter: 32 | loss: 0.034
testing r= 5
rrse(target)=84.66398428124559 / 34.875950297872706 | rrse(all)=39560176947456.516 / 34622965068576.312 | report_mode=targets
| end of epoch   5 | time:  2.34s | train_loss 0.0095 | valid rse 2.4276 | valid rae 2.4207 | valid corr  0.5709 | valid smape  0.2317 | focus_rrse 1.8408 | obj 2.0168
Experiment: 1
Iter: 0
epoch: 6
hp= [1, 0.0007, 16, 128, 256, 1024, 40, 0.05, 2, 30, 0.6, 0.1, 2, 6]
best sum= 4.1920543817685605
best rrse= 2.3863374060255427
best rrae= 2.378784998470984
best corr= 0.573068
best smape= 0.2295659075381587
best objective= 1.9926554103452605
best hps= [1, 0.0007, 16, 128, 256, 1024, 40, 0.05, 2, 30, 0.6, 0.1, 2, 1]
best test rse= 1.1342510908169916
best test corr= 0.5530172
[Target-Weighted Loss] weights applied: {'us_Trade Weighted Dollar Index': 12.0, 'kr_fx': 12.0, 'jp_fx': 12.0}
iter:  0 | loss: 0.030
iter:  1 | loss: 0.009
iter:  2 | loss: 0.017
iter:  3 | loss: 0.005
iter:  4 | loss: 0.009
iter:  5 | loss: 0.005
iter:  6 | loss: 0.005
iter:  7 | loss: 0.011
iter:  8 | loss: 0.007
iter:  9 | loss: 0.004
iter: 10 | loss: 0.009
iter: 11 | loss: 0.010
iter: 12 | loss: 0.005
iter: 13 | loss: 0.020
iter: 14 | loss: 0.009
iter: 15 | loss: 0.006
iter: 16 | loss: 0.007
iter: 17 | loss: 0.007
iter: 18 | loss: 0.007
iter: 19 | loss: 0.006
iter: 20 | loss: 0.008
iter: 21 | loss: 0.006
iter: 22 | loss: 0.011
iter: 23 | loss: 0.007
iter: 24 | loss: 0.010
iter: 25 | loss: 0.013
iter: 26 | loss: 0.014
iter: 27 | loss: 0.008
iter: 28 | loss: 0.009
iter: 29 | loss: 0.005
iter: 30 | loss: 0.008
iter: 31 | loss: 0.013
iter: 32 | loss: 0.009
testing r= 5
rrse(target)=83.78345297364808 / 34.875950297872706 | rrse(all)=39006054031168.64 / 34622965068576.312 | report_mode=targets
| end of epoch   6 | time:  2.40s | train_loss 0.0093 | valid rse 2.4023 | valid rae 2.3862 | valid corr  0.5712 | valid smape  0.2307 | focus_rrse 1.8269 | obj 1.9995
Experiment: 1
Iter: 0
epoch: 7
hp= [1, 0.0007, 16, 128, 256, 1024, 40, 0.05, 2, 30, 0.6, 0.1, 2, 7]
best sum= 4.1920543817685605
best rrse= 2.3863374060255427
best rrae= 2.378784998470984
best corr= 0.573068
best smape= 0.2295659075381587
best objective= 1.9926554103452605
best hps= [1, 0.0007, 16, 128, 256, 1024, 40, 0.05, 2, 30, 0.6, 0.1, 2, 1]
best test rse= 1.1342510908169916
best test corr= 0.5530172
[Target-Weighted Loss] weights applied: {'us_Trade Weighted Dollar Index': 12.0, 'kr_fx': 12.0, 'jp_fx': 12.0}
iter:  0 | loss: 0.010
iter:  1 | loss: 0.015
iter:  2 | loss: 0.007
iter:  3 | loss: 0.006
iter:  4 | loss: 0.006
iter:  5 | loss: 0.006
iter:  6 | loss: 0.020
iter:  7 | loss: 0.011
iter:  8 | loss: 0.014
iter:  9 | loss: 0.007
iter: 10 | loss: 0.006
iter: 11 | loss: 0.011
iter: 12 | loss: 0.007
iter: 13 | loss: 0.010
iter: 14 | loss: 0.006
iter: 15 | loss: 0.009
iter: 16 | loss: 0.009
iter: 17 | loss: 0.007
iter: 18 | loss: 0.008
iter: 19 | loss: 0.019
iter: 20 | loss: 0.005
iter: 21 | loss: 0.006
iter: 22 | loss: 0.006
iter: 23 | loss: 0.019
iter: 24 | loss: 0.008
iter: 25 | loss: 0.009
iter: 26 | loss: 0.011
iter: 27 | loss: 0.008
iter: 28 | loss: 0.008
iter: 29 | loss: 0.010
iter: 30 | loss: 0.007
iter: 31 | loss: 0.007
iter: 32 | loss: 0.008
testing r= 5
rrse(target)=81.51800450571487 / 34.875950297872706 | rrse(all)=39298961085095.97 / 34622965068576.312 | report_mode=targets
| end of epoch   7 | time:  2.10s | train_loss 0.0092 | valid rse 2.3374 | valid rae 2.3523 | valid corr  0.5713 | valid smape  0.2309 | focus_rrse 1.8200 | obj 1.9752
testing r= 5
rrse(target)=97.80866106683753 / 87.05324564957357 | rrse(all)=19919346182390.625 / 13118447315149.623 | report_mode=targets
********************************************************************************************************
test rse 1.1235 | test rae 1.1557 | test corr 0.5533| test smape 0.1861 | test focus_rrse 1.2165
********************************************************************************************************
Experiment: 1
Iter: 0
epoch: 8
hp= [1, 0.0007, 16, 128, 256, 1024, 40, 0.05, 2, 30, 0.6, 0.1, 2, 8]
best sum= 4.118411327063406
best rrse= 2.3373701306910952
best rrae= 2.352335563685696
best corr= 0.57129437
best smape= 0.2308808951785308
best objective= 1.9752154985884323
best hps= [1, 0.0007, 16, 128, 256, 1024, 40, 0.05, 2, 30, 0.6, 0.1, 2, 7]
best test rse= 1.1235498497156453
best test corr= 0.55330336
[Target-Weighted Loss] weights applied: {'us_Trade Weighted Dollar Index': 12.0, 'kr_fx': 12.0, 'jp_fx': 12.0}
iter:  0 | loss: 0.006
iter:  1 | loss: 0.009
iter:  2 | loss: 0.007
iter:  3 | loss: 0.006
iter:  4 | loss: 0.008
iter:  5 | loss: 0.021
iter:  6 | loss: 0.018
iter:  7 | loss: 0.007
iter:  8 | loss: 0.010
iter:  9 | loss: 0.012
iter: 10 | loss: 0.007
iter: 11 | loss: 0.006
iter: 12 | loss: 0.006
iter: 13 | loss: 0.010
iter: 14 | loss: 0.008
iter: 15 | loss: 0.006
iter: 16 | loss: 0.015
iter: 17 | loss: 0.005
iter: 18 | loss: 0.006
iter: 19 | loss: 0.005
iter: 20 | loss: 0.010
iter: 21 | loss: 0.005
iter: 22 | loss: 0.012
iter: 23 | loss: 0.006
iter: 24 | loss: 0.010
iter: 25 | loss: 0.016
iter: 26 | loss: 0.018
iter: 27 | loss: 0.005
iter: 28 | loss: 0.006
iter: 29 | loss: 0.013
iter: 30 | loss: 0.008
iter: 31 | loss: 0.012
iter: 32 | loss: 0.013
testing r= 5
rrse(target)=82.42281841877133 / 34.875950297872706 | rrse(all)=39265016662044.586 / 34622965068576.312 | report_mode=targets
| end of epoch   8 | time:  2.26s | train_loss 0.0095 | valid rse 2.3633 | valid rae 2.3735 | valid corr  0.5694 | valid smape  0.2315 | focus_rrse 1.8278 | obj 1.9885
Experiment: 1
Iter: 0
epoch: 9
hp= [1, 0.0007, 16, 128, 256, 1024, 40, 0.05, 2, 30, 0.6, 0.1, 2, 9]
best sum= 4.118411327063406
best rrse= 2.3373701306910952
best rrae= 2.352335563685696
best corr= 0.57129437
best smape= 0.2308808951785308
best objective= 1.9752154985884323
best hps= [1, 0.0007, 16, 128, 256, 1024, 40, 0.05, 2, 30, 0.6, 0.1, 2, 7]
best test rse= 1.1235498497156453
best test corr= 0.55330336
[Target-Weighted Loss] weights applied: {'us_Trade Weighted Dollar Index': 12.0, 'kr_fx': 12.0, 'jp_fx': 12.0}
iter:  0 | loss: 0.007
iter:  1 | loss: 0.009
iter:  2 | loss: 0.015
iter:  3 | loss: 0.009
iter:  4 | loss: 0.008
iter:  5 | loss: 0.011
iter:  6 | loss: 0.008
iter:  7 | loss: 0.018
iter:  8 | loss: 0.005
iter:  9 | loss: 0.004
iter: 10 | loss: 0.010
iter: 11 | loss: 0.010
iter: 12 | loss: 0.007
iter: 13 | loss: 0.011
iter: 14 | loss: 0.006
iter: 15 | loss: 0.011
iter: 16 | loss: 0.010
iter: 17 | loss: 0.011
iter: 18 | loss: 0.010
iter: 19 | loss: 0.009
iter: 20 | loss: 0.014
iter: 21 | loss: 0.004
iter: 22 | loss: 0.009
iter: 23 | loss: 0.010
iter: 24 | loss: 0.007
iter: 25 | loss: 0.006
iter: 26 | loss: 0.011
iter: 27 | loss: 0.006
iter: 28 | loss: 0.006
iter: 29 | loss: 0.008
iter: 30 | loss: 0.016
iter: 31 | loss: 0.010
iter: 32 | loss: 0.013
testing r= 5
rrse(target)=82.45282150076794 / 34.875950297872706 | rrse(all)=39274740338737.96 / 34622965068576.312 | report_mode=targets
| end of epoch   9 | time:  2.13s | train_loss 0.0093 | valid rse 2.3642 | valid rae 2.3756 | valid corr  0.5706 | valid smape  0.2317 | focus_rrse 1.8197 | obj 1.9831
Experiment: 1
Iter: 0
epoch: 10
hp= [1, 0.0007, 16, 128, 256, 1024, 40, 0.05, 2, 30, 0.6, 0.1, 2, 10]
best sum= 4.118411327063406
best rrse= 2.3373701306910952
best rrae= 2.352335563685696
best corr= 0.57129437
best smape= 0.2308808951785308
best objective= 1.9752154985884323
best hps= [1, 0.0007, 16, 128, 256, 1024, 40, 0.05, 2, 30, 0.6, 0.1, 2, 7]
best test rse= 1.1235498497156453
best test corr= 0.55330336
[Target-Weighted Loss] weights applied: {'us_Trade Weighted Dollar Index': 12.0, 'kr_fx': 12.0, 'jp_fx': 12.0}
iter:  0 | loss: 0.007
iter:  1 | loss: 0.010
iter:  2 | loss: 0.005
iter:  3 | loss: 0.009
iter:  4 | loss: 0.007
iter:  5 | loss: 0.010
iter:  6 | loss: 0.007
iter:  7 | loss: 0.005
iter:  8 | loss: 0.008
iter:  9 | loss: 0.006
iter: 10 | loss: 0.012
iter: 11 | loss: 0.008
iter: 12 | loss: 0.009
iter: 13 | loss: 0.008
iter: 14 | loss: 0.025
iter: 15 | loss: 0.013
iter: 16 | loss: 0.009
iter: 17 | loss: 0.010
iter: 18 | loss: 0.006
iter: 19 | loss: 0.009
iter: 20 | loss: 0.005
iter: 21 | loss: 0.008
iter: 22 | loss: 0.008
iter: 23 | loss: 0.016
iter: 24 | loss: 0.022
iter: 25 | loss: 0.005
iter: 26 | loss: 0.011
iter: 27 | loss: 0.008
iter: 28 | loss: 0.012
iter: 29 | loss: 0.006
iter: 30 | loss: 0.006
iter: 31 | loss: 0.006
iter: 32 | loss: 0.014
testing r= 5
rrse(target)=83.67686288821122 / 34.875950297872706 | rrse(all)=39605832668445.39 / 34622965068576.312 | report_mode=targets
| end of epoch  10 | time:  2.39s | train_loss 0.0093 | valid rse 2.3993 | valid rae 2.3918 | valid corr  0.5699 | valid smape  0.2315 | focus_rrse 1.8365 | obj 2.0053
Experiment: 1
Iter: 0
epoch: 11
hp= [1, 0.0007, 16, 128, 256, 1024, 40, 0.05, 2, 30, 0.6, 0.1, 2, 11]
best sum= 4.118411327063406
best rrse= 2.3373701306910952
best rrae= 2.352335563685696
best corr= 0.57129437
best smape= 0.2308808951785308
best objective= 1.9752154985884323
best hps= [1, 0.0007, 16, 128, 256, 1024, 40, 0.05, 2, 30, 0.6, 0.1, 2, 7]
best test rse= 1.1235498497156453
best test corr= 0.55330336
[Target-Weighted Loss] weights applied: {'us_Trade Weighted Dollar Index': 12.0, 'kr_fx': 12.0, 'jp_fx': 12.0}
iter:  0 | loss: 0.010
iter:  1 | loss: 0.006
iter:  2 | loss: 0.005
iter:  3 | loss: 0.007
iter:  4 | loss: 0.018
iter:  5 | loss: 0.006
iter:  6 | loss: 0.018
iter:  7 | loss: 0.016
iter:  8 | loss: 0.005
iter:  9 | loss: 0.008
iter: 10 | loss: 0.007
iter: 11 | loss: 0.006
iter: 12 | loss: 0.008
iter: 13 | loss: 0.008
iter: 14 | loss: 0.006
iter: 15 | loss: 0.007
iter: 16 | loss: 0.009
iter: 17 | loss: 0.007
iter: 18 | loss: 0.006
iter: 19 | loss: 0.005
iter: 20 | loss: 0.010
iter: 21 | loss: 0.010
iter: 22 | loss: 0.008
iter: 23 | loss: 0.009
iter: 24 | loss: 0.008
iter: 25 | loss: 0.006
iter: 26 | loss: 0.011
iter: 27 | loss: 0.014
iter: 28 | loss: 0.009
iter: 29 | loss: 0.016
iter: 30 | loss: 0.021
iter: 31 | loss: 0.005
iter: 32 | loss: 0.012
testing r= 5
rrse(target)=84.14006934589042 / 34.875950297872706 | rrse(all)=39540811606316.19 / 34622965068576.312 | report_mode=targets
| end of epoch  11 | time:  2.05s | train_loss 0.0093 | valid rse 2.4126 | valid rae 2.4029 | valid corr  0.5722 | valid smape  0.2320 | focus_rrse 1.8343 | obj 2.0077
Experiment: 1
Iter: 0
epoch: 12
hp= [1, 0.0007, 16, 128, 256, 1024, 40, 0.05, 2, 30, 0.6, 0.1, 2, 12]
best sum= 4.118411327063406
best rrse= 2.3373701306910952
best rrae= 2.352335563685696
best corr= 0.57129437
best smape= 0.2308808951785308
best objective= 1.9752154985884323
best hps= [1, 0.0007, 16, 128, 256, 1024, 40, 0.05, 2, 30, 0.6, 0.1, 2, 7]
best test rse= 1.1235498497156453
best test corr= 0.55330336
[Target-Weighted Loss] weights applied: {'us_Trade Weighted Dollar Index': 12.0, 'kr_fx': 12.0, 'jp_fx': 12.0}
iter:  0 | loss: 0.010
iter:  1 | loss: 0.004
iter:  2 | loss: 0.008
iter:  3 | loss: 0.005
iter:  4 | loss: 0.005
iter:  5 | loss: 0.008
iter:  6 | loss: 0.009
iter:  7 | loss: 0.007
iter:  8 | loss: 0.010
iter:  9 | loss: 0.022
iter: 10 | loss: 0.008
iter: 11 | loss: 0.011
iter: 12 | loss: 0.016
iter: 13 | loss: 0.006
iter: 14 | loss: 0.021
iter: 15 | loss: 0.018
iter: 16 | loss: 0.009
iter: 17 | loss: 0.009
iter: 18 | loss: 0.009
iter: 19 | loss: 0.006
iter: 20 | loss: 0.006
iter: 21 | loss: 0.010
iter: 22 | loss: 0.007
iter: 23 | loss: 0.005
iter: 24 | loss: 0.009
iter: 25 | loss: 0.008
iter: 26 | loss: 0.010
iter: 27 | loss: 0.005
iter: 28 | loss: 0.008
iter: 29 | loss: 0.011
iter: 30 | loss: 0.006
iter: 31 | loss: 0.010
iter: 32 | loss: 0.008
testing r= 5
rrse(target)=81.96933377603786 / 34.875950297872706 | rrse(all)=39235977859930.88 / 34622965068576.312 | report_mode=targets
| end of epoch  12 | time:  2.08s | train_loss 0.0094 | valid rse 2.3503 | valid rae 2.3726 | valid corr  0.5734 | valid smape  0.2305 | focus_rrse 1.8139 | obj 1.9748
testing r= 5
rrse(target)=98.32847136638503 / 87.05324564957357 | rrse(all)=19671502551972.992 / 13118447315149.623 | report_mode=targets
********************************************************************************************************
test rse 1.1295 | test rae 1.1605 | test corr 0.5530| test smape 0.1858 | test focus_rrse 1.2181
********************************************************************************************************
Experiment: 1
Iter: 0
epoch: 13
hp= [1, 0.0007, 16, 128, 256, 1024, 40, 0.05, 2, 30, 0.6, 0.1, 2, 13]
best sum= 4.1495701921808
best rrse= 2.3503111191507133
best rrae= 2.3726457421890217
best corr= 0.57338667
best smape= 0.23052196436207611
best objective= 1.974839019415258
best hps= [1, 0.0007, 16, 128, 256, 1024, 40, 0.05, 2, 30, 0.6, 0.1, 2, 12]
best test rse= 1.1295210262716573
best test corr= 0.5530223
[Target-Weighted Loss] weights applied: {'us_Trade Weighted Dollar Index': 12.0, 'kr_fx': 12.0, 'jp_fx': 12.0}
iter:  0 | loss: 0.009
iter:  1 | loss: 0.008
iter:  2 | loss: 0.012
iter:  3 | loss: 0.010
iter:  4 | loss: 0.007
iter:  5 | loss: 0.011
iter:  6 | loss: 0.009
iter:  7 | loss: 0.012
iter:  8 | loss: 0.007
iter:  9 | loss: 0.006
iter: 10 | loss: 0.006
iter: 11 | loss: 0.012
iter: 12 | loss: 0.018
iter: 13 | loss: 0.004
iter: 14 | loss: 0.008
iter: 15 | loss: 0.009
iter: 16 | loss: 0.009
iter: 17 | loss: 0.008
iter: 18 | loss: 0.010
iter: 19 | loss: 0.016
iter: 20 | loss: 0.012
iter: 21 | loss: 0.015
iter: 22 | loss: 0.006
iter: 23 | loss: 0.005
iter: 24 | loss: 0.008
iter: 25 | loss: 0.004
iter: 26 | loss: 0.008
iter: 27 | loss: 0.006
iter: 28 | loss: 0.013
iter: 29 | loss: 0.009
iter: 30 | loss: 0.007
iter: 31 | loss: 0.017
iter: 32 | loss: 0.007
testing r= 5
rrse(target)=82.95054826239095 / 34.875950297872706 | rrse(all)=39313761145559.51 / 34622965068576.312 | report_mode=targets
| end of epoch  13 | time:  2.17s | train_loss 0.0094 | valid rse 2.3784 | valid rae 2.3837 | valid corr  0.5725 | valid smape  0.2303 | focus_rrse 1.8409 | obj 2.0022
Experiment: 1
Iter: 0
epoch: 14
hp= [1, 0.0007, 16, 128, 256, 1024, 40, 0.05, 2, 30, 0.6, 0.1, 2, 14]
best sum= 4.1495701921808
best rrse= 2.3503111191507133
best rrae= 2.3726457421890217
best corr= 0.57338667
best smape= 0.23052196436207611
best objective= 1.974839019415258
best hps= [1, 0.0007, 16, 128, 256, 1024, 40, 0.05, 2, 30, 0.6, 0.1, 2, 12]
best test rse= 1.1295210262716573
best test corr= 0.5530223
[Target-Weighted Loss] weights applied: {'us_Trade Weighted Dollar Index': 12.0, 'kr_fx': 12.0, 'jp_fx': 12.0}
iter:  0 | loss: 0.016
iter:  1 | loss: 0.009
iter:  2 | loss: 0.009
iter:  3 | loss: 0.008
iter:  4 | loss: 0.007
iter:  5 | loss: 0.019
iter:  6 | loss: 0.006
iter:  7 | loss: 0.017
iter:  8 | loss: 0.005
iter:  9 | loss: 0.010
iter: 10 | loss: 0.006
iter: 11 | loss: 0.009
iter: 12 | loss: 0.007
iter: 13 | loss: 0.008
iter: 14 | loss: 0.003
iter: 15 | loss: 0.010
iter: 16 | loss: 0.010
iter: 17 | loss: 0.005
iter: 18 | loss: 0.013
iter: 19 | loss: 0.005
iter: 20 | loss: 0.012
iter: 21 | loss: 0.009
iter: 22 | loss: 0.010
iter: 23 | loss: 0.010
iter: 24 | loss: 0.020
iter: 25 | loss: 0.006
iter: 26 | loss: 0.009
iter: 27 | loss: 0.008
iter: 28 | loss: 0.006
iter: 29 | loss: 0.003
iter: 30 | loss: 0.011
iter: 31 | loss: 0.011
iter: 32 | loss: 0.012
testing r= 5
rrse(target)=83.76374945438062 / 34.875950297872706 | rrse(all)=39192376490786.805 / 34622965068576.312 | report_mode=targets
| end of epoch  14 | time:  2.39s | train_loss 0.0094 | valid rse 2.4018 | valid rae 2.4065 | valid corr  0.5703 | valid smape  0.2312 | focus_rrse 1.8463 | obj 2.0130
Experiment: 1
Iter: 0
epoch: 15
hp= [1, 0.0007, 16, 128, 256, 1024, 40, 0.05, 2, 30, 0.6, 0.1, 2, 15]
best sum= 4.1495701921808
best rrse= 2.3503111191507133
best rrae= 2.3726457421890217
best corr= 0.57338667
best smape= 0.23052196436207611
best objective= 1.974839019415258
best hps= [1, 0.0007, 16, 128, 256, 1024, 40, 0.05, 2, 30, 0.6, 0.1, 2, 12]
best test rse= 1.1295210262716573
best test corr= 0.5530223
[Target-Weighted Loss] weights applied: {'us_Trade Weighted Dollar Index': 12.0, 'kr_fx': 12.0, 'jp_fx': 12.0}
iter:  0 | loss: 0.004
iter:  1 | loss: 0.006
iter:  2 | loss: 0.017
iter:  3 | loss: 0.009
iter:  4 | loss: 0.008
iter:  5 | loss: 0.009
iter:  6 | loss: 0.009
iter:  7 | loss: 0.020
iter:  8 | loss: 0.011
iter:  9 | loss: 0.007
iter: 10 | loss: 0.006
iter: 11 | loss: 0.006
iter: 12 | loss: 0.011
iter: 13 | loss: 0.008
iter: 14 | loss: 0.009
iter: 15 | loss: 0.004
iter: 16 | loss: 0.013
iter: 17 | loss: 0.007
iter: 18 | loss: 0.007
iter: 19 | loss: 0.007
iter: 20 | loss: 0.009
iter: 21 | loss: 0.008
iter: 22 | loss: 0.012
iter: 23 | loss: 0.011
iter: 24 | loss: 0.015
iter: 25 | loss: 0.012
iter: 26 | loss: 0.009
iter: 27 | loss: 0.011
iter: 28 | loss: 0.011
iter: 29 | loss: 0.008
iter: 30 | loss: 0.005
iter: 31 | loss: 0.008
iter: 32 | loss: 0.007
testing r= 5
rrse(target)=82.79224103610947 / 34.875950297872706 | rrse(all)=39602057983556.23 / 34622965068576.312 | report_mode=targets
| end of epoch  15 | time:  2.83s | train_loss 0.0093 | valid rse 2.3739 | valid rae 2.3780 | valid corr  0.5731 | valid smape  0.2307 | focus_rrse 1.8227 | obj 1.9881
Experiment: 1
Iter: 0
epoch: 16
hp= [1, 0.0007, 16, 128, 256, 1024, 40, 0.05, 2, 30, 0.6, 0.1, 2, 16]
best sum= 4.1495701921808
best rrse= 2.3503111191507133
best rrae= 2.3726457421890217
best corr= 0.57338667
best smape= 0.23052196436207611
best objective= 1.974839019415258
best hps= [1, 0.0007, 16, 128, 256, 1024, 40, 0.05, 2, 30, 0.6, 0.1, 2, 12]
best test rse= 1.1295210262716573
best test corr= 0.5530223
[Target-Weighted Loss] weights applied: {'us_Trade Weighted Dollar Index': 12.0, 'kr_fx': 12.0, 'jp_fx': 12.0}
iter:  0 | loss: 0.008
iter:  1 | loss: 0.006
iter:  2 | loss: 0.015
iter:  3 | loss: 0.008
iter:  4 | loss: 0.010
iter:  5 | loss: 0.009
iter:  6 | loss: 0.014
iter:  7 | loss: 0.009
iter:  8 | loss: 0.008
iter:  9 | loss: 0.006
iter: 10 | loss: 0.006
iter: 11 | loss: 0.008
iter: 12 | loss: 0.006
iter: 13 | loss: 0.010
iter: 14 | loss: 0.009
iter: 15 | loss: 0.020
iter: 16 | loss: 0.004
iter: 17 | loss: 0.012
iter: 18 | loss: 0.008
iter: 19 | loss: 0.008
iter: 20 | loss: 0.007
iter: 21 | loss: 0.009
iter: 22 | loss: 0.010
iter: 23 | loss: 0.007
iter: 24 | loss: 0.009
iter: 25 | loss: 0.016
iter: 26 | loss: 0.008
iter: 27 | loss: 0.007
iter: 28 | loss: 0.009
iter: 29 | loss: 0.007
iter: 30 | loss: 0.004
iter: 31 | loss: 0.020
iter: 32 | loss: 0.016
testing r= 5
rrse(target)=83.6102057401263 / 34.875950297872706 | rrse(all)=39567277062638.24 / 34622965068576.312 | report_mode=targets
| end of epoch  16 | time:  2.15s | train_loss 0.0095 | valid rse 2.3974 | valid rae 2.4040 | valid corr  0.5686 | valid smape  0.2314 | focus_rrse 1.8341 | obj 2.0031
Experiment: 1
Iter: 0
epoch: 17
hp= [1, 0.0007, 16, 128, 256, 1024, 40, 0.05, 2, 30, 0.6, 0.1, 2, 17]
best sum= 4.1495701921808
best rrse= 2.3503111191507133
best rrae= 2.3726457421890217
best corr= 0.57338667
best smape= 0.23052196436207611
best objective= 1.974839019415258
best hps= [1, 0.0007, 16, 128, 256, 1024, 40, 0.05, 2, 30, 0.6, 0.1, 2, 12]
best test rse= 1.1295210262716573
best test corr= 0.5530223
[Target-Weighted Loss] weights applied: {'us_Trade Weighted Dollar Index': 12.0, 'kr_fx': 12.0, 'jp_fx': 12.0}
iter:  0 | loss: 0.010
iter:  1 | loss: 0.008
iter:  2 | loss: 0.020
iter:  3 | loss: 0.008
iter:  4 | loss: 0.006
iter:  5 | loss: 0.004
iter:  6 | loss: 0.011
iter:  7 | loss: 0.008
iter:  8 | loss: 0.009
iter:  9 | loss: 0.012
iter: 10 | loss: 0.007
iter: 11 | loss: 0.007
iter: 12 | loss: 0.008
iter: 13 | loss: 0.011
iter: 14 | loss: 0.008
iter: 15 | loss: 0.008
iter: 16 | loss: 0.008
iter: 17 | loss: 0.018
iter: 18 | loss: 0.010
iter: 19 | loss: 0.011
iter: 20 | loss: 0.005
iter: 21 | loss: 0.008
iter: 22 | loss: 0.007
iter: 23 | loss: 0.010
iter: 24 | loss: 0.017
iter: 25 | loss: 0.008
iter: 26 | loss: 0.007
iter: 27 | loss: 0.013
iter: 28 | loss: 0.013
iter: 29 | loss: 0.007
iter: 30 | loss: 0.006
iter: 31 | loss: 0.008
iter: 32 | loss: 0.009
testing r= 5
rrse(target)=83.23974106271295 / 34.875950297872706 | rrse(all)=38946411050392.17 / 34622965068576.312 | report_mode=targets
| end of epoch  17 | time:  2.12s | train_loss 0.0094 | valid rse 2.3867 | valid rae 2.3892 | valid corr  0.5697 | valid smape  0.2309 | focus_rrse 1.8435 | obj 2.0065
Experiment: 1
Iter: 0
epoch: 18
hp= [1, 0.0007, 16, 128, 256, 1024, 40, 0.05, 2, 30, 0.6, 0.1, 2, 18]
best sum= 4.1495701921808
best rrse= 2.3503111191507133
best rrae= 2.3726457421890217
best corr= 0.57338667
best smape= 0.23052196436207611
best objective= 1.974839019415258
best hps= [1, 0.0007, 16, 128, 256, 1024, 40, 0.05, 2, 30, 0.6, 0.1, 2, 12]
best test rse= 1.1295210262716573
best test corr= 0.5530223
[Target-Weighted Loss] weights applied: {'us_Trade Weighted Dollar Index': 12.0, 'kr_fx': 12.0, 'jp_fx': 12.0}
iter:  0 | loss: 0.005
iter:  1 | loss: 0.007
iter:  2 | loss: 0.009
iter:  3 | loss: 0.009
iter:  4 | loss: 0.011
iter:  5 | loss: 0.011
iter:  6 | loss: 0.006
iter:  7 | loss: 0.006
iter:  8 | loss: 0.010
iter:  9 | loss: 0.008
iter: 10 | loss: 0.017
iter: 11 | loss: 0.009
iter: 12 | loss: 0.007
iter: 13 | loss: 0.006
iter: 14 | loss: 0.009
iter: 15 | loss: 0.011
iter: 16 | loss: 0.010
iter: 17 | loss: 0.005
iter: 18 | loss: 0.018
iter: 19 | loss: 0.017
iter: 20 | loss: 0.007
iter: 21 | loss: 0.007
iter: 22 | loss: 0.010
iter: 23 | loss: 0.018
iter: 24 | loss: 0.006
iter: 25 | loss: 0.005
iter: 26 | loss: 0.007
iter: 27 | loss: 0.010
iter: 28 | loss: 0.008
iter: 29 | loss: 0.010
iter: 30 | loss: 0.013
iter: 31 | loss: 0.009
iter: 32 | loss: 0.009
testing r= 5
rrse(target)=82.50178442672467 / 34.875950297872706 | rrse(all)=39383992975020.266 / 34622965068576.312 | report_mode=targets
| end of epoch  18 | time:  2.07s | train_loss 0.0094 | valid rse 2.3656 | valid rae 2.3631 | valid corr  0.5714 | valid smape  0.2299 | focus_rrse 1.8219 | obj 1.9850
Experiment: 1
Iter: 0
epoch: 19
hp= [1, 0.0007, 16, 128, 256, 1024, 40, 0.05, 2, 30, 0.6, 0.1, 2, 19]
best sum= 4.1495701921808
best rrse= 2.3503111191507133
best rrae= 2.3726457421890217
best corr= 0.57338667
best smape= 0.23052196436207611
best objective= 1.974839019415258
best hps= [1, 0.0007, 16, 128, 256, 1024, 40, 0.05, 2, 30, 0.6, 0.1, 2, 12]
best test rse= 1.1295210262716573
best test corr= 0.5530223
[Target-Weighted Loss] weights applied: {'us_Trade Weighted Dollar Index': 12.0, 'kr_fx': 12.0, 'jp_fx': 12.0}
iter:  0 | loss: 0.008
iter:  1 | loss: 0.010
iter:  2 | loss: 0.007
iter:  3 | loss: 0.010
iter:  4 | loss: 0.010
iter:  5 | loss: 0.015
iter:  6 | loss: 0.008
iter:  7 | loss: 0.006
iter:  8 | loss: 0.007
iter:  9 | loss: 0.007
iter: 10 | loss: 0.007
iter: 11 | loss: 0.008
iter: 12 | loss: 0.013
iter: 13 | loss: 0.009
iter: 14 | loss: 0.005
iter: 15 | loss: 0.004
iter: 16 | loss: 0.018
iter: 17 | loss: 0.006
iter: 18 | loss: 0.012
iter: 19 | loss: 0.008
iter: 20 | loss: 0.021
iter: 21 | loss: 0.005
iter: 22 | loss: 0.006
iter: 23 | loss: 0.007
iter: 24 | loss: 0.007
iter: 25 | loss: 0.007
iter: 26 | loss: 0.015
iter: 27 | loss: 0.007
iter: 28 | loss: 0.008
iter: 29 | loss: 0.009
iter: 30 | loss: 0.017
iter: 31 | loss: 0.008
iter: 32 | loss: 0.012
testing r= 5
rrse(target)=82.43863129436042 / 34.875950297872706 | rrse(all)=39090411196020.38 / 34622965068576.312 | report_mode=targets
| end of epoch  19 | time:  2.39s | train_loss 0.0094 | valid rse 2.3638 | valid rae 2.3685 | valid corr  0.5692 | valid smape  0.2314 | focus_rrse 1.8284 | obj 1.9890
Experiment: 1
Iter: 0
epoch: 20
hp= [1, 0.0007, 16, 128, 256, 1024, 40, 0.05, 2, 30, 0.6, 0.1, 2, 20]
best sum= 4.1495701921808
best rrse= 2.3503111191507133
best rrae= 2.3726457421890217
best corr= 0.57338667
best smape= 0.23052196436207611
best objective= 1.974839019415258
best hps= [1, 0.0007, 16, 128, 256, 1024, 40, 0.05, 2, 30, 0.6, 0.1, 2, 12]
best test rse= 1.1295210262716573
best test corr= 0.5530223
[Target-Weighted Loss] weights applied: {'us_Trade Weighted Dollar Index': 12.0, 'kr_fx': 12.0, 'jp_fx': 12.0}
iter:  0 | loss: 0.009
iter:  1 | loss: 0.019
iter:  2 | loss: 0.008
iter:  3 | loss: 0.005
iter:  4 | loss: 0.006
iter:  5 | loss: 0.024
iter:  6 | loss: 0.008
iter:  7 | loss: 0.007
iter:  8 | loss: 0.005
iter:  9 | loss: 0.011
iter: 10 | loss: 0.013
iter: 11 | loss: 0.009
iter: 12 | loss: 0.018
iter: 13 | loss: 0.006
iter: 14 | loss: 0.004
iter: 15 | loss: 0.008
iter: 16 | loss: 0.004
iter: 17 | loss: 0.008
iter: 18 | loss: 0.012
iter: 19 | loss: 0.008
iter: 20 | loss: 0.010
iter: 21 | loss: 0.008
iter: 22 | loss: 0.013
iter: 23 | loss: 0.008
iter: 24 | loss: 0.009
iter: 25 | loss: 0.008
iter: 26 | loss: 0.008
iter: 27 | loss: 0.008
iter: 28 | loss: 0.012
iter: 29 | loss: 0.007
iter: 30 | loss: 0.007
iter: 31 | loss: 0.007
iter: 32 | loss: 0.028
testing r= 5
rrse(target)=81.54181370813689 / 34.875950297872706 | rrse(all)=39456443074172.07 / 34622965068576.312 | report_mode=targets
| end of epoch  20 | time:  2.31s | train_loss 0.0097 | valid rse 2.3381 | valid rae 2.3597 | valid corr  0.5717 | valid smape  0.2312 | focus_rrse 1.8214 | obj 1.9764
Experiment: 1
Iter: 0
epoch: 21
hp= [1, 0.0007, 16, 128, 256, 1024, 40, 0.05, 2, 30, 0.6, 0.1, 2, 21]
best sum= 4.1495701921808
best rrse= 2.3503111191507133
best rrae= 2.3726457421890217
best corr= 0.57338667
best smape= 0.23052196436207611
best objective= 1.974839019415258
best hps= [1, 0.0007, 16, 128, 256, 1024, 40, 0.05, 2, 30, 0.6, 0.1, 2, 12]
best test rse= 1.1295210262716573
best test corr= 0.5530223
[Target-Weighted Loss] weights applied: {'us_Trade Weighted Dollar Index': 12.0, 'kr_fx': 12.0, 'jp_fx': 12.0}
iter:  0 | loss: 0.006
iter:  1 | loss: 0.020
iter:  2 | loss: 0.008
iter:  3 | loss: 0.008
iter:  4 | loss: 0.007
iter:  5 | loss: 0.007
iter:  6 | loss: 0.009
iter:  7 | loss: 0.011
iter:  8 | loss: 0.008
iter:  9 | loss: 0.011
iter: 10 | loss: 0.005
iter: 11 | loss: 0.014
iter: 12 | loss: 0.010
iter: 13 | loss: 0.006
iter: 14 | loss: 0.007
iter: 15 | loss: 0.017
iter: 16 | loss: 0.008
iter: 17 | loss: 0.007
iter: 18 | loss: 0.009
iter: 19 | loss: 0.006
iter: 20 | loss: 0.005
iter: 21 | loss: 0.021
iter: 22 | loss: 0.010
iter: 23 | loss: 0.009
iter: 24 | loss: 0.009
iter: 25 | loss: 0.018
iter: 26 | loss: 0.005
iter: 27 | loss: 0.008
iter: 28 | loss: 0.007
iter: 29 | loss: 0.009
iter: 30 | loss: 0.005
iter: 31 | loss: 0.010
iter: 32 | loss: 0.009
testing r= 5
rrse(target)=82.50920876635529 / 34.875950297872706 | rrse(all)=39448369083043.875 / 34622965068576.312 | report_mode=targets
| end of epoch  21 | time:  2.49s | train_loss 0.0094 | valid rse 2.3658 | valid rae 2.3750 | valid corr  0.5710 | valid smape  0.2315 | focus_rrse 1.8385 | obj 1.9967
Experiment: 1
Iter: 0
epoch: 22
hp= [1, 0.0007, 16, 128, 256, 1024, 40, 0.05, 2, 30, 0.6, 0.1, 2, 22]
best sum= 4.1495701921808
best rrse= 2.3503111191507133
best rrae= 2.3726457421890217
best corr= 0.57338667
best smape= 0.23052196436207611
best objective= 1.974839019415258
best hps= [1, 0.0007, 16, 128, 256, 1024, 40, 0.05, 2, 30, 0.6, 0.1, 2, 12]
best test rse= 1.1295210262716573
best test corr= 0.5530223
[Target-Weighted Loss] weights applied: {'us_Trade Weighted Dollar Index': 12.0, 'kr_fx': 12.0, 'jp_fx': 12.0}
iter:  0 | loss: 0.006
iter:  1 | loss: 0.013
iter:  2 | loss: 0.007
iter:  3 | loss: 0.008
iter:  4 | loss: 0.018
iter:  5 | loss: 0.008
iter:  6 | loss: 0.006
iter:  7 | loss: 0.008
iter:  8 | loss: 0.008
iter:  9 | loss: 0.016
iter: 10 | loss: 0.009
iter: 11 | loss: 0.005
iter: 12 | loss: 0.007
iter: 13 | loss: 0.012
iter: 14 | loss: 0.006
iter: 15 | loss: 0.009
iter: 16 | loss: 0.010
iter: 17 | loss: 0.019
iter: 18 | loss: 0.007
iter: 19 | loss: 0.009
iter: 20 | loss: 0.007
iter: 21 | loss: 0.011
iter: 22 | loss: 0.022
iter: 23 | loss: 0.007
iter: 24 | loss: 0.007
iter: 25 | loss: 0.006
iter: 26 | loss: 0.009
iter: 27 | loss: 0.006
iter: 28 | loss: 0.009
iter: 29 | loss: 0.010
iter: 30 | loss: 0.009
iter: 31 | loss: 0.009
iter: 32 | loss: 0.011
testing r= 5
rrse(target)=82.88786959369416 / 34.875950297872706 | rrse(all)=39200744141085.375 / 34622965068576.312 | report_mode=targets
| end of epoch  22 | time:  2.57s | train_loss 0.0094 | valid rse 2.3766 | valid rae 2.3716 | valid corr  0.5713 | valid smape  0.2309 | focus_rrse 1.8312 | obj 1.9948
Experiment: 1
Iter: 0
epoch: 23
hp= [1, 0.0007, 16, 128, 256, 1024, 40, 0.05, 2, 30, 0.6, 0.1, 2, 23]
best sum= 4.1495701921808
best rrse= 2.3503111191507133
best rrae= 2.3726457421890217
best corr= 0.57338667
best smape= 0.23052196436207611
best objective= 1.974839019415258
best hps= [1, 0.0007, 16, 128, 256, 1024, 40, 0.05, 2, 30, 0.6, 0.1, 2, 12]
best test rse= 1.1295210262716573
best test corr= 0.5530223
[Target-Weighted Loss] weights applied: {'us_Trade Weighted Dollar Index': 12.0, 'kr_fx': 12.0, 'jp_fx': 12.0}
iter:  0 | loss: 0.007
iter:  1 | loss: 0.019
iter:  2 | loss: 0.009
iter:  3 | loss: 0.016
iter:  4 | loss: 0.006
iter:  5 | loss: 0.012
iter:  6 | loss: 0.008
iter:  7 | loss: 0.011
iter:  8 | loss: 0.008
iter:  9 | loss: 0.008
iter: 10 | loss: 0.008
iter: 11 | loss: 0.009
iter: 12 | loss: 0.020
iter: 13 | loss: 0.009
iter: 14 | loss: 0.007
iter: 15 | loss: 0.005
iter: 16 | loss: 0.020
iter: 17 | loss: 0.005
iter: 18 | loss: 0.007
iter: 19 | loss: 0.011
iter: 20 | loss: 0.007
iter: 21 | loss: 0.009
iter: 22 | loss: 0.008
iter: 23 | loss: 0.009
iter: 24 | loss: 0.005
iter: 25 | loss: 0.005
iter: 26 | loss: 0.011
iter: 27 | loss: 0.004
iter: 28 | loss: 0.006
iter: 29 | loss: 0.014
iter: 30 | loss: 0.004
iter: 31 | loss: 0.008
iter: 32 | loss: 0.019
testing r= 5
rrse(target)=82.43238825129659 / 34.875950297872706 | rrse(all)=39596514543883.72 / 34622965068576.312 | report_mode=targets
| end of epoch  23 | time:  2.21s | train_loss 0.0095 | valid rse 2.3636 | valid rae 2.3722 | valid corr  0.5705 | valid smape  0.2312 | focus_rrse 1.8333 | obj 1.9924
Experiment: 1
Iter: 0
epoch: 24
hp= [1, 0.0007, 16, 128, 256, 1024, 40, 0.05, 2, 30, 0.6, 0.1, 2, 24]
best sum= 4.1495701921808
best rrse= 2.3503111191507133
best rrae= 2.3726457421890217
best corr= 0.57338667
best smape= 0.23052196436207611
best objective= 1.974839019415258
best hps= [1, 0.0007, 16, 128, 256, 1024, 40, 0.05, 2, 30, 0.6, 0.1, 2, 12]
best test rse= 1.1295210262716573
best test corr= 0.5530223
[Target-Weighted Loss] weights applied: {'us_Trade Weighted Dollar Index': 12.0, 'kr_fx': 12.0, 'jp_fx': 12.0}
iter:  0 | loss: 0.008
iter:  1 | loss: 0.006
iter:  2 | loss: 0.017
iter:  3 | loss: 0.006
iter:  4 | loss: 0.006
iter:  5 | loss: 0.015
iter:  6 | loss: 0.007
iter:  7 | loss: 0.021
iter:  8 | loss: 0.009
iter:  9 | loss: 0.009
iter: 10 | loss: 0.008
iter: 11 | loss: 0.007
iter: 12 | loss: 0.007
iter: 13 | loss: 0.006
iter: 14 | loss: 0.014
iter: 15 | loss: 0.020
iter: 16 | loss: 0.008
iter: 17 | loss: 0.008
iter: 18 | loss: 0.008
iter: 19 | loss: 0.011
iter: 20 | loss: 0.007
iter: 21 | loss: 0.007
iter: 22 | loss: 0.009
iter: 23 | loss: 0.008
iter: 24 | loss: 0.010
iter: 25 | loss: 0.005
iter: 26 | loss: 0.011
iter: 27 | loss: 0.005
iter: 28 | loss: 0.007
iter: 29 | loss: 0.009
iter: 30 | loss: 0.012
iter: 31 | loss: 0.007
iter: 32 | loss: 0.014
testing r= 5
rrse(target)=83.17399284594615 / 34.875950297872706 | rrse(all)=38821515411798.58 / 34622965068576.312 | report_mode=targets
| end of epoch  24 | time:  2.12s | train_loss 0.0094 | valid rse 2.3849 | valid rae 2.3810 | valid corr  0.5707 | valid smape  0.2300 | focus_rrse 1.8381 | obj 2.0021
Experiment: 1
Iter: 0
epoch: 25
hp= [1, 0.0007, 16, 128, 256, 1024, 40, 0.05, 2, 30, 0.6, 0.1, 2, 25]
best sum= 4.1495701921808
best rrse= 2.3503111191507133
best rrae= 2.3726457421890217
best corr= 0.57338667
best smape= 0.23052196436207611
best objective= 1.974839019415258
best hps= [1, 0.0007, 16, 128, 256, 1024, 40, 0.05, 2, 30, 0.6, 0.1, 2, 12]
best test rse= 1.1295210262716573
best test corr= 0.5530223
[Target-Weighted Loss] weights applied: {'us_Trade Weighted Dollar Index': 12.0, 'kr_fx': 12.0, 'jp_fx': 12.0}
iter:  0 | loss: 0.022
iter:  1 | loss: 0.010
iter:  2 | loss: 0.005
iter:  3 | loss: 0.009
iter:  4 | loss: 0.012
iter:  5 | loss: 0.013
iter:  6 | loss: 0.009
iter:  7 | loss: 0.006
iter:  8 | loss: 0.011
iter:  9 | loss: 0.006
iter: 10 | loss: 0.006
iter: 11 | loss: 0.007
iter: 12 | loss: 0.005
iter: 13 | loss: 0.007
iter: 14 | loss: 0.021
iter: 15 | loss: 0.006
iter: 16 | loss: 0.009
iter: 17 | loss: 0.006
iter: 18 | loss: 0.011
iter: 19 | loss: 0.009
iter: 20 | loss: 0.008
iter: 21 | loss: 0.007
iter: 22 | loss: 0.009
iter: 23 | loss: 0.006
iter: 24 | loss: 0.004
iter: 25 | loss: 0.009
iter: 26 | loss: 0.014
iter: 27 | loss: 0.017
iter: 28 | loss: 0.006
iter: 29 | loss: 0.006
iter: 30 | loss: 0.009
iter: 31 | loss: 0.007
iter: 32 | loss: 0.028
testing r= 5
rrse(target)=82.2757487241836 / 34.875950297872706 | rrse(all)=39584869861706.19 / 34622965068576.312 | report_mode=targets
| end of epoch  25 | time:  2.36s | train_loss 0.0097 | valid rse 2.3591 | valid rae 2.3719 | valid corr  0.5705 | valid smape  0.2314 | focus_rrse 1.8197 | obj 1.9815
Experiment: 1
Iter: 0
epoch: 26
hp= [1, 0.0007, 16, 128, 256, 1024, 40, 0.05, 2, 30, 0.6, 0.1, 2, 26]
best sum= 4.1495701921808
best rrse= 2.3503111191507133
best rrae= 2.3726457421890217
best corr= 0.57338667
best smape= 0.23052196436207611
best objective= 1.974839019415258
best hps= [1, 0.0007, 16, 128, 256, 1024, 40, 0.05, 2, 30, 0.6, 0.1, 2, 12]
best test rse= 1.1295210262716573
best test corr= 0.5530223
[Target-Weighted Loss] weights applied: {'us_Trade Weighted Dollar Index': 12.0, 'kr_fx': 12.0, 'jp_fx': 12.0}
iter:  0 | loss: 0.007
iter:  1 | loss: 0.006
iter:  2 | loss: 0.010
iter:  3 | loss: 0.011
iter:  4 | loss: 0.015
iter:  5 | loss: 0.006
iter:  6 | loss: 0.007
iter:  7 | loss: 0.008
iter:  8 | loss: 0.010
iter:  9 | loss: 0.028
iter: 10 | loss: 0.007
iter: 11 | loss: 0.008
iter: 12 | loss: 0.012
iter: 13 | loss: 0.006
iter: 14 | loss: 0.005
iter: 15 | loss: 0.011
iter: 16 | loss: 0.009
iter: 17 | loss: 0.020
iter: 18 | loss: 0.006
iter: 19 | loss: 0.011
iter: 20 | loss: 0.007
iter: 21 | loss: 0.008
iter: 22 | loss: 0.009
iter: 23 | loss: 0.004
iter: 24 | loss: 0.009
iter: 25 | loss: 0.015
iter: 26 | loss: 0.011
iter: 27 | loss: 0.008
iter: 28 | loss: 0.007
iter: 29 | loss: 0.007
iter: 30 | loss: 0.012
iter: 31 | loss: 0.007
iter: 32 | loss: 0.009
testing r= 5
rrse(target)=83.11563915808053 / 34.875950297872706 | rrse(all)=39470406412188.375 / 34622965068576.312 | report_mode=targets
| end of epoch  26 | time:  2.31s | train_loss 0.0095 | valid rse 2.3832 | valid rae 2.3828 | valid corr  0.5696 | valid smape  0.2309 | focus_rrse 1.8172 | obj 1.9870
Experiment: 1
Iter: 0
epoch: 27
hp= [1, 0.0007, 16, 128, 256, 1024, 40, 0.05, 2, 30, 0.6, 0.1, 2, 27]
best sum= 4.1495701921808
best rrse= 2.3503111191507133
best rrae= 2.3726457421890217
best corr= 0.57338667
best smape= 0.23052196436207611
best objective= 1.974839019415258
best hps= [1, 0.0007, 16, 128, 256, 1024, 40, 0.05, 2, 30, 0.6, 0.1, 2, 12]
best test rse= 1.1295210262716573
best test corr= 0.5530223
[Target-Weighted Loss] weights applied: {'us_Trade Weighted Dollar Index': 12.0, 'kr_fx': 12.0, 'jp_fx': 12.0}
iter:  0 | loss: 0.007
iter:  1 | loss: 0.010
iter:  2 | loss: 0.014
iter:  3 | loss: 0.007
iter:  4 | loss: 0.010
iter:  5 | loss: 0.009
iter:  6 | loss: 0.006
iter:  7 | loss: 0.007
iter:  8 | loss: 0.016
iter:  9 | loss: 0.014
iter: 10 | loss: 0.007
iter: 11 | loss: 0.008
iter: 12 | loss: 0.009
iter: 13 | loss: 0.015
iter: 14 | loss: 0.009
iter: 15 | loss: 0.018
iter: 16 | loss: 0.007
iter: 17 | loss: 0.007
iter: 18 | loss: 0.008
iter: 19 | loss: 0.006
iter: 20 | loss: 0.006
iter: 21 | loss: 0.008
iter: 22 | loss: 0.007
iter: 23 | loss: 0.006
iter: 24 | loss: 0.009
iter: 25 | loss: 0.007
iter: 26 | loss: 0.008
iter: 27 | loss: 0.010
iter: 28 | loss: 0.017
iter: 29 | loss: 0.010
iter: 30 | loss: 0.010
iter: 31 | loss: 0.008
iter: 32 | loss: 0.006
testing r= 5
rrse(target)=84.49034939343665 / 34.875950297872706 | rrse(all)=39720550463800.7 / 34622965068576.312 | report_mode=targets
| end of epoch  27 | time:  2.38s | train_loss 0.0093 | valid rse 2.4226 | valid rae 2.4085 | valid corr  0.5702 | valid smape  0.2318 | focus_rrse 1.8446 | obj 2.0180
Experiment: 1
Iter: 0
epoch: 28
hp= [1, 0.0007, 16, 128, 256, 1024, 40, 0.05, 2, 30, 0.6, 0.1, 2, 28]
best sum= 4.1495701921808
best rrse= 2.3503111191507133
best rrae= 2.3726457421890217
best corr= 0.57338667
best smape= 0.23052196436207611
best objective= 1.974839019415258
best hps= [1, 0.0007, 16, 128, 256, 1024, 40, 0.05, 2, 30, 0.6, 0.1, 2, 12]
best test rse= 1.1295210262716573
best test corr= 0.5530223
[Target-Weighted Loss] weights applied: {'us_Trade Weighted Dollar Index': 12.0, 'kr_fx': 12.0, 'jp_fx': 12.0}
iter:  0 | loss: 0.007
iter:  1 | loss: 0.017
iter:  2 | loss: 0.007
iter:  3 | loss: 0.010
iter:  4 | loss: 0.007
iter:  5 | loss: 0.006
iter:  6 | loss: 0.009
iter:  7 | loss: 0.008
iter:  8 | loss: 0.005
iter:  9 | loss: 0.006
iter: 10 | loss: 0.005
iter: 11 | loss: 0.008
iter: 12 | loss: 0.008
iter: 13 | loss: 0.006
iter: 14 | loss: 0.008
iter: 15 | loss: 0.006
iter: 16 | loss: 0.006
iter: 17 | loss: 0.013
iter: 18 | loss: 0.023
iter: 19 | loss: 0.011
iter: 20 | loss: 0.017
iter: 21 | loss: 0.011
iter: 22 | loss: 0.013
iter: 23 | loss: 0.004
iter: 24 | loss: 0.008
iter: 25 | loss: 0.010
iter: 26 | loss: 0.009
iter: 27 | loss: 0.008
iter: 28 | loss: 0.019
iter: 29 | loss: 0.012
iter: 30 | loss: 0.005
iter: 31 | loss: 0.009
iter: 32 | loss: 0.008
testing r= 5
rrse(target)=82.50168973174883 / 34.875950297872706 | rrse(all)=39507076849127.84 / 34622965068576.312 | report_mode=targets
| end of epoch  28 | time:  2.44s | train_loss 0.0094 | valid rse 2.3656 | valid rae 2.3723 | valid corr  0.5715 | valid smape  0.2314 | focus_rrse 1.8232 | obj 1.9859
Experiment: 1
Iter: 0
epoch: 29
hp= [1, 0.0007, 16, 128, 256, 1024, 40, 0.05, 2, 30, 0.6, 0.1, 2, 29]
best sum= 4.1495701921808
best rrse= 2.3503111191507133
best rrae= 2.3726457421890217
best corr= 0.57338667
best smape= 0.23052196436207611
best objective= 1.974839019415258
best hps= [1, 0.0007, 16, 128, 256, 1024, 40, 0.05, 2, 30, 0.6, 0.1, 2, 12]
best test rse= 1.1295210262716573
best test corr= 0.5530223
[Target-Weighted Loss] weights applied: {'us_Trade Weighted Dollar Index': 12.0, 'kr_fx': 12.0, 'jp_fx': 12.0}
iter:  0 | loss: 0.005
iter:  1 | loss: 0.009
iter:  2 | loss: 0.009
iter:  3 | loss: 0.011
iter:  4 | loss: 0.005
iter:  5 | loss: 0.014
iter:  6 | loss: 0.009
iter:  7 | loss: 0.006
iter:  8 | loss: 0.006
iter:  9 | loss: 0.012
iter: 10 | loss: 0.011
iter: 11 | loss: 0.009
iter: 12 | loss: 0.004
iter: 13 | loss: 0.006
iter: 14 | loss: 0.017
iter: 15 | loss: 0.007
iter: 16 | loss: 0.011
iter: 17 | loss: 0.009
iter: 18 | loss: 0.007
iter: 19 | loss: 0.016
iter: 20 | loss: 0.008
iter: 21 | loss: 0.008
iter: 22 | loss: 0.012
iter: 23 | loss: 0.010
iter: 24 | loss: 0.005
iter: 25 | loss: 0.017
iter: 26 | loss: 0.008
iter: 27 | loss: 0.010
iter: 28 | loss: 0.007
iter: 29 | loss: 0.013
iter: 30 | loss: 0.007
iter: 31 | loss: 0.006
iter: 32 | loss: 0.017
testing r= 5
rrse(target)=83.35163536000658 / 34.875950297872706 | rrse(all)=39190892905379.66 / 34622965068576.312 | report_mode=targets
| end of epoch  29 | time:  2.26s | train_loss 0.0094 | valid rse 2.3899 | valid rae 2.3992 | valid corr  0.5689 | valid smape  0.2314 | focus_rrse 1.8330 | obj 2.0001
Experiment: 1
Iter: 0
epoch: 30
hp= [1, 0.0007, 16, 128, 256, 1024, 40, 0.05, 2, 30, 0.6, 0.1, 2, 30]
best sum= 4.1495701921808
best rrse= 2.3503111191507133
best rrae= 2.3726457421890217
best corr= 0.57338667
best smape= 0.23052196436207611
best objective= 1.974839019415258
best hps= [1, 0.0007, 16, 128, 256, 1024, 40, 0.05, 2, 30, 0.6, 0.1, 2, 12]
best test rse= 1.1295210262716573
best test corr= 0.5530223
[Target-Weighted Loss] weights applied: {'us_Trade Weighted Dollar Index': 12.0, 'kr_fx': 12.0, 'jp_fx': 12.0}
iter:  0 | loss: 0.012
iter:  1 | loss: 0.007
iter:  2 | loss: 0.008
iter:  3 | loss: 0.009
iter:  4 | loss: 0.015
iter:  5 | loss: 0.030
iter:  6 | loss: 0.007
iter:  7 | loss: 0.007
iter:  8 | loss: 0.010
iter:  9 | loss: 0.008
iter: 10 | loss: 0.008
iter: 11 | loss: 0.008
iter: 12 | loss: 0.006
iter: 13 | loss: 0.010
iter: 14 | loss: 0.007
iter: 15 | loss: 0.007
iter: 16 | loss: 0.018
iter: 17 | loss: 0.008
iter: 18 | loss: 0.004
iter: 19 | loss: 0.012
iter: 20 | loss: 0.007
iter: 21 | loss: 0.006
iter: 22 | loss: 0.006
iter: 23 | loss: 0.008
iter: 24 | loss: 0.009
iter: 25 | loss: 0.011
iter: 26 | loss: 0.010
iter: 27 | loss: 0.007
iter: 28 | loss: 0.008
iter: 29 | loss: 0.005
iter: 30 | loss: 0.014
iter: 31 | loss: 0.009
iter: 32 | loss: 0.011
testing r= 5
rrse(target)=82.2254101017821 / 34.875950297872706 | rrse(all)=39528420649134.8 / 34622965068576.312 | report_mode=targets
| end of epoch  30 | time:  2.32s | train_loss 0.0094 | valid rse 2.3577 | valid rae 2.3711 | valid corr  0.5722 | valid smape  0.2318 | focus_rrse 1.8275 | obj 1.9866
best val loss= 4.1495701921808
best hps= [1, 0.0007, 16, 128, 256, 1024, 40, 0.05, 2, 30, 0.6, 0.1, 2, 12]
testing r= 5
rrse(target)=82.75757317592603 / 34.875950297872706 | rrse(all)=39725645677563.16 / 34622965068576.312 | report_mode=targets
testing r= 5
rrse(target)=98.60614026741692 / 87.05324564957357 | rrse(all)=19559726213435.754 / 13118447315149.623 | report_mode=targets
********************************************************************************************************
final test rse 1.1327 | test rae 1.1686 | test corr 0.5539 | test smape 0.1859
********************************************************************************************************



1 run average



valid	rse	rae
mean	2.3729	2.3868
std	0.0000	0.0000



test	rse	rae
mean	1.1327	1.1686
std	0.0000	0.0000
