CUDA not available, using CPU
Loading data from /Users/samrobert/Documents/GitHub/Exchangeprediction/Cyber-trend-forecasting-main 3/B-MTGNN/data/sm_data.csv...
Data loaded and converted to numeric successfully.
Graph loaded with 1 attacks...
33 columns loaded
Adjacency created...
train X: torch.Size([131, 24, 33])
train Y: torch.Size([131, 1, 33])
valid X: torch.Size([11, 24, 33])
valid Y: torch.Size([11, 1, 33])
test X: torch.Size([11, 24, 33])
test Y: torch.Size([11, 1, 33])
test window: torch.Size([36, 33])
length of training set= 131
length of validation set= 11
length of testing set= 11
valid= 168
Auto-detected num_nodes: 33
Namespace(data='/Users/samrobert/Documents/GitHub/Exchangeprediction/Cyber-trend-forecasting-main 3/B-MTGNN/data/sm_data.csv', log_interval=2000, save='/Users/samrobert/Documents/GitHub/Exchangeprediction/Cyber-trend-forecasting-main 3/B-MTGNN/tuning_runs/20260217_120514/checkpoints/model_003.pt', optim='adam', L1Loss=True, loss_mode='mse', normalize=2, device='cuda:1', gcn_true=False, buildA_true=False, use_graph=0, gcn_depth=1, num_nodes=33, dropout=0.1, subgraph_size=40, node_dim=30, dilation_exponential=2, conv_channels=16, residual_channels=128, skip_channels=256, end_channels=1024, in_dim=1, seq_in_len=24, seq_out_len=1, horizon=1, layers=2, batch_size=4, lr=0.0005, weight_decay=1e-05, clip=10, propalpha=0.6, tanhalpha=0.1, epochs=30, num_split=1, step_size=100, ss_prob=0.2, train_ratio=0.8666666667, valid_ratio=0.0666666667, focus_targets=1, focus_nodes='us_Trade Weighted Dollar Index,jp_fx,kr_fx', focus_weight=0.7, focus_target_gain=12.0, rse_targets='Us_Trade Weighted Dollar Index_Testing.txt,Jp_fx_Testing.txt,Kr_fx_Testing.txt', rse_report_mode='targets', plot_focus_only=0, debug_eval=0, rollout_mode='teacher_forced', seed=2026, plot=0, clean_cache=0, autotune_mode=1)
The recpetive field size is 19
Number of model parameters is 611649
begin training
Experiment: 1
Iter: 0
epoch: 1
hp= [1, 0.0005, 16, 128, 256, 1024, 40, 0.1, 2, 30, 0.6, 0.1, 2, 1]
best sum= 10000000
best rrse= 10000000
best rrae= 10000000
best corr= -10000000
best smape= 10000000
best objective= 10000000
best hps= []
best test rse= 10000000
best test corr= -10000000
[Target-Weighted Loss] weights applied: {'us_Trade Weighted Dollar Index': 12.0, 'kr_fx': 12.0, 'jp_fx': 12.0}
iter:  0 | loss: 0.026
iter:  1 | loss: 0.010
iter:  2 | loss: 0.011
iter:  3 | loss: 0.008
iter:  4 | loss: 0.012
iter:  5 | loss: 0.009
iter:  6 | loss: 0.017
iter:  7 | loss: 0.011
iter:  8 | loss: 0.010
iter:  9 | loss: 0.011
iter: 10 | loss: 0.012
iter: 11 | loss: 0.025
iter: 12 | loss: 0.012
iter: 13 | loss: 0.023
iter: 14 | loss: 0.012
iter: 15 | loss: 0.020
iter: 16 | loss: 0.008
iter: 17 | loss: 0.011
iter: 18 | loss: 0.008
iter: 19 | loss: 0.010
iter: 20 | loss: 0.008
iter: 21 | loss: 0.007
iter: 22 | loss: 0.015
iter: 23 | loss: 0.011
iter: 24 | loss: 0.009
iter: 25 | loss: 0.011
iter: 26 | loss: 0.010
iter: 27 | loss: 0.015
iter: 28 | loss: 0.009
iter: 29 | loss: 0.013
iter: 30 | loss: 0.012
iter: 31 | loss: 0.011
iter: 32 | loss: 0.020
testing r= 5
rrse(target)=96.9505451409377 / 34.875950297872706 | rrse(all)=60283962680578.414 / 34622965068576.312 | report_mode=targets
| end of epoch   1 | time:  2.39s | train_loss 0.0126 | valid rse 2.7799 | valid rae 3.0323 | valid corr  0.4650 | valid smape  0.2557 | focus_rrse 2.2944 | obj 2.4400
testing r= 5
rrse(target)=119.85318166928235 / 87.05324564957357 | rrse(all)=11703528574767.502 / 13118447315149.623 | report_mode=targets
********************************************************************************************************
test rse 1.3768 | test rae 1.5492 | test corr 0.4773| test smape 0.2087 | test focus_rrse 1.2567
********************************************************************************************************
Experiment: 1
Iter: 0
epoch: 2
hp= [1, 0.0005, 16, 128, 256, 1024, 40, 0.1, 2, 30, 0.6, 0.1, 2, 2]
best sum= 5.34708275281644
best rrse= 2.7798681989419887
best rrae= 3.0322521381792606
best corr= 0.46503758
best smape= 0.25573099001625826
best objective= 2.440011070224894
best hps= [1, 0.0005, 16, 128, 256, 1024, 40, 0.1, 2, 30, 0.6, 0.1, 2, 1]
best test rse= 1.3767801622439502
best test corr= 0.477273
[Target-Weighted Loss] weights applied: {'us_Trade Weighted Dollar Index': 12.0, 'kr_fx': 12.0, 'jp_fx': 12.0}
iter:  0 | loss: 0.011
iter:  1 | loss: 0.016
iter:  2 | loss: 0.019
iter:  3 | loss: 0.015
iter:  4 | loss: 0.012
iter:  5 | loss: 0.013
iter:  6 | loss: 0.014
iter:  7 | loss: 0.009
iter:  8 | loss: 0.009
iter:  9 | loss: 0.007
iter: 10 | loss: 0.009
iter: 11 | loss: 0.009
iter: 12 | loss: 0.010
iter: 13 | loss: 0.012
iter: 14 | loss: 0.011
iter: 15 | loss: 0.013
iter: 16 | loss: 0.013
iter: 17 | loss: 0.009
iter: 18 | loss: 0.015
iter: 19 | loss: 0.013
iter: 20 | loss: 0.014
iter: 21 | loss: 0.008
iter: 22 | loss: 0.010
iter: 23 | loss: 0.010
iter: 24 | loss: 0.016
iter: 25 | loss: 0.010
iter: 26 | loss: 0.011
iter: 27 | loss: 0.014
iter: 28 | loss: 0.009
iter: 29 | loss: 0.010
iter: 30 | loss: 0.019
iter: 31 | loss: 0.024
iter: 32 | loss: 0.011
testing r= 5
rrse(target)=97.04170636091216 / 34.875950297872706 | rrse(all)=59985662853778.66 / 34622965068576.312 | report_mode=targets
| end of epoch   2 | time:  2.53s | train_loss 0.0123 | valid rse 2.7825 | valid rae 3.0327 | valid corr  0.4608 | valid smape  0.2577 | focus_rrse 2.2915 | obj 2.4388
testing r= 5
rrse(target)=119.29339488211407 / 87.05324564957357 | rrse(all)=11849835785251.924 / 13118447315149.623 | report_mode=targets
********************************************************************************************************
test rse 1.3703 | test rae 1.5422 | test corr 0.4800| test smape 0.2086 | test focus_rrse 1.2513
********************************************************************************************************
Experiment: 1
Iter: 0
epoch: 3
hp= [1, 0.0005, 16, 128, 256, 1024, 40, 0.1, 2, 30, 0.6, 0.1, 2, 3]
best sum= 5.354417454364396
best rrse= 2.7824820695088364
best rrae= 3.032693057642272
best corr= 0.46075767
best smape= 0.2577298075103619
best objective= 2.4387711530258076
best hps= [1, 0.0005, 16, 128, 256, 1024, 40, 0.1, 2, 30, 0.6, 0.1, 2, 2]
best test rse= 1.3703497668808449
best test corr= 0.4799826
[Target-Weighted Loss] weights applied: {'us_Trade Weighted Dollar Index': 12.0, 'kr_fx': 12.0, 'jp_fx': 12.0}
iter:  0 | loss: 0.008
iter:  1 | loss: 0.009
iter:  2 | loss: 0.008
iter:  3 | loss: 0.010
iter:  4 | loss: 0.012
iter:  5 | loss: 0.010
iter:  6 | loss: 0.011
iter:  7 | loss: 0.010
iter:  8 | loss: 0.008
iter:  9 | loss: 0.012
iter: 10 | loss: 0.011
iter: 11 | loss: 0.020
iter: 12 | loss: 0.011
iter: 13 | loss: 0.013
iter: 14 | loss: 0.010
iter: 15 | loss: 0.011
iter: 16 | loss: 0.008
iter: 17 | loss: 0.012
iter: 18 | loss: 0.008
iter: 19 | loss: 0.013
iter: 20 | loss: 0.012
iter: 21 | loss: 0.018
iter: 22 | loss: 0.018
iter: 23 | loss: 0.013
iter: 24 | loss: 0.012
iter: 25 | loss: 0.012
iter: 26 | loss: 0.011
iter: 27 | loss: 0.029
iter: 28 | loss: 0.015
iter: 29 | loss: 0.010
iter: 30 | loss: 0.012
iter: 31 | loss: 0.010
iter: 32 | loss: 0.016
testing r= 5
rrse(target)=97.67605299214848 / 34.875950297872706 | rrse(all)=60501979700844.32 / 34622965068576.312 | report_mode=targets
| end of epoch   3 | time:  2.55s | train_loss 0.0121 | valid rse 2.8007 | valid rae 3.0538 | valid corr  0.4550 | valid smape  0.2573 | focus_rrse 2.3024 | obj 2.4518
Experiment: 1
Iter: 0
epoch: 4
hp= [1, 0.0005, 16, 128, 256, 1024, 40, 0.1, 2, 30, 0.6, 0.1, 2, 4]
best sum= 5.354417454364396
best rrse= 2.7824820695088364
best rrae= 3.032693057642272
best corr= 0.46075767
best smape= 0.2577298075103619
best objective= 2.4387711530258076
best hps= [1, 0.0005, 16, 128, 256, 1024, 40, 0.1, 2, 30, 0.6, 0.1, 2, 2]
best test rse= 1.3703497668808449
best test corr= 0.4799826
[Target-Weighted Loss] weights applied: {'us_Trade Weighted Dollar Index': 12.0, 'kr_fx': 12.0, 'jp_fx': 12.0}
iter:  0 | loss: 0.010
iter:  1 | loss: 0.015
iter:  2 | loss: 0.010
iter:  3 | loss: 0.010
iter:  4 | loss: 0.011
iter:  5 | loss: 0.011
iter:  6 | loss: 0.011
iter:  7 | loss: 0.013
iter:  8 | loss: 0.005
iter:  9 | loss: 0.010
iter: 10 | loss: 0.010
iter: 11 | loss: 0.009
iter: 12 | loss: 0.012
iter: 13 | loss: 0.012
iter: 14 | loss: 0.014
iter: 15 | loss: 0.018
iter: 16 | loss: 0.013
iter: 17 | loss: 0.011
iter: 18 | loss: 0.008
iter: 19 | loss: 0.020
iter: 20 | loss: 0.018
iter: 21 | loss: 0.015
iter: 22 | loss: 0.022
iter: 23 | loss: 0.012
iter: 24 | loss: 0.008
iter: 25 | loss: 0.011
iter: 26 | loss: 0.021
iter: 27 | loss: 0.011
iter: 28 | loss: 0.011
iter: 29 | loss: 0.014
iter: 30 | loss: 0.009
iter: 31 | loss: 0.008
iter: 32 | loss: 0.016
testing r= 5
rrse(target)=96.89000387843164 / 34.875950297872706 | rrse(all)=60300956612470.35 / 34622965068576.312 | report_mode=targets
| end of epoch   4 | time:  2.53s | train_loss 0.0124 | valid rse 2.7781 | valid rae 3.0260 | valid corr  0.4620 | valid smape  0.2557 | focus_rrse 2.2861 | obj 2.4337
testing r= 5
rrse(target)=118.71453829065125 / 87.05324564957357 | rrse(all)=12262790525048.406 / 13118447315149.623 | report_mode=targets
********************************************************************************************************
test rse 1.3637 | test rae 1.5366 | test corr 0.4772| test smape 0.2083 | test focus_rrse 1.2482
********************************************************************************************************
Experiment: 1
Iter: 0
epoch: 5
hp= [1, 0.0005, 16, 128, 256, 1024, 40, 0.1, 2, 30, 0.6, 0.1, 2, 5]
best sum= 5.342213638500498
best rrse= 2.778132296063673
best rrae= 3.02604252240852
best corr= 0.46196118
best smape= 0.25569571161121746
best objective= 2.4337091256553447
best hps= [1, 0.0005, 16, 128, 256, 1024, 40, 0.1, 2, 30, 0.6, 0.1, 2, 4]
best test rse= 1.363700312433242
best test corr= 0.47721308
[Target-Weighted Loss] weights applied: {'us_Trade Weighted Dollar Index': 12.0, 'kr_fx': 12.0, 'jp_fx': 12.0}
iter:  0 | loss: 0.015
iter:  1 | loss: 0.010
iter:  2 | loss: 0.016
iter:  3 | loss: 0.009
iter:  4 | loss: 0.015
iter:  5 | loss: 0.023
iter:  6 | loss: 0.018
iter:  7 | loss: 0.013
iter:  8 | loss: 0.014
iter:  9 | loss: 0.017
iter: 10 | loss: 0.010
iter: 11 | loss: 0.012
iter: 12 | loss: 0.009
iter: 13 | loss: 0.009
iter: 14 | loss: 0.013
iter: 15 | loss: 0.009
iter: 16 | loss: 0.008
iter: 17 | loss: 0.010
iter: 18 | loss: 0.009
iter: 19 | loss: 0.009
iter: 20 | loss: 0.016
iter: 21 | loss: 0.009
iter: 22 | loss: 0.008
iter: 23 | loss: 0.012
iter: 24 | loss: 0.011
iter: 25 | loss: 0.012
iter: 26 | loss: 0.026
iter: 27 | loss: 0.010
iter: 28 | loss: 0.009
iter: 29 | loss: 0.010
iter: 30 | loss: 0.007
iter: 31 | loss: 0.015
iter: 32 | loss: 0.014
testing r= 5
rrse(target)=97.86631407020242 / 34.875950297872706 | rrse(all)=60341592414221.73 / 34622965068576.312 | report_mode=targets
| end of epoch   5 | time:  2.31s | train_loss 0.0124 | valid rse 2.8061 | valid rae 3.0474 | valid corr  0.4623 | valid smape  0.2564 | focus_rrse 2.3091 | obj 2.4582
Experiment: 1
Iter: 0
epoch: 6
hp= [1, 0.0005, 16, 128, 256, 1024, 40, 0.1, 2, 30, 0.6, 0.1, 2, 6]
best sum= 5.342213638500498
best rrse= 2.778132296063673
best rrae= 3.02604252240852
best corr= 0.46196118
best smape= 0.25569571161121746
best objective= 2.4337091256553447
best hps= [1, 0.0005, 16, 128, 256, 1024, 40, 0.1, 2, 30, 0.6, 0.1, 2, 4]
best test rse= 1.363700312433242
best test corr= 0.47721308
[Target-Weighted Loss] weights applied: {'us_Trade Weighted Dollar Index': 12.0, 'kr_fx': 12.0, 'jp_fx': 12.0}
iter:  0 | loss: 0.010
iter:  1 | loss: 0.013
iter:  2 | loss: 0.012
iter:  3 | loss: 0.008
iter:  4 | loss: 0.015
iter:  5 | loss: 0.014
iter:  6 | loss: 0.010
iter:  7 | loss: 0.017
iter:  8 | loss: 0.012
iter:  9 | loss: 0.021
iter: 10 | loss: 0.013
iter: 11 | loss: 0.012
iter: 12 | loss: 0.009
iter: 13 | loss: 0.010
iter: 14 | loss: 0.020
iter: 15 | loss: 0.011
iter: 16 | loss: 0.020
iter: 17 | loss: 0.014
iter: 18 | loss: 0.011
iter: 19 | loss: 0.010
iter: 20 | loss: 0.008
iter: 21 | loss: 0.010
iter: 22 | loss: 0.021
iter: 23 | loss: 0.008
iter: 24 | loss: 0.011
iter: 25 | loss: 0.012
iter: 26 | loss: 0.009
iter: 27 | loss: 0.014
iter: 28 | loss: 0.010
iter: 29 | loss: 0.008
iter: 30 | loss: 0.011
iter: 31 | loss: 0.013
iter: 32 | loss: 0.017
testing r= 5
rrse(target)=97.825253761171 / 34.875950297872706 | rrse(all)=60671524687922.57 / 34622965068576.312 | report_mode=targets
| end of epoch   6 | time:  2.34s | train_loss 0.0125 | valid rse 2.8049 | valid rae 3.0558 | valid corr  0.4636 | valid smape  0.2573 | focus_rrse 2.3023 | obj 2.4531
Experiment: 1
Iter: 0
epoch: 7
hp= [1, 0.0005, 16, 128, 256, 1024, 40, 0.1, 2, 30, 0.6, 0.1, 2, 7]
best sum= 5.342213638500498
best rrse= 2.778132296063673
best rrae= 3.02604252240852
best corr= 0.46196118
best smape= 0.25569571161121746
best objective= 2.4337091256553447
best hps= [1, 0.0005, 16, 128, 256, 1024, 40, 0.1, 2, 30, 0.6, 0.1, 2, 4]
best test rse= 1.363700312433242
best test corr= 0.47721308
[Target-Weighted Loss] weights applied: {'us_Trade Weighted Dollar Index': 12.0, 'kr_fx': 12.0, 'jp_fx': 12.0}
iter:  0 | loss: 0.010
iter:  1 | loss: 0.021
iter:  2 | loss: 0.012
iter:  3 | loss: 0.008
iter:  4 | loss: 0.014
iter:  5 | loss: 0.008
iter:  6 | loss: 0.019
iter:  7 | loss: 0.012
iter:  8 | loss: 0.008
iter:  9 | loss: 0.010
iter: 10 | loss: 0.013
iter: 11 | loss: 0.009
iter: 12 | loss: 0.021
iter: 13 | loss: 0.012
iter: 14 | loss: 0.016
iter: 15 | loss: 0.010
iter: 16 | loss: 0.016
iter: 17 | loss: 0.011
iter: 18 | loss: 0.013
iter: 19 | loss: 0.012
iter: 20 | loss: 0.008
iter: 21 | loss: 0.009
iter: 22 | loss: 0.010
iter: 23 | loss: 0.010
iter: 24 | loss: 0.020
iter: 25 | loss: 0.012
iter: 26 | loss: 0.010
iter: 27 | loss: 0.010
iter: 28 | loss: 0.009
iter: 29 | loss: 0.014
iter: 30 | loss: 0.012
iter: 31 | loss: 0.007
iter: 32 | loss: 0.019
testing r= 5
rrse(target)=97.36705680054214 / 34.875950297872706 | rrse(all)=60794571326127.26 / 34622965068576.312 | report_mode=targets
| end of epoch   7 | time:  2.45s | train_loss 0.0123 | valid rse 2.7918 | valid rae 3.0405 | valid corr  0.4603 | valid smape  0.2554 | focus_rrse 2.3031 | obj 2.4497
Experiment: 1
Iter: 0
epoch: 8
hp= [1, 0.0005, 16, 128, 256, 1024, 40, 0.1, 2, 30, 0.6, 0.1, 2, 8]
best sum= 5.342213638500498
best rrse= 2.778132296063673
best rrae= 3.02604252240852
best corr= 0.46196118
best smape= 0.25569571161121746
best objective= 2.4337091256553447
best hps= [1, 0.0005, 16, 128, 256, 1024, 40, 0.1, 2, 30, 0.6, 0.1, 2, 4]
best test rse= 1.363700312433242
best test corr= 0.47721308
[Target-Weighted Loss] weights applied: {'us_Trade Weighted Dollar Index': 12.0, 'kr_fx': 12.0, 'jp_fx': 12.0}
iter:  0 | loss: 0.018
iter:  1 | loss: 0.011
iter:  2 | loss: 0.009
iter:  3 | loss: 0.010
iter:  4 | loss: 0.012
iter:  5 | loss: 0.014
iter:  6 | loss: 0.009
iter:  7 | loss: 0.012
iter:  8 | loss: 0.019
iter:  9 | loss: 0.016
iter: 10 | loss: 0.010
iter: 11 | loss: 0.009
iter: 12 | loss: 0.017
iter: 13 | loss: 0.011
iter: 14 | loss: 0.010
iter: 15 | loss: 0.009
iter: 16 | loss: 0.016
iter: 17 | loss: 0.012
iter: 18 | loss: 0.007
iter: 19 | loss: 0.013
iter: 20 | loss: 0.010
iter: 21 | loss: 0.023
iter: 22 | loss: 0.011
iter: 23 | loss: 0.008
iter: 24 | loss: 0.014
iter: 25 | loss: 0.007
iter: 26 | loss: 0.011
iter: 27 | loss: 0.009
iter: 28 | loss: 0.011
iter: 29 | loss: 0.016
iter: 30 | loss: 0.012
iter: 31 | loss: 0.019
iter: 32 | loss: 0.024
testing r= 5
rrse(target)=98.84586920744336 / 34.875950297872706 | rrse(all)=60407732801772.234 / 34622965068576.312 | report_mode=targets
| end of epoch   8 | time:  2.26s | train_loss 0.0125 | valid rse 2.8342 | valid rae 3.0756 | valid corr  0.4553 | valid smape  0.2561 | focus_rrse 2.3094 | obj 2.4669
Experiment: 1
Iter: 0
epoch: 9
hp= [1, 0.0005, 16, 128, 256, 1024, 40, 0.1, 2, 30, 0.6, 0.1, 2, 9]
best sum= 5.342213638500498
best rrse= 2.778132296063673
best rrae= 3.02604252240852
best corr= 0.46196118
best smape= 0.25569571161121746
best objective= 2.4337091256553447
best hps= [1, 0.0005, 16, 128, 256, 1024, 40, 0.1, 2, 30, 0.6, 0.1, 2, 4]
best test rse= 1.363700312433242
best test corr= 0.47721308
[Target-Weighted Loss] weights applied: {'us_Trade Weighted Dollar Index': 12.0, 'kr_fx': 12.0, 'jp_fx': 12.0}
iter:  0 | loss: 0.016
iter:  1 | loss: 0.014
iter:  2 | loss: 0.021
iter:  3 | loss: 0.011
iter:  4 | loss: 0.010
iter:  5 | loss: 0.013
iter:  6 | loss: 0.008
iter:  7 | loss: 0.007
iter:  8 | loss: 0.006
iter:  9 | loss: 0.009
iter: 10 | loss: 0.006
iter: 11 | loss: 0.012
iter: 12 | loss: 0.013
iter: 13 | loss: 0.012
iter: 14 | loss: 0.014
iter: 15 | loss: 0.011
iter: 16 | loss: 0.013
iter: 17 | loss: 0.012
iter: 18 | loss: 0.007
iter: 19 | loss: 0.014
iter: 20 | loss: 0.019
iter: 21 | loss: 0.009
iter: 22 | loss: 0.015
iter: 23 | loss: 0.011
iter: 24 | loss: 0.022
iter: 25 | loss: 0.006
iter: 26 | loss: 0.015
iter: 27 | loss: 0.012
iter: 28 | loss: 0.018
iter: 29 | loss: 0.011
iter: 30 | loss: 0.011
iter: 31 | loss: 0.010
iter: 32 | loss: 0.015
testing r= 5
rrse(target)=97.48665273224586 / 34.875950297872706 | rrse(all)=60022875897115.0 / 34622965068576.312 | report_mode=targets
| end of epoch   9 | time:  2.16s | train_loss 0.0122 | valid rse 2.7952 | valid rae 3.0396 | valid corr  0.4563 | valid smape  0.2584 | focus_rrse 2.2839 | obj 2.4373
Experiment: 1
Iter: 0
epoch: 10
hp= [1, 0.0005, 16, 128, 256, 1024, 40, 0.1, 2, 30, 0.6, 0.1, 2, 10]
best sum= 5.342213638500498
best rrse= 2.778132296063673
best rrae= 3.02604252240852
best corr= 0.46196118
best smape= 0.25569571161121746
best objective= 2.4337091256553447
best hps= [1, 0.0005, 16, 128, 256, 1024, 40, 0.1, 2, 30, 0.6, 0.1, 2, 4]
best test rse= 1.363700312433242
best test corr= 0.47721308
[Target-Weighted Loss] weights applied: {'us_Trade Weighted Dollar Index': 12.0, 'kr_fx': 12.0, 'jp_fx': 12.0}
iter:  0 | loss: 0.013
iter:  1 | loss: 0.011
iter:  2 | loss: 0.011
iter:  3 | loss: 0.014
iter:  4 | loss: 0.012
iter:  5 | loss: 0.013
iter:  6 | loss: 0.013
iter:  7 | loss: 0.020
iter:  8 | loss: 0.011
iter:  9 | loss: 0.009
iter: 10 | loss: 0.018
iter: 11 | loss: 0.015
iter: 12 | loss: 0.014
iter: 13 | loss: 0.008
iter: 14 | loss: 0.009
iter: 15 | loss: 0.010
iter: 16 | loss: 0.010
iter: 17 | loss: 0.008
iter: 18 | loss: 0.020
iter: 19 | loss: 0.010
iter: 20 | loss: 0.012
iter: 21 | loss: 0.012
iter: 22 | loss: 0.007
iter: 23 | loss: 0.019
iter: 24 | loss: 0.009
iter: 25 | loss: 0.010
iter: 26 | loss: 0.008
iter: 27 | loss: 0.010
iter: 28 | loss: 0.019
iter: 29 | loss: 0.011
iter: 30 | loss: 0.014
iter: 31 | loss: 0.011
iter: 32 | loss: 0.016
testing r= 5
rrse(target)=97.14445389148574 / 34.875950297872706 | rrse(all)=60421411854733.36 / 34622965068576.312 | report_mode=targets
| end of epoch  10 | time:  2.17s | train_loss 0.0124 | valid rse 2.7854 | valid rae 3.0367 | valid corr  0.4596 | valid smape  0.2560 | focus_rrse 2.2877 | obj 2.4371
Experiment: 1
Iter: 0
epoch: 11
hp= [1, 0.0005, 16, 128, 256, 1024, 40, 0.1, 2, 30, 0.6, 0.1, 2, 11]
best sum= 5.342213638500498
best rrse= 2.778132296063673
best rrae= 3.02604252240852
best corr= 0.46196118
best smape= 0.25569571161121746
best objective= 2.4337091256553447
best hps= [1, 0.0005, 16, 128, 256, 1024, 40, 0.1, 2, 30, 0.6, 0.1, 2, 4]
best test rse= 1.363700312433242
best test corr= 0.47721308
[Target-Weighted Loss] weights applied: {'us_Trade Weighted Dollar Index': 12.0, 'kr_fx': 12.0, 'jp_fx': 12.0}
iter:  0 | loss: 0.012
iter:  1 | loss: 0.012
iter:  2 | loss: 0.013
iter:  3 | loss: 0.009
iter:  4 | loss: 0.009
iter:  5 | loss: 0.008
iter:  6 | loss: 0.014
iter:  7 | loss: 0.008
iter:  8 | loss: 0.009
iter:  9 | loss: 0.012
iter: 10 | loss: 0.012
iter: 11 | loss: 0.015
iter: 12 | loss: 0.009
iter: 13 | loss: 0.019
iter: 14 | loss: 0.010
iter: 15 | loss: 0.009
iter: 16 | loss: 0.011
iter: 17 | loss: 0.015
iter: 18 | loss: 0.012
iter: 19 | loss: 0.015
iter: 20 | loss: 0.005
iter: 21 | loss: 0.011
iter: 22 | loss: 0.014
iter: 23 | loss: 0.010
iter: 24 | loss: 0.027
iter: 25 | loss: 0.021
iter: 26 | loss: 0.010
iter: 27 | loss: 0.009
iter: 28 | loss: 0.008
iter: 29 | loss: 0.007
iter: 30 | loss: 0.010
iter: 31 | loss: 0.015
iter: 32 | loss: 0.019
testing r= 5
rrse(target)=97.59484069195206 / 34.875950297872706 | rrse(all)=60308748281730.43 / 34622965068576.312 | report_mode=targets
| end of epoch  11 | time:  1.93s | train_loss 0.0121 | valid rse 2.7983 | valid rae 3.0404 | valid corr  0.4607 | valid smape  0.2566 | focus_rrse 2.2869 | obj 2.4403
Experiment: 1
Iter: 0
epoch: 12
hp= [1, 0.0005, 16, 128, 256, 1024, 40, 0.1, 2, 30, 0.6, 0.1, 2, 12]
best sum= 5.342213638500498
best rrse= 2.778132296063673
best rrae= 3.02604252240852
best corr= 0.46196118
best smape= 0.25569571161121746
best objective= 2.4337091256553447
best hps= [1, 0.0005, 16, 128, 256, 1024, 40, 0.1, 2, 30, 0.6, 0.1, 2, 4]
best test rse= 1.363700312433242
best test corr= 0.47721308
[Target-Weighted Loss] weights applied: {'us_Trade Weighted Dollar Index': 12.0, 'kr_fx': 12.0, 'jp_fx': 12.0}
iter:  0 | loss: 0.012
iter:  1 | loss: 0.011
iter:  2 | loss: 0.011
iter:  3 | loss: 0.007
iter:  4 | loss: 0.011
iter:  5 | loss: 0.010
iter:  6 | loss: 0.011
iter:  7 | loss: 0.021
iter:  8 | loss: 0.009
iter:  9 | loss: 0.007
iter: 10 | loss: 0.010
iter: 11 | loss: 0.012
iter: 12 | loss: 0.007
iter: 13 | loss: 0.015
iter: 14 | loss: 0.025
iter: 15 | loss: 0.011
iter: 16 | loss: 0.021
iter: 17 | loss: 0.012
iter: 18 | loss: 0.015
iter: 19 | loss: 0.016
iter: 20 | loss: 0.013
iter: 21 | loss: 0.012
iter: 22 | loss: 0.011
iter: 23 | loss: 0.012
iter: 24 | loss: 0.021
iter: 25 | loss: 0.007
iter: 26 | loss: 0.004
iter: 27 | loss: 0.012
iter: 28 | loss: 0.013
iter: 29 | loss: 0.010
iter: 30 | loss: 0.012
iter: 31 | loss: 0.013
iter: 32 | loss: 0.012
testing r= 5
rrse(target)=97.40564344533637 / 34.875950297872706 | rrse(all)=60202544178372.77 / 34622965068576.312 | report_mode=targets
| end of epoch  12 | time:  2.01s | train_loss 0.0123 | valid rse 2.7929 | valid rae 3.0381 | valid corr  0.4623 | valid smape  0.2579 | focus_rrse 2.3017 | obj 2.4490
Experiment: 1
Iter: 0
epoch: 13
hp= [1, 0.0005, 16, 128, 256, 1024, 40, 0.1, 2, 30, 0.6, 0.1, 2, 13]
best sum= 5.342213638500498
best rrse= 2.778132296063673
best rrae= 3.02604252240852
best corr= 0.46196118
best smape= 0.25569571161121746
best objective= 2.4337091256553447
best hps= [1, 0.0005, 16, 128, 256, 1024, 40, 0.1, 2, 30, 0.6, 0.1, 2, 4]
best test rse= 1.363700312433242
best test corr= 0.47721308
[Target-Weighted Loss] weights applied: {'us_Trade Weighted Dollar Index': 12.0, 'kr_fx': 12.0, 'jp_fx': 12.0}
iter:  0 | loss: 0.011
iter:  1 | loss: 0.009
iter:  2 | loss: 0.010
iter:  3 | loss: 0.012
iter:  4 | loss: 0.009
iter:  5 | loss: 0.009
iter:  6 | loss: 0.011
iter:  7 | loss: 0.018
iter:  8 | loss: 0.009
iter:  9 | loss: 0.012
iter: 10 | loss: 0.006
iter: 11 | loss: 0.018
iter: 12 | loss: 0.014
iter: 13 | loss: 0.009
iter: 14 | loss: 0.010
iter: 15 | loss: 0.011
iter: 16 | loss: 0.012
iter: 17 | loss: 0.010
iter: 18 | loss: 0.017
iter: 19 | loss: 0.010
iter: 20 | loss: 0.012
iter: 21 | loss: 0.023
iter: 22 | loss: 0.010
iter: 23 | loss: 0.012
iter: 24 | loss: 0.012
iter: 25 | loss: 0.016
iter: 26 | loss: 0.011
iter: 27 | loss: 0.022
iter: 28 | loss: 0.011
iter: 29 | loss: 0.009
iter: 30 | loss: 0.017
iter: 31 | loss: 0.009
iter: 32 | loss: 0.019
testing r= 5
rrse(target)=98.16027928692695 / 34.875950297872706 | rrse(all)=59921950399077.78 / 34622965068576.312 | report_mode=targets
| end of epoch  13 | time:  2.18s | train_loss 0.0125 | valid rse 2.8146 | valid rae 3.0604 | valid corr  0.4626 | valid smape  0.2561 | focus_rrse 2.3052 | obj 2.4580
Experiment: 1
Iter: 0
epoch: 14
hp= [1, 0.0005, 16, 128, 256, 1024, 40, 0.1, 2, 30, 0.6, 0.1, 2, 14]
best sum= 5.342213638500498
best rrse= 2.778132296063673
best rrae= 3.02604252240852
best corr= 0.46196118
best smape= 0.25569571161121746
best objective= 2.4337091256553447
best hps= [1, 0.0005, 16, 128, 256, 1024, 40, 0.1, 2, 30, 0.6, 0.1, 2, 4]
best test rse= 1.363700312433242
best test corr= 0.47721308
[Target-Weighted Loss] weights applied: {'us_Trade Weighted Dollar Index': 12.0, 'kr_fx': 12.0, 'jp_fx': 12.0}
iter:  0 | loss: 0.007
iter:  1 | loss: 0.015
iter:  2 | loss: 0.013
iter:  3 | loss: 0.020
iter:  4 | loss: 0.009
iter:  5 | loss: 0.031
iter:  6 | loss: 0.010
iter:  7 | loss: 0.008
iter:  8 | loss: 0.010
iter:  9 | loss: 0.009
iter: 10 | loss: 0.009
iter: 11 | loss: 0.011
iter: 12 | loss: 0.015
iter: 13 | loss: 0.011
iter: 14 | loss: 0.010
iter: 15 | loss: 0.011
iter: 16 | loss: 0.011
iter: 17 | loss: 0.008
iter: 18 | loss: 0.014
iter: 19 | loss: 0.012
iter: 20 | loss: 0.010
iter: 21 | loss: 0.008
iter: 22 | loss: 0.011
iter: 23 | loss: 0.013
iter: 24 | loss: 0.018
iter: 25 | loss: 0.021
iter: 26 | loss: 0.012
iter: 27 | loss: 0.012
iter: 28 | loss: 0.010
iter: 29 | loss: 0.009
iter: 30 | loss: 0.013
iter: 31 | loss: 0.008
iter: 32 | loss: 0.019
testing r= 5
rrse(target)=97.31057319865093 / 34.875950297872706 | rrse(all)=60754236073500.59 / 34622965068576.312 | report_mode=targets
| end of epoch  14 | time:  3.34s | train_loss 0.0123 | valid rse 2.7902 | valid rae 3.0397 | valid corr  0.4614 | valid smape  0.2574 | focus_rrse 2.3000 | obj 2.4471
Experiment: 1
Iter: 0
epoch: 15
hp= [1, 0.0005, 16, 128, 256, 1024, 40, 0.1, 2, 30, 0.6, 0.1, 2, 15]
best sum= 5.342213638500498
best rrse= 2.778132296063673
best rrae= 3.02604252240852
best corr= 0.46196118
best smape= 0.25569571161121746
best objective= 2.4337091256553447
best hps= [1, 0.0005, 16, 128, 256, 1024, 40, 0.1, 2, 30, 0.6, 0.1, 2, 4]
best test rse= 1.363700312433242
best test corr= 0.47721308
[Target-Weighted Loss] weights applied: {'us_Trade Weighted Dollar Index': 12.0, 'kr_fx': 12.0, 'jp_fx': 12.0}
iter:  0 | loss: 0.010
iter:  1 | loss: 0.012
iter:  2 | loss: 0.013
iter:  3 | loss: 0.010
iter:  4 | loss: 0.012
iter:  5 | loss: 0.017
iter:  6 | loss: 0.010
iter:  7 | loss: 0.012
iter:  8 | loss: 0.009
iter:  9 | loss: 0.012
iter: 10 | loss: 0.013
iter: 11 | loss: 0.007
iter: 12 | loss: 0.012
iter: 13 | loss: 0.021
iter: 14 | loss: 0.013
iter: 15 | loss: 0.022
iter: 16 | loss: 0.009
iter: 17 | loss: 0.012
iter: 18 | loss: 0.011
iter: 19 | loss: 0.015
iter: 20 | loss: 0.007
iter: 21 | loss: 0.007
iter: 22 | loss: 0.016
iter: 23 | loss: 0.012
iter: 24 | loss: 0.012
iter: 25 | loss: 0.008
iter: 26 | loss: 0.011
iter: 27 | loss: 0.009
iter: 28 | loss: 0.013
iter: 29 | loss: 0.020
iter: 30 | loss: 0.010
iter: 31 | loss: 0.010
iter: 32 | loss: 0.018
testing r= 5
rrse(target)=97.10038800933032 / 34.875950297872706 | rrse(all)=60604354841663.38 / 34622965068576.312 | report_mode=targets
| end of epoch  15 | time:  2.39s | train_loss 0.0122 | valid rse 2.7842 | valid rae 3.0351 | valid corr  0.4576 | valid smape  0.2558 | focus_rrse 2.2914 | obj 2.4392
Experiment: 1
Iter: 0
epoch: 16
hp= [1, 0.0005, 16, 128, 256, 1024, 40, 0.1, 2, 30, 0.6, 0.1, 2, 16]
best sum= 5.342213638500498
best rrse= 2.778132296063673
best rrae= 3.02604252240852
best corr= 0.46196118
best smape= 0.25569571161121746
best objective= 2.4337091256553447
best hps= [1, 0.0005, 16, 128, 256, 1024, 40, 0.1, 2, 30, 0.6, 0.1, 2, 4]
best test rse= 1.363700312433242
best test corr= 0.47721308
[Target-Weighted Loss] weights applied: {'us_Trade Weighted Dollar Index': 12.0, 'kr_fx': 12.0, 'jp_fx': 12.0}
iter:  0 | loss: 0.022
iter:  1 | loss: 0.011
iter:  2 | loss: 0.012
iter:  3 | loss: 0.010
iter:  4 | loss: 0.008
iter:  5 | loss: 0.008
iter:  6 | loss: 0.010
iter:  7 | loss: 0.012
iter:  8 | loss: 0.019
iter:  9 | loss: 0.011
iter: 10 | loss: 0.013
iter: 11 | loss: 0.023
iter: 12 | loss: 0.011
iter: 13 | loss: 0.016
iter: 14 | loss: 0.012
iter: 15 | loss: 0.010
iter: 16 | loss: 0.021
iter: 17 | loss: 0.006
iter: 18 | loss: 0.009
iter: 19 | loss: 0.012
iter: 20 | loss: 0.011
iter: 21 | loss: 0.014
iter: 22 | loss: 0.020
iter: 23 | loss: 0.008
iter: 24 | loss: 0.009
iter: 25 | loss: 0.011
iter: 26 | loss: 0.009
iter: 27 | loss: 0.009
iter: 28 | loss: 0.010
iter: 29 | loss: 0.010
iter: 30 | loss: 0.010
iter: 31 | loss: 0.018
iter: 32 | loss: 0.007
testing r= 5
rrse(target)=96.98653357715442 / 34.875950297872706 | rrse(all)=60182805598977.57 / 34622965068576.312 | report_mode=targets
| end of epoch  16 | time:  2.14s | train_loss 0.0122 | valid rse 2.7809 | valid rae 3.0255 | valid corr  0.4604 | valid smape  0.2561 | focus_rrse 2.2905 | obj 2.4376
Experiment: 1
Iter: 0
epoch: 17
hp= [1, 0.0005, 16, 128, 256, 1024, 40, 0.1, 2, 30, 0.6, 0.1, 2, 17]
best sum= 5.342213638500498
best rrse= 2.778132296063673
best rrae= 3.02604252240852
best corr= 0.46196118
best smape= 0.25569571161121746
best objective= 2.4337091256553447
best hps= [1, 0.0005, 16, 128, 256, 1024, 40, 0.1, 2, 30, 0.6, 0.1, 2, 4]
best test rse= 1.363700312433242
best test corr= 0.47721308
[Target-Weighted Loss] weights applied: {'us_Trade Weighted Dollar Index': 12.0, 'kr_fx': 12.0, 'jp_fx': 12.0}
iter:  0 | loss: 0.013
iter:  1 | loss: 0.009
iter:  2 | loss: 0.011
iter:  3 | loss: 0.014
iter:  4 | loss: 0.008
iter:  5 | loss: 0.008
iter:  6 | loss: 0.011
iter:  7 | loss: 0.010
iter:  8 | loss: 0.013
iter:  9 | loss: 0.020
iter: 10 | loss: 0.011
iter: 11 | loss: 0.011
iter: 12 | loss: 0.013
iter: 13 | loss: 0.009
iter: 14 | loss: 0.015
iter: 15 | loss: 0.008
iter: 16 | loss: 0.022
iter: 17 | loss: 0.012
iter: 18 | loss: 0.012
iter: 19 | loss: 0.005
iter: 20 | loss: 0.023
iter: 21 | loss: 0.020
iter: 22 | loss: 0.010
iter: 23 | loss: 0.008
iter: 24 | loss: 0.015
iter: 25 | loss: 0.010
iter: 26 | loss: 0.011
iter: 27 | loss: 0.008
iter: 28 | loss: 0.009
iter: 29 | loss: 0.014
iter: 30 | loss: 0.011
iter: 31 | loss: 0.022
iter: 32 | loss: 0.011
testing r= 5
rrse(target)=97.4199390846145 / 34.875950297872706 | rrse(all)=60131598784595.875 / 34622965068576.312 | report_mode=targets
| end of epoch  17 | time:  2.33s | train_loss 0.0124 | valid rse 2.7933 | valid rae 3.0440 | valid corr  0.4566 | valid smape  0.2572 | focus_rrse 2.2960 | obj 2.4452
Experiment: 1
Iter: 0
epoch: 18
hp= [1, 0.0005, 16, 128, 256, 1024, 40, 0.1, 2, 30, 0.6, 0.1, 2, 18]
best sum= 5.342213638500498
best rrse= 2.778132296063673
best rrae= 3.02604252240852
best corr= 0.46196118
best smape= 0.25569571161121746
best objective= 2.4337091256553447
best hps= [1, 0.0005, 16, 128, 256, 1024, 40, 0.1, 2, 30, 0.6, 0.1, 2, 4]
best test rse= 1.363700312433242
best test corr= 0.47721308
[Target-Weighted Loss] weights applied: {'us_Trade Weighted Dollar Index': 12.0, 'kr_fx': 12.0, 'jp_fx': 12.0}
iter:  0 | loss: 0.010
iter:  1 | loss: 0.014
iter:  2 | loss: 0.009
iter:  3 | loss: 0.008
iter:  4 | loss: 0.011
iter:  5 | loss: 0.009
iter:  6 | loss: 0.013
iter:  7 | loss: 0.010
iter:  8 | loss: 0.015
iter:  9 | loss: 0.013
iter: 10 | loss: 0.013
iter: 11 | loss: 0.012
iter: 12 | loss: 0.021
iter: 13 | loss: 0.018
iter: 14 | loss: 0.017
iter: 15 | loss: 0.011
iter: 16 | loss: 0.009
iter: 17 | loss: 0.014
iter: 18 | loss: 0.007
iter: 19 | loss: 0.018
iter: 20 | loss: 0.016
iter: 21 | loss: 0.009
iter: 22 | loss: 0.009
iter: 23 | loss: 0.010
iter: 24 | loss: 0.014
iter: 25 | loss: 0.010
iter: 26 | loss: 0.025
iter: 27 | loss: 0.014
iter: 28 | loss: 0.009
iter: 29 | loss: 0.009
iter: 30 | loss: 0.008
iter: 31 | loss: 0.011
iter: 32 | loss: 0.013
testing r= 5
rrse(target)=97.11618162991685 / 34.875950297872706 | rrse(all)=60365691852554.03 / 34622965068576.312 | report_mode=targets
| end of epoch  18 | time:  2.41s | train_loss 0.0124 | valid rse 2.7846 | valid rae 3.0427 | valid corr  0.4568 | valid smape  0.2564 | focus_rrse 2.2988 | obj 2.4445
Experiment: 1
Iter: 0
epoch: 19
hp= [1, 0.0005, 16, 128, 256, 1024, 40, 0.1, 2, 30, 0.6, 0.1, 2, 19]
best sum= 5.342213638500498
best rrse= 2.778132296063673
best rrae= 3.02604252240852
best corr= 0.46196118
best smape= 0.25569571161121746
best objective= 2.4337091256553447
best hps= [1, 0.0005, 16, 128, 256, 1024, 40, 0.1, 2, 30, 0.6, 0.1, 2, 4]
best test rse= 1.363700312433242
best test corr= 0.47721308
[Target-Weighted Loss] weights applied: {'us_Trade Weighted Dollar Index': 12.0, 'kr_fx': 12.0, 'jp_fx': 12.0}
iter:  0 | loss: 0.013
iter:  1 | loss: 0.010
iter:  2 | loss: 0.006
iter:  3 | loss: 0.015
iter:  4 | loss: 0.014
iter:  5 | loss: 0.022
iter:  6 | loss: 0.013
iter:  7 | loss: 0.021
iter:  8 | loss: 0.012
iter:  9 | loss: 0.010
iter: 10 | loss: 0.008
iter: 11 | loss: 0.017
iter: 12 | loss: 0.009
iter: 13 | loss: 0.011
iter: 14 | loss: 0.010
iter: 15 | loss: 0.009
iter: 16 | loss: 0.010
iter: 17 | loss: 0.014
iter: 18 | loss: 0.011
iter: 19 | loss: 0.010
iter: 20 | loss: 0.010
iter: 21 | loss: 0.011
iter: 22 | loss: 0.015
iter: 23 | loss: 0.012
iter: 24 | loss: 0.010
iter: 25 | loss: 0.017
iter: 26 | loss: 0.010
iter: 27 | loss: 0.012
iter: 28 | loss: 0.013
iter: 29 | loss: 0.012
iter: 30 | loss: 0.012
iter: 31 | loss: 0.012
iter: 32 | loss: 0.012
testing r= 5
rrse(target)=98.45507283623074 / 34.875950297872706 | rrse(all)=60048160024376.63 / 34622965068576.312 | report_mode=targets
| end of epoch  19 | time:  2.33s | train_loss 0.0123 | valid rse 2.8230 | valid rae 3.0672 | valid corr  0.4574 | valid smape  0.2569 | focus_rrse 2.3124 | obj 2.4656
Experiment: 1
Iter: 0
epoch: 20
hp= [1, 0.0005, 16, 128, 256, 1024, 40, 0.1, 2, 30, 0.6, 0.1, 2, 20]
best sum= 5.342213638500498
best rrse= 2.778132296063673
best rrae= 3.02604252240852
best corr= 0.46196118
best smape= 0.25569571161121746
best objective= 2.4337091256553447
best hps= [1, 0.0005, 16, 128, 256, 1024, 40, 0.1, 2, 30, 0.6, 0.1, 2, 4]
best test rse= 1.363700312433242
best test corr= 0.47721308
[Target-Weighted Loss] weights applied: {'us_Trade Weighted Dollar Index': 12.0, 'kr_fx': 12.0, 'jp_fx': 12.0}
iter:  0 | loss: 0.008
iter:  1 | loss: 0.012
iter:  2 | loss: 0.007
iter:  3 | loss: 0.009
iter:  4 | loss: 0.010
iter:  5 | loss: 0.010
iter:  6 | loss: 0.025
iter:  7 | loss: 0.016
iter:  8 | loss: 0.013
iter:  9 | loss: 0.010
iter: 10 | loss: 0.014
iter: 11 | loss: 0.009
iter: 12 | loss: 0.012
iter: 13 | loss: 0.013
iter: 14 | loss: 0.014
iter: 15 | loss: 0.008
iter: 16 | loss: 0.007
iter: 17 | loss: 0.012
iter: 18 | loss: 0.008
iter: 19 | loss: 0.009
iter: 20 | loss: 0.012
iter: 21 | loss: 0.011
iter: 22 | loss: 0.018
iter: 23 | loss: 0.022
iter: 24 | loss: 0.014
iter: 25 | loss: 0.008
iter: 26 | loss: 0.011
iter: 27 | loss: 0.022
iter: 28 | loss: 0.011
iter: 29 | loss: 0.013
iter: 30 | loss: 0.018
iter: 31 | loss: 0.015
iter: 32 | loss: 0.016
testing r= 5
rrse(target)=99.02522958191008 / 34.875950297872706 | rrse(all)=60668170394334.086 / 34622965068576.312 | report_mode=targets
| end of epoch  20 | time:  2.23s | train_loss 0.0126 | valid rse 2.8394 | valid rae 3.0744 | valid corr  0.4605 | valid smape  0.2565 | focus_rrse 2.3102 | obj 2.4690
Experiment: 1
Iter: 0
epoch: 21
hp= [1, 0.0005, 16, 128, 256, 1024, 40, 0.1, 2, 30, 0.6, 0.1, 2, 21]
best sum= 5.342213638500498
best rrse= 2.778132296063673
best rrae= 3.02604252240852
best corr= 0.46196118
best smape= 0.25569571161121746
best objective= 2.4337091256553447
best hps= [1, 0.0005, 16, 128, 256, 1024, 40, 0.1, 2, 30, 0.6, 0.1, 2, 4]
best test rse= 1.363700312433242
best test corr= 0.47721308
[Target-Weighted Loss] weights applied: {'us_Trade Weighted Dollar Index': 12.0, 'kr_fx': 12.0, 'jp_fx': 12.0}
iter:  0 | loss: 0.012
iter:  1 | loss: 0.022
iter:  2 | loss: 0.013
iter:  3 | loss: 0.009
iter:  4 | loss: 0.006
iter:  5 | loss: 0.010
iter:  6 | loss: 0.012
iter:  7 | loss: 0.009
iter:  8 | loss: 0.013
iter:  9 | loss: 0.009
iter: 10 | loss: 0.009
iter: 11 | loss: 0.013
iter: 12 | loss: 0.011
iter: 13 | loss: 0.011
iter: 14 | loss: 0.012
iter: 15 | loss: 0.015
iter: 16 | loss: 0.006
iter: 17 | loss: 0.014
iter: 18 | loss: 0.015
iter: 19 | loss: 0.017
iter: 20 | loss: 0.023
iter: 21 | loss: 0.027
iter: 22 | loss: 0.010
iter: 23 | loss: 0.011
iter: 24 | loss: 0.012
iter: 25 | loss: 0.013
iter: 26 | loss: 0.010
iter: 27 | loss: 0.011
iter: 28 | loss: 0.011
iter: 29 | loss: 0.007
iter: 30 | loss: 0.019
iter: 31 | loss: 0.011
iter: 32 | loss: 0.011
testing r= 5
rrse(target)=97.89748205233626 / 34.875950297872706 | rrse(all)=59996100378015.2 / 34622965068576.312 | report_mode=targets
| end of epoch  21 | time:  2.48s | train_loss 0.0125 | valid rse 2.8070 | valid rae 3.0509 | valid corr  0.4606 | valid smape  0.2557 | focus_rrse 2.3085 | obj 2.4581
Experiment: 1
Iter: 0
epoch: 22
hp= [1, 0.0005, 16, 128, 256, 1024, 40, 0.1, 2, 30, 0.6, 0.1, 2, 22]
best sum= 5.342213638500498
best rrse= 2.778132296063673
best rrae= 3.02604252240852
best corr= 0.46196118
best smape= 0.25569571161121746
best objective= 2.4337091256553447
best hps= [1, 0.0005, 16, 128, 256, 1024, 40, 0.1, 2, 30, 0.6, 0.1, 2, 4]
best test rse= 1.363700312433242
best test corr= 0.47721308
[Target-Weighted Loss] weights applied: {'us_Trade Weighted Dollar Index': 12.0, 'kr_fx': 12.0, 'jp_fx': 12.0}
iter:  0 | loss: 0.015
iter:  1 | loss: 0.009
iter:  2 | loss: 0.010
iter:  3 | loss: 0.009
iter:  4 | loss: 0.013
iter:  5 | loss: 0.014
iter:  6 | loss: 0.010
iter:  7 | loss: 0.012
iter:  8 | loss: 0.015
iter:  9 | loss: 0.008
iter: 10 | loss: 0.013
iter: 11 | loss: 0.011
iter: 12 | loss: 0.012
iter: 13 | loss: 0.009
iter: 14 | loss: 0.017
iter: 15 | loss: 0.009
iter: 16 | loss: 0.010
iter: 17 | loss: 0.014
iter: 18 | loss: 0.015
iter: 19 | loss: 0.010
iter: 20 | loss: 0.012
iter: 21 | loss: 0.006
iter: 22 | loss: 0.012
iter: 23 | loss: 0.009
iter: 24 | loss: 0.011
iter: 25 | loss: 0.008
iter: 26 | loss: 0.012
iter: 27 | loss: 0.014
iter: 28 | loss: 0.012
iter: 29 | loss: 0.021
iter: 30 | loss: 0.021
iter: 31 | loss: 0.010
iter: 32 | loss: 0.019
testing r= 5
rrse(target)=97.65112986577523 / 34.875950297872706 | rrse(all)=60577220000282.65 / 34622965068576.312 | report_mode=targets
| end of epoch  22 | time:  2.22s | train_loss 0.0123 | valid rse 2.8000 | valid rae 3.0558 | valid corr  0.4580 | valid smape  0.2567 | focus_rrse 2.3050 | obj 2.4535
Experiment: 1
Iter: 0
epoch: 23
hp= [1, 0.0005, 16, 128, 256, 1024, 40, 0.1, 2, 30, 0.6, 0.1, 2, 23]
best sum= 5.342213638500498
best rrse= 2.778132296063673
best rrae= 3.02604252240852
best corr= 0.46196118
best smape= 0.25569571161121746
best objective= 2.4337091256553447
best hps= [1, 0.0005, 16, 128, 256, 1024, 40, 0.1, 2, 30, 0.6, 0.1, 2, 4]
best test rse= 1.363700312433242
best test corr= 0.47721308
[Target-Weighted Loss] weights applied: {'us_Trade Weighted Dollar Index': 12.0, 'kr_fx': 12.0, 'jp_fx': 12.0}
iter:  0 | loss: 0.007
iter:  1 | loss: 0.012
iter:  2 | loss: 0.011
iter:  3 | loss: 0.014
iter:  4 | loss: 0.010
iter:  5 | loss: 0.007
iter:  6 | loss: 0.009
iter:  7 | loss: 0.013
iter:  8 | loss: 0.015
iter:  9 | loss: 0.012
iter: 10 | loss: 0.015
iter: 11 | loss: 0.013
iter: 12 | loss: 0.015
iter: 13 | loss: 0.011
iter: 14 | loss: 0.010
iter: 15 | loss: 0.010
iter: 16 | loss: 0.008
iter: 17 | loss: 0.011
iter: 18 | loss: 0.014
iter: 19 | loss: 0.009
iter: 20 | loss: 0.013
iter: 21 | loss: 0.008
iter: 22 | loss: 0.010
iter: 23 | loss: 0.011
iter: 24 | loss: 0.033
iter: 25 | loss: 0.008
iter: 26 | loss: 0.011
iter: 27 | loss: 0.013
iter: 28 | loss: 0.012
iter: 29 | loss: 0.020
iter: 30 | loss: 0.012
iter: 31 | loss: 0.021
iter: 32 | loss: 0.011
testing r= 5
rrse(target)=97.81114216309919 / 34.875950297872706 | rrse(all)=60599986224687.836 / 34622965068576.312 | report_mode=targets
| end of epoch  23 | time:  2.21s | train_loss 0.0123 | valid rse 2.8045 | valid rae 3.0507 | valid corr  0.4576 | valid smape  0.2559 | focus_rrse 2.3048 | obj 2.4547
Experiment: 1
Iter: 0
epoch: 24
hp= [1, 0.0005, 16, 128, 256, 1024, 40, 0.1, 2, 30, 0.6, 0.1, 2, 24]
best sum= 5.342213638500498
best rrse= 2.778132296063673
best rrae= 3.02604252240852
best corr= 0.46196118
best smape= 0.25569571161121746
best objective= 2.4337091256553447
best hps= [1, 0.0005, 16, 128, 256, 1024, 40, 0.1, 2, 30, 0.6, 0.1, 2, 4]
best test rse= 1.363700312433242
best test corr= 0.47721308
[Target-Weighted Loss] weights applied: {'us_Trade Weighted Dollar Index': 12.0, 'kr_fx': 12.0, 'jp_fx': 12.0}
iter:  0 | loss: 0.013
iter:  1 | loss: 0.012
iter:  2 | loss: 0.011
iter:  3 | loss: 0.010
iter:  4 | loss: 0.011
iter:  5 | loss: 0.011
iter:  6 | loss: 0.018
iter:  7 | loss: 0.011
iter:  8 | loss: 0.012
iter:  9 | loss: 0.015
iter: 10 | loss: 0.021
iter: 11 | loss: 0.023
iter: 12 | loss: 0.010
iter: 13 | loss: 0.011
iter: 14 | loss: 0.012
iter: 15 | loss: 0.012
iter: 16 | loss: 0.012
iter: 17 | loss: 0.011
iter: 18 | loss: 0.009
iter: 19 | loss: 0.009
iter: 20 | loss: 0.015
iter: 21 | loss: 0.010
iter: 22 | loss: 0.009
iter: 23 | loss: 0.008
iter: 24 | loss: 0.011
iter: 25 | loss: 0.012
iter: 26 | loss: 0.012
iter: 27 | loss: 0.010
iter: 28 | loss: 0.021
iter: 29 | loss: 0.010
iter: 30 | loss: 0.014
iter: 31 | loss: 0.011
iter: 32 | loss: 0.031
testing r= 5
rrse(target)=97.28360903018299 / 34.875950297872706 | rrse(all)=60156866653102.445 / 34622965068576.312 | report_mode=targets
| end of epoch  24 | time:  2.22s | train_loss 0.0127 | valid rse 2.7894 | valid rae 3.0328 | valid corr  0.4595 | valid smape  0.2556 | focus_rrse 2.2981 | obj 2.4455
Experiment: 1
Iter: 0
epoch: 25
hp= [1, 0.0005, 16, 128, 256, 1024, 40, 0.1, 2, 30, 0.6, 0.1, 2, 25]
best sum= 5.342213638500498
best rrse= 2.778132296063673
best rrae= 3.02604252240852
best corr= 0.46196118
best smape= 0.25569571161121746
best objective= 2.4337091256553447
best hps= [1, 0.0005, 16, 128, 256, 1024, 40, 0.1, 2, 30, 0.6, 0.1, 2, 4]
best test rse= 1.363700312433242
best test corr= 0.47721308
[Target-Weighted Loss] weights applied: {'us_Trade Weighted Dollar Index': 12.0, 'kr_fx': 12.0, 'jp_fx': 12.0}
iter:  0 | loss: 0.009
iter:  1 | loss: 0.013
iter:  2 | loss: 0.008
iter:  3 | loss: 0.008
iter:  4 | loss: 0.012
iter:  5 | loss: 0.022
iter:  6 | loss: 0.010
iter:  7 | loss: 0.017
iter:  8 | loss: 0.009
iter:  9 | loss: 0.010
iter: 10 | loss: 0.011
iter: 11 | loss: 0.008
iter: 12 | loss: 0.008
iter: 13 | loss: 0.015
iter: 14 | loss: 0.013
iter: 15 | loss: 0.014
iter: 16 | loss: 0.024
iter: 17 | loss: 0.013
iter: 18 | loss: 0.010
iter: 19 | loss: 0.008
iter: 20 | loss: 0.019
iter: 21 | loss: 0.006
iter: 22 | loss: 0.011
iter: 23 | loss: 0.023
iter: 24 | loss: 0.013
iter: 25 | loss: 0.013
iter: 26 | loss: 0.015
iter: 27 | loss: 0.009
iter: 28 | loss: 0.012
iter: 29 | loss: 0.012
iter: 30 | loss: 0.010
iter: 31 | loss: 0.008
iter: 32 | loss: 0.012
testing r= 5
rrse(target)=98.88099993647667 / 34.875950297872706 | rrse(all)=60403626038688.29 / 34622965068576.312 | report_mode=targets
| end of epoch  25 | time:  2.19s | train_loss 0.0123 | valid rse 2.8352 | valid rae 3.0766 | valid corr  0.4590 | valid smape  0.2564 | focus_rrse 2.3073 | obj 2.4657
Experiment: 1
Iter: 0
epoch: 26
hp= [1, 0.0005, 16, 128, 256, 1024, 40, 0.1, 2, 30, 0.6, 0.1, 2, 26]
best sum= 5.342213638500498
best rrse= 2.778132296063673
best rrae= 3.02604252240852
best corr= 0.46196118
best smape= 0.25569571161121746
best objective= 2.4337091256553447
best hps= [1, 0.0005, 16, 128, 256, 1024, 40, 0.1, 2, 30, 0.6, 0.1, 2, 4]
best test rse= 1.363700312433242
best test corr= 0.47721308
[Target-Weighted Loss] weights applied: {'us_Trade Weighted Dollar Index': 12.0, 'kr_fx': 12.0, 'jp_fx': 12.0}
iter:  0 | loss: 0.012
iter:  1 | loss: 0.018
iter:  2 | loss: 0.019
iter:  3 | loss: 0.010
iter:  4 | loss: 0.010
iter:  5 | loss: 0.018
iter:  6 | loss: 0.012
iter:  7 | loss: 0.008
iter:  8 | loss: 0.013
iter:  9 | loss: 0.012
iter: 10 | loss: 0.008
iter: 11 | loss: 0.014
iter: 12 | loss: 0.013
iter: 13 | loss: 0.019
iter: 14 | loss: 0.009
iter: 15 | loss: 0.012
iter: 16 | loss: 0.011
iter: 17 | loss: 0.010
iter: 18 | loss: 0.009
iter: 19 | loss: 0.009
iter: 20 | loss: 0.009
iter: 21 | loss: 0.022
iter: 22 | loss: 0.011
iter: 23 | loss: 0.009
iter: 24 | loss: 0.013
iter: 25 | loss: 0.018
iter: 26 | loss: 0.008
iter: 27 | loss: 0.008
iter: 28 | loss: 0.010
iter: 29 | loss: 0.015
iter: 30 | loss: 0.012
iter: 31 | loss: 0.014
iter: 32 | loss: 0.014
testing r= 5
rrse(target)=98.6358220456696 / 34.875950297872706 | rrse(all)=60494810587587.234 / 34622965068576.312 | report_mode=targets
| end of epoch  26 | time:  2.25s | train_loss 0.0124 | valid rse 2.8282 | valid rae 3.0734 | valid corr  0.4621 | valid smape  0.2563 | focus_rrse 2.3114 | obj 2.4664
Experiment: 1
Iter: 0
epoch: 27
hp= [1, 0.0005, 16, 128, 256, 1024, 40, 0.1, 2, 30, 0.6, 0.1, 2, 27]
best sum= 5.342213638500498
best rrse= 2.778132296063673
best rrae= 3.02604252240852
best corr= 0.46196118
best smape= 0.25569571161121746
best objective= 2.4337091256553447
best hps= [1, 0.0005, 16, 128, 256, 1024, 40, 0.1, 2, 30, 0.6, 0.1, 2, 4]
best test rse= 1.363700312433242
best test corr= 0.47721308
[Target-Weighted Loss] weights applied: {'us_Trade Weighted Dollar Index': 12.0, 'kr_fx': 12.0, 'jp_fx': 12.0}
iter:  0 | loss: 0.013
iter:  1 | loss: 0.014
iter:  2 | loss: 0.008
iter:  3 | loss: 0.010
iter:  4 | loss: 0.024
iter:  5 | loss: 0.010
iter:  6 | loss: 0.008
iter:  7 | loss: 0.010
iter:  8 | loss: 0.023
iter:  9 | loss: 0.016
iter: 10 | loss: 0.007
iter: 11 | loss: 0.009
iter: 12 | loss: 0.010
iter: 13 | loss: 0.014
iter: 14 | loss: 0.022
iter: 15 | loss: 0.010
iter: 16 | loss: 0.014
iter: 17 | loss: 0.011
iter: 18 | loss: 0.013
iter: 19 | loss: 0.009
iter: 20 | loss: 0.010
iter: 21 | loss: 0.007
iter: 22 | loss: 0.008
iter: 23 | loss: 0.012
iter: 24 | loss: 0.018
iter: 25 | loss: 0.011
iter: 26 | loss: 0.012
iter: 27 | loss: 0.013
iter: 28 | loss: 0.011
iter: 29 | loss: 0.011
iter: 30 | loss: 0.013
iter: 31 | loss: 0.009
iter: 32 | loss: 0.011
testing r= 5
rrse(target)=97.68097187080501 / 34.875950297872706 | rrse(all)=60626877200174.69 / 34622965068576.312 | report_mode=targets
| end of epoch  27 | time:  2.04s | train_loss 0.0122 | valid rse 2.8008 | valid rae 3.0447 | valid corr  0.4594 | valid smape  0.2558 | focus_rrse 2.2956 | obj 2.4472
Experiment: 1
Iter: 0
epoch: 28
hp= [1, 0.0005, 16, 128, 256, 1024, 40, 0.1, 2, 30, 0.6, 0.1, 2, 28]
best sum= 5.342213638500498
best rrse= 2.778132296063673
best rrae= 3.02604252240852
best corr= 0.46196118
best smape= 0.25569571161121746
best objective= 2.4337091256553447
best hps= [1, 0.0005, 16, 128, 256, 1024, 40, 0.1, 2, 30, 0.6, 0.1, 2, 4]
best test rse= 1.363700312433242
best test corr= 0.47721308
[Target-Weighted Loss] weights applied: {'us_Trade Weighted Dollar Index': 12.0, 'kr_fx': 12.0, 'jp_fx': 12.0}
iter:  0 | loss: 0.006
iter:  1 | loss: 0.007
iter:  2 | loss: 0.013
iter:  3 | loss: 0.008
iter:  4 | loss: 0.011
iter:  5 | loss: 0.009
iter:  6 | loss: 0.013
iter:  7 | loss: 0.015
iter:  8 | loss: 0.015
iter:  9 | loss: 0.017
iter: 10 | loss: 0.008
iter: 11 | loss: 0.007
iter: 12 | loss: 0.012
iter: 13 | loss: 0.009
iter: 14 | loss: 0.015
iter: 15 | loss: 0.026
iter: 16 | loss: 0.009
iter: 17 | loss: 0.011
iter: 18 | loss: 0.010
iter: 19 | loss: 0.020
iter: 20 | loss: 0.013
iter: 21 | loss: 0.011
iter: 22 | loss: 0.014
iter: 23 | loss: 0.008
iter: 24 | loss: 0.014
iter: 25 | loss: 0.008
iter: 26 | loss: 0.015
iter: 27 | loss: 0.009
iter: 28 | loss: 0.010
iter: 29 | loss: 0.012
iter: 30 | loss: 0.023
iter: 31 | loss: 0.011
iter: 32 | loss: 0.019
testing r= 5
rrse(target)=97.24048495386323 / 34.875950297872706 | rrse(all)=60457255823989.78 / 34622965068576.312 | report_mode=targets
| end of epoch  28 | time:  2.33s | train_loss 0.0124 | valid rse 2.7882 | valid rae 3.0360 | valid corr  0.4531 | valid smape  0.2564 | focus_rrse 2.3040 | obj 2.4492
Experiment: 1
Iter: 0
epoch: 29
hp= [1, 0.0005, 16, 128, 256, 1024, 40, 0.1, 2, 30, 0.6, 0.1, 2, 29]
best sum= 5.342213638500498
best rrse= 2.778132296063673
best rrae= 3.02604252240852
best corr= 0.46196118
best smape= 0.25569571161121746
best objective= 2.4337091256553447
best hps= [1, 0.0005, 16, 128, 256, 1024, 40, 0.1, 2, 30, 0.6, 0.1, 2, 4]
best test rse= 1.363700312433242
best test corr= 0.47721308
[Target-Weighted Loss] weights applied: {'us_Trade Weighted Dollar Index': 12.0, 'kr_fx': 12.0, 'jp_fx': 12.0}
iter:  0 | loss: 0.009
iter:  1 | loss: 0.007
iter:  2 | loss: 0.015
iter:  3 | loss: 0.016
iter:  4 | loss: 0.021
iter:  5 | loss: 0.014
iter:  6 | loss: 0.010
iter:  7 | loss: 0.008
iter:  8 | loss: 0.021
iter:  9 | loss: 0.011
iter: 10 | loss: 0.011
iter: 11 | loss: 0.010
iter: 12 | loss: 0.016
iter: 13 | loss: 0.010
iter: 14 | loss: 0.010
iter: 15 | loss: 0.014
iter: 16 | loss: 0.009
iter: 17 | loss: 0.011
iter: 18 | loss: 0.013
iter: 19 | loss: 0.008
iter: 20 | loss: 0.010
iter: 21 | loss: 0.011
iter: 22 | loss: 0.011
iter: 23 | loss: 0.011
iter: 24 | loss: 0.012
iter: 25 | loss: 0.010
iter: 26 | loss: 0.013
iter: 27 | loss: 0.014
iter: 28 | loss: 0.010
iter: 29 | loss: 0.011
iter: 30 | loss: 0.021
iter: 31 | loss: 0.017
iter: 32 | loss: 0.015
testing r= 5
rrse(target)=98.45844519231197 / 34.875950297872706 | rrse(all)=60863291582773.31 / 34622965068576.312 | report_mode=targets
| end of epoch  29 | time:  2.55s | train_loss 0.0124 | valid rse 2.8231 | valid rae 3.0608 | valid corr  0.4569 | valid smape  0.2577 | focus_rrse 2.3135 | obj 2.4664
Experiment: 1
Iter: 0
epoch: 30
hp= [1, 0.0005, 16, 128, 256, 1024, 40, 0.1, 2, 30, 0.6, 0.1, 2, 30]
best sum= 5.342213638500498
best rrse= 2.778132296063673
best rrae= 3.02604252240852
best corr= 0.46196118
best smape= 0.25569571161121746
best objective= 2.4337091256553447
best hps= [1, 0.0005, 16, 128, 256, 1024, 40, 0.1, 2, 30, 0.6, 0.1, 2, 4]
best test rse= 1.363700312433242
best test corr= 0.47721308
[Target-Weighted Loss] weights applied: {'us_Trade Weighted Dollar Index': 12.0, 'kr_fx': 12.0, 'jp_fx': 12.0}
iter:  0 | loss: 0.008
iter:  1 | loss: 0.013
iter:  2 | loss: 0.010
iter:  3 | loss: 0.015
iter:  4 | loss: 0.008
iter:  5 | loss: 0.012
iter:  6 | loss: 0.009
iter:  7 | loss: 0.009
iter:  8 | loss: 0.012
iter:  9 | loss: 0.010
iter: 10 | loss: 0.010
iter: 11 | loss: 0.008
iter: 12 | loss: 0.013
iter: 13 | loss: 0.013
iter: 14 | loss: 0.011
iter: 15 | loss: 0.008
iter: 16 | loss: 0.030
iter: 17 | loss: 0.015
iter: 18 | loss: 0.011
iter: 19 | loss: 0.010
iter: 20 | loss: 0.018
iter: 21 | loss: 0.015
iter: 22 | loss: 0.010
iter: 23 | loss: 0.011
iter: 24 | loss: 0.010
iter: 25 | loss: 0.008
iter: 26 | loss: 0.014
iter: 27 | loss: 0.010
iter: 28 | loss: 0.008
iter: 29 | loss: 0.013
iter: 30 | loss: 0.019
iter: 31 | loss: 0.012
iter: 32 | loss: 0.014
testing r= 5
rrse(target)=97.35191077349226 / 34.875950297872706 | rrse(all)=60694051298318.14 / 34622965068576.312 | report_mode=targets
| end of epoch  30 | time:  2.36s | train_loss 0.0122 | valid rse 2.7914 | valid rae 3.0453 | valid corr  0.4578 | valid smape  0.2591 | focus_rrse 2.3000 | obj 2.4474
best val loss= 5.342213638500498
best hps= [1, 0.0005, 16, 128, 256, 1024, 40, 0.1, 2, 30, 0.6, 0.1, 2, 4]
testing r= 5
rrse(target)=98.54771607576707 / 34.875950297872706 | rrse(all)=60138254160812.305 / 34622965068576.312 | report_mode=targets
testing r= 5
rrse(target)=119.168116705193 / 87.05324564957357 | rrse(all)=12300803206675.895 / 13118447315149.623 | report_mode=targets
********************************************************************************************************
final test rse 1.3689 | test rae 1.5391 | test corr 0.4767 | test smape 0.2086
********************************************************************************************************



1 run average



valid	rse	rae
mean	2.8257	3.0695
std	0.0000	0.0000



test	rse	rae
mean	1.3689	1.5391
std	0.0000	0.0000
