CUDA not available, using CPU
Loading data from /Users/samrobert/Documents/GitHub/Exchangeprediction/Cyber-trend-forecasting-main 3/B-MTGNN/data/sm_data.csv...
Data loaded and converted to numeric successfully.
Graph loaded with 1 attacks...
33 columns loaded
Adjacency created...
train X: torch.Size([131, 24, 33])
train Y: torch.Size([131, 1, 33])
valid X: torch.Size([11, 24, 33])
valid Y: torch.Size([11, 1, 33])
test X: torch.Size([11, 24, 33])
test Y: torch.Size([11, 1, 33])
test window: torch.Size([36, 33])
length of training set= 131
length of validation set= 11
length of testing set= 11
valid= 168
Auto-detected num_nodes: 33
Namespace(data='/Users/samrobert/Documents/GitHub/Exchangeprediction/Cyber-trend-forecasting-main 3/B-MTGNN/data/sm_data.csv', log_interval=2000, save='/Users/samrobert/Documents/GitHub/Exchangeprediction/Cyber-trend-forecasting-main 3/B-MTGNN/tuning_runs/20260217_120514/checkpoints/model_001.pt', optim='adam', L1Loss=True, loss_mode='mse', normalize=2, device='cuda:1', gcn_true=False, buildA_true=False, use_graph=0, gcn_depth=1, num_nodes=33, dropout=0.1, subgraph_size=40, node_dim=30, dilation_exponential=2, conv_channels=16, residual_channels=128, skip_channels=256, end_channels=1024, in_dim=1, seq_in_len=24, seq_out_len=1, horizon=1, layers=2, batch_size=4, lr=0.0002, weight_decay=1e-05, clip=10, propalpha=0.6, tanhalpha=0.1, epochs=30, num_split=1, step_size=100, ss_prob=0.2, train_ratio=0.8666666667, valid_ratio=0.0666666667, focus_targets=1, focus_nodes='us_Trade Weighted Dollar Index,jp_fx,kr_fx', focus_weight=0.7, focus_target_gain=12.0, rse_targets='Us_Trade Weighted Dollar Index_Testing.txt,Jp_fx_Testing.txt,Kr_fx_Testing.txt', rse_report_mode='targets', plot_focus_only=0, debug_eval=0, rollout_mode='teacher_forced', seed=2026, plot=0, clean_cache=0, autotune_mode=1)
The recpetive field size is 19
Number of model parameters is 611649
begin training
Experiment: 1
Iter: 0
epoch: 1
hp= [1, 0.0002, 16, 128, 256, 1024, 40, 0.1, 2, 30, 0.6, 0.1, 2, 1]
best sum= 10000000
best rrse= 10000000
best rrae= 10000000
best corr= -10000000
best smape= 10000000
best objective= 10000000
best hps= []
best test rse= 10000000
best test corr= -10000000
[Target-Weighted Loss] weights applied: {'us_Trade Weighted Dollar Index': 12.0, 'kr_fx': 12.0, 'jp_fx': 12.0}
iter:  0 | loss: 0.026
iter:  1 | loss: 0.017
iter:  2 | loss: 0.017
iter:  3 | loss: 0.013
iter:  4 | loss: 0.020
iter:  5 | loss: 0.014
iter:  6 | loss: 0.022
iter:  7 | loss: 0.016
iter:  8 | loss: 0.017
iter:  9 | loss: 0.020
iter: 10 | loss: 0.018
iter: 11 | loss: 0.033
iter: 12 | loss: 0.019
iter: 13 | loss: 0.030
iter: 14 | loss: 0.020
iter: 15 | loss: 0.026
iter: 16 | loss: 0.013
iter: 17 | loss: 0.018
iter: 18 | loss: 0.014
iter: 19 | loss: 0.016
iter: 20 | loss: 0.014
iter: 21 | loss: 0.013
iter: 22 | loss: 0.022
iter: 23 | loss: 0.018
iter: 24 | loss: 0.016
iter: 25 | loss: 0.018
iter: 26 | loss: 0.017
iter: 27 | loss: 0.022
iter: 28 | loss: 0.015
iter: 29 | loss: 0.020
iter: 30 | loss: 0.018
iter: 31 | loss: 0.018
iter: 32 | loss: 0.029
testing r= 5
rrse(target)=133.7294449742651 / 34.875950297872706 | rrse(all)=100777405504878.61 / 34622965068576.312 | report_mode=targets
| end of epoch   1 | time:  2.09s | train_loss 0.0190 | valid rse 3.8344 | valid rae 4.4469 | valid corr  0.0453 | valid smape  0.3144 | focus_rrse 3.3947 | obj 3.5266
testing r= 5
rrse(target)=168.39629598064204 / 87.05324564957357 | rrse(all)=24332998389589.19 / 13118447315149.623 | report_mode=targets
********************************************************************************************************
test rse 1.9344 | test rae 2.1248 | test corr 0.0884| test smape 0.2668 | test focus_rrse 1.5084
********************************************************************************************************
Experiment: 1
Iter: 0
epoch: 2
hp= [1, 0.0002, 16, 128, 256, 1024, 40, 0.1, 2, 30, 0.6, 0.1, 2, 2]
best sum= 8.235981358369395
best rrse= 3.8344315733934873
best rrae= 4.44685624031987
best corr= 0.045306455
best smape= 0.3143528584830583
best objective= 3.526594306422038
best hps= [1, 0.0002, 16, 128, 256, 1024, 40, 0.1, 2, 30, 0.6, 0.1, 2, 1]
best test rse= 1.9344057159971833
best test corr= 0.08840612
[Target-Weighted Loss] weights applied: {'us_Trade Weighted Dollar Index': 12.0, 'kr_fx': 12.0, 'jp_fx': 12.0}
iter:  0 | loss: 0.019
iter:  1 | loss: 0.022
iter:  2 | loss: 0.024
iter:  3 | loss: 0.023
iter:  4 | loss: 0.019
iter:  5 | loss: 0.021
iter:  6 | loss: 0.021
iter:  7 | loss: 0.013
iter:  8 | loss: 0.016
iter:  9 | loss: 0.014
iter: 10 | loss: 0.016
iter: 11 | loss: 0.014
iter: 12 | loss: 0.017
iter: 13 | loss: 0.019
iter: 14 | loss: 0.016
iter: 15 | loss: 0.021
iter: 16 | loss: 0.020
iter: 17 | loss: 0.016
iter: 18 | loss: 0.021
iter: 19 | loss: 0.019
iter: 20 | loss: 0.022
iter: 21 | loss: 0.014
iter: 22 | loss: 0.016
iter: 23 | loss: 0.018
iter: 24 | loss: 0.024
iter: 25 | loss: 0.017
iter: 26 | loss: 0.017
iter: 27 | loss: 0.019
iter: 28 | loss: 0.016
iter: 29 | loss: 0.016
iter: 30 | loss: 0.023
iter: 31 | loss: 0.031
iter: 32 | loss: 0.020
testing r= 5
rrse(target)=134.32325311771228 / 34.875950297872706 | rrse(all)=100643538929576.47 / 34622965068576.312 | report_mode=targets
| end of epoch   2 | time:  2.28s | train_loss 0.0189 | valid rse 3.8515 | valid rae 4.4603 | valid corr  0.0439 | valid smape  0.3143 | focus_rrse 3.3978 | obj 3.5339
Experiment: 1
Iter: 0
epoch: 3
hp= [1, 0.0002, 16, 128, 256, 1024, 40, 0.1, 2, 30, 0.6, 0.1, 2, 3]
best sum= 8.235981358369395
best rrse= 3.8344315733934873
best rrae= 4.44685624031987
best corr= 0.045306455
best smape= 0.3143528584830583
best objective= 3.526594306422038
best hps= [1, 0.0002, 16, 128, 256, 1024, 40, 0.1, 2, 30, 0.6, 0.1, 2, 1]
best test rse= 1.9344057159971833
best test corr= 0.08840612
[Target-Weighted Loss] weights applied: {'us_Trade Weighted Dollar Index': 12.0, 'kr_fx': 12.0, 'jp_fx': 12.0}
iter:  0 | loss: 0.016
iter:  1 | loss: 0.018
iter:  2 | loss: 0.015
iter:  3 | loss: 0.028
iter:  4 | loss: 0.014
iter:  5 | loss: 0.017
iter:  6 | loss: 0.019
iter:  7 | loss: 0.016
iter:  8 | loss: 0.014
iter:  9 | loss: 0.020
iter: 10 | loss: 0.020
iter: 11 | loss: 0.016
iter: 12 | loss: 0.017
iter: 13 | loss: 0.016
iter: 14 | loss: 0.018
iter: 15 | loss: 0.024
iter: 16 | loss: 0.011
iter: 17 | loss: 0.012
iter: 18 | loss: 0.017
iter: 19 | loss: 0.023
iter: 20 | loss: 0.034
iter: 21 | loss: 0.017
iter: 22 | loss: 0.023
iter: 23 | loss: 0.016
iter: 24 | loss: 0.025
iter: 25 | loss: 0.019
iter: 26 | loss: 0.011
iter: 27 | loss: 0.018
iter: 28 | loss: 0.017
iter: 29 | loss: 0.014
iter: 30 | loss: 0.019
iter: 31 | loss: 0.018
iter: 32 | loss: 0.047
testing r= 5
rrse(target)=135.00564224320405 / 34.875950297872706 | rrse(all)=100960342483365.05 / 34622965068576.312 | report_mode=targets
| end of epoch   3 | time:  2.14s | train_loss 0.0188 | valid rse 3.8710 | valid rae 4.4822 | valid corr  0.0395 | valid smape  0.3141 | focus_rrse 3.4030 | obj 3.5434
Experiment: 1
Iter: 0
epoch: 4
hp= [1, 0.0002, 16, 128, 256, 1024, 40, 0.1, 2, 30, 0.6, 0.1, 2, 4]
best sum= 8.235981358369395
best rrse= 3.8344315733934873
best rrae= 4.44685624031987
best corr= 0.045306455
best smape= 0.3143528584830583
best objective= 3.526594306422038
best hps= [1, 0.0002, 16, 128, 256, 1024, 40, 0.1, 2, 30, 0.6, 0.1, 2, 1]
best test rse= 1.9344057159971833
best test corr= 0.08840612
[Target-Weighted Loss] weights applied: {'us_Trade Weighted Dollar Index': 12.0, 'kr_fx': 12.0, 'jp_fx': 12.0}
iter:  0 | loss: 0.016
iter:  1 | loss: 0.015
iter:  2 | loss: 0.018
iter:  3 | loss: 0.016
iter:  4 | loss: 0.022
iter:  5 | loss: 0.020
iter:  6 | loss: 0.015
iter:  7 | loss: 0.018
iter:  8 | loss: 0.014
iter:  9 | loss: 0.016
iter: 10 | loss: 0.015
iter: 11 | loss: 0.023
iter: 12 | loss: 0.016
iter: 13 | loss: 0.018
iter: 14 | loss: 0.015
iter: 15 | loss: 0.019
iter: 16 | loss: 0.024
iter: 17 | loss: 0.017
iter: 18 | loss: 0.025
iter: 19 | loss: 0.016
iter: 20 | loss: 0.029
iter: 21 | loss: 0.024
iter: 22 | loss: 0.017
iter: 23 | loss: 0.020
iter: 24 | loss: 0.015
iter: 25 | loss: 0.017
iter: 26 | loss: 0.019
iter: 27 | loss: 0.016
iter: 28 | loss: 0.018
iter: 29 | loss: 0.017
iter: 30 | loss: 0.016
iter: 31 | loss: 0.032
iter: 32 | loss: 0.028
testing r= 5
rrse(target)=134.82453150994073 / 34.875950297872706 | rrse(all)=100997936310952.4 / 34622965068576.312 | report_mode=targets
| end of epoch   4 | time:  3.00s | train_loss 0.0189 | valid rse 3.8658 | valid rae 4.4788 | valid corr  0.0451 | valid smape  0.3146 | focus_rrse 3.4118 | obj 3.5480
Experiment: 1
Iter: 0
epoch: 5
hp= [1, 0.0002, 16, 128, 256, 1024, 40, 0.1, 2, 30, 0.6, 0.1, 2, 5]
best sum= 8.235981358369395
best rrse= 3.8344315733934873
best rrae= 4.44685624031987
best corr= 0.045306455
best smape= 0.3143528584830583
best objective= 3.526594306422038
best hps= [1, 0.0002, 16, 128, 256, 1024, 40, 0.1, 2, 30, 0.6, 0.1, 2, 1]
best test rse= 1.9344057159971833
best test corr= 0.08840612
[Target-Weighted Loss] weights applied: {'us_Trade Weighted Dollar Index': 12.0, 'kr_fx': 12.0, 'jp_fx': 12.0}
iter:  0 | loss: 0.018
iter:  1 | loss: 0.014
iter:  2 | loss: 0.015
iter:  3 | loss: 0.017
iter:  4 | loss: 0.022
iter:  5 | loss: 0.018
iter:  6 | loss: 0.018
iter:  7 | loss: 0.017
iter:  8 | loss: 0.018
iter:  9 | loss: 0.020
iter: 10 | loss: 0.015
iter: 11 | loss: 0.019
iter: 12 | loss: 0.022
iter: 13 | loss: 0.021
iter: 14 | loss: 0.016
iter: 15 | loss: 0.014
iter: 16 | loss: 0.018
iter: 17 | loss: 0.017
iter: 18 | loss: 0.018
iter: 19 | loss: 0.023
iter: 20 | loss: 0.029
iter: 21 | loss: 0.023
iter: 22 | loss: 0.036
iter: 23 | loss: 0.020
iter: 24 | loss: 0.015
iter: 25 | loss: 0.021
iter: 26 | loss: 0.020
iter: 27 | loss: 0.016
iter: 28 | loss: 0.016
iter: 29 | loss: 0.016
iter: 30 | loss: 0.018
iter: 31 | loss: 0.012
iter: 32 | loss: 0.024
testing r= 5
rrse(target)=134.9195000152869 / 34.875950297872706 | rrse(all)=100645497891711.45 / 34622965068576.312 | report_mode=targets
| end of epoch   5 | time:  2.37s | train_loss 0.0189 | valid rse 3.8686 | valid rae 4.4838 | valid corr  0.0462 | valid smape  0.3145 | focus_rrse 3.4015 | obj 3.5416
Experiment: 1
Iter: 0
epoch: 6
hp= [1, 0.0002, 16, 128, 256, 1024, 40, 0.1, 2, 30, 0.6, 0.1, 2, 6]
best sum= 8.235981358369395
best rrse= 3.8344315733934873
best rrae= 4.44685624031987
best corr= 0.045306455
best smape= 0.3143528584830583
best objective= 3.526594306422038
best hps= [1, 0.0002, 16, 128, 256, 1024, 40, 0.1, 2, 30, 0.6, 0.1, 2, 1]
best test rse= 1.9344057159971833
best test corr= 0.08840612
[Target-Weighted Loss] weights applied: {'us_Trade Weighted Dollar Index': 12.0, 'kr_fx': 12.0, 'jp_fx': 12.0}
iter:  0 | loss: 0.017
iter:  1 | loss: 0.024
iter:  2 | loss: 0.024
iter:  3 | loss: 0.012
iter:  4 | loss: 0.017
iter:  5 | loss: 0.022
iter:  6 | loss: 0.017
iter:  7 | loss: 0.013
iter:  8 | loss: 0.018
iter:  9 | loss: 0.020
iter: 10 | loss: 0.019
iter: 11 | loss: 0.020
iter: 12 | loss: 0.021
iter: 13 | loss: 0.018
iter: 14 | loss: 0.019
iter: 15 | loss: 0.026
iter: 16 | loss: 0.018
iter: 17 | loss: 0.021
iter: 18 | loss: 0.018
iter: 19 | loss: 0.018
iter: 20 | loss: 0.025
iter: 21 | loss: 0.019
iter: 22 | loss: 0.017
iter: 23 | loss: 0.020
iter: 24 | loss: 0.014
iter: 25 | loss: 0.020
iter: 26 | loss: 0.017
iter: 27 | loss: 0.020
iter: 28 | loss: 0.023
iter: 29 | loss: 0.015
iter: 30 | loss: 0.018
iter: 31 | loss: 0.014
iter: 32 | loss: 0.021
testing r= 5
rrse(target)=135.74093547084462 / 34.875950297872706 | rrse(all)=100638447795772.33 / 34622965068576.312 | report_mode=targets
| end of epoch   6 | time:  2.09s | train_loss 0.0189 | valid rse 3.8921 | valid rae 4.5114 | valid corr  0.0510 | valid smape  0.3142 | focus_rrse 3.4155 | obj 3.5585
Experiment: 1
Iter: 0
epoch: 7
hp= [1, 0.0002, 16, 128, 256, 1024, 40, 0.1, 2, 30, 0.6, 0.1, 2, 7]
best sum= 8.235981358369395
best rrse= 3.8344315733934873
best rrae= 4.44685624031987
best corr= 0.045306455
best smape= 0.3143528584830583
best objective= 3.526594306422038
best hps= [1, 0.0002, 16, 128, 256, 1024, 40, 0.1, 2, 30, 0.6, 0.1, 2, 1]
best test rse= 1.9344057159971833
best test corr= 0.08840612
[Target-Weighted Loss] weights applied: {'us_Trade Weighted Dollar Index': 12.0, 'kr_fx': 12.0, 'jp_fx': 12.0}
iter:  0 | loss: 0.018
iter:  1 | loss: 0.020
iter:  2 | loss: 0.016
iter:  3 | loss: 0.016
iter:  4 | loss: 0.012
iter:  5 | loss: 0.018
iter:  6 | loss: 0.027
iter:  7 | loss: 0.016
iter:  8 | loss: 0.018
iter:  9 | loss: 0.017
iter: 10 | loss: 0.018
iter: 11 | loss: 0.015
iter: 12 | loss: 0.018
iter: 13 | loss: 0.019
iter: 14 | loss: 0.016
iter: 15 | loss: 0.030
iter: 16 | loss: 0.021
iter: 17 | loss: 0.013
iter: 18 | loss: 0.026
iter: 19 | loss: 0.015
iter: 20 | loss: 0.030
iter: 21 | loss: 0.020
iter: 22 | loss: 0.018
iter: 23 | loss: 0.022
iter: 24 | loss: 0.012
iter: 25 | loss: 0.018
iter: 26 | loss: 0.014
iter: 27 | loss: 0.017
iter: 28 | loss: 0.017
iter: 29 | loss: 0.025
iter: 30 | loss: 0.015
iter: 31 | loss: 0.018
iter: 32 | loss: 0.028
testing r= 5
rrse(target)=134.5142592348484 / 34.875950297872706 | rrse(all)=101166168369078.92 / 34622965068576.312 | report_mode=targets
| end of epoch   7 | time:  2.08s | train_loss 0.0188 | valid rse 3.8569 | valid rae 4.4629 | valid corr  0.0386 | valid smape  0.3144 | focus_rrse 3.4009 | obj 3.5377
Experiment: 1
Iter: 0
epoch: 8
hp= [1, 0.0002, 16, 128, 256, 1024, 40, 0.1, 2, 30, 0.6, 0.1, 2, 8]
best sum= 8.235981358369395
best rrse= 3.8344315733934873
best rrae= 4.44685624031987
best corr= 0.045306455
best smape= 0.3143528584830583
best objective= 3.526594306422038
best hps= [1, 0.0002, 16, 128, 256, 1024, 40, 0.1, 2, 30, 0.6, 0.1, 2, 1]
best test rse= 1.9344057159971833
best test corr= 0.08840612
[Target-Weighted Loss] weights applied: {'us_Trade Weighted Dollar Index': 12.0, 'kr_fx': 12.0, 'jp_fx': 12.0}
iter:  0 | loss: 0.015
iter:  1 | loss: 0.017
iter:  2 | loss: 0.011
iter:  3 | loss: 0.021
iter:  4 | loss: 0.026
iter:  5 | loss: 0.014
iter:  6 | loss: 0.019
iter:  7 | loss: 0.016
iter:  8 | loss: 0.016
iter:  9 | loss: 0.014
iter: 10 | loss: 0.018
iter: 11 | loss: 0.021
iter: 12 | loss: 0.026
iter: 13 | loss: 0.023
iter: 14 | loss: 0.017
iter: 15 | loss: 0.018
iter: 16 | loss: 0.016
iter: 17 | loss: 0.022
iter: 18 | loss: 0.018
iter: 19 | loss: 0.014
iter: 20 | loss: 0.019
iter: 21 | loss: 0.018
iter: 22 | loss: 0.019
iter: 23 | loss: 0.017
iter: 24 | loss: 0.017
iter: 25 | loss: 0.030
iter: 26 | loss: 0.017
iter: 27 | loss: 0.025
iter: 28 | loss: 0.020
iter: 29 | loss: 0.018
iter: 30 | loss: 0.023
iter: 31 | loss: 0.020
iter: 32 | loss: 0.022
testing r= 5
rrse(target)=134.80038772663082 / 34.875950297872706 | rrse(all)=100705943046517.72 / 34622965068576.312 | report_mode=targets
| end of epoch   8 | time:  2.18s | train_loss 0.0190 | valid rse 3.8651 | valid rae 4.4819 | valid corr  0.0428 | valid smape  0.3144 | focus_rrse 3.4085 | obj 3.5455
Experiment: 1
Iter: 0
epoch: 9
hp= [1, 0.0002, 16, 128, 256, 1024, 40, 0.1, 2, 30, 0.6, 0.1, 2, 9]
best sum= 8.235981358369395
best rrse= 3.8344315733934873
best rrae= 4.44685624031987
best corr= 0.045306455
best smape= 0.3143528584830583
best objective= 3.526594306422038
best hps= [1, 0.0002, 16, 128, 256, 1024, 40, 0.1, 2, 30, 0.6, 0.1, 2, 1]
best test rse= 1.9344057159971833
best test corr= 0.08840612
[Target-Weighted Loss] weights applied: {'us_Trade Weighted Dollar Index': 12.0, 'kr_fx': 12.0, 'jp_fx': 12.0}
iter:  0 | loss: 0.015
iter:  1 | loss: 0.020
iter:  2 | loss: 0.016
iter:  3 | loss: 0.016
iter:  4 | loss: 0.019
iter:  5 | loss: 0.024
iter:  6 | loss: 0.011
iter:  7 | loss: 0.020
iter:  8 | loss: 0.016
iter:  9 | loss: 0.013
iter: 10 | loss: 0.016
iter: 11 | loss: 0.030
iter: 12 | loss: 0.015
iter: 13 | loss: 0.019
iter: 14 | loss: 0.018
iter: 15 | loss: 0.022
iter: 16 | loss: 0.015
iter: 17 | loss: 0.017
iter: 18 | loss: 0.017
iter: 19 | loss: 0.015
iter: 20 | loss: 0.022
iter: 21 | loss: 0.026
iter: 22 | loss: 0.019
iter: 23 | loss: 0.014
iter: 24 | loss: 0.028
iter: 25 | loss: 0.021
iter: 26 | loss: 0.017
iter: 27 | loss: 0.018
iter: 28 | loss: 0.017
iter: 29 | loss: 0.016
iter: 30 | loss: 0.024
iter: 31 | loss: 0.022
iter: 32 | loss: 0.019
testing r= 5
rrse(target)=134.24910526936483 / 34.875950297872706 | rrse(all)=101009671651013.69 / 34622965068576.312 | report_mode=targets
| end of epoch   9 | time:  2.25s | train_loss 0.0187 | valid rse 3.8493 | valid rae 4.4639 | valid corr  0.0467 | valid smape  0.3145 | focus_rrse 3.3969 | obj 3.5327
Experiment: 1
Iter: 0
epoch: 10
hp= [1, 0.0002, 16, 128, 256, 1024, 40, 0.1, 2, 30, 0.6, 0.1, 2, 10]
best sum= 8.235981358369395
best rrse= 3.8344315733934873
best rrae= 4.44685624031987
best corr= 0.045306455
best smape= 0.3143528584830583
best objective= 3.526594306422038
best hps= [1, 0.0002, 16, 128, 256, 1024, 40, 0.1, 2, 30, 0.6, 0.1, 2, 1]
best test rse= 1.9344057159971833
best test corr= 0.08840612
[Target-Weighted Loss] weights applied: {'us_Trade Weighted Dollar Index': 12.0, 'kr_fx': 12.0, 'jp_fx': 12.0}
iter:  0 | loss: 0.019
iter:  1 | loss: 0.016
iter:  2 | loss: 0.014
iter:  3 | loss: 0.017
iter:  4 | loss: 0.016
iter:  5 | loss: 0.032
iter:  6 | loss: 0.018
iter:  7 | loss: 0.029
iter:  8 | loss: 0.017
iter:  9 | loss: 0.015
iter: 10 | loss: 0.020
iter: 11 | loss: 0.018
iter: 12 | loss: 0.016
iter: 13 | loss: 0.017
iter: 14 | loss: 0.018
iter: 15 | loss: 0.016
iter: 16 | loss: 0.012
iter: 17 | loss: 0.023
iter: 18 | loss: 0.028
iter: 19 | loss: 0.015
iter: 20 | loss: 0.016
iter: 21 | loss: 0.018
iter: 22 | loss: 0.019
iter: 23 | loss: 0.014
iter: 24 | loss: 0.020
iter: 25 | loss: 0.016
iter: 26 | loss: 0.021
iter: 27 | loss: 0.014
iter: 28 | loss: 0.017
iter: 29 | loss: 0.025
iter: 30 | loss: 0.020
iter: 31 | loss: 0.022
iter: 32 | loss: 0.030
testing r= 5
rrse(target)=135.14391200910606 / 34.875950297872706 | rrse(all)=101030719378134.8 / 34622965068576.312 | report_mode=targets
| end of epoch  10 | time:  2.16s | train_loss 0.0190 | valid rse 3.8750 | valid rae 4.4837 | valid corr  0.0457 | valid smape  0.3143 | focus_rrse 3.4066 | obj 3.5471
Experiment: 1
Iter: 0
epoch: 11
hp= [1, 0.0002, 16, 128, 256, 1024, 40, 0.1, 2, 30, 0.6, 0.1, 2, 11]
best sum= 8.235981358369395
best rrse= 3.8344315733934873
best rrae= 4.44685624031987
best corr= 0.045306455
best smape= 0.3143528584830583
best objective= 3.526594306422038
best hps= [1, 0.0002, 16, 128, 256, 1024, 40, 0.1, 2, 30, 0.6, 0.1, 2, 1]
best test rse= 1.9344057159971833
best test corr= 0.08840612
[Target-Weighted Loss] weights applied: {'us_Trade Weighted Dollar Index': 12.0, 'kr_fx': 12.0, 'jp_fx': 12.0}
iter:  0 | loss: 0.016
iter:  1 | loss: 0.028
iter:  2 | loss: 0.015
iter:  3 | loss: 0.021
iter:  4 | loss: 0.015
iter:  5 | loss: 0.017
iter:  6 | loss: 0.011
iter:  7 | loss: 0.021
iter:  8 | loss: 0.014
iter:  9 | loss: 0.013
iter: 10 | loss: 0.016
iter: 11 | loss: 0.025
iter: 12 | loss: 0.023
iter: 13 | loss: 0.016
iter: 14 | loss: 0.015
iter: 15 | loss: 0.016
iter: 16 | loss: 0.019
iter: 17 | loss: 0.014
iter: 18 | loss: 0.022
iter: 19 | loss: 0.030
iter: 20 | loss: 0.019
iter: 21 | loss: 0.028
iter: 22 | loss: 0.016
iter: 23 | loss: 0.024
iter: 24 | loss: 0.017
iter: 25 | loss: 0.015
iter: 26 | loss: 0.017
iter: 27 | loss: 0.015
iter: 28 | loss: 0.013
iter: 29 | loss: 0.023
iter: 30 | loss: 0.020
iter: 31 | loss: 0.020
iter: 32 | loss: 0.018
testing r= 5
rrse(target)=135.42760692986494 / 34.875950297872706 | rrse(all)=101036988439246.61 / 34622965068576.312 | report_mode=targets
| end of epoch  11 | time:  2.06s | train_loss 0.0187 | valid rse 3.8831 | valid rae 4.4979 | valid corr  0.0385 | valid smape  0.3142 | focus_rrse 3.4108 | obj 3.5525
Experiment: 1
Iter: 0
epoch: 12
hp= [1, 0.0002, 16, 128, 256, 1024, 40, 0.1, 2, 30, 0.6, 0.1, 2, 12]
best sum= 8.235981358369395
best rrse= 3.8344315733934873
best rrae= 4.44685624031987
best corr= 0.045306455
best smape= 0.3143528584830583
best objective= 3.526594306422038
best hps= [1, 0.0002, 16, 128, 256, 1024, 40, 0.1, 2, 30, 0.6, 0.1, 2, 1]
best test rse= 1.9344057159971833
best test corr= 0.08840612
[Target-Weighted Loss] weights applied: {'us_Trade Weighted Dollar Index': 12.0, 'kr_fx': 12.0, 'jp_fx': 12.0}
iter:  0 | loss: 0.020
iter:  1 | loss: 0.020
iter:  2 | loss: 0.018
iter:  3 | loss: 0.018
iter:  4 | loss: 0.015
iter:  5 | loss: 0.022
iter:  6 | loss: 0.014
iter:  7 | loss: 0.020
iter:  8 | loss: 0.020
iter:  9 | loss: 0.018
iter: 10 | loss: 0.017
iter: 11 | loss: 0.019
iter: 12 | loss: 0.025
iter: 13 | loss: 0.025
iter: 14 | loss: 0.022
iter: 15 | loss: 0.022
iter: 16 | loss: 0.011
iter: 17 | loss: 0.020
iter: 18 | loss: 0.016
iter: 19 | loss: 0.025
iter: 20 | loss: 0.016
iter: 21 | loss: 0.013
iter: 22 | loss: 0.014
iter: 23 | loss: 0.017
iter: 24 | loss: 0.022
iter: 25 | loss: 0.017
iter: 26 | loss: 0.013
iter: 27 | loss: 0.016
iter: 28 | loss: 0.013
iter: 29 | loss: 0.028
iter: 30 | loss: 0.015
iter: 31 | loss: 0.016
iter: 32 | loss: 0.048
testing r= 5
rrse(target)=134.4657106616776 / 34.875950297872706 | rrse(all)=101084756077000.45 / 34622965068576.312 | report_mode=targets
| end of epoch  12 | time:  2.17s | train_loss 0.0191 | valid rse 3.8555 | valid rae 4.4718 | valid corr  0.0362 | valid smape  0.3144 | focus_rrse 3.4107 | obj 3.5442
Experiment: 1
Iter: 0
epoch: 13
hp= [1, 0.0002, 16, 128, 256, 1024, 40, 0.1, 2, 30, 0.6, 0.1, 2, 13]
best sum= 8.235981358369395
best rrse= 3.8344315733934873
best rrae= 4.44685624031987
best corr= 0.045306455
best smape= 0.3143528584830583
best objective= 3.526594306422038
best hps= [1, 0.0002, 16, 128, 256, 1024, 40, 0.1, 2, 30, 0.6, 0.1, 2, 1]
best test rse= 1.9344057159971833
best test corr= 0.08840612
[Target-Weighted Loss] weights applied: {'us_Trade Weighted Dollar Index': 12.0, 'kr_fx': 12.0, 'jp_fx': 12.0}
iter:  0 | loss: 0.037
iter:  1 | loss: 0.015
iter:  2 | loss: 0.012
iter:  3 | loss: 0.015
iter:  4 | loss: 0.030
iter:  5 | loss: 0.014
iter:  6 | loss: 0.015
iter:  7 | loss: 0.011
iter:  8 | loss: 0.018
iter:  9 | loss: 0.027
iter: 10 | loss: 0.018
iter: 11 | loss: 0.018
iter: 12 | loss: 0.015
iter: 13 | loss: 0.020
iter: 14 | loss: 0.017
iter: 15 | loss: 0.016
iter: 16 | loss: 0.029
iter: 17 | loss: 0.016
iter: 18 | loss: 0.016
iter: 19 | loss: 0.031
iter: 20 | loss: 0.017
iter: 21 | loss: 0.017
iter: 22 | loss: 0.016
iter: 23 | loss: 0.018
iter: 24 | loss: 0.020
iter: 25 | loss: 0.018
iter: 26 | loss: 0.015
iter: 27 | loss: 0.019
iter: 28 | loss: 0.019
iter: 29 | loss: 0.017
iter: 30 | loss: 0.020
iter: 31 | loss: 0.022
iter: 32 | loss: 0.020
testing r= 5
rrse(target)=135.26306111841842 / 34.875950297872706 | rrse(all)=100866006926471.8 / 34622965068576.312 | report_mode=targets
| end of epoch  13 | time:  2.26s | train_loss 0.0190 | valid rse 3.8784 | valid rae 4.4888 | valid corr  0.0522 | valid smape  0.3144 | focus_rrse 3.3978 | obj 3.5420
Experiment: 1
Iter: 0
epoch: 14
hp= [1, 0.0002, 16, 128, 256, 1024, 40, 0.1, 2, 30, 0.6, 0.1, 2, 14]
best sum= 8.235981358369395
best rrse= 3.8344315733934873
best rrae= 4.44685624031987
best corr= 0.045306455
best smape= 0.3143528584830583
best objective= 3.526594306422038
best hps= [1, 0.0002, 16, 128, 256, 1024, 40, 0.1, 2, 30, 0.6, 0.1, 2, 1]
best test rse= 1.9344057159971833
best test corr= 0.08840612
[Target-Weighted Loss] weights applied: {'us_Trade Weighted Dollar Index': 12.0, 'kr_fx': 12.0, 'jp_fx': 12.0}
iter:  0 | loss: 0.021
iter:  1 | loss: 0.014
iter:  2 | loss: 0.012
iter:  3 | loss: 0.026
iter:  4 | loss: 0.019
iter:  5 | loss: 0.023
iter:  6 | loss: 0.017
iter:  7 | loss: 0.022
iter:  8 | loss: 0.017
iter:  9 | loss: 0.021
iter: 10 | loss: 0.017
iter: 11 | loss: 0.029
iter: 12 | loss: 0.016
iter: 13 | loss: 0.017
iter: 14 | loss: 0.014
iter: 15 | loss: 0.027
iter: 16 | loss: 0.020
iter: 17 | loss: 0.018
iter: 18 | loss: 0.013
iter: 19 | loss: 0.011
iter: 20 | loss: 0.020
iter: 21 | loss: 0.019
iter: 22 | loss: 0.020
iter: 23 | loss: 0.016
iter: 24 | loss: 0.015
iter: 25 | loss: 0.015
iter: 26 | loss: 0.021
iter: 27 | loss: 0.016
iter: 28 | loss: 0.017
iter: 29 | loss: 0.030
iter: 30 | loss: 0.016
iter: 31 | loss: 0.017
iter: 32 | loss: 0.031
testing r= 5
rrse(target)=135.80776136464 / 34.875950297872706 | rrse(all)=101015830990067.27 / 34622965068576.312 | report_mode=targets
| end of epoch  14 | time:  2.14s | train_loss 0.0189 | valid rse 3.8940 | valid rae 4.5130 | valid corr  0.0428 | valid smape  0.3141 | focus_rrse 3.4257 | obj 3.5662
Experiment: 1
Iter: 0
epoch: 15
hp= [1, 0.0002, 16, 128, 256, 1024, 40, 0.1, 2, 30, 0.6, 0.1, 2, 15]
best sum= 8.235981358369395
best rrse= 3.8344315733934873
best rrae= 4.44685624031987
best corr= 0.045306455
best smape= 0.3143528584830583
best objective= 3.526594306422038
best hps= [1, 0.0002, 16, 128, 256, 1024, 40, 0.1, 2, 30, 0.6, 0.1, 2, 1]
best test rse= 1.9344057159971833
best test corr= 0.08840612
[Target-Weighted Loss] weights applied: {'us_Trade Weighted Dollar Index': 12.0, 'kr_fx': 12.0, 'jp_fx': 12.0}
iter:  0 | loss: 0.019
iter:  1 | loss: 0.025
iter:  2 | loss: 0.018
iter:  3 | loss: 0.018
iter:  4 | loss: 0.024
iter:  5 | loss: 0.019
iter:  6 | loss: 0.017
iter:  7 | loss: 0.014
iter:  8 | loss: 0.017
iter:  9 | loss: 0.015
iter: 10 | loss: 0.034
iter: 11 | loss: 0.017
iter: 12 | loss: 0.015
iter: 13 | loss: 0.018
iter: 14 | loss: 0.013
iter: 15 | loss: 0.019
iter: 16 | loss: 0.013
iter: 17 | loss: 0.015
iter: 18 | loss: 0.017
iter: 19 | loss: 0.020
iter: 20 | loss: 0.017
iter: 21 | loss: 0.022
iter: 22 | loss: 0.014
iter: 23 | loss: 0.015
iter: 24 | loss: 0.020
iter: 25 | loss: 0.019
iter: 26 | loss: 0.028
iter: 27 | loss: 0.026
iter: 28 | loss: 0.016
iter: 29 | loss: 0.018
iter: 30 | loss: 0.024
iter: 31 | loss: 0.016
iter: 32 | loss: 0.020
testing r= 5
rrse(target)=134.76908057163928 / 34.875950297872706 | rrse(all)=100984007591494.55 / 34622965068576.312 | report_mode=targets
| end of epoch  15 | time:  2.45s | train_loss 0.0188 | valid rse 3.8642 | valid rae 4.4817 | valid corr  0.0486 | valid smape  0.3142 | focus_rrse 3.4053 | obj 3.5430
Experiment: 1
Iter: 0
epoch: 16
hp= [1, 0.0002, 16, 128, 256, 1024, 40, 0.1, 2, 30, 0.6, 0.1, 2, 16]
best sum= 8.235981358369395
best rrse= 3.8344315733934873
best rrae= 4.44685624031987
best corr= 0.045306455
best smape= 0.3143528584830583
best objective= 3.526594306422038
best hps= [1, 0.0002, 16, 128, 256, 1024, 40, 0.1, 2, 30, 0.6, 0.1, 2, 1]
best test rse= 1.9344057159971833
best test corr= 0.08840612
[Target-Weighted Loss] weights applied: {'us_Trade Weighted Dollar Index': 12.0, 'kr_fx': 12.0, 'jp_fx': 12.0}
iter:  0 | loss: 0.017
iter:  1 | loss: 0.017
iter:  2 | loss: 0.017
iter:  3 | loss: 0.016
iter:  4 | loss: 0.019
iter:  5 | loss: 0.023
iter:  6 | loss: 0.020
iter:  7 | loss: 0.017
iter:  8 | loss: 0.017
iter:  9 | loss: 0.023
iter: 10 | loss: 0.016
iter: 11 | loss: 0.031
iter: 12 | loss: 0.016
iter: 13 | loss: 0.019
iter: 14 | loss: 0.018
iter: 15 | loss: 0.025
iter: 16 | loss: 0.015
iter: 17 | loss: 0.016
iter: 18 | loss: 0.013
iter: 19 | loss: 0.015
iter: 20 | loss: 0.013
iter: 21 | loss: 0.028
iter: 22 | loss: 0.025
iter: 23 | loss: 0.022
iter: 24 | loss: 0.016
iter: 25 | loss: 0.022
iter: 26 | loss: 0.018
iter: 27 | loss: 0.019
iter: 28 | loss: 0.015
iter: 29 | loss: 0.013
iter: 30 | loss: 0.019
iter: 31 | loss: 0.017
iter: 32 | loss: 0.030
testing r= 5
rrse(target)=134.6022859784521 / 34.875950297872706 | rrse(all)=100936408658396.25 / 34622965068576.312 | report_mode=targets
| end of epoch  16 | time:  2.09s | train_loss 0.0189 | valid rse 3.8595 | valid rae 4.4719 | valid corr  0.0421 | valid smape  0.3146 | focus_rrse 3.4020 | obj 3.5392
Experiment: 1
Iter: 0
epoch: 17
hp= [1, 0.0002, 16, 128, 256, 1024, 40, 0.1, 2, 30, 0.6, 0.1, 2, 17]
best sum= 8.235981358369395
best rrse= 3.8344315733934873
best rrae= 4.44685624031987
best corr= 0.045306455
best smape= 0.3143528584830583
best objective= 3.526594306422038
best hps= [1, 0.0002, 16, 128, 256, 1024, 40, 0.1, 2, 30, 0.6, 0.1, 2, 1]
best test rse= 1.9344057159971833
best test corr= 0.08840612
[Target-Weighted Loss] weights applied: {'us_Trade Weighted Dollar Index': 12.0, 'kr_fx': 12.0, 'jp_fx': 12.0}
iter:  0 | loss: 0.016
iter:  1 | loss: 0.024
iter:  2 | loss: 0.019
iter:  3 | loss: 0.016
iter:  4 | loss: 0.020
iter:  5 | loss: 0.020
iter:  6 | loss: 0.017
iter:  7 | loss: 0.017
iter:  8 | loss: 0.026
iter:  9 | loss: 0.025
iter: 10 | loss: 0.017
iter: 11 | loss: 0.019
iter: 12 | loss: 0.018
iter: 13 | loss: 0.010
iter: 14 | loss: 0.019
iter: 15 | loss: 0.012
iter: 16 | loss: 0.018
iter: 17 | loss: 0.024
iter: 18 | loss: 0.027
iter: 19 | loss: 0.023
iter: 20 | loss: 0.020
iter: 21 | loss: 0.015
iter: 22 | loss: 0.020
iter: 23 | loss: 0.014
iter: 24 | loss: 0.014
iter: 25 | loss: 0.019
iter: 26 | loss: 0.017
iter: 27 | loss: 0.012
iter: 28 | loss: 0.027
iter: 29 | loss: 0.017
iter: 30 | loss: 0.026
iter: 31 | loss: 0.023
iter: 32 | loss: 0.015
testing r= 5
rrse(target)=134.92496467944693 / 34.875950297872706 | rrse(all)=100663713240891.53 / 34622965068576.312 | report_mode=targets
| end of epoch  17 | time:  2.32s | train_loss 0.0189 | valid rse 3.8687 | valid rae 4.4864 | valid corr  0.0420 | valid smape  0.3144 | focus_rrse 3.4151 | obj 3.5512
Experiment: 1
Iter: 0
epoch: 18
hp= [1, 0.0002, 16, 128, 256, 1024, 40, 0.1, 2, 30, 0.6, 0.1, 2, 18]
best sum= 8.235981358369395
best rrse= 3.8344315733934873
best rrae= 4.44685624031987
best corr= 0.045306455
best smape= 0.3143528584830583
best objective= 3.526594306422038
best hps= [1, 0.0002, 16, 128, 256, 1024, 40, 0.1, 2, 30, 0.6, 0.1, 2, 1]
best test rse= 1.9344057159971833
best test corr= 0.08840612
[Target-Weighted Loss] weights applied: {'us_Trade Weighted Dollar Index': 12.0, 'kr_fx': 12.0, 'jp_fx': 12.0}
iter:  0 | loss: 0.017
iter:  1 | loss: 0.016
iter:  2 | loss: 0.027
iter:  3 | loss: 0.023
iter:  4 | loss: 0.018
iter:  5 | loss: 0.023
iter:  6 | loss: 0.021
iter:  7 | loss: 0.013
iter:  8 | loss: 0.023
iter:  9 | loss: 0.015
iter: 10 | loss: 0.023
iter: 11 | loss: 0.020
iter: 12 | loss: 0.012
iter: 13 | loss: 0.015
iter: 14 | loss: 0.016
iter: 15 | loss: 0.018
iter: 16 | loss: 0.020
iter: 17 | loss: 0.015
iter: 18 | loss: 0.013
iter: 19 | loss: 0.025
iter: 20 | loss: 0.026
iter: 21 | loss: 0.014
iter: 22 | loss: 0.018
iter: 23 | loss: 0.014
iter: 24 | loss: 0.014
iter: 25 | loss: 0.017
iter: 26 | loss: 0.014
iter: 27 | loss: 0.029
iter: 28 | loss: 0.021
iter: 29 | loss: 0.020
iter: 30 | loss: 0.013
iter: 31 | loss: 0.029
iter: 32 | loss: 0.022
testing r= 5
rrse(target)=134.3236093590773 / 34.875950297872706 | rrse(all)=101428917563322.9 / 34622965068576.312 | report_mode=targets
| end of epoch  18 | time:  3.28s | train_loss 0.0189 | valid rse 3.8515 | valid rae 4.4724 | valid corr  0.0445 | valid smape  0.3142 | focus_rrse 3.4028 | obj 3.5374
Experiment: 1
Iter: 0
epoch: 19
hp= [1, 0.0002, 16, 128, 256, 1024, 40, 0.1, 2, 30, 0.6, 0.1, 2, 19]
best sum= 8.235981358369395
best rrse= 3.8344315733934873
best rrae= 4.44685624031987
best corr= 0.045306455
best smape= 0.3143528584830583
best objective= 3.526594306422038
best hps= [1, 0.0002, 16, 128, 256, 1024, 40, 0.1, 2, 30, 0.6, 0.1, 2, 1]
best test rse= 1.9344057159971833
best test corr= 0.08840612
[Target-Weighted Loss] weights applied: {'us_Trade Weighted Dollar Index': 12.0, 'kr_fx': 12.0, 'jp_fx': 12.0}
iter:  0 | loss: 0.026
iter:  1 | loss: 0.019
iter:  2 | loss: 0.015
iter:  3 | loss: 0.017
iter:  4 | loss: 0.024
iter:  5 | loss: 0.014
iter:  6 | loss: 0.017
iter:  7 | loss: 0.023
iter:  8 | loss: 0.018
iter:  9 | loss: 0.016
iter: 10 | loss: 0.011
iter: 11 | loss: 0.027
iter: 12 | loss: 0.016
iter: 13 | loss: 0.034
iter: 14 | loss: 0.023
iter: 15 | loss: 0.020
iter: 16 | loss: 0.017
iter: 17 | loss: 0.017
iter: 18 | loss: 0.018
iter: 19 | loss: 0.017
iter: 20 | loss: 0.019
iter: 21 | loss: 0.021
iter: 22 | loss: 0.015
iter: 23 | loss: 0.016
iter: 24 | loss: 0.014
iter: 25 | loss: 0.020
iter: 26 | loss: 0.019
iter: 27 | loss: 0.015
iter: 28 | loss: 0.015
iter: 29 | loss: 0.020
iter: 30 | loss: 0.019
iter: 31 | loss: 0.020
iter: 32 | loss: 0.020
testing r= 5
rrse(target)=135.19509918539947 / 34.875950297872706 | rrse(all)=100692366715133.31 / 34622965068576.312 | report_mode=targets
| end of epoch  19 | time:  3.15s | train_loss 0.0189 | valid rse 3.8765 | valid rae 4.4919 | valid corr  0.0459 | valid smape  0.3141 | focus_rrse 3.4211 | obj 3.5577
Experiment: 1
Iter: 0
epoch: 20
hp= [1, 0.0002, 16, 128, 256, 1024, 40, 0.1, 2, 30, 0.6, 0.1, 2, 20]
best sum= 8.235981358369395
best rrse= 3.8344315733934873
best rrae= 4.44685624031987
best corr= 0.045306455
best smape= 0.3143528584830583
best objective= 3.526594306422038
best hps= [1, 0.0002, 16, 128, 256, 1024, 40, 0.1, 2, 30, 0.6, 0.1, 2, 1]
best test rse= 1.9344057159971833
best test corr= 0.08840612
[Target-Weighted Loss] weights applied: {'us_Trade Weighted Dollar Index': 12.0, 'kr_fx': 12.0, 'jp_fx': 12.0}
iter:  0 | loss: 0.024
iter:  1 | loss: 0.020
iter:  2 | loss: 0.016
iter:  3 | loss: 0.010
iter:  4 | loss: 0.022
iter:  5 | loss: 0.018
iter:  6 | loss: 0.015
iter:  7 | loss: 0.018
iter:  8 | loss: 0.017
iter:  9 | loss: 0.017
iter: 10 | loss: 0.030
iter: 11 | loss: 0.018
iter: 12 | loss: 0.018
iter: 13 | loss: 0.014
iter: 14 | loss: 0.016
iter: 15 | loss: 0.013
iter: 16 | loss: 0.013
iter: 17 | loss: 0.022
iter: 18 | loss: 0.015
iter: 19 | loss: 0.017
iter: 20 | loss: 0.021
iter: 21 | loss: 0.017
iter: 22 | loss: 0.020
iter: 23 | loss: 0.018
iter: 24 | loss: 0.024
iter: 25 | loss: 0.017
iter: 26 | loss: 0.027
iter: 27 | loss: 0.025
iter: 28 | loss: 0.025
iter: 29 | loss: 0.021
iter: 30 | loss: 0.019
iter: 31 | loss: 0.018
iter: 32 | loss: 0.028
testing r= 5
rrse(target)=134.89700932563332 / 34.875950297872706 | rrse(all)=101089830572936.88 / 34622965068576.312 | report_mode=targets
| end of epoch  20 | time:  2.60s | train_loss 0.0191 | valid rse 3.8679 | valid rae 4.4762 | valid corr  0.0454 | valid smape  0.3140 | focus_rrse 3.4051 | obj 3.5439
Experiment: 1
Iter: 0
epoch: 21
hp= [1, 0.0002, 16, 128, 256, 1024, 40, 0.1, 2, 30, 0.6, 0.1, 2, 21]
best sum= 8.235981358369395
best rrse= 3.8344315733934873
best rrae= 4.44685624031987
best corr= 0.045306455
best smape= 0.3143528584830583
best objective= 3.526594306422038
best hps= [1, 0.0002, 16, 128, 256, 1024, 40, 0.1, 2, 30, 0.6, 0.1, 2, 1]
best test rse= 1.9344057159971833
best test corr= 0.08840612
[Target-Weighted Loss] weights applied: {'us_Trade Weighted Dollar Index': 12.0, 'kr_fx': 12.0, 'jp_fx': 12.0}
iter:  0 | loss: 0.019
iter:  1 | loss: 0.017
iter:  2 | loss: 0.021
iter:  3 | loss: 0.022
iter:  4 | loss: 0.025
iter:  5 | loss: 0.022
iter:  6 | loss: 0.018
iter:  7 | loss: 0.015
iter:  8 | loss: 0.013
iter:  9 | loss: 0.019
iter: 10 | loss: 0.016
iter: 11 | loss: 0.019
iter: 12 | loss: 0.019
iter: 13 | loss: 0.020
iter: 14 | loss: 0.030
iter: 15 | loss: 0.023
iter: 16 | loss: 0.017
iter: 17 | loss: 0.015
iter: 18 | loss: 0.019
iter: 19 | loss: 0.016
iter: 20 | loss: 0.020
iter: 21 | loss: 0.029
iter: 22 | loss: 0.019
iter: 23 | loss: 0.016
iter: 24 | loss: 0.019
iter: 25 | loss: 0.017
iter: 26 | loss: 0.018
iter: 27 | loss: 0.012
iter: 28 | loss: 0.019
iter: 29 | loss: 0.012
iter: 30 | loss: 0.016
iter: 31 | loss: 0.021
iter: 32 | loss: 0.024
testing r= 5
rrse(target)=136.05544452308771 / 34.875950297872706 | rrse(all)=101256831469411.88 / 34622965068576.312 | report_mode=targets
| end of epoch  21 | time:  2.26s | train_loss 0.0190 | valid rse 3.9011 | valid rae 4.5149 | valid corr  0.0474 | valid smape  0.3145 | focus_rrse 3.4139 | obj 3.5600
Experiment: 1
Iter: 0
epoch: 22
hp= [1, 0.0002, 16, 128, 256, 1024, 40, 0.1, 2, 30, 0.6, 0.1, 2, 22]
best sum= 8.235981358369395
best rrse= 3.8344315733934873
best rrae= 4.44685624031987
best corr= 0.045306455
best smape= 0.3143528584830583
best objective= 3.526594306422038
best hps= [1, 0.0002, 16, 128, 256, 1024, 40, 0.1, 2, 30, 0.6, 0.1, 2, 1]
best test rse= 1.9344057159971833
best test corr= 0.08840612
[Target-Weighted Loss] weights applied: {'us_Trade Weighted Dollar Index': 12.0, 'kr_fx': 12.0, 'jp_fx': 12.0}
iter:  0 | loss: 0.015
iter:  1 | loss: 0.021
iter:  2 | loss: 0.023
iter:  3 | loss: 0.022
iter:  4 | loss: 0.029
iter:  5 | loss: 0.018
iter:  6 | loss: 0.024
iter:  7 | loss: 0.017
iter:  8 | loss: 0.019
iter:  9 | loss: 0.024
iter: 10 | loss: 0.021
iter: 11 | loss: 0.018
iter: 12 | loss: 0.023
iter: 13 | loss: 0.018
iter: 14 | loss: 0.018
iter: 15 | loss: 0.019
iter: 16 | loss: 0.015
iter: 17 | loss: 0.019
iter: 18 | loss: 0.013
iter: 19 | loss: 0.022
iter: 20 | loss: 0.016
iter: 21 | loss: 0.028
iter: 22 | loss: 0.015
iter: 23 | loss: 0.020
iter: 24 | loss: 0.014
iter: 25 | loss: 0.015
iter: 26 | loss: 0.017
iter: 27 | loss: 0.020
iter: 28 | loss: 0.015
iter: 29 | loss: 0.018
iter: 30 | loss: 0.013
iter: 31 | loss: 0.021
iter: 32 | loss: 0.013
testing r= 5
rrse(target)=134.409959115294 / 34.875950297872706 | rrse(all)=100951203507710.52 / 34622965068576.312 | report_mode=targets
| end of epoch  22 | time:  2.29s | train_loss 0.0188 | valid rse 3.8539 | valid rae 4.4709 | valid corr  0.0467 | valid smape  0.3145 | focus_rrse 3.3995 | obj 3.5358
Experiment: 1
Iter: 0
epoch: 23
hp= [1, 0.0002, 16, 128, 256, 1024, 40, 0.1, 2, 30, 0.6, 0.1, 2, 23]
best sum= 8.235981358369395
best rrse= 3.8344315733934873
best rrae= 4.44685624031987
best corr= 0.045306455
best smape= 0.3143528584830583
best objective= 3.526594306422038
best hps= [1, 0.0002, 16, 128, 256, 1024, 40, 0.1, 2, 30, 0.6, 0.1, 2, 1]
best test rse= 1.9344057159971833
best test corr= 0.08840612
[Target-Weighted Loss] weights applied: {'us_Trade Weighted Dollar Index': 12.0, 'kr_fx': 12.0, 'jp_fx': 12.0}
iter:  0 | loss: 0.013
iter:  1 | loss: 0.023
iter:  2 | loss: 0.023
iter:  3 | loss: 0.025
iter:  4 | loss: 0.018
iter:  5 | loss: 0.017
iter:  6 | loss: 0.023
iter:  7 | loss: 0.020
iter:  8 | loss: 0.016
iter:  9 | loss: 0.021
iter: 10 | loss: 0.019
iter: 11 | loss: 0.021
iter: 12 | loss: 0.012
iter: 13 | loss: 0.018
iter: 14 | loss: 0.018
iter: 15 | loss: 0.017
iter: 16 | loss: 0.023
iter: 17 | loss: 0.020
iter: 18 | loss: 0.019
iter: 19 | loss: 0.027
iter: 20 | loss: 0.013
iter: 21 | loss: 0.024
iter: 22 | loss: 0.018
iter: 23 | loss: 0.022
iter: 24 | loss: 0.018
iter: 25 | loss: 0.014
iter: 26 | loss: 0.019
iter: 27 | loss: 0.021
iter: 28 | loss: 0.011
iter: 29 | loss: 0.015
iter: 30 | loss: 0.019
iter: 31 | loss: 0.015
iter: 32 | loss: 0.027
testing r= 5
rrse(target)=134.71258467103212 / 34.875950297872706 | rrse(all)=101095552944001.38 / 34622965068576.312 | report_mode=targets
| end of epoch  23 | time:  2.29s | train_loss 0.0190 | valid rse 3.8626 | valid rae 4.4744 | valid corr  0.0499 | valid smape  0.3146 | focus_rrse 3.4008 | obj 3.5394
Experiment: 1
Iter: 0
epoch: 24
hp= [1, 0.0002, 16, 128, 256, 1024, 40, 0.1, 2, 30, 0.6, 0.1, 2, 24]
best sum= 8.235981358369395
best rrse= 3.8344315733934873
best rrae= 4.44685624031987
best corr= 0.045306455
best smape= 0.3143528584830583
best objective= 3.526594306422038
best hps= [1, 0.0002, 16, 128, 256, 1024, 40, 0.1, 2, 30, 0.6, 0.1, 2, 1]
best test rse= 1.9344057159971833
best test corr= 0.08840612
[Target-Weighted Loss] weights applied: {'us_Trade Weighted Dollar Index': 12.0, 'kr_fx': 12.0, 'jp_fx': 12.0}
iter:  0 | loss: 0.024
iter:  1 | loss: 0.025
iter:  2 | loss: 0.016
iter:  3 | loss: 0.029
iter:  4 | loss: 0.019
iter:  5 | loss: 0.015
iter:  6 | loss: 0.020
iter:  7 | loss: 0.019
iter:  8 | loss: 0.027
iter:  9 | loss: 0.022
iter: 10 | loss: 0.018
iter: 11 | loss: 0.018
iter: 12 | loss: 0.020
iter: 13 | loss: 0.015
iter: 14 | loss: 0.015
iter: 15 | loss: 0.012
iter: 16 | loss: 0.018
iter: 17 | loss: 0.017
iter: 18 | loss: 0.015
iter: 19 | loss: 0.019
iter: 20 | loss: 0.027
iter: 21 | loss: 0.022
iter: 22 | loss: 0.021
iter: 23 | loss: 0.016
iter: 24 | loss: 0.014
iter: 25 | loss: 0.015
iter: 26 | loss: 0.013
iter: 27 | loss: 0.024
iter: 28 | loss: 0.017
iter: 29 | loss: 0.015
iter: 30 | loss: 0.016
iter: 31 | loss: 0.025
iter: 32 | loss: 0.025
testing r= 5
rrse(target)=135.23033735306956 / 34.875950297872706 | rrse(all)=101096930935987.75 / 34622965068576.312 | report_mode=targets
| end of epoch  24 | time:  2.43s | train_loss 0.0191 | valid rse 3.8775 | valid rae 4.4827 | valid corr  0.0398 | valid smape  0.3142 | focus_rrse 3.4025 | obj 3.5450
Experiment: 1
Iter: 0
epoch: 25
hp= [1, 0.0002, 16, 128, 256, 1024, 40, 0.1, 2, 30, 0.6, 0.1, 2, 25]
best sum= 8.235981358369395
best rrse= 3.8344315733934873
best rrae= 4.44685624031987
best corr= 0.045306455
best smape= 0.3143528584830583
best objective= 3.526594306422038
best hps= [1, 0.0002, 16, 128, 256, 1024, 40, 0.1, 2, 30, 0.6, 0.1, 2, 1]
best test rse= 1.9344057159971833
best test corr= 0.08840612
[Target-Weighted Loss] weights applied: {'us_Trade Weighted Dollar Index': 12.0, 'kr_fx': 12.0, 'jp_fx': 12.0}
iter:  0 | loss: 0.016
iter:  1 | loss: 0.018
iter:  2 | loss: 0.017
iter:  3 | loss: 0.018
iter:  4 | loss: 0.016
iter:  5 | loss: 0.016
iter:  6 | loss: 0.021
iter:  7 | loss: 0.020
iter:  8 | loss: 0.015
iter:  9 | loss: 0.017
iter: 10 | loss: 0.020
iter: 11 | loss: 0.018
iter: 12 | loss: 0.016
iter: 13 | loss: 0.020
iter: 14 | loss: 0.017
iter: 15 | loss: 0.019
iter: 16 | loss: 0.019
iter: 17 | loss: 0.022
iter: 18 | loss: 0.020
iter: 19 | loss: 0.026
iter: 20 | loss: 0.022
iter: 21 | loss: 0.018
iter: 22 | loss: 0.016
iter: 23 | loss: 0.015
iter: 24 | loss: 0.017
iter: 25 | loss: 0.016
iter: 26 | loss: 0.025
iter: 27 | loss: 0.014
iter: 28 | loss: 0.013
iter: 29 | loss: 0.019
iter: 30 | loss: 0.016
iter: 31 | loss: 0.021
iter: 32 | loss: 0.060
testing r= 5
rrse(target)=136.07039481000265 / 34.875950297872706 | rrse(all)=100429118799639.95 / 34622965068576.312 | report_mode=targets
| end of epoch  25 | time:  2.45s | train_loss 0.0192 | valid rse 3.9016 | valid rae 4.5125 | valid corr  0.0477 | valid smape  0.3140 | focus_rrse 3.4121 | obj 3.5590
Experiment: 1
Iter: 0
epoch: 26
hp= [1, 0.0002, 16, 128, 256, 1024, 40, 0.1, 2, 30, 0.6, 0.1, 2, 26]
best sum= 8.235981358369395
best rrse= 3.8344315733934873
best rrae= 4.44685624031987
best corr= 0.045306455
best smape= 0.3143528584830583
best objective= 3.526594306422038
best hps= [1, 0.0002, 16, 128, 256, 1024, 40, 0.1, 2, 30, 0.6, 0.1, 2, 1]
best test rse= 1.9344057159971833
best test corr= 0.08840612
[Target-Weighted Loss] weights applied: {'us_Trade Weighted Dollar Index': 12.0, 'kr_fx': 12.0, 'jp_fx': 12.0}
iter:  0 | loss: 0.019
iter:  1 | loss: 0.017
iter:  2 | loss: 0.022
iter:  3 | loss: 0.020
iter:  4 | loss: 0.017
iter:  5 | loss: 0.026
iter:  6 | loss: 0.013
iter:  7 | loss: 0.018
iter:  8 | loss: 0.014
iter:  9 | loss: 0.018
iter: 10 | loss: 0.023
iter: 11 | loss: 0.016
iter: 12 | loss: 0.012
iter: 13 | loss: 0.015
iter: 14 | loss: 0.013
iter: 15 | loss: 0.018
iter: 16 | loss: 0.021
iter: 17 | loss: 0.018
iter: 18 | loss: 0.018
iter: 19 | loss: 0.026
iter: 20 | loss: 0.017
iter: 21 | loss: 0.025
iter: 22 | loss: 0.019
iter: 23 | loss: 0.017
iter: 24 | loss: 0.018
iter: 25 | loss: 0.019
iter: 26 | loss: 0.025
iter: 27 | loss: 0.028
iter: 28 | loss: 0.021
iter: 29 | loss: 0.016
iter: 30 | loss: 0.012
iter: 31 | loss: 0.021
iter: 32 | loss: 0.028
testing r= 5
rrse(target)=135.4965549608181 / 34.875950297872706 | rrse(all)=100548964853538.25 / 34622965068576.312 | report_mode=targets
| end of epoch  26 | time:  3.33s | train_loss 0.0190 | valid rse 3.8851 | valid rae 4.4994 | valid corr  0.0416 | valid smape  0.3140 | focus_rrse 3.4182 | obj 3.5583
Experiment: 1
Iter: 0
epoch: 27
hp= [1, 0.0002, 16, 128, 256, 1024, 40, 0.1, 2, 30, 0.6, 0.1, 2, 27]
best sum= 8.235981358369395
best rrse= 3.8344315733934873
best rrae= 4.44685624031987
best corr= 0.045306455
best smape= 0.3143528584830583
best objective= 3.526594306422038
best hps= [1, 0.0002, 16, 128, 256, 1024, 40, 0.1, 2, 30, 0.6, 0.1, 2, 1]
best test rse= 1.9344057159971833
best test corr= 0.08840612
[Target-Weighted Loss] weights applied: {'us_Trade Weighted Dollar Index': 12.0, 'kr_fx': 12.0, 'jp_fx': 12.0}
iter:  0 | loss: 0.016
iter:  1 | loss: 0.017
iter:  2 | loss: 0.013
iter:  3 | loss: 0.018
iter:  4 | loss: 0.022
iter:  5 | loss: 0.021
iter:  6 | loss: 0.024
iter:  7 | loss: 0.013
iter:  8 | loss: 0.014
iter:  9 | loss: 0.023
iter: 10 | loss: 0.027
iter: 11 | loss: 0.017
iter: 12 | loss: 0.015
iter: 13 | loss: 0.022
iter: 14 | loss: 0.018
iter: 15 | loss: 0.010
iter: 16 | loss: 0.016
iter: 17 | loss: 0.014
iter: 18 | loss: 0.016
iter: 19 | loss: 0.019
iter: 20 | loss: 0.015
iter: 21 | loss: 0.022
iter: 22 | loss: 0.025
iter: 23 | loss: 0.020
iter: 24 | loss: 0.023
iter: 25 | loss: 0.012
iter: 26 | loss: 0.015
iter: 27 | loss: 0.034
iter: 28 | loss: 0.023
iter: 29 | loss: 0.018
iter: 30 | loss: 0.020
iter: 31 | loss: 0.017
iter: 32 | loss: 0.024
testing r= 5
rrse(target)=135.57285143742828 / 34.875950297872706 | rrse(all)=100708539692403.67 / 34622965068576.312 | report_mode=targets
| end of epoch  27 | time:  2.38s | train_loss 0.0188 | valid rse 3.8873 | valid rae 4.5010 | valid corr  0.0451 | valid smape  0.3140 | focus_rrse 3.4095 | obj 3.5528
Experiment: 1
Iter: 0
epoch: 28
hp= [1, 0.0002, 16, 128, 256, 1024, 40, 0.1, 2, 30, 0.6, 0.1, 2, 28]
best sum= 8.235981358369395
best rrse= 3.8344315733934873
best rrae= 4.44685624031987
best corr= 0.045306455
best smape= 0.3143528584830583
best objective= 3.526594306422038
best hps= [1, 0.0002, 16, 128, 256, 1024, 40, 0.1, 2, 30, 0.6, 0.1, 2, 1]
best test rse= 1.9344057159971833
best test corr= 0.08840612
[Target-Weighted Loss] weights applied: {'us_Trade Weighted Dollar Index': 12.0, 'kr_fx': 12.0, 'jp_fx': 12.0}
iter:  0 | loss: 0.014
iter:  1 | loss: 0.016
iter:  2 | loss: 0.025
iter:  3 | loss: 0.017
iter:  4 | loss: 0.018
iter:  5 | loss: 0.011
iter:  6 | loss: 0.019
iter:  7 | loss: 0.016
iter:  8 | loss: 0.016
iter:  9 | loss: 0.013
iter: 10 | loss: 0.016
iter: 11 | loss: 0.018
iter: 12 | loss: 0.021
iter: 13 | loss: 0.025
iter: 14 | loss: 0.015
iter: 15 | loss: 0.017
iter: 16 | loss: 0.014
iter: 17 | loss: 0.029
iter: 18 | loss: 0.012
iter: 19 | loss: 0.016
iter: 20 | loss: 0.015
iter: 21 | loss: 0.017
iter: 22 | loss: 0.020
iter: 23 | loss: 0.022
iter: 24 | loss: 0.031
iter: 25 | loss: 0.018
iter: 26 | loss: 0.021
iter: 27 | loss: 0.022
iter: 28 | loss: 0.018
iter: 29 | loss: 0.018
iter: 30 | loss: 0.019
iter: 31 | loss: 0.029
iter: 32 | loss: 0.025
testing r= 5
rrse(target)=134.0738340197296 / 34.875950297872706 | rrse(all)=101269294576934.69 / 34622965068576.312 | report_mode=targets
| end of epoch  28 | time:  2.43s | train_loss 0.0190 | valid rse 3.8443 | valid rae 4.4598 | valid corr  0.0378 | valid smape  0.3145 | focus_rrse 3.4006 | obj 3.5337
Experiment: 1
Iter: 0
epoch: 29
hp= [1, 0.0002, 16, 128, 256, 1024, 40, 0.1, 2, 30, 0.6, 0.1, 2, 29]
best sum= 8.235981358369395
best rrse= 3.8344315733934873
best rrae= 4.44685624031987
best corr= 0.045306455
best smape= 0.3143528584830583
best objective= 3.526594306422038
best hps= [1, 0.0002, 16, 128, 256, 1024, 40, 0.1, 2, 30, 0.6, 0.1, 2, 1]
best test rse= 1.9344057159971833
best test corr= 0.08840612
[Target-Weighted Loss] weights applied: {'us_Trade Weighted Dollar Index': 12.0, 'kr_fx': 12.0, 'jp_fx': 12.0}
iter:  0 | loss: 0.015
iter:  1 | loss: 0.015
iter:  2 | loss: 0.016
iter:  3 | loss: 0.024
iter:  4 | loss: 0.023
iter:  5 | loss: 0.019
iter:  6 | loss: 0.019
iter:  7 | loss: 0.017
iter:  8 | loss: 0.026
iter:  9 | loss: 0.021
iter: 10 | loss: 0.019
iter: 11 | loss: 0.013
iter: 12 | loss: 0.022
iter: 13 | loss: 0.025
iter: 14 | loss: 0.019
iter: 15 | loss: 0.019
iter: 16 | loss: 0.018
iter: 17 | loss: 0.020
iter: 18 | loss: 0.025
iter: 19 | loss: 0.019
iter: 20 | loss: 0.018
iter: 21 | loss: 0.015
iter: 22 | loss: 0.018
iter: 23 | loss: 0.018
iter: 24 | loss: 0.014
iter: 25 | loss: 0.018
iter: 26 | loss: 0.026
iter: 27 | loss: 0.014
iter: 28 | loss: 0.020
iter: 29 | loss: 0.010
iter: 30 | loss: 0.017
iter: 31 | loss: 0.019
iter: 32 | loss: 0.027
testing r= 5
rrse(target)=134.51600886372225 / 34.875950297872706 | rrse(all)=100914920102233.9 / 34622965068576.312 | report_mode=targets
| end of epoch  29 | time:  2.31s | train_loss 0.0190 | valid rse 3.8570 | valid rae 4.4637 | valid corr  0.0397 | valid smape  0.3145 | focus_rrse 3.3996 | obj 3.5368
Experiment: 1
Iter: 0
epoch: 30
hp= [1, 0.0002, 16, 128, 256, 1024, 40, 0.1, 2, 30, 0.6, 0.1, 2, 30]
best sum= 8.235981358369395
best rrse= 3.8344315733934873
best rrae= 4.44685624031987
best corr= 0.045306455
best smape= 0.3143528584830583
best objective= 3.526594306422038
best hps= [1, 0.0002, 16, 128, 256, 1024, 40, 0.1, 2, 30, 0.6, 0.1, 2, 1]
best test rse= 1.9344057159971833
best test corr= 0.08840612
[Target-Weighted Loss] weights applied: {'us_Trade Weighted Dollar Index': 12.0, 'kr_fx': 12.0, 'jp_fx': 12.0}
iter:  0 | loss: 0.022
iter:  1 | loss: 0.020
iter:  2 | loss: 0.015
iter:  3 | loss: 0.017
iter:  4 | loss: 0.017
iter:  5 | loss: 0.035
iter:  6 | loss: 0.019
iter:  7 | loss: 0.015
iter:  8 | loss: 0.020
iter:  9 | loss: 0.018
iter: 10 | loss: 0.016
iter: 11 | loss: 0.013
iter: 12 | loss: 0.014
iter: 13 | loss: 0.027
iter: 14 | loss: 0.017
iter: 15 | loss: 0.016
iter: 16 | loss: 0.012
iter: 17 | loss: 0.017
iter: 18 | loss: 0.021
iter: 19 | loss: 0.026
iter: 20 | loss: 0.013
iter: 21 | loss: 0.024
iter: 22 | loss: 0.017
iter: 23 | loss: 0.014
iter: 24 | loss: 0.015
iter: 25 | loss: 0.023
iter: 26 | loss: 0.018
iter: 27 | loss: 0.026
iter: 28 | loss: 0.019
iter: 29 | loss: 0.015
iter: 30 | loss: 0.014
iter: 31 | loss: 0.023
iter: 32 | loss: 0.021
testing r= 5
rrse(target)=134.89612612580837 / 34.875950297872706 | rrse(all)=101227830444514.77 / 34622965068576.312 | report_mode=targets
| end of epoch  30 | time:  2.30s | train_loss 0.0187 | valid rse 3.8679 | valid rae 4.4778 | valid corr  0.0498 | valid smape  0.3144 | focus_rrse 3.4026 | obj 3.5422
best val loss= 8.235981358369395
best hps= [1, 0.0002, 16, 128, 256, 1024, 40, 0.1, 2, 30, 0.6, 0.1, 2, 1]
testing r= 5
rrse(target)=135.09961602462087 / 34.875950297872706 | rrse(all)=100774599760596.5 / 34622965068576.312 | report_mode=targets
testing r= 5
rrse(target)=167.93611020079928 / 87.05324564957357 | rrse(all)=24148607831409.523 / 13118447315149.623 | report_mode=targets
********************************************************************************************************
final test rse 1.9291 | test rae 2.1191 | test corr 0.0934 | test smape 0.2663
********************************************************************************************************



1 run average



valid	rse	rae
mean	3.8737	4.4825
std	0.0000	0.0000



test	rse	rae
mean	1.9291	2.1191
std	0.0000	0.0000
