CUDA not available, using CPU
[split-cutoff] enforced=1 forbidden_year>=2025 allowed_rows=168/180 train_rows=156 valid_rows=12 last_allowed=24.Dec
Loading data from /Users/samrobert/Documents/GitHub/Exchangeprediction/Cyber-trend-forecasting-main 3/B-MTGNN/data/sm_data.csv...
Data loaded and converted to numeric successfully.
Graph loaded with 1 attacks...
33 columns loaded
Adjacency created...
train X: torch.Size([120, 24, 33])
train Y: torch.Size([120, 12, 33])
valid X: torch.Size([0, 24, 33])
valid Y: torch.Size([0, 12, 33])
test X: torch.Size([0, 24, 33])
test Y: torch.Size([0, 12, 33])
test window: torch.Size([36, 33])
length of training set= 120
length of validation set= 0
length of testing set= 0
valid= 168
Auto-detected num_nodes: 33
Namespace(data='/Users/samrobert/Documents/GitHub/Exchangeprediction/Cyber-trend-forecasting-main 3/B-MTGNN/data/sm_data.csv', log_interval=2000, save='/Users/samrobert/Documents/GitHub/Exchangeprediction/Cyber-trend-forecasting-main 3/B-MTGNN/tuning_runs_v3/20260221_185239/checkpoints/model_019.pt', optim='adam', L1Loss=True, loss_mode='mse', normalize=2, device='cuda:1', gcn_true=False, buildA_true=False, use_graph=0, gcn_depth=1, num_nodes=33, dropout=0.02, subgraph_size=20, node_dim=30, dilation_exponential=2, conv_channels=24, residual_channels=128, skip_channels=256, end_channels=1024, in_dim=1, seq_in_len=24, seq_out_len=12, horizon=1, layers=2, batch_size=4, lr=0.00015749999999999998, weight_decay=1e-05, clip=10, propalpha=0.6, tanhalpha=0.1, epochs=180, num_split=1, step_size=100, ss_prob=0.030000000000000002, train_ratio=0.8666666667, valid_ratio=0.0666666667, focus_targets=1, focus_nodes='us_Trade Weighted Dollar Index,jp_fx,kr_fx', focus_weight=1.0, focus_target_gain=85.0, focus_only_loss=1, focus_rrse_mode='max', focus_gain_map='kr_fx:2.0,jp_fx:1.0,us_Trade Weighted Dollar Index:1.0', anchor_focus_to_last=0.049999999999999996, anchor_boost_map='kr_fx:1.8,jp_fx:1.0,us_Trade Weighted Dollar Index:1.0', rse_targets='Us_Trade Weighted Dollar Index_Testing.txt,Jp_fx_Testing.txt,Kr_fx_Testing.txt', rse_report_mode='targets', debias_mode='none', debias_apply_to='focus', bias_penalty=0.4, bias_penalty_scope='focus', plot_focus_only=0, debug_eval=0, rollout_mode='direct', seed=777, plot=0, enforce_cutoff_split=1, cutoff_year_yy=25, min_valid_months=12, lag_penalty_1step=1.4000000000000001, lag_sign_penalty=0.7, lag_penalty_gain_map='kr_fx:2.0,jp_fx:1.0,us_Trade Weighted Dollar Index:1.0', grad_loss_weight=0.09999999999999999, clean_cache=0, autotune_mode=1, apply_best_tuning=0, eval_best_tuning=0, target_profile='none', best_tuning_checkpoint='')
The recpetive field size is 19
Number of model parameters is 692588
begin training
Experiment: 1
Iter: 0
epoch: 1
hp= [1, 0.00015749999999999998, 24, 128, 256, 1024, 20, 0.02, 2, 30, 0.6, 0.1, 2, 1]
best sum= 10000000
best rrse= 10000000
best rrae= 10000000
best corr= -10000000
best smape= 10000000
best objective= 10000000
best hps= []
best test rse= 10000000
best test corr= -10000000
[Target-Weighted Loss] weights applied: {'us_Trade Weighted Dollar Index': 85.0, 'kr_fx': 170.0, 'jp_fx': 85.0}
[Target-Only Loss] enabled for columns: ['us_Trade Weighted Dollar Index', 'jp_fx', 'kr_fx']
[Bias Penalty] enabled lambda=0.4 scope=focus cols=['us_Trade Weighted Dollar Index', 'jp_fx', 'kr_fx']
iter:  0 | loss: 0.009
iter:  1 | loss: 0.010
iter:  2 | loss: 0.009
iter:  3 | loss: 0.022
iter:  4 | loss: 0.007
iter:  5 | loss: 0.014
iter:  6 | loss: 0.058
iter:  7 | loss: 0.033
iter:  8 | loss: 0.006
iter:  9 | loss: 0.135
iter: 10 | loss: 0.007
iter: 11 | loss: 0.099
iter: 12 | loss: 0.016
iter: 13 | loss: 0.067
iter: 14 | loss: 0.009
iter: 15 | loss: 0.005
iter: 16 | loss: 0.011
iter: 17 | loss: 0.006
iter: 18 | loss: 0.012
iter: 19 | loss: 0.011
iter: 20 | loss: 0.005
iter: 21 | loss: 0.010
iter: 22 | loss: 0.009
iter: 23 | loss: 0.007
iter: 24 | loss: 0.006
iter: 25 | loss: 0.003
iter: 26 | loss: 0.003
iter: 27 | loss: 0.007
iter: 28 | loss: 0.007
iter: 29 | loss: 0.004
[direct] rrse(target)=174.5875/34.8759 | rrse(all)=45640148600041.5859/34622966134154.8242 | mode=targets
  [Validation]           us_Trade Weighted Dollar Index  RSE=5.0751
  [Validation]                                    jp_fx  RSE=0.8906
  [Validation]                                    kr_fx  RSE=5.0738
| end of epoch   1 | time:  1.46s | train_loss 0.0203 | valid rse 5.0060 | valid rae 5.5114 | valid corr  0.1856 | valid smape  0.3213 | focus_rrse 5.0751 | obj 5.0751
[direct] rrse(target)=93.9913/87.0533 | rrse(all)=68295799304079.8906/13118448721317.7949 | mode=targets
  [Testing]           us_Trade Weighted Dollar Index  RSE=2.4451
  [Testing]                                    jp_fx  RSE=1.8934
  [Testing]                                    kr_fx  RSE=1.0628
********************************************************************************************************
test rse 1.0797 | test rae 1.2665 | test corr -0.0546| test smape 0.2537 | test focus_rrse 2.4451
********************************************************************************************************
Experiment: 1
Iter: 0
epoch: 2
hp= [1, 0.00015749999999999998, 24, 128, 256, 1024, 20, 0.02, 2, 30, 0.6, 0.1, 2, 2]
best sum= 10.33171154270237
best rrse= 5.00595765771402
best rrae= 5.511375176387353
best corr= 0.18562129
best smape= 0.32134116675261815
best objective= 5.075112342834473
best hps= [1, 0.00015749999999999998, 24, 128, 256, 1024, 20, 0.02, 2, 30, 0.6, 0.1, 2, 1]
best test rse= 1.0796981701006563
best test corr= -0.054568015
[Target-Weighted Loss] weights applied: {'us_Trade Weighted Dollar Index': 85.0, 'kr_fx': 170.0, 'jp_fx': 85.0}
[Target-Only Loss] enabled for columns: ['us_Trade Weighted Dollar Index', 'jp_fx', 'kr_fx']
[Bias Penalty] enabled lambda=0.4 scope=focus cols=['us_Trade Weighted Dollar Index', 'jp_fx', 'kr_fx']
iter:  0 | loss: 0.034
iter:  1 | loss: 0.052
iter:  2 | loss: 0.005
iter:  3 | loss: 0.006
iter:  4 | loss: 0.004
iter:  5 | loss: 0.006
iter:  6 | loss: 0.005
iter:  7 | loss: 0.005
iter:  8 | loss: 0.060
iter:  9 | loss: 0.020
iter: 10 | loss: 0.009
iter: 11 | loss: 0.090
iter: 12 | loss: 0.005
iter: 13 | loss: 0.003
iter: 14 | loss: 0.005
iter: 15 | loss: 0.004
iter: 16 | loss: 0.004
iter: 17 | loss: 0.088
iter: 18 | loss: 0.003
iter: 19 | loss: 0.003
iter: 20 | loss: 0.009
iter: 21 | loss: 0.002
iter: 22 | loss: 0.003
iter: 23 | loss: 0.006
iter: 24 | loss: 0.002
iter: 25 | loss: 0.005
iter: 26 | loss: 0.004
iter: 27 | loss: 0.002
iter: 28 | loss: 0.003
iter: 29 | loss: 0.003
[direct] rrse(target)=89.6906/34.8759 | rrse(all)=91564212667318.2656/34622966134154.8242 | mode=targets
  [Validation]           us_Trade Weighted Dollar Index  RSE=1.5036
  [Validation]                                    jp_fx  RSE=3.7788
  [Validation]                                    kr_fx  RSE=2.5340
| end of epoch   2 | time:  1.42s | train_loss 0.0150 | valid rse 2.5717 | valid rae 2.9931 | valid corr  0.2910 | valid smape  0.2927 | focus_rrse 3.7788 | obj 3.7788
[direct] rrse(target)=88.9691/87.0533 | rrse(all)=15687320865663.4297/13118448721317.7949 | mode=targets
  [Testing]           us_Trade Weighted Dollar Index  RSE=5.1363
  [Testing]                                    jp_fx  RSE=1.4431
  [Testing]                                    kr_fx  RSE=0.9934
********************************************************************************************************
test rse 1.0220 | test rae 1.1499 | test corr 0.1753| test smape 0.2212 | test focus_rrse 5.1363
********************************************************************************************************
Experiment: 1
Iter: 0
epoch: 3
hp= [1, 0.00015749999999999998, 24, 128, 256, 1024, 20, 0.02, 2, 30, 0.6, 0.1, 2, 3]
best sum= 5.273746123954097
best rrse= 2.5717047918230116
best rrae= 2.993053172236142
best corr= 0.29101184
best smape= 0.29271139736183766
best objective= 3.778778314590454
best hps= [1, 0.00015749999999999998, 24, 128, 256, 1024, 20, 0.02, 2, 30, 0.6, 0.1, 2, 2]
best test rse= 1.022007153358105
best test corr= 0.17533235
[Target-Weighted Loss] weights applied: {'us_Trade Weighted Dollar Index': 85.0, 'kr_fx': 170.0, 'jp_fx': 85.0}
[Target-Only Loss] enabled for columns: ['us_Trade Weighted Dollar Index', 'jp_fx', 'kr_fx']
[Bias Penalty] enabled lambda=0.4 scope=focus cols=['us_Trade Weighted Dollar Index', 'jp_fx', 'kr_fx']
iter:  0 | loss: 0.008
iter:  1 | loss: 0.002
iter:  2 | loss: 0.015
iter:  3 | loss: 0.003
iter:  4 | loss: 0.051
iter:  5 | loss: 0.021
iter:  6 | loss: 0.002
iter:  7 | loss: 0.001
iter:  8 | loss: 0.004
iter:  9 | loss: 0.081
iter: 10 | loss: 0.002
iter: 11 | loss: 0.002
iter: 12 | loss: 0.003
iter: 13 | loss: 0.004
iter: 14 | loss: 0.002
iter: 15 | loss: 0.003
iter: 16 | loss: 0.106
iter: 17 | loss: 0.006
iter: 18 | loss: 0.003
iter: 19 | loss: 0.004
iter: 20 | loss: 0.040
iter: 21 | loss: 0.003
iter: 22 | loss: 0.002
iter: 23 | loss: 0.002
iter: 24 | loss: 0.003
iter: 25 | loss: 0.002
iter: 26 | loss: 0.002
iter: 27 | loss: 0.003
iter: 28 | loss: 0.003
iter: 29 | loss: 0.002
[direct] rrse(target)=310.2658/34.8759 | rrse(all)=173396806914365.1562/34622966134154.8242 | mode=targets
  [Validation]           us_Trade Weighted Dollar Index  RSE=6.3026
  [Validation]                                    jp_fx  RSE=7.3703
  [Validation]                                    kr_fx  RSE=8.9481
| end of epoch   3 | time:  1.45s | train_loss 0.0128 | valid rse 8.8963 | valid rae 10.1480 | valid corr  0.3547 | valid smape  0.2879 | focus_rrse 8.9481 | obj 8.9481
Experiment: 1
Iter: 0
epoch: 4
hp= [1, 0.00015749999999999998, 24, 128, 256, 1024, 20, 0.02, 2, 30, 0.6, 0.1, 2, 4]
best sum= 5.273746123954097
best rrse= 2.5717047918230116
best rrae= 2.993053172236142
best corr= 0.29101184
best smape= 0.29271139736183766
best objective= 3.778778314590454
best hps= [1, 0.00015749999999999998, 24, 128, 256, 1024, 20, 0.02, 2, 30, 0.6, 0.1, 2, 2]
best test rse= 1.022007153358105
best test corr= 0.17533235
[Target-Weighted Loss] weights applied: {'us_Trade Weighted Dollar Index': 85.0, 'kr_fx': 170.0, 'jp_fx': 85.0}
[Target-Only Loss] enabled for columns: ['us_Trade Weighted Dollar Index', 'jp_fx', 'kr_fx']
[Bias Penalty] enabled lambda=0.4 scope=focus cols=['us_Trade Weighted Dollar Index', 'jp_fx', 'kr_fx']
iter:  0 | loss: 0.002
iter:  1 | loss: 0.064
iter:  2 | loss: 0.077
iter:  3 | loss: 0.021
iter:  4 | loss: 0.002
iter:  5 | loss: 0.066
iter:  6 | loss: 0.003
iter:  7 | loss: 0.002
iter:  8 | loss: 0.003
iter:  9 | loss: 0.003
iter: 10 | loss: 0.003
iter: 11 | loss: 0.003
iter: 12 | loss: 0.002
iter: 13 | loss: 0.002
iter: 14 | loss: 0.001
iter: 15 | loss: 0.003
iter: 16 | loss: 0.002
iter: 17 | loss: 0.009
iter: 18 | loss: 0.010
iter: 19 | loss: 0.052
iter: 20 | loss: 0.005
iter: 21 | loss: 0.001
iter: 22 | loss: 0.002
iter: 23 | loss: 0.001
iter: 24 | loss: 0.002
iter: 25 | loss: 0.004
iter: 26 | loss: 0.003
iter: 27 | loss: 0.002
iter: 28 | loss: 0.009
iter: 29 | loss: 0.001
[direct] rrse(target)=349.3021/34.8759 | rrse(all)=155533878822584.2500/34622966134154.8242 | mode=targets
  [Validation]           us_Trade Weighted Dollar Index  RSE=7.3970
  [Validation]                                    jp_fx  RSE=6.6915
  [Validation]                                    kr_fx  RSE=10.1065
| end of epoch   4 | time:  1.45s | train_loss 0.0120 | valid rse 10.0156 | valid rae 11.1053 | valid corr  0.3095 | valid smape  0.2904 | focus_rrse 10.1065 | obj 10.1065
Experiment: 1
Iter: 0
epoch: 5
hp= [1, 0.00015749999999999998, 24, 128, 256, 1024, 20, 0.02, 2, 30, 0.6, 0.1, 2, 5]
best sum= 5.273746123954097
best rrse= 2.5717047918230116
best rrae= 2.993053172236142
best corr= 0.29101184
best smape= 0.29271139736183766
best objective= 3.778778314590454
best hps= [1, 0.00015749999999999998, 24, 128, 256, 1024, 20, 0.02, 2, 30, 0.6, 0.1, 2, 2]
best test rse= 1.022007153358105
best test corr= 0.17533235
[Target-Weighted Loss] weights applied: {'us_Trade Weighted Dollar Index': 85.0, 'kr_fx': 170.0, 'jp_fx': 85.0}
[Target-Only Loss] enabled for columns: ['us_Trade Weighted Dollar Index', 'jp_fx', 'kr_fx']
[Bias Penalty] enabled lambda=0.4 scope=focus cols=['us_Trade Weighted Dollar Index', 'jp_fx', 'kr_fx']
iter:  0 | loss: 0.001
iter:  1 | loss: 0.003
iter:  2 | loss: 0.002
iter:  3 | loss: 0.001
iter:  4 | loss: 0.002
iter:  5 | loss: 0.003
iter:  6 | loss: 0.068
iter:  7 | loss: 0.079
iter:  8 | loss: 0.001
iter:  9 | loss: 0.004
iter: 10 | loss: 0.020
iter: 11 | loss: 0.002
iter: 12 | loss: 0.003
iter: 13 | loss: 0.003
iter: 14 | loss: 0.021
iter: 15 | loss: 0.003
iter: 16 | loss: 0.002
iter: 17 | loss: 0.003
iter: 18 | loss: 0.003
iter: 19 | loss: 0.003
iter: 20 | loss: 0.003
iter: 21 | loss: 0.025
iter: 22 | loss: 0.007
iter: 23 | loss: 0.002
iter: 24 | loss: 0.048
iter: 25 | loss: 0.004
iter: 26 | loss: 0.005
iter: 27 | loss: 0.005
iter: 28 | loss: 0.002
iter: 29 | loss: 0.002
[direct] rrse(target)=260.9647/34.8759 | rrse(all)=192988823045231.4062/34622966134154.8242 | mode=targets
  [Validation]           us_Trade Weighted Dollar Index  RSE=5.4073
  [Validation]                                    jp_fx  RSE=3.9461
  [Validation]                                    kr_fx  RSE=7.5687
| end of epoch   5 | time:  1.51s | train_loss 0.0110 | valid rse 7.4827 | valid rae 7.7168 | valid corr  0.4080 | valid smape  0.2969 | focus_rrse 7.5687 | obj 7.5687
