/Users/samrobert/Documents/GitHub/Exchangeprediction/Cyber-trend-forecasting-main 3/B-MTGNN/util.py:130: UserWarning: Could not infer format, so each element will be parsed individually, falling back to `dateutil`. To ensure parsing is consistent and as-expected, please specify a format.
  parsed_dates = pd.to_datetime(df[date_col], errors='coerce')
CUDA not available, using CPU
Loading data from /Users/samrobert/Documents/GitHub/Exchangeprediction/Cyber-trend-forecasting-main 3/B-MTGNN/data/sm_data.csv...
Data loaded and converted to numeric successfully.
[split] fallback fixed periods without date column: valid=last 24~13, test=last 12
Graph loaded with 1 attacks...
33 columns loaded
Adjacency created...
train X: torch.Size([131, 24, 33])
train Y: torch.Size([131, 1, 33])
valid X: torch.Size([11, 24, 33])
valid Y: torch.Size([11, 1, 33])
test X: torch.Size([11, 24, 33])
test Y: torch.Size([11, 1, 33])
test window: torch.Size([36, 33])
length of training set= 131
length of validation set= 11
length of testing set= 11
valid= 168
Auto-detected num_nodes: 33
Namespace(data='/Users/samrobert/Documents/GitHub/Exchangeprediction/Cyber-trend-forecasting-main 3/B-MTGNN/data/sm_data.csv', log_interval=2000, save='/Users/samrobert/Documents/GitHub/Exchangeprediction/Cyber-trend-forecasting-main 3/B-MTGNN/tuning_runs/20260219_032619/checkpoints/model_001.pt', optim='adam', L1Loss=True, loss_mode='mse', normalize=2, device='cuda:1', gcn_true=False, buildA_true=False, use_graph=0, gcn_depth=1, num_nodes=33, dropout=0.1, subgraph_size=40, node_dim=30, dilation_exponential=2, conv_channels=16, residual_channels=128, skip_channels=256, end_channels=1024, in_dim=1, seq_in_len=24, seq_out_len=1, horizon=1, layers=2, batch_size=4, lr=0.00015, weight_decay=1e-05, clip=10, propalpha=0.6, tanhalpha=0.1, epochs=20, early_stop_patience=20, early_stop_min_epochs=30, num_split=1, step_size=100, ss_prob=0.1, train_ratio=0.8666666667, valid_ratio=0.0666666667, fixed_eval_periods=1, valid_year=2024, test_year=2025, focus_targets=1, focus_nodes='us_Trade Weighted Dollar Index', focus_weight=1.0, focus_target_gain=30.0, focus_only_loss=1, anchor_focus_to_last=0.05, rse_targets='Us_Trade Weighted Dollar Index_Testing.txt', rse_report_mode='targets', debias_mode='none', debias_apply_to='focus', bias_penalty=0.0, bias_penalty_scope='focus', trend_penalty=0.1, trend_penalty_scope='focus', plot_focus_only=0, debug_eval=0, rollout_mode='recursive', force_recursive_eval=1, seed=123, plot=0, clean_cache=0, autotune_mode=1, apply_best_tuning=0, eval_best_tuning=0, target_profile='none', best_tuning_checkpoint='')
The recpetive field size is 19
Number of model parameters is 611649
begin training
Experiment: 1
Iter: 0
epoch: 1
hp= [1, 0.00015, 16, 128, 256, 1024, 40, 0.1, 2, 30, 0.6, 0.1, 2, 1]
best sum= 10000000
best rrse= 10000000
best rrae= 10000000
best corr= -10000000
best smape= 10000000
best objective= 10000000
best hps= []
best test rse= 10000000
best test corr= -10000000
[Target-Weighted Loss] weights applied: {'us_Trade Weighted Dollar Index': 30.0}
[Target-Only Loss] enabled for columns: ['us_Trade Weighted Dollar Index']
[Bias Penalty] disabled
[Trend Penalty] enabled lambda=0.1 scope=focus cols=['us_Trade Weighted Dollar Index']
iter:  0 | loss: 0.032
iter:  1 | loss: 0.018
iter:  2 | loss: 0.061
iter:  3 | loss: 0.032
iter:  4 | loss: 0.023
iter:  5 | loss: 0.038
iter:  6 | loss: 0.035
iter:  7 | loss: 0.034
iter:  8 | loss: 0.082
iter:  9 | loss: 0.010
iter: 10 | loss: 0.022
iter: 11 | loss: 0.025
iter: 12 | loss: 0.008
iter: 13 | loss: 0.029
iter: 14 | loss: 0.018
iter: 15 | loss: 0.028
iter: 16 | loss: 0.013
iter: 17 | loss: 0.009
iter: 18 | loss: 0.016
iter: 19 | loss: 0.039
iter: 20 | loss: 0.012
iter: 21 | loss: 0.020
iter: 22 | loss: 0.016
iter: 23 | loss: 0.002
iter: 24 | loss: 0.007
iter: 25 | loss: 0.060
iter: 26 | loss: 0.009
iter: 27 | loss: 0.016
iter: 28 | loss: 0.077
iter: 29 | loss: 0.021
iter: 30 | loss: 0.088
iter: 31 | loss: 0.022
iter: 32 | loss: 0.010
testing r= 5
rrse(target)=10.7179385398018 / 2.574308309892882 | rrse(all)=184988249167203.3 / 34622966134154.824 | report_mode=targets
| end of epoch   1 | time:  2.69s | train_loss 0.0284 | valid rse 4.1634 | valid rae 4.4522 | valid corr  -0.1403 | valid smape  0.3407 | focus_rrse 4.1634 | obj 4.1634
testing r= 5
rrse(target)=9.948194207652163 / 3.684106073117792 | rrse(all)=59394316195296.64 / 13118448721317.795 | report_mode=targets
********************************************************************************************************
test rse 2.7003 | test rae 2.8782 | test corr -0.0866| test smape 0.3460 | test focus_rrse 2.7003
********************************************************************************************************
Experiment: 1
Iter: 0
epoch: 2
hp= [1, 0.00015, 16, 128, 256, 1024, 40, 0.1, 2, 30, 0.6, 0.1, 2, 2]
best sum= 8.755891590631101
best rrse= 4.163424597828291
best rrae= 4.452188921637727
best corr= -0.14027807
best smape= 0.340663670490227
best objective= 4.163424968719482
best hps= [1, 0.00015, 16, 128, 256, 1024, 40, 0.1, 2, 30, 0.6, 0.1, 2, 1]
best test rse= 2.7003006998745795
best test corr= -0.08663724
[Target-Weighted Loss] weights applied: {'us_Trade Weighted Dollar Index': 30.0}
[Target-Only Loss] enabled for columns: ['us_Trade Weighted Dollar Index']
[Bias Penalty] disabled
[Trend Penalty] enabled lambda=0.1 scope=focus cols=['us_Trade Weighted Dollar Index']
iter:  0 | loss: 0.003
iter:  1 | loss: 0.027
iter:  2 | loss: 0.022
iter:  3 | loss: 0.012
iter:  4 | loss: 0.020
iter:  5 | loss: 0.086
iter:  6 | loss: 0.015
iter:  7 | loss: 0.009
iter:  8 | loss: 0.038
iter:  9 | loss: 0.018
iter: 10 | loss: 0.014
iter: 11 | loss: 0.018
iter: 12 | loss: 0.022
iter: 13 | loss: 0.010
iter: 14 | loss: 0.020
iter: 15 | loss: 0.021
iter: 16 | loss: 0.007
iter: 17 | loss: 0.017
iter: 18 | loss: 0.017
iter: 19 | loss: 0.015
iter: 20 | loss: 0.008
iter: 21 | loss: 0.021
iter: 22 | loss: 0.020
iter: 23 | loss: 0.060
iter: 24 | loss: 0.042
iter: 25 | loss: 0.097
iter: 26 | loss: 0.034
iter: 27 | loss: 0.024
iter: 28 | loss: 0.104
iter: 29 | loss: 0.022
iter: 30 | loss: 0.036
iter: 31 | loss: 0.029
iter: 32 | loss: 0.030
testing r= 5
rrse(target)=10.690581295812816 / 2.574308309892882 | rrse(all)=184797674376393.16 / 34622966134154.824 | report_mode=targets
| end of epoch   2 | time:  2.54s | train_loss 0.0283 | valid rse 4.1528 | valid rae 4.4514 | valid corr  -0.1446 | valid smape  0.3404 | focus_rrse 4.1528 | obj 4.1528
testing r= 5
rrse(target)=9.933523858139889 / 3.684106073117792 | rrse(all)=58516483038061.33 / 13118448721317.795 | report_mode=targets
********************************************************************************************************
test rse 2.6963 | test rae 2.8770 | test corr -0.0927| test smape 0.3455 | test focus_rrse 2.6963
********************************************************************************************************
Experiment: 1
Iter: 0
epoch: 3
hp= [1, 0.00015, 16, 128, 256, 1024, 40, 0.1, 2, 30, 0.6, 0.1, 2, 3]
best sum= 8.748736250455316
best rrse= 4.152797570799768
best rrae= 4.451360967834946
best corr= -0.14457771
best smape= 0.34037971245337034
best objective= 4.152797698974609
best hps= [1, 0.00015, 16, 128, 256, 1024, 40, 0.1, 2, 30, 0.6, 0.1, 2, 2]
best test rse= 2.6963186349662642
best test corr= -0.09274921
[Target-Weighted Loss] weights applied: {'us_Trade Weighted Dollar Index': 30.0}
[Target-Only Loss] enabled for columns: ['us_Trade Weighted Dollar Index']
[Bias Penalty] disabled
[Trend Penalty] enabled lambda=0.1 scope=focus cols=['us_Trade Weighted Dollar Index']
iter:  0 | loss: 0.086
iter:  1 | loss: 0.017
iter:  2 | loss: 0.023
iter:  3 | loss: 0.054
iter:  4 | loss: 0.012
iter:  5 | loss: 0.045
iter:  6 | loss: 0.017
iter:  7 | loss: 0.038
iter:  8 | loss: 0.012
iter:  9 | loss: 0.006
iter: 10 | loss: 0.032
iter: 11 | loss: 0.024
iter: 12 | loss: 0.025
iter: 13 | loss: 0.021
iter: 14 | loss: 0.014
iter: 15 | loss: 0.065
iter: 16 | loss: 0.013
iter: 17 | loss: 0.006
iter: 18 | loss: 0.029
iter: 19 | loss: 0.020
iter: 20 | loss: 0.003
iter: 21 | loss: 0.041
iter: 22 | loss: 0.028
iter: 23 | loss: 0.007
iter: 24 | loss: 0.046
iter: 25 | loss: 0.027
iter: 26 | loss: 0.012
iter: 27 | loss: 0.020
iter: 28 | loss: 0.035
iter: 29 | loss: 0.009
iter: 30 | loss: 0.016
iter: 31 | loss: 0.015
iter: 32 | loss: 0.165
testing r= 5
rrse(target)=10.657031078183417 / 2.574308309892882 | rrse(all)=184921705039336.4 / 34622966134154.824 | report_mode=targets
| end of epoch   3 | time:  2.78s | train_loss 0.0289 | valid rse 4.1398 | valid rae 4.4132 | valid corr  -0.1465 | valid smape  0.3404 | focus_rrse 4.1398 | obj 4.1398
testing r= 5
rrse(target)=9.890059179238902 / 3.684106073117792 | rrse(all)=59000513361102.2 / 13118448721317.795 | report_mode=targets
********************************************************************************************************
test rse 2.6845 | test rae 2.8618 | test corr -0.0982| test smape 0.3462 | test focus_rrse 2.6845
********************************************************************************************************
Experiment: 1
Iter: 0
epoch: 4
hp= [1, 0.00015, 16, 128, 256, 1024, 40, 0.1, 2, 30, 0.6, 0.1, 2, 4]
best sum= 8.699491296267094
best rrse= 4.139764859255285
best rrae= 4.413207014480681
best corr= -0.14651942
best smape= 0.3403772067029248
best objective= 4.139764785766602
best hps= [1, 0.00015, 16, 128, 256, 1024, 40, 0.1, 2, 30, 0.6, 0.1, 2, 3]
best test rse= 2.6845207447757127
best test corr= -0.09816824
[Target-Weighted Loss] weights applied: {'us_Trade Weighted Dollar Index': 30.0}
[Target-Only Loss] enabled for columns: ['us_Trade Weighted Dollar Index']
[Bias Penalty] disabled
[Trend Penalty] enabled lambda=0.1 scope=focus cols=['us_Trade Weighted Dollar Index']
iter:  0 | loss: 0.010
iter:  1 | loss: 0.051
iter:  2 | loss: 0.025
iter:  3 | loss: 0.003
iter:  4 | loss: 0.016
iter:  5 | loss: 0.007
iter:  6 | loss: 0.088
iter:  7 | loss: 0.018
iter:  8 | loss: 0.027
iter:  9 | loss: 0.012
iter: 10 | loss: 0.014
iter: 11 | loss: 0.047
iter: 12 | loss: 0.014
iter: 13 | loss: 0.018
iter: 14 | loss: 0.006
iter: 15 | loss: 0.050
iter: 16 | loss: 0.074
iter: 17 | loss: 0.021
iter: 18 | loss: 0.023
iter: 19 | loss: 0.024
iter: 20 | loss: 0.038
iter: 21 | loss: 0.005
iter: 22 | loss: 0.069
iter: 23 | loss: 0.044
iter: 24 | loss: 0.010
iter: 25 | loss: 0.023
iter: 26 | loss: 0.016
iter: 27 | loss: 0.017
iter: 28 | loss: 0.011
iter: 29 | loss: 0.028
iter: 30 | loss: 0.006
iter: 31 | loss: 0.023
iter: 32 | loss: 0.144
testing r= 5
rrse(target)=10.695757971571055 / 2.574308309892882 | rrse(all)=185271583631608.9 / 34622966134154.824 | report_mode=targets
| end of epoch   4 | time:  2.68s | train_loss 0.0289 | valid rse 4.1548 | valid rae 4.4438 | valid corr  -0.1489 | valid smape  0.3404 | focus_rrse 4.1548 | obj 4.1548
Experiment: 1
Iter: 0
epoch: 5
hp= [1, 0.00015, 16, 128, 256, 1024, 40, 0.1, 2, 30, 0.6, 0.1, 2, 5]
best sum= 8.699491296267094
best rrse= 4.139764859255285
best rrae= 4.413207014480681
best corr= -0.14651942
best smape= 0.3403772067029248
best objective= 4.139764785766602
best hps= [1, 0.00015, 16, 128, 256, 1024, 40, 0.1, 2, 30, 0.6, 0.1, 2, 3]
best test rse= 2.6845207447757127
best test corr= -0.09816824
[Target-Weighted Loss] weights applied: {'us_Trade Weighted Dollar Index': 30.0}
[Target-Only Loss] enabled for columns: ['us_Trade Weighted Dollar Index']
[Bias Penalty] disabled
[Trend Penalty] enabled lambda=0.1 scope=focus cols=['us_Trade Weighted Dollar Index']
iter:  0 | loss: 0.070
iter:  1 | loss: 0.011
iter:  2 | loss: 0.018
iter:  3 | loss: 0.010
iter:  4 | loss: 0.033
iter:  5 | loss: 0.013
iter:  6 | loss: 0.015
iter:  7 | loss: 0.064
iter:  8 | loss: 0.017
iter:  9 | loss: 0.061
iter: 10 | loss: 0.017
iter: 11 | loss: 0.019
iter: 12 | loss: 0.002
iter: 13 | loss: 0.040
iter: 14 | loss: 0.029
iter: 15 | loss: 0.016
iter: 16 | loss: 0.030
iter: 17 | loss: 0.046
iter: 18 | loss: 0.017
iter: 19 | loss: 0.031
iter: 20 | loss: 0.010
iter: 21 | loss: 0.005
iter: 22 | loss: 0.092
iter: 23 | loss: 0.019
iter: 24 | loss: 0.016
iter: 25 | loss: 0.011
iter: 26 | loss: 0.011
iter: 27 | loss: 0.014
iter: 28 | loss: 0.030
iter: 29 | loss: 0.009
iter: 30 | loss: 0.100
iter: 31 | loss: 0.001
iter: 32 | loss: 0.068
testing r= 5
rrse(target)=10.79001674534132 / 2.574308309892882 | rrse(all)=184904932779739.78 / 34622966134154.824 | report_mode=targets
| end of epoch   5 | time:  2.91s | train_loss 0.0282 | valid rse 4.1914 | valid rae 4.4933 | valid corr  -0.1472 | valid smape  0.3402 | focus_rrse 4.1914 | obj 4.1914
Experiment: 1
Iter: 0
epoch: 6
hp= [1, 0.00015, 16, 128, 256, 1024, 40, 0.1, 2, 30, 0.6, 0.1, 2, 6]
best sum= 8.699491296267094
best rrse= 4.139764859255285
best rrae= 4.413207014480681
best corr= -0.14651942
best smape= 0.3403772067029248
best objective= 4.139764785766602
best hps= [1, 0.00015, 16, 128, 256, 1024, 40, 0.1, 2, 30, 0.6, 0.1, 2, 3]
best test rse= 2.6845207447757127
best test corr= -0.09816824
[Target-Weighted Loss] weights applied: {'us_Trade Weighted Dollar Index': 30.0}
[Target-Only Loss] enabled for columns: ['us_Trade Weighted Dollar Index']
[Bias Penalty] disabled
[Trend Penalty] enabled lambda=0.1 scope=focus cols=['us_Trade Weighted Dollar Index']
iter:  0 | loss: 0.018
iter:  1 | loss: 0.101
iter:  2 | loss: 0.019
iter:  3 | loss: 0.071
iter:  4 | loss: 0.015
iter:  5 | loss: 0.015
iter:  6 | loss: 0.009
iter:  7 | loss: 0.014
iter:  8 | loss: 0.018
iter:  9 | loss: 0.007
iter: 10 | loss: 0.018
iter: 11 | loss: 0.044
iter: 12 | loss: 0.009
iter: 13 | loss: 0.012
iter: 14 | loss: 0.034
iter: 15 | loss: 0.002
iter: 16 | loss: 0.002
iter: 17 | loss: 0.037
iter: 18 | loss: 0.016
iter: 19 | loss: 0.021
iter: 20 | loss: 0.025
iter: 21 | loss: 0.053
iter: 22 | loss: 0.014
iter: 23 | loss: 0.085
iter: 24 | loss: 0.031
iter: 25 | loss: 0.026
iter: 26 | loss: 0.011
iter: 27 | loss: 0.009
iter: 28 | loss: 0.021
iter: 29 | loss: 0.024
iter: 30 | loss: 0.074
iter: 31 | loss: 0.029
iter: 32 | loss: 0.056
testing r= 5
rrse(target)=10.65435863725224 / 2.574308309892882 | rrse(all)=184907959177360.8 / 34622966134154.824 | report_mode=targets
| end of epoch   6 | time:  2.98s | train_loss 0.0283 | valid rse 4.1387 | valid rae 4.4097 | valid corr  -0.1410 | valid smape  0.3402 | focus_rrse 4.1387 | obj 4.1387
testing r= 5
rrse(target)=9.901539738685965 / 3.684106073117792 | rrse(all)=59285353891069.49 / 13118448721317.795 | report_mode=targets
********************************************************************************************************
test rse 2.6876 | test rae 2.8669 | test corr -0.0837| test smape 0.3459 | test focus_rrse 2.6876
********************************************************************************************************
Experiment: 1
Iter: 0
epoch: 7
hp= [1, 0.00015, 16, 128, 256, 1024, 40, 0.1, 2, 30, 0.6, 0.1, 2, 7]
best sum= 8.689428465534771
best rrse= 4.138726739259749
best rrae= 4.409685958223874
best corr= -0.14101577
best smape= 0.3401627832877577
best objective= 4.138726711273193
best hps= [1, 0.00015, 16, 128, 256, 1024, 40, 0.1, 2, 30, 0.6, 0.1, 2, 6]
best test rse= 2.6876369849759705
best test corr= -0.083695784
[Target-Weighted Loss] weights applied: {'us_Trade Weighted Dollar Index': 30.0}
[Target-Only Loss] enabled for columns: ['us_Trade Weighted Dollar Index']
[Bias Penalty] disabled
[Trend Penalty] enabled lambda=0.1 scope=focus cols=['us_Trade Weighted Dollar Index']
iter:  0 | loss: 0.016
iter:  1 | loss: 0.023
iter:  2 | loss: 0.006
iter:  3 | loss: 0.017
iter:  4 | loss: 0.022
iter:  5 | loss: 0.009
iter:  6 | loss: 0.010
iter:  7 | loss: 0.097
iter:  8 | loss: 0.024
iter:  9 | loss: 0.029
iter: 10 | loss: 0.020
iter: 11 | loss: 0.016
iter: 12 | loss: 0.018
iter: 13 | loss: 0.026
iter: 14 | loss: 0.061
iter: 15 | loss: 0.013
iter: 16 | loss: 0.021
iter: 17 | loss: 0.021
iter: 18 | loss: 0.023
iter: 19 | loss: 0.006
iter: 20 | loss: 0.008
iter: 21 | loss: 0.109
iter: 22 | loss: 0.064
iter: 23 | loss: 0.028
iter: 24 | loss: 0.024
iter: 25 | loss: 0.035
iter: 26 | loss: 0.018
iter: 27 | loss: 0.059
iter: 28 | loss: 0.019
iter: 29 | loss: 0.013
iter: 30 | loss: 0.023
iter: 31 | loss: 0.035
iter: 32 | loss: 0.003
testing r= 5
rrse(target)=10.728711006834141 / 2.574308309892882 | rrse(all)=184710392379607.8 / 34622966134154.824 | report_mode=targets
| end of epoch   7 | time:  3.31s | train_loss 0.0280 | valid rse 4.1676 | valid rae 4.4728 | valid corr  -0.1510 | valid smape  0.3405 | focus_rrse 4.1676 | obj 4.1676
Experiment: 1
Iter: 0
epoch: 8
hp= [1, 0.00015, 16, 128, 256, 1024, 40, 0.1, 2, 30, 0.6, 0.1, 2, 8]
best sum= 8.689428465534771
best rrse= 4.138726739259749
best rrae= 4.409685958223874
best corr= -0.14101577
best smape= 0.3401627832877577
best objective= 4.138726711273193
best hps= [1, 0.00015, 16, 128, 256, 1024, 40, 0.1, 2, 30, 0.6, 0.1, 2, 6]
best test rse= 2.6876369849759705
best test corr= -0.083695784
[Target-Weighted Loss] weights applied: {'us_Trade Weighted Dollar Index': 30.0}
[Target-Only Loss] enabled for columns: ['us_Trade Weighted Dollar Index']
[Bias Penalty] disabled
[Trend Penalty] enabled lambda=0.1 scope=focus cols=['us_Trade Weighted Dollar Index']
iter:  0 | loss: 0.024
iter:  1 | loss: 0.013
iter:  2 | loss: 0.006
iter:  3 | loss: 0.085
iter:  4 | loss: 0.024
iter:  5 | loss: 0.019
iter:  6 | loss: 0.019
iter:  7 | loss: 0.036
iter:  8 | loss: 0.016
iter:  9 | loss: 0.033
iter: 10 | loss: 0.019
iter: 11 | loss: 0.023
iter: 12 | loss: 0.042
iter: 13 | loss: 0.013
iter: 14 | loss: 0.004
iter: 15 | loss: 0.014
iter: 16 | loss: 0.015
iter: 17 | loss: 0.006
iter: 18 | loss: 0.062
iter: 19 | loss: 0.059
iter: 20 | loss: 0.050
iter: 21 | loss: 0.026
iter: 22 | loss: 0.023
iter: 23 | loss: 0.018
iter: 24 | loss: 0.010
iter: 25 | loss: 0.040
iter: 26 | loss: 0.028
iter: 27 | loss: 0.044
iter: 28 | loss: 0.023
iter: 29 | loss: 0.083
iter: 30 | loss: 0.025
iter: 31 | loss: 0.006
iter: 32 | loss: 0.012
testing r= 5
rrse(target)=10.679176703448471 / 2.574308309892882 | rrse(all)=184690928986938.9 / 34622966134154.824 | report_mode=targets
| end of epoch   8 | time:  2.85s | train_loss 0.0280 | valid rse 4.1484 | valid rae 4.4258 | valid corr  -0.1408 | valid smape  0.3403 | focus_rrse 4.1484 | obj 4.1484
Experiment: 1
Iter: 0
epoch: 9
hp= [1, 0.00015, 16, 128, 256, 1024, 40, 0.1, 2, 30, 0.6, 0.1, 2, 9]
best sum= 8.689428465534771
best rrse= 4.138726739259749
best rrae= 4.409685958223874
best corr= -0.14101577
best smape= 0.3401627832877577
best objective= 4.138726711273193
best hps= [1, 0.00015, 16, 128, 256, 1024, 40, 0.1, 2, 30, 0.6, 0.1, 2, 6]
best test rse= 2.6876369849759705
best test corr= -0.083695784
[Target-Weighted Loss] weights applied: {'us_Trade Weighted Dollar Index': 30.0}
[Target-Only Loss] enabled for columns: ['us_Trade Weighted Dollar Index']
[Bias Penalty] disabled
[Trend Penalty] enabled lambda=0.1 scope=focus cols=['us_Trade Weighted Dollar Index']
iter:  0 | loss: 0.033
iter:  1 | loss: 0.032
iter:  2 | loss: 0.020
iter:  3 | loss: 0.018
iter:  4 | loss: 0.010
iter:  5 | loss: 0.023
iter:  6 | loss: 0.023
iter:  7 | loss: 0.043
iter:  8 | loss: 0.098
iter:  9 | loss: 0.025
iter: 10 | loss: 0.017
iter: 11 | loss: 0.066
iter: 12 | loss: 0.017
iter: 13 | loss: 0.160
iter: 14 | loss: 0.023
iter: 15 | loss: 0.016
iter: 16 | loss: 0.007
iter: 17 | loss: 0.035
iter: 18 | loss: 0.021
iter: 19 | loss: 0.061
iter: 20 | loss: 0.011
iter: 21 | loss: 0.004
iter: 22 | loss: 0.028
iter: 23 | loss: 0.018
iter: 24 | loss: 0.022
iter: 25 | loss: 0.012
iter: 26 | loss: 0.015
iter: 27 | loss: 0.009
iter: 28 | loss: 0.014
iter: 29 | loss: 0.012
iter: 30 | loss: 0.008
iter: 31 | loss: 0.020
iter: 32 | loss: 0.015
testing r= 5
rrse(target)=10.703498154421256 / 2.574308309892882 | rrse(all)=184788251005420.56 / 34622966134154.824 | report_mode=targets
| end of epoch   9 | time:  2.81s | train_loss 0.0283 | valid rse 4.1578 | valid rae 4.4247 | valid corr  -0.1500 | valid smape  0.3401 | focus_rrse 4.1578 | obj 4.1578
Experiment: 1
Iter: 0
epoch: 10
hp= [1, 0.00015, 16, 128, 256, 1024, 40, 0.1, 2, 30, 0.6, 0.1, 2, 10]
best sum= 8.689428465534771
best rrse= 4.138726739259749
best rrae= 4.409685958223874
best corr= -0.14101577
best smape= 0.3401627832877577
best objective= 4.138726711273193
best hps= [1, 0.00015, 16, 128, 256, 1024, 40, 0.1, 2, 30, 0.6, 0.1, 2, 6]
best test rse= 2.6876369849759705
best test corr= -0.083695784
[Target-Weighted Loss] weights applied: {'us_Trade Weighted Dollar Index': 30.0}
[Target-Only Loss] enabled for columns: ['us_Trade Weighted Dollar Index']
[Bias Penalty] disabled
[Trend Penalty] enabled lambda=0.1 scope=focus cols=['us_Trade Weighted Dollar Index']
iter:  0 | loss: 0.011
iter:  1 | loss: 0.018
iter:  2 | loss: 0.018
iter:  3 | loss: 0.020
iter:  4 | loss: 0.003
iter:  5 | loss: 0.103
iter:  6 | loss: 0.054
iter:  7 | loss: 0.006
iter:  8 | loss: 0.092
iter:  9 | loss: 0.017
iter: 10 | loss: 0.035
iter: 11 | loss: 0.076
iter: 12 | loss: 0.023
iter: 13 | loss: 0.008
iter: 14 | loss: 0.011
iter: 15 | loss: 0.028
iter: 16 | loss: 0.016
iter: 17 | loss: 0.013
iter: 18 | loss: 0.078
iter: 19 | loss: 0.043
iter: 20 | loss: 0.039
iter: 21 | loss: 0.028
iter: 22 | loss: 0.011
iter: 23 | loss: 0.016
iter: 24 | loss: 0.028
iter: 25 | loss: 0.019
iter: 26 | loss: 0.018
iter: 27 | loss: 0.002
iter: 28 | loss: 0.015
iter: 29 | loss: 0.020
iter: 30 | loss: 0.021
iter: 31 | loss: 0.025
iter: 32 | loss: 0.006
testing r= 5
rrse(target)=10.886904810371847 / 2.574308309892882 | rrse(all)=185075942338321.16 / 34622966134154.824 | report_mode=targets
| end of epoch  10 | time:  3.01s | train_loss 0.0280 | valid rse 4.2291 | valid rae 4.5510 | valid corr  -0.1403 | valid smape  0.3403 | focus_rrse 4.2291 | obj 4.2291
Experiment: 1
Iter: 0
epoch: 11
hp= [1, 0.00015, 16, 128, 256, 1024, 40, 0.1, 2, 30, 0.6, 0.1, 2, 11]
best sum= 8.689428465534771
best rrse= 4.138726739259749
best rrae= 4.409685958223874
best corr= -0.14101577
best smape= 0.3401627832877577
best objective= 4.138726711273193
best hps= [1, 0.00015, 16, 128, 256, 1024, 40, 0.1, 2, 30, 0.6, 0.1, 2, 6]
best test rse= 2.6876369849759705
best test corr= -0.083695784
[Target-Weighted Loss] weights applied: {'us_Trade Weighted Dollar Index': 30.0}
[Target-Only Loss] enabled for columns: ['us_Trade Weighted Dollar Index']
[Bias Penalty] disabled
[Trend Penalty] enabled lambda=0.1 scope=focus cols=['us_Trade Weighted Dollar Index']
iter:  0 | loss: 0.034
iter:  1 | loss: 0.012
iter:  2 | loss: 0.010
iter:  3 | loss: 0.033
iter:  4 | loss: 0.052
iter:  5 | loss: 0.051
iter:  6 | loss: 0.025
iter:  7 | loss: 0.005
iter:  8 | loss: 0.011
iter:  9 | loss: 0.002
iter: 10 | loss: 0.019
iter: 11 | loss: 0.012
iter: 12 | loss: 0.008
iter: 13 | loss: 0.024
iter: 14 | loss: 0.008
iter: 15 | loss: 0.026
iter: 16 | loss: 0.017
iter: 17 | loss: 0.029
iter: 18 | loss: 0.104
iter: 19 | loss: 0.018
iter: 20 | loss: 0.038
iter: 21 | loss: 0.023
iter: 22 | loss: 0.010
iter: 23 | loss: 0.026
iter: 24 | loss: 0.014
iter: 25 | loss: 0.082
iter: 26 | loss: 0.016
iter: 27 | loss: 0.012
iter: 28 | loss: 0.038
iter: 29 | loss: 0.005
iter: 30 | loss: 0.056
iter: 31 | loss: 0.089
iter: 32 | loss: 0.027
testing r= 5
rrse(target)=10.760899895117246 / 2.574308309892882 | rrse(all)=185094440391433.0 / 34622966134154.824 | report_mode=targets
| end of epoch  11 | time:  3.09s | train_loss 0.0284 | valid rse 4.1801 | valid rae 4.4713 | valid corr  -0.1400 | valid smape  0.3406 | focus_rrse 4.1801 | obj 4.1801
Experiment: 1
Iter: 0
epoch: 12
hp= [1, 0.00015, 16, 128, 256, 1024, 40, 0.1, 2, 30, 0.6, 0.1, 2, 12]
best sum= 8.689428465534771
best rrse= 4.138726739259749
best rrae= 4.409685958223874
best corr= -0.14101577
best smape= 0.3401627832877577
best objective= 4.138726711273193
best hps= [1, 0.00015, 16, 128, 256, 1024, 40, 0.1, 2, 30, 0.6, 0.1, 2, 6]
best test rse= 2.6876369849759705
best test corr= -0.083695784
[Target-Weighted Loss] weights applied: {'us_Trade Weighted Dollar Index': 30.0}
[Target-Only Loss] enabled for columns: ['us_Trade Weighted Dollar Index']
[Bias Penalty] disabled
[Trend Penalty] enabled lambda=0.1 scope=focus cols=['us_Trade Weighted Dollar Index']
iter:  0 | loss: 0.005
iter:  1 | loss: 0.009
iter:  2 | loss: 0.037
iter:  3 | loss: 0.091
iter:  4 | loss: 0.024
iter:  5 | loss: 0.013
iter:  6 | loss: 0.016
iter:  7 | loss: 0.022
iter:  8 | loss: 0.022
iter:  9 | loss: 0.026
iter: 10 | loss: 0.020
iter: 11 | loss: 0.012
iter: 12 | loss: 0.011
iter: 13 | loss: 0.006
iter: 14 | loss: 0.017
iter: 15 | loss: 0.012
iter: 16 | loss: 0.026
iter: 17 | loss: 0.080
iter: 18 | loss: 0.068
iter: 19 | loss: 0.027
iter: 20 | loss: 0.032
iter: 21 | loss: 0.006
iter: 22 | loss: 0.056
iter: 23 | loss: 0.045
iter: 24 | loss: 0.027
iter: 25 | loss: 0.027
iter: 26 | loss: 0.025
iter: 27 | loss: 0.025
iter: 28 | loss: 0.011
iter: 29 | loss: 0.010
iter: 30 | loss: 0.048
iter: 31 | loss: 0.049
iter: 32 | loss: 0.010
testing r= 5
rrse(target)=10.71973897303019 / 2.574308309892882 | rrse(all)=184897238866550.3 / 34622966134154.824 | report_mode=targets
| end of epoch  12 | time:  2.69s | train_loss 0.0279 | valid rse 4.1641 | valid rae 4.4577 | valid corr  -0.1453 | valid smape  0.3402 | focus_rrse 4.1641 | obj 4.1641
Experiment: 1
Iter: 0
epoch: 13
hp= [1, 0.00015, 16, 128, 256, 1024, 40, 0.1, 2, 30, 0.6, 0.1, 2, 13]
best sum= 8.689428465534771
best rrse= 4.138726739259749
best rrae= 4.409685958223874
best corr= -0.14101577
best smape= 0.3401627832877577
best objective= 4.138726711273193
best hps= [1, 0.00015, 16, 128, 256, 1024, 40, 0.1, 2, 30, 0.6, 0.1, 2, 6]
best test rse= 2.6876369849759705
best test corr= -0.083695784
[Target-Weighted Loss] weights applied: {'us_Trade Weighted Dollar Index': 30.0}
[Target-Only Loss] enabled for columns: ['us_Trade Weighted Dollar Index']
[Bias Penalty] disabled
[Trend Penalty] enabled lambda=0.1 scope=focus cols=['us_Trade Weighted Dollar Index']
iter:  0 | loss: 0.048
iter:  1 | loss: 0.005
iter:  2 | loss: 0.029
iter:  3 | loss: 0.049
iter:  4 | loss: 0.093
iter:  5 | loss: 0.003
iter:  6 | loss: 0.012
iter:  7 | loss: 0.026
iter:  8 | loss: 0.068
iter:  9 | loss: 0.026
iter: 10 | loss: 0.001
iter: 11 | loss: 0.019
iter: 12 | loss: 0.011
iter: 13 | loss: 0.019
iter: 14 | loss: 0.055
iter: 15 | loss: 0.015
iter: 16 | loss: 0.037
iter: 17 | loss: 0.031
iter: 18 | loss: 0.019
iter: 19 | loss: 0.016
iter: 20 | loss: 0.060
iter: 21 | loss: 0.104
iter: 22 | loss: 0.019
iter: 23 | loss: 0.037
iter: 24 | loss: 0.007
iter: 25 | loss: 0.006
iter: 26 | loss: 0.019
iter: 27 | loss: 0.016
iter: 28 | loss: 0.015
iter: 29 | loss: 0.008
iter: 30 | loss: 0.025
iter: 31 | loss: 0.015
iter: 32 | loss: 0.006
testing r= 5
rrse(target)=10.71915072478889 / 2.574308309892882 | rrse(all)=185044191541979.94 / 34622966134154.824 | report_mode=targets
| end of epoch  13 | time:  2.49s | train_loss 0.0281 | valid rse 4.1639 | valid rae 4.4223 | valid corr  -0.1455 | valid smape  0.3405 | focus_rrse 4.1639 | obj 4.1639
Experiment: 1
Iter: 0
epoch: 14
hp= [1, 0.00015, 16, 128, 256, 1024, 40, 0.1, 2, 30, 0.6, 0.1, 2, 14]
best sum= 8.689428465534771
best rrse= 4.138726739259749
best rrae= 4.409685958223874
best corr= -0.14101577
best smape= 0.3401627832877577
best objective= 4.138726711273193
best hps= [1, 0.00015, 16, 128, 256, 1024, 40, 0.1, 2, 30, 0.6, 0.1, 2, 6]
best test rse= 2.6876369849759705
best test corr= -0.083695784
[Target-Weighted Loss] weights applied: {'us_Trade Weighted Dollar Index': 30.0}
[Target-Only Loss] enabled for columns: ['us_Trade Weighted Dollar Index']
[Bias Penalty] disabled
[Trend Penalty] enabled lambda=0.1 scope=focus cols=['us_Trade Weighted Dollar Index']
iter:  0 | loss: 0.035
iter:  1 | loss: 0.062
iter:  2 | loss: 0.011
iter:  3 | loss: 0.034
iter:  4 | loss: 0.022
iter:  5 | loss: 0.020
iter:  6 | loss: 0.025
iter:  7 | loss: 0.005
iter:  8 | loss: 0.024
iter:  9 | loss: 0.087
iter: 10 | loss: 0.014
iter: 11 | loss: 0.012
iter: 12 | loss: 0.008
iter: 13 | loss: 0.020
iter: 14 | loss: 0.026
iter: 15 | loss: 0.012
iter: 16 | loss: 0.029
iter: 17 | loss: 0.005
iter: 18 | loss: 0.009
iter: 19 | loss: 0.019
iter: 20 | loss: 0.024
iter: 21 | loss: 0.060
iter: 22 | loss: 0.009
iter: 23 | loss: 0.013
iter: 24 | loss: 0.024
iter: 25 | loss: 0.036
iter: 26 | loss: 0.019
iter: 27 | loss: 0.073
iter: 28 | loss: 0.071
iter: 29 | loss: 0.004
iter: 30 | loss: 0.015
iter: 31 | loss: 0.076
iter: 32 | loss: 0.017
testing r= 5
rrse(target)=10.727543996428656 / 2.574308309892882 | rrse(all)=184801686350528.34 / 34622966134154.824 | report_mode=targets
| end of epoch  14 | time:  2.58s | train_loss 0.0280 | valid rse 4.1672 | valid rae 4.4574 | valid corr  -0.1475 | valid smape  0.3402 | focus_rrse 4.1672 | obj 4.1672
Experiment: 1
Iter: 0
epoch: 15
hp= [1, 0.00015, 16, 128, 256, 1024, 40, 0.1, 2, 30, 0.6, 0.1, 2, 15]
best sum= 8.689428465534771
best rrse= 4.138726739259749
best rrae= 4.409685958223874
best corr= -0.14101577
best smape= 0.3401627832877577
best objective= 4.138726711273193
best hps= [1, 0.00015, 16, 128, 256, 1024, 40, 0.1, 2, 30, 0.6, 0.1, 2, 6]
best test rse= 2.6876369849759705
best test corr= -0.083695784
[Target-Weighted Loss] weights applied: {'us_Trade Weighted Dollar Index': 30.0}
[Target-Only Loss] enabled for columns: ['us_Trade Weighted Dollar Index']
[Bias Penalty] disabled
[Trend Penalty] enabled lambda=0.1 scope=focus cols=['us_Trade Weighted Dollar Index']
iter:  0 | loss: 0.020
iter:  1 | loss: 0.024
iter:  2 | loss: 0.061
iter:  3 | loss: 0.007
iter:  4 | loss: 0.014
iter:  5 | loss: 0.015
iter:  6 | loss: 0.017
iter:  7 | loss: 0.028
iter:  8 | loss: 0.022
iter:  9 | loss: 0.086
iter: 10 | loss: 0.031
iter: 11 | loss: 0.031
iter: 12 | loss: 0.014
iter: 13 | loss: 0.008
iter: 14 | loss: 0.060
iter: 15 | loss: 0.028
iter: 16 | loss: 0.011
iter: 17 | loss: 0.105
iter: 18 | loss: 0.030
iter: 19 | loss: 0.017
iter: 20 | loss: 0.016
iter: 21 | loss: 0.005
iter: 22 | loss: 0.029
iter: 23 | loss: 0.026
iter: 24 | loss: 0.031
iter: 25 | loss: 0.014
iter: 26 | loss: 0.021
iter: 27 | loss: 0.022
iter: 28 | loss: 0.030
iter: 29 | loss: 0.011
iter: 30 | loss: 0.037
iter: 31 | loss: 0.004
iter: 32 | loss: 0.077
testing r= 5
rrse(target)=10.711572496106978 / 2.574308309892882 | rrse(all)=184922713752549.84 / 34622966134154.824 | report_mode=targets
| end of epoch  15 | time:  2.32s | train_loss 0.0285 | valid rse 4.1610 | valid rae 4.4505 | valid corr  -0.1421 | valid smape  0.3405 | focus_rrse 4.1610 | obj 4.1610
Experiment: 1
Iter: 0
epoch: 16
hp= [1, 0.00015, 16, 128, 256, 1024, 40, 0.1, 2, 30, 0.6, 0.1, 2, 16]
best sum= 8.689428465534771
best rrse= 4.138726739259749
best rrae= 4.409685958223874
best corr= -0.14101577
best smape= 0.3401627832877577
best objective= 4.138726711273193
best hps= [1, 0.00015, 16, 128, 256, 1024, 40, 0.1, 2, 30, 0.6, 0.1, 2, 6]
best test rse= 2.6876369849759705
best test corr= -0.083695784
[Target-Weighted Loss] weights applied: {'us_Trade Weighted Dollar Index': 30.0}
[Target-Only Loss] enabled for columns: ['us_Trade Weighted Dollar Index']
[Bias Penalty] disabled
[Trend Penalty] enabled lambda=0.1 scope=focus cols=['us_Trade Weighted Dollar Index']
iter:  0 | loss: 0.038
iter:  1 | loss: 0.026
iter:  2 | loss: 0.106
iter:  3 | loss: 0.014
iter:  4 | loss: 0.005
iter:  5 | loss: 0.019
iter:  6 | loss: 0.022
iter:  7 | loss: 0.036
iter:  8 | loss: 0.012
iter:  9 | loss: 0.007
iter: 10 | loss: 0.043
iter: 11 | loss: 0.026
iter: 12 | loss: 0.005
iter: 13 | loss: 0.022
iter: 14 | loss: 0.060
iter: 15 | loss: 0.023
iter: 16 | loss: 0.059
iter: 17 | loss: 0.023
iter: 18 | loss: 0.017
iter: 19 | loss: 0.021
iter: 20 | loss: 0.018
iter: 21 | loss: 0.024
iter: 22 | loss: 0.013
iter: 23 | loss: 0.013
iter: 24 | loss: 0.063
iter: 25 | loss: 0.025
iter: 26 | loss: 0.033
iter: 27 | loss: 0.018
iter: 28 | loss: 0.077
iter: 29 | loss: 0.019
iter: 30 | loss: 0.009
iter: 31 | loss: 0.014
iter: 32 | loss: 0.014
testing r= 5
rrse(target)=10.774945790448756 / 2.574308309892882 | rrse(all)=185273903105818.25 / 34622966134154.824 | report_mode=targets
| end of epoch  16 | time:  2.48s | train_loss 0.0281 | valid rse 4.1856 | valid rae 4.4825 | valid corr  -0.1464 | valid smape  0.3403 | focus_rrse 4.1856 | obj 4.1856
Experiment: 1
Iter: 0
epoch: 17
hp= [1, 0.00015, 16, 128, 256, 1024, 40, 0.1, 2, 30, 0.6, 0.1, 2, 17]
best sum= 8.689428465534771
best rrse= 4.138726739259749
best rrae= 4.409685958223874
best corr= -0.14101577
best smape= 0.3401627832877577
best objective= 4.138726711273193
best hps= [1, 0.00015, 16, 128, 256, 1024, 40, 0.1, 2, 30, 0.6, 0.1, 2, 6]
best test rse= 2.6876369849759705
best test corr= -0.083695784
[Target-Weighted Loss] weights applied: {'us_Trade Weighted Dollar Index': 30.0}
[Target-Only Loss] enabled for columns: ['us_Trade Weighted Dollar Index']
[Bias Penalty] disabled
[Trend Penalty] enabled lambda=0.1 scope=focus cols=['us_Trade Weighted Dollar Index']
iter:  0 | loss: 0.075
iter:  1 | loss: 0.010
iter:  2 | loss: 0.017
iter:  3 | loss: 0.012
iter:  4 | loss: 0.010
iter:  5 | loss: 0.004
iter:  6 | loss: 0.053
iter:  7 | loss: 0.010
iter:  8 | loss: 0.026
iter:  9 | loss: 0.027
iter: 10 | loss: 0.016
iter: 11 | loss: 0.036
iter: 12 | loss: 0.011
iter: 13 | loss: 0.014
iter: 14 | loss: 0.031
iter: 15 | loss: 0.014
iter: 16 | loss: 0.024
iter: 17 | loss: 0.013
iter: 18 | loss: 0.075
iter: 19 | loss: 0.012
iter: 20 | loss: 0.023
iter: 21 | loss: 0.020
iter: 22 | loss: 0.017
iter: 23 | loss: 0.018
iter: 24 | loss: 0.022
iter: 25 | loss: 0.076
iter: 26 | loss: 0.097
iter: 27 | loss: 0.033
iter: 28 | loss: 0.022
iter: 29 | loss: 0.001
iter: 30 | loss: 0.053
iter: 31 | loss: 0.009
iter: 32 | loss: 0.055
testing r= 5
rrse(target)=10.633568752955338 / 2.574308309892882 | rrse(all)=184870323613909.2 / 34622966134154.824 | report_mode=targets
| end of epoch  17 | time:  2.34s | train_loss 0.0282 | valid rse 4.1307 | valid rae 4.3903 | valid corr  -0.1454 | valid smape  0.3400 | focus_rrse 4.1307 | obj 4.1307
testing r= 5
rrse(target)=9.894943764841466 / 3.684106073117792 | rrse(all)=59130379456663.49 / 13118448721317.795 | report_mode=targets
********************************************************************************************************
test rse 2.6858 | test rae 2.8597 | test corr -0.0956| test smape 0.3458 | test focus_rrse 2.6858
********************************************************************************************************
Experiment: 1
Iter: 0
epoch: 18
hp= [1, 0.00015, 16, 128, 256, 1024, 40, 0.1, 2, 30, 0.6, 0.1, 2, 18]
best sum= 8.66633530715275
best rrse= 4.130650828454112
best rrae= 4.39025857788172
best corr= -0.1454259
best smape= 0.3399802790335591
best objective= 4.130650520324707
best hps= [1, 0.00015, 16, 128, 256, 1024, 40, 0.1, 2, 30, 0.6, 0.1, 2, 17]
best test rse= 2.685846598457887
best test corr= -0.09564272
[Target-Weighted Loss] weights applied: {'us_Trade Weighted Dollar Index': 30.0}
[Target-Only Loss] enabled for columns: ['us_Trade Weighted Dollar Index']
[Bias Penalty] disabled
[Trend Penalty] enabled lambda=0.1 scope=focus cols=['us_Trade Weighted Dollar Index']
iter:  0 | loss: 0.011
iter:  1 | loss: 0.036
iter:  2 | loss: 0.097
iter:  3 | loss: 0.013
iter:  4 | loss: 0.005
iter:  5 | loss: 0.010
iter:  6 | loss: 0.039
iter:  7 | loss: 0.021
iter:  8 | loss: 0.020
iter:  9 | loss: 0.008
iter: 10 | loss: 0.106
iter: 11 | loss: 0.019
iter: 12 | loss: 0.017
iter: 13 | loss: 0.012
iter: 14 | loss: 0.003
iter: 15 | loss: 0.023
iter: 16 | loss: 0.013
iter: 17 | loss: 0.011
iter: 18 | loss: 0.009
iter: 19 | loss: 0.006
iter: 20 | loss: 0.009
iter: 21 | loss: 0.027
iter: 22 | loss: 0.009
iter: 23 | loss: 0.030
iter: 24 | loss: 0.022
iter: 25 | loss: 0.020
iter: 26 | loss: 0.074
iter: 27 | loss: 0.052
iter: 28 | loss: 0.035
iter: 29 | loss: 0.014
iter: 30 | loss: 0.018
iter: 31 | loss: 0.101
iter: 32 | loss: 0.047
testing r= 5
rrse(target)=10.784502594733812 / 2.574308309892882 | rrse(all)=184892596823825.38 / 34622966134154.824 | report_mode=targets
| end of epoch  18 | time:  2.50s | train_loss 0.0281 | valid rse 4.1893 | valid rae 4.4883 | valid corr  -0.1443 | valid smape  0.3401 | focus_rrse 4.1893 | obj 4.1893
Experiment: 1
Iter: 0
epoch: 19
hp= [1, 0.00015, 16, 128, 256, 1024, 40, 0.1, 2, 30, 0.6, 0.1, 2, 19]
best sum= 8.66633530715275
best rrse= 4.130650828454112
best rrae= 4.39025857788172
best corr= -0.1454259
best smape= 0.3399802790335591
best objective= 4.130650520324707
best hps= [1, 0.00015, 16, 128, 256, 1024, 40, 0.1, 2, 30, 0.6, 0.1, 2, 17]
best test rse= 2.685846598457887
best test corr= -0.09564272
[Target-Weighted Loss] weights applied: {'us_Trade Weighted Dollar Index': 30.0}
[Target-Only Loss] enabled for columns: ['us_Trade Weighted Dollar Index']
[Bias Penalty] disabled
[Trend Penalty] enabled lambda=0.1 scope=focus cols=['us_Trade Weighted Dollar Index']
iter:  0 | loss: 0.021
iter:  1 | loss: 0.021
iter:  2 | loss: 0.027
iter:  3 | loss: 0.016
iter:  4 | loss: 0.018
iter:  5 | loss: 0.031
iter:  6 | loss: 0.037
iter:  7 | loss: 0.017
iter:  8 | loss: 0.017
iter:  9 | loss: 0.018
iter: 10 | loss: 0.026
iter: 11 | loss: 0.004
iter: 12 | loss: 0.020
iter: 13 | loss: 0.192
iter: 14 | loss: 0.012
iter: 15 | loss: 0.027
iter: 16 | loss: 0.024
iter: 17 | loss: 0.008
iter: 18 | loss: 0.009
iter: 19 | loss: 0.003
iter: 20 | loss: 0.015
iter: 21 | loss: 0.024
iter: 22 | loss: 0.049
iter: 23 | loss: 0.029
iter: 24 | loss: 0.006
iter: 25 | loss: 0.033
iter: 26 | loss: 0.004
iter: 27 | loss: 0.048
iter: 28 | loss: 0.076
iter: 29 | loss: 0.008
iter: 30 | loss: 0.018
iter: 31 | loss: 0.025
iter: 32 | loss: 0.039
testing r= 5
rrse(target)=10.670661376934019 / 2.574308309892882 | rrse(all)=184927189053042.53 / 34622966134154.824 | report_mode=targets
| end of epoch  19 | time:  2.62s | train_loss 0.0280 | valid rse 4.1451 | valid rae 4.4131 | valid corr  -0.1443 | valid smape  0.3404 | focus_rrse 4.1451 | obj 4.1451
Experiment: 1
Iter: 0
epoch: 20
hp= [1, 0.00015, 16, 128, 256, 1024, 40, 0.1, 2, 30, 0.6, 0.1, 2, 20]
best sum= 8.66633530715275
best rrse= 4.130650828454112
best rrae= 4.39025857788172
best corr= -0.1454259
best smape= 0.3399802790335591
best objective= 4.130650520324707
best hps= [1, 0.00015, 16, 128, 256, 1024, 40, 0.1, 2, 30, 0.6, 0.1, 2, 17]
best test rse= 2.685846598457887
best test corr= -0.09564272
[Target-Weighted Loss] weights applied: {'us_Trade Weighted Dollar Index': 30.0}
[Target-Only Loss] enabled for columns: ['us_Trade Weighted Dollar Index']
[Bias Penalty] disabled
[Trend Penalty] enabled lambda=0.1 scope=focus cols=['us_Trade Weighted Dollar Index']
iter:  0 | loss: 0.006
iter:  1 | loss: 0.014
iter:  2 | loss: 0.019
iter:  3 | loss: 0.020
iter:  4 | loss: 0.128
iter:  5 | loss: 0.055
iter:  6 | loss: 0.015
iter:  7 | loss: 0.018
iter:  8 | loss: 0.098
iter:  9 | loss: 0.017
iter: 10 | loss: 0.018
iter: 11 | loss: 0.027
iter: 12 | loss: 0.014
iter: 13 | loss: 0.006
iter: 14 | loss: 0.083
iter: 15 | loss: 0.026
iter: 16 | loss: 0.013
iter: 17 | loss: 0.028
iter: 18 | loss: 0.025
iter: 19 | loss: 0.057
iter: 20 | loss: 0.013
iter: 21 | loss: 0.005
iter: 22 | loss: 0.010
iter: 23 | loss: 0.010
iter: 24 | loss: 0.009
iter: 25 | loss: 0.034
iter: 26 | loss: 0.011
iter: 27 | loss: 0.030
iter: 28 | loss: 0.014
iter: 29 | loss: 0.028
iter: 30 | loss: 0.036
iter: 31 | loss: 0.030
iter: 32 | loss: 0.016
testing r= 5
rrse(target)=10.685383905092916 / 2.574308309892882 | rrse(all)=184976014503701.2 / 34622966134154.824 | report_mode=targets
| end of epoch  20 | time:  2.65s | train_loss 0.0283 | valid rse 4.1508 | valid rae 4.4183 | valid corr  -0.1479 | valid smape  0.3405 | focus_rrse 4.1508 | obj 4.1508
best val loss= 8.66633530715275
best hps= [1, 0.00015, 16, 128, 256, 1024, 40, 0.1, 2, 30, 0.6, 0.1, 2, 17]
testing r= 5
rrse(target)=10.684997265556103 / 2.574308309892882 | rrse(all)=185296573800049.4 / 34622966134154.824 | report_mode=targets
testing r= 5
rrse(target)=9.934713488797358 / 3.684106073117792 | rrse(all)=58522961494716.97 / 13118448721317.795 | report_mode=targets
********************************************************************************************************
final test rse 2.6966 | test rae 2.8734 | test corr -0.0873 | test smape 0.3456
********************************************************************************************************



1 run average



valid	rse	rae
mean	4.1506	4.4293
std	0.0000	0.0000



test	rse	rae
mean	2.6966	2.8734
std	0.0000	0.0000
