CUDA not available, using CPU
[split_guard] {'n': 180, 'cutoff_idx': 168, 'cutoff_label': '25.Jan', 'valid_start_idx': 156, 'valid_end_idx': 168, 'valid_months': 12}
Loading data from /Users/samrobert/Documents/GitHub/Exchangeprediction/Cyber-trend-forecasting-main 3/B-MTGNN/data/sm_data.csv...
Data loaded and converted to numeric successfully.
Graph loaded with 1 attacks...
33 columns loaded
Adjacency created...
train X: torch.Size([131, 24, 33])
train Y: torch.Size([131, 1, 33])
valid X: torch.Size([11, 24, 33])
valid Y: torch.Size([11, 1, 33])
test X: torch.Size([11, 24, 33])
test Y: torch.Size([11, 1, 33])
test window: torch.Size([36, 33])
length of training set= 131
length of validation set= 11
length of testing set= 11
valid= 168
Auto-detected num_nodes: 33
Namespace(data='/Users/samrobert/Documents/GitHub/Exchangeprediction/Cyber-trend-forecasting-main 3/B-MTGNN/data/sm_data.csv', log_interval=2000, save='/Users/samrobert/Documents/GitHub/Exchangeprediction/Cyber-trend-forecasting-main 3/B-MTGNN/tuning_runs/20260220_175117/checkpoints/model_002.pt', optim='adam', L1Loss=True, loss_mode='mse', normalize=2, device='cuda:1', gcn_true=False, buildA_true=False, use_graph=0, gcn_depth=1, num_nodes=33, dropout=0.02, subgraph_size=40, node_dim=30, dilation_exponential=2, conv_channels=16, residual_channels=128, skip_channels=256, end_channels=1024, in_dim=1, seq_in_len=24, seq_out_len=1, horizon=1, layers=2, batch_size=4, lr=0.00012749999999999998, weight_decay=1e-05, clip=10, propalpha=0.6, tanhalpha=0.1, epochs=40, num_split=1, step_size=100, ss_prob=0.1, train_ratio=0.8666666667, valid_ratio=0.0666666667, focus_targets=1, focus_nodes='us_Trade Weighted Dollar Index,jp_fx,kr_fx', focus_weight=1.0, focus_target_gain=45.0, focus_only_loss=1, anchor_focus_to_last=0.05, rse_targets='Us_Trade Weighted Dollar Index_Testing.txt,Jp_fx_Testing.txt,Kr_fx_Testing.txt', rse_report_mode='targets', debias_mode='val_mean_error', debias_apply_to='focus', bias_penalty=0.25, bias_penalty_scope='focus', plot_focus_only=0, debug_eval=0, rollout_mode='recursive', enforce_cutoff_split=1, cutoff_year_yy=25, min_valid_months=12, confidence_level=0.95, confidence_scale=3.0, confidence_mode='predictive', seed=777, plot=0, clean_cache=0, autotune_mode=1, apply_best_tuning=0, eval_best_tuning=0, target_profile='none', best_tuning_checkpoint='')
The recpetive field size is 19
Number of model parameters is 611649
begin training
Experiment: 1
Iter: 0
epoch: 1
hp= [1, 0.00012749999999999998, 16, 128, 256, 1024, 40, 0.02, 2, 30, 0.6, 0.1, 2, 1]
best sum= 10000000
best rrse= 10000000
best rrae= 10000000
best corr= -10000000
best smape= 10000000
best objective= 10000000
best hps= []
best test rse= 10000000
best test corr= -10000000
[Target-Weighted Loss] weights applied: {'us_Trade Weighted Dollar Index': 45.0, 'kr_fx': 45.0, 'jp_fx': 45.0}
[Target-Only Loss] enabled for columns: ['us_Trade Weighted Dollar Index', 'jp_fx', 'kr_fx']
[Bias Penalty] enabled lambda=0.25 scope=focus cols=['us_Trade Weighted Dollar Index', 'jp_fx', 'kr_fx']
iter:  0 | loss: 0.055
iter:  1 | loss: 0.026
iter:  2 | loss: 0.026
iter:  3 | loss: 0.018
iter:  4 | loss: 0.023
iter:  5 | loss: 0.006
iter:  6 | loss: 0.023
iter:  7 | loss: 0.017
iter:  8 | loss: 0.021
iter:  9 | loss: 0.019
iter: 10 | loss: 0.041
iter: 11 | loss: 0.020
iter: 12 | loss: 0.044
iter: 13 | loss: 0.017
iter: 14 | loss: 0.014
iter: 15 | loss: 0.025
iter: 16 | loss: 0.012
iter: 17 | loss: 0.032
iter: 18 | loss: 0.030
iter: 19 | loss: 0.028
iter: 20 | loss: 0.035
iter: 21 | loss: 0.030
iter: 22 | loss: 0.019
iter: 23 | loss: 0.010
iter: 24 | loss: 0.040
iter: 25 | loss: 0.021
iter: 26 | loss: 0.024
iter: 27 | loss: 0.037
iter: 28 | loss: 0.022
iter: 29 | loss: 0.032
iter: 30 | loss: 0.023
iter: 31 | loss: 0.027
iter: 32 | loss: 0.026
testing r= 5
rrse(target)=137.1546159335332 / 34.87594854780834 | rrse(all)=178929887279367.78 / 34622966134154.824 | report_mode=targets
[Validation] per_target_rrse_json={"us_Trade Weighted Dollar Index": 4.736969470977783, "jp_fx": 4.696556091308594, "kr_fx": 3.9038002490997314}
[Validation] per_target_lag_mae_json={"us_Trade Weighted Dollar Index": 0.5032050609588623, "jp_fx": 0.5138826966285706, "kr_fx": 6.492631435394287}
[Validation] per_target_dir_mismatch_json={"us_Trade Weighted Dollar Index": 0.36363636363636365, "jp_fx": 0.2727272727272727, "kr_fx": 0.36363636363636365}
| end of epoch   1 | time:  1.81s | train_loss 0.0255 | valid rse 3.9326 | valid rae 4.7848 | valid corr  -0.1110 | valid smape  0.3481 | focus_rrse 4.4458 | obj 4.4458
testing r= 5
rrse(target)=272.58494948822835 / 87.05327089004898 | rrse(all)=49165471975204.195 / 13118448721317.795 | report_mode=targets
[Testing] per_target_rrse_json={"us_Trade Weighted Dollar Index": 2.1598596572875977, "jp_fx": 1.2274755239486694, "kr_fx": 3.1477205753326416}
[Testing] per_target_lag_mae_json={"us_Trade Weighted Dollar Index": 0.5250473022460938, "jp_fx": 0.8091416954994202, "kr_fx": 9.764803886413574}
[Testing] per_target_dir_mismatch_json={"us_Trade Weighted Dollar Index": 0.2727272727272727, "jp_fx": 0.8181818181818182, "kr_fx": 0.9090909090909091}
********************************************************************************************************
test rse 3.1312 | test rae 3.2548 | test corr -0.1811| test smape 0.3493 | test focus_rrse 2.1784
********************************************************************************************************
Experiment: 1
Iter: 0
epoch: 2
hp= [1, 0.00012749999999999998, 16, 128, 256, 1024, 40, 0.02, 2, 30, 0.6, 0.1, 2, 2]
best sum= 8.828381186864735
best rrse= 3.932641881998424
best rrae= 4.784756484474656
best corr= -0.11098282
best smape= 0.3481281054512612
best objective= 4.445775032043457
best hps= [1, 0.00012749999999999998, 16, 128, 256, 1024, 40, 0.02, 2, 30, 0.6, 0.1, 2, 1]
best test rse= 3.13124305039051
best test corr= -0.18105279
[Target-Weighted Loss] weights applied: {'us_Trade Weighted Dollar Index': 45.0, 'kr_fx': 45.0, 'jp_fx': 45.0}
[Target-Only Loss] enabled for columns: ['us_Trade Weighted Dollar Index', 'jp_fx', 'kr_fx']
[Bias Penalty] enabled lambda=0.25 scope=focus cols=['us_Trade Weighted Dollar Index', 'jp_fx', 'kr_fx']
iter:  0 | loss: 0.024
iter:  1 | loss: 0.027
iter:  2 | loss: 0.017
iter:  3 | loss: 0.037
iter:  4 | loss: 0.027
iter:  5 | loss: 0.033
iter:  6 | loss: 0.031
iter:  7 | loss: 0.027
iter:  8 | loss: 0.027
iter:  9 | loss: 0.011
iter: 10 | loss: 0.032
iter: 11 | loss: 0.025
iter: 12 | loss: 0.025
iter: 13 | loss: 0.018
iter: 14 | loss: 0.024
iter: 15 | loss: 0.023
iter: 16 | loss: 0.028
iter: 17 | loss: 0.021
iter: 18 | loss: 0.015
iter: 19 | loss: 0.021
iter: 20 | loss: 0.020
iter: 21 | loss: 0.030
iter: 22 | loss: 0.015
iter: 23 | loss: 0.019
iter: 24 | loss: 0.034
iter: 25 | loss: 0.029
iter: 26 | loss: 0.035
iter: 27 | loss: 0.038
iter: 28 | loss: 0.039
iter: 29 | loss: 0.020
iter: 30 | loss: 0.013
iter: 31 | loss: 0.023
iter: 32 | loss: 0.022
testing r= 5
rrse(target)=137.1546159335332 / 34.87594854780834 | rrse(all)=178929887279367.78 / 34622966134154.824 | report_mode=targets
[Validation] per_target_rrse_json={"us_Trade Weighted Dollar Index": 4.736969470977783, "jp_fx": 4.696556091308594, "kr_fx": 3.9038002490997314}
[Validation] per_target_lag_mae_json={"us_Trade Weighted Dollar Index": 0.5032050609588623, "jp_fx": 0.5138826966285706, "kr_fx": 6.492631435394287}
[Validation] per_target_dir_mismatch_json={"us_Trade Weighted Dollar Index": 0.36363636363636365, "jp_fx": 0.2727272727272727, "kr_fx": 0.36363636363636365}
| end of epoch   2 | time:  1.76s | train_loss 0.0252 | valid rse 3.9326 | valid rae 4.7848 | valid corr  -0.1110 | valid smape  0.3481 | focus_rrse 4.4458 | obj 4.4458
Experiment: 1
Iter: 0
epoch: 3
hp= [1, 0.00012749999999999998, 16, 128, 256, 1024, 40, 0.02, 2, 30, 0.6, 0.1, 2, 3]
best sum= 8.828381186864735
best rrse= 3.932641881998424
best rrae= 4.784756484474656
best corr= -0.11098282
best smape= 0.3481281054512612
best objective= 4.445775032043457
best hps= [1, 0.00012749999999999998, 16, 128, 256, 1024, 40, 0.02, 2, 30, 0.6, 0.1, 2, 1]
best test rse= 3.13124305039051
best test corr= -0.18105279
[Target-Weighted Loss] weights applied: {'us_Trade Weighted Dollar Index': 45.0, 'kr_fx': 45.0, 'jp_fx': 45.0}
[Target-Only Loss] enabled for columns: ['us_Trade Weighted Dollar Index', 'jp_fx', 'kr_fx']
[Bias Penalty] enabled lambda=0.25 scope=focus cols=['us_Trade Weighted Dollar Index', 'jp_fx', 'kr_fx']
iter:  0 | loss: 0.026
iter:  1 | loss: 0.015
iter:  2 | loss: 0.023
iter:  3 | loss: 0.023
iter:  4 | loss: 0.040
iter:  5 | loss: 0.024
iter:  6 | loss: 0.034
iter:  7 | loss: 0.024
iter:  8 | loss: 0.020
iter:  9 | loss: 0.025
iter: 10 | loss: 0.023
iter: 11 | loss: 0.021
iter: 12 | loss: 0.018
iter: 13 | loss: 0.015
iter: 14 | loss: 0.020
iter: 15 | loss: 0.014
iter: 16 | loss: 0.035
iter: 17 | loss: 0.039
iter: 18 | loss: 0.014
iter: 19 | loss: 0.026
iter: 20 | loss: 0.017
iter: 21 | loss: 0.014
iter: 22 | loss: 0.057
iter: 23 | loss: 0.024
iter: 24 | loss: 0.024
iter: 25 | loss: 0.041
iter: 26 | loss: 0.025
iter: 27 | loss: 0.041
iter: 28 | loss: 0.030
iter: 29 | loss: 0.026
iter: 30 | loss: 0.025
iter: 31 | loss: 0.014
iter: 32 | loss: 0.023
testing r= 5
rrse(target)=137.1546159335332 / 34.87594854780834 | rrse(all)=178929887279367.78 / 34622966134154.824 | report_mode=targets
[Validation] per_target_rrse_json={"us_Trade Weighted Dollar Index": 4.736969470977783, "jp_fx": 4.696556091308594, "kr_fx": 3.9038002490997314}
[Validation] per_target_lag_mae_json={"us_Trade Weighted Dollar Index": 0.5032050609588623, "jp_fx": 0.5138826966285706, "kr_fx": 6.492631435394287}
[Validation] per_target_dir_mismatch_json={"us_Trade Weighted Dollar Index": 0.36363636363636365, "jp_fx": 0.2727272727272727, "kr_fx": 0.36363636363636365}
| end of epoch   3 | time:  1.77s | train_loss 0.0254 | valid rse 3.9326 | valid rae 4.7848 | valid corr  -0.1110 | valid smape  0.3481 | focus_rrse 4.4458 | obj 4.4458
Experiment: 1
Iter: 0
epoch: 4
hp= [1, 0.00012749999999999998, 16, 128, 256, 1024, 40, 0.02, 2, 30, 0.6, 0.1, 2, 4]
best sum= 8.828381186864735
best rrse= 3.932641881998424
best rrae= 4.784756484474656
best corr= -0.11098282
best smape= 0.3481281054512612
best objective= 4.445775032043457
best hps= [1, 0.00012749999999999998, 16, 128, 256, 1024, 40, 0.02, 2, 30, 0.6, 0.1, 2, 1]
best test rse= 3.13124305039051
best test corr= -0.18105279
[Target-Weighted Loss] weights applied: {'us_Trade Weighted Dollar Index': 45.0, 'kr_fx': 45.0, 'jp_fx': 45.0}
[Target-Only Loss] enabled for columns: ['us_Trade Weighted Dollar Index', 'jp_fx', 'kr_fx']
[Bias Penalty] enabled lambda=0.25 scope=focus cols=['us_Trade Weighted Dollar Index', 'jp_fx', 'kr_fx']
iter:  0 | loss: 0.029
iter:  1 | loss: 0.026
iter:  2 | loss: 0.041
iter:  3 | loss: 0.030
iter:  4 | loss: 0.018
iter:  5 | loss: 0.017
iter:  6 | loss: 0.034
iter:  7 | loss: 0.026
iter:  8 | loss: 0.019
iter:  9 | loss: 0.014
iter: 10 | loss: 0.020
iter: 11 | loss: 0.022
iter: 12 | loss: 0.009
iter: 13 | loss: 0.022
iter: 14 | loss: 0.017
iter: 15 | loss: 0.037
iter: 16 | loss: 0.014
iter: 17 | loss: 0.017
iter: 18 | loss: 0.019
iter: 19 | loss: 0.028
iter: 20 | loss: 0.043
iter: 21 | loss: 0.027
iter: 22 | loss: 0.020
iter: 23 | loss: 0.024
iter: 24 | loss: 0.035
iter: 25 | loss: 0.033
iter: 26 | loss: 0.029
iter: 27 | loss: 0.036
iter: 28 | loss: 0.027
iter: 29 | loss: 0.016
iter: 30 | loss: 0.037
iter: 31 | loss: 0.018
iter: 32 | loss: 0.064
testing r= 5
rrse(target)=137.1546159335332 / 34.87594854780834 | rrse(all)=178929887279367.78 / 34622966134154.824 | report_mode=targets
[Validation] per_target_rrse_json={"us_Trade Weighted Dollar Index": 4.736969470977783, "jp_fx": 4.696556091308594, "kr_fx": 3.9038002490997314}
[Validation] per_target_lag_mae_json={"us_Trade Weighted Dollar Index": 0.5032050609588623, "jp_fx": 0.5138826966285706, "kr_fx": 6.492631435394287}
[Validation] per_target_dir_mismatch_json={"us_Trade Weighted Dollar Index": 0.36363636363636365, "jp_fx": 0.2727272727272727, "kr_fx": 0.36363636363636365}
| end of epoch   4 | time:  1.75s | train_loss 0.0260 | valid rse 3.9326 | valid rae 4.7848 | valid corr  -0.1110 | valid smape  0.3481 | focus_rrse 4.4458 | obj 4.4458
Experiment: 1
Iter: 0
epoch: 5
hp= [1, 0.00012749999999999998, 16, 128, 256, 1024, 40, 0.02, 2, 30, 0.6, 0.1, 2, 5]
best sum= 8.828381186864735
best rrse= 3.932641881998424
best rrae= 4.784756484474656
best corr= -0.11098282
best smape= 0.3481281054512612
best objective= 4.445775032043457
best hps= [1, 0.00012749999999999998, 16, 128, 256, 1024, 40, 0.02, 2, 30, 0.6, 0.1, 2, 1]
best test rse= 3.13124305039051
best test corr= -0.18105279
[Target-Weighted Loss] weights applied: {'us_Trade Weighted Dollar Index': 45.0, 'kr_fx': 45.0, 'jp_fx': 45.0}
[Target-Only Loss] enabled for columns: ['us_Trade Weighted Dollar Index', 'jp_fx', 'kr_fx']
[Bias Penalty] enabled lambda=0.25 scope=focus cols=['us_Trade Weighted Dollar Index', 'jp_fx', 'kr_fx']
iter:  0 | loss: 0.029
iter:  1 | loss: 0.017
iter:  2 | loss: 0.039
iter:  3 | loss: 0.027
iter:  4 | loss: 0.033
iter:  5 | loss: 0.014
iter:  6 | loss: 0.031
iter:  7 | loss: 0.022
iter:  8 | loss: 0.022
iter:  9 | loss: 0.009
iter: 10 | loss: 0.020
iter: 11 | loss: 0.019
iter: 12 | loss: 0.045
iter: 13 | loss: 0.015
iter: 14 | loss: 0.032
iter: 15 | loss: 0.019
iter: 16 | loss: 0.018
iter: 17 | loss: 0.016
iter: 18 | loss: 0.030
iter: 19 | loss: 0.029
iter: 20 | loss: 0.022
iter: 21 | loss: 0.043
iter: 22 | loss: 0.019
iter: 23 | loss: 0.022
iter: 24 | loss: 0.031
iter: 25 | loss: 0.041
iter: 26 | loss: 0.040
iter: 27 | loss: 0.021
iter: 28 | loss: 0.012
iter: 29 | loss: 0.020
iter: 30 | loss: 0.030
iter: 31 | loss: 0.017
iter: 32 | loss: 0.053
testing r= 5
rrse(target)=137.1546159335332 / 34.87594854780834 | rrse(all)=178929887279367.78 / 34622966134154.824 | report_mode=targets
[Validation] per_target_rrse_json={"us_Trade Weighted Dollar Index": 4.736969470977783, "jp_fx": 4.696556091308594, "kr_fx": 3.9038002490997314}
[Validation] per_target_lag_mae_json={"us_Trade Weighted Dollar Index": 0.5032050609588623, "jp_fx": 0.5138826966285706, "kr_fx": 6.492631435394287}
[Validation] per_target_dir_mismatch_json={"us_Trade Weighted Dollar Index": 0.36363636363636365, "jp_fx": 0.2727272727272727, "kr_fx": 0.36363636363636365}
| end of epoch   5 | time:  1.76s | train_loss 0.0257 | valid rse 3.9326 | valid rae 4.7848 | valid corr  -0.1110 | valid smape  0.3481 | focus_rrse 4.4458 | obj 4.4458
Experiment: 1
Iter: 0
epoch: 6
hp= [1, 0.00012749999999999998, 16, 128, 256, 1024, 40, 0.02, 2, 30, 0.6, 0.1, 2, 6]
best sum= 8.828381186864735
best rrse= 3.932641881998424
best rrae= 4.784756484474656
best corr= -0.11098282
best smape= 0.3481281054512612
best objective= 4.445775032043457
best hps= [1, 0.00012749999999999998, 16, 128, 256, 1024, 40, 0.02, 2, 30, 0.6, 0.1, 2, 1]
best test rse= 3.13124305039051
best test corr= -0.18105279
[Target-Weighted Loss] weights applied: {'us_Trade Weighted Dollar Index': 45.0, 'kr_fx': 45.0, 'jp_fx': 45.0}
[Target-Only Loss] enabled for columns: ['us_Trade Weighted Dollar Index', 'jp_fx', 'kr_fx']
[Bias Penalty] enabled lambda=0.25 scope=focus cols=['us_Trade Weighted Dollar Index', 'jp_fx', 'kr_fx']
iter:  0 | loss: 0.045
iter:  1 | loss: 0.041
iter:  2 | loss: 0.021
iter:  3 | loss: 0.028
iter:  4 | loss: 0.019
iter:  5 | loss: 0.006
iter:  6 | loss: 0.026
iter:  7 | loss: 0.017
iter:  8 | loss: 0.023
iter:  9 | loss: 0.027
iter: 10 | loss: 0.014
iter: 11 | loss: 0.048
iter: 12 | loss: 0.017
iter: 13 | loss: 0.031
iter: 14 | loss: 0.014
iter: 15 | loss: 0.022
iter: 16 | loss: 0.032
iter: 17 | loss: 0.024
iter: 18 | loss: 0.023
iter: 19 | loss: 0.023
iter: 20 | loss: 0.026
iter: 21 | loss: 0.008
iter: 22 | loss: 0.031
iter: 23 | loss: 0.047
iter: 24 | loss: 0.016
iter: 25 | loss: 0.023
iter: 26 | loss: 0.028
iter: 27 | loss: 0.038
iter: 28 | loss: 0.035
iter: 29 | loss: 0.023
iter: 30 | loss: 0.022
iter: 31 | loss: 0.030
iter: 32 | loss: 0.015
testing r= 5
rrse(target)=137.1546159335332 / 34.87594854780834 | rrse(all)=178929887279367.78 / 34622966134154.824 | report_mode=targets
[Validation] per_target_rrse_json={"us_Trade Weighted Dollar Index": 4.736969470977783, "jp_fx": 4.696556091308594, "kr_fx": 3.9038002490997314}
[Validation] per_target_lag_mae_json={"us_Trade Weighted Dollar Index": 0.5032050609588623, "jp_fx": 0.5138826966285706, "kr_fx": 6.492631435394287}
[Validation] per_target_dir_mismatch_json={"us_Trade Weighted Dollar Index": 0.36363636363636365, "jp_fx": 0.2727272727272727, "kr_fx": 0.36363636363636365}
| end of epoch   6 | time:  1.80s | train_loss 0.0256 | valid rse 3.9326 | valid rae 4.7848 | valid corr  -0.1110 | valid smape  0.3481 | focus_rrse 4.4458 | obj 4.4458
Experiment: 1
Iter: 0
epoch: 7
hp= [1, 0.00012749999999999998, 16, 128, 256, 1024, 40, 0.02, 2, 30, 0.6, 0.1, 2, 7]
best sum= 8.828381186864735
best rrse= 3.932641881998424
best rrae= 4.784756484474656
best corr= -0.11098282
best smape= 0.3481281054512612
best objective= 4.445775032043457
best hps= [1, 0.00012749999999999998, 16, 128, 256, 1024, 40, 0.02, 2, 30, 0.6, 0.1, 2, 1]
best test rse= 3.13124305039051
best test corr= -0.18105279
[Target-Weighted Loss] weights applied: {'us_Trade Weighted Dollar Index': 45.0, 'kr_fx': 45.0, 'jp_fx': 45.0}
[Target-Only Loss] enabled for columns: ['us_Trade Weighted Dollar Index', 'jp_fx', 'kr_fx']
[Bias Penalty] enabled lambda=0.25 scope=focus cols=['us_Trade Weighted Dollar Index', 'jp_fx', 'kr_fx']
iter:  0 | loss: 0.033
iter:  1 | loss: 0.028
iter:  2 | loss: 0.040
iter:  3 | loss: 0.031
iter:  4 | loss: 0.030
iter:  5 | loss: 0.017
iter:  6 | loss: 0.022
iter:  7 | loss: 0.025
iter:  8 | loss: 0.014
iter:  9 | loss: 0.019
iter: 10 | loss: 0.020
iter: 11 | loss: 0.018
iter: 12 | loss: 0.028
iter: 13 | loss: 0.020
iter: 14 | loss: 0.029
iter: 15 | loss: 0.031
iter: 16 | loss: 0.027
iter: 17 | loss: 0.010
iter: 18 | loss: 0.030
iter: 19 | loss: 0.019
iter: 20 | loss: 0.025
iter: 21 | loss: 0.014
iter: 22 | loss: 0.017
iter: 23 | loss: 0.035
iter: 24 | loss: 0.016
iter: 25 | loss: 0.041
iter: 26 | loss: 0.016
iter: 27 | loss: 0.016
iter: 28 | loss: 0.025
iter: 29 | loss: 0.027
iter: 30 | loss: 0.019
iter: 31 | loss: 0.038
iter: 32 | loss: 0.072
testing r= 5
rrse(target)=137.1546159335332 / 34.87594854780834 | rrse(all)=178929887279367.78 / 34622966134154.824 | report_mode=targets
[Validation] per_target_rrse_json={"us_Trade Weighted Dollar Index": 4.736969470977783, "jp_fx": 4.696556091308594, "kr_fx": 3.9038002490997314}
[Validation] per_target_lag_mae_json={"us_Trade Weighted Dollar Index": 0.5032050609588623, "jp_fx": 0.5138826966285706, "kr_fx": 6.492631435394287}
[Validation] per_target_dir_mismatch_json={"us_Trade Weighted Dollar Index": 0.36363636363636365, "jp_fx": 0.2727272727272727, "kr_fx": 0.36363636363636365}
| end of epoch   7 | time:  1.93s | train_loss 0.0255 | valid rse 3.9326 | valid rae 4.7848 | valid corr  -0.1110 | valid smape  0.3481 | focus_rrse 4.4458 | obj 4.4458
Experiment: 1
Iter: 0
epoch: 8
hp= [1, 0.00012749999999999998, 16, 128, 256, 1024, 40, 0.02, 2, 30, 0.6, 0.1, 2, 8]
best sum= 8.828381186864735
best rrse= 3.932641881998424
best rrae= 4.784756484474656
best corr= -0.11098282
best smape= 0.3481281054512612
best objective= 4.445775032043457
best hps= [1, 0.00012749999999999998, 16, 128, 256, 1024, 40, 0.02, 2, 30, 0.6, 0.1, 2, 1]
best test rse= 3.13124305039051
best test corr= -0.18105279
[Target-Weighted Loss] weights applied: {'us_Trade Weighted Dollar Index': 45.0, 'kr_fx': 45.0, 'jp_fx': 45.0}
[Target-Only Loss] enabled for columns: ['us_Trade Weighted Dollar Index', 'jp_fx', 'kr_fx']
[Bias Penalty] enabled lambda=0.25 scope=focus cols=['us_Trade Weighted Dollar Index', 'jp_fx', 'kr_fx']
iter:  0 | loss: 0.028
iter:  1 | loss: 0.026
iter:  2 | loss: 0.026
iter:  3 | loss: 0.019
iter:  4 | loss: 0.021
iter:  5 | loss: 0.026
iter:  6 | loss: 0.032
iter:  7 | loss: 0.032
iter:  8 | loss: 0.036
iter:  9 | loss: 0.008
iter: 10 | loss: 0.038
iter: 11 | loss: 0.031
iter: 12 | loss: 0.017
iter: 13 | loss: 0.031
iter: 14 | loss: 0.022
iter: 15 | loss: 0.017
iter: 16 | loss: 0.016
iter: 17 | loss: 0.024
iter: 18 | loss: 0.024
iter: 19 | loss: 0.017
iter: 20 | loss: 0.014
iter: 21 | loss: 0.025
iter: 22 | loss: 0.021
iter: 23 | loss: 0.023
iter: 24 | loss: 0.014
iter: 25 | loss: 0.022
iter: 26 | loss: 0.042
iter: 27 | loss: 0.047
iter: 28 | loss: 0.045
iter: 29 | loss: 0.021
iter: 30 | loss: 0.016
iter: 31 | loss: 0.029
iter: 32 | loss: 0.038
testing r= 5
rrse(target)=137.1546159335332 / 34.87594854780834 | rrse(all)=178929887279367.78 / 34622966134154.824 | report_mode=targets
[Validation] per_target_rrse_json={"us_Trade Weighted Dollar Index": 4.736969470977783, "jp_fx": 4.696556091308594, "kr_fx": 3.9038002490997314}
[Validation] per_target_lag_mae_json={"us_Trade Weighted Dollar Index": 0.5032050609588623, "jp_fx": 0.5138826966285706, "kr_fx": 6.492631435394287}
[Validation] per_target_dir_mismatch_json={"us_Trade Weighted Dollar Index": 0.36363636363636365, "jp_fx": 0.2727272727272727, "kr_fx": 0.36363636363636365}
| end of epoch   8 | time:  1.81s | train_loss 0.0256 | valid rse 3.9326 | valid rae 4.7848 | valid corr  -0.1110 | valid smape  0.3481 | focus_rrse 4.4458 | obj 4.4458
Experiment: 1
Iter: 0
epoch: 9
hp= [1, 0.00012749999999999998, 16, 128, 256, 1024, 40, 0.02, 2, 30, 0.6, 0.1, 2, 9]
best sum= 8.828381186864735
best rrse= 3.932641881998424
best rrae= 4.784756484474656
best corr= -0.11098282
best smape= 0.3481281054512612
best objective= 4.445775032043457
best hps= [1, 0.00012749999999999998, 16, 128, 256, 1024, 40, 0.02, 2, 30, 0.6, 0.1, 2, 1]
best test rse= 3.13124305039051
best test corr= -0.18105279
[Target-Weighted Loss] weights applied: {'us_Trade Weighted Dollar Index': 45.0, 'kr_fx': 45.0, 'jp_fx': 45.0}
[Target-Only Loss] enabled for columns: ['us_Trade Weighted Dollar Index', 'jp_fx', 'kr_fx']
[Bias Penalty] enabled lambda=0.25 scope=focus cols=['us_Trade Weighted Dollar Index', 'jp_fx', 'kr_fx']
iter:  0 | loss: 0.021
iter:  1 | loss: 0.034
iter:  2 | loss: 0.023
iter:  3 | loss: 0.018
iter:  4 | loss: 0.019
iter:  5 | loss: 0.024
iter:  6 | loss: 0.021
iter:  7 | loss: 0.044
iter:  8 | loss: 0.015
iter:  9 | loss: 0.050
iter: 10 | loss: 0.032
iter: 11 | loss: 0.010
iter: 12 | loss: 0.018
iter: 13 | loss: 0.031
iter: 14 | loss: 0.021
iter: 15 | loss: 0.017
iter: 16 | loss: 0.030
iter: 17 | loss: 0.012
iter: 18 | loss: 0.024
iter: 19 | loss: 0.016
iter: 20 | loss: 0.053
iter: 21 | loss: 0.028
iter: 22 | loss: 0.020
iter: 23 | loss: 0.019
iter: 24 | loss: 0.029
iter: 25 | loss: 0.051
iter: 26 | loss: 0.019
iter: 27 | loss: 0.027
iter: 28 | loss: 0.011
iter: 29 | loss: 0.031
iter: 30 | loss: 0.019
iter: 31 | loss: 0.029
iter: 32 | loss: 0.024
testing r= 5
rrse(target)=137.1546159335332 / 34.87594854780834 | rrse(all)=178929887279367.78 / 34622966134154.824 | report_mode=targets
[Validation] per_target_rrse_json={"us_Trade Weighted Dollar Index": 4.736969470977783, "jp_fx": 4.696556091308594, "kr_fx": 3.9038002490997314}
[Validation] per_target_lag_mae_json={"us_Trade Weighted Dollar Index": 0.5032050609588623, "jp_fx": 0.5138826966285706, "kr_fx": 6.492631435394287}
[Validation] per_target_dir_mismatch_json={"us_Trade Weighted Dollar Index": 0.36363636363636365, "jp_fx": 0.2727272727272727, "kr_fx": 0.36363636363636365}
| end of epoch   9 | time:  1.84s | train_loss 0.0255 | valid rse 3.9326 | valid rae 4.7848 | valid corr  -0.1110 | valid smape  0.3481 | focus_rrse 4.4458 | obj 4.4458
Experiment: 1
Iter: 0
epoch: 10
hp= [1, 0.00012749999999999998, 16, 128, 256, 1024, 40, 0.02, 2, 30, 0.6, 0.1, 2, 10]
best sum= 8.828381186864735
best rrse= 3.932641881998424
best rrae= 4.784756484474656
best corr= -0.11098282
best smape= 0.3481281054512612
best objective= 4.445775032043457
best hps= [1, 0.00012749999999999998, 16, 128, 256, 1024, 40, 0.02, 2, 30, 0.6, 0.1, 2, 1]
best test rse= 3.13124305039051
best test corr= -0.18105279
[Target-Weighted Loss] weights applied: {'us_Trade Weighted Dollar Index': 45.0, 'kr_fx': 45.0, 'jp_fx': 45.0}
[Target-Only Loss] enabled for columns: ['us_Trade Weighted Dollar Index', 'jp_fx', 'kr_fx']
[Bias Penalty] enabled lambda=0.25 scope=focus cols=['us_Trade Weighted Dollar Index', 'jp_fx', 'kr_fx']
iter:  0 | loss: 0.019
iter:  1 | loss: 0.015
iter:  2 | loss: 0.022
iter:  3 | loss: 0.029
iter:  4 | loss: 0.023
iter:  5 | loss: 0.020
iter:  6 | loss: 0.022
iter:  7 | loss: 0.039
iter:  8 | loss: 0.030
iter:  9 | loss: 0.024
iter: 10 | loss: 0.035
iter: 11 | loss: 0.021
iter: 12 | loss: 0.018
iter: 13 | loss: 0.029
iter: 14 | loss: 0.025
iter: 15 | loss: 0.020
iter: 16 | loss: 0.017
iter: 17 | loss: 0.013
iter: 18 | loss: 0.034
iter: 19 | loss: 0.032
iter: 20 | loss: 0.026
iter: 21 | loss: 0.029
iter: 22 | loss: 0.017
iter: 23 | loss: 0.035
iter: 24 | loss: 0.019
iter: 25 | loss: 0.021
iter: 26 | loss: 0.033
iter: 27 | loss: 0.014
iter: 28 | loss: 0.035
iter: 29 | loss: 0.027
iter: 30 | loss: 0.026
iter: 31 | loss: 0.021
iter: 32 | loss: 0.045
testing r= 5
rrse(target)=137.1546159335332 / 34.87594854780834 | rrse(all)=178929887279367.78 / 34622966134154.824 | report_mode=targets
[Validation] per_target_rrse_json={"us_Trade Weighted Dollar Index": 4.736969470977783, "jp_fx": 4.696556091308594, "kr_fx": 3.9038002490997314}
[Validation] per_target_lag_mae_json={"us_Trade Weighted Dollar Index": 0.5032050609588623, "jp_fx": 0.5138826966285706, "kr_fx": 6.492631435394287}
[Validation] per_target_dir_mismatch_json={"us_Trade Weighted Dollar Index": 0.36363636363636365, "jp_fx": 0.2727272727272727, "kr_fx": 0.36363636363636365}
| end of epoch  10 | time:  1.76s | train_loss 0.0252 | valid rse 3.9326 | valid rae 4.7848 | valid corr  -0.1110 | valid smape  0.3481 | focus_rrse 4.4458 | obj 4.4458
Experiment: 1
Iter: 0
epoch: 11
hp= [1, 0.00012749999999999998, 16, 128, 256, 1024, 40, 0.02, 2, 30, 0.6, 0.1, 2, 11]
best sum= 8.828381186864735
best rrse= 3.932641881998424
best rrae= 4.784756484474656
best corr= -0.11098282
best smape= 0.3481281054512612
best objective= 4.445775032043457
best hps= [1, 0.00012749999999999998, 16, 128, 256, 1024, 40, 0.02, 2, 30, 0.6, 0.1, 2, 1]
best test rse= 3.13124305039051
best test corr= -0.18105279
[Target-Weighted Loss] weights applied: {'us_Trade Weighted Dollar Index': 45.0, 'kr_fx': 45.0, 'jp_fx': 45.0}
[Target-Only Loss] enabled for columns: ['us_Trade Weighted Dollar Index', 'jp_fx', 'kr_fx']
[Bias Penalty] enabled lambda=0.25 scope=focus cols=['us_Trade Weighted Dollar Index', 'jp_fx', 'kr_fx']
iter:  0 | loss: 0.015
iter:  1 | loss: 0.022
iter:  2 | loss: 0.029
iter:  3 | loss: 0.024
iter:  4 | loss: 0.041
iter:  5 | loss: 0.035
iter:  6 | loss: 0.028
iter:  7 | loss: 0.008
iter:  8 | loss: 0.019
iter:  9 | loss: 0.016
iter: 10 | loss: 0.039
iter: 11 | loss: 0.022
iter: 12 | loss: 0.021
iter: 13 | loss: 0.023
iter: 14 | loss: 0.010
iter: 15 | loss: 0.026
iter: 16 | loss: 0.032
iter: 17 | loss: 0.031
iter: 18 | loss: 0.026
iter: 19 | loss: 0.022
iter: 20 | loss: 0.024
iter: 21 | loss: 0.031
iter: 22 | loss: 0.016
iter: 23 | loss: 0.021
iter: 24 | loss: 0.043
iter: 25 | loss: 0.025
iter: 26 | loss: 0.019
iter: 27 | loss: 0.034
iter: 28 | loss: 0.019
iter: 29 | loss: 0.020
iter: 30 | loss: 0.037
iter: 31 | loss: 0.024
iter: 32 | loss: 0.049
testing r= 5
rrse(target)=137.1546159335332 / 34.87594854780834 | rrse(all)=178929887279367.78 / 34622966134154.824 | report_mode=targets
[Validation] per_target_rrse_json={"us_Trade Weighted Dollar Index": 4.736969470977783, "jp_fx": 4.696556091308594, "kr_fx": 3.9038002490997314}
[Validation] per_target_lag_mae_json={"us_Trade Weighted Dollar Index": 0.5032050609588623, "jp_fx": 0.5138826966285706, "kr_fx": 6.492631435394287}
[Validation] per_target_dir_mismatch_json={"us_Trade Weighted Dollar Index": 0.36363636363636365, "jp_fx": 0.2727272727272727, "kr_fx": 0.36363636363636365}
| end of epoch  11 | time:  1.70s | train_loss 0.0256 | valid rse 3.9326 | valid rae 4.7848 | valid corr  -0.1110 | valid smape  0.3481 | focus_rrse 4.4458 | obj 4.4458
Experiment: 1
Iter: 0
epoch: 12
hp= [1, 0.00012749999999999998, 16, 128, 256, 1024, 40, 0.02, 2, 30, 0.6, 0.1, 2, 12]
best sum= 8.828381186864735
best rrse= 3.932641881998424
best rrae= 4.784756484474656
best corr= -0.11098282
best smape= 0.3481281054512612
best objective= 4.445775032043457
best hps= [1, 0.00012749999999999998, 16, 128, 256, 1024, 40, 0.02, 2, 30, 0.6, 0.1, 2, 1]
best test rse= 3.13124305039051
best test corr= -0.18105279
[Target-Weighted Loss] weights applied: {'us_Trade Weighted Dollar Index': 45.0, 'kr_fx': 45.0, 'jp_fx': 45.0}
[Target-Only Loss] enabled for columns: ['us_Trade Weighted Dollar Index', 'jp_fx', 'kr_fx']
[Bias Penalty] enabled lambda=0.25 scope=focus cols=['us_Trade Weighted Dollar Index', 'jp_fx', 'kr_fx']
iter:  0 | loss: 0.019
iter:  1 | loss: 0.025
iter:  2 | loss: 0.027
iter:  3 | loss: 0.021
iter:  4 | loss: 0.028
iter:  5 | loss: 0.021
iter:  6 | loss: 0.014
iter:  7 | loss: 0.026
iter:  8 | loss: 0.024
iter:  9 | loss: 0.025
iter: 10 | loss: 0.037
iter: 11 | loss: 0.021
iter: 12 | loss: 0.022
iter: 13 | loss: 0.033
iter: 14 | loss: 0.018
iter: 15 | loss: 0.042
iter: 16 | loss: 0.019
iter: 17 | loss: 0.026
iter: 18 | loss: 0.022
iter: 19 | loss: 0.027
iter: 20 | loss: 0.022
iter: 21 | loss: 0.010
iter: 22 | loss: 0.029
iter: 23 | loss: 0.036
iter: 24 | loss: 0.021
iter: 25 | loss: 0.017
iter: 26 | loss: 0.020
iter: 27 | loss: 0.053
iter: 28 | loss: 0.026
iter: 29 | loss: 0.020
iter: 30 | loss: 0.018
iter: 31 | loss: 0.038
iter: 32 | loss: 0.024
testing r= 5
rrse(target)=137.1546159335332 / 34.87594854780834 | rrse(all)=178929887279367.78 / 34622966134154.824 | report_mode=targets
[Validation] per_target_rrse_json={"us_Trade Weighted Dollar Index": 4.736969470977783, "jp_fx": 4.696556091308594, "kr_fx": 3.9038002490997314}
[Validation] per_target_lag_mae_json={"us_Trade Weighted Dollar Index": 0.5032050609588623, "jp_fx": 0.5138826966285706, "kr_fx": 6.492631435394287}
[Validation] per_target_dir_mismatch_json={"us_Trade Weighted Dollar Index": 0.36363636363636365, "jp_fx": 0.2727272727272727, "kr_fx": 0.36363636363636365}
| end of epoch  12 | time:  1.80s | train_loss 0.0252 | valid rse 3.9326 | valid rae 4.7848 | valid corr  -0.1110 | valid smape  0.3481 | focus_rrse 4.4458 | obj 4.4458
Experiment: 1
Iter: 0
epoch: 13
hp= [1, 0.00012749999999999998, 16, 128, 256, 1024, 40, 0.02, 2, 30, 0.6, 0.1, 2, 13]
best sum= 8.828381186864735
best rrse= 3.932641881998424
best rrae= 4.784756484474656
best corr= -0.11098282
best smape= 0.3481281054512612
best objective= 4.445775032043457
best hps= [1, 0.00012749999999999998, 16, 128, 256, 1024, 40, 0.02, 2, 30, 0.6, 0.1, 2, 1]
best test rse= 3.13124305039051
best test corr= -0.18105279
[Target-Weighted Loss] weights applied: {'us_Trade Weighted Dollar Index': 45.0, 'kr_fx': 45.0, 'jp_fx': 45.0}
[Target-Only Loss] enabled for columns: ['us_Trade Weighted Dollar Index', 'jp_fx', 'kr_fx']
[Bias Penalty] enabled lambda=0.25 scope=focus cols=['us_Trade Weighted Dollar Index', 'jp_fx', 'kr_fx']
iter:  0 | loss: 0.018
iter:  1 | loss: 0.032
iter:  2 | loss: 0.021
iter:  3 | loss: 0.019
iter:  4 | loss: 0.022
iter:  5 | loss: 0.034
iter:  6 | loss: 0.032
iter:  7 | loss: 0.017
iter:  8 | loss: 0.039
iter:  9 | loss: 0.021
iter: 10 | loss: 0.026
iter: 11 | loss: 0.040
iter: 12 | loss: 0.025
iter: 13 | loss: 0.023
iter: 14 | loss: 0.019
iter: 15 | loss: 0.031
iter: 16 | loss: 0.017
iter: 17 | loss: 0.030
iter: 18 | loss: 0.038
iter: 19 | loss: 0.027
iter: 20 | loss: 0.025
iter: 21 | loss: 0.041
iter: 22 | loss: 0.021
iter: 23 | loss: 0.031
iter: 24 | loss: 0.020
iter: 25 | loss: 0.012
iter: 26 | loss: 0.021
iter: 27 | loss: 0.013
iter: 28 | loss: 0.024
iter: 29 | loss: 0.026
iter: 30 | loss: 0.021
iter: 31 | loss: 0.023
iter: 32 | loss: 0.027
testing r= 5
rrse(target)=137.1546159335332 / 34.87594854780834 | rrse(all)=178929887279367.78 / 34622966134154.824 | report_mode=targets
[Validation] per_target_rrse_json={"us_Trade Weighted Dollar Index": 4.736969470977783, "jp_fx": 4.696556091308594, "kr_fx": 3.9038002490997314}
[Validation] per_target_lag_mae_json={"us_Trade Weighted Dollar Index": 0.5032050609588623, "jp_fx": 0.5138826966285706, "kr_fx": 6.492631435394287}
[Validation] per_target_dir_mismatch_json={"us_Trade Weighted Dollar Index": 0.36363636363636365, "jp_fx": 0.2727272727272727, "kr_fx": 0.36363636363636365}
| end of epoch  13 | time:  1.76s | train_loss 0.0253 | valid rse 3.9326 | valid rae 4.7848 | valid corr  -0.1110 | valid smape  0.3481 | focus_rrse 4.4458 | obj 4.4458
Experiment: 1
Iter: 0
epoch: 14
hp= [1, 0.00012749999999999998, 16, 128, 256, 1024, 40, 0.02, 2, 30, 0.6, 0.1, 2, 14]
best sum= 8.828381186864735
best rrse= 3.932641881998424
best rrae= 4.784756484474656
best corr= -0.11098282
best smape= 0.3481281054512612
best objective= 4.445775032043457
best hps= [1, 0.00012749999999999998, 16, 128, 256, 1024, 40, 0.02, 2, 30, 0.6, 0.1, 2, 1]
best test rse= 3.13124305039051
best test corr= -0.18105279
[Target-Weighted Loss] weights applied: {'us_Trade Weighted Dollar Index': 45.0, 'kr_fx': 45.0, 'jp_fx': 45.0}
[Target-Only Loss] enabled for columns: ['us_Trade Weighted Dollar Index', 'jp_fx', 'kr_fx']
[Bias Penalty] enabled lambda=0.25 scope=focus cols=['us_Trade Weighted Dollar Index', 'jp_fx', 'kr_fx']
iter:  0 | loss: 0.015
iter:  1 | loss: 0.027
iter:  2 | loss: 0.025
iter:  3 | loss: 0.039
iter:  4 | loss: 0.014
iter:  5 | loss: 0.017
iter:  6 | loss: 0.019
iter:  7 | loss: 0.027
iter:  8 | loss: 0.017
iter:  9 | loss: 0.014
iter: 10 | loss: 0.024
iter: 11 | loss: 0.023
iter: 12 | loss: 0.036
iter: 13 | loss: 0.008
iter: 14 | loss: 0.026
iter: 15 | loss: 0.028
iter: 16 | loss: 0.019
iter: 17 | loss: 0.046
iter: 18 | loss: 0.029
iter: 19 | loss: 0.010
iter: 20 | loss: 0.018
iter: 21 | loss: 0.021
iter: 22 | loss: 0.022
iter: 23 | loss: 0.036
iter: 24 | loss: 0.021
iter: 25 | loss: 0.044
iter: 26 | loss: 0.021
iter: 27 | loss: 0.024
iter: 28 | loss: 0.018
iter: 29 | loss: 0.037
iter: 30 | loss: 0.028
iter: 31 | loss: 0.036
iter: 32 | loss: 0.043
testing r= 5
rrse(target)=137.1546159335332 / 34.87594854780834 | rrse(all)=178929887279367.78 / 34622966134154.824 | report_mode=targets
[Validation] per_target_rrse_json={"us_Trade Weighted Dollar Index": 4.736969470977783, "jp_fx": 4.696556091308594, "kr_fx": 3.9038002490997314}
[Validation] per_target_lag_mae_json={"us_Trade Weighted Dollar Index": 0.5032050609588623, "jp_fx": 0.5138826966285706, "kr_fx": 6.492631435394287}
[Validation] per_target_dir_mismatch_json={"us_Trade Weighted Dollar Index": 0.36363636363636365, "jp_fx": 0.2727272727272727, "kr_fx": 0.36363636363636365}
| end of epoch  14 | time:  1.67s | train_loss 0.0251 | valid rse 3.9326 | valid rae 4.7848 | valid corr  -0.1110 | valid smape  0.3481 | focus_rrse 4.4458 | obj 4.4458
Experiment: 1
Iter: 0
epoch: 15
hp= [1, 0.00012749999999999998, 16, 128, 256, 1024, 40, 0.02, 2, 30, 0.6, 0.1, 2, 15]
best sum= 8.828381186864735
best rrse= 3.932641881998424
best rrae= 4.784756484474656
best corr= -0.11098282
best smape= 0.3481281054512612
best objective= 4.445775032043457
best hps= [1, 0.00012749999999999998, 16, 128, 256, 1024, 40, 0.02, 2, 30, 0.6, 0.1, 2, 1]
best test rse= 3.13124305039051
best test corr= -0.18105279
[Target-Weighted Loss] weights applied: {'us_Trade Weighted Dollar Index': 45.0, 'kr_fx': 45.0, 'jp_fx': 45.0}
[Target-Only Loss] enabled for columns: ['us_Trade Weighted Dollar Index', 'jp_fx', 'kr_fx']
[Bias Penalty] enabled lambda=0.25 scope=focus cols=['us_Trade Weighted Dollar Index', 'jp_fx', 'kr_fx']
iter:  0 | loss: 0.020
iter:  1 | loss: 0.059
iter:  2 | loss: 0.018
iter:  3 | loss: 0.014
iter:  4 | loss: 0.037
iter:  5 | loss: 0.015
iter:  6 | loss: 0.017
iter:  7 | loss: 0.026
iter:  8 | loss: 0.014
iter:  9 | loss: 0.016
iter: 10 | loss: 0.020
iter: 11 | loss: 0.027
iter: 12 | loss: 0.023
iter: 13 | loss: 0.048
iter: 14 | loss: 0.028
iter: 15 | loss: 0.020
iter: 16 | loss: 0.027
iter: 17 | loss: 0.015
iter: 18 | loss: 0.035
iter: 19 | loss: 0.015
iter: 20 | loss: 0.017
iter: 21 | loss: 0.029
iter: 22 | loss: 0.033
iter: 23 | loss: 0.029
iter: 24 | loss: 0.037
iter: 25 | loss: 0.019
iter: 26 | loss: 0.022
iter: 27 | loss: 0.025
iter: 28 | loss: 0.030
iter: 29 | loss: 0.017
iter: 30 | loss: 0.032
iter: 31 | loss: 0.014
iter: 32 | loss: 0.027
testing r= 5
rrse(target)=137.1546159335332 / 34.87594854780834 | rrse(all)=178929887279367.78 / 34622966134154.824 | report_mode=targets
[Validation] per_target_rrse_json={"us_Trade Weighted Dollar Index": 4.736969470977783, "jp_fx": 4.696556091308594, "kr_fx": 3.9038002490997314}
[Validation] per_target_lag_mae_json={"us_Trade Weighted Dollar Index": 0.5032050609588623, "jp_fx": 0.5138826966285706, "kr_fx": 6.492631435394287}
[Validation] per_target_dir_mismatch_json={"us_Trade Weighted Dollar Index": 0.36363636363636365, "jp_fx": 0.2727272727272727, "kr_fx": 0.36363636363636365}
| end of epoch  15 | time:  1.69s | train_loss 0.0250 | valid rse 3.9326 | valid rae 4.7848 | valid corr  -0.1110 | valid smape  0.3481 | focus_rrse 4.4458 | obj 4.4458
Experiment: 1
Iter: 0
epoch: 16
hp= [1, 0.00012749999999999998, 16, 128, 256, 1024, 40, 0.02, 2, 30, 0.6, 0.1, 2, 16]
best sum= 8.828381186864735
best rrse= 3.932641881998424
best rrae= 4.784756484474656
best corr= -0.11098282
best smape= 0.3481281054512612
best objective= 4.445775032043457
best hps= [1, 0.00012749999999999998, 16, 128, 256, 1024, 40, 0.02, 2, 30, 0.6, 0.1, 2, 1]
best test rse= 3.13124305039051
best test corr= -0.18105279
[Target-Weighted Loss] weights applied: {'us_Trade Weighted Dollar Index': 45.0, 'kr_fx': 45.0, 'jp_fx': 45.0}
[Target-Only Loss] enabled for columns: ['us_Trade Weighted Dollar Index', 'jp_fx', 'kr_fx']
[Bias Penalty] enabled lambda=0.25 scope=focus cols=['us_Trade Weighted Dollar Index', 'jp_fx', 'kr_fx']
iter:  0 | loss: 0.029
iter:  1 | loss: 0.025
iter:  2 | loss: 0.013
iter:  3 | loss: 0.038
iter:  4 | loss: 0.043
iter:  5 | loss: 0.033
iter:  6 | loss: 0.026
iter:  7 | loss: 0.020
iter:  8 | loss: 0.024
iter:  9 | loss: 0.020
iter: 10 | loss: 0.012
iter: 11 | loss: 0.018
iter: 12 | loss: 0.017
iter: 13 | loss: 0.021
iter: 14 | loss: 0.037
iter: 15 | loss: 0.023
iter: 16 | loss: 0.016
iter: 17 | loss: 0.020
iter: 18 | loss: 0.019
iter: 19 | loss: 0.028
iter: 20 | loss: 0.045
iter: 21 | loss: 0.021
iter: 22 | loss: 0.023
iter: 23 | loss: 0.030
iter: 24 | loss: 0.014
iter: 25 | loss: 0.022
iter: 26 | loss: 0.020
iter: 27 | loss: 0.029
iter: 28 | loss: 0.030
iter: 29 | loss: 0.019
iter: 30 | loss: 0.020
iter: 31 | loss: 0.018
iter: 32 | loss: 0.067
testing r= 5
rrse(target)=137.1546159335332 / 34.87594854780834 | rrse(all)=178929887279367.78 / 34622966134154.824 | report_mode=targets
[Validation] per_target_rrse_json={"us_Trade Weighted Dollar Index": 4.736969470977783, "jp_fx": 4.696556091308594, "kr_fx": 3.9038002490997314}
[Validation] per_target_lag_mae_json={"us_Trade Weighted Dollar Index": 0.5032050609588623, "jp_fx": 0.5138826966285706, "kr_fx": 6.492631435394287}
[Validation] per_target_dir_mismatch_json={"us_Trade Weighted Dollar Index": 0.36363636363636365, "jp_fx": 0.2727272727272727, "kr_fx": 0.36363636363636365}
| end of epoch  16 | time:  1.68s | train_loss 0.0251 | valid rse 3.9326 | valid rae 4.7848 | valid corr  -0.1110 | valid smape  0.3481 | focus_rrse 4.4458 | obj 4.4458
Experiment: 1
Iter: 0
epoch: 17
hp= [1, 0.00012749999999999998, 16, 128, 256, 1024, 40, 0.02, 2, 30, 0.6, 0.1, 2, 17]
best sum= 8.828381186864735
best rrse= 3.932641881998424
best rrae= 4.784756484474656
best corr= -0.11098282
best smape= 0.3481281054512612
best objective= 4.445775032043457
best hps= [1, 0.00012749999999999998, 16, 128, 256, 1024, 40, 0.02, 2, 30, 0.6, 0.1, 2, 1]
best test rse= 3.13124305039051
best test corr= -0.18105279
[Target-Weighted Loss] weights applied: {'us_Trade Weighted Dollar Index': 45.0, 'kr_fx': 45.0, 'jp_fx': 45.0}
[Target-Only Loss] enabled for columns: ['us_Trade Weighted Dollar Index', 'jp_fx', 'kr_fx']
[Bias Penalty] enabled lambda=0.25 scope=focus cols=['us_Trade Weighted Dollar Index', 'jp_fx', 'kr_fx']
iter:  0 | loss: 0.017
iter:  1 | loss: 0.036
iter:  2 | loss: 0.021
iter:  3 | loss: 0.013
iter:  4 | loss: 0.015
iter:  5 | loss: 0.020
iter:  6 | loss: 0.019
iter:  7 | loss: 0.039
iter:  8 | loss: 0.008
iter:  9 | loss: 0.016
iter: 10 | loss: 0.022
iter: 11 | loss: 0.026
iter: 12 | loss: 0.024
iter: 13 | loss: 0.034
iter: 14 | loss: 0.030
iter: 15 | loss: 0.031
iter: 16 | loss: 0.014
iter: 17 | loss: 0.013
iter: 18 | loss: 0.033
iter: 19 | loss: 0.039
iter: 20 | loss: 0.027
iter: 21 | loss: 0.020
iter: 22 | loss: 0.022
iter: 23 | loss: 0.029
iter: 24 | loss: 0.026
iter: 25 | loss: 0.027
iter: 26 | loss: 0.022
iter: 27 | loss: 0.014
iter: 28 | loss: 0.026
iter: 29 | loss: 0.022
iter: 30 | loss: 0.045
iter: 31 | loss: 0.023
iter: 32 | loss: 0.050
testing r= 5
rrse(target)=137.1546159335332 / 34.87594854780834 | rrse(all)=178929887279367.78 / 34622966134154.824 | report_mode=targets
[Validation] per_target_rrse_json={"us_Trade Weighted Dollar Index": 4.736969470977783, "jp_fx": 4.696556091308594, "kr_fx": 3.9038002490997314}
[Validation] per_target_lag_mae_json={"us_Trade Weighted Dollar Index": 0.5032050609588623, "jp_fx": 0.5138826966285706, "kr_fx": 6.492631435394287}
[Validation] per_target_dir_mismatch_json={"us_Trade Weighted Dollar Index": 0.36363636363636365, "jp_fx": 0.2727272727272727, "kr_fx": 0.36363636363636365}
| end of epoch  17 | time:  1.80s | train_loss 0.0248 | valid rse 3.9326 | valid rae 4.7848 | valid corr  -0.1110 | valid smape  0.3481 | focus_rrse 4.4458 | obj 4.4458
Experiment: 1
Iter: 0
epoch: 18
hp= [1, 0.00012749999999999998, 16, 128, 256, 1024, 40, 0.02, 2, 30, 0.6, 0.1, 2, 18]
best sum= 8.828381186864735
best rrse= 3.932641881998424
best rrae= 4.784756484474656
best corr= -0.11098282
best smape= 0.3481281054512612
best objective= 4.445775032043457
best hps= [1, 0.00012749999999999998, 16, 128, 256, 1024, 40, 0.02, 2, 30, 0.6, 0.1, 2, 1]
best test rse= 3.13124305039051
best test corr= -0.18105279
[Target-Weighted Loss] weights applied: {'us_Trade Weighted Dollar Index': 45.0, 'kr_fx': 45.0, 'jp_fx': 45.0}
[Target-Only Loss] enabled for columns: ['us_Trade Weighted Dollar Index', 'jp_fx', 'kr_fx']
[Bias Penalty] enabled lambda=0.25 scope=focus cols=['us_Trade Weighted Dollar Index', 'jp_fx', 'kr_fx']
iter:  0 | loss: 0.025
iter:  1 | loss: 0.041
iter:  2 | loss: 0.025
iter:  3 | loss: 0.020
iter:  4 | loss: 0.011
iter:  5 | loss: 0.017
iter:  6 | loss: 0.020
iter:  7 | loss: 0.022
iter:  8 | loss: 0.021
iter:  9 | loss: 0.020
iter: 10 | loss: 0.016
iter: 11 | loss: 0.021
iter: 12 | loss: 0.022
iter: 13 | loss: 0.048
iter: 14 | loss: 0.024
iter: 15 | loss: 0.041
iter: 16 | loss: 0.027
iter: 17 | loss: 0.010
iter: 18 | loss: 0.032
iter: 19 | loss: 0.025
iter: 20 | loss: 0.028
iter: 21 | loss: 0.015
iter: 22 | loss: 0.026
iter: 23 | loss: 0.026
iter: 24 | loss: 0.021
iter: 25 | loss: 0.046
iter: 26 | loss: 0.029
iter: 27 | loss: 0.035
iter: 28 | loss: 0.023
iter: 29 | loss: 0.025
iter: 30 | loss: 0.026
iter: 31 | loss: 0.017
iter: 32 | loss: 0.027
testing r= 5
rrse(target)=137.1546159335332 / 34.87594854780834 | rrse(all)=178929887279367.78 / 34622966134154.824 | report_mode=targets
[Validation] per_target_rrse_json={"us_Trade Weighted Dollar Index": 4.736969470977783, "jp_fx": 4.696556091308594, "kr_fx": 3.9038002490997314}
[Validation] per_target_lag_mae_json={"us_Trade Weighted Dollar Index": 0.5032050609588623, "jp_fx": 0.5138826966285706, "kr_fx": 6.492631435394287}
[Validation] per_target_dir_mismatch_json={"us_Trade Weighted Dollar Index": 0.36363636363636365, "jp_fx": 0.2727272727272727, "kr_fx": 0.36363636363636365}
| end of epoch  18 | time:  1.76s | train_loss 0.0252 | valid rse 3.9326 | valid rae 4.7848 | valid corr  -0.1110 | valid smape  0.3481 | focus_rrse 4.4458 | obj 4.4458
Experiment: 1
Iter: 0
epoch: 19
hp= [1, 0.00012749999999999998, 16, 128, 256, 1024, 40, 0.02, 2, 30, 0.6, 0.1, 2, 19]
best sum= 8.828381186864735
best rrse= 3.932641881998424
best rrae= 4.784756484474656
best corr= -0.11098282
best smape= 0.3481281054512612
best objective= 4.445775032043457
best hps= [1, 0.00012749999999999998, 16, 128, 256, 1024, 40, 0.02, 2, 30, 0.6, 0.1, 2, 1]
best test rse= 3.13124305039051
best test corr= -0.18105279
[Target-Weighted Loss] weights applied: {'us_Trade Weighted Dollar Index': 45.0, 'kr_fx': 45.0, 'jp_fx': 45.0}
[Target-Only Loss] enabled for columns: ['us_Trade Weighted Dollar Index', 'jp_fx', 'kr_fx']
[Bias Penalty] enabled lambda=0.25 scope=focus cols=['us_Trade Weighted Dollar Index', 'jp_fx', 'kr_fx']
iter:  0 | loss: 0.029
iter:  1 | loss: 0.019
iter:  2 | loss: 0.014
iter:  3 | loss: 0.020
iter:  4 | loss: 0.042
iter:  5 | loss: 0.021
iter:  6 | loss: 0.016
iter:  7 | loss: 0.019
iter:  8 | loss: 0.014
iter:  9 | loss: 0.030
iter: 10 | loss: 0.049
iter: 11 | loss: 0.015
iter: 12 | loss: 0.036
iter: 13 | loss: 0.028
iter: 14 | loss: 0.027
iter: 15 | loss: 0.029
iter: 16 | loss: 0.022
iter: 17 | loss: 0.031
iter: 18 | loss: 0.034
iter: 19 | loss: 0.015
iter: 20 | loss: 0.035
iter: 21 | loss: 0.020
iter: 22 | loss: 0.027
iter: 23 | loss: 0.027
iter: 24 | loss: 0.022
iter: 25 | loss: 0.022
iter: 26 | loss: 0.025
iter: 27 | loss: 0.018
iter: 28 | loss: 0.027
iter: 29 | loss: 0.037
iter: 30 | loss: 0.015
iter: 31 | loss: 0.015
iter: 32 | loss: 0.026
testing r= 5
rrse(target)=137.1546159335332 / 34.87594854780834 | rrse(all)=178929887279367.78 / 34622966134154.824 | report_mode=targets
[Validation] per_target_rrse_json={"us_Trade Weighted Dollar Index": 4.736969470977783, "jp_fx": 4.696556091308594, "kr_fx": 3.9038002490997314}
[Validation] per_target_lag_mae_json={"us_Trade Weighted Dollar Index": 0.5032050609588623, "jp_fx": 0.5138826966285706, "kr_fx": 6.492631435394287}
[Validation] per_target_dir_mismatch_json={"us_Trade Weighted Dollar Index": 0.36363636363636365, "jp_fx": 0.2727272727272727, "kr_fx": 0.36363636363636365}
| end of epoch  19 | time:  1.76s | train_loss 0.0250 | valid rse 3.9326 | valid rae 4.7848 | valid corr  -0.1110 | valid smape  0.3481 | focus_rrse 4.4458 | obj 4.4458
Experiment: 1
Iter: 0
epoch: 20
hp= [1, 0.00012749999999999998, 16, 128, 256, 1024, 40, 0.02, 2, 30, 0.6, 0.1, 2, 20]
best sum= 8.828381186864735
best rrse= 3.932641881998424
best rrae= 4.784756484474656
best corr= -0.11098282
best smape= 0.3481281054512612
best objective= 4.445775032043457
best hps= [1, 0.00012749999999999998, 16, 128, 256, 1024, 40, 0.02, 2, 30, 0.6, 0.1, 2, 1]
best test rse= 3.13124305039051
best test corr= -0.18105279
[Target-Weighted Loss] weights applied: {'us_Trade Weighted Dollar Index': 45.0, 'kr_fx': 45.0, 'jp_fx': 45.0}
[Target-Only Loss] enabled for columns: ['us_Trade Weighted Dollar Index', 'jp_fx', 'kr_fx']
[Bias Penalty] enabled lambda=0.25 scope=focus cols=['us_Trade Weighted Dollar Index', 'jp_fx', 'kr_fx']
iter:  0 | loss: 0.032
iter:  1 | loss: 0.019
iter:  2 | loss: 0.065
iter:  3 | loss: 0.035
iter:  4 | loss: 0.019
iter:  5 | loss: 0.020
iter:  6 | loss: 0.016
iter:  7 | loss: 0.039
iter:  8 | loss: 0.013
iter:  9 | loss: 0.011
iter: 10 | loss: 0.017
iter: 11 | loss: 0.024
iter: 12 | loss: 0.024
iter: 13 | loss: 0.017
iter: 14 | loss: 0.029
iter: 15 | loss: 0.033
iter: 16 | loss: 0.030
iter: 17 | loss: 0.033
iter: 18 | loss: 0.009
iter: 19 | loss: 0.018
iter: 20 | loss: 0.029
iter: 21 | loss: 0.028
iter: 22 | loss: 0.020
iter: 23 | loss: 0.046
iter: 24 | loss: 0.030
iter: 25 | loss: 0.027
iter: 26 | loss: 0.022
iter: 27 | loss: 0.030
iter: 28 | loss: 0.034
iter: 29 | loss: 0.029
iter: 30 | loss: 0.017
iter: 31 | loss: 0.016
iter: 32 | loss: 0.018
testing r= 5
rrse(target)=137.1546159335332 / 34.87594854780834 | rrse(all)=178929887279367.78 / 34622966134154.824 | report_mode=targets
[Validation] per_target_rrse_json={"us_Trade Weighted Dollar Index": 4.736969470977783, "jp_fx": 4.696556091308594, "kr_fx": 3.9038002490997314}
[Validation] per_target_lag_mae_json={"us_Trade Weighted Dollar Index": 0.5032050609588623, "jp_fx": 0.5138826966285706, "kr_fx": 6.492631435394287}
[Validation] per_target_dir_mismatch_json={"us_Trade Weighted Dollar Index": 0.36363636363636365, "jp_fx": 0.2727272727272727, "kr_fx": 0.36363636363636365}
| end of epoch  20 | time:  1.78s | train_loss 0.0258 | valid rse 3.9326 | valid rae 4.7848 | valid corr  -0.1110 | valid smape  0.3481 | focus_rrse 4.4458 | obj 4.4458
Experiment: 1
Iter: 0
epoch: 21
hp= [1, 0.00012749999999999998, 16, 128, 256, 1024, 40, 0.02, 2, 30, 0.6, 0.1, 2, 21]
best sum= 8.828381186864735
best rrse= 3.932641881998424
best rrae= 4.784756484474656
best corr= -0.11098282
best smape= 0.3481281054512612
best objective= 4.445775032043457
best hps= [1, 0.00012749999999999998, 16, 128, 256, 1024, 40, 0.02, 2, 30, 0.6, 0.1, 2, 1]
best test rse= 3.13124305039051
best test corr= -0.18105279
[Target-Weighted Loss] weights applied: {'us_Trade Weighted Dollar Index': 45.0, 'kr_fx': 45.0, 'jp_fx': 45.0}
[Target-Only Loss] enabled for columns: ['us_Trade Weighted Dollar Index', 'jp_fx', 'kr_fx']
[Bias Penalty] enabled lambda=0.25 scope=focus cols=['us_Trade Weighted Dollar Index', 'jp_fx', 'kr_fx']
iter:  0 | loss: 0.022
iter:  1 | loss: 0.017
iter:  2 | loss: 0.037
iter:  3 | loss: 0.021
iter:  4 | loss: 0.030
iter:  5 | loss: 0.041
iter:  6 | loss: 0.029
iter:  7 | loss: 0.031
iter:  8 | loss: 0.020
iter:  9 | loss: 0.016
iter: 10 | loss: 0.012
iter: 11 | loss: 0.020
iter: 12 | loss: 0.027
iter: 13 | loss: 0.024
iter: 14 | loss: 0.016
iter: 15 | loss: 0.032
iter: 16 | loss: 0.023
iter: 17 | loss: 0.019
iter: 18 | loss: 0.023
iter: 19 | loss: 0.021
iter: 20 | loss: 0.021
iter: 21 | loss: 0.025
iter: 22 | loss: 0.030
iter: 23 | loss: 0.034
iter: 24 | loss: 0.040
iter: 25 | loss: 0.017
iter: 26 | loss: 0.022
iter: 27 | loss: 0.027
iter: 28 | loss: 0.049
iter: 29 | loss: 0.017
iter: 30 | loss: 0.017
iter: 31 | loss: 0.030
iter: 32 | loss: 0.023
testing r= 5
rrse(target)=137.1546159335332 / 34.87594854780834 | rrse(all)=178929887279367.78 / 34622966134154.824 | report_mode=targets
[Validation] per_target_rrse_json={"us_Trade Weighted Dollar Index": 4.736969470977783, "jp_fx": 4.696556091308594, "kr_fx": 3.9038002490997314}
[Validation] per_target_lag_mae_json={"us_Trade Weighted Dollar Index": 0.5032050609588623, "jp_fx": 0.5138826966285706, "kr_fx": 6.492631435394287}
[Validation] per_target_dir_mismatch_json={"us_Trade Weighted Dollar Index": 0.36363636363636365, "jp_fx": 0.2727272727272727, "kr_fx": 0.36363636363636365}
| end of epoch  21 | time:  1.82s | train_loss 0.0253 | valid rse 3.9326 | valid rae 4.7848 | valid corr  -0.1110 | valid smape  0.3481 | focus_rrse 4.4458 | obj 4.4458
Experiment: 1
Iter: 0
epoch: 22
hp= [1, 0.00012749999999999998, 16, 128, 256, 1024, 40, 0.02, 2, 30, 0.6, 0.1, 2, 22]
best sum= 8.828381186864735
best rrse= 3.932641881998424
best rrae= 4.784756484474656
best corr= -0.11098282
best smape= 0.3481281054512612
best objective= 4.445775032043457
best hps= [1, 0.00012749999999999998, 16, 128, 256, 1024, 40, 0.02, 2, 30, 0.6, 0.1, 2, 1]
best test rse= 3.13124305039051
best test corr= -0.18105279
[Target-Weighted Loss] weights applied: {'us_Trade Weighted Dollar Index': 45.0, 'kr_fx': 45.0, 'jp_fx': 45.0}
[Target-Only Loss] enabled for columns: ['us_Trade Weighted Dollar Index', 'jp_fx', 'kr_fx']
[Bias Penalty] enabled lambda=0.25 scope=focus cols=['us_Trade Weighted Dollar Index', 'jp_fx', 'kr_fx']
iter:  0 | loss: 0.036
iter:  1 | loss: 0.029
iter:  2 | loss: 0.014
iter:  3 | loss: 0.024
iter:  4 | loss: 0.029
iter:  5 | loss: 0.020
iter:  6 | loss: 0.029
iter:  7 | loss: 0.020
iter:  8 | loss: 0.030
iter:  9 | loss: 0.013
iter: 10 | loss: 0.043
iter: 11 | loss: 0.021
iter: 12 | loss: 0.018
iter: 13 | loss: 0.024
iter: 14 | loss: 0.039
iter: 15 | loss: 0.032
iter: 16 | loss: 0.036
iter: 17 | loss: 0.008
iter: 18 | loss: 0.019
iter: 19 | loss: 0.018
iter: 20 | loss: 0.053
iter: 21 | loss: 0.025
iter: 22 | loss: 0.014
iter: 23 | loss: 0.027
iter: 24 | loss: 0.015
iter: 25 | loss: 0.031
iter: 26 | loss: 0.023
iter: 27 | loss: 0.013
iter: 28 | loss: 0.022
iter: 29 | loss: 0.033
iter: 30 | loss: 0.019
iter: 31 | loss: 0.030
iter: 32 | loss: 0.024
testing r= 5
rrse(target)=137.1546159335332 / 34.87594854780834 | rrse(all)=178929887279367.78 / 34622966134154.824 | report_mode=targets
[Validation] per_target_rrse_json={"us_Trade Weighted Dollar Index": 4.736969470977783, "jp_fx": 4.696556091308594, "kr_fx": 3.9038002490997314}
[Validation] per_target_lag_mae_json={"us_Trade Weighted Dollar Index": 0.5032050609588623, "jp_fx": 0.5138826966285706, "kr_fx": 6.492631435394287}
[Validation] per_target_dir_mismatch_json={"us_Trade Weighted Dollar Index": 0.36363636363636365, "jp_fx": 0.2727272727272727, "kr_fx": 0.36363636363636365}
| end of epoch  22 | time:  1.79s | train_loss 0.0252 | valid rse 3.9326 | valid rae 4.7848 | valid corr  -0.1110 | valid smape  0.3481 | focus_rrse 4.4458 | obj 4.4458
Experiment: 1
Iter: 0
epoch: 23
hp= [1, 0.00012749999999999998, 16, 128, 256, 1024, 40, 0.02, 2, 30, 0.6, 0.1, 2, 23]
best sum= 8.828381186864735
best rrse= 3.932641881998424
best rrae= 4.784756484474656
best corr= -0.11098282
best smape= 0.3481281054512612
best objective= 4.445775032043457
best hps= [1, 0.00012749999999999998, 16, 128, 256, 1024, 40, 0.02, 2, 30, 0.6, 0.1, 2, 1]
best test rse= 3.13124305039051
best test corr= -0.18105279
[Target-Weighted Loss] weights applied: {'us_Trade Weighted Dollar Index': 45.0, 'kr_fx': 45.0, 'jp_fx': 45.0}
[Target-Only Loss] enabled for columns: ['us_Trade Weighted Dollar Index', 'jp_fx', 'kr_fx']
[Bias Penalty] enabled lambda=0.25 scope=focus cols=['us_Trade Weighted Dollar Index', 'jp_fx', 'kr_fx']
iter:  0 | loss: 0.038
iter:  1 | loss: 0.019
iter:  2 | loss: 0.024
iter:  3 | loss: 0.025
iter:  4 | loss: 0.031
iter:  5 | loss: 0.039
iter:  6 | loss: 0.028
iter:  7 | loss: 0.015
iter:  8 | loss: 0.018
iter:  9 | loss: 0.032
iter: 10 | loss: 0.055
iter: 11 | loss: 0.029
iter: 12 | loss: 0.007
iter: 13 | loss: 0.014
iter: 14 | loss: 0.042
iter: 15 | loss: 0.038
iter: 16 | loss: 0.021
iter: 17 | loss: 0.012
iter: 18 | loss: 0.023
iter: 19 | loss: 0.024
iter: 20 | loss: 0.025
iter: 21 | loss: 0.016
iter: 22 | loss: 0.016
iter: 23 | loss: 0.029
iter: 24 | loss: 0.013
iter: 25 | loss: 0.017
iter: 26 | loss: 0.022
iter: 27 | loss: 0.013
iter: 28 | loss: 0.027
iter: 29 | loss: 0.038
iter: 30 | loss: 0.025
iter: 31 | loss: 0.025
iter: 32 | loss: 0.026
testing r= 5
rrse(target)=137.1546159335332 / 34.87594854780834 | rrse(all)=178929887279367.78 / 34622966134154.824 | report_mode=targets
[Validation] per_target_rrse_json={"us_Trade Weighted Dollar Index": 4.736969470977783, "jp_fx": 4.696556091308594, "kr_fx": 3.9038002490997314}
[Validation] per_target_lag_mae_json={"us_Trade Weighted Dollar Index": 0.5032050609588623, "jp_fx": 0.5138826966285706, "kr_fx": 6.492631435394287}
[Validation] per_target_dir_mismatch_json={"us_Trade Weighted Dollar Index": 0.36363636363636365, "jp_fx": 0.2727272727272727, "kr_fx": 0.36363636363636365}
| end of epoch  23 | time:  1.77s | train_loss 0.0250 | valid rse 3.9326 | valid rae 4.7848 | valid corr  -0.1110 | valid smape  0.3481 | focus_rrse 4.4458 | obj 4.4458
Experiment: 1
Iter: 0
epoch: 24
hp= [1, 0.00012749999999999998, 16, 128, 256, 1024, 40, 0.02, 2, 30, 0.6, 0.1, 2, 24]
best sum= 8.828381186864735
best rrse= 3.932641881998424
best rrae= 4.784756484474656
best corr= -0.11098282
best smape= 0.3481281054512612
best objective= 4.445775032043457
best hps= [1, 0.00012749999999999998, 16, 128, 256, 1024, 40, 0.02, 2, 30, 0.6, 0.1, 2, 1]
best test rse= 3.13124305039051
best test corr= -0.18105279
[Target-Weighted Loss] weights applied: {'us_Trade Weighted Dollar Index': 45.0, 'kr_fx': 45.0, 'jp_fx': 45.0}
[Target-Only Loss] enabled for columns: ['us_Trade Weighted Dollar Index', 'jp_fx', 'kr_fx']
[Bias Penalty] enabled lambda=0.25 scope=focus cols=['us_Trade Weighted Dollar Index', 'jp_fx', 'kr_fx']
iter:  0 | loss: 0.022
iter:  1 | loss: 0.015
iter:  2 | loss: 0.036
iter:  3 | loss: 0.021
iter:  4 | loss: 0.019
iter:  5 | loss: 0.013
iter:  6 | loss: 0.041
iter:  7 | loss: 0.074
iter:  8 | loss: 0.026
iter:  9 | loss: 0.022
iter: 10 | loss: 0.017
iter: 11 | loss: 0.020
iter: 12 | loss: 0.017
iter: 13 | loss: 0.023
iter: 14 | loss: 0.017
iter: 15 | loss: 0.028
iter: 16 | loss: 0.025
iter: 17 | loss: 0.019
iter: 18 | loss: 0.017
iter: 19 | loss: 0.030
iter: 20 | loss: 0.022
iter: 21 | loss: 0.031
iter: 22 | loss: 0.030
iter: 23 | loss: 0.038
iter: 24 | loss: 0.046
iter: 25 | loss: 0.027
iter: 26 | loss: 0.030
iter: 27 | loss: 0.012
iter: 28 | loss: 0.026
iter: 29 | loss: 0.031
iter: 30 | loss: 0.010
iter: 31 | loss: 0.010
iter: 32 | loss: 0.022
testing r= 5
rrse(target)=137.1546159335332 / 34.87594854780834 | rrse(all)=178929887279367.78 / 34622966134154.824 | report_mode=targets
[Validation] per_target_rrse_json={"us_Trade Weighted Dollar Index": 4.736969470977783, "jp_fx": 4.696556091308594, "kr_fx": 3.9038002490997314}
[Validation] per_target_lag_mae_json={"us_Trade Weighted Dollar Index": 0.5032050609588623, "jp_fx": 0.5138826966285706, "kr_fx": 6.492631435394287}
[Validation] per_target_dir_mismatch_json={"us_Trade Weighted Dollar Index": 0.36363636363636365, "jp_fx": 0.2727272727272727, "kr_fx": 0.36363636363636365}
| end of epoch  24 | time:  1.74s | train_loss 0.0253 | valid rse 3.9326 | valid rae 4.7848 | valid corr  -0.1110 | valid smape  0.3481 | focus_rrse 4.4458 | obj 4.4458
Experiment: 1
Iter: 0
epoch: 25
hp= [1, 0.00012749999999999998, 16, 128, 256, 1024, 40, 0.02, 2, 30, 0.6, 0.1, 2, 25]
best sum= 8.828381186864735
best rrse= 3.932641881998424
best rrae= 4.784756484474656
best corr= -0.11098282
best smape= 0.3481281054512612
best objective= 4.445775032043457
best hps= [1, 0.00012749999999999998, 16, 128, 256, 1024, 40, 0.02, 2, 30, 0.6, 0.1, 2, 1]
best test rse= 3.13124305039051
best test corr= -0.18105279
[Target-Weighted Loss] weights applied: {'us_Trade Weighted Dollar Index': 45.0, 'kr_fx': 45.0, 'jp_fx': 45.0}
[Target-Only Loss] enabled for columns: ['us_Trade Weighted Dollar Index', 'jp_fx', 'kr_fx']
[Bias Penalty] enabled lambda=0.25 scope=focus cols=['us_Trade Weighted Dollar Index', 'jp_fx', 'kr_fx']
iter:  0 | loss: 0.027
iter:  1 | loss: 0.021
iter:  2 | loss: 0.043
iter:  3 | loss: 0.018
iter:  4 | loss: 0.024
iter:  5 | loss: 0.047
iter:  6 | loss: 0.015
iter:  7 | loss: 0.018
iter:  8 | loss: 0.020
iter:  9 | loss: 0.037
iter: 10 | loss: 0.036
iter: 11 | loss: 0.021
iter: 12 | loss: 0.039
iter: 13 | loss: 0.018
iter: 14 | loss: 0.025
iter: 15 | loss: 0.019
iter: 16 | loss: 0.021
iter: 17 | loss: 0.028
iter: 18 | loss: 0.031
iter: 19 | loss: 0.032
iter: 20 | loss: 0.023
iter: 21 | loss: 0.023
iter: 22 | loss: 0.014
iter: 23 | loss: 0.028
iter: 24 | loss: 0.021
iter: 25 | loss: 0.024
iter: 26 | loss: 0.028
iter: 27 | loss: 0.013
iter: 28 | loss: 0.018
iter: 29 | loss: 0.022
iter: 30 | loss: 0.030
iter: 31 | loss: 0.025
iter: 32 | loss: 0.036
testing r= 5
rrse(target)=137.1546159335332 / 34.87594854780834 | rrse(all)=178929887279367.78 / 34622966134154.824 | report_mode=targets
[Validation] per_target_rrse_json={"us_Trade Weighted Dollar Index": 4.736969470977783, "jp_fx": 4.696556091308594, "kr_fx": 3.9038002490997314}
[Validation] per_target_lag_mae_json={"us_Trade Weighted Dollar Index": 0.5032050609588623, "jp_fx": 0.5138826966285706, "kr_fx": 6.492631435394287}
[Validation] per_target_dir_mismatch_json={"us_Trade Weighted Dollar Index": 0.36363636363636365, "jp_fx": 0.2727272727272727, "kr_fx": 0.36363636363636365}
| end of epoch  25 | time:  1.85s | train_loss 0.0254 | valid rse 3.9326 | valid rae 4.7848 | valid corr  -0.1110 | valid smape  0.3481 | focus_rrse 4.4458 | obj 4.4458
Experiment: 1
Iter: 0
epoch: 26
hp= [1, 0.00012749999999999998, 16, 128, 256, 1024, 40, 0.02, 2, 30, 0.6, 0.1, 2, 26]
best sum= 8.828381186864735
best rrse= 3.932641881998424
best rrae= 4.784756484474656
best corr= -0.11098282
best smape= 0.3481281054512612
best objective= 4.445775032043457
best hps= [1, 0.00012749999999999998, 16, 128, 256, 1024, 40, 0.02, 2, 30, 0.6, 0.1, 2, 1]
best test rse= 3.13124305039051
best test corr= -0.18105279
[Target-Weighted Loss] weights applied: {'us_Trade Weighted Dollar Index': 45.0, 'kr_fx': 45.0, 'jp_fx': 45.0}
[Target-Only Loss] enabled for columns: ['us_Trade Weighted Dollar Index', 'jp_fx', 'kr_fx']
[Bias Penalty] enabled lambda=0.25 scope=focus cols=['us_Trade Weighted Dollar Index', 'jp_fx', 'kr_fx']
iter:  0 | loss: 0.041
iter:  1 | loss: 0.043
iter:  2 | loss: 0.022
iter:  3 | loss: 0.020
iter:  4 | loss: 0.021
iter:  5 | loss: 0.052
iter:  6 | loss: 0.022
iter:  7 | loss: 0.013
iter:  8 | loss: 0.023
iter:  9 | loss: 0.007
iter: 10 | loss: 0.026
iter: 11 | loss: 0.017
iter: 12 | loss: 0.038
iter: 13 | loss: 0.028
iter: 14 | loss: 0.027
iter: 15 | loss: 0.025
iter: 16 | loss: 0.027
iter: 17 | loss: 0.019
iter: 18 | loss: 0.019
iter: 19 | loss: 0.019
iter: 20 | loss: 0.022
iter: 21 | loss: 0.022
iter: 22 | loss: 0.014
iter: 23 | loss: 0.019
iter: 24 | loss: 0.020
iter: 25 | loss: 0.025
iter: 26 | loss: 0.020
iter: 27 | loss: 0.023
iter: 28 | loss: 0.012
iter: 29 | loss: 0.030
iter: 30 | loss: 0.038
iter: 31 | loss: 0.050
iter: 32 | loss: 0.036
testing r= 5
rrse(target)=137.1546159335332 / 34.87594854780834 | rrse(all)=178929887279367.78 / 34622966134154.824 | report_mode=targets
[Validation] per_target_rrse_json={"us_Trade Weighted Dollar Index": 4.736969470977783, "jp_fx": 4.696556091308594, "kr_fx": 3.9038002490997314}
[Validation] per_target_lag_mae_json={"us_Trade Weighted Dollar Index": 0.5032050609588623, "jp_fx": 0.5138826966285706, "kr_fx": 6.492631435394287}
[Validation] per_target_dir_mismatch_json={"us_Trade Weighted Dollar Index": 0.36363636363636365, "jp_fx": 0.2727272727272727, "kr_fx": 0.36363636363636365}
| end of epoch  26 | time:  1.71s | train_loss 0.0254 | valid rse 3.9326 | valid rae 4.7848 | valid corr  -0.1110 | valid smape  0.3481 | focus_rrse 4.4458 | obj 4.4458
Experiment: 1
Iter: 0
epoch: 27
hp= [1, 0.00012749999999999998, 16, 128, 256, 1024, 40, 0.02, 2, 30, 0.6, 0.1, 2, 27]
best sum= 8.828381186864735
best rrse= 3.932641881998424
best rrae= 4.784756484474656
best corr= -0.11098282
best smape= 0.3481281054512612
best objective= 4.445775032043457
best hps= [1, 0.00012749999999999998, 16, 128, 256, 1024, 40, 0.02, 2, 30, 0.6, 0.1, 2, 1]
best test rse= 3.13124305039051
best test corr= -0.18105279
[Target-Weighted Loss] weights applied: {'us_Trade Weighted Dollar Index': 45.0, 'kr_fx': 45.0, 'jp_fx': 45.0}
[Target-Only Loss] enabled for columns: ['us_Trade Weighted Dollar Index', 'jp_fx', 'kr_fx']
[Bias Penalty] enabled lambda=0.25 scope=focus cols=['us_Trade Weighted Dollar Index', 'jp_fx', 'kr_fx']
iter:  0 | loss: 0.020
iter:  1 | loss: 0.023
iter:  2 | loss: 0.024
iter:  3 | loss: 0.047
iter:  4 | loss: 0.032
iter:  5 | loss: 0.028
iter:  6 | loss: 0.026
iter:  7 | loss: 0.016
iter:  8 | loss: 0.025
iter:  9 | loss: 0.022
iter: 10 | loss: 0.030
iter: 11 | loss: 0.015
iter: 12 | loss: 0.022
iter: 13 | loss: 0.022
iter: 14 | loss: 0.022
iter: 15 | loss: 0.045
iter: 16 | loss: 0.027
iter: 17 | loss: 0.012
iter: 18 | loss: 0.016
iter: 19 | loss: 0.019
iter: 20 | loss: 0.010
iter: 21 | loss: 0.014
iter: 22 | loss: 0.039
iter: 23 | loss: 0.022
iter: 24 | loss: 0.022
iter: 25 | loss: 0.031
iter: 26 | loss: 0.044
iter: 27 | loss: 0.020
iter: 28 | loss: 0.015
iter: 29 | loss: 0.019
iter: 30 | loss: 0.027
iter: 31 | loss: 0.036
iter: 32 | loss: 0.052
testing r= 5
rrse(target)=137.1546159335332 / 34.87594854780834 | rrse(all)=178929887279367.78 / 34622966134154.824 | report_mode=targets
[Validation] per_target_rrse_json={"us_Trade Weighted Dollar Index": 4.736969470977783, "jp_fx": 4.696556091308594, "kr_fx": 3.9038002490997314}
[Validation] per_target_lag_mae_json={"us_Trade Weighted Dollar Index": 0.5032050609588623, "jp_fx": 0.5138826966285706, "kr_fx": 6.492631435394287}
[Validation] per_target_dir_mismatch_json={"us_Trade Weighted Dollar Index": 0.36363636363636365, "jp_fx": 0.2727272727272727, "kr_fx": 0.36363636363636365}
| end of epoch  27 | time:  1.76s | train_loss 0.0253 | valid rse 3.9326 | valid rae 4.7848 | valid corr  -0.1110 | valid smape  0.3481 | focus_rrse 4.4458 | obj 4.4458
Experiment: 1
Iter: 0
epoch: 28
hp= [1, 0.00012749999999999998, 16, 128, 256, 1024, 40, 0.02, 2, 30, 0.6, 0.1, 2, 28]
best sum= 8.828381186864735
best rrse= 3.932641881998424
best rrae= 4.784756484474656
best corr= -0.11098282
best smape= 0.3481281054512612
best objective= 4.445775032043457
best hps= [1, 0.00012749999999999998, 16, 128, 256, 1024, 40, 0.02, 2, 30, 0.6, 0.1, 2, 1]
best test rse= 3.13124305039051
best test corr= -0.18105279
[Target-Weighted Loss] weights applied: {'us_Trade Weighted Dollar Index': 45.0, 'kr_fx': 45.0, 'jp_fx': 45.0}
[Target-Only Loss] enabled for columns: ['us_Trade Weighted Dollar Index', 'jp_fx', 'kr_fx']
[Bias Penalty] enabled lambda=0.25 scope=focus cols=['us_Trade Weighted Dollar Index', 'jp_fx', 'kr_fx']
iter:  0 | loss: 0.031
iter:  1 | loss: 0.019
iter:  2 | loss: 0.027
iter:  3 | loss: 0.017
iter:  4 | loss: 0.029
iter:  5 | loss: 0.029
iter:  6 | loss: 0.048
iter:  7 | loss: 0.012
iter:  8 | loss: 0.033
iter:  9 | loss: 0.023
iter: 10 | loss: 0.020
iter: 11 | loss: 0.019
iter: 12 | loss: 0.011
iter: 13 | loss: 0.024
iter: 14 | loss: 0.023
iter: 15 | loss: 0.024
iter: 16 | loss: 0.014
iter: 17 | loss: 0.017
iter: 18 | loss: 0.013
iter: 19 | loss: 0.028
iter: 20 | loss: 0.024
iter: 21 | loss: 0.022
iter: 22 | loss: 0.025
iter: 23 | loss: 0.039
iter: 24 | loss: 0.027
iter: 25 | loss: 0.028
iter: 26 | loss: 0.017
iter: 27 | loss: 0.017
iter: 28 | loss: 0.040
iter: 29 | loss: 0.046
iter: 30 | loss: 0.028
iter: 31 | loss: 0.016
iter: 32 | loss: 0.047
testing r= 5
rrse(target)=137.1546159335332 / 34.87594854780834 | rrse(all)=178929887279367.78 / 34622966134154.824 | report_mode=targets
[Validation] per_target_rrse_json={"us_Trade Weighted Dollar Index": 4.736969470977783, "jp_fx": 4.696556091308594, "kr_fx": 3.9038002490997314}
[Validation] per_target_lag_mae_json={"us_Trade Weighted Dollar Index": 0.5032050609588623, "jp_fx": 0.5138826966285706, "kr_fx": 6.492631435394287}
[Validation] per_target_dir_mismatch_json={"us_Trade Weighted Dollar Index": 0.36363636363636365, "jp_fx": 0.2727272727272727, "kr_fx": 0.36363636363636365}
| end of epoch  28 | time:  1.82s | train_loss 0.0252 | valid rse 3.9326 | valid rae 4.7848 | valid corr  -0.1110 | valid smape  0.3481 | focus_rrse 4.4458 | obj 4.4458
Experiment: 1
Iter: 0
epoch: 29
hp= [1, 0.00012749999999999998, 16, 128, 256, 1024, 40, 0.02, 2, 30, 0.6, 0.1, 2, 29]
best sum= 8.828381186864735
best rrse= 3.932641881998424
best rrae= 4.784756484474656
best corr= -0.11098282
best smape= 0.3481281054512612
best objective= 4.445775032043457
best hps= [1, 0.00012749999999999998, 16, 128, 256, 1024, 40, 0.02, 2, 30, 0.6, 0.1, 2, 1]
best test rse= 3.13124305039051
best test corr= -0.18105279
[Target-Weighted Loss] weights applied: {'us_Trade Weighted Dollar Index': 45.0, 'kr_fx': 45.0, 'jp_fx': 45.0}
[Target-Only Loss] enabled for columns: ['us_Trade Weighted Dollar Index', 'jp_fx', 'kr_fx']
[Bias Penalty] enabled lambda=0.25 scope=focus cols=['us_Trade Weighted Dollar Index', 'jp_fx', 'kr_fx']
iter:  0 | loss: 0.023
iter:  1 | loss: 0.009
iter:  2 | loss: 0.021
iter:  3 | loss: 0.036
iter:  4 | loss: 0.029
iter:  5 | loss: 0.018
iter:  6 | loss: 0.016
iter:  7 | loss: 0.048
iter:  8 | loss: 0.019
iter:  9 | loss: 0.031
iter: 10 | loss: 0.016
iter: 11 | loss: 0.027
iter: 12 | loss: 0.028
iter: 13 | loss: 0.022
iter: 14 | loss: 0.023
iter: 15 | loss: 0.049
iter: 16 | loss: 0.053
iter: 17 | loss: 0.021
iter: 18 | loss: 0.027
iter: 19 | loss: 0.016
iter: 20 | loss: 0.025
iter: 21 | loss: 0.025
iter: 22 | loss: 0.021
iter: 23 | loss: 0.025
iter: 24 | loss: 0.025
iter: 25 | loss: 0.021
iter: 26 | loss: 0.019
iter: 27 | loss: 0.029
iter: 28 | loss: 0.016
iter: 29 | loss: 0.029
iter: 30 | loss: 0.019
iter: 31 | loss: 0.016
iter: 32 | loss: 0.022
testing r= 5
rrse(target)=137.1546159335332 / 34.87594854780834 | rrse(all)=178929887279367.78 / 34622966134154.824 | report_mode=targets
[Validation] per_target_rrse_json={"us_Trade Weighted Dollar Index": 4.736969470977783, "jp_fx": 4.696556091308594, "kr_fx": 3.9038002490997314}
[Validation] per_target_lag_mae_json={"us_Trade Weighted Dollar Index": 0.5032050609588623, "jp_fx": 0.5138826966285706, "kr_fx": 6.492631435394287}
[Validation] per_target_dir_mismatch_json={"us_Trade Weighted Dollar Index": 0.36363636363636365, "jp_fx": 0.2727272727272727, "kr_fx": 0.36363636363636365}
| end of epoch  29 | time:  1.81s | train_loss 0.0251 | valid rse 3.9326 | valid rae 4.7848 | valid corr  -0.1110 | valid smape  0.3481 | focus_rrse 4.4458 | obj 4.4458
Experiment: 1
Iter: 0
epoch: 30
hp= [1, 0.00012749999999999998, 16, 128, 256, 1024, 40, 0.02, 2, 30, 0.6, 0.1, 2, 30]
best sum= 8.828381186864735
best rrse= 3.932641881998424
best rrae= 4.784756484474656
best corr= -0.11098282
best smape= 0.3481281054512612
best objective= 4.445775032043457
best hps= [1, 0.00012749999999999998, 16, 128, 256, 1024, 40, 0.02, 2, 30, 0.6, 0.1, 2, 1]
best test rse= 3.13124305039051
best test corr= -0.18105279
[Target-Weighted Loss] weights applied: {'us_Trade Weighted Dollar Index': 45.0, 'kr_fx': 45.0, 'jp_fx': 45.0}
[Target-Only Loss] enabled for columns: ['us_Trade Weighted Dollar Index', 'jp_fx', 'kr_fx']
[Bias Penalty] enabled lambda=0.25 scope=focus cols=['us_Trade Weighted Dollar Index', 'jp_fx', 'kr_fx']
iter:  0 | loss: 0.019
iter:  1 | loss: 0.036
iter:  2 | loss: 0.012
iter:  3 | loss: 0.028
iter:  4 | loss: 0.040
iter:  5 | loss: 0.021
iter:  6 | loss: 0.021
iter:  7 | loss: 0.028
iter:  8 | loss: 0.038
iter:  9 | loss: 0.024
iter: 10 | loss: 0.022
iter: 11 | loss: 0.019
iter: 12 | loss: 0.033
iter: 13 | loss: 0.022
iter: 14 | loss: 0.016
iter: 15 | loss: 0.018
iter: 16 | loss: 0.017
iter: 17 | loss: 0.012
iter: 18 | loss: 0.020
iter: 19 | loss: 0.038
iter: 20 | loss: 0.020
iter: 21 | loss: 0.029
iter: 22 | loss: 0.024
iter: 23 | loss: 0.031
iter: 24 | loss: 0.023
iter: 25 | loss: 0.034
iter: 26 | loss: 0.026
iter: 27 | loss: 0.021
iter: 28 | loss: 0.030
iter: 29 | loss: 0.023
iter: 30 | loss: 0.041
iter: 31 | loss: 0.027
iter: 32 | loss: 0.028
testing r= 5
rrse(target)=137.1546159335332 / 34.87594854780834 | rrse(all)=178929887279367.78 / 34622966134154.824 | report_mode=targets
[Validation] per_target_rrse_json={"us_Trade Weighted Dollar Index": 4.736969470977783, "jp_fx": 4.696556091308594, "kr_fx": 3.9038002490997314}
[Validation] per_target_lag_mae_json={"us_Trade Weighted Dollar Index": 0.5032050609588623, "jp_fx": 0.5138826966285706, "kr_fx": 6.492631435394287}
[Validation] per_target_dir_mismatch_json={"us_Trade Weighted Dollar Index": 0.36363636363636365, "jp_fx": 0.2727272727272727, "kr_fx": 0.36363636363636365}
| end of epoch  30 | time:  1.80s | train_loss 0.0254 | valid rse 3.9326 | valid rae 4.7848 | valid corr  -0.1110 | valid smape  0.3481 | focus_rrse 4.4458 | obj 4.4458
Experiment: 1
Iter: 0
epoch: 31
hp= [1, 0.00012749999999999998, 16, 128, 256, 1024, 40, 0.02, 2, 30, 0.6, 0.1, 2, 31]
best sum= 8.828381186864735
best rrse= 3.932641881998424
best rrae= 4.784756484474656
best corr= -0.11098282
best smape= 0.3481281054512612
best objective= 4.445775032043457
best hps= [1, 0.00012749999999999998, 16, 128, 256, 1024, 40, 0.02, 2, 30, 0.6, 0.1, 2, 1]
best test rse= 3.13124305039051
best test corr= -0.18105279
[Target-Weighted Loss] weights applied: {'us_Trade Weighted Dollar Index': 45.0, 'kr_fx': 45.0, 'jp_fx': 45.0}
[Target-Only Loss] enabled for columns: ['us_Trade Weighted Dollar Index', 'jp_fx', 'kr_fx']
[Bias Penalty] enabled lambda=0.25 scope=focus cols=['us_Trade Weighted Dollar Index', 'jp_fx', 'kr_fx']
iter:  0 | loss: 0.034
iter:  1 | loss: 0.024
iter:  2 | loss: 0.035
iter:  3 | loss: 0.040
iter:  4 | loss: 0.013
iter:  5 | loss: 0.014
iter:  6 | loss: 0.021
iter:  7 | loss: 0.025
iter:  8 | loss: 0.029
iter:  9 | loss: 0.029
iter: 10 | loss: 0.026
iter: 11 | loss: 0.037
iter: 12 | loss: 0.022
iter: 13 | loss: 0.021
iter: 14 | loss: 0.018
iter: 15 | loss: 0.044
iter: 16 | loss: 0.021
iter: 17 | loss: 0.037
iter: 18 | loss: 0.022
iter: 19 | loss: 0.014
iter: 20 | loss: 0.026
iter: 21 | loss: 0.030
iter: 22 | loss: 0.016
iter: 23 | loss: 0.020
iter: 24 | loss: 0.013
iter: 25 | loss: 0.025
iter: 26 | loss: 0.015
iter: 27 | loss: 0.029
iter: 28 | loss: 0.016
iter: 29 | loss: 0.022
iter: 30 | loss: 0.019
iter: 31 | loss: 0.042
iter: 32 | loss: 0.039
testing r= 5
rrse(target)=137.1546159335332 / 34.87594854780834 | rrse(all)=178929887279367.78 / 34622966134154.824 | report_mode=targets
[Validation] per_target_rrse_json={"us_Trade Weighted Dollar Index": 4.736969470977783, "jp_fx": 4.696556091308594, "kr_fx": 3.9038002490997314}
[Validation] per_target_lag_mae_json={"us_Trade Weighted Dollar Index": 0.5032050609588623, "jp_fx": 0.5138826966285706, "kr_fx": 6.492631435394287}
[Validation] per_target_dir_mismatch_json={"us_Trade Weighted Dollar Index": 0.36363636363636365, "jp_fx": 0.2727272727272727, "kr_fx": 0.36363636363636365}
| end of epoch  31 | time:  1.69s | train_loss 0.0253 | valid rse 3.9326 | valid rae 4.7848 | valid corr  -0.1110 | valid smape  0.3481 | focus_rrse 4.4458 | obj 4.4458
Experiment: 1
Iter: 0
epoch: 32
hp= [1, 0.00012749999999999998, 16, 128, 256, 1024, 40, 0.02, 2, 30, 0.6, 0.1, 2, 32]
best sum= 8.828381186864735
best rrse= 3.932641881998424
best rrae= 4.784756484474656
best corr= -0.11098282
best smape= 0.3481281054512612
best objective= 4.445775032043457
best hps= [1, 0.00012749999999999998, 16, 128, 256, 1024, 40, 0.02, 2, 30, 0.6, 0.1, 2, 1]
best test rse= 3.13124305039051
best test corr= -0.18105279
[Target-Weighted Loss] weights applied: {'us_Trade Weighted Dollar Index': 45.0, 'kr_fx': 45.0, 'jp_fx': 45.0}
[Target-Only Loss] enabled for columns: ['us_Trade Weighted Dollar Index', 'jp_fx', 'kr_fx']
[Bias Penalty] enabled lambda=0.25 scope=focus cols=['us_Trade Weighted Dollar Index', 'jp_fx', 'kr_fx']
iter:  0 | loss: 0.024
iter:  1 | loss: 0.020
iter:  2 | loss: 0.030
iter:  3 | loss: 0.013
iter:  4 | loss: 0.031
iter:  5 | loss: 0.031
iter:  6 | loss: 0.019
iter:  7 | loss: 0.023
iter:  8 | loss: 0.027
iter:  9 | loss: 0.010
iter: 10 | loss: 0.025
iter: 11 | loss: 0.015
iter: 12 | loss: 0.029
iter: 13 | loss: 0.045
iter: 14 | loss: 0.014
iter: 15 | loss: 0.036
iter: 16 | loss: 0.028
iter: 17 | loss: 0.019
iter: 18 | loss: 0.031
iter: 19 | loss: 0.013
iter: 20 | loss: 0.029
iter: 21 | loss: 0.032
iter: 22 | loss: 0.015
iter: 23 | loss: 0.023
iter: 24 | loss: 0.024
iter: 25 | loss: 0.026
iter: 26 | loss: 0.021
iter: 27 | loss: 0.024
iter: 28 | loss: 0.036
iter: 29 | loss: 0.018
iter: 30 | loss: 0.032
iter: 31 | loss: 0.026
iter: 32 | loss: 0.035
testing r= 5
rrse(target)=137.1546159335332 / 34.87594854780834 | rrse(all)=178929887279367.78 / 34622966134154.824 | report_mode=targets
[Validation] per_target_rrse_json={"us_Trade Weighted Dollar Index": 4.736969470977783, "jp_fx": 4.696556091308594, "kr_fx": 3.9038002490997314}
[Validation] per_target_lag_mae_json={"us_Trade Weighted Dollar Index": 0.5032050609588623, "jp_fx": 0.5138826966285706, "kr_fx": 6.492631435394287}
[Validation] per_target_dir_mismatch_json={"us_Trade Weighted Dollar Index": 0.36363636363636365, "jp_fx": 0.2727272727272727, "kr_fx": 0.36363636363636365}
| end of epoch  32 | time:  1.79s | train_loss 0.0249 | valid rse 3.9326 | valid rae 4.7848 | valid corr  -0.1110 | valid smape  0.3481 | focus_rrse 4.4458 | obj 4.4458
Experiment: 1
Iter: 0
epoch: 33
hp= [1, 0.00012749999999999998, 16, 128, 256, 1024, 40, 0.02, 2, 30, 0.6, 0.1, 2, 33]
best sum= 8.828381186864735
best rrse= 3.932641881998424
best rrae= 4.784756484474656
best corr= -0.11098282
best smape= 0.3481281054512612
best objective= 4.445775032043457
best hps= [1, 0.00012749999999999998, 16, 128, 256, 1024, 40, 0.02, 2, 30, 0.6, 0.1, 2, 1]
best test rse= 3.13124305039051
best test corr= -0.18105279
[Target-Weighted Loss] weights applied: {'us_Trade Weighted Dollar Index': 45.0, 'kr_fx': 45.0, 'jp_fx': 45.0}
[Target-Only Loss] enabled for columns: ['us_Trade Weighted Dollar Index', 'jp_fx', 'kr_fx']
[Bias Penalty] enabled lambda=0.25 scope=focus cols=['us_Trade Weighted Dollar Index', 'jp_fx', 'kr_fx']
iter:  0 | loss: 0.027
iter:  1 | loss: 0.024
iter:  2 | loss: 0.014
iter:  3 | loss: 0.024
iter:  4 | loss: 0.030
iter:  5 | loss: 0.034
iter:  6 | loss: 0.014
iter:  7 | loss: 0.020
iter:  8 | loss: 0.034
iter:  9 | loss: 0.035
iter: 10 | loss: 0.026
iter: 11 | loss: 0.032
iter: 12 | loss: 0.022
iter: 13 | loss: 0.027
iter: 14 | loss: 0.041
iter: 15 | loss: 0.023
iter: 16 | loss: 0.027
iter: 17 | loss: 0.028
iter: 18 | loss: 0.024
iter: 19 | loss: 0.009
iter: 20 | loss: 0.056
iter: 21 | loss: 0.017
iter: 22 | loss: 0.020
iter: 23 | loss: 0.015
iter: 24 | loss: 0.018
iter: 25 | loss: 0.011
iter: 26 | loss: 0.024
iter: 27 | loss: 0.029
iter: 28 | loss: 0.030
iter: 29 | loss: 0.019
iter: 30 | loss: 0.014
iter: 31 | loss: 0.018
iter: 32 | loss: 0.043
testing r= 5
rrse(target)=137.1546159335332 / 34.87594854780834 | rrse(all)=178929887279367.78 / 34622966134154.824 | report_mode=targets
[Validation] per_target_rrse_json={"us_Trade Weighted Dollar Index": 4.736969470977783, "jp_fx": 4.696556091308594, "kr_fx": 3.9038002490997314}
[Validation] per_target_lag_mae_json={"us_Trade Weighted Dollar Index": 0.5032050609588623, "jp_fx": 0.5138826966285706, "kr_fx": 6.492631435394287}
[Validation] per_target_dir_mismatch_json={"us_Trade Weighted Dollar Index": 0.36363636363636365, "jp_fx": 0.2727272727272727, "kr_fx": 0.36363636363636365}
| end of epoch  33 | time:  1.67s | train_loss 0.0251 | valid rse 3.9326 | valid rae 4.7848 | valid corr  -0.1110 | valid smape  0.3481 | focus_rrse 4.4458 | obj 4.4458
Experiment: 1
Iter: 0
epoch: 34
hp= [1, 0.00012749999999999998, 16, 128, 256, 1024, 40, 0.02, 2, 30, 0.6, 0.1, 2, 34]
best sum= 8.828381186864735
best rrse= 3.932641881998424
best rrae= 4.784756484474656
best corr= -0.11098282
best smape= 0.3481281054512612
best objective= 4.445775032043457
best hps= [1, 0.00012749999999999998, 16, 128, 256, 1024, 40, 0.02, 2, 30, 0.6, 0.1, 2, 1]
best test rse= 3.13124305039051
best test corr= -0.18105279
[Target-Weighted Loss] weights applied: {'us_Trade Weighted Dollar Index': 45.0, 'kr_fx': 45.0, 'jp_fx': 45.0}
[Target-Only Loss] enabled for columns: ['us_Trade Weighted Dollar Index', 'jp_fx', 'kr_fx']
[Bias Penalty] enabled lambda=0.25 scope=focus cols=['us_Trade Weighted Dollar Index', 'jp_fx', 'kr_fx']
iter:  0 | loss: 0.031
iter:  1 | loss: 0.054
iter:  2 | loss: 0.014
iter:  3 | loss: 0.030
iter:  4 | loss: 0.009
iter:  5 | loss: 0.013
iter:  6 | loss: 0.038
iter:  7 | loss: 0.031
iter:  8 | loss: 0.026
iter:  9 | loss: 0.016
iter: 10 | loss: 0.018
iter: 11 | loss: 0.018
iter: 12 | loss: 0.024
iter: 13 | loss: 0.012
iter: 14 | loss: 0.011
iter: 15 | loss: 0.042
iter: 16 | loss: 0.034
iter: 17 | loss: 0.030
iter: 18 | loss: 0.030
iter: 19 | loss: 0.022
iter: 20 | loss: 0.032
iter: 21 | loss: 0.026
iter: 22 | loss: 0.015
iter: 23 | loss: 0.021
iter: 24 | loss: 0.021
iter: 25 | loss: 0.023
iter: 26 | loss: 0.028
iter: 27 | loss: 0.021
iter: 28 | loss: 0.026
iter: 29 | loss: 0.048
iter: 30 | loss: 0.023
iter: 31 | loss: 0.013
iter: 32 | loss: 0.037
testing r= 5
rrse(target)=137.1546159335332 / 34.87594854780834 | rrse(all)=178929887279367.78 / 34622966134154.824 | report_mode=targets
[Validation] per_target_rrse_json={"us_Trade Weighted Dollar Index": 4.736969470977783, "jp_fx": 4.696556091308594, "kr_fx": 3.9038002490997314}
[Validation] per_target_lag_mae_json={"us_Trade Weighted Dollar Index": 0.5032050609588623, "jp_fx": 0.5138826966285706, "kr_fx": 6.492631435394287}
[Validation] per_target_dir_mismatch_json={"us_Trade Weighted Dollar Index": 0.36363636363636365, "jp_fx": 0.2727272727272727, "kr_fx": 0.36363636363636365}
| end of epoch  34 | time:  1.79s | train_loss 0.0253 | valid rse 3.9326 | valid rae 4.7848 | valid corr  -0.1110 | valid smape  0.3481 | focus_rrse 4.4458 | obj 4.4458
Experiment: 1
Iter: 0
epoch: 35
hp= [1, 0.00012749999999999998, 16, 128, 256, 1024, 40, 0.02, 2, 30, 0.6, 0.1, 2, 35]
best sum= 8.828381186864735
best rrse= 3.932641881998424
best rrae= 4.784756484474656
best corr= -0.11098282
best smape= 0.3481281054512612
best objective= 4.445775032043457
best hps= [1, 0.00012749999999999998, 16, 128, 256, 1024, 40, 0.02, 2, 30, 0.6, 0.1, 2, 1]
best test rse= 3.13124305039051
best test corr= -0.18105279
[Target-Weighted Loss] weights applied: {'us_Trade Weighted Dollar Index': 45.0, 'kr_fx': 45.0, 'jp_fx': 45.0}
[Target-Only Loss] enabled for columns: ['us_Trade Weighted Dollar Index', 'jp_fx', 'kr_fx']
[Bias Penalty] enabled lambda=0.25 scope=focus cols=['us_Trade Weighted Dollar Index', 'jp_fx', 'kr_fx']
iter:  0 | loss: 0.011
iter:  1 | loss: 0.018
iter:  2 | loss: 0.040
iter:  3 | loss: 0.020
iter:  4 | loss: 0.026
iter:  5 | loss: 0.019
iter:  6 | loss: 0.020
iter:  7 | loss: 0.024
iter:  8 | loss: 0.037
iter:  9 | loss: 0.028
iter: 10 | loss: 0.019
iter: 11 | loss: 0.036
iter: 12 | loss: 0.016
iter: 13 | loss: 0.019
iter: 14 | loss: 0.016
iter: 15 | loss: 0.032
iter: 16 | loss: 0.044
iter: 17 | loss: 0.024
iter: 18 | loss: 0.032
iter: 19 | loss: 0.019
iter: 20 | loss: 0.022
iter: 21 | loss: 0.025
iter: 22 | loss: 0.024
iter: 23 | loss: 0.024
iter: 24 | loss: 0.024
iter: 25 | loss: 0.036
iter: 26 | loss: 0.020
iter: 27 | loss: 0.023
iter: 28 | loss: 0.016
iter: 29 | loss: 0.031
iter: 30 | loss: 0.032
iter: 31 | loss: 0.020
iter: 32 | loss: 0.040
testing r= 5
rrse(target)=137.1546159335332 / 34.87594854780834 | rrse(all)=178929887279367.78 / 34622966134154.824 | report_mode=targets
[Validation] per_target_rrse_json={"us_Trade Weighted Dollar Index": 4.736969470977783, "jp_fx": 4.696556091308594, "kr_fx": 3.9038002490997314}
[Validation] per_target_lag_mae_json={"us_Trade Weighted Dollar Index": 0.5032050609588623, "jp_fx": 0.5138826966285706, "kr_fx": 6.492631435394287}
[Validation] per_target_dir_mismatch_json={"us_Trade Weighted Dollar Index": 0.36363636363636365, "jp_fx": 0.2727272727272727, "kr_fx": 0.36363636363636365}
| end of epoch  35 | time:  1.87s | train_loss 0.0253 | valid rse 3.9326 | valid rae 4.7848 | valid corr  -0.1110 | valid smape  0.3481 | focus_rrse 4.4458 | obj 4.4458
Experiment: 1
Iter: 0
epoch: 36
hp= [1, 0.00012749999999999998, 16, 128, 256, 1024, 40, 0.02, 2, 30, 0.6, 0.1, 2, 36]
best sum= 8.828381186864735
best rrse= 3.932641881998424
best rrae= 4.784756484474656
best corr= -0.11098282
best smape= 0.3481281054512612
best objective= 4.445775032043457
best hps= [1, 0.00012749999999999998, 16, 128, 256, 1024, 40, 0.02, 2, 30, 0.6, 0.1, 2, 1]
best test rse= 3.13124305039051
best test corr= -0.18105279
[Target-Weighted Loss] weights applied: {'us_Trade Weighted Dollar Index': 45.0, 'kr_fx': 45.0, 'jp_fx': 45.0}
[Target-Only Loss] enabled for columns: ['us_Trade Weighted Dollar Index', 'jp_fx', 'kr_fx']
[Bias Penalty] enabled lambda=0.25 scope=focus cols=['us_Trade Weighted Dollar Index', 'jp_fx', 'kr_fx']
iter:  0 | loss: 0.010
iter:  1 | loss: 0.024
iter:  2 | loss: 0.020
iter:  3 | loss: 0.032
iter:  4 | loss: 0.017
iter:  5 | loss: 0.019
iter:  6 | loss: 0.037
iter:  7 | loss: 0.030
iter:  8 | loss: 0.013
iter:  9 | loss: 0.028
iter: 10 | loss: 0.079
iter: 11 | loss: 0.021
iter: 12 | loss: 0.017
iter: 13 | loss: 0.027
iter: 14 | loss: 0.029
iter: 15 | loss: 0.026
iter: 16 | loss: 0.032
iter: 17 | loss: 0.025
iter: 18 | loss: 0.021
iter: 19 | loss: 0.023
iter: 20 | loss: 0.029
iter: 21 | loss: 0.017
iter: 22 | loss: 0.023
iter: 23 | loss: 0.026
iter: 24 | loss: 0.026
iter: 25 | loss: 0.021
iter: 26 | loss: 0.017
iter: 27 | loss: 0.032
iter: 28 | loss: 0.017
iter: 29 | loss: 0.040
iter: 30 | loss: 0.023
iter: 31 | loss: 0.013
iter: 32 | loss: 0.030
testing r= 5
rrse(target)=137.1546159335332 / 34.87594854780834 | rrse(all)=178929887279367.78 / 34622966134154.824 | report_mode=targets
[Validation] per_target_rrse_json={"us_Trade Weighted Dollar Index": 4.736969470977783, "jp_fx": 4.696556091308594, "kr_fx": 3.9038002490997314}
[Validation] per_target_lag_mae_json={"us_Trade Weighted Dollar Index": 0.5032050609588623, "jp_fx": 0.5138826966285706, "kr_fx": 6.492631435394287}
[Validation] per_target_dir_mismatch_json={"us_Trade Weighted Dollar Index": 0.36363636363636365, "jp_fx": 0.2727272727272727, "kr_fx": 0.36363636363636365}
| end of epoch  36 | time:  1.66s | train_loss 0.0255 | valid rse 3.9326 | valid rae 4.7848 | valid corr  -0.1110 | valid smape  0.3481 | focus_rrse 4.4458 | obj 4.4458
Experiment: 1
Iter: 0
epoch: 37
hp= [1, 0.00012749999999999998, 16, 128, 256, 1024, 40, 0.02, 2, 30, 0.6, 0.1, 2, 37]
best sum= 8.828381186864735
best rrse= 3.932641881998424
best rrae= 4.784756484474656
best corr= -0.11098282
best smape= 0.3481281054512612
best objective= 4.445775032043457
best hps= [1, 0.00012749999999999998, 16, 128, 256, 1024, 40, 0.02, 2, 30, 0.6, 0.1, 2, 1]
best test rse= 3.13124305039051
best test corr= -0.18105279
[Target-Weighted Loss] weights applied: {'us_Trade Weighted Dollar Index': 45.0, 'kr_fx': 45.0, 'jp_fx': 45.0}
[Target-Only Loss] enabled for columns: ['us_Trade Weighted Dollar Index', 'jp_fx', 'kr_fx']
[Bias Penalty] enabled lambda=0.25 scope=focus cols=['us_Trade Weighted Dollar Index', 'jp_fx', 'kr_fx']
iter:  0 | loss: 0.017
iter:  1 | loss: 0.027
iter:  2 | loss: 0.034
iter:  3 | loss: 0.018
iter:  4 | loss: 0.046
iter:  5 | loss: 0.021
iter:  6 | loss: 0.011
iter:  7 | loss: 0.021
iter:  8 | loss: 0.024
iter:  9 | loss: 0.020
iter: 10 | loss: 0.016
iter: 11 | loss: 0.019
iter: 12 | loss: 0.023
iter: 13 | loss: 0.049
iter: 14 | loss: 0.028
iter: 15 | loss: 0.019
iter: 16 | loss: 0.050
iter: 17 | loss: 0.026
iter: 18 | loss: 0.024
iter: 19 | loss: 0.033
iter: 20 | loss: 0.030
iter: 21 | loss: 0.022
iter: 22 | loss: 0.019
iter: 23 | loss: 0.014
iter: 24 | loss: 0.030
iter: 25 | loss: 0.017
iter: 26 | loss: 0.014
iter: 27 | loss: 0.027
iter: 28 | loss: 0.017
iter: 29 | loss: 0.023
iter: 30 | loss: 0.030
iter: 31 | loss: 0.020
iter: 32 | loss: 0.056
testing r= 5
rrse(target)=137.1546159335332 / 34.87594854780834 | rrse(all)=178929887279367.78 / 34622966134154.824 | report_mode=targets
[Validation] per_target_rrse_json={"us_Trade Weighted Dollar Index": 4.736969470977783, "jp_fx": 4.696556091308594, "kr_fx": 3.9038002490997314}
[Validation] per_target_lag_mae_json={"us_Trade Weighted Dollar Index": 0.5032050609588623, "jp_fx": 0.5138826966285706, "kr_fx": 6.492631435394287}
[Validation] per_target_dir_mismatch_json={"us_Trade Weighted Dollar Index": 0.36363636363636365, "jp_fx": 0.2727272727272727, "kr_fx": 0.36363636363636365}
| end of epoch  37 | time:  1.80s | train_loss 0.0253 | valid rse 3.9326 | valid rae 4.7848 | valid corr  -0.1110 | valid smape  0.3481 | focus_rrse 4.4458 | obj 4.4458
Experiment: 1
Iter: 0
epoch: 38
hp= [1, 0.00012749999999999998, 16, 128, 256, 1024, 40, 0.02, 2, 30, 0.6, 0.1, 2, 38]
best sum= 8.828381186864735
best rrse= 3.932641881998424
best rrae= 4.784756484474656
best corr= -0.11098282
best smape= 0.3481281054512612
best objective= 4.445775032043457
best hps= [1, 0.00012749999999999998, 16, 128, 256, 1024, 40, 0.02, 2, 30, 0.6, 0.1, 2, 1]
best test rse= 3.13124305039051
best test corr= -0.18105279
[Target-Weighted Loss] weights applied: {'us_Trade Weighted Dollar Index': 45.0, 'kr_fx': 45.0, 'jp_fx': 45.0}
[Target-Only Loss] enabled for columns: ['us_Trade Weighted Dollar Index', 'jp_fx', 'kr_fx']
[Bias Penalty] enabled lambda=0.25 scope=focus cols=['us_Trade Weighted Dollar Index', 'jp_fx', 'kr_fx']
iter:  0 | loss: 0.040
iter:  1 | loss: 0.033
iter:  2 | loss: 0.013
iter:  3 | loss: 0.019
iter:  4 | loss: 0.036
iter:  5 | loss: 0.023
iter:  6 | loss: 0.031
iter:  7 | loss: 0.040
iter:  8 | loss: 0.030
iter:  9 | loss: 0.015
iter: 10 | loss: 0.016
iter: 11 | loss: 0.022
iter: 12 | loss: 0.030
iter: 13 | loss: 0.019
iter: 14 | loss: 0.022
iter: 15 | loss: 0.018
iter: 16 | loss: 0.036
iter: 17 | loss: 0.017
iter: 18 | loss: 0.014
iter: 19 | loss: 0.032
iter: 20 | loss: 0.013
iter: 21 | loss: 0.013
iter: 22 | loss: 0.038
iter: 23 | loss: 0.017
iter: 24 | loss: 0.019
iter: 25 | loss: 0.027
iter: 26 | loss: 0.039
iter: 27 | loss: 0.025
iter: 28 | loss: 0.023
iter: 29 | loss: 0.014
iter: 30 | loss: 0.024
iter: 31 | loss: 0.029
iter: 32 | loss: 0.060
testing r= 5
rrse(target)=137.1546159335332 / 34.87594854780834 | rrse(all)=178929887279367.78 / 34622966134154.824 | report_mode=targets
[Validation] per_target_rrse_json={"us_Trade Weighted Dollar Index": 4.736969470977783, "jp_fx": 4.696556091308594, "kr_fx": 3.9038002490997314}
[Validation] per_target_lag_mae_json={"us_Trade Weighted Dollar Index": 0.5032050609588623, "jp_fx": 0.5138826966285706, "kr_fx": 6.492631435394287}
[Validation] per_target_dir_mismatch_json={"us_Trade Weighted Dollar Index": 0.36363636363636365, "jp_fx": 0.2727272727272727, "kr_fx": 0.36363636363636365}
| end of epoch  38 | time:  1.82s | train_loss 0.0253 | valid rse 3.9326 | valid rae 4.7848 | valid corr  -0.1110 | valid smape  0.3481 | focus_rrse 4.4458 | obj 4.4458
Experiment: 1
Iter: 0
epoch: 39
hp= [1, 0.00012749999999999998, 16, 128, 256, 1024, 40, 0.02, 2, 30, 0.6, 0.1, 2, 39]
best sum= 8.828381186864735
best rrse= 3.932641881998424
best rrae= 4.784756484474656
best corr= -0.11098282
best smape= 0.3481281054512612
best objective= 4.445775032043457
best hps= [1, 0.00012749999999999998, 16, 128, 256, 1024, 40, 0.02, 2, 30, 0.6, 0.1, 2, 1]
best test rse= 3.13124305039051
best test corr= -0.18105279
[Target-Weighted Loss] weights applied: {'us_Trade Weighted Dollar Index': 45.0, 'kr_fx': 45.0, 'jp_fx': 45.0}
[Target-Only Loss] enabled for columns: ['us_Trade Weighted Dollar Index', 'jp_fx', 'kr_fx']
[Bias Penalty] enabled lambda=0.25 scope=focus cols=['us_Trade Weighted Dollar Index', 'jp_fx', 'kr_fx']
iter:  0 | loss: 0.021
iter:  1 | loss: 0.027
iter:  2 | loss: 0.021
iter:  3 | loss: 0.015
iter:  4 | loss: 0.018
iter:  5 | loss: 0.028
iter:  6 | loss: 0.028
iter:  7 | loss: 0.020
iter:  8 | loss: 0.027
iter:  9 | loss: 0.020
iter: 10 | loss: 0.023
iter: 11 | loss: 0.042
iter: 12 | loss: 0.017
iter: 13 | loss: 0.037
iter: 14 | loss: 0.036
iter: 15 | loss: 0.027
iter: 16 | loss: 0.018
iter: 17 | loss: 0.035
iter: 18 | loss: 0.019
iter: 19 | loss: 0.027
iter: 20 | loss: 0.030
iter: 21 | loss: 0.027
iter: 22 | loss: 0.013
iter: 23 | loss: 0.020
iter: 24 | loss: 0.024
iter: 25 | loss: 0.015
iter: 26 | loss: 0.020
iter: 27 | loss: 0.026
iter: 28 | loss: 0.055
iter: 29 | loss: 0.022
iter: 30 | loss: 0.013
iter: 31 | loss: 0.017
iter: 32 | loss: 0.045
testing r= 5
rrse(target)=137.1546159335332 / 34.87594854780834 | rrse(all)=178929887279367.78 / 34622966134154.824 | report_mode=targets
[Validation] per_target_rrse_json={"us_Trade Weighted Dollar Index": 4.736969470977783, "jp_fx": 4.696556091308594, "kr_fx": 3.9038002490997314}
[Validation] per_target_lag_mae_json={"us_Trade Weighted Dollar Index": 0.5032050609588623, "jp_fx": 0.5138826966285706, "kr_fx": 6.492631435394287}
[Validation] per_target_dir_mismatch_json={"us_Trade Weighted Dollar Index": 0.36363636363636365, "jp_fx": 0.2727272727272727, "kr_fx": 0.36363636363636365}
| end of epoch  39 | time:  1.79s | train_loss 0.0251 | valid rse 3.9326 | valid rae 4.7848 | valid corr  -0.1110 | valid smape  0.3481 | focus_rrse 4.4458 | obj 4.4458
Experiment: 1
Iter: 0
epoch: 40
hp= [1, 0.00012749999999999998, 16, 128, 256, 1024, 40, 0.02, 2, 30, 0.6, 0.1, 2, 40]
best sum= 8.828381186864735
best rrse= 3.932641881998424
best rrae= 4.784756484474656
best corr= -0.11098282
best smape= 0.3481281054512612
best objective= 4.445775032043457
best hps= [1, 0.00012749999999999998, 16, 128, 256, 1024, 40, 0.02, 2, 30, 0.6, 0.1, 2, 1]
best test rse= 3.13124305039051
best test corr= -0.18105279
[Target-Weighted Loss] weights applied: {'us_Trade Weighted Dollar Index': 45.0, 'kr_fx': 45.0, 'jp_fx': 45.0}
[Target-Only Loss] enabled for columns: ['us_Trade Weighted Dollar Index', 'jp_fx', 'kr_fx']
[Bias Penalty] enabled lambda=0.25 scope=focus cols=['us_Trade Weighted Dollar Index', 'jp_fx', 'kr_fx']
iter:  0 | loss: 0.020
iter:  1 | loss: 0.025
iter:  2 | loss: 0.020
iter:  3 | loss: 0.034
iter:  4 | loss: 0.020
iter:  5 | loss: 0.016
iter:  6 | loss: 0.033
iter:  7 | loss: 0.022
iter:  8 | loss: 0.029
iter:  9 | loss: 0.019
iter: 10 | loss: 0.017
iter: 11 | loss: 0.017
iter: 12 | loss: 0.029
iter: 13 | loss: 0.012
iter: 14 | loss: 0.018
iter: 15 | loss: 0.016
iter: 16 | loss: 0.022
iter: 17 | loss: 0.031
iter: 18 | loss: 0.031
iter: 19 | loss: 0.026
iter: 20 | loss: 0.029
iter: 21 | loss: 0.027
iter: 22 | loss: 0.022
iter: 23 | loss: 0.031
iter: 24 | loss: 0.050
iter: 25 | loss: 0.036
iter: 26 | loss: 0.016
iter: 27 | loss: 0.011
iter: 28 | loss: 0.030
iter: 29 | loss: 0.029
iter: 30 | loss: 0.036
iter: 31 | loss: 0.022
iter: 32 | loss: 0.035
testing r= 5
rrse(target)=137.1546159335332 / 34.87594854780834 | rrse(all)=178929887279367.78 / 34622966134154.824 | report_mode=targets
[Validation] per_target_rrse_json={"us_Trade Weighted Dollar Index": 4.736969470977783, "jp_fx": 4.696556091308594, "kr_fx": 3.9038002490997314}
[Validation] per_target_lag_mae_json={"us_Trade Weighted Dollar Index": 0.5032050609588623, "jp_fx": 0.5138826966285706, "kr_fx": 6.492631435394287}
[Validation] per_target_dir_mismatch_json={"us_Trade Weighted Dollar Index": 0.36363636363636365, "jp_fx": 0.2727272727272727, "kr_fx": 0.36363636363636365}
| end of epoch  40 | time:  1.84s | train_loss 0.0251 | valid rse 3.9326 | valid rae 4.7848 | valid corr  -0.1110 | valid smape  0.3481 | focus_rrse 4.4458 | obj 4.4458
best val loss= 8.828381186864735
best hps= [1, 0.00012749999999999998, 16, 128, 256, 1024, 40, 0.02, 2, 30, 0.6, 0.1, 2, 1]
testing r= 5
rrse(target)=137.1546159335332 / 34.87594854780834 | rrse(all)=178929887279367.78 / 34622966134154.824 | report_mode=targets
[Validation] per_target_rrse_json={"us_Trade Weighted Dollar Index": 4.736969470977783, "jp_fx": 4.696556091308594, "kr_fx": 3.9038002490997314}
[Validation] per_target_lag_mae_json={"us_Trade Weighted Dollar Index": 0.5032050609588623, "jp_fx": 0.5138826966285706, "kr_fx": 6.492631435394287}
[Validation] per_target_dir_mismatch_json={"us_Trade Weighted Dollar Index": 0.36363636363636365, "jp_fx": 0.2727272727272727, "kr_fx": 0.36363636363636365}
[debias] mode=val_mean_error apply_to=focus offset={'us_Trade Weighted Dollar Index': 3.2921302318573, 'jp_fx': -7.762564182281494, 'kr_fx': 35.4106559753418}
testing r= 5
rrse(target)=53.95617253556353 / 34.87594854780834 | rrse(all)=178929887279367.78 / 34622966134154.824 | report_mode=targets
[Validation] per_target_rrse_json={"us_Trade Weighted Dollar Index": 1.677402138710022, "jp_fx": 0.5989713668823242, "kr_fx": 1.5648492574691772}
[Validation] per_target_lag_mae_json={"us_Trade Weighted Dollar Index": 0.5032050609588623, "jp_fx": 0.5138826966285706, "kr_fx": 6.492631435394287}
[Validation] per_target_dir_mismatch_json={"us_Trade Weighted Dollar Index": 0.36363636363636365, "jp_fx": 0.2727272727272727, "kr_fx": 0.36363636363636365}
testing r= 5
rrse(target)=388.954869650709 / 87.05327089004898 | rrse(all)=49165471975204.195 / 13118448721317.795 | report_mode=targets
[Testing] per_target_rrse_json={"us_Trade Weighted Dollar Index": 5.1062750816345215, "jp_fx": 3.605205774307251, "kr_fx": 4.475605010986328}
[Testing] per_target_lag_mae_json={"us_Trade Weighted Dollar Index": 0.5250473022460938, "jp_fx": 0.8091416954994202, "kr_fx": 9.764803886413574}
[Testing] per_target_dir_mismatch_json={"us_Trade Weighted Dollar Index": 0.2727272727272727, "jp_fx": 0.8181818181818182, "kr_fx": 0.9090909090909091}
********************************************************************************************************
final test rse 4.4680 | test rae 5.1656 | test corr -0.1811 | test smape 0.3507
********************************************************************************************************



1 run average



valid	rse	rae
mean	1.5471	1.4606
std	0.0000	0.0000



test	rse	rae
mean	4.4680	5.1656
std	0.0000	0.0000
