CUDA not available, using CPU
[split_guard] {'n': 180, 'cutoff_idx': 168, 'cutoff_label': '25.Jan', 'valid_start_idx': 156, 'valid_end_idx': 168, 'valid_months': 12}
Loading data from /Users/samrobert/Documents/GitHub/Exchangeprediction/Cyber-trend-forecasting-main 3/B-MTGNN/data/sm_data.csv...
Data loaded and converted to numeric successfully.
Graph loaded with 1 attacks...
33 columns loaded
Adjacency created...
train X: torch.Size([131, 24, 33])
train Y: torch.Size([131, 1, 33])
valid X: torch.Size([11, 24, 33])
valid Y: torch.Size([11, 1, 33])
test X: torch.Size([11, 24, 33])
test Y: torch.Size([11, 1, 33])
test window: torch.Size([36, 33])
length of training set= 131
length of validation set= 11
length of testing set= 11
valid= 168
Auto-detected num_nodes: 33
Namespace(data='/Users/samrobert/Documents/GitHub/Exchangeprediction/Cyber-trend-forecasting-main 3/B-MTGNN/data/sm_data.csv', log_interval=2000, save='/Users/samrobert/Documents/GitHub/Exchangeprediction/Cyber-trend-forecasting-main 3/B-MTGNN/tuning_runs/20260220_175117/checkpoints/model_004.pt', optim='adam', L1Loss=True, loss_mode='mse', normalize=2, device='cuda:1', gcn_true=False, buildA_true=False, use_graph=0, gcn_depth=1, num_nodes=33, dropout=0.0, subgraph_size=30, node_dim=40, dilation_exponential=2, conv_channels=32, residual_channels=128, skip_channels=256, end_channels=1024, in_dim=1, seq_in_len=24, seq_out_len=1, horizon=1, layers=3, batch_size=4, lr=0.00012749999999999998, weight_decay=1e-05, clip=10, propalpha=0.6, tanhalpha=0.1, epochs=40, num_split=1, step_size=100, ss_prob=0.1, train_ratio=0.8666666667, valid_ratio=0.0666666667, focus_targets=1, focus_nodes='us_Trade Weighted Dollar Index,jp_fx,kr_fx', focus_weight=1.0, focus_target_gain=60.0, focus_only_loss=1, anchor_focus_to_last=0.1, rse_targets='Us_Trade Weighted Dollar Index_Testing.txt,Jp_fx_Testing.txt,Kr_fx_Testing.txt', rse_report_mode='targets', debias_mode='val_mean_error', debias_apply_to='focus', bias_penalty=0.4, bias_penalty_scope='focus', plot_focus_only=0, debug_eval=0, rollout_mode='recursive', enforce_cutoff_split=1, cutoff_year_yy=25, min_valid_months=12, confidence_level=0.95, confidence_scale=3.0, confidence_mode='predictive', seed=777, plot=0, clean_cache=0, autotune_mode=1, apply_best_tuning=0, eval_best_tuning=0, target_profile='none', best_tuning_checkpoint='')
The recpetive field size is 43
Number of model parameters is 954977
begin training
Experiment: 1
Iter: 0
epoch: 1
hp= [1, 0.00012749999999999998, 32, 128, 256, 1024, 30, 0.0, 2, 40, 0.6, 0.1, 3, 1]
best sum= 10000000
best rrse= 10000000
best rrae= 10000000
best corr= -10000000
best smape= 10000000
best objective= 10000000
best hps= []
best test rse= 10000000
best test corr= -10000000
[Target-Weighted Loss] weights applied: {'us_Trade Weighted Dollar Index': 60.0, 'kr_fx': 60.0, 'jp_fx': 60.0}
[Target-Only Loss] enabled for columns: ['us_Trade Weighted Dollar Index', 'jp_fx', 'kr_fx']
[Bias Penalty] enabled lambda=0.4 scope=focus cols=['us_Trade Weighted Dollar Index', 'jp_fx', 'kr_fx']
iter:  0 | loss: 0.040
iter:  1 | loss: 0.031
iter:  2 | loss: 0.025
iter:  3 | loss: 0.011
iter:  4 | loss: 0.075
iter:  5 | loss: 0.030
iter:  6 | loss: 0.017
iter:  7 | loss: 0.018
iter:  8 | loss: 0.032
iter:  9 | loss: 0.023
iter: 10 | loss: 0.040
iter: 11 | loss: 0.035
iter: 12 | loss: 0.030
iter: 13 | loss: 0.024
iter: 14 | loss: 0.021
iter: 15 | loss: 0.024
iter: 16 | loss: 0.024
iter: 17 | loss: 0.057
iter: 18 | loss: 0.033
iter: 19 | loss: 0.015
iter: 20 | loss: 0.035
iter: 21 | loss: 0.056
iter: 22 | loss: 0.030
iter: 23 | loss: 0.035
iter: 24 | loss: 0.031
iter: 25 | loss: 0.027
iter: 26 | loss: 0.025
iter: 27 | loss: 0.020
iter: 28 | loss: 0.030
iter: 29 | loss: 0.044
iter: 30 | loss: 0.024
iter: 31 | loss: 0.017
iter: 32 | loss: 0.031
testing r= 5
rrse(target)=101.35854521203429 / 34.87594854780834 | rrse(all)=191580097025462.4 / 34622966134154.824 | report_mode=targets
[Validation] per_target_rrse_json={"us_Trade Weighted Dollar Index": 3.759848117828369, "jp_fx": 5.750791549682617, "kr_fx": 2.777898073196411}
[Validation] per_target_lag_mae_json={"us_Trade Weighted Dollar Index": 0.5431615710258484, "jp_fx": 0.48903170228004456, "kr_fx": 6.921941757202148}
[Validation] per_target_dir_mismatch_json={"us_Trade Weighted Dollar Index": 0.45454545454545453, "jp_fx": 0.36363636363636365, "kr_fx": 0.36363636363636365}
| end of epoch   1 | time:  4.89s | train_loss 0.0306 | valid rse 2.9063 | valid rae 3.7991 | valid corr  -0.1885 | valid smape  0.3391 | focus_rrse 4.0962 | obj 4.0962
testing r= 5
rrse(target)=303.1219587476302 / 87.05327089004898 | rrse(all)=66293348769500.57 / 13118448721317.795 | report_mode=targets
[Testing] per_target_rrse_json={"us_Trade Weighted Dollar Index": 2.8821144104003906, "jp_fx": 1.1274231672286987, "kr_fx": 3.5006535053253174}
[Testing] per_target_lag_mae_json={"us_Trade Weighted Dollar Index": 0.527553915977478, "jp_fx": 0.789893388748169, "kr_fx": 9.613980293273926}
[Testing] per_target_dir_mismatch_json={"us_Trade Weighted Dollar Index": 0.36363636363636365, "jp_fx": 0.6363636363636364, "kr_fx": 1.0}
********************************************************************************************************
test rse 3.4820 | test rae 3.7216 | test corr -0.1231| test smape 0.3504 | test focus_rrse 2.5034
********************************************************************************************************
Experiment: 1
Iter: 0
epoch: 2
hp= [1, 0.00012749999999999998, 32, 128, 256, 1024, 30, 0.0, 2, 40, 0.6, 0.1, 3, 2]
best sum= 6.893905728528818
best rrse= 2.906259168065088
best rrae= 3.7991457835767903
best corr= -0.18850078
best smape= 0.33907373689631637
best objective= 4.096179008483887
best hps= [1, 0.00012749999999999998, 32, 128, 256, 1024, 30, 0.0, 2, 40, 0.6, 0.1, 3, 1]
best test rse= 3.482028367785086
best test corr= -0.123122536
[Target-Weighted Loss] weights applied: {'us_Trade Weighted Dollar Index': 60.0, 'kr_fx': 60.0, 'jp_fx': 60.0}
[Target-Only Loss] enabled for columns: ['us_Trade Weighted Dollar Index', 'jp_fx', 'kr_fx']
[Bias Penalty] enabled lambda=0.4 scope=focus cols=['us_Trade Weighted Dollar Index', 'jp_fx', 'kr_fx']
iter:  0 | loss: 0.023
iter:  1 | loss: 0.012
iter:  2 | loss: 0.026
iter:  3 | loss: 0.015
iter:  4 | loss: 0.012
iter:  5 | loss: 0.044
iter:  6 | loss: 0.049
iter:  7 | loss: 0.034
iter:  8 | loss: 0.055
iter:  9 | loss: 0.038
iter: 10 | loss: 0.037
iter: 11 | loss: 0.024
iter: 12 | loss: 0.023
iter: 13 | loss: 0.033
iter: 14 | loss: 0.023
iter: 15 | loss: 0.031
iter: 16 | loss: 0.028
iter: 17 | loss: 0.017
iter: 18 | loss: 0.043
iter: 19 | loss: 0.024
iter: 20 | loss: 0.017
iter: 21 | loss: 0.027
iter: 22 | loss: 0.025
iter: 23 | loss: 0.028
iter: 24 | loss: 0.064
iter: 25 | loss: 0.043
iter: 26 | loss: 0.047
iter: 27 | loss: 0.049
iter: 28 | loss: 0.032
iter: 29 | loss: 0.017
iter: 30 | loss: 0.025
iter: 31 | loss: 0.021
iter: 32 | loss: 0.016
testing r= 5
rrse(target)=101.35854521203429 / 34.87594854780834 | rrse(all)=191580097025462.4 / 34622966134154.824 | report_mode=targets
[Validation] per_target_rrse_json={"us_Trade Weighted Dollar Index": 3.759848117828369, "jp_fx": 5.750791549682617, "kr_fx": 2.777898073196411}
[Validation] per_target_lag_mae_json={"us_Trade Weighted Dollar Index": 0.5431615710258484, "jp_fx": 0.48903170228004456, "kr_fx": 6.921941757202148}
[Validation] per_target_dir_mismatch_json={"us_Trade Weighted Dollar Index": 0.45454545454545453, "jp_fx": 0.36363636363636365, "kr_fx": 0.36363636363636365}
| end of epoch   2 | time:  4.89s | train_loss 0.0305 | valid rse 2.9063 | valid rae 3.7991 | valid corr  -0.1885 | valid smape  0.3391 | focus_rrse 4.0962 | obj 4.0962
Experiment: 1
Iter: 0
epoch: 3
hp= [1, 0.00012749999999999998, 32, 128, 256, 1024, 30, 0.0, 2, 40, 0.6, 0.1, 3, 3]
best sum= 6.893905728528818
best rrse= 2.906259168065088
best rrae= 3.7991457835767903
best corr= -0.18850078
best smape= 0.33907373689631637
best objective= 4.096179008483887
best hps= [1, 0.00012749999999999998, 32, 128, 256, 1024, 30, 0.0, 2, 40, 0.6, 0.1, 3, 1]
best test rse= 3.482028367785086
best test corr= -0.123122536
[Target-Weighted Loss] weights applied: {'us_Trade Weighted Dollar Index': 60.0, 'kr_fx': 60.0, 'jp_fx': 60.0}
[Target-Only Loss] enabled for columns: ['us_Trade Weighted Dollar Index', 'jp_fx', 'kr_fx']
[Bias Penalty] enabled lambda=0.4 scope=focus cols=['us_Trade Weighted Dollar Index', 'jp_fx', 'kr_fx']
iter:  0 | loss: 0.042
iter:  1 | loss: 0.024
iter:  2 | loss: 0.012
iter:  3 | loss: 0.033
iter:  4 | loss: 0.054
iter:  5 | loss: 0.025
iter:  6 | loss: 0.038
iter:  7 | loss: 0.047
iter:  8 | loss: 0.028
iter:  9 | loss: 0.022
iter: 10 | loss: 0.034
iter: 11 | loss: 0.027
iter: 12 | loss: 0.029
iter: 13 | loss: 0.011
iter: 14 | loss: 0.045
iter: 15 | loss: 0.029
iter: 16 | loss: 0.037
iter: 17 | loss: 0.015
iter: 18 | loss: 0.033
iter: 19 | loss: 0.024
iter: 20 | loss: 0.032
iter: 21 | loss: 0.031
iter: 22 | loss: 0.010
iter: 23 | loss: 0.041
iter: 24 | loss: 0.032
iter: 25 | loss: 0.028
iter: 26 | loss: 0.020
iter: 27 | loss: 0.031
iter: 28 | loss: 0.013
iter: 29 | loss: 0.026
iter: 30 | loss: 0.036
iter: 31 | loss: 0.041
iter: 32 | loss: 0.074
testing r= 5
rrse(target)=101.35854521203429 / 34.87594854780834 | rrse(all)=191580097025462.4 / 34622966134154.824 | report_mode=targets
[Validation] per_target_rrse_json={"us_Trade Weighted Dollar Index": 3.759848117828369, "jp_fx": 5.750791549682617, "kr_fx": 2.777898073196411}
[Validation] per_target_lag_mae_json={"us_Trade Weighted Dollar Index": 0.5431615710258484, "jp_fx": 0.48903170228004456, "kr_fx": 6.921941757202148}
[Validation] per_target_dir_mismatch_json={"us_Trade Weighted Dollar Index": 0.45454545454545453, "jp_fx": 0.36363636363636365, "kr_fx": 0.36363636363636365}
| end of epoch   3 | time:  4.96s | train_loss 0.0308 | valid rse 2.9063 | valid rae 3.7991 | valid corr  -0.1885 | valid smape  0.3391 | focus_rrse 4.0962 | obj 4.0962
Experiment: 1
Iter: 0
epoch: 4
hp= [1, 0.00012749999999999998, 32, 128, 256, 1024, 30, 0.0, 2, 40, 0.6, 0.1, 3, 4]
best sum= 6.893905728528818
best rrse= 2.906259168065088
best rrae= 3.7991457835767903
best corr= -0.18850078
best smape= 0.33907373689631637
best objective= 4.096179008483887
best hps= [1, 0.00012749999999999998, 32, 128, 256, 1024, 30, 0.0, 2, 40, 0.6, 0.1, 3, 1]
best test rse= 3.482028367785086
best test corr= -0.123122536
[Target-Weighted Loss] weights applied: {'us_Trade Weighted Dollar Index': 60.0, 'kr_fx': 60.0, 'jp_fx': 60.0}
[Target-Only Loss] enabled for columns: ['us_Trade Weighted Dollar Index', 'jp_fx', 'kr_fx']
[Bias Penalty] enabled lambda=0.4 scope=focus cols=['us_Trade Weighted Dollar Index', 'jp_fx', 'kr_fx']
iter:  0 | loss: 0.035
iter:  1 | loss: 0.037
iter:  2 | loss: 0.016
iter:  3 | loss: 0.075
iter:  4 | loss: 0.042
iter:  5 | loss: 0.034
iter:  6 | loss: 0.025
iter:  7 | loss: 0.024
iter:  8 | loss: 0.027
iter:  9 | loss: 0.015
iter: 10 | loss: 0.061
iter: 11 | loss: 0.031
iter: 12 | loss: 0.032
iter: 13 | loss: 0.040
iter: 14 | loss: 0.021
iter: 15 | loss: 0.027
iter: 16 | loss: 0.023
iter: 17 | loss: 0.033
iter: 18 | loss: 0.024
iter: 19 | loss: 0.021
iter: 20 | loss: 0.014
iter: 21 | loss: 0.040
iter: 22 | loss: 0.040
iter: 23 | loss: 0.018
iter: 24 | loss: 0.029
iter: 25 | loss: 0.033
iter: 26 | loss: 0.024
iter: 27 | loss: 0.028
iter: 28 | loss: 0.016
iter: 29 | loss: 0.024
iter: 30 | loss: 0.062
iter: 31 | loss: 0.034
iter: 32 | loss: 0.035
testing r= 5
rrse(target)=101.35854521203429 / 34.87594854780834 | rrse(all)=191580097025462.4 / 34622966134154.824 | report_mode=targets
[Validation] per_target_rrse_json={"us_Trade Weighted Dollar Index": 3.759848117828369, "jp_fx": 5.750791549682617, "kr_fx": 2.777898073196411}
[Validation] per_target_lag_mae_json={"us_Trade Weighted Dollar Index": 0.5431615710258484, "jp_fx": 0.48903170228004456, "kr_fx": 6.921941757202148}
[Validation] per_target_dir_mismatch_json={"us_Trade Weighted Dollar Index": 0.45454545454545453, "jp_fx": 0.36363636363636365, "kr_fx": 0.36363636363636365}
| end of epoch   4 | time:  4.94s | train_loss 0.0316 | valid rse 2.9063 | valid rae 3.7991 | valid corr  -0.1885 | valid smape  0.3391 | focus_rrse 4.0962 | obj 4.0962
Experiment: 1
Iter: 0
epoch: 5
hp= [1, 0.00012749999999999998, 32, 128, 256, 1024, 30, 0.0, 2, 40, 0.6, 0.1, 3, 5]
best sum= 6.893905728528818
best rrse= 2.906259168065088
best rrae= 3.7991457835767903
best corr= -0.18850078
best smape= 0.33907373689631637
best objective= 4.096179008483887
best hps= [1, 0.00012749999999999998, 32, 128, 256, 1024, 30, 0.0, 2, 40, 0.6, 0.1, 3, 1]
best test rse= 3.482028367785086
best test corr= -0.123122536
[Target-Weighted Loss] weights applied: {'us_Trade Weighted Dollar Index': 60.0, 'kr_fx': 60.0, 'jp_fx': 60.0}
[Target-Only Loss] enabled for columns: ['us_Trade Weighted Dollar Index', 'jp_fx', 'kr_fx']
[Bias Penalty] enabled lambda=0.4 scope=focus cols=['us_Trade Weighted Dollar Index', 'jp_fx', 'kr_fx']
iter:  0 | loss: 0.035
iter:  1 | loss: 0.030
iter:  2 | loss: 0.060
iter:  3 | loss: 0.040
iter:  4 | loss: 0.017
iter:  5 | loss: 0.024
iter:  6 | loss: 0.017
iter:  7 | loss: 0.042
iter:  8 | loss: 0.028
iter:  9 | loss: 0.015
iter: 10 | loss: 0.026
iter: 11 | loss: 0.030
iter: 12 | loss: 0.025
iter: 13 | loss: 0.017
iter: 14 | loss: 0.039
iter: 15 | loss: 0.024
iter: 16 | loss: 0.015
iter: 17 | loss: 0.024
iter: 18 | loss: 0.026
iter: 19 | loss: 0.037
iter: 20 | loss: 0.019
iter: 21 | loss: 0.034
iter: 22 | loss: 0.029
iter: 23 | loss: 0.023
iter: 24 | loss: 0.067
iter: 25 | loss: 0.032
iter: 26 | loss: 0.050
iter: 27 | loss: 0.021
iter: 28 | loss: 0.023
iter: 29 | loss: 0.019
iter: 30 | loss: 0.013
iter: 31 | loss: 0.035
iter: 32 | loss: 0.087
testing r= 5
rrse(target)=101.35854521203429 / 34.87594854780834 | rrse(all)=191580097025462.4 / 34622966134154.824 | report_mode=targets
[Validation] per_target_rrse_json={"us_Trade Weighted Dollar Index": 3.759848117828369, "jp_fx": 5.750791549682617, "kr_fx": 2.777898073196411}
[Validation] per_target_lag_mae_json={"us_Trade Weighted Dollar Index": 0.5431615710258484, "jp_fx": 0.48903170228004456, "kr_fx": 6.921941757202148}
[Validation] per_target_dir_mismatch_json={"us_Trade Weighted Dollar Index": 0.45454545454545453, "jp_fx": 0.36363636363636365, "kr_fx": 0.36363636363636365}
| end of epoch   5 | time:  4.89s | train_loss 0.0306 | valid rse 2.9063 | valid rae 3.7991 | valid corr  -0.1885 | valid smape  0.3391 | focus_rrse 4.0962 | obj 4.0962
Experiment: 1
Iter: 0
epoch: 6
hp= [1, 0.00012749999999999998, 32, 128, 256, 1024, 30, 0.0, 2, 40, 0.6, 0.1, 3, 6]
best sum= 6.893905728528818
best rrse= 2.906259168065088
best rrae= 3.7991457835767903
best corr= -0.18850078
best smape= 0.33907373689631637
best objective= 4.096179008483887
best hps= [1, 0.00012749999999999998, 32, 128, 256, 1024, 30, 0.0, 2, 40, 0.6, 0.1, 3, 1]
best test rse= 3.482028367785086
best test corr= -0.123122536
[Target-Weighted Loss] weights applied: {'us_Trade Weighted Dollar Index': 60.0, 'kr_fx': 60.0, 'jp_fx': 60.0}
[Target-Only Loss] enabled for columns: ['us_Trade Weighted Dollar Index', 'jp_fx', 'kr_fx']
[Bias Penalty] enabled lambda=0.4 scope=focus cols=['us_Trade Weighted Dollar Index', 'jp_fx', 'kr_fx']
iter:  0 | loss: 0.030
iter:  1 | loss: 0.018
iter:  2 | loss: 0.032
iter:  3 | loss: 0.033
iter:  4 | loss: 0.026
iter:  5 | loss: 0.020
iter:  6 | loss: 0.010
iter:  7 | loss: 0.034
iter:  8 | loss: 0.029
iter:  9 | loss: 0.041
iter: 10 | loss: 0.021
iter: 11 | loss: 0.027
iter: 12 | loss: 0.026
iter: 13 | loss: 0.024
iter: 14 | loss: 0.025
iter: 15 | loss: 0.051
iter: 16 | loss: 0.025
iter: 17 | loss: 0.038
iter: 18 | loss: 0.020
iter: 19 | loss: 0.055
iter: 20 | loss: 0.023
iter: 21 | loss: 0.028
iter: 22 | loss: 0.046
iter: 23 | loss: 0.026
iter: 24 | loss: 0.072
iter: 25 | loss: 0.044
iter: 26 | loss: 0.027
iter: 27 | loss: 0.022
iter: 28 | loss: 0.027
iter: 29 | loss: 0.042
iter: 30 | loss: 0.019
iter: 31 | loss: 0.020
iter: 32 | loss: 0.030
testing r= 5
rrse(target)=101.35854521203429 / 34.87594854780834 | rrse(all)=191580097025462.4 / 34622966134154.824 | report_mode=targets
[Validation] per_target_rrse_json={"us_Trade Weighted Dollar Index": 3.759848117828369, "jp_fx": 5.750791549682617, "kr_fx": 2.777898073196411}
[Validation] per_target_lag_mae_json={"us_Trade Weighted Dollar Index": 0.5431615710258484, "jp_fx": 0.48903170228004456, "kr_fx": 6.921941757202148}
[Validation] per_target_dir_mismatch_json={"us_Trade Weighted Dollar Index": 0.45454545454545453, "jp_fx": 0.36363636363636365, "kr_fx": 0.36363636363636365}
| end of epoch   6 | time:  4.64s | train_loss 0.0306 | valid rse 2.9063 | valid rae 3.7991 | valid corr  -0.1885 | valid smape  0.3391 | focus_rrse 4.0962 | obj 4.0962
Experiment: 1
Iter: 0
epoch: 7
hp= [1, 0.00012749999999999998, 32, 128, 256, 1024, 30, 0.0, 2, 40, 0.6, 0.1, 3, 7]
best sum= 6.893905728528818
best rrse= 2.906259168065088
best rrae= 3.7991457835767903
best corr= -0.18850078
best smape= 0.33907373689631637
best objective= 4.096179008483887
best hps= [1, 0.00012749999999999998, 32, 128, 256, 1024, 30, 0.0, 2, 40, 0.6, 0.1, 3, 1]
best test rse= 3.482028367785086
best test corr= -0.123122536
[Target-Weighted Loss] weights applied: {'us_Trade Weighted Dollar Index': 60.0, 'kr_fx': 60.0, 'jp_fx': 60.0}
[Target-Only Loss] enabled for columns: ['us_Trade Weighted Dollar Index', 'jp_fx', 'kr_fx']
[Bias Penalty] enabled lambda=0.4 scope=focus cols=['us_Trade Weighted Dollar Index', 'jp_fx', 'kr_fx']
iter:  0 | loss: 0.021
iter:  1 | loss: 0.037
iter:  2 | loss: 0.020
iter:  3 | loss: 0.036
iter:  4 | loss: 0.031
iter:  5 | loss: 0.051
iter:  6 | loss: 0.045
iter:  7 | loss: 0.030
iter:  8 | loss: 0.024
iter:  9 | loss: 0.039
iter: 10 | loss: 0.026
iter: 11 | loss: 0.031
iter: 12 | loss: 0.025
iter: 13 | loss: 0.029
iter: 14 | loss: 0.019
iter: 15 | loss: 0.022
iter: 16 | loss: 0.025
iter: 17 | loss: 0.037
iter: 18 | loss: 0.019
iter: 19 | loss: 0.029
iter: 20 | loss: 0.030
iter: 21 | loss: 0.030
iter: 22 | loss: 0.019
iter: 23 | loss: 0.026
iter: 24 | loss: 0.047
iter: 25 | loss: 0.017
iter: 26 | loss: 0.050
iter: 27 | loss: 0.024
iter: 28 | loss: 0.048
iter: 29 | loss: 0.023
iter: 30 | loss: 0.034
iter: 31 | loss: 0.026
iter: 32 | loss: 0.022
testing r= 5
rrse(target)=101.35854521203429 / 34.87594854780834 | rrse(all)=191580097025462.4 / 34622966134154.824 | report_mode=targets
[Validation] per_target_rrse_json={"us_Trade Weighted Dollar Index": 3.759848117828369, "jp_fx": 5.750791549682617, "kr_fx": 2.777898073196411}
[Validation] per_target_lag_mae_json={"us_Trade Weighted Dollar Index": 0.5431615710258484, "jp_fx": 0.48903170228004456, "kr_fx": 6.921941757202148}
[Validation] per_target_dir_mismatch_json={"us_Trade Weighted Dollar Index": 0.45454545454545453, "jp_fx": 0.36363636363636365, "kr_fx": 0.36363636363636365}
| end of epoch   7 | time:  4.62s | train_loss 0.0301 | valid rse 2.9063 | valid rae 3.7991 | valid corr  -0.1885 | valid smape  0.3391 | focus_rrse 4.0962 | obj 4.0962
Experiment: 1
Iter: 0
epoch: 8
hp= [1, 0.00012749999999999998, 32, 128, 256, 1024, 30, 0.0, 2, 40, 0.6, 0.1, 3, 8]
best sum= 6.893905728528818
best rrse= 2.906259168065088
best rrae= 3.7991457835767903
best corr= -0.18850078
best smape= 0.33907373689631637
best objective= 4.096179008483887
best hps= [1, 0.00012749999999999998, 32, 128, 256, 1024, 30, 0.0, 2, 40, 0.6, 0.1, 3, 1]
best test rse= 3.482028367785086
best test corr= -0.123122536
[Target-Weighted Loss] weights applied: {'us_Trade Weighted Dollar Index': 60.0, 'kr_fx': 60.0, 'jp_fx': 60.0}
[Target-Only Loss] enabled for columns: ['us_Trade Weighted Dollar Index', 'jp_fx', 'kr_fx']
[Bias Penalty] enabled lambda=0.4 scope=focus cols=['us_Trade Weighted Dollar Index', 'jp_fx', 'kr_fx']
iter:  0 | loss: 0.029
iter:  1 | loss: 0.028
iter:  2 | loss: 0.015
iter:  3 | loss: 0.054
iter:  4 | loss: 0.035
iter:  5 | loss: 0.017
iter:  6 | loss: 0.068
iter:  7 | loss: 0.026
iter:  8 | loss: 0.045
iter:  9 | loss: 0.017
iter: 10 | loss: 0.025
iter: 11 | loss: 0.031
iter: 12 | loss: 0.028
iter: 13 | loss: 0.028
iter: 14 | loss: 0.025
iter: 15 | loss: 0.039
iter: 16 | loss: 0.030
iter: 17 | loss: 0.037
iter: 18 | loss: 0.029
iter: 19 | loss: 0.017
iter: 20 | loss: 0.024
iter: 21 | loss: 0.014
iter: 22 | loss: 0.017
iter: 23 | loss: 0.028
iter: 24 | loss: 0.039
iter: 25 | loss: 0.034
iter: 26 | loss: 0.022
iter: 27 | loss: 0.040
iter: 28 | loss: 0.027
iter: 29 | loss: 0.037
iter: 30 | loss: 0.042
iter: 31 | loss: 0.032
iter: 32 | loss: 0.032
testing r= 5
rrse(target)=101.35854521203429 / 34.87594854780834 | rrse(all)=191580097025462.4 / 34622966134154.824 | report_mode=targets
[Validation] per_target_rrse_json={"us_Trade Weighted Dollar Index": 3.759848117828369, "jp_fx": 5.750791549682617, "kr_fx": 2.777898073196411}
[Validation] per_target_lag_mae_json={"us_Trade Weighted Dollar Index": 0.5431615710258484, "jp_fx": 0.48903170228004456, "kr_fx": 6.921941757202148}
[Validation] per_target_dir_mismatch_json={"us_Trade Weighted Dollar Index": 0.45454545454545453, "jp_fx": 0.36363636363636365, "kr_fx": 0.36363636363636365}
| end of epoch   8 | time:  4.81s | train_loss 0.0306 | valid rse 2.9063 | valid rae 3.7991 | valid corr  -0.1885 | valid smape  0.3391 | focus_rrse 4.0962 | obj 4.0962
Experiment: 1
Iter: 0
epoch: 9
hp= [1, 0.00012749999999999998, 32, 128, 256, 1024, 30, 0.0, 2, 40, 0.6, 0.1, 3, 9]
best sum= 6.893905728528818
best rrse= 2.906259168065088
best rrae= 3.7991457835767903
best corr= -0.18850078
best smape= 0.33907373689631637
best objective= 4.096179008483887
best hps= [1, 0.00012749999999999998, 32, 128, 256, 1024, 30, 0.0, 2, 40, 0.6, 0.1, 3, 1]
best test rse= 3.482028367785086
best test corr= -0.123122536
[Target-Weighted Loss] weights applied: {'us_Trade Weighted Dollar Index': 60.0, 'kr_fx': 60.0, 'jp_fx': 60.0}
[Target-Only Loss] enabled for columns: ['us_Trade Weighted Dollar Index', 'jp_fx', 'kr_fx']
[Bias Penalty] enabled lambda=0.4 scope=focus cols=['us_Trade Weighted Dollar Index', 'jp_fx', 'kr_fx']
iter:  0 | loss: 0.041
iter:  1 | loss: 0.029
iter:  2 | loss: 0.013
iter:  3 | loss: 0.017
iter:  4 | loss: 0.043
iter:  5 | loss: 0.071
iter:  6 | loss: 0.057
iter:  7 | loss: 0.030
iter:  8 | loss: 0.033
iter:  9 | loss: 0.023
iter: 10 | loss: 0.015
iter: 11 | loss: 0.022
iter: 12 | loss: 0.023
iter: 13 | loss: 0.016
iter: 14 | loss: 0.030
iter: 15 | loss: 0.051
iter: 16 | loss: 0.015
iter: 17 | loss: 0.018
iter: 18 | loss: 0.023
iter: 19 | loss: 0.030
iter: 20 | loss: 0.025
iter: 21 | loss: 0.052
iter: 22 | loss: 0.038
iter: 23 | loss: 0.025
iter: 24 | loss: 0.040
iter: 25 | loss: 0.081
iter: 26 | loss: 0.027
iter: 27 | loss: 0.030
iter: 28 | loss: 0.018
iter: 29 | loss: 0.013
iter: 30 | loss: 0.038
iter: 31 | loss: 0.024
iter: 32 | loss: 0.037
testing r= 5
rrse(target)=101.35854521203429 / 34.87594854780834 | rrse(all)=191580097025462.4 / 34622966134154.824 | report_mode=targets
[Validation] per_target_rrse_json={"us_Trade Weighted Dollar Index": 3.759848117828369, "jp_fx": 5.750791549682617, "kr_fx": 2.777898073196411}
[Validation] per_target_lag_mae_json={"us_Trade Weighted Dollar Index": 0.5431615710258484, "jp_fx": 0.48903170228004456, "kr_fx": 6.921941757202148}
[Validation] per_target_dir_mismatch_json={"us_Trade Weighted Dollar Index": 0.45454545454545453, "jp_fx": 0.36363636363636365, "kr_fx": 0.36363636363636365}
| end of epoch   9 | time:  4.77s | train_loss 0.0317 | valid rse 2.9063 | valid rae 3.7991 | valid corr  -0.1885 | valid smape  0.3391 | focus_rrse 4.0962 | obj 4.0962
Experiment: 1
Iter: 0
epoch: 10
hp= [1, 0.00012749999999999998, 32, 128, 256, 1024, 30, 0.0, 2, 40, 0.6, 0.1, 3, 10]
best sum= 6.893905728528818
best rrse= 2.906259168065088
best rrae= 3.7991457835767903
best corr= -0.18850078
best smape= 0.33907373689631637
best objective= 4.096179008483887
best hps= [1, 0.00012749999999999998, 32, 128, 256, 1024, 30, 0.0, 2, 40, 0.6, 0.1, 3, 1]
best test rse= 3.482028367785086
best test corr= -0.123122536
[Target-Weighted Loss] weights applied: {'us_Trade Weighted Dollar Index': 60.0, 'kr_fx': 60.0, 'jp_fx': 60.0}
[Target-Only Loss] enabled for columns: ['us_Trade Weighted Dollar Index', 'jp_fx', 'kr_fx']
[Bias Penalty] enabled lambda=0.4 scope=focus cols=['us_Trade Weighted Dollar Index', 'jp_fx', 'kr_fx']
iter:  0 | loss: 0.021
iter:  1 | loss: 0.029
iter:  2 | loss: 0.019
iter:  3 | loss: 0.045
iter:  4 | loss: 0.039
iter:  5 | loss: 0.058
iter:  6 | loss: 0.016
iter:  7 | loss: 0.054
iter:  8 | loss: 0.057
iter:  9 | loss: 0.037
iter: 10 | loss: 0.026
iter: 11 | loss: 0.019
iter: 12 | loss: 0.015
iter: 13 | loss: 0.028
iter: 14 | loss: 0.048
iter: 15 | loss: 0.029
iter: 16 | loss: 0.018
iter: 17 | loss: 0.023
iter: 18 | loss: 0.017
iter: 19 | loss: 0.030
iter: 20 | loss: 0.046
iter: 21 | loss: 0.036
iter: 22 | loss: 0.019
iter: 23 | loss: 0.047
iter: 24 | loss: 0.021
iter: 25 | loss: 0.013
iter: 26 | loss: 0.026
iter: 27 | loss: 0.034
iter: 28 | loss: 0.022
iter: 29 | loss: 0.040
iter: 30 | loss: 0.024
iter: 31 | loss: 0.028
iter: 32 | loss: 0.031
testing r= 5
rrse(target)=101.35854521203429 / 34.87594854780834 | rrse(all)=191580097025462.4 / 34622966134154.824 | report_mode=targets
[Validation] per_target_rrse_json={"us_Trade Weighted Dollar Index": 3.759848117828369, "jp_fx": 5.750791549682617, "kr_fx": 2.777898073196411}
[Validation] per_target_lag_mae_json={"us_Trade Weighted Dollar Index": 0.5431615710258484, "jp_fx": 0.48903170228004456, "kr_fx": 6.921941757202148}
[Validation] per_target_dir_mismatch_json={"us_Trade Weighted Dollar Index": 0.45454545454545453, "jp_fx": 0.36363636363636365, "kr_fx": 0.36363636363636365}
| end of epoch  10 | time:  4.75s | train_loss 0.0307 | valid rse 2.9063 | valid rae 3.7991 | valid corr  -0.1885 | valid smape  0.3391 | focus_rrse 4.0962 | obj 4.0962
Experiment: 1
Iter: 0
epoch: 11
hp= [1, 0.00012749999999999998, 32, 128, 256, 1024, 30, 0.0, 2, 40, 0.6, 0.1, 3, 11]
best sum= 6.893905728528818
best rrse= 2.906259168065088
best rrae= 3.7991457835767903
best corr= -0.18850078
best smape= 0.33907373689631637
best objective= 4.096179008483887
best hps= [1, 0.00012749999999999998, 32, 128, 256, 1024, 30, 0.0, 2, 40, 0.6, 0.1, 3, 1]
best test rse= 3.482028367785086
best test corr= -0.123122536
[Target-Weighted Loss] weights applied: {'us_Trade Weighted Dollar Index': 60.0, 'kr_fx': 60.0, 'jp_fx': 60.0}
[Target-Only Loss] enabled for columns: ['us_Trade Weighted Dollar Index', 'jp_fx', 'kr_fx']
[Bias Penalty] enabled lambda=0.4 scope=focus cols=['us_Trade Weighted Dollar Index', 'jp_fx', 'kr_fx']
iter:  0 | loss: 0.031
iter:  1 | loss: 0.019
iter:  2 | loss: 0.044
iter:  3 | loss: 0.045
iter:  4 | loss: 0.028
iter:  5 | loss: 0.035
iter:  6 | loss: 0.025
iter:  7 | loss: 0.026
iter:  8 | loss: 0.032
iter:  9 | loss: 0.026
iter: 10 | loss: 0.053
iter: 11 | loss: 0.021
iter: 12 | loss: 0.020
iter: 13 | loss: 0.036
iter: 14 | loss: 0.015
iter: 15 | loss: 0.018
iter: 16 | loss: 0.027
iter: 17 | loss: 0.021
iter: 18 | loss: 0.042
iter: 19 | loss: 0.044
iter: 20 | loss: 0.044
iter: 21 | loss: 0.011
iter: 22 | loss: 0.026
iter: 23 | loss: 0.015
iter: 24 | loss: 0.044
iter: 25 | loss: 0.015
iter: 26 | loss: 0.024
iter: 27 | loss: 0.058
iter: 28 | loss: 0.035
iter: 29 | loss: 0.029
iter: 30 | loss: 0.028
iter: 31 | loss: 0.016
iter: 32 | loss: 0.029
testing r= 5
rrse(target)=101.35854521203429 / 34.87594854780834 | rrse(all)=191580097025462.4 / 34622966134154.824 | report_mode=targets
[Validation] per_target_rrse_json={"us_Trade Weighted Dollar Index": 3.759848117828369, "jp_fx": 5.750791549682617, "kr_fx": 2.777898073196411}
[Validation] per_target_lag_mae_json={"us_Trade Weighted Dollar Index": 0.5431615710258484, "jp_fx": 0.48903170228004456, "kr_fx": 6.921941757202148}
[Validation] per_target_dir_mismatch_json={"us_Trade Weighted Dollar Index": 0.45454545454545453, "jp_fx": 0.36363636363636365, "kr_fx": 0.36363636363636365}
| end of epoch  11 | time:  4.71s | train_loss 0.0298 | valid rse 2.9063 | valid rae 3.7991 | valid corr  -0.1885 | valid smape  0.3391 | focus_rrse 4.0962 | obj 4.0962
Experiment: 1
Iter: 0
epoch: 12
hp= [1, 0.00012749999999999998, 32, 128, 256, 1024, 30, 0.0, 2, 40, 0.6, 0.1, 3, 12]
best sum= 6.893905728528818
best rrse= 2.906259168065088
best rrae= 3.7991457835767903
best corr= -0.18850078
best smape= 0.33907373689631637
best objective= 4.096179008483887
best hps= [1, 0.00012749999999999998, 32, 128, 256, 1024, 30, 0.0, 2, 40, 0.6, 0.1, 3, 1]
best test rse= 3.482028367785086
best test corr= -0.123122536
[Target-Weighted Loss] weights applied: {'us_Trade Weighted Dollar Index': 60.0, 'kr_fx': 60.0, 'jp_fx': 60.0}
[Target-Only Loss] enabled for columns: ['us_Trade Weighted Dollar Index', 'jp_fx', 'kr_fx']
[Bias Penalty] enabled lambda=0.4 scope=focus cols=['us_Trade Weighted Dollar Index', 'jp_fx', 'kr_fx']
iter:  0 | loss: 0.045
iter:  1 | loss: 0.018
iter:  2 | loss: 0.033
iter:  3 | loss: 0.027
iter:  4 | loss: 0.024
iter:  5 | loss: 0.021
iter:  6 | loss: 0.026
iter:  7 | loss: 0.021
iter:  8 | loss: 0.029
iter:  9 | loss: 0.022
iter: 10 | loss: 0.040
iter: 11 | loss: 0.034
iter: 12 | loss: 0.021
iter: 13 | loss: 0.029
iter: 14 | loss: 0.051
iter: 15 | loss: 0.024
iter: 16 | loss: 0.030
iter: 17 | loss: 0.039
iter: 18 | loss: 0.034
iter: 19 | loss: 0.024
iter: 20 | loss: 0.042
iter: 21 | loss: 0.032
iter: 22 | loss: 0.040
iter: 23 | loss: 0.016
iter: 24 | loss: 0.043
iter: 25 | loss: 0.023
iter: 26 | loss: 0.045
iter: 27 | loss: 0.040
iter: 28 | loss: 0.027
iter: 29 | loss: 0.027
iter: 30 | loss: 0.061
iter: 31 | loss: 0.009
iter: 32 | loss: 0.008
testing r= 5
rrse(target)=101.35854521203429 / 34.87594854780834 | rrse(all)=191580097025462.4 / 34622966134154.824 | report_mode=targets
[Validation] per_target_rrse_json={"us_Trade Weighted Dollar Index": 3.759848117828369, "jp_fx": 5.750791549682617, "kr_fx": 2.777898073196411}
[Validation] per_target_lag_mae_json={"us_Trade Weighted Dollar Index": 0.5431615710258484, "jp_fx": 0.48903170228004456, "kr_fx": 6.921941757202148}
[Validation] per_target_dir_mismatch_json={"us_Trade Weighted Dollar Index": 0.45454545454545453, "jp_fx": 0.36363636363636365, "kr_fx": 0.36363636363636365}
| end of epoch  12 | time:  5.01s | train_loss 0.0307 | valid rse 2.9063 | valid rae 3.7991 | valid corr  -0.1885 | valid smape  0.3391 | focus_rrse 4.0962 | obj 4.0962
Experiment: 1
Iter: 0
epoch: 13
hp= [1, 0.00012749999999999998, 32, 128, 256, 1024, 30, 0.0, 2, 40, 0.6, 0.1, 3, 13]
best sum= 6.893905728528818
best rrse= 2.906259168065088
best rrae= 3.7991457835767903
best corr= -0.18850078
best smape= 0.33907373689631637
best objective= 4.096179008483887
best hps= [1, 0.00012749999999999998, 32, 128, 256, 1024, 30, 0.0, 2, 40, 0.6, 0.1, 3, 1]
best test rse= 3.482028367785086
best test corr= -0.123122536
[Target-Weighted Loss] weights applied: {'us_Trade Weighted Dollar Index': 60.0, 'kr_fx': 60.0, 'jp_fx': 60.0}
[Target-Only Loss] enabled for columns: ['us_Trade Weighted Dollar Index', 'jp_fx', 'kr_fx']
[Bias Penalty] enabled lambda=0.4 scope=focus cols=['us_Trade Weighted Dollar Index', 'jp_fx', 'kr_fx']
iter:  0 | loss: 0.034
iter:  1 | loss: 0.027
iter:  2 | loss: 0.038
iter:  3 | loss: 0.048
iter:  4 | loss: 0.028
iter:  5 | loss: 0.025
iter:  6 | loss: 0.039
iter:  7 | loss: 0.032
iter:  8 | loss: 0.012
iter:  9 | loss: 0.017
iter: 10 | loss: 0.034
iter: 11 | loss: 0.035
iter: 12 | loss: 0.029
iter: 13 | loss: 0.019
iter: 14 | loss: 0.048
iter: 15 | loss: 0.022
iter: 16 | loss: 0.029
iter: 17 | loss: 0.016
iter: 18 | loss: 0.023
iter: 19 | loss: 0.021
iter: 20 | loss: 0.045
iter: 21 | loss: 0.015
iter: 22 | loss: 0.028
iter: 23 | loss: 0.024
iter: 24 | loss: 0.023
iter: 25 | loss: 0.015
iter: 26 | loss: 0.019
iter: 27 | loss: 0.025
iter: 28 | loss: 0.022
iter: 29 | loss: 0.062
iter: 30 | loss: 0.069
iter: 31 | loss: 0.027
iter: 32 | loss: 0.055
testing r= 5
rrse(target)=101.35854521203429 / 34.87594854780834 | rrse(all)=191580097025462.4 / 34622966134154.824 | report_mode=targets
[Validation] per_target_rrse_json={"us_Trade Weighted Dollar Index": 3.759848117828369, "jp_fx": 5.750791549682617, "kr_fx": 2.777898073196411}
[Validation] per_target_lag_mae_json={"us_Trade Weighted Dollar Index": 0.5431615710258484, "jp_fx": 0.48903170228004456, "kr_fx": 6.921941757202148}
[Validation] per_target_dir_mismatch_json={"us_Trade Weighted Dollar Index": 0.45454545454545453, "jp_fx": 0.36363636363636365, "kr_fx": 0.36363636363636365}
| end of epoch  13 | time:  4.87s | train_loss 0.0302 | valid rse 2.9063 | valid rae 3.7991 | valid corr  -0.1885 | valid smape  0.3391 | focus_rrse 4.0962 | obj 4.0962
Experiment: 1
Iter: 0
epoch: 14
hp= [1, 0.00012749999999999998, 32, 128, 256, 1024, 30, 0.0, 2, 40, 0.6, 0.1, 3, 14]
best sum= 6.893905728528818
best rrse= 2.906259168065088
best rrae= 3.7991457835767903
best corr= -0.18850078
best smape= 0.33907373689631637
best objective= 4.096179008483887
best hps= [1, 0.00012749999999999998, 32, 128, 256, 1024, 30, 0.0, 2, 40, 0.6, 0.1, 3, 1]
best test rse= 3.482028367785086
best test corr= -0.123122536
[Target-Weighted Loss] weights applied: {'us_Trade Weighted Dollar Index': 60.0, 'kr_fx': 60.0, 'jp_fx': 60.0}
[Target-Only Loss] enabled for columns: ['us_Trade Weighted Dollar Index', 'jp_fx', 'kr_fx']
[Bias Penalty] enabled lambda=0.4 scope=focus cols=['us_Trade Weighted Dollar Index', 'jp_fx', 'kr_fx']
iter:  0 | loss: 0.039
iter:  1 | loss: 0.033
iter:  2 | loss: 0.019
iter:  3 | loss: 0.040
iter:  4 | loss: 0.042
iter:  5 | loss: 0.024
iter:  6 | loss: 0.023
iter:  7 | loss: 0.026
iter:  8 | loss: 0.032
iter:  9 | loss: 0.029
iter: 10 | loss: 0.013
iter: 11 | loss: 0.028
iter: 12 | loss: 0.031
iter: 13 | loss: 0.056
iter: 14 | loss: 0.025
iter: 15 | loss: 0.029
iter: 16 | loss: 0.019
iter: 17 | loss: 0.053
iter: 18 | loss: 0.029
iter: 19 | loss: 0.020
iter: 20 | loss: 0.018
iter: 21 | loss: 0.028
iter: 22 | loss: 0.024
iter: 23 | loss: 0.015
iter: 24 | loss: 0.037
iter: 25 | loss: 0.037
iter: 26 | loss: 0.039
iter: 27 | loss: 0.056
iter: 28 | loss: 0.014
iter: 29 | loss: 0.013
iter: 30 | loss: 0.044
iter: 31 | loss: 0.026
iter: 32 | loss: 0.079
testing r= 5
rrse(target)=101.35854521203429 / 34.87594854780834 | rrse(all)=191580097025462.4 / 34622966134154.824 | report_mode=targets
[Validation] per_target_rrse_json={"us_Trade Weighted Dollar Index": 3.759848117828369, "jp_fx": 5.750791549682617, "kr_fx": 2.777898073196411}
[Validation] per_target_lag_mae_json={"us_Trade Weighted Dollar Index": 0.5431615710258484, "jp_fx": 0.48903170228004456, "kr_fx": 6.921941757202148}
[Validation] per_target_dir_mismatch_json={"us_Trade Weighted Dollar Index": 0.45454545454545453, "jp_fx": 0.36363636363636365, "kr_fx": 0.36363636363636365}
| end of epoch  14 | time:  4.62s | train_loss 0.0311 | valid rse 2.9063 | valid rae 3.7991 | valid corr  -0.1885 | valid smape  0.3391 | focus_rrse 4.0962 | obj 4.0962
Experiment: 1
Iter: 0
epoch: 15
hp= [1, 0.00012749999999999998, 32, 128, 256, 1024, 30, 0.0, 2, 40, 0.6, 0.1, 3, 15]
best sum= 6.893905728528818
best rrse= 2.906259168065088
best rrae= 3.7991457835767903
best corr= -0.18850078
best smape= 0.33907373689631637
best objective= 4.096179008483887
best hps= [1, 0.00012749999999999998, 32, 128, 256, 1024, 30, 0.0, 2, 40, 0.6, 0.1, 3, 1]
best test rse= 3.482028367785086
best test corr= -0.123122536
[Target-Weighted Loss] weights applied: {'us_Trade Weighted Dollar Index': 60.0, 'kr_fx': 60.0, 'jp_fx': 60.0}
[Target-Only Loss] enabled for columns: ['us_Trade Weighted Dollar Index', 'jp_fx', 'kr_fx']
[Bias Penalty] enabled lambda=0.4 scope=focus cols=['us_Trade Weighted Dollar Index', 'jp_fx', 'kr_fx']
iter:  0 | loss: 0.023
iter:  1 | loss: 0.042
iter:  2 | loss: 0.025
iter:  3 | loss: 0.051
iter:  4 | loss: 0.020
iter:  5 | loss: 0.021
iter:  6 | loss: 0.029
iter:  7 | loss: 0.025
iter:  8 | loss: 0.016
iter:  9 | loss: 0.038
iter: 10 | loss: 0.029
iter: 11 | loss: 0.048
iter: 12 | loss: 0.031
iter: 13 | loss: 0.024
iter: 14 | loss: 0.024
iter: 15 | loss: 0.037
iter: 16 | loss: 0.030
iter: 17 | loss: 0.023
iter: 18 | loss: 0.021
iter: 19 | loss: 0.028
iter: 20 | loss: 0.043
iter: 21 | loss: 0.073
iter: 22 | loss: 0.025
iter: 23 | loss: 0.025
iter: 24 | loss: 0.013
iter: 25 | loss: 0.026
iter: 26 | loss: 0.035
iter: 27 | loss: 0.033
iter: 28 | loss: 0.024
iter: 29 | loss: 0.023
iter: 30 | loss: 0.017
iter: 31 | loss: 0.027
iter: 32 | loss: 0.066
testing r= 5
rrse(target)=101.35854521203429 / 34.87594854780834 | rrse(all)=191580097025462.4 / 34622966134154.824 | report_mode=targets
[Validation] per_target_rrse_json={"us_Trade Weighted Dollar Index": 3.759848117828369, "jp_fx": 5.750791549682617, "kr_fx": 2.777898073196411}
[Validation] per_target_lag_mae_json={"us_Trade Weighted Dollar Index": 0.5431615710258484, "jp_fx": 0.48903170228004456, "kr_fx": 6.921941757202148}
[Validation] per_target_dir_mismatch_json={"us_Trade Weighted Dollar Index": 0.45454545454545453, "jp_fx": 0.36363636363636365, "kr_fx": 0.36363636363636365}
| end of epoch  15 | time:  4.66s | train_loss 0.0305 | valid rse 2.9063 | valid rae 3.7991 | valid corr  -0.1885 | valid smape  0.3391 | focus_rrse 4.0962 | obj 4.0962
Experiment: 1
Iter: 0
epoch: 16
hp= [1, 0.00012749999999999998, 32, 128, 256, 1024, 30, 0.0, 2, 40, 0.6, 0.1, 3, 16]
best sum= 6.893905728528818
best rrse= 2.906259168065088
best rrae= 3.7991457835767903
best corr= -0.18850078
best smape= 0.33907373689631637
best objective= 4.096179008483887
best hps= [1, 0.00012749999999999998, 32, 128, 256, 1024, 30, 0.0, 2, 40, 0.6, 0.1, 3, 1]
best test rse= 3.482028367785086
best test corr= -0.123122536
[Target-Weighted Loss] weights applied: {'us_Trade Weighted Dollar Index': 60.0, 'kr_fx': 60.0, 'jp_fx': 60.0}
[Target-Only Loss] enabled for columns: ['us_Trade Weighted Dollar Index', 'jp_fx', 'kr_fx']
[Bias Penalty] enabled lambda=0.4 scope=focus cols=['us_Trade Weighted Dollar Index', 'jp_fx', 'kr_fx']
iter:  0 | loss: 0.024
iter:  1 | loss: 0.029
iter:  2 | loss: 0.026
iter:  3 | loss: 0.017
iter:  4 | loss: 0.024
iter:  5 | loss: 0.015
iter:  6 | loss: 0.024
iter:  7 | loss: 0.022
iter:  8 | loss: 0.024
iter:  9 | loss: 0.030
iter: 10 | loss: 0.014
iter: 11 | loss: 0.032
iter: 12 | loss: 0.041
iter: 13 | loss: 0.038
iter: 14 | loss: 0.017
iter: 15 | loss: 0.019
iter: 16 | loss: 0.023
iter: 17 | loss: 0.013
iter: 18 | loss: 0.028
iter: 19 | loss: 0.036
iter: 20 | loss: 0.089
iter: 21 | loss: 0.039
iter: 22 | loss: 0.036
iter: 23 | loss: 0.029
iter: 24 | loss: 0.014
iter: 25 | loss: 0.032
iter: 26 | loss: 0.080
iter: 27 | loss: 0.033
iter: 28 | loss: 0.038
iter: 29 | loss: 0.031
iter: 30 | loss: 0.044
iter: 31 | loss: 0.036
iter: 32 | loss: 0.069
testing r= 5
rrse(target)=101.35854521203429 / 34.87594854780834 | rrse(all)=191580097025462.4 / 34622966134154.824 | report_mode=targets
[Validation] per_target_rrse_json={"us_Trade Weighted Dollar Index": 3.759848117828369, "jp_fx": 5.750791549682617, "kr_fx": 2.777898073196411}
[Validation] per_target_lag_mae_json={"us_Trade Weighted Dollar Index": 0.5431615710258484, "jp_fx": 0.48903170228004456, "kr_fx": 6.921941757202148}
[Validation] per_target_dir_mismatch_json={"us_Trade Weighted Dollar Index": 0.45454545454545453, "jp_fx": 0.36363636363636365, "kr_fx": 0.36363636363636365}
| end of epoch  16 | time:  4.65s | train_loss 0.0321 | valid rse 2.9063 | valid rae 3.7991 | valid corr  -0.1885 | valid smape  0.3391 | focus_rrse 4.0962 | obj 4.0962
Experiment: 1
Iter: 0
epoch: 17
hp= [1, 0.00012749999999999998, 32, 128, 256, 1024, 30, 0.0, 2, 40, 0.6, 0.1, 3, 17]
best sum= 6.893905728528818
best rrse= 2.906259168065088
best rrae= 3.7991457835767903
best corr= -0.18850078
best smape= 0.33907373689631637
best objective= 4.096179008483887
best hps= [1, 0.00012749999999999998, 32, 128, 256, 1024, 30, 0.0, 2, 40, 0.6, 0.1, 3, 1]
best test rse= 3.482028367785086
best test corr= -0.123122536
[Target-Weighted Loss] weights applied: {'us_Trade Weighted Dollar Index': 60.0, 'kr_fx': 60.0, 'jp_fx': 60.0}
[Target-Only Loss] enabled for columns: ['us_Trade Weighted Dollar Index', 'jp_fx', 'kr_fx']
[Bias Penalty] enabled lambda=0.4 scope=focus cols=['us_Trade Weighted Dollar Index', 'jp_fx', 'kr_fx']
iter:  0 | loss: 0.026
iter:  1 | loss: 0.015
iter:  2 | loss: 0.025
iter:  3 | loss: 0.017
iter:  4 | loss: 0.027
iter:  5 | loss: 0.015
iter:  6 | loss: 0.017
iter:  7 | loss: 0.019
iter:  8 | loss: 0.085
iter:  9 | loss: 0.032
iter: 10 | loss: 0.021
iter: 11 | loss: 0.023
iter: 12 | loss: 0.043
iter: 13 | loss: 0.047
iter: 14 | loss: 0.062
iter: 15 | loss: 0.022
iter: 16 | loss: 0.047
iter: 17 | loss: 0.028
iter: 18 | loss: 0.017
iter: 19 | loss: 0.022
iter: 20 | loss: 0.025
iter: 21 | loss: 0.021
iter: 22 | loss: 0.024
iter: 23 | loss: 0.032
iter: 24 | loss: 0.056
iter: 25 | loss: 0.009
iter: 26 | loss: 0.050
iter: 27 | loss: 0.024
iter: 28 | loss: 0.046
iter: 29 | loss: 0.054
iter: 30 | loss: 0.041
iter: 31 | loss: 0.017
iter: 32 | loss: 0.031
testing r= 5
rrse(target)=101.35854521203429 / 34.87594854780834 | rrse(all)=191580097025462.4 / 34622966134154.824 | report_mode=targets
[Validation] per_target_rrse_json={"us_Trade Weighted Dollar Index": 3.759848117828369, "jp_fx": 5.750791549682617, "kr_fx": 2.777898073196411}
[Validation] per_target_lag_mae_json={"us_Trade Weighted Dollar Index": 0.5431615710258484, "jp_fx": 0.48903170228004456, "kr_fx": 6.921941757202148}
[Validation] per_target_dir_mismatch_json={"us_Trade Weighted Dollar Index": 0.45454545454545453, "jp_fx": 0.36363636363636365, "kr_fx": 0.36363636363636365}
| end of epoch  17 | time:  4.76s | train_loss 0.0315 | valid rse 2.9063 | valid rae 3.7991 | valid corr  -0.1885 | valid smape  0.3391 | focus_rrse 4.0962 | obj 4.0962
Experiment: 1
Iter: 0
epoch: 18
hp= [1, 0.00012749999999999998, 32, 128, 256, 1024, 30, 0.0, 2, 40, 0.6, 0.1, 3, 18]
best sum= 6.893905728528818
best rrse= 2.906259168065088
best rrae= 3.7991457835767903
best corr= -0.18850078
best smape= 0.33907373689631637
best objective= 4.096179008483887
best hps= [1, 0.00012749999999999998, 32, 128, 256, 1024, 30, 0.0, 2, 40, 0.6, 0.1, 3, 1]
best test rse= 3.482028367785086
best test corr= -0.123122536
[Target-Weighted Loss] weights applied: {'us_Trade Weighted Dollar Index': 60.0, 'kr_fx': 60.0, 'jp_fx': 60.0}
[Target-Only Loss] enabled for columns: ['us_Trade Weighted Dollar Index', 'jp_fx', 'kr_fx']
[Bias Penalty] enabled lambda=0.4 scope=focus cols=['us_Trade Weighted Dollar Index', 'jp_fx', 'kr_fx']
iter:  0 | loss: 0.049
iter:  1 | loss: 0.039
iter:  2 | loss: 0.013
iter:  3 | loss: 0.017
iter:  4 | loss: 0.058
iter:  5 | loss: 0.034
iter:  6 | loss: 0.035
iter:  7 | loss: 0.045
iter:  8 | loss: 0.018
iter:  9 | loss: 0.020
iter: 10 | loss: 0.038
iter: 11 | loss: 0.049
iter: 12 | loss: 0.042
iter: 13 | loss: 0.024
iter: 14 | loss: 0.022
iter: 15 | loss: 0.043
iter: 16 | loss: 0.036
iter: 17 | loss: 0.021
iter: 18 | loss: 0.020
iter: 19 | loss: 0.033
iter: 20 | loss: 0.015
iter: 21 | loss: 0.033
iter: 22 | loss: 0.049
iter: 23 | loss: 0.051
iter: 24 | loss: 0.015
iter: 25 | loss: 0.012
iter: 26 | loss: 0.041
iter: 27 | loss: 0.018
iter: 28 | loss: 0.016
iter: 29 | loss: 0.035
iter: 30 | loss: 0.016
iter: 31 | loss: 0.021
iter: 32 | loss: 0.064
testing r= 5
rrse(target)=101.35854521203429 / 34.87594854780834 | rrse(all)=191580097025462.4 / 34622966134154.824 | report_mode=targets
[Validation] per_target_rrse_json={"us_Trade Weighted Dollar Index": 3.759848117828369, "jp_fx": 5.750791549682617, "kr_fx": 2.777898073196411}
[Validation] per_target_lag_mae_json={"us_Trade Weighted Dollar Index": 0.5431615710258484, "jp_fx": 0.48903170228004456, "kr_fx": 6.921941757202148}
[Validation] per_target_dir_mismatch_json={"us_Trade Weighted Dollar Index": 0.45454545454545453, "jp_fx": 0.36363636363636365, "kr_fx": 0.36363636363636365}
| end of epoch  18 | time:  4.77s | train_loss 0.0314 | valid rse 2.9063 | valid rae 3.7991 | valid corr  -0.1885 | valid smape  0.3391 | focus_rrse 4.0962 | obj 4.0962
Experiment: 1
Iter: 0
epoch: 19
hp= [1, 0.00012749999999999998, 32, 128, 256, 1024, 30, 0.0, 2, 40, 0.6, 0.1, 3, 19]
best sum= 6.893905728528818
best rrse= 2.906259168065088
best rrae= 3.7991457835767903
best corr= -0.18850078
best smape= 0.33907373689631637
best objective= 4.096179008483887
best hps= [1, 0.00012749999999999998, 32, 128, 256, 1024, 30, 0.0, 2, 40, 0.6, 0.1, 3, 1]
best test rse= 3.482028367785086
best test corr= -0.123122536
[Target-Weighted Loss] weights applied: {'us_Trade Weighted Dollar Index': 60.0, 'kr_fx': 60.0, 'jp_fx': 60.0}
[Target-Only Loss] enabled for columns: ['us_Trade Weighted Dollar Index', 'jp_fx', 'kr_fx']
[Bias Penalty] enabled lambda=0.4 scope=focus cols=['us_Trade Weighted Dollar Index', 'jp_fx', 'kr_fx']
iter:  0 | loss: 0.027
iter:  1 | loss: 0.029
iter:  2 | loss: 0.032
iter:  3 | loss: 0.043
iter:  4 | loss: 0.033
iter:  5 | loss: 0.022
iter:  6 | loss: 0.035
iter:  7 | loss: 0.040
iter:  8 | loss: 0.024
iter:  9 | loss: 0.018
iter: 10 | loss: 0.027
iter: 11 | loss: 0.031
iter: 12 | loss: 0.031
iter: 13 | loss: 0.027
iter: 14 | loss: 0.031
iter: 15 | loss: 0.019
iter: 16 | loss: 0.044
iter: 17 | loss: 0.034
iter: 18 | loss: 0.033
iter: 19 | loss: 0.044
iter: 20 | loss: 0.022
iter: 21 | loss: 0.032
iter: 22 | loss: 0.018
iter: 23 | loss: 0.042
iter: 24 | loss: 0.043
iter: 25 | loss: 0.039
iter: 26 | loss: 0.041
iter: 27 | loss: 0.017
iter: 28 | loss: 0.023
iter: 29 | loss: 0.030
iter: 30 | loss: 0.021
iter: 31 | loss: 0.022
iter: 32 | loss: 0.030
testing r= 5
rrse(target)=101.35854521203429 / 34.87594854780834 | rrse(all)=191580097025462.4 / 34622966134154.824 | report_mode=targets
[Validation] per_target_rrse_json={"us_Trade Weighted Dollar Index": 3.759848117828369, "jp_fx": 5.750791549682617, "kr_fx": 2.777898073196411}
[Validation] per_target_lag_mae_json={"us_Trade Weighted Dollar Index": 0.5431615710258484, "jp_fx": 0.48903170228004456, "kr_fx": 6.921941757202148}
[Validation] per_target_dir_mismatch_json={"us_Trade Weighted Dollar Index": 0.45454545454545453, "jp_fx": 0.36363636363636365, "kr_fx": 0.36363636363636365}
| end of epoch  19 | time:  4.81s | train_loss 0.0304 | valid rse 2.9063 | valid rae 3.7991 | valid corr  -0.1885 | valid smape  0.3391 | focus_rrse 4.0962 | obj 4.0962
Experiment: 1
Iter: 0
epoch: 20
hp= [1, 0.00012749999999999998, 32, 128, 256, 1024, 30, 0.0, 2, 40, 0.6, 0.1, 3, 20]
best sum= 6.893905728528818
best rrse= 2.906259168065088
best rrae= 3.7991457835767903
best corr= -0.18850078
best smape= 0.33907373689631637
best objective= 4.096179008483887
best hps= [1, 0.00012749999999999998, 32, 128, 256, 1024, 30, 0.0, 2, 40, 0.6, 0.1, 3, 1]
best test rse= 3.482028367785086
best test corr= -0.123122536
[Target-Weighted Loss] weights applied: {'us_Trade Weighted Dollar Index': 60.0, 'kr_fx': 60.0, 'jp_fx': 60.0}
[Target-Only Loss] enabled for columns: ['us_Trade Weighted Dollar Index', 'jp_fx', 'kr_fx']
[Bias Penalty] enabled lambda=0.4 scope=focus cols=['us_Trade Weighted Dollar Index', 'jp_fx', 'kr_fx']
iter:  0 | loss: 0.023
iter:  1 | loss: 0.024
iter:  2 | loss: 0.024
iter:  3 | loss: 0.039
iter:  4 | loss: 0.043
iter:  5 | loss: 0.030
iter:  6 | loss: 0.041
iter:  7 | loss: 0.025
iter:  8 | loss: 0.018
iter:  9 | loss: 0.037
iter: 10 | loss: 0.033
iter: 11 | loss: 0.015
iter: 12 | loss: 0.026
iter: 13 | loss: 0.045
iter: 14 | loss: 0.028
iter: 15 | loss: 0.027
iter: 16 | loss: 0.033
iter: 17 | loss: 0.017
iter: 18 | loss: 0.058
iter: 19 | loss: 0.036
iter: 20 | loss: 0.024
iter: 21 | loss: 0.017
iter: 22 | loss: 0.015
iter: 23 | loss: 0.034
iter: 24 | loss: 0.044
iter: 25 | loss: 0.028
iter: 26 | loss: 0.018
iter: 27 | loss: 0.017
iter: 28 | loss: 0.027
iter: 29 | loss: 0.044
iter: 30 | loss: 0.024
iter: 31 | loss: 0.026
iter: 32 | loss: 0.066
testing r= 5
rrse(target)=101.35854521203429 / 34.87594854780834 | rrse(all)=191580097025462.4 / 34622966134154.824 | report_mode=targets
[Validation] per_target_rrse_json={"us_Trade Weighted Dollar Index": 3.759848117828369, "jp_fx": 5.750791549682617, "kr_fx": 2.777898073196411}
[Validation] per_target_lag_mae_json={"us_Trade Weighted Dollar Index": 0.5431615710258484, "jp_fx": 0.48903170228004456, "kr_fx": 6.921941757202148}
[Validation] per_target_dir_mismatch_json={"us_Trade Weighted Dollar Index": 0.45454545454545453, "jp_fx": 0.36363636363636365, "kr_fx": 0.36363636363636365}
| end of epoch  20 | time:  4.92s | train_loss 0.0301 | valid rse 2.9063 | valid rae 3.7991 | valid corr  -0.1885 | valid smape  0.3391 | focus_rrse 4.0962 | obj 4.0962
Experiment: 1
Iter: 0
epoch: 21
hp= [1, 0.00012749999999999998, 32, 128, 256, 1024, 30, 0.0, 2, 40, 0.6, 0.1, 3, 21]
best sum= 6.893905728528818
best rrse= 2.906259168065088
best rrae= 3.7991457835767903
best corr= -0.18850078
best smape= 0.33907373689631637
best objective= 4.096179008483887
best hps= [1, 0.00012749999999999998, 32, 128, 256, 1024, 30, 0.0, 2, 40, 0.6, 0.1, 3, 1]
best test rse= 3.482028367785086
best test corr= -0.123122536
[Target-Weighted Loss] weights applied: {'us_Trade Weighted Dollar Index': 60.0, 'kr_fx': 60.0, 'jp_fx': 60.0}
[Target-Only Loss] enabled for columns: ['us_Trade Weighted Dollar Index', 'jp_fx', 'kr_fx']
[Bias Penalty] enabled lambda=0.4 scope=focus cols=['us_Trade Weighted Dollar Index', 'jp_fx', 'kr_fx']
iter:  0 | loss: 0.017
iter:  1 | loss: 0.014
iter:  2 | loss: 0.021
iter:  3 | loss: 0.023
iter:  4 | loss: 0.025
iter:  5 | loss: 0.024
iter:  6 | loss: 0.040
iter:  7 | loss: 0.025
iter:  8 | loss: 0.026
iter:  9 | loss: 0.029
iter: 10 | loss: 0.038
iter: 11 | loss: 0.019
iter: 12 | loss: 0.023
iter: 13 | loss: 0.040
iter: 14 | loss: 0.027
iter: 15 | loss: 0.032
iter: 16 | loss: 0.018
iter: 17 | loss: 0.030
iter: 18 | loss: 0.048
iter: 19 | loss: 0.019
iter: 20 | loss: 0.012
iter: 21 | loss: 0.033
iter: 22 | loss: 0.034
iter: 23 | loss: 0.036
iter: 24 | loss: 0.019
iter: 25 | loss: 0.034
iter: 26 | loss: 0.017
iter: 27 | loss: 0.039
iter: 28 | loss: 0.022
iter: 29 | loss: 0.031
iter: 30 | loss: 0.116
iter: 31 | loss: 0.024
iter: 32 | loss: 0.047
testing r= 5
rrse(target)=101.35854521203429 / 34.87594854780834 | rrse(all)=191580097025462.4 / 34622966134154.824 | report_mode=targets
[Validation] per_target_rrse_json={"us_Trade Weighted Dollar Index": 3.759848117828369, "jp_fx": 5.750791549682617, "kr_fx": 2.777898073196411}
[Validation] per_target_lag_mae_json={"us_Trade Weighted Dollar Index": 0.5431615710258484, "jp_fx": 0.48903170228004456, "kr_fx": 6.921941757202148}
[Validation] per_target_dir_mismatch_json={"us_Trade Weighted Dollar Index": 0.45454545454545453, "jp_fx": 0.36363636363636365, "kr_fx": 0.36363636363636365}
| end of epoch  21 | time:  4.74s | train_loss 0.0303 | valid rse 2.9063 | valid rae 3.7991 | valid corr  -0.1885 | valid smape  0.3391 | focus_rrse 4.0962 | obj 4.0962
Experiment: 1
Iter: 0
epoch: 22
hp= [1, 0.00012749999999999998, 32, 128, 256, 1024, 30, 0.0, 2, 40, 0.6, 0.1, 3, 22]
best sum= 6.893905728528818
best rrse= 2.906259168065088
best rrae= 3.7991457835767903
best corr= -0.18850078
best smape= 0.33907373689631637
best objective= 4.096179008483887
best hps= [1, 0.00012749999999999998, 32, 128, 256, 1024, 30, 0.0, 2, 40, 0.6, 0.1, 3, 1]
best test rse= 3.482028367785086
best test corr= -0.123122536
[Target-Weighted Loss] weights applied: {'us_Trade Weighted Dollar Index': 60.0, 'kr_fx': 60.0, 'jp_fx': 60.0}
[Target-Only Loss] enabled for columns: ['us_Trade Weighted Dollar Index', 'jp_fx', 'kr_fx']
[Bias Penalty] enabled lambda=0.4 scope=focus cols=['us_Trade Weighted Dollar Index', 'jp_fx', 'kr_fx']
iter:  0 | loss: 0.048
iter:  1 | loss: 0.022
iter:  2 | loss: 0.053
iter:  3 | loss: 0.030
iter:  4 | loss: 0.028
iter:  5 | loss: 0.015
iter:  6 | loss: 0.013
iter:  7 | loss: 0.024
iter:  8 | loss: 0.021
iter:  9 | loss: 0.030
iter: 10 | loss: 0.035
iter: 11 | loss: 0.035
iter: 12 | loss: 0.065
iter: 13 | loss: 0.020
iter: 14 | loss: 0.037
iter: 15 | loss: 0.027
iter: 16 | loss: 0.030
iter: 17 | loss: 0.029
iter: 18 | loss: 0.032
iter: 19 | loss: 0.040
iter: 20 | loss: 0.039
iter: 21 | loss: 0.026
iter: 22 | loss: 0.027
iter: 23 | loss: 0.022
iter: 24 | loss: 0.023
iter: 25 | loss: 0.032
iter: 26 | loss: 0.025
iter: 27 | loss: 0.049
iter: 28 | loss: 0.014
iter: 29 | loss: 0.026
iter: 30 | loss: 0.043
iter: 31 | loss: 0.026
iter: 32 | loss: 0.026
testing r= 5
rrse(target)=101.35854521203429 / 34.87594854780834 | rrse(all)=191580097025462.4 / 34622966134154.824 | report_mode=targets
[Validation] per_target_rrse_json={"us_Trade Weighted Dollar Index": 3.759848117828369, "jp_fx": 5.750791549682617, "kr_fx": 2.777898073196411}
[Validation] per_target_lag_mae_json={"us_Trade Weighted Dollar Index": 0.5431615710258484, "jp_fx": 0.48903170228004456, "kr_fx": 6.921941757202148}
[Validation] per_target_dir_mismatch_json={"us_Trade Weighted Dollar Index": 0.45454545454545453, "jp_fx": 0.36363636363636365, "kr_fx": 0.36363636363636365}
| end of epoch  22 | time:  5.01s | train_loss 0.0307 | valid rse 2.9063 | valid rae 3.7991 | valid corr  -0.1885 | valid smape  0.3391 | focus_rrse 4.0962 | obj 4.0962
Experiment: 1
Iter: 0
epoch: 23
hp= [1, 0.00012749999999999998, 32, 128, 256, 1024, 30, 0.0, 2, 40, 0.6, 0.1, 3, 23]
best sum= 6.893905728528818
best rrse= 2.906259168065088
best rrae= 3.7991457835767903
best corr= -0.18850078
best smape= 0.33907373689631637
best objective= 4.096179008483887
best hps= [1, 0.00012749999999999998, 32, 128, 256, 1024, 30, 0.0, 2, 40, 0.6, 0.1, 3, 1]
best test rse= 3.482028367785086
best test corr= -0.123122536
[Target-Weighted Loss] weights applied: {'us_Trade Weighted Dollar Index': 60.0, 'kr_fx': 60.0, 'jp_fx': 60.0}
[Target-Only Loss] enabled for columns: ['us_Trade Weighted Dollar Index', 'jp_fx', 'kr_fx']
[Bias Penalty] enabled lambda=0.4 scope=focus cols=['us_Trade Weighted Dollar Index', 'jp_fx', 'kr_fx']
iter:  0 | loss: 0.028
iter:  1 | loss: 0.019
iter:  2 | loss: 0.026
iter:  3 | loss: 0.012
iter:  4 | loss: 0.029
iter:  5 | loss: 0.023
iter:  6 | loss: 0.037
iter:  7 | loss: 0.042
iter:  8 | loss: 0.040
iter:  9 | loss: 0.025
iter: 10 | loss: 0.024
iter: 11 | loss: 0.029
iter: 12 | loss: 0.028
iter: 13 | loss: 0.071
iter: 14 | loss: 0.012
iter: 15 | loss: 0.049
iter: 16 | loss: 0.027
iter: 17 | loss: 0.031
iter: 18 | loss: 0.025
iter: 19 | loss: 0.035
iter: 20 | loss: 0.025
iter: 21 | loss: 0.021
iter: 22 | loss: 0.054
iter: 23 | loss: 0.022
iter: 24 | loss: 0.018
iter: 25 | loss: 0.015
iter: 26 | loss: 0.014
iter: 27 | loss: 0.041
iter: 28 | loss: 0.031
iter: 29 | loss: 0.041
iter: 30 | loss: 0.035
iter: 31 | loss: 0.026
iter: 32 | loss: 0.046
testing r= 5
rrse(target)=101.35854521203429 / 34.87594854780834 | rrse(all)=191580097025462.4 / 34622966134154.824 | report_mode=targets
[Validation] per_target_rrse_json={"us_Trade Weighted Dollar Index": 3.759848117828369, "jp_fx": 5.750791549682617, "kr_fx": 2.777898073196411}
[Validation] per_target_lag_mae_json={"us_Trade Weighted Dollar Index": 0.5431615710258484, "jp_fx": 0.48903170228004456, "kr_fx": 6.921941757202148}
[Validation] per_target_dir_mismatch_json={"us_Trade Weighted Dollar Index": 0.45454545454545453, "jp_fx": 0.36363636363636365, "kr_fx": 0.36363636363636365}
| end of epoch  23 | time:  4.78s | train_loss 0.0303 | valid rse 2.9063 | valid rae 3.7991 | valid corr  -0.1885 | valid smape  0.3391 | focus_rrse 4.0962 | obj 4.0962
Experiment: 1
Iter: 0
epoch: 24
hp= [1, 0.00012749999999999998, 32, 128, 256, 1024, 30, 0.0, 2, 40, 0.6, 0.1, 3, 24]
best sum= 6.893905728528818
best rrse= 2.906259168065088
best rrae= 3.7991457835767903
best corr= -0.18850078
best smape= 0.33907373689631637
best objective= 4.096179008483887
best hps= [1, 0.00012749999999999998, 32, 128, 256, 1024, 30, 0.0, 2, 40, 0.6, 0.1, 3, 1]
best test rse= 3.482028367785086
best test corr= -0.123122536
[Target-Weighted Loss] weights applied: {'us_Trade Weighted Dollar Index': 60.0, 'kr_fx': 60.0, 'jp_fx': 60.0}
[Target-Only Loss] enabled for columns: ['us_Trade Weighted Dollar Index', 'jp_fx', 'kr_fx']
[Bias Penalty] enabled lambda=0.4 scope=focus cols=['us_Trade Weighted Dollar Index', 'jp_fx', 'kr_fx']
iter:  0 | loss: 0.019
iter:  1 | loss: 0.014
iter:  2 | loss: 0.025
iter:  3 | loss: 0.015
iter:  4 | loss: 0.038
iter:  5 | loss: 0.025
iter:  6 | loss: 0.044
iter:  7 | loss: 0.024
iter:  8 | loss: 0.046
iter:  9 | loss: 0.023
iter: 10 | loss: 0.023
iter: 11 | loss: 0.033
iter: 12 | loss: 0.024
iter: 13 | loss: 0.035
iter: 14 | loss: 0.020
iter: 15 | loss: 0.056
iter: 16 | loss: 0.031
iter: 17 | loss: 0.033
iter: 18 | loss: 0.025
iter: 19 | loss: 0.025
iter: 20 | loss: 0.042
iter: 21 | loss: 0.018
iter: 22 | loss: 0.050
iter: 23 | loss: 0.043
iter: 24 | loss: 0.032
iter: 25 | loss: 0.038
iter: 26 | loss: 0.009
iter: 27 | loss: 0.023
iter: 28 | loss: 0.026
iter: 29 | loss: 0.029
iter: 30 | loss: 0.034
iter: 31 | loss: 0.032
iter: 32 | loss: 0.058
testing r= 5
rrse(target)=101.35854521203429 / 34.87594854780834 | rrse(all)=191580097025462.4 / 34622966134154.824 | report_mode=targets
[Validation] per_target_rrse_json={"us_Trade Weighted Dollar Index": 3.759848117828369, "jp_fx": 5.750791549682617, "kr_fx": 2.777898073196411}
[Validation] per_target_lag_mae_json={"us_Trade Weighted Dollar Index": 0.5431615710258484, "jp_fx": 0.48903170228004456, "kr_fx": 6.921941757202148}
[Validation] per_target_dir_mismatch_json={"us_Trade Weighted Dollar Index": 0.45454545454545453, "jp_fx": 0.36363636363636365, "kr_fx": 0.36363636363636365}
| end of epoch  24 | time:  4.72s | train_loss 0.0304 | valid rse 2.9063 | valid rae 3.7991 | valid corr  -0.1885 | valid smape  0.3391 | focus_rrse 4.0962 | obj 4.0962
Experiment: 1
Iter: 0
epoch: 25
hp= [1, 0.00012749999999999998, 32, 128, 256, 1024, 30, 0.0, 2, 40, 0.6, 0.1, 3, 25]
best sum= 6.893905728528818
best rrse= 2.906259168065088
best rrae= 3.7991457835767903
best corr= -0.18850078
best smape= 0.33907373689631637
best objective= 4.096179008483887
best hps= [1, 0.00012749999999999998, 32, 128, 256, 1024, 30, 0.0, 2, 40, 0.6, 0.1, 3, 1]
best test rse= 3.482028367785086
best test corr= -0.123122536
[Target-Weighted Loss] weights applied: {'us_Trade Weighted Dollar Index': 60.0, 'kr_fx': 60.0, 'jp_fx': 60.0}
[Target-Only Loss] enabled for columns: ['us_Trade Weighted Dollar Index', 'jp_fx', 'kr_fx']
[Bias Penalty] enabled lambda=0.4 scope=focus cols=['us_Trade Weighted Dollar Index', 'jp_fx', 'kr_fx']
iter:  0 | loss: 0.029
iter:  1 | loss: 0.016
iter:  2 | loss: 0.044
iter:  3 | loss: 0.032
iter:  4 | loss: 0.043
iter:  5 | loss: 0.035
iter:  6 | loss: 0.029
iter:  7 | loss: 0.038
iter:  8 | loss: 0.022
iter:  9 | loss: 0.014
iter: 10 | loss: 0.036
iter: 11 | loss: 0.081
iter: 12 | loss: 0.009
iter: 13 | loss: 0.022
iter: 14 | loss: 0.017
iter: 15 | loss: 0.055
iter: 16 | loss: 0.027
iter: 17 | loss: 0.033
iter: 18 | loss: 0.022
iter: 19 | loss: 0.020
iter: 20 | loss: 0.029
iter: 21 | loss: 0.042
iter: 22 | loss: 0.019
iter: 23 | loss: 0.044
iter: 24 | loss: 0.019
iter: 25 | loss: 0.026
iter: 26 | loss: 0.022
iter: 27 | loss: 0.023
iter: 28 | loss: 0.033
iter: 29 | loss: 0.021
iter: 30 | loss: 0.019
iter: 31 | loss: 0.025
iter: 32 | loss: 0.073
testing r= 5
rrse(target)=101.35854521203429 / 34.87594854780834 | rrse(all)=191580097025462.4 / 34622966134154.824 | report_mode=targets
[Validation] per_target_rrse_json={"us_Trade Weighted Dollar Index": 3.759848117828369, "jp_fx": 5.750791549682617, "kr_fx": 2.777898073196411}
[Validation] per_target_lag_mae_json={"us_Trade Weighted Dollar Index": 0.5431615710258484, "jp_fx": 0.48903170228004456, "kr_fx": 6.921941757202148}
[Validation] per_target_dir_mismatch_json={"us_Trade Weighted Dollar Index": 0.45454545454545453, "jp_fx": 0.36363636363636365, "kr_fx": 0.36363636363636365}
| end of epoch  25 | time:  4.87s | train_loss 0.0306 | valid rse 2.9063 | valid rae 3.7991 | valid corr  -0.1885 | valid smape  0.3391 | focus_rrse 4.0962 | obj 4.0962
Experiment: 1
Iter: 0
epoch: 26
hp= [1, 0.00012749999999999998, 32, 128, 256, 1024, 30, 0.0, 2, 40, 0.6, 0.1, 3, 26]
best sum= 6.893905728528818
best rrse= 2.906259168065088
best rrae= 3.7991457835767903
best corr= -0.18850078
best smape= 0.33907373689631637
best objective= 4.096179008483887
best hps= [1, 0.00012749999999999998, 32, 128, 256, 1024, 30, 0.0, 2, 40, 0.6, 0.1, 3, 1]
best test rse= 3.482028367785086
best test corr= -0.123122536
[Target-Weighted Loss] weights applied: {'us_Trade Weighted Dollar Index': 60.0, 'kr_fx': 60.0, 'jp_fx': 60.0}
[Target-Only Loss] enabled for columns: ['us_Trade Weighted Dollar Index', 'jp_fx', 'kr_fx']
[Bias Penalty] enabled lambda=0.4 scope=focus cols=['us_Trade Weighted Dollar Index', 'jp_fx', 'kr_fx']
iter:  0 | loss: 0.035
iter:  1 | loss: 0.032
iter:  2 | loss: 0.027
iter:  3 | loss: 0.035
iter:  4 | loss: 0.051
iter:  5 | loss: 0.027
iter:  6 | loss: 0.033
iter:  7 | loss: 0.024
iter:  8 | loss: 0.032
iter:  9 | loss: 0.024
iter: 10 | loss: 0.025
iter: 11 | loss: 0.021
iter: 12 | loss: 0.034
iter: 13 | loss: 0.041
iter: 14 | loss: 0.017
iter: 15 | loss: 0.029
iter: 16 | loss: 0.022
iter: 17 | loss: 0.022
iter: 18 | loss: 0.028
iter: 19 | loss: 0.026
iter: 20 | loss: 0.027
iter: 21 | loss: 0.016
iter: 22 | loss: 0.026
iter: 23 | loss: 0.024
iter: 24 | loss: 0.015
iter: 25 | loss: 0.022
iter: 26 | loss: 0.025
iter: 27 | loss: 0.043
iter: 28 | loss: 0.024
iter: 29 | loss: 0.053
iter: 30 | loss: 0.020
iter: 31 | loss: 0.025
iter: 32 | loss: 0.106
testing r= 5
rrse(target)=101.35854521203429 / 34.87594854780834 | rrse(all)=191580097025462.4 / 34622966134154.824 | report_mode=targets
[Validation] per_target_rrse_json={"us_Trade Weighted Dollar Index": 3.759848117828369, "jp_fx": 5.750791549682617, "kr_fx": 2.777898073196411}
[Validation] per_target_lag_mae_json={"us_Trade Weighted Dollar Index": 0.5431615710258484, "jp_fx": 0.48903170228004456, "kr_fx": 6.921941757202148}
[Validation] per_target_dir_mismatch_json={"us_Trade Weighted Dollar Index": 0.45454545454545453, "jp_fx": 0.36363636363636365, "kr_fx": 0.36363636363636365}
| end of epoch  26 | time:  5.10s | train_loss 0.0300 | valid rse 2.9063 | valid rae 3.7991 | valid corr  -0.1885 | valid smape  0.3391 | focus_rrse 4.0962 | obj 4.0962
Experiment: 1
Iter: 0
epoch: 27
hp= [1, 0.00012749999999999998, 32, 128, 256, 1024, 30, 0.0, 2, 40, 0.6, 0.1, 3, 27]
best sum= 6.893905728528818
best rrse= 2.906259168065088
best rrae= 3.7991457835767903
best corr= -0.18850078
best smape= 0.33907373689631637
best objective= 4.096179008483887
best hps= [1, 0.00012749999999999998, 32, 128, 256, 1024, 30, 0.0, 2, 40, 0.6, 0.1, 3, 1]
best test rse= 3.482028367785086
best test corr= -0.123122536
[Target-Weighted Loss] weights applied: {'us_Trade Weighted Dollar Index': 60.0, 'kr_fx': 60.0, 'jp_fx': 60.0}
[Target-Only Loss] enabled for columns: ['us_Trade Weighted Dollar Index', 'jp_fx', 'kr_fx']
[Bias Penalty] enabled lambda=0.4 scope=focus cols=['us_Trade Weighted Dollar Index', 'jp_fx', 'kr_fx']
iter:  0 | loss: 0.022
iter:  1 | loss: 0.035
iter:  2 | loss: 0.027
iter:  3 | loss: 0.012
iter:  4 | loss: 0.027
iter:  5 | loss: 0.008
iter:  6 | loss: 0.017
iter:  7 | loss: 0.043
iter:  8 | loss: 0.041
iter:  9 | loss: 0.023
iter: 10 | loss: 0.016
iter: 11 | loss: 0.050
iter: 12 | loss: 0.058
iter: 13 | loss: 0.015
iter: 14 | loss: 0.046
iter: 15 | loss: 0.032
iter: 16 | loss: 0.028
iter: 17 | loss: 0.028
iter: 18 | loss: 0.017
iter: 19 | loss: 0.025
iter: 20 | loss: 0.022
iter: 21 | loss: 0.012
iter: 22 | loss: 0.032
iter: 23 | loss: 0.047
iter: 24 | loss: 0.018
iter: 25 | loss: 0.040
iter: 26 | loss: 0.072
iter: 27 | loss: 0.009
iter: 28 | loss: 0.036
iter: 29 | loss: 0.036
iter: 30 | loss: 0.023
iter: 31 | loss: 0.028
iter: 32 | loss: 0.098
testing r= 5
rrse(target)=101.35854521203429 / 34.87594854780834 | rrse(all)=191580097025462.4 / 34622966134154.824 | report_mode=targets
[Validation] per_target_rrse_json={"us_Trade Weighted Dollar Index": 3.759848117828369, "jp_fx": 5.750791549682617, "kr_fx": 2.777898073196411}
[Validation] per_target_lag_mae_json={"us_Trade Weighted Dollar Index": 0.5431615710258484, "jp_fx": 0.48903170228004456, "kr_fx": 6.921941757202148}
[Validation] per_target_dir_mismatch_json={"us_Trade Weighted Dollar Index": 0.45454545454545453, "jp_fx": 0.36363636363636365, "kr_fx": 0.36363636363636365}
| end of epoch  27 | time:  4.70s | train_loss 0.0311 | valid rse 2.9063 | valid rae 3.7991 | valid corr  -0.1885 | valid smape  0.3391 | focus_rrse 4.0962 | obj 4.0962
Experiment: 1
Iter: 0
epoch: 28
hp= [1, 0.00012749999999999998, 32, 128, 256, 1024, 30, 0.0, 2, 40, 0.6, 0.1, 3, 28]
best sum= 6.893905728528818
best rrse= 2.906259168065088
best rrae= 3.7991457835767903
best corr= -0.18850078
best smape= 0.33907373689631637
best objective= 4.096179008483887
best hps= [1, 0.00012749999999999998, 32, 128, 256, 1024, 30, 0.0, 2, 40, 0.6, 0.1, 3, 1]
best test rse= 3.482028367785086
best test corr= -0.123122536
[Target-Weighted Loss] weights applied: {'us_Trade Weighted Dollar Index': 60.0, 'kr_fx': 60.0, 'jp_fx': 60.0}
[Target-Only Loss] enabled for columns: ['us_Trade Weighted Dollar Index', 'jp_fx', 'kr_fx']
[Bias Penalty] enabled lambda=0.4 scope=focus cols=['us_Trade Weighted Dollar Index', 'jp_fx', 'kr_fx']
iter:  0 | loss: 0.027
iter:  1 | loss: 0.029
iter:  2 | loss: 0.042
iter:  3 | loss: 0.045
iter:  4 | loss: 0.027
iter:  5 | loss: 0.033
iter:  6 | loss: 0.021
iter:  7 | loss: 0.023
iter:  8 | loss: 0.036
iter:  9 | loss: 0.017
iter: 10 | loss: 0.035
iter: 11 | loss: 0.036
iter: 12 | loss: 0.022
iter: 13 | loss: 0.018
iter: 14 | loss: 0.017
iter: 15 | loss: 0.059
iter: 16 | loss: 0.035
iter: 17 | loss: 0.020
iter: 18 | loss: 0.018
iter: 19 | loss: 0.039
iter: 20 | loss: 0.051
iter: 21 | loss: 0.027
iter: 22 | loss: 0.042
iter: 23 | loss: 0.069
iter: 24 | loss: 0.027
iter: 25 | loss: 0.019
iter: 26 | loss: 0.039
iter: 27 | loss: 0.018
iter: 28 | loss: 0.027
iter: 29 | loss: 0.017
iter: 30 | loss: 0.033
iter: 31 | loss: 0.042
iter: 32 | loss: 0.025
testing r= 5
rrse(target)=101.35854521203429 / 34.87594854780834 | rrse(all)=191580097025462.4 / 34622966134154.824 | report_mode=targets
[Validation] per_target_rrse_json={"us_Trade Weighted Dollar Index": 3.759848117828369, "jp_fx": 5.750791549682617, "kr_fx": 2.777898073196411}
[Validation] per_target_lag_mae_json={"us_Trade Weighted Dollar Index": 0.5431615710258484, "jp_fx": 0.48903170228004456, "kr_fx": 6.921941757202148}
[Validation] per_target_dir_mismatch_json={"us_Trade Weighted Dollar Index": 0.45454545454545453, "jp_fx": 0.36363636363636365, "kr_fx": 0.36363636363636365}
| end of epoch  28 | time:  4.90s | train_loss 0.0314 | valid rse 2.9063 | valid rae 3.7991 | valid corr  -0.1885 | valid smape  0.3391 | focus_rrse 4.0962 | obj 4.0962
Experiment: 1
Iter: 0
epoch: 29
hp= [1, 0.00012749999999999998, 32, 128, 256, 1024, 30, 0.0, 2, 40, 0.6, 0.1, 3, 29]
best sum= 6.893905728528818
best rrse= 2.906259168065088
best rrae= 3.7991457835767903
best corr= -0.18850078
best smape= 0.33907373689631637
best objective= 4.096179008483887
best hps= [1, 0.00012749999999999998, 32, 128, 256, 1024, 30, 0.0, 2, 40, 0.6, 0.1, 3, 1]
best test rse= 3.482028367785086
best test corr= -0.123122536
[Target-Weighted Loss] weights applied: {'us_Trade Weighted Dollar Index': 60.0, 'kr_fx': 60.0, 'jp_fx': 60.0}
[Target-Only Loss] enabled for columns: ['us_Trade Weighted Dollar Index', 'jp_fx', 'kr_fx']
[Bias Penalty] enabled lambda=0.4 scope=focus cols=['us_Trade Weighted Dollar Index', 'jp_fx', 'kr_fx']
iter:  0 | loss: 0.028
iter:  1 | loss: 0.026
iter:  2 | loss: 0.026
iter:  3 | loss: 0.022
iter:  4 | loss: 0.038
iter:  5 | loss: 0.025
iter:  6 | loss: 0.027
iter:  7 | loss: 0.038
iter:  8 | loss: 0.025
iter:  9 | loss: 0.023
iter: 10 | loss: 0.017
iter: 11 | loss: 0.030
iter: 12 | loss: 0.022
iter: 13 | loss: 0.014
iter: 14 | loss: 0.027
iter: 15 | loss: 0.030
iter: 16 | loss: 0.013
iter: 17 | loss: 0.047
iter: 18 | loss: 0.021
iter: 19 | loss: 0.056
iter: 20 | loss: 0.025
iter: 21 | loss: 0.039
iter: 22 | loss: 0.023
iter: 23 | loss: 0.029
iter: 24 | loss: 0.030
iter: 25 | loss: 0.020
iter: 26 | loss: 0.025
iter: 27 | loss: 0.021
iter: 28 | loss: 0.080
iter: 29 | loss: 0.033
iter: 30 | loss: 0.025
iter: 31 | loss: 0.027
iter: 32 | loss: 0.109
testing r= 5
rrse(target)=101.35854521203429 / 34.87594854780834 | rrse(all)=191580097025462.4 / 34622966134154.824 | report_mode=targets
[Validation] per_target_rrse_json={"us_Trade Weighted Dollar Index": 3.759848117828369, "jp_fx": 5.750791549682617, "kr_fx": 2.777898073196411}
[Validation] per_target_lag_mae_json={"us_Trade Weighted Dollar Index": 0.5431615710258484, "jp_fx": 0.48903170228004456, "kr_fx": 6.921941757202148}
[Validation] per_target_dir_mismatch_json={"us_Trade Weighted Dollar Index": 0.45454545454545453, "jp_fx": 0.36363636363636365, "kr_fx": 0.36363636363636365}
| end of epoch  29 | time:  5.25s | train_loss 0.0310 | valid rse 2.9063 | valid rae 3.7991 | valid corr  -0.1885 | valid smape  0.3391 | focus_rrse 4.0962 | obj 4.0962
Experiment: 1
Iter: 0
epoch: 30
hp= [1, 0.00012749999999999998, 32, 128, 256, 1024, 30, 0.0, 2, 40, 0.6, 0.1, 3, 30]
best sum= 6.893905728528818
best rrse= 2.906259168065088
best rrae= 3.7991457835767903
best corr= -0.18850078
best smape= 0.33907373689631637
best objective= 4.096179008483887
best hps= [1, 0.00012749999999999998, 32, 128, 256, 1024, 30, 0.0, 2, 40, 0.6, 0.1, 3, 1]
best test rse= 3.482028367785086
best test corr= -0.123122536
[Target-Weighted Loss] weights applied: {'us_Trade Weighted Dollar Index': 60.0, 'kr_fx': 60.0, 'jp_fx': 60.0}
[Target-Only Loss] enabled for columns: ['us_Trade Weighted Dollar Index', 'jp_fx', 'kr_fx']
[Bias Penalty] enabled lambda=0.4 scope=focus cols=['us_Trade Weighted Dollar Index', 'jp_fx', 'kr_fx']
iter:  0 | loss: 0.039
iter:  1 | loss: 0.035
iter:  2 | loss: 0.010
iter:  3 | loss: 0.036
iter:  4 | loss: 0.031
iter:  5 | loss: 0.025
iter:  6 | loss: 0.029
iter:  7 | loss: 0.018
iter:  8 | loss: 0.013
iter:  9 | loss: 0.039
iter: 10 | loss: 0.027
iter: 11 | loss: 0.019
iter: 12 | loss: 0.011
iter: 13 | loss: 0.029
iter: 14 | loss: 0.047
iter: 15 | loss: 0.026
iter: 16 | loss: 0.028
iter: 17 | loss: 0.028
iter: 18 | loss: 0.016
iter: 19 | loss: 0.068
iter: 20 | loss: 0.013
iter: 21 | loss: 0.038
iter: 22 | loss: 0.030
iter: 23 | loss: 0.040
iter: 24 | loss: 0.035
iter: 25 | loss: 0.014
iter: 26 | loss: 0.044
iter: 27 | loss: 0.038
iter: 28 | loss: 0.041
iter: 29 | loss: 0.048
iter: 30 | loss: 0.021
iter: 31 | loss: 0.014
iter: 32 | loss: 0.060
testing r= 5
rrse(target)=101.35854521203429 / 34.87594854780834 | rrse(all)=191580097025462.4 / 34622966134154.824 | report_mode=targets
[Validation] per_target_rrse_json={"us_Trade Weighted Dollar Index": 3.759848117828369, "jp_fx": 5.750791549682617, "kr_fx": 2.777898073196411}
[Validation] per_target_lag_mae_json={"us_Trade Weighted Dollar Index": 0.5431615710258484, "jp_fx": 0.48903170228004456, "kr_fx": 6.921941757202148}
[Validation] per_target_dir_mismatch_json={"us_Trade Weighted Dollar Index": 0.45454545454545453, "jp_fx": 0.36363636363636365, "kr_fx": 0.36363636363636365}
| end of epoch  30 | time:  4.75s | train_loss 0.0305 | valid rse 2.9063 | valid rae 3.7991 | valid corr  -0.1885 | valid smape  0.3391 | focus_rrse 4.0962 | obj 4.0962
Experiment: 1
Iter: 0
epoch: 31
hp= [1, 0.00012749999999999998, 32, 128, 256, 1024, 30, 0.0, 2, 40, 0.6, 0.1, 3, 31]
best sum= 6.893905728528818
best rrse= 2.906259168065088
best rrae= 3.7991457835767903
best corr= -0.18850078
best smape= 0.33907373689631637
best objective= 4.096179008483887
best hps= [1, 0.00012749999999999998, 32, 128, 256, 1024, 30, 0.0, 2, 40, 0.6, 0.1, 3, 1]
best test rse= 3.482028367785086
best test corr= -0.123122536
[Target-Weighted Loss] weights applied: {'us_Trade Weighted Dollar Index': 60.0, 'kr_fx': 60.0, 'jp_fx': 60.0}
[Target-Only Loss] enabled for columns: ['us_Trade Weighted Dollar Index', 'jp_fx', 'kr_fx']
[Bias Penalty] enabled lambda=0.4 scope=focus cols=['us_Trade Weighted Dollar Index', 'jp_fx', 'kr_fx']
iter:  0 | loss: 0.053
iter:  1 | loss: 0.027
iter:  2 | loss: 0.035
iter:  3 | loss: 0.032
iter:  4 | loss: 0.020
iter:  5 | loss: 0.040
iter:  6 | loss: 0.031
iter:  7 | loss: 0.027
iter:  8 | loss: 0.030
iter:  9 | loss: 0.038
iter: 10 | loss: 0.019
iter: 11 | loss: 0.031
iter: 12 | loss: 0.018
iter: 13 | loss: 0.031
iter: 14 | loss: 0.061
iter: 15 | loss: 0.026
iter: 16 | loss: 0.032
iter: 17 | loss: 0.019
iter: 18 | loss: 0.042
iter: 19 | loss: 0.035
iter: 20 | loss: 0.025
iter: 21 | loss: 0.011
iter: 22 | loss: 0.057
iter: 23 | loss: 0.026
iter: 24 | loss: 0.032
iter: 25 | loss: 0.028
iter: 26 | loss: 0.045
iter: 27 | loss: 0.032
iter: 28 | loss: 0.028
iter: 29 | loss: 0.031
iter: 30 | loss: 0.018
iter: 31 | loss: 0.021
iter: 32 | loss: 0.024
testing r= 5
rrse(target)=101.35854521203429 / 34.87594854780834 | rrse(all)=191580097025462.4 / 34622966134154.824 | report_mode=targets
[Validation] per_target_rrse_json={"us_Trade Weighted Dollar Index": 3.759848117828369, "jp_fx": 5.750791549682617, "kr_fx": 2.777898073196411}
[Validation] per_target_lag_mae_json={"us_Trade Weighted Dollar Index": 0.5431615710258484, "jp_fx": 0.48903170228004456, "kr_fx": 6.921941757202148}
[Validation] per_target_dir_mismatch_json={"us_Trade Weighted Dollar Index": 0.45454545454545453, "jp_fx": 0.36363636363636365, "kr_fx": 0.36363636363636365}
| end of epoch  31 | time:  5.24s | train_loss 0.0311 | valid rse 2.9063 | valid rae 3.7991 | valid corr  -0.1885 | valid smape  0.3391 | focus_rrse 4.0962 | obj 4.0962
Experiment: 1
Iter: 0
epoch: 32
hp= [1, 0.00012749999999999998, 32, 128, 256, 1024, 30, 0.0, 2, 40, 0.6, 0.1, 3, 32]
best sum= 6.893905728528818
best rrse= 2.906259168065088
best rrae= 3.7991457835767903
best corr= -0.18850078
best smape= 0.33907373689631637
best objective= 4.096179008483887
best hps= [1, 0.00012749999999999998, 32, 128, 256, 1024, 30, 0.0, 2, 40, 0.6, 0.1, 3, 1]
best test rse= 3.482028367785086
best test corr= -0.123122536
[Target-Weighted Loss] weights applied: {'us_Trade Weighted Dollar Index': 60.0, 'kr_fx': 60.0, 'jp_fx': 60.0}
[Target-Only Loss] enabled for columns: ['us_Trade Weighted Dollar Index', 'jp_fx', 'kr_fx']
[Bias Penalty] enabled lambda=0.4 scope=focus cols=['us_Trade Weighted Dollar Index', 'jp_fx', 'kr_fx']
iter:  0 | loss: 0.025
iter:  1 | loss: 0.025
iter:  2 | loss: 0.038
iter:  3 | loss: 0.041
iter:  4 | loss: 0.037
iter:  5 | loss: 0.024
iter:  6 | loss: 0.011
iter:  7 | loss: 0.025
iter:  8 | loss: 0.030
iter:  9 | loss: 0.017
iter: 10 | loss: 0.030
iter: 11 | loss: 0.043
iter: 12 | loss: 0.016
iter: 13 | loss: 0.030
iter: 14 | loss: 0.032
iter: 15 | loss: 0.040
iter: 16 | loss: 0.042
iter: 17 | loss: 0.050
iter: 18 | loss: 0.031
iter: 19 | loss: 0.055
iter: 20 | loss: 0.023
iter: 21 | loss: 0.017
iter: 22 | loss: 0.051
iter: 23 | loss: 0.023
iter: 24 | loss: 0.012
iter: 25 | loss: 0.043
iter: 26 | loss: 0.028
iter: 27 | loss: 0.021
iter: 28 | loss: 0.035
iter: 29 | loss: 0.049
iter: 30 | loss: 0.031
iter: 31 | loss: 0.027
iter: 32 | loss: 0.020
testing r= 5
rrse(target)=101.35854521203429 / 34.87594854780834 | rrse(all)=191580097025462.4 / 34622966134154.824 | report_mode=targets
[Validation] per_target_rrse_json={"us_Trade Weighted Dollar Index": 3.759848117828369, "jp_fx": 5.750791549682617, "kr_fx": 2.777898073196411}
[Validation] per_target_lag_mae_json={"us_Trade Weighted Dollar Index": 0.5431615710258484, "jp_fx": 0.48903170228004456, "kr_fx": 6.921941757202148}
[Validation] per_target_dir_mismatch_json={"us_Trade Weighted Dollar Index": 0.45454545454545453, "jp_fx": 0.36363636363636365, "kr_fx": 0.36363636363636365}
| end of epoch  32 | time:  4.92s | train_loss 0.0309 | valid rse 2.9063 | valid rae 3.7991 | valid corr  -0.1885 | valid smape  0.3391 | focus_rrse 4.0962 | obj 4.0962
Experiment: 1
Iter: 0
epoch: 33
hp= [1, 0.00012749999999999998, 32, 128, 256, 1024, 30, 0.0, 2, 40, 0.6, 0.1, 3, 33]
best sum= 6.893905728528818
best rrse= 2.906259168065088
best rrae= 3.7991457835767903
best corr= -0.18850078
best smape= 0.33907373689631637
best objective= 4.096179008483887
best hps= [1, 0.00012749999999999998, 32, 128, 256, 1024, 30, 0.0, 2, 40, 0.6, 0.1, 3, 1]
best test rse= 3.482028367785086
best test corr= -0.123122536
[Target-Weighted Loss] weights applied: {'us_Trade Weighted Dollar Index': 60.0, 'kr_fx': 60.0, 'jp_fx': 60.0}
[Target-Only Loss] enabled for columns: ['us_Trade Weighted Dollar Index', 'jp_fx', 'kr_fx']
[Bias Penalty] enabled lambda=0.4 scope=focus cols=['us_Trade Weighted Dollar Index', 'jp_fx', 'kr_fx']
iter:  0 | loss: 0.020
iter:  1 | loss: 0.048
iter:  2 | loss: 0.021
iter:  3 | loss: 0.027
iter:  4 | loss: 0.089
iter:  5 | loss: 0.028
iter:  6 | loss: 0.024
iter:  7 | loss: 0.028
iter:  8 | loss: 0.042
iter:  9 | loss: 0.024
iter: 10 | loss: 0.034
iter: 11 | loss: 0.022
iter: 12 | loss: 0.024
iter: 13 | loss: 0.029
iter: 14 | loss: 0.042
iter: 15 | loss: 0.017
iter: 16 | loss: 0.017
iter: 17 | loss: 0.034
iter: 18 | loss: 0.029
iter: 19 | loss: 0.027
iter: 20 | loss: 0.018
iter: 21 | loss: 0.027
iter: 22 | loss: 0.019
iter: 23 | loss: 0.026
iter: 24 | loss: 0.035
iter: 25 | loss: 0.039
iter: 26 | loss: 0.013
iter: 27 | loss: 0.033
iter: 28 | loss: 0.027
iter: 29 | loss: 0.035
iter: 30 | loss: 0.024
iter: 31 | loss: 0.035
iter: 32 | loss: 0.042
testing r= 5
rrse(target)=101.35854521203429 / 34.87594854780834 | rrse(all)=191580097025462.4 / 34622966134154.824 | report_mode=targets
[Validation] per_target_rrse_json={"us_Trade Weighted Dollar Index": 3.759848117828369, "jp_fx": 5.750791549682617, "kr_fx": 2.777898073196411}
[Validation] per_target_lag_mae_json={"us_Trade Weighted Dollar Index": 0.5431615710258484, "jp_fx": 0.48903170228004456, "kr_fx": 6.921941757202148}
[Validation] per_target_dir_mismatch_json={"us_Trade Weighted Dollar Index": 0.45454545454545453, "jp_fx": 0.36363636363636365, "kr_fx": 0.36363636363636365}
| end of epoch  33 | time:  4.51s | train_loss 0.0302 | valid rse 2.9063 | valid rae 3.7991 | valid corr  -0.1885 | valid smape  0.3391 | focus_rrse 4.0962 | obj 4.0962
Experiment: 1
Iter: 0
epoch: 34
hp= [1, 0.00012749999999999998, 32, 128, 256, 1024, 30, 0.0, 2, 40, 0.6, 0.1, 3, 34]
best sum= 6.893905728528818
best rrse= 2.906259168065088
best rrae= 3.7991457835767903
best corr= -0.18850078
best smape= 0.33907373689631637
best objective= 4.096179008483887
best hps= [1, 0.00012749999999999998, 32, 128, 256, 1024, 30, 0.0, 2, 40, 0.6, 0.1, 3, 1]
best test rse= 3.482028367785086
best test corr= -0.123122536
[Target-Weighted Loss] weights applied: {'us_Trade Weighted Dollar Index': 60.0, 'kr_fx': 60.0, 'jp_fx': 60.0}
[Target-Only Loss] enabled for columns: ['us_Trade Weighted Dollar Index', 'jp_fx', 'kr_fx']
[Bias Penalty] enabled lambda=0.4 scope=focus cols=['us_Trade Weighted Dollar Index', 'jp_fx', 'kr_fx']
iter:  0 | loss: 0.030
iter:  1 | loss: 0.016
iter:  2 | loss: 0.020
iter:  3 | loss: 0.032
iter:  4 | loss: 0.024
iter:  5 | loss: 0.049
iter:  6 | loss: 0.017
iter:  7 | loss: 0.032
iter:  8 | loss: 0.018
iter:  9 | loss: 0.058
iter: 10 | loss: 0.054
iter: 11 | loss: 0.031
iter: 12 | loss: 0.042
iter: 13 | loss: 0.042
iter: 14 | loss: 0.029
iter: 15 | loss: 0.060
iter: 16 | loss: 0.009
iter: 17 | loss: 0.014
iter: 18 | loss: 0.023
iter: 19 | loss: 0.062
iter: 20 | loss: 0.023
iter: 21 | loss: 0.039
iter: 22 | loss: 0.018
iter: 23 | loss: 0.023
iter: 24 | loss: 0.015
iter: 25 | loss: 0.034
iter: 26 | loss: 0.026
iter: 27 | loss: 0.021
iter: 28 | loss: 0.038
iter: 29 | loss: 0.017
iter: 30 | loss: 0.034
iter: 31 | loss: 0.019
iter: 32 | loss: 0.031
testing r= 5
rrse(target)=101.35854521203429 / 34.87594854780834 | rrse(all)=191580097025462.4 / 34622966134154.824 | report_mode=targets
[Validation] per_target_rrse_json={"us_Trade Weighted Dollar Index": 3.759848117828369, "jp_fx": 5.750791549682617, "kr_fx": 2.777898073196411}
[Validation] per_target_lag_mae_json={"us_Trade Weighted Dollar Index": 0.5431615710258484, "jp_fx": 0.48903170228004456, "kr_fx": 6.921941757202148}
[Validation] per_target_dir_mismatch_json={"us_Trade Weighted Dollar Index": 0.45454545454545453, "jp_fx": 0.36363636363636365, "kr_fx": 0.36363636363636365}
| end of epoch  34 | time:  4.61s | train_loss 0.0303 | valid rse 2.9063 | valid rae 3.7991 | valid corr  -0.1885 | valid smape  0.3391 | focus_rrse 4.0962 | obj 4.0962
Experiment: 1
Iter: 0
epoch: 35
hp= [1, 0.00012749999999999998, 32, 128, 256, 1024, 30, 0.0, 2, 40, 0.6, 0.1, 3, 35]
best sum= 6.893905728528818
best rrse= 2.906259168065088
best rrae= 3.7991457835767903
best corr= -0.18850078
best smape= 0.33907373689631637
best objective= 4.096179008483887
best hps= [1, 0.00012749999999999998, 32, 128, 256, 1024, 30, 0.0, 2, 40, 0.6, 0.1, 3, 1]
best test rse= 3.482028367785086
best test corr= -0.123122536
[Target-Weighted Loss] weights applied: {'us_Trade Weighted Dollar Index': 60.0, 'kr_fx': 60.0, 'jp_fx': 60.0}
[Target-Only Loss] enabled for columns: ['us_Trade Weighted Dollar Index', 'jp_fx', 'kr_fx']
[Bias Penalty] enabled lambda=0.4 scope=focus cols=['us_Trade Weighted Dollar Index', 'jp_fx', 'kr_fx']
iter:  0 | loss: 0.017
iter:  1 | loss: 0.030
iter:  2 | loss: 0.044
iter:  3 | loss: 0.041
iter:  4 | loss: 0.036
iter:  5 | loss: 0.048
iter:  6 | loss: 0.041
iter:  7 | loss: 0.011
iter:  8 | loss: 0.029
iter:  9 | loss: 0.025
iter: 10 | loss: 0.028
iter: 11 | loss: 0.029
iter: 12 | loss: 0.036
iter: 13 | loss: 0.027
iter: 14 | loss: 0.024
iter: 15 | loss: 0.016
iter: 16 | loss: 0.024
iter: 17 | loss: 0.039
iter: 18 | loss: 0.046
iter: 19 | loss: 0.079
iter: 20 | loss: 0.024
iter: 21 | loss: 0.026
iter: 22 | loss: 0.034
iter: 23 | loss: 0.038
iter: 24 | loss: 0.050
iter: 25 | loss: 0.021
iter: 26 | loss: 0.027
iter: 27 | loss: 0.026
iter: 28 | loss: 0.022
iter: 29 | loss: 0.013
iter: 30 | loss: 0.049
iter: 31 | loss: 0.023
iter: 32 | loss: 0.016
testing r= 5
rrse(target)=101.35854521203429 / 34.87594854780834 | rrse(all)=191580097025462.4 / 34622966134154.824 | report_mode=targets
[Validation] per_target_rrse_json={"us_Trade Weighted Dollar Index": 3.759848117828369, "jp_fx": 5.750791549682617, "kr_fx": 2.777898073196411}
[Validation] per_target_lag_mae_json={"us_Trade Weighted Dollar Index": 0.5431615710258484, "jp_fx": 0.48903170228004456, "kr_fx": 6.921941757202148}
[Validation] per_target_dir_mismatch_json={"us_Trade Weighted Dollar Index": 0.45454545454545453, "jp_fx": 0.36363636363636365, "kr_fx": 0.36363636363636365}
| end of epoch  35 | time:  4.67s | train_loss 0.0317 | valid rse 2.9063 | valid rae 3.7991 | valid corr  -0.1885 | valid smape  0.3391 | focus_rrse 4.0962 | obj 4.0962
Experiment: 1
Iter: 0
epoch: 36
hp= [1, 0.00012749999999999998, 32, 128, 256, 1024, 30, 0.0, 2, 40, 0.6, 0.1, 3, 36]
best sum= 6.893905728528818
best rrse= 2.906259168065088
best rrae= 3.7991457835767903
best corr= -0.18850078
best smape= 0.33907373689631637
best objective= 4.096179008483887
best hps= [1, 0.00012749999999999998, 32, 128, 256, 1024, 30, 0.0, 2, 40, 0.6, 0.1, 3, 1]
best test rse= 3.482028367785086
best test corr= -0.123122536
[Target-Weighted Loss] weights applied: {'us_Trade Weighted Dollar Index': 60.0, 'kr_fx': 60.0, 'jp_fx': 60.0}
[Target-Only Loss] enabled for columns: ['us_Trade Weighted Dollar Index', 'jp_fx', 'kr_fx']
[Bias Penalty] enabled lambda=0.4 scope=focus cols=['us_Trade Weighted Dollar Index', 'jp_fx', 'kr_fx']
iter:  0 | loss: 0.034
iter:  1 | loss: 0.029
iter:  2 | loss: 0.021
iter:  3 | loss: 0.022
iter:  4 | loss: 0.023
iter:  5 | loss: 0.055
iter:  6 | loss: 0.041
iter:  7 | loss: 0.016
iter:  8 | loss: 0.037
iter:  9 | loss: 0.037
iter: 10 | loss: 0.021
iter: 11 | loss: 0.027
iter: 12 | loss: 0.032
iter: 13 | loss: 0.053
iter: 14 | loss: 0.024
iter: 15 | loss: 0.039
iter: 16 | loss: 0.021
iter: 17 | loss: 0.031
iter: 18 | loss: 0.017
iter: 19 | loss: 0.010
iter: 20 | loss: 0.027
iter: 21 | loss: 0.023
iter: 22 | loss: 0.034
iter: 23 | loss: 0.012
iter: 24 | loss: 0.046
iter: 25 | loss: 0.041
iter: 26 | loss: 0.043
iter: 27 | loss: 0.032
iter: 28 | loss: 0.045
iter: 29 | loss: 0.024
iter: 30 | loss: 0.024
iter: 31 | loss: 0.031
iter: 32 | loss: 0.022
testing r= 5
rrse(target)=101.35854521203429 / 34.87594854780834 | rrse(all)=191580097025462.4 / 34622966134154.824 | report_mode=targets
[Validation] per_target_rrse_json={"us_Trade Weighted Dollar Index": 3.759848117828369, "jp_fx": 5.750791549682617, "kr_fx": 2.777898073196411}
[Validation] per_target_lag_mae_json={"us_Trade Weighted Dollar Index": 0.5431615710258484, "jp_fx": 0.48903170228004456, "kr_fx": 6.921941757202148}
[Validation] per_target_dir_mismatch_json={"us_Trade Weighted Dollar Index": 0.45454545454545453, "jp_fx": 0.36363636363636365, "kr_fx": 0.36363636363636365}
| end of epoch  36 | time:  4.60s | train_loss 0.0303 | valid rse 2.9063 | valid rae 3.7991 | valid corr  -0.1885 | valid smape  0.3391 | focus_rrse 4.0962 | obj 4.0962
Experiment: 1
Iter: 0
epoch: 37
hp= [1, 0.00012749999999999998, 32, 128, 256, 1024, 30, 0.0, 2, 40, 0.6, 0.1, 3, 37]
best sum= 6.893905728528818
best rrse= 2.906259168065088
best rrae= 3.7991457835767903
best corr= -0.18850078
best smape= 0.33907373689631637
best objective= 4.096179008483887
best hps= [1, 0.00012749999999999998, 32, 128, 256, 1024, 30, 0.0, 2, 40, 0.6, 0.1, 3, 1]
best test rse= 3.482028367785086
best test corr= -0.123122536
[Target-Weighted Loss] weights applied: {'us_Trade Weighted Dollar Index': 60.0, 'kr_fx': 60.0, 'jp_fx': 60.0}
[Target-Only Loss] enabled for columns: ['us_Trade Weighted Dollar Index', 'jp_fx', 'kr_fx']
[Bias Penalty] enabled lambda=0.4 scope=focus cols=['us_Trade Weighted Dollar Index', 'jp_fx', 'kr_fx']
iter:  0 | loss: 0.062
iter:  1 | loss: 0.062
iter:  2 | loss: 0.009
iter:  3 | loss: 0.033
iter:  4 | loss: 0.049
iter:  5 | loss: 0.035
iter:  6 | loss: 0.021
iter:  7 | loss: 0.039
iter:  8 | loss: 0.042
iter:  9 | loss: 0.023
iter: 10 | loss: 0.024
iter: 11 | loss: 0.031
iter: 12 | loss: 0.021
iter: 13 | loss: 0.018
iter: 14 | loss: 0.047
iter: 15 | loss: 0.023
iter: 16 | loss: 0.046
iter: 17 | loss: 0.038
iter: 18 | loss: 0.044
iter: 19 | loss: 0.038
iter: 20 | loss: 0.014
iter: 21 | loss: 0.021
iter: 22 | loss: 0.041
iter: 23 | loss: 0.015
iter: 24 | loss: 0.047
iter: 25 | loss: 0.012
iter: 26 | loss: 0.026
iter: 27 | loss: 0.015
iter: 28 | loss: 0.021
iter: 29 | loss: 0.015
iter: 30 | loss: 0.017
iter: 31 | loss: 0.026
iter: 32 | loss: 0.039
testing r= 5
rrse(target)=101.35854521203429 / 34.87594854780834 | rrse(all)=191580097025462.4 / 34622966134154.824 | report_mode=targets
[Validation] per_target_rrse_json={"us_Trade Weighted Dollar Index": 3.759848117828369, "jp_fx": 5.750791549682617, "kr_fx": 2.777898073196411}
[Validation] per_target_lag_mae_json={"us_Trade Weighted Dollar Index": 0.5431615710258484, "jp_fx": 0.48903170228004456, "kr_fx": 6.921941757202148}
[Validation] per_target_dir_mismatch_json={"us_Trade Weighted Dollar Index": 0.45454545454545453, "jp_fx": 0.36363636363636365, "kr_fx": 0.36363636363636365}
| end of epoch  37 | time:  4.77s | train_loss 0.0308 | valid rse 2.9063 | valid rae 3.7991 | valid corr  -0.1885 | valid smape  0.3391 | focus_rrse 4.0962 | obj 4.0962
Experiment: 1
Iter: 0
epoch: 38
hp= [1, 0.00012749999999999998, 32, 128, 256, 1024, 30, 0.0, 2, 40, 0.6, 0.1, 3, 38]
best sum= 6.893905728528818
best rrse= 2.906259168065088
best rrae= 3.7991457835767903
best corr= -0.18850078
best smape= 0.33907373689631637
best objective= 4.096179008483887
best hps= [1, 0.00012749999999999998, 32, 128, 256, 1024, 30, 0.0, 2, 40, 0.6, 0.1, 3, 1]
best test rse= 3.482028367785086
best test corr= -0.123122536
[Target-Weighted Loss] weights applied: {'us_Trade Weighted Dollar Index': 60.0, 'kr_fx': 60.0, 'jp_fx': 60.0}
[Target-Only Loss] enabled for columns: ['us_Trade Weighted Dollar Index', 'jp_fx', 'kr_fx']
[Bias Penalty] enabled lambda=0.4 scope=focus cols=['us_Trade Weighted Dollar Index', 'jp_fx', 'kr_fx']
iter:  0 | loss: 0.023
iter:  1 | loss: 0.032
iter:  2 | loss: 0.048
iter:  3 | loss: 0.030
iter:  4 | loss: 0.031
iter:  5 | loss: 0.022
iter:  6 | loss: 0.034
iter:  7 | loss: 0.050
iter:  8 | loss: 0.018
iter:  9 | loss: 0.016
iter: 10 | loss: 0.058
iter: 11 | loss: 0.020
iter: 12 | loss: 0.035
iter: 13 | loss: 0.029
iter: 14 | loss: 0.046
iter: 15 | loss: 0.035
iter: 16 | loss: 0.016
iter: 17 | loss: 0.013
iter: 18 | loss: 0.022
iter: 19 | loss: 0.039
iter: 20 | loss: 0.018
iter: 21 | loss: 0.021
iter: 22 | loss: 0.036
iter: 23 | loss: 0.032
iter: 24 | loss: 0.019
iter: 25 | loss: 0.027
iter: 26 | loss: 0.018
iter: 27 | loss: 0.032
iter: 28 | loss: 0.018
iter: 29 | loss: 0.046
iter: 30 | loss: 0.025
iter: 31 | loss: 0.022
iter: 32 | loss: 0.060
testing r= 5
rrse(target)=101.35854521203429 / 34.87594854780834 | rrse(all)=191580097025462.4 / 34622966134154.824 | report_mode=targets
[Validation] per_target_rrse_json={"us_Trade Weighted Dollar Index": 3.759848117828369, "jp_fx": 5.750791549682617, "kr_fx": 2.777898073196411}
[Validation] per_target_lag_mae_json={"us_Trade Weighted Dollar Index": 0.5431615710258484, "jp_fx": 0.48903170228004456, "kr_fx": 6.921941757202148}
[Validation] per_target_dir_mismatch_json={"us_Trade Weighted Dollar Index": 0.45454545454545453, "jp_fx": 0.36363636363636365, "kr_fx": 0.36363636363636365}
| end of epoch  38 | time:  4.70s | train_loss 0.0298 | valid rse 2.9063 | valid rae 3.7991 | valid corr  -0.1885 | valid smape  0.3391 | focus_rrse 4.0962 | obj 4.0962
Experiment: 1
Iter: 0
epoch: 39
hp= [1, 0.00012749999999999998, 32, 128, 256, 1024, 30, 0.0, 2, 40, 0.6, 0.1, 3, 39]
best sum= 6.893905728528818
best rrse= 2.906259168065088
best rrae= 3.7991457835767903
best corr= -0.18850078
best smape= 0.33907373689631637
best objective= 4.096179008483887
best hps= [1, 0.00012749999999999998, 32, 128, 256, 1024, 30, 0.0, 2, 40, 0.6, 0.1, 3, 1]
best test rse= 3.482028367785086
best test corr= -0.123122536
[Target-Weighted Loss] weights applied: {'us_Trade Weighted Dollar Index': 60.0, 'kr_fx': 60.0, 'jp_fx': 60.0}
[Target-Only Loss] enabled for columns: ['us_Trade Weighted Dollar Index', 'jp_fx', 'kr_fx']
[Bias Penalty] enabled lambda=0.4 scope=focus cols=['us_Trade Weighted Dollar Index', 'jp_fx', 'kr_fx']
iter:  0 | loss: 0.022
iter:  1 | loss: 0.014
iter:  2 | loss: 0.050
iter:  3 | loss: 0.032
iter:  4 | loss: 0.042
iter:  5 | loss: 0.039
iter:  6 | loss: 0.019
iter:  7 | loss: 0.033
iter:  8 | loss: 0.018
iter:  9 | loss: 0.038
iter: 10 | loss: 0.023
iter: 11 | loss: 0.023
iter: 12 | loss: 0.025
iter: 13 | loss: 0.028
iter: 14 | loss: 0.022
iter: 15 | loss: 0.055
iter: 16 | loss: 0.037
iter: 17 | loss: 0.052
iter: 18 | loss: 0.016
iter: 19 | loss: 0.046
iter: 20 | loss: 0.040
iter: 21 | loss: 0.024
iter: 22 | loss: 0.020
iter: 23 | loss: 0.022
iter: 24 | loss: 0.021
iter: 25 | loss: 0.032
iter: 26 | loss: 0.025
iter: 27 | loss: 0.035
iter: 28 | loss: 0.024
iter: 29 | loss: 0.049
iter: 30 | loss: 0.024
iter: 31 | loss: 0.028
iter: 32 | loss: 0.055
testing r= 5
rrse(target)=101.35854521203429 / 34.87594854780834 | rrse(all)=191580097025462.4 / 34622966134154.824 | report_mode=targets
[Validation] per_target_rrse_json={"us_Trade Weighted Dollar Index": 3.759848117828369, "jp_fx": 5.750791549682617, "kr_fx": 2.777898073196411}
[Validation] per_target_lag_mae_json={"us_Trade Weighted Dollar Index": 0.5431615710258484, "jp_fx": 0.48903170228004456, "kr_fx": 6.921941757202148}
[Validation] per_target_dir_mismatch_json={"us_Trade Weighted Dollar Index": 0.45454545454545453, "jp_fx": 0.36363636363636365, "kr_fx": 0.36363636363636365}
| end of epoch  39 | time:  4.58s | train_loss 0.0312 | valid rse 2.9063 | valid rae 3.7991 | valid corr  -0.1885 | valid smape  0.3391 | focus_rrse 4.0962 | obj 4.0962
Experiment: 1
Iter: 0
epoch: 40
hp= [1, 0.00012749999999999998, 32, 128, 256, 1024, 30, 0.0, 2, 40, 0.6, 0.1, 3, 40]
best sum= 6.893905728528818
best rrse= 2.906259168065088
best rrae= 3.7991457835767903
best corr= -0.18850078
best smape= 0.33907373689631637
best objective= 4.096179008483887
best hps= [1, 0.00012749999999999998, 32, 128, 256, 1024, 30, 0.0, 2, 40, 0.6, 0.1, 3, 1]
best test rse= 3.482028367785086
best test corr= -0.123122536
[Target-Weighted Loss] weights applied: {'us_Trade Weighted Dollar Index': 60.0, 'kr_fx': 60.0, 'jp_fx': 60.0}
[Target-Only Loss] enabled for columns: ['us_Trade Weighted Dollar Index', 'jp_fx', 'kr_fx']
[Bias Penalty] enabled lambda=0.4 scope=focus cols=['us_Trade Weighted Dollar Index', 'jp_fx', 'kr_fx']
iter:  0 | loss: 0.016
iter:  1 | loss: 0.021
iter:  2 | loss: 0.048
iter:  3 | loss: 0.033
iter:  4 | loss: 0.018
iter:  5 | loss: 0.021
iter:  6 | loss: 0.022
iter:  7 | loss: 0.018
iter:  8 | loss: 0.025
iter:  9 | loss: 0.038
iter: 10 | loss: 0.024
iter: 11 | loss: 0.022
iter: 12 | loss: 0.015
iter: 13 | loss: 0.043
iter: 14 | loss: 0.070
iter: 15 | loss: 0.017
iter: 16 | loss: 0.029
iter: 17 | loss: 0.026
iter: 18 | loss: 0.030
iter: 19 | loss: 0.032
iter: 20 | loss: 0.041
iter: 21 | loss: 0.023
iter: 22 | loss: 0.023
iter: 23 | loss: 0.022
iter: 24 | loss: 0.024
iter: 25 | loss: 0.043
iter: 26 | loss: 0.026
iter: 27 | loss: 0.020
iter: 28 | loss: 0.055
iter: 29 | loss: 0.033
iter: 30 | loss: 0.038
iter: 31 | loss: 0.029
iter: 32 | loss: 0.036
testing r= 5
rrse(target)=101.35854521203429 / 34.87594854780834 | rrse(all)=191580097025462.4 / 34622966134154.824 | report_mode=targets
[Validation] per_target_rrse_json={"us_Trade Weighted Dollar Index": 3.759848117828369, "jp_fx": 5.750791549682617, "kr_fx": 2.777898073196411}
[Validation] per_target_lag_mae_json={"us_Trade Weighted Dollar Index": 0.5431615710258484, "jp_fx": 0.48903170228004456, "kr_fx": 6.921941757202148}
[Validation] per_target_dir_mismatch_json={"us_Trade Weighted Dollar Index": 0.45454545454545453, "jp_fx": 0.36363636363636365, "kr_fx": 0.36363636363636365}
| end of epoch  40 | time:  4.59s | train_loss 0.0297 | valid rse 2.9063 | valid rae 3.7991 | valid corr  -0.1885 | valid smape  0.3391 | focus_rrse 4.0962 | obj 4.0962
best val loss= 6.893905728528818
best hps= [1, 0.00012749999999999998, 32, 128, 256, 1024, 30, 0.0, 2, 40, 0.6, 0.1, 3, 1]
testing r= 5
rrse(target)=101.35854521203429 / 34.87594854780834 | rrse(all)=191580097025462.4 / 34622966134154.824 | report_mode=targets
[Validation] per_target_rrse_json={"us_Trade Weighted Dollar Index": 3.759848117828369, "jp_fx": 5.750791549682617, "kr_fx": 2.777898073196411}
[Validation] per_target_lag_mae_json={"us_Trade Weighted Dollar Index": 0.5431615710258484, "jp_fx": 0.48903170228004456, "kr_fx": 6.921941757202148}
[Validation] per_target_dir_mismatch_json={"us_Trade Weighted Dollar Index": 0.45454545454545453, "jp_fx": 0.36363636363636365, "kr_fx": 0.36363636363636365}
[debias] mode=val_mean_error apply_to=focus offset={'us_Trade Weighted Dollar Index': 2.4609153270721436, 'jp_fx': -9.53246021270752, 'kr_fx': 21.85500144958496}
testing r= 5
rrse(target)=58.1272345000603 / 34.87594854780834 | rrse(all)=191580097025462.4 / 34622966134154.824 | report_mode=targets
[Validation] per_target_rrse_json={"us_Trade Weighted Dollar Index": 1.7805405855178833, "jp_fx": 0.5914692282676697, "kr_fx": 1.6865373849868774}
[Validation] per_target_lag_mae_json={"us_Trade Weighted Dollar Index": 0.5431615710258484, "jp_fx": 0.48903170228004456, "kr_fx": 6.921941757202148}
[Validation] per_target_dir_mismatch_json={"us_Trade Weighted Dollar Index": 0.45454545454545453, "jp_fx": 0.36363636363636365, "kr_fx": 0.36363636363636365}
testing r= 5
rrse(target)=376.8324810177594 / 87.05327089004898 | rrse(all)=66293348769500.57 / 13118448721317.795 | report_mode=targets
[Testing] per_target_rrse_json={"us_Trade Weighted Dollar Index": 5.120160102844238, "jp_fx": 4.055569171905518, "kr_fx": 4.330191135406494}
[Testing] per_target_lag_mae_json={"us_Trade Weighted Dollar Index": 0.527553915977478, "jp_fx": 0.789893388748169, "kr_fx": 9.613980293273926}
[Testing] per_target_dir_mismatch_json={"us_Trade Weighted Dollar Index": 0.36363636363636365, "jp_fx": 0.6363636363636364, "kr_fx": 1.0}
********************************************************************************************************
final test rse 4.3288 | test rae 5.0832 | test corr -0.1231 | test smape 0.3516
********************************************************************************************************



1 run average



valid	rse	rae
mean	1.6667	1.6335
std	0.0000	0.0000



test	rse	rae
mean	4.3288	5.0832
std	0.0000	0.0000
