CUDA not available, using CPU
[split_guard] {'n': 180, 'cutoff_idx': 168, 'cutoff_label': '25.Jan', 'valid_start_idx': 156, 'valid_end_idx': 168, 'valid_months': 12}
Loading data from /Users/samrobert/Documents/GitHub/Exchangeprediction/Cyber-trend-forecasting-main 3/B-MTGNN/data/sm_data.csv...
Data loaded and converted to numeric successfully.
Graph loaded with 1 attacks...
33 columns loaded
Adjacency created...
train X: torch.Size([119, 36, 33])
train Y: torch.Size([119, 1, 33])
valid X: torch.Size([11, 36, 33])
valid Y: torch.Size([11, 1, 33])
test X: torch.Size([11, 36, 33])
test Y: torch.Size([11, 1, 33])
test window: torch.Size([48, 33])
length of training set= 119
length of validation set= 11
length of testing set= 11
valid= 168
Auto-detected num_nodes: 33
Namespace(data='/Users/samrobert/Documents/GitHub/Exchangeprediction/Cyber-trend-forecasting-main 3/B-MTGNN/data/sm_data.csv', log_interval=2000, save='/Users/samrobert/Documents/GitHub/Exchangeprediction/Cyber-trend-forecasting-main 3/B-MTGNN/tuning_runs/20260220_175117/checkpoints/model_005.pt', optim='adam', L1Loss=True, loss_mode='mse', normalize=2, device='cuda:1', gcn_true=False, buildA_true=False, use_graph=0, gcn_depth=1, num_nodes=33, dropout=0.0, subgraph_size=30, node_dim=40, dilation_exponential=2, conv_channels=32, residual_channels=128, skip_channels=256, end_channels=1024, in_dim=1, seq_in_len=36, seq_out_len=1, horizon=1, layers=3, batch_size=4, lr=8.5e-05, weight_decay=1e-05, clip=10, propalpha=0.6, tanhalpha=0.1, epochs=40, num_split=1, step_size=100, ss_prob=0.05, train_ratio=0.8666666667, valid_ratio=0.0666666667, focus_targets=1, focus_nodes='us_Trade Weighted Dollar Index,jp_fx,kr_fx', focus_weight=1.0, focus_target_gain=65.0, focus_only_loss=1, anchor_focus_to_last=0.15, rse_targets='Us_Trade Weighted Dollar Index_Testing.txt,Jp_fx_Testing.txt,Kr_fx_Testing.txt', rse_report_mode='targets', debias_mode='val_mean_error', debias_apply_to='focus', bias_penalty=0.45, bias_penalty_scope='focus', plot_focus_only=0, debug_eval=0, rollout_mode='recursive', enforce_cutoff_split=1, cutoff_year_yy=25, min_valid_months=12, confidence_level=0.95, confidence_scale=3.0, confidence_mode='predictive', seed=777, plot=0, clean_cache=0, autotune_mode=1, apply_best_tuning=0, eval_best_tuning=0, target_profile='none', best_tuning_checkpoint='')
The recpetive field size is 43
Number of model parameters is 954977
begin training
Experiment: 1
Iter: 0
epoch: 1
hp= [1, 8.5e-05, 32, 128, 256, 1024, 30, 0.0, 2, 40, 0.6, 0.1, 3, 1]
best sum= 10000000
best rrse= 10000000
best rrae= 10000000
best corr= -10000000
best smape= 10000000
best objective= 10000000
best hps= []
best test rse= 10000000
best test corr= -10000000
[Target-Weighted Loss] weights applied: {'us_Trade Weighted Dollar Index': 65.0, 'kr_fx': 65.0, 'jp_fx': 65.0}
[Target-Only Loss] enabled for columns: ['us_Trade Weighted Dollar Index', 'jp_fx', 'kr_fx']
[Bias Penalty] enabled lambda=0.45 scope=focus cols=['us_Trade Weighted Dollar Index', 'jp_fx', 'kr_fx']
iter:  0 | loss: 0.045
iter:  1 | loss: 0.025
iter:  2 | loss: 0.036
iter:  3 | loss: 0.016
iter:  4 | loss: 0.029
iter:  5 | loss: 0.024
iter:  6 | loss: 0.039
iter:  7 | loss: 0.024
iter:  8 | loss: 0.021
iter:  9 | loss: 0.035
iter: 10 | loss: 0.012
iter: 11 | loss: 0.014
iter: 12 | loss: 0.017
iter: 13 | loss: 0.040
iter: 14 | loss: 0.029
iter: 15 | loss: 0.041
iter: 16 | loss: 0.026
iter: 17 | loss: 0.015
iter: 18 | loss: 0.027
iter: 19 | loss: 0.034
iter: 20 | loss: 0.015
iter: 21 | loss: 0.018
iter: 22 | loss: 0.020
iter: 23 | loss: 0.046
iter: 24 | loss: 0.019
iter: 25 | loss: 0.037
iter: 26 | loss: 0.037
iter: 27 | loss: 0.017
iter: 28 | loss: 0.009
iter: 29 | loss: 0.018
testing r= 5
rrse(target)=253.64095563414045 / 34.87594854780834 | rrse(all)=151457134315703.22 / 34622966134154.824 | report_mode=targets
[Validation] per_target_rrse_json={"us_Trade Weighted Dollar Index": 3.3342411518096924, "jp_fx": 13.096112251281738, "kr_fx": 7.054561614990234}
[Validation] per_target_lag_mae_json={"us_Trade Weighted Dollar Index": 0.2680872082710266, "jp_fx": 0.9462113976478577, "kr_fx": 4.2131571769714355}
[Validation] per_target_dir_mismatch_json={"us_Trade Weighted Dollar Index": 0.09090909090909091, "jp_fx": 0.45454545454545453, "kr_fx": 0.18181818181818182}
| end of epoch   1 | time:  4.30s | train_loss 0.0263 | valid rse 7.2727 | valid rae 9.5689 | valid corr  0.3691 | valid smape  0.3460 | focus_rrse 7.8283 | obj 7.8283
testing r= 5
rrse(target)=293.06220009581585 / 87.05327089004898 | rrse(all)=114326472610039.84 / 13118448721317.795 | report_mode=targets
[Testing] per_target_rrse_json={"us_Trade Weighted Dollar Index": 2.7088139057159424, "jp_fx": 2.2538602352142334, "kr_fx": 3.3780627250671387}
[Testing] per_target_lag_mae_json={"us_Trade Weighted Dollar Index": 0.5683801770210266, "jp_fx": 1.2703274488449097, "kr_fx": 6.532504081726074}
[Testing] per_target_dir_mismatch_json={"us_Trade Weighted Dollar Index": 0.6363636363636364, "jp_fx": 0.7272727272727273, "kr_fx": 0.18181818181818182}
********************************************************************************************************
test rse 3.3665 | test rae 3.8463 | test corr 0.1884| test smape 0.3207 | test focus_rrse 2.7802
********************************************************************************************************
Experiment: 1
Iter: 0
epoch: 2
hp= [1, 8.5e-05, 32, 128, 256, 1024, 30, 0.0, 2, 40, 0.6, 0.1, 3, 2]
best sum= 16.472468844907436
best rrse= 7.272661137415276
best rrae= 9.56886670393114
best corr= 0.369059
best smape= 0.3460368190011631
best objective= 7.828304767608643
best hps= [1, 8.5e-05, 32, 128, 256, 1024, 30, 0.0, 2, 40, 0.6, 0.1, 3, 1]
best test rse= 3.3664697156062364
best test corr= 0.18837301
[Target-Weighted Loss] weights applied: {'us_Trade Weighted Dollar Index': 65.0, 'kr_fx': 65.0, 'jp_fx': 65.0}
[Target-Only Loss] enabled for columns: ['us_Trade Weighted Dollar Index', 'jp_fx', 'kr_fx']
[Bias Penalty] enabled lambda=0.45 scope=focus cols=['us_Trade Weighted Dollar Index', 'jp_fx', 'kr_fx']
iter:  0 | loss: 0.018
iter:  1 | loss: 0.033
iter:  2 | loss: 0.011
iter:  3 | loss: 0.026
iter:  4 | loss: 0.058
iter:  5 | loss: 0.031
iter:  6 | loss: 0.031
iter:  7 | loss: 0.015
iter:  8 | loss: 0.024
iter:  9 | loss: 0.018
iter: 10 | loss: 0.017
iter: 11 | loss: 0.024
iter: 12 | loss: 0.037
iter: 13 | loss: 0.035
iter: 14 | loss: 0.029
iter: 15 | loss: 0.014
iter: 16 | loss: 0.020
iter: 17 | loss: 0.024
iter: 18 | loss: 0.006
iter: 19 | loss: 0.016
iter: 20 | loss: 0.014
iter: 21 | loss: 0.041
iter: 22 | loss: 0.048
iter: 23 | loss: 0.016
iter: 24 | loss: 0.014
iter: 25 | loss: 0.017
iter: 26 | loss: 0.014
iter: 27 | loss: 0.038
iter: 28 | loss: 0.041
iter: 29 | loss: 0.072
testing r= 5
rrse(target)=253.64095563414045 / 34.87594854780834 | rrse(all)=151457134315703.22 / 34622966134154.824 | report_mode=targets
[Validation] per_target_rrse_json={"us_Trade Weighted Dollar Index": 3.3342411518096924, "jp_fx": 13.096112251281738, "kr_fx": 7.054561614990234}
[Validation] per_target_lag_mae_json={"us_Trade Weighted Dollar Index": 0.2680872082710266, "jp_fx": 0.9462113976478577, "kr_fx": 4.2131571769714355}
[Validation] per_target_dir_mismatch_json={"us_Trade Weighted Dollar Index": 0.09090909090909091, "jp_fx": 0.45454545454545453, "kr_fx": 0.18181818181818182}
| end of epoch   2 | time:  4.14s | train_loss 0.0264 | valid rse 7.2727 | valid rae 9.5689 | valid corr  0.3691 | valid smape  0.3460 | focus_rrse 7.8283 | obj 7.8283
Experiment: 1
Iter: 0
epoch: 3
hp= [1, 8.5e-05, 32, 128, 256, 1024, 30, 0.0, 2, 40, 0.6, 0.1, 3, 3]
best sum= 16.472468844907436
best rrse= 7.272661137415276
best rrae= 9.56886670393114
best corr= 0.369059
best smape= 0.3460368190011631
best objective= 7.828304767608643
best hps= [1, 8.5e-05, 32, 128, 256, 1024, 30, 0.0, 2, 40, 0.6, 0.1, 3, 1]
best test rse= 3.3664697156062364
best test corr= 0.18837301
[Target-Weighted Loss] weights applied: {'us_Trade Weighted Dollar Index': 65.0, 'kr_fx': 65.0, 'jp_fx': 65.0}
[Target-Only Loss] enabled for columns: ['us_Trade Weighted Dollar Index', 'jp_fx', 'kr_fx']
[Bias Penalty] enabled lambda=0.45 scope=focus cols=['us_Trade Weighted Dollar Index', 'jp_fx', 'kr_fx']
iter:  0 | loss: 0.014
iter:  1 | loss: 0.029
iter:  2 | loss: 0.015
iter:  3 | loss: 0.020
iter:  4 | loss: 0.032
iter:  5 | loss: 0.049
iter:  6 | loss: 0.029
iter:  7 | loss: 0.015
iter:  8 | loss: 0.025
iter:  9 | loss: 0.021
iter: 10 | loss: 0.022
iter: 11 | loss: 0.028
iter: 12 | loss: 0.027
iter: 13 | loss: 0.023
iter: 14 | loss: 0.013
iter: 15 | loss: 0.009
iter: 16 | loss: 0.032
iter: 17 | loss: 0.022
iter: 18 | loss: 0.019
iter: 19 | loss: 0.022
iter: 20 | loss: 0.012
iter: 21 | loss: 0.046
iter: 22 | loss: 0.021
iter: 23 | loss: 0.013
iter: 24 | loss: 0.054
iter: 25 | loss: 0.040
iter: 26 | loss: 0.038
iter: 27 | loss: 0.020
iter: 28 | loss: 0.027
iter: 29 | loss: 0.066
testing r= 5
rrse(target)=253.64095563414045 / 34.87594854780834 | rrse(all)=151457134315703.22 / 34622966134154.824 | report_mode=targets
[Validation] per_target_rrse_json={"us_Trade Weighted Dollar Index": 3.3342411518096924, "jp_fx": 13.096112251281738, "kr_fx": 7.054561614990234}
[Validation] per_target_lag_mae_json={"us_Trade Weighted Dollar Index": 0.2680872082710266, "jp_fx": 0.9462113976478577, "kr_fx": 4.2131571769714355}
[Validation] per_target_dir_mismatch_json={"us_Trade Weighted Dollar Index": 0.09090909090909091, "jp_fx": 0.45454545454545453, "kr_fx": 0.18181818181818182}
| end of epoch   3 | time:  4.17s | train_loss 0.0264 | valid rse 7.2727 | valid rae 9.5689 | valid corr  0.3691 | valid smape  0.3460 | focus_rrse 7.8283 | obj 7.8283
Experiment: 1
Iter: 0
epoch: 4
hp= [1, 8.5e-05, 32, 128, 256, 1024, 30, 0.0, 2, 40, 0.6, 0.1, 3, 4]
best sum= 16.472468844907436
best rrse= 7.272661137415276
best rrae= 9.56886670393114
best corr= 0.369059
best smape= 0.3460368190011631
best objective= 7.828304767608643
best hps= [1, 8.5e-05, 32, 128, 256, 1024, 30, 0.0, 2, 40, 0.6, 0.1, 3, 1]
best test rse= 3.3664697156062364
best test corr= 0.18837301
[Target-Weighted Loss] weights applied: {'us_Trade Weighted Dollar Index': 65.0, 'kr_fx': 65.0, 'jp_fx': 65.0}
[Target-Only Loss] enabled for columns: ['us_Trade Weighted Dollar Index', 'jp_fx', 'kr_fx']
[Bias Penalty] enabled lambda=0.45 scope=focus cols=['us_Trade Weighted Dollar Index', 'jp_fx', 'kr_fx']
iter:  0 | loss: 0.031
iter:  1 | loss: 0.030
iter:  2 | loss: 0.019
iter:  3 | loss: 0.018
iter:  4 | loss: 0.015
iter:  5 | loss: 0.014
iter:  6 | loss: 0.035
iter:  7 | loss: 0.038
iter:  8 | loss: 0.014
iter:  9 | loss: 0.075
iter: 10 | loss: 0.025
iter: 11 | loss: 0.040
iter: 12 | loss: 0.038
iter: 13 | loss: 0.021
iter: 14 | loss: 0.031
iter: 15 | loss: 0.037
iter: 16 | loss: 0.013
iter: 17 | loss: 0.014
iter: 18 | loss: 0.019
iter: 19 | loss: 0.018
iter: 20 | loss: 0.014
iter: 21 | loss: 0.021
iter: 22 | loss: 0.032
iter: 23 | loss: 0.022
iter: 24 | loss: 0.044
iter: 25 | loss: 0.041
iter: 26 | loss: 0.021
iter: 27 | loss: 0.032
iter: 28 | loss: 0.012
iter: 29 | loss: 0.023
testing r= 5
rrse(target)=253.64095563414045 / 34.87594854780834 | rrse(all)=151457134315703.22 / 34622966134154.824 | report_mode=targets
[Validation] per_target_rrse_json={"us_Trade Weighted Dollar Index": 3.3342411518096924, "jp_fx": 13.096112251281738, "kr_fx": 7.054561614990234}
[Validation] per_target_lag_mae_json={"us_Trade Weighted Dollar Index": 0.2680872082710266, "jp_fx": 0.9462113976478577, "kr_fx": 4.2131571769714355}
[Validation] per_target_dir_mismatch_json={"us_Trade Weighted Dollar Index": 0.09090909090909091, "jp_fx": 0.45454545454545453, "kr_fx": 0.18181818181818182}
| end of epoch   4 | time:  4.05s | train_loss 0.0269 | valid rse 7.2727 | valid rae 9.5689 | valid corr  0.3691 | valid smape  0.3460 | focus_rrse 7.8283 | obj 7.8283
Experiment: 1
Iter: 0
epoch: 5
hp= [1, 8.5e-05, 32, 128, 256, 1024, 30, 0.0, 2, 40, 0.6, 0.1, 3, 5]
best sum= 16.472468844907436
best rrse= 7.272661137415276
best rrae= 9.56886670393114
best corr= 0.369059
best smape= 0.3460368190011631
best objective= 7.828304767608643
best hps= [1, 8.5e-05, 32, 128, 256, 1024, 30, 0.0, 2, 40, 0.6, 0.1, 3, 1]
best test rse= 3.3664697156062364
best test corr= 0.18837301
[Target-Weighted Loss] weights applied: {'us_Trade Weighted Dollar Index': 65.0, 'kr_fx': 65.0, 'jp_fx': 65.0}
[Target-Only Loss] enabled for columns: ['us_Trade Weighted Dollar Index', 'jp_fx', 'kr_fx']
[Bias Penalty] enabled lambda=0.45 scope=focus cols=['us_Trade Weighted Dollar Index', 'jp_fx', 'kr_fx']
iter:  0 | loss: 0.020
iter:  1 | loss: 0.022
iter:  2 | loss: 0.014
iter:  3 | loss: 0.021
iter:  4 | loss: 0.017
iter:  5 | loss: 0.047
iter:  6 | loss: 0.025
iter:  7 | loss: 0.033
iter:  8 | loss: 0.023
iter:  9 | loss: 0.013
iter: 10 | loss: 0.053
iter: 11 | loss: 0.022
iter: 12 | loss: 0.012
iter: 13 | loss: 0.014
iter: 14 | loss: 0.040
iter: 15 | loss: 0.034
iter: 16 | loss: 0.016
iter: 17 | loss: 0.026
iter: 18 | loss: 0.024
iter: 19 | loss: 0.023
iter: 20 | loss: 0.036
iter: 21 | loss: 0.034
iter: 22 | loss: 0.016
iter: 23 | loss: 0.030
iter: 24 | loss: 0.031
iter: 25 | loss: 0.019
iter: 26 | loss: 0.027
iter: 27 | loss: 0.026
iter: 28 | loss: 0.038
iter: 29 | loss: 0.020
testing r= 5
rrse(target)=253.64095563414045 / 34.87594854780834 | rrse(all)=151457134315703.22 / 34622966134154.824 | report_mode=targets
[Validation] per_target_rrse_json={"us_Trade Weighted Dollar Index": 3.3342411518096924, "jp_fx": 13.096112251281738, "kr_fx": 7.054561614990234}
[Validation] per_target_lag_mae_json={"us_Trade Weighted Dollar Index": 0.2680872082710266, "jp_fx": 0.9462113976478577, "kr_fx": 4.2131571769714355}
[Validation] per_target_dir_mismatch_json={"us_Trade Weighted Dollar Index": 0.09090909090909091, "jp_fx": 0.45454545454545453, "kr_fx": 0.18181818181818182}
| end of epoch   5 | time:  3.98s | train_loss 0.0259 | valid rse 7.2727 | valid rae 9.5689 | valid corr  0.3691 | valid smape  0.3460 | focus_rrse 7.8283 | obj 7.8283
Experiment: 1
Iter: 0
epoch: 6
hp= [1, 8.5e-05, 32, 128, 256, 1024, 30, 0.0, 2, 40, 0.6, 0.1, 3, 6]
best sum= 16.472468844907436
best rrse= 7.272661137415276
best rrae= 9.56886670393114
best corr= 0.369059
best smape= 0.3460368190011631
best objective= 7.828304767608643
best hps= [1, 8.5e-05, 32, 128, 256, 1024, 30, 0.0, 2, 40, 0.6, 0.1, 3, 1]
best test rse= 3.3664697156062364
best test corr= 0.18837301
[Target-Weighted Loss] weights applied: {'us_Trade Weighted Dollar Index': 65.0, 'kr_fx': 65.0, 'jp_fx': 65.0}
[Target-Only Loss] enabled for columns: ['us_Trade Weighted Dollar Index', 'jp_fx', 'kr_fx']
[Bias Penalty] enabled lambda=0.45 scope=focus cols=['us_Trade Weighted Dollar Index', 'jp_fx', 'kr_fx']
iter:  0 | loss: 0.012
iter:  1 | loss: 0.057
iter:  2 | loss: 0.030
iter:  3 | loss: 0.044
iter:  4 | loss: 0.026
iter:  5 | loss: 0.011
iter:  6 | loss: 0.034
iter:  7 | loss: 0.011
iter:  8 | loss: 0.015
iter:  9 | loss: 0.044
iter: 10 | loss: 0.027
iter: 11 | loss: 0.073
iter: 12 | loss: 0.034
iter: 13 | loss: 0.037
iter: 14 | loss: 0.017
iter: 15 | loss: 0.050
iter: 16 | loss: 0.012
iter: 17 | loss: 0.012
iter: 18 | loss: 0.015
iter: 19 | loss: 0.007
iter: 20 | loss: 0.015
iter: 21 | loss: 0.009
iter: 22 | loss: 0.020
iter: 23 | loss: 0.021
iter: 24 | loss: 0.031
iter: 25 | loss: 0.026
iter: 26 | loss: 0.045
iter: 27 | loss: 0.023
iter: 28 | loss: 0.020
iter: 29 | loss: 0.021
testing r= 5
rrse(target)=253.64095563414045 / 34.87594854780834 | rrse(all)=151457134315703.22 / 34622966134154.824 | report_mode=targets
[Validation] per_target_rrse_json={"us_Trade Weighted Dollar Index": 3.3342411518096924, "jp_fx": 13.096112251281738, "kr_fx": 7.054561614990234}
[Validation] per_target_lag_mae_json={"us_Trade Weighted Dollar Index": 0.2680872082710266, "jp_fx": 0.9462113976478577, "kr_fx": 4.2131571769714355}
[Validation] per_target_dir_mismatch_json={"us_Trade Weighted Dollar Index": 0.09090909090909091, "jp_fx": 0.45454545454545453, "kr_fx": 0.18181818181818182}
| end of epoch   6 | time:  4.13s | train_loss 0.0267 | valid rse 7.2727 | valid rae 9.5689 | valid corr  0.3691 | valid smape  0.3460 | focus_rrse 7.8283 | obj 7.8283
Experiment: 1
Iter: 0
epoch: 7
hp= [1, 8.5e-05, 32, 128, 256, 1024, 30, 0.0, 2, 40, 0.6, 0.1, 3, 7]
best sum= 16.472468844907436
best rrse= 7.272661137415276
best rrae= 9.56886670393114
best corr= 0.369059
best smape= 0.3460368190011631
best objective= 7.828304767608643
best hps= [1, 8.5e-05, 32, 128, 256, 1024, 30, 0.0, 2, 40, 0.6, 0.1, 3, 1]
best test rse= 3.3664697156062364
best test corr= 0.18837301
[Target-Weighted Loss] weights applied: {'us_Trade Weighted Dollar Index': 65.0, 'kr_fx': 65.0, 'jp_fx': 65.0}
[Target-Only Loss] enabled for columns: ['us_Trade Weighted Dollar Index', 'jp_fx', 'kr_fx']
[Bias Penalty] enabled lambda=0.45 scope=focus cols=['us_Trade Weighted Dollar Index', 'jp_fx', 'kr_fx']
iter:  0 | loss: 0.010
iter:  1 | loss: 0.044
iter:  2 | loss: 0.029
iter:  3 | loss: 0.020
iter:  4 | loss: 0.029
iter:  5 | loss: 0.016
iter:  6 | loss: 0.034
iter:  7 | loss: 0.051
iter:  8 | loss: 0.019
iter:  9 | loss: 0.034
iter: 10 | loss: 0.018
iter: 11 | loss: 0.043
iter: 12 | loss: 0.011
iter: 13 | loss: 0.015
iter: 14 | loss: 0.023
iter: 15 | loss: 0.024
iter: 16 | loss: 0.024
iter: 17 | loss: 0.024
iter: 18 | loss: 0.030
iter: 19 | loss: 0.022
iter: 20 | loss: 0.036
iter: 21 | loss: 0.016
iter: 22 | loss: 0.012
iter: 23 | loss: 0.046
iter: 24 | loss: 0.027
iter: 25 | loss: 0.034
iter: 26 | loss: 0.027
iter: 27 | loss: 0.055
iter: 28 | loss: 0.033
iter: 29 | loss: 0.031
testing r= 5
rrse(target)=253.64095563414045 / 34.87594854780834 | rrse(all)=151457134315703.22 / 34622966134154.824 | report_mode=targets
[Validation] per_target_rrse_json={"us_Trade Weighted Dollar Index": 3.3342411518096924, "jp_fx": 13.096112251281738, "kr_fx": 7.054561614990234}
[Validation] per_target_lag_mae_json={"us_Trade Weighted Dollar Index": 0.2680872082710266, "jp_fx": 0.9462113976478577, "kr_fx": 4.2131571769714355}
[Validation] per_target_dir_mismatch_json={"us_Trade Weighted Dollar Index": 0.09090909090909091, "jp_fx": 0.45454545454545453, "kr_fx": 0.18181818181818182}
| end of epoch   7 | time:  4.04s | train_loss 0.0279 | valid rse 7.2727 | valid rae 9.5689 | valid corr  0.3691 | valid smape  0.3460 | focus_rrse 7.8283 | obj 7.8283
Experiment: 1
Iter: 0
epoch: 8
hp= [1, 8.5e-05, 32, 128, 256, 1024, 30, 0.0, 2, 40, 0.6, 0.1, 3, 8]
best sum= 16.472468844907436
best rrse= 7.272661137415276
best rrae= 9.56886670393114
best corr= 0.369059
best smape= 0.3460368190011631
best objective= 7.828304767608643
best hps= [1, 8.5e-05, 32, 128, 256, 1024, 30, 0.0, 2, 40, 0.6, 0.1, 3, 1]
best test rse= 3.3664697156062364
best test corr= 0.18837301
[Target-Weighted Loss] weights applied: {'us_Trade Weighted Dollar Index': 65.0, 'kr_fx': 65.0, 'jp_fx': 65.0}
[Target-Only Loss] enabled for columns: ['us_Trade Weighted Dollar Index', 'jp_fx', 'kr_fx']
[Bias Penalty] enabled lambda=0.45 scope=focus cols=['us_Trade Weighted Dollar Index', 'jp_fx', 'kr_fx']
iter:  0 | loss: 0.030
iter:  1 | loss: 0.070
iter:  2 | loss: 0.018
iter:  3 | loss: 0.023
iter:  4 | loss: 0.035
iter:  5 | loss: 0.027
iter:  6 | loss: 0.053
iter:  7 | loss: 0.031
iter:  8 | loss: 0.008
iter:  9 | loss: 0.010
iter: 10 | loss: 0.019
iter: 11 | loss: 0.014
iter: 12 | loss: 0.025
iter: 13 | loss: 0.015
iter: 14 | loss: 0.023
iter: 15 | loss: 0.030
iter: 16 | loss: 0.033
iter: 17 | loss: 0.013
iter: 18 | loss: 0.026
iter: 19 | loss: 0.051
iter: 20 | loss: 0.042
iter: 21 | loss: 0.018
iter: 22 | loss: 0.023
iter: 23 | loss: 0.022
iter: 24 | loss: 0.020
iter: 25 | loss: 0.027
iter: 26 | loss: 0.023
iter: 27 | loss: 0.023
iter: 28 | loss: 0.036
iter: 29 | loss: 0.018
testing r= 5
rrse(target)=253.64095563414045 / 34.87594854780834 | rrse(all)=151457134315703.22 / 34622966134154.824 | report_mode=targets
[Validation] per_target_rrse_json={"us_Trade Weighted Dollar Index": 3.3342411518096924, "jp_fx": 13.096112251281738, "kr_fx": 7.054561614990234}
[Validation] per_target_lag_mae_json={"us_Trade Weighted Dollar Index": 0.2680872082710266, "jp_fx": 0.9462113976478577, "kr_fx": 4.2131571769714355}
[Validation] per_target_dir_mismatch_json={"us_Trade Weighted Dollar Index": 0.09090909090909091, "jp_fx": 0.45454545454545453, "kr_fx": 0.18181818181818182}
| end of epoch   8 | time:  4.12s | train_loss 0.0269 | valid rse 7.2727 | valid rae 9.5689 | valid corr  0.3691 | valid smape  0.3460 | focus_rrse 7.8283 | obj 7.8283
Experiment: 1
Iter: 0
epoch: 9
hp= [1, 8.5e-05, 32, 128, 256, 1024, 30, 0.0, 2, 40, 0.6, 0.1, 3, 9]
best sum= 16.472468844907436
best rrse= 7.272661137415276
best rrae= 9.56886670393114
best corr= 0.369059
best smape= 0.3460368190011631
best objective= 7.828304767608643
best hps= [1, 8.5e-05, 32, 128, 256, 1024, 30, 0.0, 2, 40, 0.6, 0.1, 3, 1]
best test rse= 3.3664697156062364
best test corr= 0.18837301
[Target-Weighted Loss] weights applied: {'us_Trade Weighted Dollar Index': 65.0, 'kr_fx': 65.0, 'jp_fx': 65.0}
[Target-Only Loss] enabled for columns: ['us_Trade Weighted Dollar Index', 'jp_fx', 'kr_fx']
[Bias Penalty] enabled lambda=0.45 scope=focus cols=['us_Trade Weighted Dollar Index', 'jp_fx', 'kr_fx']
iter:  0 | loss: 0.021
iter:  1 | loss: 0.017
iter:  2 | loss: 0.029
iter:  3 | loss: 0.037
iter:  4 | loss: 0.019
iter:  5 | loss: 0.012
iter:  6 | loss: 0.011
iter:  7 | loss: 0.039
iter:  8 | loss: 0.026
iter:  9 | loss: 0.025
iter: 10 | loss: 0.022
iter: 11 | loss: 0.027
iter: 12 | loss: 0.024
iter: 13 | loss: 0.016
iter: 14 | loss: 0.054
iter: 15 | loss: 0.039
iter: 16 | loss: 0.024
iter: 17 | loss: 0.020
iter: 18 | loss: 0.018
iter: 19 | loss: 0.046
iter: 20 | loss: 0.015
iter: 21 | loss: 0.045
iter: 22 | loss: 0.015
iter: 23 | loss: 0.053
iter: 24 | loss: 0.015
iter: 25 | loss: 0.019
iter: 26 | loss: 0.023
iter: 27 | loss: 0.015
iter: 28 | loss: 0.011
iter: 29 | loss: 0.044
testing r= 5
rrse(target)=253.64095563414045 / 34.87594854780834 | rrse(all)=151457134315703.22 / 34622966134154.824 | report_mode=targets
[Validation] per_target_rrse_json={"us_Trade Weighted Dollar Index": 3.3342411518096924, "jp_fx": 13.096112251281738, "kr_fx": 7.054561614990234}
[Validation] per_target_lag_mae_json={"us_Trade Weighted Dollar Index": 0.2680872082710266, "jp_fx": 0.9462113976478577, "kr_fx": 4.2131571769714355}
[Validation] per_target_dir_mismatch_json={"us_Trade Weighted Dollar Index": 0.09090909090909091, "jp_fx": 0.45454545454545453, "kr_fx": 0.18181818181818182}
| end of epoch   9 | time:  4.12s | train_loss 0.0259 | valid rse 7.2727 | valid rae 9.5689 | valid corr  0.3691 | valid smape  0.3460 | focus_rrse 7.8283 | obj 7.8283
Experiment: 1
Iter: 0
epoch: 10
hp= [1, 8.5e-05, 32, 128, 256, 1024, 30, 0.0, 2, 40, 0.6, 0.1, 3, 10]
best sum= 16.472468844907436
best rrse= 7.272661137415276
best rrae= 9.56886670393114
best corr= 0.369059
best smape= 0.3460368190011631
best objective= 7.828304767608643
best hps= [1, 8.5e-05, 32, 128, 256, 1024, 30, 0.0, 2, 40, 0.6, 0.1, 3, 1]
best test rse= 3.3664697156062364
best test corr= 0.18837301
[Target-Weighted Loss] weights applied: {'us_Trade Weighted Dollar Index': 65.0, 'kr_fx': 65.0, 'jp_fx': 65.0}
[Target-Only Loss] enabled for columns: ['us_Trade Weighted Dollar Index', 'jp_fx', 'kr_fx']
[Bias Penalty] enabled lambda=0.45 scope=focus cols=['us_Trade Weighted Dollar Index', 'jp_fx', 'kr_fx']
iter:  0 | loss: 0.007
iter:  1 | loss: 0.037
iter:  2 | loss: 0.023
iter:  3 | loss: 0.016
iter:  4 | loss: 0.020
iter:  5 | loss: 0.037
iter:  6 | loss: 0.033
iter:  7 | loss: 0.023
iter:  8 | loss: 0.035
iter:  9 | loss: 0.045
iter: 10 | loss: 0.024
iter: 11 | loss: 0.015
iter: 12 | loss: 0.014
iter: 13 | loss: 0.020
iter: 14 | loss: 0.015
iter: 15 | loss: 0.038
iter: 16 | loss: 0.027
iter: 17 | loss: 0.015
iter: 18 | loss: 0.053
iter: 19 | loss: 0.013
iter: 20 | loss: 0.033
iter: 21 | loss: 0.028
iter: 22 | loss: 0.023
iter: 23 | loss: 0.033
iter: 24 | loss: 0.018
iter: 25 | loss: 0.029
iter: 26 | loss: 0.024
iter: 27 | loss: 0.023
iter: 28 | loss: 0.025
iter: 29 | loss: 0.035
testing r= 5
rrse(target)=253.64095563414045 / 34.87594854780834 | rrse(all)=151457134315703.22 / 34622966134154.824 | report_mode=targets
[Validation] per_target_rrse_json={"us_Trade Weighted Dollar Index": 3.3342411518096924, "jp_fx": 13.096112251281738, "kr_fx": 7.054561614990234}
[Validation] per_target_lag_mae_json={"us_Trade Weighted Dollar Index": 0.2680872082710266, "jp_fx": 0.9462113976478577, "kr_fx": 4.2131571769714355}
[Validation] per_target_dir_mismatch_json={"us_Trade Weighted Dollar Index": 0.09090909090909091, "jp_fx": 0.45454545454545453, "kr_fx": 0.18181818181818182}
| end of epoch  10 | time:  4.04s | train_loss 0.0260 | valid rse 7.2727 | valid rae 9.5689 | valid corr  0.3691 | valid smape  0.3460 | focus_rrse 7.8283 | obj 7.8283
Experiment: 1
Iter: 0
epoch: 11
hp= [1, 8.5e-05, 32, 128, 256, 1024, 30, 0.0, 2, 40, 0.6, 0.1, 3, 11]
best sum= 16.472468844907436
best rrse= 7.272661137415276
best rrae= 9.56886670393114
best corr= 0.369059
best smape= 0.3460368190011631
best objective= 7.828304767608643
best hps= [1, 8.5e-05, 32, 128, 256, 1024, 30, 0.0, 2, 40, 0.6, 0.1, 3, 1]
best test rse= 3.3664697156062364
best test corr= 0.18837301
[Target-Weighted Loss] weights applied: {'us_Trade Weighted Dollar Index': 65.0, 'kr_fx': 65.0, 'jp_fx': 65.0}
[Target-Only Loss] enabled for columns: ['us_Trade Weighted Dollar Index', 'jp_fx', 'kr_fx']
[Bias Penalty] enabled lambda=0.45 scope=focus cols=['us_Trade Weighted Dollar Index', 'jp_fx', 'kr_fx']
iter:  0 | loss: 0.018
iter:  1 | loss: 0.013
iter:  2 | loss: 0.039
iter:  3 | loss: 0.022
iter:  4 | loss: 0.033
iter:  5 | loss: 0.021
iter:  6 | loss: 0.027
iter:  7 | loss: 0.022
iter:  8 | loss: 0.016
iter:  9 | loss: 0.031
iter: 10 | loss: 0.011
iter: 11 | loss: 0.038
iter: 12 | loss: 0.022
iter: 13 | loss: 0.018
iter: 14 | loss: 0.041
iter: 15 | loss: 0.039
iter: 16 | loss: 0.044
iter: 17 | loss: 0.025
iter: 18 | loss: 0.023
iter: 19 | loss: 0.031
iter: 20 | loss: 0.010
iter: 21 | loss: 0.024
iter: 22 | loss: 0.023
iter: 23 | loss: 0.044
iter: 24 | loss: 0.012
iter: 25 | loss: 0.019
iter: 26 | loss: 0.051
iter: 27 | loss: 0.032
iter: 28 | loss: 0.026
iter: 29 | loss: 0.008
testing r= 5
rrse(target)=253.64095563414045 / 34.87594854780834 | rrse(all)=151457134315703.22 / 34622966134154.824 | report_mode=targets
[Validation] per_target_rrse_json={"us_Trade Weighted Dollar Index": 3.3342411518096924, "jp_fx": 13.096112251281738, "kr_fx": 7.054561614990234}
[Validation] per_target_lag_mae_json={"us_Trade Weighted Dollar Index": 0.2680872082710266, "jp_fx": 0.9462113976478577, "kr_fx": 4.2131571769714355}
[Validation] per_target_dir_mismatch_json={"us_Trade Weighted Dollar Index": 0.09090909090909091, "jp_fx": 0.45454545454545453, "kr_fx": 0.18181818181818182}
| end of epoch  11 | time:  4.07s | train_loss 0.0263 | valid rse 7.2727 | valid rae 9.5689 | valid corr  0.3691 | valid smape  0.3460 | focus_rrse 7.8283 | obj 7.8283
Experiment: 1
Iter: 0
epoch: 12
hp= [1, 8.5e-05, 32, 128, 256, 1024, 30, 0.0, 2, 40, 0.6, 0.1, 3, 12]
best sum= 16.472468844907436
best rrse= 7.272661137415276
best rrae= 9.56886670393114
best corr= 0.369059
best smape= 0.3460368190011631
best objective= 7.828304767608643
best hps= [1, 8.5e-05, 32, 128, 256, 1024, 30, 0.0, 2, 40, 0.6, 0.1, 3, 1]
best test rse= 3.3664697156062364
best test corr= 0.18837301
[Target-Weighted Loss] weights applied: {'us_Trade Weighted Dollar Index': 65.0, 'kr_fx': 65.0, 'jp_fx': 65.0}
[Target-Only Loss] enabled for columns: ['us_Trade Weighted Dollar Index', 'jp_fx', 'kr_fx']
[Bias Penalty] enabled lambda=0.45 scope=focus cols=['us_Trade Weighted Dollar Index', 'jp_fx', 'kr_fx']
iter:  0 | loss: 0.035
iter:  1 | loss: 0.016
iter:  2 | loss: 0.015
iter:  3 | loss: 0.014
iter:  4 | loss: 0.021
iter:  5 | loss: 0.040
iter:  6 | loss: 0.023
iter:  7 | loss: 0.019
iter:  8 | loss: 0.020
iter:  9 | loss: 0.047
iter: 10 | loss: 0.024
iter: 11 | loss: 0.011
iter: 12 | loss: 0.009
iter: 13 | loss: 0.037
iter: 14 | loss: 0.049
iter: 15 | loss: 0.019
iter: 16 | loss: 0.029
iter: 17 | loss: 0.015
iter: 18 | loss: 0.015
iter: 19 | loss: 0.037
iter: 20 | loss: 0.004
iter: 21 | loss: 0.060
iter: 22 | loss: 0.049
iter: 23 | loss: 0.019
iter: 24 | loss: 0.017
iter: 25 | loss: 0.034
iter: 26 | loss: 0.021
iter: 27 | loss: 0.025
iter: 28 | loss: 0.027
iter: 29 | loss: 0.070
testing r= 5
rrse(target)=253.64095563414045 / 34.87594854780834 | rrse(all)=151457134315703.22 / 34622966134154.824 | report_mode=targets
[Validation] per_target_rrse_json={"us_Trade Weighted Dollar Index": 3.3342411518096924, "jp_fx": 13.096112251281738, "kr_fx": 7.054561614990234}
[Validation] per_target_lag_mae_json={"us_Trade Weighted Dollar Index": 0.2680872082710266, "jp_fx": 0.9462113976478577, "kr_fx": 4.2131571769714355}
[Validation] per_target_dir_mismatch_json={"us_Trade Weighted Dollar Index": 0.09090909090909091, "jp_fx": 0.45454545454545453, "kr_fx": 0.18181818181818182}
| end of epoch  12 | time:  4.05s | train_loss 0.0270 | valid rse 7.2727 | valid rae 9.5689 | valid corr  0.3691 | valid smape  0.3460 | focus_rrse 7.8283 | obj 7.8283
Experiment: 1
Iter: 0
epoch: 13
hp= [1, 8.5e-05, 32, 128, 256, 1024, 30, 0.0, 2, 40, 0.6, 0.1, 3, 13]
best sum= 16.472468844907436
best rrse= 7.272661137415276
best rrae= 9.56886670393114
best corr= 0.369059
best smape= 0.3460368190011631
best objective= 7.828304767608643
best hps= [1, 8.5e-05, 32, 128, 256, 1024, 30, 0.0, 2, 40, 0.6, 0.1, 3, 1]
best test rse= 3.3664697156062364
best test corr= 0.18837301
[Target-Weighted Loss] weights applied: {'us_Trade Weighted Dollar Index': 65.0, 'kr_fx': 65.0, 'jp_fx': 65.0}
[Target-Only Loss] enabled for columns: ['us_Trade Weighted Dollar Index', 'jp_fx', 'kr_fx']
[Bias Penalty] enabled lambda=0.45 scope=focus cols=['us_Trade Weighted Dollar Index', 'jp_fx', 'kr_fx']
iter:  0 | loss: 0.056
iter:  1 | loss: 0.028
iter:  2 | loss: 0.032
iter:  3 | loss: 0.032
iter:  4 | loss: 0.015
iter:  5 | loss: 0.047
iter:  6 | loss: 0.025
iter:  7 | loss: 0.023
iter:  8 | loss: 0.018
iter:  9 | loss: 0.010
iter: 10 | loss: 0.010
iter: 11 | loss: 0.042
iter: 12 | loss: 0.017
iter: 13 | loss: 0.024
iter: 14 | loss: 0.060
iter: 15 | loss: 0.030
iter: 16 | loss: 0.020
iter: 17 | loss: 0.025
iter: 18 | loss: 0.013
iter: 19 | loss: 0.022
iter: 20 | loss: 0.054
iter: 21 | loss: 0.026
iter: 22 | loss: 0.014
iter: 23 | loss: 0.029
iter: 24 | loss: 0.019
iter: 25 | loss: 0.018
iter: 26 | loss: 0.020
iter: 27 | loss: 0.005
iter: 28 | loss: 0.013
iter: 29 | loss: 0.077
testing r= 5
rrse(target)=253.64095563414045 / 34.87594854780834 | rrse(all)=151457134315703.22 / 34622966134154.824 | report_mode=targets
[Validation] per_target_rrse_json={"us_Trade Weighted Dollar Index": 3.3342411518096924, "jp_fx": 13.096112251281738, "kr_fx": 7.054561614990234}
[Validation] per_target_lag_mae_json={"us_Trade Weighted Dollar Index": 0.2680872082710266, "jp_fx": 0.9462113976478577, "kr_fx": 4.2131571769714355}
[Validation] per_target_dir_mismatch_json={"us_Trade Weighted Dollar Index": 0.09090909090909091, "jp_fx": 0.45454545454545453, "kr_fx": 0.18181818181818182}
| end of epoch  13 | time:  4.13s | train_loss 0.0271 | valid rse 7.2727 | valid rae 9.5689 | valid corr  0.3691 | valid smape  0.3460 | focus_rrse 7.8283 | obj 7.8283
Experiment: 1
Iter: 0
epoch: 14
hp= [1, 8.5e-05, 32, 128, 256, 1024, 30, 0.0, 2, 40, 0.6, 0.1, 3, 14]
best sum= 16.472468844907436
best rrse= 7.272661137415276
best rrae= 9.56886670393114
best corr= 0.369059
best smape= 0.3460368190011631
best objective= 7.828304767608643
best hps= [1, 8.5e-05, 32, 128, 256, 1024, 30, 0.0, 2, 40, 0.6, 0.1, 3, 1]
best test rse= 3.3664697156062364
best test corr= 0.18837301
[Target-Weighted Loss] weights applied: {'us_Trade Weighted Dollar Index': 65.0, 'kr_fx': 65.0, 'jp_fx': 65.0}
[Target-Only Loss] enabled for columns: ['us_Trade Weighted Dollar Index', 'jp_fx', 'kr_fx']
[Bias Penalty] enabled lambda=0.45 scope=focus cols=['us_Trade Weighted Dollar Index', 'jp_fx', 'kr_fx']
iter:  0 | loss: 0.026
iter:  1 | loss: 0.030
iter:  2 | loss: 0.028
iter:  3 | loss: 0.023
iter:  4 | loss: 0.015
iter:  5 | loss: 0.014
iter:  6 | loss: 0.014
iter:  7 | loss: 0.020
iter:  8 | loss: 0.041
iter:  9 | loss: 0.035
iter: 10 | loss: 0.044
iter: 11 | loss: 0.020
iter: 12 | loss: 0.037
iter: 13 | loss: 0.016
iter: 14 | loss: 0.026
iter: 15 | loss: 0.020
iter: 16 | loss: 0.015
iter: 17 | loss: 0.018
iter: 18 | loss: 0.009
iter: 19 | loss: 0.040
iter: 20 | loss: 0.041
iter: 21 | loss: 0.026
iter: 22 | loss: 0.039
iter: 23 | loss: 0.020
iter: 24 | loss: 0.025
iter: 25 | loss: 0.018
iter: 26 | loss: 0.025
iter: 27 | loss: 0.027
iter: 28 | loss: 0.053
iter: 29 | loss: 0.022
testing r= 5
rrse(target)=253.64095563414045 / 34.87594854780834 | rrse(all)=151457134315703.22 / 34622966134154.824 | report_mode=targets
[Validation] per_target_rrse_json={"us_Trade Weighted Dollar Index": 3.3342411518096924, "jp_fx": 13.096112251281738, "kr_fx": 7.054561614990234}
[Validation] per_target_lag_mae_json={"us_Trade Weighted Dollar Index": 0.2680872082710266, "jp_fx": 0.9462113976478577, "kr_fx": 4.2131571769714355}
[Validation] per_target_dir_mismatch_json={"us_Trade Weighted Dollar Index": 0.09090909090909091, "jp_fx": 0.45454545454545453, "kr_fx": 0.18181818181818182}
| end of epoch  14 | time:  4.12s | train_loss 0.0262 | valid rse 7.2727 | valid rae 9.5689 | valid corr  0.3691 | valid smape  0.3460 | focus_rrse 7.8283 | obj 7.8283
Experiment: 1
Iter: 0
epoch: 15
hp= [1, 8.5e-05, 32, 128, 256, 1024, 30, 0.0, 2, 40, 0.6, 0.1, 3, 15]
best sum= 16.472468844907436
best rrse= 7.272661137415276
best rrae= 9.56886670393114
best corr= 0.369059
best smape= 0.3460368190011631
best objective= 7.828304767608643
best hps= [1, 8.5e-05, 32, 128, 256, 1024, 30, 0.0, 2, 40, 0.6, 0.1, 3, 1]
best test rse= 3.3664697156062364
best test corr= 0.18837301
[Target-Weighted Loss] weights applied: {'us_Trade Weighted Dollar Index': 65.0, 'kr_fx': 65.0, 'jp_fx': 65.0}
[Target-Only Loss] enabled for columns: ['us_Trade Weighted Dollar Index', 'jp_fx', 'kr_fx']
[Bias Penalty] enabled lambda=0.45 scope=focus cols=['us_Trade Weighted Dollar Index', 'jp_fx', 'kr_fx']
iter:  0 | loss: 0.017
iter:  1 | loss: 0.033
iter:  2 | loss: 0.035
iter:  3 | loss: 0.020
iter:  4 | loss: 0.015
iter:  5 | loss: 0.030
iter:  6 | loss: 0.021
iter:  7 | loss: 0.020
iter:  8 | loss: 0.030
iter:  9 | loss: 0.019
iter: 10 | loss: 0.034
iter: 11 | loss: 0.025
iter: 12 | loss: 0.013
iter: 13 | loss: 0.026
iter: 14 | loss: 0.028
iter: 15 | loss: 0.019
iter: 16 | loss: 0.027
iter: 17 | loss: 0.023
iter: 18 | loss: 0.022
iter: 19 | loss: 0.014
iter: 20 | loss: 0.025
iter: 21 | loss: 0.038
iter: 22 | loss: 0.030
iter: 23 | loss: 0.027
iter: 24 | loss: 0.029
iter: 25 | loss: 0.029
iter: 26 | loss: 0.021
iter: 27 | loss: 0.031
iter: 28 | loss: 0.016
iter: 29 | loss: 0.062
testing r= 5
rrse(target)=253.64095563414045 / 34.87594854780834 | rrse(all)=151457134315703.22 / 34622966134154.824 | report_mode=targets
[Validation] per_target_rrse_json={"us_Trade Weighted Dollar Index": 3.3342411518096924, "jp_fx": 13.096112251281738, "kr_fx": 7.054561614990234}
[Validation] per_target_lag_mae_json={"us_Trade Weighted Dollar Index": 0.2680872082710266, "jp_fx": 0.9462113976478577, "kr_fx": 4.2131571769714355}
[Validation] per_target_dir_mismatch_json={"us_Trade Weighted Dollar Index": 0.09090909090909091, "jp_fx": 0.45454545454545453, "kr_fx": 0.18181818181818182}
| end of epoch  15 | time:  4.25s | train_loss 0.0257 | valid rse 7.2727 | valid rae 9.5689 | valid corr  0.3691 | valid smape  0.3460 | focus_rrse 7.8283 | obj 7.8283
Experiment: 1
Iter: 0
epoch: 16
hp= [1, 8.5e-05, 32, 128, 256, 1024, 30, 0.0, 2, 40, 0.6, 0.1, 3, 16]
best sum= 16.472468844907436
best rrse= 7.272661137415276
best rrae= 9.56886670393114
best corr= 0.369059
best smape= 0.3460368190011631
best objective= 7.828304767608643
best hps= [1, 8.5e-05, 32, 128, 256, 1024, 30, 0.0, 2, 40, 0.6, 0.1, 3, 1]
best test rse= 3.3664697156062364
best test corr= 0.18837301
[Target-Weighted Loss] weights applied: {'us_Trade Weighted Dollar Index': 65.0, 'kr_fx': 65.0, 'jp_fx': 65.0}
[Target-Only Loss] enabled for columns: ['us_Trade Weighted Dollar Index', 'jp_fx', 'kr_fx']
[Bias Penalty] enabled lambda=0.45 scope=focus cols=['us_Trade Weighted Dollar Index', 'jp_fx', 'kr_fx']
iter:  0 | loss: 0.019
iter:  1 | loss: 0.033
iter:  2 | loss: 0.037
iter:  3 | loss: 0.013
iter:  4 | loss: 0.030
iter:  5 | loss: 0.021
iter:  6 | loss: 0.033
iter:  7 | loss: 0.026
iter:  8 | loss: 0.021
iter:  9 | loss: 0.021
iter: 10 | loss: 0.044
iter: 11 | loss: 0.014
iter: 12 | loss: 0.022
iter: 13 | loss: 0.039
iter: 14 | loss: 0.021
iter: 15 | loss: 0.019
iter: 16 | loss: 0.011
iter: 17 | loss: 0.017
iter: 18 | loss: 0.017
iter: 19 | loss: 0.018
iter: 20 | loss: 0.048
iter: 21 | loss: 0.029
iter: 22 | loss: 0.068
iter: 23 | loss: 0.010
iter: 24 | loss: 0.027
iter: 25 | loss: 0.019
iter: 26 | loss: 0.020
iter: 27 | loss: 0.038
iter: 28 | loss: 0.027
iter: 29 | loss: 0.052
testing r= 5
rrse(target)=253.64095563414045 / 34.87594854780834 | rrse(all)=151457134315703.22 / 34622966134154.824 | report_mode=targets
[Validation] per_target_rrse_json={"us_Trade Weighted Dollar Index": 3.3342411518096924, "jp_fx": 13.096112251281738, "kr_fx": 7.054561614990234}
[Validation] per_target_lag_mae_json={"us_Trade Weighted Dollar Index": 0.2680872082710266, "jp_fx": 0.9462113976478577, "kr_fx": 4.2131571769714355}
[Validation] per_target_dir_mismatch_json={"us_Trade Weighted Dollar Index": 0.09090909090909091, "jp_fx": 0.45454545454545453, "kr_fx": 0.18181818181818182}
| end of epoch  16 | time:  4.23s | train_loss 0.0270 | valid rse 7.2727 | valid rae 9.5689 | valid corr  0.3691 | valid smape  0.3460 | focus_rrse 7.8283 | obj 7.8283
Experiment: 1
Iter: 0
epoch: 17
hp= [1, 8.5e-05, 32, 128, 256, 1024, 30, 0.0, 2, 40, 0.6, 0.1, 3, 17]
best sum= 16.472468844907436
best rrse= 7.272661137415276
best rrae= 9.56886670393114
best corr= 0.369059
best smape= 0.3460368190011631
best objective= 7.828304767608643
best hps= [1, 8.5e-05, 32, 128, 256, 1024, 30, 0.0, 2, 40, 0.6, 0.1, 3, 1]
best test rse= 3.3664697156062364
best test corr= 0.18837301
[Target-Weighted Loss] weights applied: {'us_Trade Weighted Dollar Index': 65.0, 'kr_fx': 65.0, 'jp_fx': 65.0}
[Target-Only Loss] enabled for columns: ['us_Trade Weighted Dollar Index', 'jp_fx', 'kr_fx']
[Bias Penalty] enabled lambda=0.45 scope=focus cols=['us_Trade Weighted Dollar Index', 'jp_fx', 'kr_fx']
iter:  0 | loss: 0.014
iter:  1 | loss: 0.008
iter:  2 | loss: 0.032
iter:  3 | loss: 0.018
iter:  4 | loss: 0.012
iter:  5 | loss: 0.016
iter:  6 | loss: 0.036
iter:  7 | loss: 0.023
iter:  8 | loss: 0.035
iter:  9 | loss: 0.038
iter: 10 | loss: 0.029
iter: 11 | loss: 0.019
iter: 12 | loss: 0.051
iter: 13 | loss: 0.011
iter: 14 | loss: 0.025
iter: 15 | loss: 0.015
iter: 16 | loss: 0.018
iter: 17 | loss: 0.012
iter: 18 | loss: 0.008
iter: 19 | loss: 0.015
iter: 20 | loss: 0.023
iter: 21 | loss: 0.062
iter: 22 | loss: 0.042
iter: 23 | loss: 0.045
iter: 24 | loss: 0.057
iter: 25 | loss: 0.019
iter: 26 | loss: 0.023
iter: 27 | loss: 0.034
iter: 28 | loss: 0.020
iter: 29 | loss: 0.029
testing r= 5
rrse(target)=253.64095563414045 / 34.87594854780834 | rrse(all)=151457134315703.22 / 34622966134154.824 | report_mode=targets
[Validation] per_target_rrse_json={"us_Trade Weighted Dollar Index": 3.3342411518096924, "jp_fx": 13.096112251281738, "kr_fx": 7.054561614990234}
[Validation] per_target_lag_mae_json={"us_Trade Weighted Dollar Index": 0.2680872082710266, "jp_fx": 0.9462113976478577, "kr_fx": 4.2131571769714355}
[Validation] per_target_dir_mismatch_json={"us_Trade Weighted Dollar Index": 0.09090909090909091, "jp_fx": 0.45454545454545453, "kr_fx": 0.18181818181818182}
| end of epoch  17 | time:  3.97s | train_loss 0.0263 | valid rse 7.2727 | valid rae 9.5689 | valid corr  0.3691 | valid smape  0.3460 | focus_rrse 7.8283 | obj 7.8283
Experiment: 1
Iter: 0
epoch: 18
hp= [1, 8.5e-05, 32, 128, 256, 1024, 30, 0.0, 2, 40, 0.6, 0.1, 3, 18]
best sum= 16.472468844907436
best rrse= 7.272661137415276
best rrae= 9.56886670393114
best corr= 0.369059
best smape= 0.3460368190011631
best objective= 7.828304767608643
best hps= [1, 8.5e-05, 32, 128, 256, 1024, 30, 0.0, 2, 40, 0.6, 0.1, 3, 1]
best test rse= 3.3664697156062364
best test corr= 0.18837301
[Target-Weighted Loss] weights applied: {'us_Trade Weighted Dollar Index': 65.0, 'kr_fx': 65.0, 'jp_fx': 65.0}
[Target-Only Loss] enabled for columns: ['us_Trade Weighted Dollar Index', 'jp_fx', 'kr_fx']
[Bias Penalty] enabled lambda=0.45 scope=focus cols=['us_Trade Weighted Dollar Index', 'jp_fx', 'kr_fx']
iter:  0 | loss: 0.028
iter:  1 | loss: 0.041
iter:  2 | loss: 0.032
iter:  3 | loss: 0.018
iter:  4 | loss: 0.018
iter:  5 | loss: 0.021
iter:  6 | loss: 0.018
iter:  7 | loss: 0.022
iter:  8 | loss: 0.032
iter:  9 | loss: 0.032
iter: 10 | loss: 0.018
iter: 11 | loss: 0.015
iter: 12 | loss: 0.021
iter: 13 | loss: 0.033
iter: 14 | loss: 0.012
iter: 15 | loss: 0.015
iter: 16 | loss: 0.033
iter: 17 | loss: 0.026
iter: 18 | loss: 0.011
iter: 19 | loss: 0.021
iter: 20 | loss: 0.033
iter: 21 | loss: 0.028
iter: 22 | loss: 0.012
iter: 23 | loss: 0.059
iter: 24 | loss: 0.062
iter: 25 | loss: 0.019
iter: 26 | loss: 0.010
iter: 27 | loss: 0.020
iter: 28 | loss: 0.018
iter: 29 | loss: 0.064
testing r= 5
rrse(target)=253.64095563414045 / 34.87594854780834 | rrse(all)=151457134315703.22 / 34622966134154.824 | report_mode=targets
[Validation] per_target_rrse_json={"us_Trade Weighted Dollar Index": 3.3342411518096924, "jp_fx": 13.096112251281738, "kr_fx": 7.054561614990234}
[Validation] per_target_lag_mae_json={"us_Trade Weighted Dollar Index": 0.2680872082710266, "jp_fx": 0.9462113976478577, "kr_fx": 4.2131571769714355}
[Validation] per_target_dir_mismatch_json={"us_Trade Weighted Dollar Index": 0.09090909090909091, "jp_fx": 0.45454545454545453, "kr_fx": 0.18181818181818182}
| end of epoch  18 | time:  4.02s | train_loss 0.0260 | valid rse 7.2727 | valid rae 9.5689 | valid corr  0.3691 | valid smape  0.3460 | focus_rrse 7.8283 | obj 7.8283
Experiment: 1
Iter: 0
epoch: 19
hp= [1, 8.5e-05, 32, 128, 256, 1024, 30, 0.0, 2, 40, 0.6, 0.1, 3, 19]
best sum= 16.472468844907436
best rrse= 7.272661137415276
best rrae= 9.56886670393114
best corr= 0.369059
best smape= 0.3460368190011631
best objective= 7.828304767608643
best hps= [1, 8.5e-05, 32, 128, 256, 1024, 30, 0.0, 2, 40, 0.6, 0.1, 3, 1]
best test rse= 3.3664697156062364
best test corr= 0.18837301
[Target-Weighted Loss] weights applied: {'us_Trade Weighted Dollar Index': 65.0, 'kr_fx': 65.0, 'jp_fx': 65.0}
[Target-Only Loss] enabled for columns: ['us_Trade Weighted Dollar Index', 'jp_fx', 'kr_fx']
[Bias Penalty] enabled lambda=0.45 scope=focus cols=['us_Trade Weighted Dollar Index', 'jp_fx', 'kr_fx']
iter:  0 | loss: 0.025
iter:  1 | loss: 0.036
iter:  2 | loss: 0.008
iter:  3 | loss: 0.031
iter:  4 | loss: 0.040
iter:  5 | loss: 0.011
iter:  6 | loss: 0.047
iter:  7 | loss: 0.020
iter:  8 | loss: 0.041
iter:  9 | loss: 0.015
iter: 10 | loss: 0.011
iter: 11 | loss: 0.028
iter: 12 | loss: 0.024
iter: 13 | loss: 0.013
iter: 14 | loss: 0.030
iter: 15 | loss: 0.062
iter: 16 | loss: 0.006
iter: 17 | loss: 0.012
iter: 18 | loss: 0.035
iter: 19 | loss: 0.018
iter: 20 | loss: 0.033
iter: 21 | loss: 0.024
iter: 22 | loss: 0.019
iter: 23 | loss: 0.030
iter: 24 | loss: 0.024
iter: 25 | loss: 0.029
iter: 26 | loss: 0.044
iter: 27 | loss: 0.018
iter: 28 | loss: 0.024
iter: 29 | loss: 0.059
testing r= 5
rrse(target)=253.64095563414045 / 34.87594854780834 | rrse(all)=151457134315703.22 / 34622966134154.824 | report_mode=targets
[Validation] per_target_rrse_json={"us_Trade Weighted Dollar Index": 3.3342411518096924, "jp_fx": 13.096112251281738, "kr_fx": 7.054561614990234}
[Validation] per_target_lag_mae_json={"us_Trade Weighted Dollar Index": 0.2680872082710266, "jp_fx": 0.9462113976478577, "kr_fx": 4.2131571769714355}
[Validation] per_target_dir_mismatch_json={"us_Trade Weighted Dollar Index": 0.09090909090909091, "jp_fx": 0.45454545454545453, "kr_fx": 0.18181818181818182}
| end of epoch  19 | time:  4.03s | train_loss 0.0268 | valid rse 7.2727 | valid rae 9.5689 | valid corr  0.3691 | valid smape  0.3460 | focus_rrse 7.8283 | obj 7.8283
Experiment: 1
Iter: 0
epoch: 20
hp= [1, 8.5e-05, 32, 128, 256, 1024, 30, 0.0, 2, 40, 0.6, 0.1, 3, 20]
best sum= 16.472468844907436
best rrse= 7.272661137415276
best rrae= 9.56886670393114
best corr= 0.369059
best smape= 0.3460368190011631
best objective= 7.828304767608643
best hps= [1, 8.5e-05, 32, 128, 256, 1024, 30, 0.0, 2, 40, 0.6, 0.1, 3, 1]
best test rse= 3.3664697156062364
best test corr= 0.18837301
[Target-Weighted Loss] weights applied: {'us_Trade Weighted Dollar Index': 65.0, 'kr_fx': 65.0, 'jp_fx': 65.0}
[Target-Only Loss] enabled for columns: ['us_Trade Weighted Dollar Index', 'jp_fx', 'kr_fx']
[Bias Penalty] enabled lambda=0.45 scope=focus cols=['us_Trade Weighted Dollar Index', 'jp_fx', 'kr_fx']
iter:  0 | loss: 0.029
iter:  1 | loss: 0.020
iter:  2 | loss: 0.014
iter:  3 | loss: 0.022
iter:  4 | loss: 0.021
iter:  5 | loss: 0.008
iter:  6 | loss: 0.030
iter:  7 | loss: 0.035
iter:  8 | loss: 0.025
iter:  9 | loss: 0.028
iter: 10 | loss: 0.031
iter: 11 | loss: 0.032
iter: 12 | loss: 0.060
iter: 13 | loss: 0.021
iter: 14 | loss: 0.037
iter: 15 | loss: 0.032
iter: 16 | loss: 0.042
iter: 17 | loss: 0.021
iter: 18 | loss: 0.027
iter: 19 | loss: 0.016
iter: 20 | loss: 0.038
iter: 21 | loss: 0.019
iter: 22 | loss: 0.010
iter: 23 | loss: 0.026
iter: 24 | loss: 0.038
iter: 25 | loss: 0.009
iter: 26 | loss: 0.027
iter: 27 | loss: 0.020
iter: 28 | loss: 0.040
iter: 29 | loss: 0.024
testing r= 5
rrse(target)=253.64095563414045 / 34.87594854780834 | rrse(all)=151457134315703.22 / 34622966134154.824 | report_mode=targets
[Validation] per_target_rrse_json={"us_Trade Weighted Dollar Index": 3.3342411518096924, "jp_fx": 13.096112251281738, "kr_fx": 7.054561614990234}
[Validation] per_target_lag_mae_json={"us_Trade Weighted Dollar Index": 0.2680872082710266, "jp_fx": 0.9462113976478577, "kr_fx": 4.2131571769714355}
[Validation] per_target_dir_mismatch_json={"us_Trade Weighted Dollar Index": 0.09090909090909091, "jp_fx": 0.45454545454545453, "kr_fx": 0.18181818181818182}
| end of epoch  20 | time:  4.21s | train_loss 0.0268 | valid rse 7.2727 | valid rae 9.5689 | valid corr  0.3691 | valid smape  0.3460 | focus_rrse 7.8283 | obj 7.8283
Experiment: 1
Iter: 0
epoch: 21
hp= [1, 8.5e-05, 32, 128, 256, 1024, 30, 0.0, 2, 40, 0.6, 0.1, 3, 21]
best sum= 16.472468844907436
best rrse= 7.272661137415276
best rrae= 9.56886670393114
best corr= 0.369059
best smape= 0.3460368190011631
best objective= 7.828304767608643
best hps= [1, 8.5e-05, 32, 128, 256, 1024, 30, 0.0, 2, 40, 0.6, 0.1, 3, 1]
best test rse= 3.3664697156062364
best test corr= 0.18837301
[Target-Weighted Loss] weights applied: {'us_Trade Weighted Dollar Index': 65.0, 'kr_fx': 65.0, 'jp_fx': 65.0}
[Target-Only Loss] enabled for columns: ['us_Trade Weighted Dollar Index', 'jp_fx', 'kr_fx']
[Bias Penalty] enabled lambda=0.45 scope=focus cols=['us_Trade Weighted Dollar Index', 'jp_fx', 'kr_fx']
iter:  0 | loss: 0.026
iter:  1 | loss: 0.031
iter:  2 | loss: 0.017
iter:  3 | loss: 0.035
iter:  4 | loss: 0.016
iter:  5 | loss: 0.028
iter:  6 | loss: 0.041
iter:  7 | loss: 0.031
iter:  8 | loss: 0.027
iter:  9 | loss: 0.019
iter: 10 | loss: 0.009
iter: 11 | loss: 0.045
iter: 12 | loss: 0.016
iter: 13 | loss: 0.038
iter: 14 | loss: 0.039
iter: 15 | loss: 0.037
iter: 16 | loss: 0.028
iter: 17 | loss: 0.007
iter: 18 | loss: 0.018
iter: 19 | loss: 0.018
iter: 20 | loss: 0.018
iter: 21 | loss: 0.042
iter: 22 | loss: 0.011
iter: 23 | loss: 0.024
iter: 24 | loss: 0.051
iter: 25 | loss: 0.024
iter: 26 | loss: 0.016
iter: 27 | loss: 0.036
iter: 28 | loss: 0.023
iter: 29 | loss: 0.018
testing r= 5
rrse(target)=253.64095563414045 / 34.87594854780834 | rrse(all)=151457134315703.22 / 34622966134154.824 | report_mode=targets
[Validation] per_target_rrse_json={"us_Trade Weighted Dollar Index": 3.3342411518096924, "jp_fx": 13.096112251281738, "kr_fx": 7.054561614990234}
[Validation] per_target_lag_mae_json={"us_Trade Weighted Dollar Index": 0.2680872082710266, "jp_fx": 0.9462113976478577, "kr_fx": 4.2131571769714355}
[Validation] per_target_dir_mismatch_json={"us_Trade Weighted Dollar Index": 0.09090909090909091, "jp_fx": 0.45454545454545453, "kr_fx": 0.18181818181818182}
| end of epoch  21 | time:  4.72s | train_loss 0.0264 | valid rse 7.2727 | valid rae 9.5689 | valid corr  0.3691 | valid smape  0.3460 | focus_rrse 7.8283 | obj 7.8283
Experiment: 1
Iter: 0
epoch: 22
hp= [1, 8.5e-05, 32, 128, 256, 1024, 30, 0.0, 2, 40, 0.6, 0.1, 3, 22]
best sum= 16.472468844907436
best rrse= 7.272661137415276
best rrae= 9.56886670393114
best corr= 0.369059
best smape= 0.3460368190011631
best objective= 7.828304767608643
best hps= [1, 8.5e-05, 32, 128, 256, 1024, 30, 0.0, 2, 40, 0.6, 0.1, 3, 1]
best test rse= 3.3664697156062364
best test corr= 0.18837301
[Target-Weighted Loss] weights applied: {'us_Trade Weighted Dollar Index': 65.0, 'kr_fx': 65.0, 'jp_fx': 65.0}
[Target-Only Loss] enabled for columns: ['us_Trade Weighted Dollar Index', 'jp_fx', 'kr_fx']
[Bias Penalty] enabled lambda=0.45 scope=focus cols=['us_Trade Weighted Dollar Index', 'jp_fx', 'kr_fx']
iter:  0 | loss: 0.035
iter:  1 | loss: 0.022
iter:  2 | loss: 0.022
iter:  3 | loss: 0.039
iter:  4 | loss: 0.020
iter:  5 | loss: 0.031
iter:  6 | loss: 0.024
iter:  7 | loss: 0.030
iter:  8 | loss: 0.036
iter:  9 | loss: 0.011
iter: 10 | loss: 0.025
iter: 11 | loss: 0.026
iter: 12 | loss: 0.026
iter: 13 | loss: 0.015
iter: 14 | loss: 0.024
iter: 15 | loss: 0.054
iter: 16 | loss: 0.019
iter: 17 | loss: 0.022
iter: 18 | loss: 0.025
iter: 19 | loss: 0.031
iter: 20 | loss: 0.036
iter: 21 | loss: 0.070
iter: 22 | loss: 0.021
iter: 23 | loss: 0.015
iter: 24 | loss: 0.025
iter: 25 | loss: 0.018
iter: 26 | loss: 0.038
iter: 27 | loss: 0.018
iter: 28 | loss: 0.012
iter: 29 | loss: 0.017
testing r= 5
rrse(target)=253.64095563414045 / 34.87594854780834 | rrse(all)=151457134315703.22 / 34622966134154.824 | report_mode=targets
[Validation] per_target_rrse_json={"us_Trade Weighted Dollar Index": 3.3342411518096924, "jp_fx": 13.096112251281738, "kr_fx": 7.054561614990234}
[Validation] per_target_lag_mae_json={"us_Trade Weighted Dollar Index": 0.2680872082710266, "jp_fx": 0.9462113976478577, "kr_fx": 4.2131571769714355}
[Validation] per_target_dir_mismatch_json={"us_Trade Weighted Dollar Index": 0.09090909090909091, "jp_fx": 0.45454545454545453, "kr_fx": 0.18181818181818182}
| end of epoch  22 | time:  4.68s | train_loss 0.0270 | valid rse 7.2727 | valid rae 9.5689 | valid corr  0.3691 | valid smape  0.3460 | focus_rrse 7.8283 | obj 7.8283
Experiment: 1
Iter: 0
epoch: 23
hp= [1, 8.5e-05, 32, 128, 256, 1024, 30, 0.0, 2, 40, 0.6, 0.1, 3, 23]
best sum= 16.472468844907436
best rrse= 7.272661137415276
best rrae= 9.56886670393114
best corr= 0.369059
best smape= 0.3460368190011631
best objective= 7.828304767608643
best hps= [1, 8.5e-05, 32, 128, 256, 1024, 30, 0.0, 2, 40, 0.6, 0.1, 3, 1]
best test rse= 3.3664697156062364
best test corr= 0.18837301
[Target-Weighted Loss] weights applied: {'us_Trade Weighted Dollar Index': 65.0, 'kr_fx': 65.0, 'jp_fx': 65.0}
[Target-Only Loss] enabled for columns: ['us_Trade Weighted Dollar Index', 'jp_fx', 'kr_fx']
[Bias Penalty] enabled lambda=0.45 scope=focus cols=['us_Trade Weighted Dollar Index', 'jp_fx', 'kr_fx']
iter:  0 | loss: 0.025
iter:  1 | loss: 0.034
iter:  2 | loss: 0.050
iter:  3 | loss: 0.018
iter:  4 | loss: 0.026
iter:  5 | loss: 0.021
iter:  6 | loss: 0.011
iter:  7 | loss: 0.025
iter:  8 | loss: 0.032
iter:  9 | loss: 0.036
iter: 10 | loss: 0.044
iter: 11 | loss: 0.049
iter: 12 | loss: 0.009
iter: 13 | loss: 0.012
iter: 14 | loss: 0.031
iter: 15 | loss: 0.018
iter: 16 | loss: 0.052
iter: 17 | loss: 0.020
iter: 18 | loss: 0.036
iter: 19 | loss: 0.017
iter: 20 | loss: 0.013
iter: 21 | loss: 0.038
iter: 22 | loss: 0.023
iter: 23 | loss: 0.008
iter: 24 | loss: 0.020
iter: 25 | loss: 0.019
iter: 26 | loss: 0.042
iter: 27 | loss: 0.028
iter: 28 | loss: 0.014
iter: 29 | loss: 0.029
testing r= 5
rrse(target)=253.64095563414045 / 34.87594854780834 | rrse(all)=151457134315703.22 / 34622966134154.824 | report_mode=targets
[Validation] per_target_rrse_json={"us_Trade Weighted Dollar Index": 3.3342411518096924, "jp_fx": 13.096112251281738, "kr_fx": 7.054561614990234}
[Validation] per_target_lag_mae_json={"us_Trade Weighted Dollar Index": 0.2680872082710266, "jp_fx": 0.9462113976478577, "kr_fx": 4.2131571769714355}
[Validation] per_target_dir_mismatch_json={"us_Trade Weighted Dollar Index": 0.09090909090909091, "jp_fx": 0.45454545454545453, "kr_fx": 0.18181818181818182}
| end of epoch  23 | time:  4.19s | train_loss 0.0267 | valid rse 7.2727 | valid rae 9.5689 | valid corr  0.3691 | valid smape  0.3460 | focus_rrse 7.8283 | obj 7.8283
Experiment: 1
Iter: 0
epoch: 24
hp= [1, 8.5e-05, 32, 128, 256, 1024, 30, 0.0, 2, 40, 0.6, 0.1, 3, 24]
best sum= 16.472468844907436
best rrse= 7.272661137415276
best rrae= 9.56886670393114
best corr= 0.369059
best smape= 0.3460368190011631
best objective= 7.828304767608643
best hps= [1, 8.5e-05, 32, 128, 256, 1024, 30, 0.0, 2, 40, 0.6, 0.1, 3, 1]
best test rse= 3.3664697156062364
best test corr= 0.18837301
[Target-Weighted Loss] weights applied: {'us_Trade Weighted Dollar Index': 65.0, 'kr_fx': 65.0, 'jp_fx': 65.0}
[Target-Only Loss] enabled for columns: ['us_Trade Weighted Dollar Index', 'jp_fx', 'kr_fx']
[Bias Penalty] enabled lambda=0.45 scope=focus cols=['us_Trade Weighted Dollar Index', 'jp_fx', 'kr_fx']
iter:  0 | loss: 0.025
iter:  1 | loss: 0.013
iter:  2 | loss: 0.024
iter:  3 | loss: 0.041
iter:  4 | loss: 0.022
iter:  5 | loss: 0.022
iter:  6 | loss: 0.024
iter:  7 | loss: 0.030
iter:  8 | loss: 0.010
iter:  9 | loss: 0.019
iter: 10 | loss: 0.046
iter: 11 | loss: 0.015
iter: 12 | loss: 0.015
iter: 13 | loss: 0.037
iter: 14 | loss: 0.022
iter: 15 | loss: 0.027
iter: 16 | loss: 0.017
iter: 17 | loss: 0.021
iter: 18 | loss: 0.040
iter: 19 | loss: 0.022
iter: 20 | loss: 0.017
iter: 21 | loss: 0.038
iter: 22 | loss: 0.025
iter: 23 | loss: 0.024
iter: 24 | loss: 0.035
iter: 25 | loss: 0.024
iter: 26 | loss: 0.021
iter: 27 | loss: 0.037
iter: 28 | loss: 0.033
iter: 29 | loss: 0.024
testing r= 5
rrse(target)=253.64095563414045 / 34.87594854780834 | rrse(all)=151457134315703.22 / 34622966134154.824 | report_mode=targets
[Validation] per_target_rrse_json={"us_Trade Weighted Dollar Index": 3.3342411518096924, "jp_fx": 13.096112251281738, "kr_fx": 7.054561614990234}
[Validation] per_target_lag_mae_json={"us_Trade Weighted Dollar Index": 0.2680872082710266, "jp_fx": 0.9462113976478577, "kr_fx": 4.2131571769714355}
[Validation] per_target_dir_mismatch_json={"us_Trade Weighted Dollar Index": 0.09090909090909091, "jp_fx": 0.45454545454545453, "kr_fx": 0.18181818181818182}
| end of epoch  24 | time:  4.03s | train_loss 0.0257 | valid rse 7.2727 | valid rae 9.5689 | valid corr  0.3691 | valid smape  0.3460 | focus_rrse 7.8283 | obj 7.8283
Experiment: 1
Iter: 0
epoch: 25
hp= [1, 8.5e-05, 32, 128, 256, 1024, 30, 0.0, 2, 40, 0.6, 0.1, 3, 25]
best sum= 16.472468844907436
best rrse= 7.272661137415276
best rrae= 9.56886670393114
best corr= 0.369059
best smape= 0.3460368190011631
best objective= 7.828304767608643
best hps= [1, 8.5e-05, 32, 128, 256, 1024, 30, 0.0, 2, 40, 0.6, 0.1, 3, 1]
best test rse= 3.3664697156062364
best test corr= 0.18837301
[Target-Weighted Loss] weights applied: {'us_Trade Weighted Dollar Index': 65.0, 'kr_fx': 65.0, 'jp_fx': 65.0}
[Target-Only Loss] enabled for columns: ['us_Trade Weighted Dollar Index', 'jp_fx', 'kr_fx']
[Bias Penalty] enabled lambda=0.45 scope=focus cols=['us_Trade Weighted Dollar Index', 'jp_fx', 'kr_fx']
iter:  0 | loss: 0.037
iter:  1 | loss: 0.015
iter:  2 | loss: 0.017
iter:  3 | loss: 0.025
iter:  4 | loss: 0.021
iter:  5 | loss: 0.053
iter:  6 | loss: 0.025
iter:  7 | loss: 0.022
iter:  8 | loss: 0.005
iter:  9 | loss: 0.034
iter: 10 | loss: 0.028
iter: 11 | loss: 0.021
iter: 12 | loss: 0.021
iter: 13 | loss: 0.022
iter: 14 | loss: 0.005
iter: 15 | loss: 0.014
iter: 16 | loss: 0.033
iter: 17 | loss: 0.014
iter: 18 | loss: 0.026
iter: 19 | loss: 0.026
iter: 20 | loss: 0.023
iter: 21 | loss: 0.021
iter: 22 | loss: 0.056
iter: 23 | loss: 0.020
iter: 24 | loss: 0.030
iter: 25 | loss: 0.017
iter: 26 | loss: 0.035
iter: 27 | loss: 0.026
iter: 28 | loss: 0.056
iter: 29 | loss: 0.047
testing r= 5
rrse(target)=253.64095563414045 / 34.87594854780834 | rrse(all)=151457134315703.22 / 34622966134154.824 | report_mode=targets
[Validation] per_target_rrse_json={"us_Trade Weighted Dollar Index": 3.3342411518096924, "jp_fx": 13.096112251281738, "kr_fx": 7.054561614990234}
[Validation] per_target_lag_mae_json={"us_Trade Weighted Dollar Index": 0.2680872082710266, "jp_fx": 0.9462113976478577, "kr_fx": 4.2131571769714355}
[Validation] per_target_dir_mismatch_json={"us_Trade Weighted Dollar Index": 0.09090909090909091, "jp_fx": 0.45454545454545453, "kr_fx": 0.18181818181818182}
| end of epoch  25 | time:  4.14s | train_loss 0.0264 | valid rse 7.2727 | valid rae 9.5689 | valid corr  0.3691 | valid smape  0.3460 | focus_rrse 7.8283 | obj 7.8283
Experiment: 1
Iter: 0
epoch: 26
hp= [1, 8.5e-05, 32, 128, 256, 1024, 30, 0.0, 2, 40, 0.6, 0.1, 3, 26]
best sum= 16.472468844907436
best rrse= 7.272661137415276
best rrae= 9.56886670393114
best corr= 0.369059
best smape= 0.3460368190011631
best objective= 7.828304767608643
best hps= [1, 8.5e-05, 32, 128, 256, 1024, 30, 0.0, 2, 40, 0.6, 0.1, 3, 1]
best test rse= 3.3664697156062364
best test corr= 0.18837301
[Target-Weighted Loss] weights applied: {'us_Trade Weighted Dollar Index': 65.0, 'kr_fx': 65.0, 'jp_fx': 65.0}
[Target-Only Loss] enabled for columns: ['us_Trade Weighted Dollar Index', 'jp_fx', 'kr_fx']
[Bias Penalty] enabled lambda=0.45 scope=focus cols=['us_Trade Weighted Dollar Index', 'jp_fx', 'kr_fx']
iter:  0 | loss: 0.029
iter:  1 | loss: 0.043
iter:  2 | loss: 0.030
iter:  3 | loss: 0.016
iter:  4 | loss: 0.027
iter:  5 | loss: 0.018
iter:  6 | loss: 0.010
iter:  7 | loss: 0.025
iter:  8 | loss: 0.029
iter:  9 | loss: 0.013
iter: 10 | loss: 0.020
iter: 11 | loss: 0.019
iter: 12 | loss: 0.031
iter: 13 | loss: 0.015
iter: 14 | loss: 0.012
iter: 15 | loss: 0.027
iter: 16 | loss: 0.039
iter: 17 | loss: 0.057
iter: 18 | loss: 0.043
iter: 19 | loss: 0.022
iter: 20 | loss: 0.019
iter: 21 | loss: 0.024
iter: 22 | loss: 0.018
iter: 23 | loss: 0.029
iter: 24 | loss: 0.051
iter: 25 | loss: 0.029
iter: 26 | loss: 0.012
iter: 27 | loss: 0.024
iter: 28 | loss: 0.045
iter: 29 | loss: 0.022
testing r= 5
rrse(target)=253.64095563414045 / 34.87594854780834 | rrse(all)=151457134315703.22 / 34622966134154.824 | report_mode=targets
[Validation] per_target_rrse_json={"us_Trade Weighted Dollar Index": 3.3342411518096924, "jp_fx": 13.096112251281738, "kr_fx": 7.054561614990234}
[Validation] per_target_lag_mae_json={"us_Trade Weighted Dollar Index": 0.2680872082710266, "jp_fx": 0.9462113976478577, "kr_fx": 4.2131571769714355}
[Validation] per_target_dir_mismatch_json={"us_Trade Weighted Dollar Index": 0.09090909090909091, "jp_fx": 0.45454545454545453, "kr_fx": 0.18181818181818182}
| end of epoch  26 | time:  4.10s | train_loss 0.0267 | valid rse 7.2727 | valid rae 9.5689 | valid corr  0.3691 | valid smape  0.3460 | focus_rrse 7.8283 | obj 7.8283
Experiment: 1
Iter: 0
epoch: 27
hp= [1, 8.5e-05, 32, 128, 256, 1024, 30, 0.0, 2, 40, 0.6, 0.1, 3, 27]
best sum= 16.472468844907436
best rrse= 7.272661137415276
best rrae= 9.56886670393114
best corr= 0.369059
best smape= 0.3460368190011631
best objective= 7.828304767608643
best hps= [1, 8.5e-05, 32, 128, 256, 1024, 30, 0.0, 2, 40, 0.6, 0.1, 3, 1]
best test rse= 3.3664697156062364
best test corr= 0.18837301
[Target-Weighted Loss] weights applied: {'us_Trade Weighted Dollar Index': 65.0, 'kr_fx': 65.0, 'jp_fx': 65.0}
[Target-Only Loss] enabled for columns: ['us_Trade Weighted Dollar Index', 'jp_fx', 'kr_fx']
[Bias Penalty] enabled lambda=0.45 scope=focus cols=['us_Trade Weighted Dollar Index', 'jp_fx', 'kr_fx']
iter:  0 | loss: 0.013
iter:  1 | loss: 0.027
iter:  2 | loss: 0.046
iter:  3 | loss: 0.021
iter:  4 | loss: 0.015
iter:  5 | loss: 0.012
iter:  6 | loss: 0.030
iter:  7 | loss: 0.017
iter:  8 | loss: 0.016
iter:  9 | loss: 0.048
iter: 10 | loss: 0.056
iter: 11 | loss: 0.024
iter: 12 | loss: 0.022
iter: 13 | loss: 0.017
iter: 14 | loss: 0.022
iter: 15 | loss: 0.028
iter: 16 | loss: 0.011
iter: 17 | loss: 0.028
iter: 18 | loss: 0.034
iter: 19 | loss: 0.044
iter: 20 | loss: 0.039
iter: 21 | loss: 0.024
iter: 22 | loss: 0.023
iter: 23 | loss: 0.023
iter: 24 | loss: 0.015
iter: 25 | loss: 0.013
iter: 26 | loss: 0.029
iter: 27 | loss: 0.035
iter: 28 | loss: 0.027
iter: 29 | loss: 0.019
testing r= 5
rrse(target)=253.64095563414045 / 34.87594854780834 | rrse(all)=151457134315703.22 / 34622966134154.824 | report_mode=targets
[Validation] per_target_rrse_json={"us_Trade Weighted Dollar Index": 3.3342411518096924, "jp_fx": 13.096112251281738, "kr_fx": 7.054561614990234}
[Validation] per_target_lag_mae_json={"us_Trade Weighted Dollar Index": 0.2680872082710266, "jp_fx": 0.9462113976478577, "kr_fx": 4.2131571769714355}
[Validation] per_target_dir_mismatch_json={"us_Trade Weighted Dollar Index": 0.09090909090909091, "jp_fx": 0.45454545454545453, "kr_fx": 0.18181818181818182}
| end of epoch  27 | time:  4.11s | train_loss 0.0261 | valid rse 7.2727 | valid rae 9.5689 | valid corr  0.3691 | valid smape  0.3460 | focus_rrse 7.8283 | obj 7.8283
Experiment: 1
Iter: 0
epoch: 28
hp= [1, 8.5e-05, 32, 128, 256, 1024, 30, 0.0, 2, 40, 0.6, 0.1, 3, 28]
best sum= 16.472468844907436
best rrse= 7.272661137415276
best rrae= 9.56886670393114
best corr= 0.369059
best smape= 0.3460368190011631
best objective= 7.828304767608643
best hps= [1, 8.5e-05, 32, 128, 256, 1024, 30, 0.0, 2, 40, 0.6, 0.1, 3, 1]
best test rse= 3.3664697156062364
best test corr= 0.18837301
[Target-Weighted Loss] weights applied: {'us_Trade Weighted Dollar Index': 65.0, 'kr_fx': 65.0, 'jp_fx': 65.0}
[Target-Only Loss] enabled for columns: ['us_Trade Weighted Dollar Index', 'jp_fx', 'kr_fx']
[Bias Penalty] enabled lambda=0.45 scope=focus cols=['us_Trade Weighted Dollar Index', 'jp_fx', 'kr_fx']
iter:  0 | loss: 0.022
iter:  1 | loss: 0.019
iter:  2 | loss: 0.033
iter:  3 | loss: 0.037
iter:  4 | loss: 0.018
iter:  5 | loss: 0.023
iter:  6 | loss: 0.027
iter:  7 | loss: 0.033
iter:  8 | loss: 0.021
iter:  9 | loss: 0.014
iter: 10 | loss: 0.013
iter: 11 | loss: 0.023
iter: 12 | loss: 0.031
iter: 13 | loss: 0.034
iter: 14 | loss: 0.017
iter: 15 | loss: 0.040
iter: 16 | loss: 0.025
iter: 17 | loss: 0.022
iter: 18 | loss: 0.015
iter: 19 | loss: 0.020
iter: 20 | loss: 0.046
iter: 21 | loss: 0.008
iter: 22 | loss: 0.055
iter: 23 | loss: 0.045
iter: 24 | loss: 0.024
iter: 25 | loss: 0.023
iter: 26 | loss: 0.025
iter: 27 | loss: 0.047
iter: 28 | loss: 0.027
iter: 29 | loss: 0.029
testing r= 5
rrse(target)=253.64095563414045 / 34.87594854780834 | rrse(all)=151457134315703.22 / 34622966134154.824 | report_mode=targets
[Validation] per_target_rrse_json={"us_Trade Weighted Dollar Index": 3.3342411518096924, "jp_fx": 13.096112251281738, "kr_fx": 7.054561614990234}
[Validation] per_target_lag_mae_json={"us_Trade Weighted Dollar Index": 0.2680872082710266, "jp_fx": 0.9462113976478577, "kr_fx": 4.2131571769714355}
[Validation] per_target_dir_mismatch_json={"us_Trade Weighted Dollar Index": 0.09090909090909091, "jp_fx": 0.45454545454545453, "kr_fx": 0.18181818181818182}
| end of epoch  28 | time:  3.98s | train_loss 0.0271 | valid rse 7.2727 | valid rae 9.5689 | valid corr  0.3691 | valid smape  0.3460 | focus_rrse 7.8283 | obj 7.8283
Experiment: 1
Iter: 0
epoch: 29
hp= [1, 8.5e-05, 32, 128, 256, 1024, 30, 0.0, 2, 40, 0.6, 0.1, 3, 29]
best sum= 16.472468844907436
best rrse= 7.272661137415276
best rrae= 9.56886670393114
best corr= 0.369059
best smape= 0.3460368190011631
best objective= 7.828304767608643
best hps= [1, 8.5e-05, 32, 128, 256, 1024, 30, 0.0, 2, 40, 0.6, 0.1, 3, 1]
best test rse= 3.3664697156062364
best test corr= 0.18837301
[Target-Weighted Loss] weights applied: {'us_Trade Weighted Dollar Index': 65.0, 'kr_fx': 65.0, 'jp_fx': 65.0}
[Target-Only Loss] enabled for columns: ['us_Trade Weighted Dollar Index', 'jp_fx', 'kr_fx']
[Bias Penalty] enabled lambda=0.45 scope=focus cols=['us_Trade Weighted Dollar Index', 'jp_fx', 'kr_fx']
iter:  0 | loss: 0.050
iter:  1 | loss: 0.019
iter:  2 | loss: 0.053
iter:  3 | loss: 0.026
iter:  4 | loss: 0.026
iter:  5 | loss: 0.022
iter:  6 | loss: 0.016
iter:  7 | loss: 0.017
iter:  8 | loss: 0.039
iter:  9 | loss: 0.036
iter: 10 | loss: 0.015
iter: 11 | loss: 0.044
iter: 12 | loss: 0.016
iter: 13 | loss: 0.031
iter: 14 | loss: 0.016
iter: 15 | loss: 0.020
iter: 16 | loss: 0.040
iter: 17 | loss: 0.009
iter: 18 | loss: 0.018
iter: 19 | loss: 0.037
iter: 20 | loss: 0.050
iter: 21 | loss: 0.033
iter: 22 | loss: 0.015
iter: 23 | loss: 0.026
iter: 24 | loss: 0.013
iter: 25 | loss: 0.010
iter: 26 | loss: 0.019
iter: 27 | loss: 0.020
iter: 28 | loss: 0.029
iter: 29 | loss: 0.022
testing r= 5
rrse(target)=253.64095563414045 / 34.87594854780834 | rrse(all)=151457134315703.22 / 34622966134154.824 | report_mode=targets
[Validation] per_target_rrse_json={"us_Trade Weighted Dollar Index": 3.3342411518096924, "jp_fx": 13.096112251281738, "kr_fx": 7.054561614990234}
[Validation] per_target_lag_mae_json={"us_Trade Weighted Dollar Index": 0.2680872082710266, "jp_fx": 0.9462113976478577, "kr_fx": 4.2131571769714355}
[Validation] per_target_dir_mismatch_json={"us_Trade Weighted Dollar Index": 0.09090909090909091, "jp_fx": 0.45454545454545453, "kr_fx": 0.18181818181818182}
| end of epoch  29 | time:  4.57s | train_loss 0.0262 | valid rse 7.2727 | valid rae 9.5689 | valid corr  0.3691 | valid smape  0.3460 | focus_rrse 7.8283 | obj 7.8283
Experiment: 1
Iter: 0
epoch: 30
hp= [1, 8.5e-05, 32, 128, 256, 1024, 30, 0.0, 2, 40, 0.6, 0.1, 3, 30]
best sum= 16.472468844907436
best rrse= 7.272661137415276
best rrae= 9.56886670393114
best corr= 0.369059
best smape= 0.3460368190011631
best objective= 7.828304767608643
best hps= [1, 8.5e-05, 32, 128, 256, 1024, 30, 0.0, 2, 40, 0.6, 0.1, 3, 1]
best test rse= 3.3664697156062364
best test corr= 0.18837301
[Target-Weighted Loss] weights applied: {'us_Trade Weighted Dollar Index': 65.0, 'kr_fx': 65.0, 'jp_fx': 65.0}
[Target-Only Loss] enabled for columns: ['us_Trade Weighted Dollar Index', 'jp_fx', 'kr_fx']
[Bias Penalty] enabled lambda=0.45 scope=focus cols=['us_Trade Weighted Dollar Index', 'jp_fx', 'kr_fx']
iter:  0 | loss: 0.016
iter:  1 | loss: 0.026
iter:  2 | loss: 0.055
iter:  3 | loss: 0.014
iter:  4 | loss: 0.018
iter:  5 | loss: 0.021
iter:  6 | loss: 0.012
iter:  7 | loss: 0.022
iter:  8 | loss: 0.043
iter:  9 | loss: 0.012
iter: 10 | loss: 0.026
iter: 11 | loss: 0.012
iter: 12 | loss: 0.033
iter: 13 | loss: 0.029
iter: 14 | loss: 0.053
iter: 15 | loss: 0.038
iter: 16 | loss: 0.027
iter: 17 | loss: 0.033
iter: 18 | loss: 0.016
iter: 19 | loss: 0.033
iter: 20 | loss: 0.037
iter: 21 | loss: 0.016
iter: 22 | loss: 0.023
iter: 23 | loss: 0.015
iter: 24 | loss: 0.026
iter: 25 | loss: 0.016
iter: 26 | loss: 0.018
iter: 27 | loss: 0.067
iter: 28 | loss: 0.038
iter: 29 | loss: 0.009
testing r= 5
rrse(target)=253.64095563414045 / 34.87594854780834 | rrse(all)=151457134315703.22 / 34622966134154.824 | report_mode=targets
[Validation] per_target_rrse_json={"us_Trade Weighted Dollar Index": 3.3342411518096924, "jp_fx": 13.096112251281738, "kr_fx": 7.054561614990234}
[Validation] per_target_lag_mae_json={"us_Trade Weighted Dollar Index": 0.2680872082710266, "jp_fx": 0.9462113976478577, "kr_fx": 4.2131571769714355}
[Validation] per_target_dir_mismatch_json={"us_Trade Weighted Dollar Index": 0.09090909090909091, "jp_fx": 0.45454545454545453, "kr_fx": 0.18181818181818182}
| end of epoch  30 | time:  4.36s | train_loss 0.0271 | valid rse 7.2727 | valid rae 9.5689 | valid corr  0.3691 | valid smape  0.3460 | focus_rrse 7.8283 | obj 7.8283
Experiment: 1
Iter: 0
epoch: 31
hp= [1, 8.5e-05, 32, 128, 256, 1024, 30, 0.0, 2, 40, 0.6, 0.1, 3, 31]
best sum= 16.472468844907436
best rrse= 7.272661137415276
best rrae= 9.56886670393114
best corr= 0.369059
best smape= 0.3460368190011631
best objective= 7.828304767608643
best hps= [1, 8.5e-05, 32, 128, 256, 1024, 30, 0.0, 2, 40, 0.6, 0.1, 3, 1]
best test rse= 3.3664697156062364
best test corr= 0.18837301
[Target-Weighted Loss] weights applied: {'us_Trade Weighted Dollar Index': 65.0, 'kr_fx': 65.0, 'jp_fx': 65.0}
[Target-Only Loss] enabled for columns: ['us_Trade Weighted Dollar Index', 'jp_fx', 'kr_fx']
[Bias Penalty] enabled lambda=0.45 scope=focus cols=['us_Trade Weighted Dollar Index', 'jp_fx', 'kr_fx']
iter:  0 | loss: 0.017
iter:  1 | loss: 0.016
iter:  2 | loss: 0.019
iter:  3 | loss: 0.021
iter:  4 | loss: 0.025
iter:  5 | loss: 0.014
iter:  6 | loss: 0.016
iter:  7 | loss: 0.025
iter:  8 | loss: 0.065
iter:  9 | loss: 0.023
iter: 10 | loss: 0.036
iter: 11 | loss: 0.041
iter: 12 | loss: 0.019
iter: 13 | loss: 0.012
iter: 14 | loss: 0.045
iter: 15 | loss: 0.020
iter: 16 | loss: 0.019
iter: 17 | loss: 0.041
iter: 18 | loss: 0.025
iter: 19 | loss: 0.032
iter: 20 | loss: 0.029
iter: 21 | loss: 0.021
iter: 22 | loss: 0.010
iter: 23 | loss: 0.017
iter: 24 | loss: 0.011
iter: 25 | loss: 0.071
iter: 26 | loss: 0.041
iter: 27 | loss: 0.039
iter: 28 | loss: 0.015
iter: 29 | loss: 0.025
testing r= 5
rrse(target)=253.64095563414045 / 34.87594854780834 | rrse(all)=151457134315703.22 / 34622966134154.824 | report_mode=targets
[Validation] per_target_rrse_json={"us_Trade Weighted Dollar Index": 3.3342411518096924, "jp_fx": 13.096112251281738, "kr_fx": 7.054561614990234}
[Validation] per_target_lag_mae_json={"us_Trade Weighted Dollar Index": 0.2680872082710266, "jp_fx": 0.9462113976478577, "kr_fx": 4.2131571769714355}
[Validation] per_target_dir_mismatch_json={"us_Trade Weighted Dollar Index": 0.09090909090909091, "jp_fx": 0.45454545454545453, "kr_fx": 0.18181818181818182}
| end of epoch  31 | time:  4.04s | train_loss 0.0270 | valid rse 7.2727 | valid rae 9.5689 | valid corr  0.3691 | valid smape  0.3460 | focus_rrse 7.8283 | obj 7.8283
Experiment: 1
Iter: 0
epoch: 32
hp= [1, 8.5e-05, 32, 128, 256, 1024, 30, 0.0, 2, 40, 0.6, 0.1, 3, 32]
best sum= 16.472468844907436
best rrse= 7.272661137415276
best rrae= 9.56886670393114
best corr= 0.369059
best smape= 0.3460368190011631
best objective= 7.828304767608643
best hps= [1, 8.5e-05, 32, 128, 256, 1024, 30, 0.0, 2, 40, 0.6, 0.1, 3, 1]
best test rse= 3.3664697156062364
best test corr= 0.18837301
[Target-Weighted Loss] weights applied: {'us_Trade Weighted Dollar Index': 65.0, 'kr_fx': 65.0, 'jp_fx': 65.0}
[Target-Only Loss] enabled for columns: ['us_Trade Weighted Dollar Index', 'jp_fx', 'kr_fx']
[Bias Penalty] enabled lambda=0.45 scope=focus cols=['us_Trade Weighted Dollar Index', 'jp_fx', 'kr_fx']
iter:  0 | loss: 0.059
iter:  1 | loss: 0.030
iter:  2 | loss: 0.006
iter:  3 | loss: 0.016
iter:  4 | loss: 0.042
iter:  5 | loss: 0.044
iter:  6 | loss: 0.024
iter:  7 | loss: 0.026
iter:  8 | loss: 0.017
iter:  9 | loss: 0.025
iter: 10 | loss: 0.029
iter: 11 | loss: 0.038
iter: 12 | loss: 0.013
iter: 13 | loss: 0.013
iter: 14 | loss: 0.027
iter: 15 | loss: 0.021
iter: 16 | loss: 0.022
iter: 17 | loss: 0.029
iter: 18 | loss: 0.017
iter: 19 | loss: 0.018
iter: 20 | loss: 0.034
iter: 21 | loss: 0.016
iter: 22 | loss: 0.043
iter: 23 | loss: 0.035
iter: 24 | loss: 0.026
iter: 25 | loss: 0.018
iter: 26 | loss: 0.022
iter: 27 | loss: 0.032
iter: 28 | loss: 0.018
iter: 29 | loss: 0.036
testing r= 5
rrse(target)=253.64095563414045 / 34.87594854780834 | rrse(all)=151457134315703.22 / 34622966134154.824 | report_mode=targets
[Validation] per_target_rrse_json={"us_Trade Weighted Dollar Index": 3.3342411518096924, "jp_fx": 13.096112251281738, "kr_fx": 7.054561614990234}
[Validation] per_target_lag_mae_json={"us_Trade Weighted Dollar Index": 0.2680872082710266, "jp_fx": 0.9462113976478577, "kr_fx": 4.2131571769714355}
[Validation] per_target_dir_mismatch_json={"us_Trade Weighted Dollar Index": 0.09090909090909091, "jp_fx": 0.45454545454545453, "kr_fx": 0.18181818181818182}
| end of epoch  32 | time:  4.32s | train_loss 0.0264 | valid rse 7.2727 | valid rae 9.5689 | valid corr  0.3691 | valid smape  0.3460 | focus_rrse 7.8283 | obj 7.8283
Experiment: 1
Iter: 0
epoch: 33
hp= [1, 8.5e-05, 32, 128, 256, 1024, 30, 0.0, 2, 40, 0.6, 0.1, 3, 33]
best sum= 16.472468844907436
best rrse= 7.272661137415276
best rrae= 9.56886670393114
best corr= 0.369059
best smape= 0.3460368190011631
best objective= 7.828304767608643
best hps= [1, 8.5e-05, 32, 128, 256, 1024, 30, 0.0, 2, 40, 0.6, 0.1, 3, 1]
best test rse= 3.3664697156062364
best test corr= 0.18837301
[Target-Weighted Loss] weights applied: {'us_Trade Weighted Dollar Index': 65.0, 'kr_fx': 65.0, 'jp_fx': 65.0}
[Target-Only Loss] enabled for columns: ['us_Trade Weighted Dollar Index', 'jp_fx', 'kr_fx']
[Bias Penalty] enabled lambda=0.45 scope=focus cols=['us_Trade Weighted Dollar Index', 'jp_fx', 'kr_fx']
iter:  0 | loss: 0.017
iter:  1 | loss: 0.028
iter:  2 | loss: 0.020
iter:  3 | loss: 0.015
iter:  4 | loss: 0.037
iter:  5 | loss: 0.009
iter:  6 | loss: 0.016
iter:  7 | loss: 0.029
iter:  8 | loss: 0.020
iter:  9 | loss: 0.015
iter: 10 | loss: 0.025
iter: 11 | loss: 0.013
iter: 12 | loss: 0.037
iter: 13 | loss: 0.030
iter: 14 | loss: 0.039
iter: 15 | loss: 0.019
iter: 16 | loss: 0.035
iter: 17 | loss: 0.035
iter: 18 | loss: 0.014
iter: 19 | loss: 0.014
iter: 20 | loss: 0.020
iter: 21 | loss: 0.020
iter: 22 | loss: 0.045
iter: 23 | loss: 0.067
iter: 24 | loss: 0.030
iter: 25 | loss: 0.035
iter: 26 | loss: 0.015
iter: 27 | loss: 0.031
iter: 28 | loss: 0.025
iter: 29 | loss: 0.041
testing r= 5
rrse(target)=253.64095563414045 / 34.87594854780834 | rrse(all)=151457134315703.22 / 34622966134154.824 | report_mode=targets
[Validation] per_target_rrse_json={"us_Trade Weighted Dollar Index": 3.3342411518096924, "jp_fx": 13.096112251281738, "kr_fx": 7.054561614990234}
[Validation] per_target_lag_mae_json={"us_Trade Weighted Dollar Index": 0.2680872082710266, "jp_fx": 0.9462113976478577, "kr_fx": 4.2131571769714355}
[Validation] per_target_dir_mismatch_json={"us_Trade Weighted Dollar Index": 0.09090909090909091, "jp_fx": 0.45454545454545453, "kr_fx": 0.18181818181818182}
| end of epoch  33 | time:  4.45s | train_loss 0.0265 | valid rse 7.2727 | valid rae 9.5689 | valid corr  0.3691 | valid smape  0.3460 | focus_rrse 7.8283 | obj 7.8283
Experiment: 1
Iter: 0
epoch: 34
hp= [1, 8.5e-05, 32, 128, 256, 1024, 30, 0.0, 2, 40, 0.6, 0.1, 3, 34]
best sum= 16.472468844907436
best rrse= 7.272661137415276
best rrae= 9.56886670393114
best corr= 0.369059
best smape= 0.3460368190011631
best objective= 7.828304767608643
best hps= [1, 8.5e-05, 32, 128, 256, 1024, 30, 0.0, 2, 40, 0.6, 0.1, 3, 1]
best test rse= 3.3664697156062364
best test corr= 0.18837301
[Target-Weighted Loss] weights applied: {'us_Trade Weighted Dollar Index': 65.0, 'kr_fx': 65.0, 'jp_fx': 65.0}
[Target-Only Loss] enabled for columns: ['us_Trade Weighted Dollar Index', 'jp_fx', 'kr_fx']
[Bias Penalty] enabled lambda=0.45 scope=focus cols=['us_Trade Weighted Dollar Index', 'jp_fx', 'kr_fx']
iter:  0 | loss: 0.020
iter:  1 | loss: 0.015
iter:  2 | loss: 0.039
iter:  3 | loss: 0.013
iter:  4 | loss: 0.027
iter:  5 | loss: 0.017
iter:  6 | loss: 0.014
iter:  7 | loss: 0.021
iter:  8 | loss: 0.035
iter:  9 | loss: 0.052
iter: 10 | loss: 0.013
iter: 11 | loss: 0.020
iter: 12 | loss: 0.017
iter: 13 | loss: 0.037
iter: 14 | loss: 0.034
iter: 15 | loss: 0.027
iter: 16 | loss: 0.011
iter: 17 | loss: 0.034
iter: 18 | loss: 0.030
iter: 19 | loss: 0.027
iter: 20 | loss: 0.040
iter: 21 | loss: 0.030
iter: 22 | loss: 0.027
iter: 23 | loss: 0.034
iter: 24 | loss: 0.025
iter: 25 | loss: 0.022
iter: 26 | loss: 0.026
iter: 27 | loss: 0.037
iter: 28 | loss: 0.023
iter: 29 | loss: 0.014
testing r= 5
rrse(target)=253.64095563414045 / 34.87594854780834 | rrse(all)=151457134315703.22 / 34622966134154.824 | report_mode=targets
[Validation] per_target_rrse_json={"us_Trade Weighted Dollar Index": 3.3342411518096924, "jp_fx": 13.096112251281738, "kr_fx": 7.054561614990234}
[Validation] per_target_lag_mae_json={"us_Trade Weighted Dollar Index": 0.2680872082710266, "jp_fx": 0.9462113976478577, "kr_fx": 4.2131571769714355}
[Validation] per_target_dir_mismatch_json={"us_Trade Weighted Dollar Index": 0.09090909090909091, "jp_fx": 0.45454545454545453, "kr_fx": 0.18181818181818182}
| end of epoch  34 | time:  5.05s | train_loss 0.0261 | valid rse 7.2727 | valid rae 9.5689 | valid corr  0.3691 | valid smape  0.3460 | focus_rrse 7.8283 | obj 7.8283
Experiment: 1
Iter: 0
epoch: 35
hp= [1, 8.5e-05, 32, 128, 256, 1024, 30, 0.0, 2, 40, 0.6, 0.1, 3, 35]
best sum= 16.472468844907436
best rrse= 7.272661137415276
best rrae= 9.56886670393114
best corr= 0.369059
best smape= 0.3460368190011631
best objective= 7.828304767608643
best hps= [1, 8.5e-05, 32, 128, 256, 1024, 30, 0.0, 2, 40, 0.6, 0.1, 3, 1]
best test rse= 3.3664697156062364
best test corr= 0.18837301
[Target-Weighted Loss] weights applied: {'us_Trade Weighted Dollar Index': 65.0, 'kr_fx': 65.0, 'jp_fx': 65.0}
[Target-Only Loss] enabled for columns: ['us_Trade Weighted Dollar Index', 'jp_fx', 'kr_fx']
[Bias Penalty] enabled lambda=0.45 scope=focus cols=['us_Trade Weighted Dollar Index', 'jp_fx', 'kr_fx']
iter:  0 | loss: 0.040
iter:  1 | loss: 0.033
iter:  2 | loss: 0.031
iter:  3 | loss: 0.017
iter:  4 | loss: 0.024
iter:  5 | loss: 0.044
iter:  6 | loss: 0.038
iter:  7 | loss: 0.019
iter:  8 | loss: 0.020
iter:  9 | loss: 0.016
iter: 10 | loss: 0.030
iter: 11 | loss: 0.028
iter: 12 | loss: 0.019
iter: 13 | loss: 0.013
iter: 14 | loss: 0.029
iter: 15 | loss: 0.032
iter: 16 | loss: 0.013
iter: 17 | loss: 0.013
iter: 18 | loss: 0.012
iter: 19 | loss: 0.021
iter: 20 | loss: 0.017
iter: 21 | loss: 0.037
iter: 22 | loss: 0.036
iter: 23 | loss: 0.026
iter: 24 | loss: 0.033
iter: 25 | loss: 0.041
iter: 26 | loss: 0.024
iter: 27 | loss: 0.038
iter: 28 | loss: 0.009
iter: 29 | loss: 0.014
testing r= 5
rrse(target)=253.64095563414045 / 34.87594854780834 | rrse(all)=151457134315703.22 / 34622966134154.824 | report_mode=targets
[Validation] per_target_rrse_json={"us_Trade Weighted Dollar Index": 3.3342411518096924, "jp_fx": 13.096112251281738, "kr_fx": 7.054561614990234}
[Validation] per_target_lag_mae_json={"us_Trade Weighted Dollar Index": 0.2680872082710266, "jp_fx": 0.9462113976478577, "kr_fx": 4.2131571769714355}
[Validation] per_target_dir_mismatch_json={"us_Trade Weighted Dollar Index": 0.09090909090909091, "jp_fx": 0.45454545454545453, "kr_fx": 0.18181818181818182}
| end of epoch  35 | time:  4.64s | train_loss 0.0256 | valid rse 7.2727 | valid rae 9.5689 | valid corr  0.3691 | valid smape  0.3460 | focus_rrse 7.8283 | obj 7.8283
Experiment: 1
Iter: 0
epoch: 36
hp= [1, 8.5e-05, 32, 128, 256, 1024, 30, 0.0, 2, 40, 0.6, 0.1, 3, 36]
best sum= 16.472468844907436
best rrse= 7.272661137415276
best rrae= 9.56886670393114
best corr= 0.369059
best smape= 0.3460368190011631
best objective= 7.828304767608643
best hps= [1, 8.5e-05, 32, 128, 256, 1024, 30, 0.0, 2, 40, 0.6, 0.1, 3, 1]
best test rse= 3.3664697156062364
best test corr= 0.18837301
[Target-Weighted Loss] weights applied: {'us_Trade Weighted Dollar Index': 65.0, 'kr_fx': 65.0, 'jp_fx': 65.0}
[Target-Only Loss] enabled for columns: ['us_Trade Weighted Dollar Index', 'jp_fx', 'kr_fx']
[Bias Penalty] enabled lambda=0.45 scope=focus cols=['us_Trade Weighted Dollar Index', 'jp_fx', 'kr_fx']
iter:  0 | loss: 0.021
iter:  1 | loss: 0.031
iter:  2 | loss: 0.022
iter:  3 | loss: 0.026
iter:  4 | loss: 0.037
iter:  5 | loss: 0.021
iter:  6 | loss: 0.048
iter:  7 | loss: 0.024
iter:  8 | loss: 0.018
iter:  9 | loss: 0.017
iter: 10 | loss: 0.030
iter: 11 | loss: 0.008
iter: 12 | loss: 0.037
iter: 13 | loss: 0.009
iter: 14 | loss: 0.009
iter: 15 | loss: 0.023
iter: 16 | loss: 0.021
iter: 17 | loss: 0.023
iter: 18 | loss: 0.021
iter: 19 | loss: 0.016
iter: 20 | loss: 0.030
iter: 21 | loss: 0.017
iter: 22 | loss: 0.035
iter: 23 | loss: 0.032
iter: 24 | loss: 0.027
iter: 25 | loss: 0.021
iter: 26 | loss: 0.036
iter: 27 | loss: 0.033
iter: 28 | loss: 0.022
iter: 29 | loss: 0.083
testing r= 5
rrse(target)=253.64095563414045 / 34.87594854780834 | rrse(all)=151457134315703.22 / 34622966134154.824 | report_mode=targets
[Validation] per_target_rrse_json={"us_Trade Weighted Dollar Index": 3.3342411518096924, "jp_fx": 13.096112251281738, "kr_fx": 7.054561614990234}
[Validation] per_target_lag_mae_json={"us_Trade Weighted Dollar Index": 0.2680872082710266, "jp_fx": 0.9462113976478577, "kr_fx": 4.2131571769714355}
[Validation] per_target_dir_mismatch_json={"us_Trade Weighted Dollar Index": 0.09090909090909091, "jp_fx": 0.45454545454545453, "kr_fx": 0.18181818181818182}
| end of epoch  36 | time:  4.50s | train_loss 0.0262 | valid rse 7.2727 | valid rae 9.5689 | valid corr  0.3691 | valid smape  0.3460 | focus_rrse 7.8283 | obj 7.8283
Experiment: 1
Iter: 0
epoch: 37
hp= [1, 8.5e-05, 32, 128, 256, 1024, 30, 0.0, 2, 40, 0.6, 0.1, 3, 37]
best sum= 16.472468844907436
best rrse= 7.272661137415276
best rrae= 9.56886670393114
best corr= 0.369059
best smape= 0.3460368190011631
best objective= 7.828304767608643
best hps= [1, 8.5e-05, 32, 128, 256, 1024, 30, 0.0, 2, 40, 0.6, 0.1, 3, 1]
best test rse= 3.3664697156062364
best test corr= 0.18837301
[Target-Weighted Loss] weights applied: {'us_Trade Weighted Dollar Index': 65.0, 'kr_fx': 65.0, 'jp_fx': 65.0}
[Target-Only Loss] enabled for columns: ['us_Trade Weighted Dollar Index', 'jp_fx', 'kr_fx']
[Bias Penalty] enabled lambda=0.45 scope=focus cols=['us_Trade Weighted Dollar Index', 'jp_fx', 'kr_fx']
iter:  0 | loss: 0.018
iter:  1 | loss: 0.056
iter:  2 | loss: 0.037
iter:  3 | loss: 0.041
iter:  4 | loss: 0.009
iter:  5 | loss: 0.034
iter:  6 | loss: 0.029
iter:  7 | loss: 0.017
iter:  8 | loss: 0.027
iter:  9 | loss: 0.033
iter: 10 | loss: 0.027
iter: 11 | loss: 0.052
iter: 12 | loss: 0.025
iter: 13 | loss: 0.039
iter: 14 | loss: 0.018
iter: 15 | loss: 0.042
iter: 16 | loss: 0.011
iter: 17 | loss: 0.010
iter: 18 | loss: 0.019
iter: 19 | loss: 0.017
iter: 20 | loss: 0.024
iter: 21 | loss: 0.029
iter: 22 | loss: 0.026
iter: 23 | loss: 0.027
iter: 24 | loss: 0.038
iter: 25 | loss: 0.009
iter: 26 | loss: 0.014
iter: 27 | loss: 0.013
iter: 28 | loss: 0.021
iter: 29 | loss: 0.045
testing r= 5
rrse(target)=253.64095563414045 / 34.87594854780834 | rrse(all)=151457134315703.22 / 34622966134154.824 | report_mode=targets
[Validation] per_target_rrse_json={"us_Trade Weighted Dollar Index": 3.3342411518096924, "jp_fx": 13.096112251281738, "kr_fx": 7.054561614990234}
[Validation] per_target_lag_mae_json={"us_Trade Weighted Dollar Index": 0.2680872082710266, "jp_fx": 0.9462113976478577, "kr_fx": 4.2131571769714355}
[Validation] per_target_dir_mismatch_json={"us_Trade Weighted Dollar Index": 0.09090909090909091, "jp_fx": 0.45454545454545453, "kr_fx": 0.18181818181818182}
| end of epoch  37 | time:  4.81s | train_loss 0.0268 | valid rse 7.2727 | valid rae 9.5689 | valid corr  0.3691 | valid smape  0.3460 | focus_rrse 7.8283 | obj 7.8283
Experiment: 1
Iter: 0
epoch: 38
hp= [1, 8.5e-05, 32, 128, 256, 1024, 30, 0.0, 2, 40, 0.6, 0.1, 3, 38]
best sum= 16.472468844907436
best rrse= 7.272661137415276
best rrae= 9.56886670393114
best corr= 0.369059
best smape= 0.3460368190011631
best objective= 7.828304767608643
best hps= [1, 8.5e-05, 32, 128, 256, 1024, 30, 0.0, 2, 40, 0.6, 0.1, 3, 1]
best test rse= 3.3664697156062364
best test corr= 0.18837301
[Target-Weighted Loss] weights applied: {'us_Trade Weighted Dollar Index': 65.0, 'kr_fx': 65.0, 'jp_fx': 65.0}
[Target-Only Loss] enabled for columns: ['us_Trade Weighted Dollar Index', 'jp_fx', 'kr_fx']
[Bias Penalty] enabled lambda=0.45 scope=focus cols=['us_Trade Weighted Dollar Index', 'jp_fx', 'kr_fx']
iter:  0 | loss: 0.038
iter:  1 | loss: 0.026
iter:  2 | loss: 0.022
iter:  3 | loss: 0.035
iter:  4 | loss: 0.015
iter:  5 | loss: 0.027
iter:  6 | loss: 0.030
iter:  7 | loss: 0.036
iter:  8 | loss: 0.016
iter:  9 | loss: 0.026
iter: 10 | loss: 0.026
iter: 11 | loss: 0.015
iter: 12 | loss: 0.014
iter: 13 | loss: 0.027
iter: 14 | loss: 0.043
iter: 15 | loss: 0.030
iter: 16 | loss: 0.036
iter: 17 | loss: 0.025
iter: 18 | loss: 0.015
iter: 19 | loss: 0.049
iter: 20 | loss: 0.038
iter: 21 | loss: 0.018
iter: 22 | loss: 0.025
iter: 23 | loss: 0.024
iter: 24 | loss: 0.013
iter: 25 | loss: 0.011
iter: 26 | loss: 0.036
iter: 27 | loss: 0.031
iter: 28 | loss: 0.022
iter: 29 | loss: 0.021
testing r= 5
rrse(target)=253.64095563414045 / 34.87594854780834 | rrse(all)=151457134315703.22 / 34622966134154.824 | report_mode=targets
[Validation] per_target_rrse_json={"us_Trade Weighted Dollar Index": 3.3342411518096924, "jp_fx": 13.096112251281738, "kr_fx": 7.054561614990234}
[Validation] per_target_lag_mae_json={"us_Trade Weighted Dollar Index": 0.2680872082710266, "jp_fx": 0.9462113976478577, "kr_fx": 4.2131571769714355}
[Validation] per_target_dir_mismatch_json={"us_Trade Weighted Dollar Index": 0.09090909090909091, "jp_fx": 0.45454545454545453, "kr_fx": 0.18181818181818182}
| end of epoch  38 | time:  4.19s | train_loss 0.0264 | valid rse 7.2727 | valid rae 9.5689 | valid corr  0.3691 | valid smape  0.3460 | focus_rrse 7.8283 | obj 7.8283
Experiment: 1
Iter: 0
epoch: 39
hp= [1, 8.5e-05, 32, 128, 256, 1024, 30, 0.0, 2, 40, 0.6, 0.1, 3, 39]
best sum= 16.472468844907436
best rrse= 7.272661137415276
best rrae= 9.56886670393114
best corr= 0.369059
best smape= 0.3460368190011631
best objective= 7.828304767608643
best hps= [1, 8.5e-05, 32, 128, 256, 1024, 30, 0.0, 2, 40, 0.6, 0.1, 3, 1]
best test rse= 3.3664697156062364
best test corr= 0.18837301
[Target-Weighted Loss] weights applied: {'us_Trade Weighted Dollar Index': 65.0, 'kr_fx': 65.0, 'jp_fx': 65.0}
[Target-Only Loss] enabled for columns: ['us_Trade Weighted Dollar Index', 'jp_fx', 'kr_fx']
[Bias Penalty] enabled lambda=0.45 scope=focus cols=['us_Trade Weighted Dollar Index', 'jp_fx', 'kr_fx']
iter:  0 | loss: 0.027
iter:  1 | loss: 0.009
iter:  2 | loss: 0.039
iter:  3 | loss: 0.030
iter:  4 | loss: 0.011
iter:  5 | loss: 0.016
iter:  6 | loss: 0.038
iter:  7 | loss: 0.020
iter:  8 | loss: 0.022
iter:  9 | loss: 0.015
iter: 10 | loss: 0.052
iter: 11 | loss: 0.026
iter: 12 | loss: 0.041
iter: 13 | loss: 0.036
iter: 14 | loss: 0.026
iter: 15 | loss: 0.026
iter: 16 | loss: 0.018
iter: 17 | loss: 0.011
iter: 18 | loss: 0.039
iter: 19 | loss: 0.033
iter: 20 | loss: 0.012
iter: 21 | loss: 0.017
iter: 22 | loss: 0.025
iter: 23 | loss: 0.022
iter: 24 | loss: 0.030
iter: 25 | loss: 0.053
iter: 26 | loss: 0.039
iter: 27 | loss: 0.013
iter: 28 | loss: 0.010
iter: 29 | loss: 0.029
testing r= 5
rrse(target)=253.64095563414045 / 34.87594854780834 | rrse(all)=151457134315703.22 / 34622966134154.824 | report_mode=targets
[Validation] per_target_rrse_json={"us_Trade Weighted Dollar Index": 3.3342411518096924, "jp_fx": 13.096112251281738, "kr_fx": 7.054561614990234}
[Validation] per_target_lag_mae_json={"us_Trade Weighted Dollar Index": 0.2680872082710266, "jp_fx": 0.9462113976478577, "kr_fx": 4.2131571769714355}
[Validation] per_target_dir_mismatch_json={"us_Trade Weighted Dollar Index": 0.09090909090909091, "jp_fx": 0.45454545454545453, "kr_fx": 0.18181818181818182}
| end of epoch  39 | time:  4.30s | train_loss 0.0261 | valid rse 7.2727 | valid rae 9.5689 | valid corr  0.3691 | valid smape  0.3460 | focus_rrse 7.8283 | obj 7.8283
Experiment: 1
Iter: 0
epoch: 40
hp= [1, 8.5e-05, 32, 128, 256, 1024, 30, 0.0, 2, 40, 0.6, 0.1, 3, 40]
best sum= 16.472468844907436
best rrse= 7.272661137415276
best rrae= 9.56886670393114
best corr= 0.369059
best smape= 0.3460368190011631
best objective= 7.828304767608643
best hps= [1, 8.5e-05, 32, 128, 256, 1024, 30, 0.0, 2, 40, 0.6, 0.1, 3, 1]
best test rse= 3.3664697156062364
best test corr= 0.18837301
[Target-Weighted Loss] weights applied: {'us_Trade Weighted Dollar Index': 65.0, 'kr_fx': 65.0, 'jp_fx': 65.0}
[Target-Only Loss] enabled for columns: ['us_Trade Weighted Dollar Index', 'jp_fx', 'kr_fx']
[Bias Penalty] enabled lambda=0.45 scope=focus cols=['us_Trade Weighted Dollar Index', 'jp_fx', 'kr_fx']
iter:  0 | loss: 0.026
iter:  1 | loss: 0.016
iter:  2 | loss: 0.029
iter:  3 | loss: 0.024
iter:  4 | loss: 0.013
iter:  5 | loss: 0.043
iter:  6 | loss: 0.022
iter:  7 | loss: 0.029
iter:  8 | loss: 0.017
iter:  9 | loss: 0.008
iter: 10 | loss: 0.026
iter: 11 | loss: 0.021
iter: 12 | loss: 0.017
iter: 13 | loss: 0.014
iter: 14 | loss: 0.053
iter: 15 | loss: 0.024
iter: 16 | loss: 0.027
iter: 17 | loss: 0.028
iter: 18 | loss: 0.019
iter: 19 | loss: 0.071
iter: 20 | loss: 0.029
iter: 21 | loss: 0.013
iter: 22 | loss: 0.032
iter: 23 | loss: 0.023
iter: 24 | loss: 0.023
iter: 25 | loss: 0.029
iter: 26 | loss: 0.026
iter: 27 | loss: 0.021
iter: 28 | loss: 0.013
iter: 29 | loss: 0.066
testing r= 5
rrse(target)=253.64095563414045 / 34.87594854780834 | rrse(all)=151457134315703.22 / 34622966134154.824 | report_mode=targets
[Validation] per_target_rrse_json={"us_Trade Weighted Dollar Index": 3.3342411518096924, "jp_fx": 13.096112251281738, "kr_fx": 7.054561614990234}
[Validation] per_target_lag_mae_json={"us_Trade Weighted Dollar Index": 0.2680872082710266, "jp_fx": 0.9462113976478577, "kr_fx": 4.2131571769714355}
[Validation] per_target_dir_mismatch_json={"us_Trade Weighted Dollar Index": 0.09090909090909091, "jp_fx": 0.45454545454545453, "kr_fx": 0.18181818181818182}
| end of epoch  40 | time:  4.42s | train_loss 0.0265 | valid rse 7.2727 | valid rae 9.5689 | valid corr  0.3691 | valid smape  0.3460 | focus_rrse 7.8283 | obj 7.8283
best val loss= 16.472468844907436
best hps= [1, 8.5e-05, 32, 128, 256, 1024, 30, 0.0, 2, 40, 0.6, 0.1, 3, 1]
testing r= 5
rrse(target)=253.64095563414045 / 34.87594854780834 | rrse(all)=151457134315703.22 / 34622966134154.824 | report_mode=targets
[Validation] per_target_rrse_json={"us_Trade Weighted Dollar Index": 3.3342411518096924, "jp_fx": 13.096112251281738, "kr_fx": 7.054561614990234}
[Validation] per_target_lag_mae_json={"us_Trade Weighted Dollar Index": 0.2680872082710266, "jp_fx": 0.9462113976478577, "kr_fx": 4.2131571769714355}
[Validation] per_target_dir_mismatch_json={"us_Trade Weighted Dollar Index": 0.09090909090909091, "jp_fx": 0.45454545454545453, "kr_fx": 0.18181818181818182}
[debias] mode=val_mean_error apply_to=focus offset={'us_Trade Weighted Dollar Index': -2.4072062969207764, 'jp_fx': -21.75331687927246, 'kr_fx': -69.22303009033203}
testing r= 5
rrse(target)=32.92078671967284 / 34.87594854780834 | rrse(all)=151457134315703.22 / 34622966134154.824 | report_mode=targets
[Validation] per_target_rrse_json={"us_Trade Weighted Dollar Index": 0.7902384996414185, "jp_fx": 1.0511753559112549, "kr_fx": 0.9415215849876404}
[Validation] per_target_lag_mae_json={"us_Trade Weighted Dollar Index": 0.2680872082710266, "jp_fx": 0.9462113976478577, "kr_fx": 4.2131571769714355}
[Validation] per_target_dir_mismatch_json={"us_Trade Weighted Dollar Index": 0.09090909090909091, "jp_fx": 0.45454545454545453, "kr_fx": 0.18181818181818182}
testing r= 5
rrse(target)=94.16975819962055 / 87.05327089004898 | rrse(all)=114326472610039.84 / 13118448721317.795 | report_mode=targets
[Testing] per_target_rrse_json={"us_Trade Weighted Dollar Index": 1.2947747707366943, "jp_fx": 6.9684157371521, "kr_fx": 0.7947753071784973}
[Testing] per_target_lag_mae_json={"us_Trade Weighted Dollar Index": 0.5683801770210266, "jp_fx": 1.2703274488449097, "kr_fx": 6.532504081726074}
[Testing] per_target_dir_mismatch_json={"us_Trade Weighted Dollar Index": 0.6363636363636364, "jp_fx": 0.7272727272727273, "kr_fx": 0.18181818181818182}
********************************************************************************************************
final test rse 1.0817 | test rae 1.6110 | test corr 0.1884 | test smape 0.3211
********************************************************************************************************



1 run average



valid	rse	rae
mean	0.9439	1.0172
std	0.0000	0.0000



test	rse	rae
mean	1.0817	1.6110
std	0.0000	0.0000
