CUDA not available, using CPU
[split_guard] {'n': 180, 'cutoff_idx': 168, 'cutoff_label': '25.Jan', 'valid_start_idx': 156, 'valid_end_idx': 168, 'valid_months': 12}
Loading data from /Users/samrobert/Documents/GitHub/Exchangeprediction/Cyber-trend-forecasting-main 3/B-MTGNN/data/sm_data.csv...
Data loaded and converted to numeric successfully.
Graph loaded with 1 attacks...
33 columns loaded
Adjacency created...
train X: torch.Size([131, 24, 33])
train Y: torch.Size([131, 1, 33])
valid X: torch.Size([11, 24, 33])
valid Y: torch.Size([11, 1, 33])
test X: torch.Size([11, 24, 33])
test Y: torch.Size([11, 1, 33])
test window: torch.Size([36, 33])
length of training set= 131
length of validation set= 11
length of testing set= 11
valid= 168
Auto-detected num_nodes: 33
Namespace(data='/Users/samrobert/Documents/GitHub/Exchangeprediction/Cyber-trend-forecasting-main 3/B-MTGNN/data/sm_data.csv', log_interval=2000, save='/Users/samrobert/Documents/GitHub/Exchangeprediction/Cyber-trend-forecasting-main 3/B-MTGNN/tuning_runs/20260220_175117/checkpoints/model_008.pt', optim='adam', L1Loss=True, loss_mode='mse', normalize=2, device='cuda:1', gcn_true=False, buildA_true=False, use_graph=0, gcn_depth=1, num_nodes=33, dropout=0.02, subgraph_size=20, node_dim=50, dilation_exponential=2, conv_channels=16, residual_channels=128, skip_channels=256, end_channels=1024, in_dim=1, seq_in_len=24, seq_out_len=1, horizon=1, layers=2, batch_size=4, lr=0.000102, weight_decay=1e-05, clip=10, propalpha=0.6, tanhalpha=0.1, epochs=40, num_split=1, step_size=100, ss_prob=0.05, train_ratio=0.8666666667, valid_ratio=0.0666666667, focus_targets=1, focus_nodes='us_Trade Weighted Dollar Index,jp_fx,kr_fx', focus_weight=1.0, focus_target_gain=50.0, focus_only_loss=1, anchor_focus_to_last=0.15, rse_targets='Us_Trade Weighted Dollar Index_Testing.txt,Jp_fx_Testing.txt,Kr_fx_Testing.txt', rse_report_mode='targets', debias_mode='val_mean_error', debias_apply_to='focus', bias_penalty=0.4, bias_penalty_scope='focus', plot_focus_only=0, debug_eval=0, rollout_mode='recursive', enforce_cutoff_split=1, cutoff_year_yy=25, min_valid_months=12, confidence_level=0.95, confidence_scale=3.0, confidence_mode='predictive', seed=777, plot=0, clean_cache=0, autotune_mode=1, apply_best_tuning=0, eval_best_tuning=0, target_profile='none', best_tuning_checkpoint='')
The recpetive field size is 19
Number of model parameters is 616209
begin training
Experiment: 1
Iter: 0
epoch: 1
hp= [1, 0.000102, 16, 128, 256, 1024, 20, 0.02, 2, 50, 0.6, 0.1, 2, 1]
best sum= 10000000
best rrse= 10000000
best rrae= 10000000
best corr= -10000000
best smape= 10000000
best objective= 10000000
best hps= []
best test rse= 10000000
best test corr= -10000000
[Target-Weighted Loss] weights applied: {'us_Trade Weighted Dollar Index': 50.0, 'kr_fx': 50.0, 'jp_fx': 50.0}
[Target-Only Loss] enabled for columns: ['us_Trade Weighted Dollar Index', 'jp_fx', 'kr_fx']
[Bias Penalty] enabled lambda=0.4 scope=focus cols=['us_Trade Weighted Dollar Index', 'jp_fx', 'kr_fx']
iter:  0 | loss: 0.028
iter:  1 | loss: 0.029
iter:  2 | loss: 0.068
iter:  3 | loss: 0.057
iter:  4 | loss: 0.018
iter:  5 | loss: 0.053
iter:  6 | loss: 0.023
iter:  7 | loss: 0.013
iter:  8 | loss: 0.024
iter:  9 | loss: 0.030
iter: 10 | loss: 0.060
iter: 11 | loss: 0.014
iter: 12 | loss: 0.018
iter: 13 | loss: 0.023
iter: 14 | loss: 0.016
iter: 15 | loss: 0.034
iter: 16 | loss: 0.025
iter: 17 | loss: 0.021
iter: 18 | loss: 0.046
iter: 19 | loss: 0.017
iter: 20 | loss: 0.018
iter: 21 | loss: 0.039
iter: 22 | loss: 0.017
iter: 23 | loss: 0.020
iter: 24 | loss: 0.020
iter: 25 | loss: 0.016
iter: 26 | loss: 0.052
iter: 27 | loss: 0.025
iter: 28 | loss: 0.019
iter: 29 | loss: 0.023
iter: 30 | loss: 0.019
iter: 31 | loss: 0.015
iter: 32 | loss: 0.032
testing r= 5
rrse(target)=107.05997333562624 / 34.87594854780834 | rrse(all)=178912454333630.4 / 34622966134154.824 | report_mode=targets
[Validation] per_target_rrse_json={"us_Trade Weighted Dollar Index": 3.9368884563446045, "jp_fx": 5.282742023468018, "kr_fx": 2.9774909019470215}
[Validation] per_target_lag_mae_json={"us_Trade Weighted Dollar Index": 0.5149202942848206, "jp_fx": 0.5495633482933044, "kr_fx": 6.402798652648926}
[Validation] per_target_dir_mismatch_json={"us_Trade Weighted Dollar Index": 0.36363636363636365, "jp_fx": 0.36363636363636365, "kr_fx": 0.36363636363636365}
| end of epoch   1 | time:  1.80s | train_loss 0.0283 | valid rse 3.0697 | valid rae 3.9164 | valid corr  -0.0669 | valid smape  0.3397 | focus_rrse 4.0657 | obj 4.0657
testing r= 5
rrse(target)=279.6898393756913 / 87.05327089004898 | rrse(all)=55791685350838.79 / 13118448721317.795 | report_mode=targets
[Testing] per_target_rrse_json={"us_Trade Weighted Dollar Index": 2.428182601928711, "jp_fx": 1.1350950002670288, "kr_fx": 3.2300119400024414}
[Testing] per_target_lag_mae_json={"us_Trade Weighted Dollar Index": 0.5075204968452454, "jp_fx": 0.7875199913978577, "kr_fx": 9.1185302734375}
[Testing] per_target_dir_mismatch_json={"us_Trade Weighted Dollar Index": 0.2727272727272727, "jp_fx": 0.6363636363636364, "kr_fx": 1.0}
********************************************************************************************************
test rse 3.2129 | test rae 3.4280 | test corr -0.0699| test smape 0.3455 | test focus_rrse 2.2644
********************************************************************************************************
Experiment: 1
Iter: 0
epoch: 2
hp= [1, 0.000102, 16, 128, 256, 1024, 20, 0.02, 2, 50, 0.6, 0.1, 2, 2]
best sum= 7.053034099945943
best rrse= 3.069736531720914
best rrae= 3.916391287409428
best corr= -0.06690628
best smape= 0.33970839569931033
best objective= 4.065706729888916
best hps= [1, 0.000102, 16, 128, 256, 1024, 20, 0.02, 2, 50, 0.6, 0.1, 2, 1]
best test rse= 3.212858477528643
best test corr= -0.06990926
[Target-Weighted Loss] weights applied: {'us_Trade Weighted Dollar Index': 50.0, 'kr_fx': 50.0, 'jp_fx': 50.0}
[Target-Only Loss] enabled for columns: ['us_Trade Weighted Dollar Index', 'jp_fx', 'kr_fx']
[Bias Penalty] enabled lambda=0.4 scope=focus cols=['us_Trade Weighted Dollar Index', 'jp_fx', 'kr_fx']
iter:  0 | loss: 0.030
iter:  1 | loss: 0.051
iter:  2 | loss: 0.016
iter:  3 | loss: 0.015
iter:  4 | loss: 0.024
iter:  5 | loss: 0.026
iter:  6 | loss: 0.014
iter:  7 | loss: 0.037
iter:  8 | loss: 0.030
iter:  9 | loss: 0.018
iter: 10 | loss: 0.050
iter: 11 | loss: 0.030
iter: 12 | loss: 0.020
iter: 13 | loss: 0.049
iter: 14 | loss: 0.041
iter: 15 | loss: 0.062
iter: 16 | loss: 0.016
iter: 17 | loss: 0.011
iter: 18 | loss: 0.020
iter: 19 | loss: 0.026
iter: 20 | loss: 0.029
iter: 21 | loss: 0.026
iter: 22 | loss: 0.032
iter: 23 | loss: 0.010
iter: 24 | loss: 0.034
iter: 25 | loss: 0.022
iter: 26 | loss: 0.019
iter: 27 | loss: 0.028
iter: 28 | loss: 0.045
iter: 29 | loss: 0.028
iter: 30 | loss: 0.025
iter: 31 | loss: 0.032
iter: 32 | loss: 0.060
testing r= 5
rrse(target)=107.05997333562624 / 34.87594854780834 | rrse(all)=178912454333630.4 / 34622966134154.824 | report_mode=targets
[Validation] per_target_rrse_json={"us_Trade Weighted Dollar Index": 3.9368884563446045, "jp_fx": 5.282742023468018, "kr_fx": 2.9774909019470215}
[Validation] per_target_lag_mae_json={"us_Trade Weighted Dollar Index": 0.5149202942848206, "jp_fx": 0.5495633482933044, "kr_fx": 6.402798652648926}
[Validation] per_target_dir_mismatch_json={"us_Trade Weighted Dollar Index": 0.36363636363636365, "jp_fx": 0.36363636363636365, "kr_fx": 0.36363636363636365}
| end of epoch   2 | time:  1.74s | train_loss 0.0294 | valid rse 3.0697 | valid rae 3.9164 | valid corr  -0.0669 | valid smape  0.3397 | focus_rrse 4.0657 | obj 4.0657
Experiment: 1
Iter: 0
epoch: 3
hp= [1, 0.000102, 16, 128, 256, 1024, 20, 0.02, 2, 50, 0.6, 0.1, 2, 3]
best sum= 7.053034099945943
best rrse= 3.069736531720914
best rrae= 3.916391287409428
best corr= -0.06690628
best smape= 0.33970839569931033
best objective= 4.065706729888916
best hps= [1, 0.000102, 16, 128, 256, 1024, 20, 0.02, 2, 50, 0.6, 0.1, 2, 1]
best test rse= 3.212858477528643
best test corr= -0.06990926
[Target-Weighted Loss] weights applied: {'us_Trade Weighted Dollar Index': 50.0, 'kr_fx': 50.0, 'jp_fx': 50.0}
[Target-Only Loss] enabled for columns: ['us_Trade Weighted Dollar Index', 'jp_fx', 'kr_fx']
[Bias Penalty] enabled lambda=0.4 scope=focus cols=['us_Trade Weighted Dollar Index', 'jp_fx', 'kr_fx']
iter:  0 | loss: 0.019
iter:  1 | loss: 0.014
iter:  2 | loss: 0.012
iter:  3 | loss: 0.008
iter:  4 | loss: 0.038
iter:  5 | loss: 0.025
iter:  6 | loss: 0.021
iter:  7 | loss: 0.055
iter:  8 | loss: 0.018
iter:  9 | loss: 0.051
iter: 10 | loss: 0.027
iter: 11 | loss: 0.021
iter: 12 | loss: 0.032
iter: 13 | loss: 0.022
iter: 14 | loss: 0.045
iter: 15 | loss: 0.053
iter: 16 | loss: 0.040
iter: 17 | loss: 0.027
iter: 18 | loss: 0.044
iter: 19 | loss: 0.015
iter: 20 | loss: 0.019
iter: 21 | loss: 0.021
iter: 22 | loss: 0.010
iter: 23 | loss: 0.015
iter: 24 | loss: 0.036
iter: 25 | loss: 0.062
iter: 26 | loss: 0.016
iter: 27 | loss: 0.032
iter: 28 | loss: 0.024
iter: 29 | loss: 0.015
iter: 30 | loss: 0.032
iter: 31 | loss: 0.022
iter: 32 | loss: 0.036
testing r= 5
rrse(target)=107.05997333562624 / 34.87594854780834 | rrse(all)=178912454333630.4 / 34622966134154.824 | report_mode=targets
[Validation] per_target_rrse_json={"us_Trade Weighted Dollar Index": 3.9368884563446045, "jp_fx": 5.282742023468018, "kr_fx": 2.9774909019470215}
[Validation] per_target_lag_mae_json={"us_Trade Weighted Dollar Index": 0.5149202942848206, "jp_fx": 0.5495633482933044, "kr_fx": 6.402798652648926}
[Validation] per_target_dir_mismatch_json={"us_Trade Weighted Dollar Index": 0.36363636363636365, "jp_fx": 0.36363636363636365, "kr_fx": 0.36363636363636365}
| end of epoch   3 | time:  1.68s | train_loss 0.0280 | valid rse 3.0697 | valid rae 3.9164 | valid corr  -0.0669 | valid smape  0.3397 | focus_rrse 4.0657 | obj 4.0657
Experiment: 1
Iter: 0
epoch: 4
hp= [1, 0.000102, 16, 128, 256, 1024, 20, 0.02, 2, 50, 0.6, 0.1, 2, 4]
best sum= 7.053034099945943
best rrse= 3.069736531720914
best rrae= 3.916391287409428
best corr= -0.06690628
best smape= 0.33970839569931033
best objective= 4.065706729888916
best hps= [1, 0.000102, 16, 128, 256, 1024, 20, 0.02, 2, 50, 0.6, 0.1, 2, 1]
best test rse= 3.212858477528643
best test corr= -0.06990926
[Target-Weighted Loss] weights applied: {'us_Trade Weighted Dollar Index': 50.0, 'kr_fx': 50.0, 'jp_fx': 50.0}
[Target-Only Loss] enabled for columns: ['us_Trade Weighted Dollar Index', 'jp_fx', 'kr_fx']
[Bias Penalty] enabled lambda=0.4 scope=focus cols=['us_Trade Weighted Dollar Index', 'jp_fx', 'kr_fx']
iter:  0 | loss: 0.043
iter:  1 | loss: 0.027
iter:  2 | loss: 0.028
iter:  3 | loss: 0.015
iter:  4 | loss: 0.020
iter:  5 | loss: 0.033
iter:  6 | loss: 0.032
iter:  7 | loss: 0.013
iter:  8 | loss: 0.018
iter:  9 | loss: 0.060
iter: 10 | loss: 0.045
iter: 11 | loss: 0.020
iter: 12 | loss: 0.019
iter: 13 | loss: 0.009
iter: 14 | loss: 0.017
iter: 15 | loss: 0.018
iter: 16 | loss: 0.018
iter: 17 | loss: 0.031
iter: 18 | loss: 0.026
iter: 19 | loss: 0.025
iter: 20 | loss: 0.019
iter: 21 | loss: 0.044
iter: 22 | loss: 0.041
iter: 23 | loss: 0.027
iter: 24 | loss: 0.025
iter: 25 | loss: 0.034
iter: 26 | loss: 0.024
iter: 27 | loss: 0.052
iter: 28 | loss: 0.033
iter: 29 | loss: 0.026
iter: 30 | loss: 0.033
iter: 31 | loss: 0.033
iter: 32 | loss: 0.017
testing r= 5
rrse(target)=107.05997333562624 / 34.87594854780834 | rrse(all)=178912454333630.4 / 34622966134154.824 | report_mode=targets
[Validation] per_target_rrse_json={"us_Trade Weighted Dollar Index": 3.9368884563446045, "jp_fx": 5.282742023468018, "kr_fx": 2.9774909019470215}
[Validation] per_target_lag_mae_json={"us_Trade Weighted Dollar Index": 0.5149202942848206, "jp_fx": 0.5495633482933044, "kr_fx": 6.402798652648926}
[Validation] per_target_dir_mismatch_json={"us_Trade Weighted Dollar Index": 0.36363636363636365, "jp_fx": 0.36363636363636365, "kr_fx": 0.36363636363636365}
| end of epoch   4 | time:  1.62s | train_loss 0.0282 | valid rse 3.0697 | valid rae 3.9164 | valid corr  -0.0669 | valid smape  0.3397 | focus_rrse 4.0657 | obj 4.0657
Experiment: 1
Iter: 0
epoch: 5
hp= [1, 0.000102, 16, 128, 256, 1024, 20, 0.02, 2, 50, 0.6, 0.1, 2, 5]
best sum= 7.053034099945943
best rrse= 3.069736531720914
best rrae= 3.916391287409428
best corr= -0.06690628
best smape= 0.33970839569931033
best objective= 4.065706729888916
best hps= [1, 0.000102, 16, 128, 256, 1024, 20, 0.02, 2, 50, 0.6, 0.1, 2, 1]
best test rse= 3.212858477528643
best test corr= -0.06990926
[Target-Weighted Loss] weights applied: {'us_Trade Weighted Dollar Index': 50.0, 'kr_fx': 50.0, 'jp_fx': 50.0}
[Target-Only Loss] enabled for columns: ['us_Trade Weighted Dollar Index', 'jp_fx', 'kr_fx']
[Bias Penalty] enabled lambda=0.4 scope=focus cols=['us_Trade Weighted Dollar Index', 'jp_fx', 'kr_fx']
iter:  0 | loss: 0.019
iter:  1 | loss: 0.029
iter:  2 | loss: 0.022
iter:  3 | loss: 0.049
iter:  4 | loss: 0.027
iter:  5 | loss: 0.063
iter:  6 | loss: 0.013
iter:  7 | loss: 0.033
iter:  8 | loss: 0.053
iter:  9 | loss: 0.038
iter: 10 | loss: 0.026
iter: 11 | loss: 0.023
iter: 12 | loss: 0.023
iter: 13 | loss: 0.038
iter: 14 | loss: 0.025
iter: 15 | loss: 0.015
iter: 16 | loss: 0.031
iter: 17 | loss: 0.029
iter: 18 | loss: 0.013
iter: 19 | loss: 0.022
iter: 20 | loss: 0.035
iter: 21 | loss: 0.034
iter: 22 | loss: 0.024
iter: 23 | loss: 0.034
iter: 24 | loss: 0.022
iter: 25 | loss: 0.016
iter: 26 | loss: 0.028
iter: 27 | loss: 0.013
iter: 28 | loss: 0.017
iter: 29 | loss: 0.037
iter: 30 | loss: 0.024
iter: 31 | loss: 0.018
iter: 32 | loss: 0.025
testing r= 5
rrse(target)=107.05997333562624 / 34.87594854780834 | rrse(all)=178912454333630.4 / 34622966134154.824 | report_mode=targets
[Validation] per_target_rrse_json={"us_Trade Weighted Dollar Index": 3.9368884563446045, "jp_fx": 5.282742023468018, "kr_fx": 2.9774909019470215}
[Validation] per_target_lag_mae_json={"us_Trade Weighted Dollar Index": 0.5149202942848206, "jp_fx": 0.5495633482933044, "kr_fx": 6.402798652648926}
[Validation] per_target_dir_mismatch_json={"us_Trade Weighted Dollar Index": 0.36363636363636365, "jp_fx": 0.36363636363636365, "kr_fx": 0.36363636363636365}
| end of epoch   5 | time:  1.74s | train_loss 0.0277 | valid rse 3.0697 | valid rae 3.9164 | valid corr  -0.0669 | valid smape  0.3397 | focus_rrse 4.0657 | obj 4.0657
Experiment: 1
Iter: 0
epoch: 6
hp= [1, 0.000102, 16, 128, 256, 1024, 20, 0.02, 2, 50, 0.6, 0.1, 2, 6]
best sum= 7.053034099945943
best rrse= 3.069736531720914
best rrae= 3.916391287409428
best corr= -0.06690628
best smape= 0.33970839569931033
best objective= 4.065706729888916
best hps= [1, 0.000102, 16, 128, 256, 1024, 20, 0.02, 2, 50, 0.6, 0.1, 2, 1]
best test rse= 3.212858477528643
best test corr= -0.06990926
[Target-Weighted Loss] weights applied: {'us_Trade Weighted Dollar Index': 50.0, 'kr_fx': 50.0, 'jp_fx': 50.0}
[Target-Only Loss] enabled for columns: ['us_Trade Weighted Dollar Index', 'jp_fx', 'kr_fx']
[Bias Penalty] enabled lambda=0.4 scope=focus cols=['us_Trade Weighted Dollar Index', 'jp_fx', 'kr_fx']
iter:  0 | loss: 0.018
iter:  1 | loss: 0.039
iter:  2 | loss: 0.022
iter:  3 | loss: 0.038
iter:  4 | loss: 0.038
iter:  5 | loss: 0.068
iter:  6 | loss: 0.014
iter:  7 | loss: 0.030
iter:  8 | loss: 0.012
iter:  9 | loss: 0.013
iter: 10 | loss: 0.021
iter: 11 | loss: 0.017
iter: 12 | loss: 0.023
iter: 13 | loss: 0.030
iter: 14 | loss: 0.056
iter: 15 | loss: 0.029
iter: 16 | loss: 0.018
iter: 17 | loss: 0.028
iter: 18 | loss: 0.050
iter: 19 | loss: 0.030
iter: 20 | loss: 0.019
iter: 21 | loss: 0.027
iter: 22 | loss: 0.014
iter: 23 | loss: 0.020
iter: 24 | loss: 0.018
iter: 25 | loss: 0.032
iter: 26 | loss: 0.020
iter: 27 | loss: 0.031
iter: 28 | loss: 0.028
iter: 29 | loss: 0.035
iter: 30 | loss: 0.015
iter: 31 | loss: 0.022
iter: 32 | loss: 0.039
testing r= 5
rrse(target)=107.05997333562624 / 34.87594854780834 | rrse(all)=178912454333630.4 / 34622966134154.824 | report_mode=targets
[Validation] per_target_rrse_json={"us_Trade Weighted Dollar Index": 3.9368884563446045, "jp_fx": 5.282742023468018, "kr_fx": 2.9774909019470215}
[Validation] per_target_lag_mae_json={"us_Trade Weighted Dollar Index": 0.5149202942848206, "jp_fx": 0.5495633482933044, "kr_fx": 6.402798652648926}
[Validation] per_target_dir_mismatch_json={"us_Trade Weighted Dollar Index": 0.36363636363636365, "jp_fx": 0.36363636363636365, "kr_fx": 0.36363636363636365}
| end of epoch   6 | time:  1.67s | train_loss 0.0276 | valid rse 3.0697 | valid rae 3.9164 | valid corr  -0.0669 | valid smape  0.3397 | focus_rrse 4.0657 | obj 4.0657
Experiment: 1
Iter: 0
epoch: 7
hp= [1, 0.000102, 16, 128, 256, 1024, 20, 0.02, 2, 50, 0.6, 0.1, 2, 7]
best sum= 7.053034099945943
best rrse= 3.069736531720914
best rrae= 3.916391287409428
best corr= -0.06690628
best smape= 0.33970839569931033
best objective= 4.065706729888916
best hps= [1, 0.000102, 16, 128, 256, 1024, 20, 0.02, 2, 50, 0.6, 0.1, 2, 1]
best test rse= 3.212858477528643
best test corr= -0.06990926
[Target-Weighted Loss] weights applied: {'us_Trade Weighted Dollar Index': 50.0, 'kr_fx': 50.0, 'jp_fx': 50.0}
[Target-Only Loss] enabled for columns: ['us_Trade Weighted Dollar Index', 'jp_fx', 'kr_fx']
[Bias Penalty] enabled lambda=0.4 scope=focus cols=['us_Trade Weighted Dollar Index', 'jp_fx', 'kr_fx']
iter:  0 | loss: 0.020
iter:  1 | loss: 0.033
iter:  2 | loss: 0.026
iter:  3 | loss: 0.023
iter:  4 | loss: 0.040
iter:  5 | loss: 0.012
iter:  6 | loss: 0.020
iter:  7 | loss: 0.022
iter:  8 | loss: 0.025
iter:  9 | loss: 0.029
iter: 10 | loss: 0.021
iter: 11 | loss: 0.014
iter: 12 | loss: 0.021
iter: 13 | loss: 0.022
iter: 14 | loss: 0.043
iter: 15 | loss: 0.050
iter: 16 | loss: 0.022
iter: 17 | loss: 0.022
iter: 18 | loss: 0.027
iter: 19 | loss: 0.016
iter: 20 | loss: 0.014
iter: 21 | loss: 0.044
iter: 22 | loss: 0.039
iter: 23 | loss: 0.021
iter: 24 | loss: 0.024
iter: 25 | loss: 0.024
iter: 26 | loss: 0.072
iter: 27 | loss: 0.026
iter: 28 | loss: 0.021
iter: 29 | loss: 0.018
iter: 30 | loss: 0.026
iter: 31 | loss: 0.041
iter: 32 | loss: 0.029
testing r= 5
rrse(target)=107.05997333562624 / 34.87594854780834 | rrse(all)=178912454333630.4 / 34622966134154.824 | report_mode=targets
[Validation] per_target_rrse_json={"us_Trade Weighted Dollar Index": 3.9368884563446045, "jp_fx": 5.282742023468018, "kr_fx": 2.9774909019470215}
[Validation] per_target_lag_mae_json={"us_Trade Weighted Dollar Index": 0.5149202942848206, "jp_fx": 0.5495633482933044, "kr_fx": 6.402798652648926}
[Validation] per_target_dir_mismatch_json={"us_Trade Weighted Dollar Index": 0.36363636363636365, "jp_fx": 0.36363636363636365, "kr_fx": 0.36363636363636365}
| end of epoch   7 | time:  1.73s | train_loss 0.0275 | valid rse 3.0697 | valid rae 3.9164 | valid corr  -0.0669 | valid smape  0.3397 | focus_rrse 4.0657 | obj 4.0657
Experiment: 1
Iter: 0
epoch: 8
hp= [1, 0.000102, 16, 128, 256, 1024, 20, 0.02, 2, 50, 0.6, 0.1, 2, 8]
best sum= 7.053034099945943
best rrse= 3.069736531720914
best rrae= 3.916391287409428
best corr= -0.06690628
best smape= 0.33970839569931033
best objective= 4.065706729888916
best hps= [1, 0.000102, 16, 128, 256, 1024, 20, 0.02, 2, 50, 0.6, 0.1, 2, 1]
best test rse= 3.212858477528643
best test corr= -0.06990926
[Target-Weighted Loss] weights applied: {'us_Trade Weighted Dollar Index': 50.0, 'kr_fx': 50.0, 'jp_fx': 50.0}
[Target-Only Loss] enabled for columns: ['us_Trade Weighted Dollar Index', 'jp_fx', 'kr_fx']
[Bias Penalty] enabled lambda=0.4 scope=focus cols=['us_Trade Weighted Dollar Index', 'jp_fx', 'kr_fx']
iter:  0 | loss: 0.022
iter:  1 | loss: 0.022
iter:  2 | loss: 0.019
iter:  3 | loss: 0.032
iter:  4 | loss: 0.020
iter:  5 | loss: 0.061
iter:  6 | loss: 0.046
iter:  7 | loss: 0.014
iter:  8 | loss: 0.048
iter:  9 | loss: 0.042
iter: 10 | loss: 0.035
iter: 11 | loss: 0.039
iter: 12 | loss: 0.017
iter: 13 | loss: 0.031
iter: 14 | loss: 0.020
iter: 15 | loss: 0.033
iter: 16 | loss: 0.014
iter: 17 | loss: 0.023
iter: 18 | loss: 0.024
iter: 19 | loss: 0.019
iter: 20 | loss: 0.034
iter: 21 | loss: 0.043
iter: 22 | loss: 0.019
iter: 23 | loss: 0.022
iter: 24 | loss: 0.016
iter: 25 | loss: 0.024
iter: 26 | loss: 0.018
iter: 27 | loss: 0.029
iter: 28 | loss: 0.039
iter: 29 | loss: 0.023
iter: 30 | loss: 0.020
iter: 31 | loss: 0.014
iter: 32 | loss: 0.039
testing r= 5
rrse(target)=107.05997333562624 / 34.87594854780834 | rrse(all)=178912454333630.4 / 34622966134154.824 | report_mode=targets
[Validation] per_target_rrse_json={"us_Trade Weighted Dollar Index": 3.9368884563446045, "jp_fx": 5.282742023468018, "kr_fx": 2.9774909019470215}
[Validation] per_target_lag_mae_json={"us_Trade Weighted Dollar Index": 0.5149202942848206, "jp_fx": 0.5495633482933044, "kr_fx": 6.402798652648926}
[Validation] per_target_dir_mismatch_json={"us_Trade Weighted Dollar Index": 0.36363636363636365, "jp_fx": 0.36363636363636365, "kr_fx": 0.36363636363636365}
| end of epoch   8 | time:  1.74s | train_loss 0.0278 | valid rse 3.0697 | valid rae 3.9164 | valid corr  -0.0669 | valid smape  0.3397 | focus_rrse 4.0657 | obj 4.0657
Experiment: 1
Iter: 0
epoch: 9
hp= [1, 0.000102, 16, 128, 256, 1024, 20, 0.02, 2, 50, 0.6, 0.1, 2, 9]
best sum= 7.053034099945943
best rrse= 3.069736531720914
best rrae= 3.916391287409428
best corr= -0.06690628
best smape= 0.33970839569931033
best objective= 4.065706729888916
best hps= [1, 0.000102, 16, 128, 256, 1024, 20, 0.02, 2, 50, 0.6, 0.1, 2, 1]
best test rse= 3.212858477528643
best test corr= -0.06990926
[Target-Weighted Loss] weights applied: {'us_Trade Weighted Dollar Index': 50.0, 'kr_fx': 50.0, 'jp_fx': 50.0}
[Target-Only Loss] enabled for columns: ['us_Trade Weighted Dollar Index', 'jp_fx', 'kr_fx']
[Bias Penalty] enabled lambda=0.4 scope=focus cols=['us_Trade Weighted Dollar Index', 'jp_fx', 'kr_fx']
iter:  0 | loss: 0.033
iter:  1 | loss: 0.019
iter:  2 | loss: 0.032
iter:  3 | loss: 0.046
iter:  4 | loss: 0.026
iter:  5 | loss: 0.027
iter:  6 | loss: 0.016
iter:  7 | loss: 0.040
iter:  8 | loss: 0.030
iter:  9 | loss: 0.019
iter: 10 | loss: 0.021
iter: 11 | loss: 0.065
iter: 12 | loss: 0.022
iter: 13 | loss: 0.023
iter: 14 | loss: 0.028
iter: 15 | loss: 0.028
iter: 16 | loss: 0.017
iter: 17 | loss: 0.015
iter: 18 | loss: 0.028
iter: 19 | loss: 0.021
iter: 20 | loss: 0.029
iter: 21 | loss: 0.029
iter: 22 | loss: 0.017
iter: 23 | loss: 0.028
iter: 24 | loss: 0.031
iter: 25 | loss: 0.012
iter: 26 | loss: 0.022
iter: 27 | loss: 0.021
iter: 28 | loss: 0.041
iter: 29 | loss: 0.037
iter: 30 | loss: 0.040
iter: 31 | loss: 0.017
iter: 32 | loss: 0.018
testing r= 5
rrse(target)=107.05997333562624 / 34.87594854780834 | rrse(all)=178912454333630.4 / 34622966134154.824 | report_mode=targets
[Validation] per_target_rrse_json={"us_Trade Weighted Dollar Index": 3.9368884563446045, "jp_fx": 5.282742023468018, "kr_fx": 2.9774909019470215}
[Validation] per_target_lag_mae_json={"us_Trade Weighted Dollar Index": 0.5149202942848206, "jp_fx": 0.5495633482933044, "kr_fx": 6.402798652648926}
[Validation] per_target_dir_mismatch_json={"us_Trade Weighted Dollar Index": 0.36363636363636365, "jp_fx": 0.36363636363636365, "kr_fx": 0.36363636363636365}
| end of epoch   9 | time:  1.65s | train_loss 0.0272 | valid rse 3.0697 | valid rae 3.9164 | valid corr  -0.0669 | valid smape  0.3397 | focus_rrse 4.0657 | obj 4.0657
Experiment: 1
Iter: 0
epoch: 10
hp= [1, 0.000102, 16, 128, 256, 1024, 20, 0.02, 2, 50, 0.6, 0.1, 2, 10]
best sum= 7.053034099945943
best rrse= 3.069736531720914
best rrae= 3.916391287409428
best corr= -0.06690628
best smape= 0.33970839569931033
best objective= 4.065706729888916
best hps= [1, 0.000102, 16, 128, 256, 1024, 20, 0.02, 2, 50, 0.6, 0.1, 2, 1]
best test rse= 3.212858477528643
best test corr= -0.06990926
[Target-Weighted Loss] weights applied: {'us_Trade Weighted Dollar Index': 50.0, 'kr_fx': 50.0, 'jp_fx': 50.0}
[Target-Only Loss] enabled for columns: ['us_Trade Weighted Dollar Index', 'jp_fx', 'kr_fx']
[Bias Penalty] enabled lambda=0.4 scope=focus cols=['us_Trade Weighted Dollar Index', 'jp_fx', 'kr_fx']
iter:  0 | loss: 0.023
iter:  1 | loss: 0.023
iter:  2 | loss: 0.023
iter:  3 | loss: 0.018
iter:  4 | loss: 0.028
iter:  5 | loss: 0.016
iter:  6 | loss: 0.019
iter:  7 | loss: 0.011
iter:  8 | loss: 0.035
iter:  9 | loss: 0.031
iter: 10 | loss: 0.034
iter: 11 | loss: 0.023
iter: 12 | loss: 0.031
iter: 13 | loss: 0.049
iter: 14 | loss: 0.009
iter: 15 | loss: 0.027
iter: 16 | loss: 0.033
iter: 17 | loss: 0.017
iter: 18 | loss: 0.028
iter: 19 | loss: 0.034
iter: 20 | loss: 0.043
iter: 21 | loss: 0.032
iter: 22 | loss: 0.049
iter: 23 | loss: 0.017
iter: 24 | loss: 0.033
iter: 25 | loss: 0.022
iter: 26 | loss: 0.016
iter: 27 | loss: 0.049
iter: 28 | loss: 0.018
iter: 29 | loss: 0.011
iter: 30 | loss: 0.018
iter: 31 | loss: 0.043
iter: 32 | loss: 0.040
testing r= 5
rrse(target)=107.05997333562624 / 34.87594854780834 | rrse(all)=178912454333630.4 / 34622966134154.824 | report_mode=targets
[Validation] per_target_rrse_json={"us_Trade Weighted Dollar Index": 3.9368884563446045, "jp_fx": 5.282742023468018, "kr_fx": 2.9774909019470215}
[Validation] per_target_lag_mae_json={"us_Trade Weighted Dollar Index": 0.5149202942848206, "jp_fx": 0.5495633482933044, "kr_fx": 6.402798652648926}
[Validation] per_target_dir_mismatch_json={"us_Trade Weighted Dollar Index": 0.36363636363636365, "jp_fx": 0.36363636363636365, "kr_fx": 0.36363636363636365}
| end of epoch  10 | time:  1.71s | train_loss 0.0274 | valid rse 3.0697 | valid rae 3.9164 | valid corr  -0.0669 | valid smape  0.3397 | focus_rrse 4.0657 | obj 4.0657
Experiment: 1
Iter: 0
epoch: 11
hp= [1, 0.000102, 16, 128, 256, 1024, 20, 0.02, 2, 50, 0.6, 0.1, 2, 11]
best sum= 7.053034099945943
best rrse= 3.069736531720914
best rrae= 3.916391287409428
best corr= -0.06690628
best smape= 0.33970839569931033
best objective= 4.065706729888916
best hps= [1, 0.000102, 16, 128, 256, 1024, 20, 0.02, 2, 50, 0.6, 0.1, 2, 1]
best test rse= 3.212858477528643
best test corr= -0.06990926
[Target-Weighted Loss] weights applied: {'us_Trade Weighted Dollar Index': 50.0, 'kr_fx': 50.0, 'jp_fx': 50.0}
[Target-Only Loss] enabled for columns: ['us_Trade Weighted Dollar Index', 'jp_fx', 'kr_fx']
[Bias Penalty] enabled lambda=0.4 scope=focus cols=['us_Trade Weighted Dollar Index', 'jp_fx', 'kr_fx']
iter:  0 | loss: 0.021
iter:  1 | loss: 0.026
iter:  2 | loss: 0.024
iter:  3 | loss: 0.026
iter:  4 | loss: 0.039
iter:  5 | loss: 0.023
iter:  6 | loss: 0.042
iter:  7 | loss: 0.011
iter:  8 | loss: 0.024
iter:  9 | loss: 0.039
iter: 10 | loss: 0.031
iter: 11 | loss: 0.044
iter: 12 | loss: 0.022
iter: 13 | loss: 0.019
iter: 14 | loss: 0.030
iter: 15 | loss: 0.026
iter: 16 | loss: 0.033
iter: 17 | loss: 0.014
iter: 18 | loss: 0.031
iter: 19 | loss: 0.018
iter: 20 | loss: 0.018
iter: 21 | loss: 0.018
iter: 22 | loss: 0.041
iter: 23 | loss: 0.017
iter: 24 | loss: 0.040
iter: 25 | loss: 0.038
iter: 26 | loss: 0.016
iter: 27 | loss: 0.033
iter: 28 | loss: 0.038
iter: 29 | loss: 0.027
iter: 30 | loss: 0.015
iter: 31 | loss: 0.023
iter: 32 | loss: 0.043
testing r= 5
rrse(target)=107.05997333562624 / 34.87594854780834 | rrse(all)=178912454333630.4 / 34622966134154.824 | report_mode=targets
[Validation] per_target_rrse_json={"us_Trade Weighted Dollar Index": 3.9368884563446045, "jp_fx": 5.282742023468018, "kr_fx": 2.9774909019470215}
[Validation] per_target_lag_mae_json={"us_Trade Weighted Dollar Index": 0.5149202942848206, "jp_fx": 0.5495633482933044, "kr_fx": 6.402798652648926}
[Validation] per_target_dir_mismatch_json={"us_Trade Weighted Dollar Index": 0.36363636363636365, "jp_fx": 0.36363636363636365, "kr_fx": 0.36363636363636365}
| end of epoch  11 | time:  1.71s | train_loss 0.0275 | valid rse 3.0697 | valid rae 3.9164 | valid corr  -0.0669 | valid smape  0.3397 | focus_rrse 4.0657 | obj 4.0657
Experiment: 1
Iter: 0
epoch: 12
hp= [1, 0.000102, 16, 128, 256, 1024, 20, 0.02, 2, 50, 0.6, 0.1, 2, 12]
best sum= 7.053034099945943
best rrse= 3.069736531720914
best rrae= 3.916391287409428
best corr= -0.06690628
best smape= 0.33970839569931033
best objective= 4.065706729888916
best hps= [1, 0.000102, 16, 128, 256, 1024, 20, 0.02, 2, 50, 0.6, 0.1, 2, 1]
best test rse= 3.212858477528643
best test corr= -0.06990926
[Target-Weighted Loss] weights applied: {'us_Trade Weighted Dollar Index': 50.0, 'kr_fx': 50.0, 'jp_fx': 50.0}
[Target-Only Loss] enabled for columns: ['us_Trade Weighted Dollar Index', 'jp_fx', 'kr_fx']
[Bias Penalty] enabled lambda=0.4 scope=focus cols=['us_Trade Weighted Dollar Index', 'jp_fx', 'kr_fx']
iter:  0 | loss: 0.017
iter:  1 | loss: 0.041
iter:  2 | loss: 0.026
iter:  3 | loss: 0.014
iter:  4 | loss: 0.027
iter:  5 | loss: 0.017
iter:  6 | loss: 0.068
iter:  7 | loss: 0.044
iter:  8 | loss: 0.027
iter:  9 | loss: 0.005
iter: 10 | loss: 0.023
iter: 11 | loss: 0.023
iter: 12 | loss: 0.016
iter: 13 | loss: 0.019
iter: 14 | loss: 0.020
iter: 15 | loss: 0.028
iter: 16 | loss: 0.018
iter: 17 | loss: 0.016
iter: 18 | loss: 0.016
iter: 19 | loss: 0.011
iter: 20 | loss: 0.034
iter: 21 | loss: 0.031
iter: 22 | loss: 0.039
iter: 23 | loss: 0.038
iter: 24 | loss: 0.026
iter: 25 | loss: 0.037
iter: 26 | loss: 0.032
iter: 27 | loss: 0.031
iter: 28 | loss: 0.038
iter: 29 | loss: 0.017
iter: 30 | loss: 0.050
iter: 31 | loss: 0.019
iter: 32 | loss: 0.047
testing r= 5
rrse(target)=107.05997333562624 / 34.87594854780834 | rrse(all)=178912454333630.4 / 34622966134154.824 | report_mode=targets
[Validation] per_target_rrse_json={"us_Trade Weighted Dollar Index": 3.9368884563446045, "jp_fx": 5.282742023468018, "kr_fx": 2.9774909019470215}
[Validation] per_target_lag_mae_json={"us_Trade Weighted Dollar Index": 0.5149202942848206, "jp_fx": 0.5495633482933044, "kr_fx": 6.402798652648926}
[Validation] per_target_dir_mismatch_json={"us_Trade Weighted Dollar Index": 0.36363636363636365, "jp_fx": 0.36363636363636365, "kr_fx": 0.36363636363636365}
| end of epoch  12 | time:  1.71s | train_loss 0.0276 | valid rse 3.0697 | valid rae 3.9164 | valid corr  -0.0669 | valid smape  0.3397 | focus_rrse 4.0657 | obj 4.0657
Experiment: 1
Iter: 0
epoch: 13
hp= [1, 0.000102, 16, 128, 256, 1024, 20, 0.02, 2, 50, 0.6, 0.1, 2, 13]
best sum= 7.053034099945943
best rrse= 3.069736531720914
best rrae= 3.916391287409428
best corr= -0.06690628
best smape= 0.33970839569931033
best objective= 4.065706729888916
best hps= [1, 0.000102, 16, 128, 256, 1024, 20, 0.02, 2, 50, 0.6, 0.1, 2, 1]
best test rse= 3.212858477528643
best test corr= -0.06990926
[Target-Weighted Loss] weights applied: {'us_Trade Weighted Dollar Index': 50.0, 'kr_fx': 50.0, 'jp_fx': 50.0}
[Target-Only Loss] enabled for columns: ['us_Trade Weighted Dollar Index', 'jp_fx', 'kr_fx']
[Bias Penalty] enabled lambda=0.4 scope=focus cols=['us_Trade Weighted Dollar Index', 'jp_fx', 'kr_fx']
iter:  0 | loss: 0.038
iter:  1 | loss: 0.029
iter:  2 | loss: 0.025
iter:  3 | loss: 0.032
iter:  4 | loss: 0.027
iter:  5 | loss: 0.036
iter:  6 | loss: 0.019
iter:  7 | loss: 0.046
iter:  8 | loss: 0.046
iter:  9 | loss: 0.014
iter: 10 | loss: 0.013
iter: 11 | loss: 0.025
iter: 12 | loss: 0.016
iter: 13 | loss: 0.040
iter: 14 | loss: 0.017
iter: 15 | loss: 0.029
iter: 16 | loss: 0.017
iter: 17 | loss: 0.019
iter: 18 | loss: 0.020
iter: 19 | loss: 0.016
iter: 20 | loss: 0.028
iter: 21 | loss: 0.030
iter: 22 | loss: 0.022
iter: 23 | loss: 0.028
iter: 24 | loss: 0.029
iter: 25 | loss: 0.030
iter: 26 | loss: 0.026
iter: 27 | loss: 0.028
iter: 28 | loss: 0.019
iter: 29 | loss: 0.026
iter: 30 | loss: 0.028
iter: 31 | loss: 0.020
iter: 32 | loss: 0.044
testing r= 5
rrse(target)=107.05997333562624 / 34.87594854780834 | rrse(all)=178912454333630.4 / 34622966134154.824 | report_mode=targets
[Validation] per_target_rrse_json={"us_Trade Weighted Dollar Index": 3.9368884563446045, "jp_fx": 5.282742023468018, "kr_fx": 2.9774909019470215}
[Validation] per_target_lag_mae_json={"us_Trade Weighted Dollar Index": 0.5149202942848206, "jp_fx": 0.5495633482933044, "kr_fx": 6.402798652648926}
[Validation] per_target_dir_mismatch_json={"us_Trade Weighted Dollar Index": 0.36363636363636365, "jp_fx": 0.36363636363636365, "kr_fx": 0.36363636363636365}
| end of epoch  13 | time:  1.77s | train_loss 0.0266 | valid rse 3.0697 | valid rae 3.9164 | valid corr  -0.0669 | valid smape  0.3397 | focus_rrse 4.0657 | obj 4.0657
Experiment: 1
Iter: 0
epoch: 14
hp= [1, 0.000102, 16, 128, 256, 1024, 20, 0.02, 2, 50, 0.6, 0.1, 2, 14]
best sum= 7.053034099945943
best rrse= 3.069736531720914
best rrae= 3.916391287409428
best corr= -0.06690628
best smape= 0.33970839569931033
best objective= 4.065706729888916
best hps= [1, 0.000102, 16, 128, 256, 1024, 20, 0.02, 2, 50, 0.6, 0.1, 2, 1]
best test rse= 3.212858477528643
best test corr= -0.06990926
[Target-Weighted Loss] weights applied: {'us_Trade Weighted Dollar Index': 50.0, 'kr_fx': 50.0, 'jp_fx': 50.0}
[Target-Only Loss] enabled for columns: ['us_Trade Weighted Dollar Index', 'jp_fx', 'kr_fx']
[Bias Penalty] enabled lambda=0.4 scope=focus cols=['us_Trade Weighted Dollar Index', 'jp_fx', 'kr_fx']
iter:  0 | loss: 0.015
iter:  1 | loss: 0.029
iter:  2 | loss: 0.020
iter:  3 | loss: 0.062
iter:  4 | loss: 0.050
iter:  5 | loss: 0.020
iter:  6 | loss: 0.036
iter:  7 | loss: 0.027
iter:  8 | loss: 0.018
iter:  9 | loss: 0.038
iter: 10 | loss: 0.013
iter: 11 | loss: 0.034
iter: 12 | loss: 0.016
iter: 13 | loss: 0.013
iter: 14 | loss: 0.016
iter: 15 | loss: 0.021
iter: 16 | loss: 0.043
iter: 17 | loss: 0.016
iter: 18 | loss: 0.023
iter: 19 | loss: 0.048
iter: 20 | loss: 0.031
iter: 21 | loss: 0.020
iter: 22 | loss: 0.037
iter: 23 | loss: 0.020
iter: 24 | loss: 0.032
iter: 25 | loss: 0.017
iter: 26 | loss: 0.036
iter: 27 | loss: 0.014
iter: 28 | loss: 0.019
iter: 29 | loss: 0.038
iter: 30 | loss: 0.027
iter: 31 | loss: 0.018
iter: 32 | loss: 0.068
testing r= 5
rrse(target)=107.05997333562624 / 34.87594854780834 | rrse(all)=178912454333630.4 / 34622966134154.824 | report_mode=targets
[Validation] per_target_rrse_json={"us_Trade Weighted Dollar Index": 3.9368884563446045, "jp_fx": 5.282742023468018, "kr_fx": 2.9774909019470215}
[Validation] per_target_lag_mae_json={"us_Trade Weighted Dollar Index": 0.5149202942848206, "jp_fx": 0.5495633482933044, "kr_fx": 6.402798652648926}
[Validation] per_target_dir_mismatch_json={"us_Trade Weighted Dollar Index": 0.36363636363636365, "jp_fx": 0.36363636363636365, "kr_fx": 0.36363636363636365}
| end of epoch  14 | time:  1.73s | train_loss 0.0281 | valid rse 3.0697 | valid rae 3.9164 | valid corr  -0.0669 | valid smape  0.3397 | focus_rrse 4.0657 | obj 4.0657
Experiment: 1
Iter: 0
epoch: 15
hp= [1, 0.000102, 16, 128, 256, 1024, 20, 0.02, 2, 50, 0.6, 0.1, 2, 15]
best sum= 7.053034099945943
best rrse= 3.069736531720914
best rrae= 3.916391287409428
best corr= -0.06690628
best smape= 0.33970839569931033
best objective= 4.065706729888916
best hps= [1, 0.000102, 16, 128, 256, 1024, 20, 0.02, 2, 50, 0.6, 0.1, 2, 1]
best test rse= 3.212858477528643
best test corr= -0.06990926
[Target-Weighted Loss] weights applied: {'us_Trade Weighted Dollar Index': 50.0, 'kr_fx': 50.0, 'jp_fx': 50.0}
[Target-Only Loss] enabled for columns: ['us_Trade Weighted Dollar Index', 'jp_fx', 'kr_fx']
[Bias Penalty] enabled lambda=0.4 scope=focus cols=['us_Trade Weighted Dollar Index', 'jp_fx', 'kr_fx']
iter:  0 | loss: 0.040
iter:  1 | loss: 0.019
iter:  2 | loss: 0.024
iter:  3 | loss: 0.031
iter:  4 | loss: 0.020
iter:  5 | loss: 0.022
iter:  6 | loss: 0.025
iter:  7 | loss: 0.021
iter:  8 | loss: 0.034
iter:  9 | loss: 0.014
iter: 10 | loss: 0.029
iter: 11 | loss: 0.027
iter: 12 | loss: 0.012
iter: 13 | loss: 0.035
iter: 14 | loss: 0.021
iter: 15 | loss: 0.035
iter: 16 | loss: 0.026
iter: 17 | loss: 0.023
iter: 18 | loss: 0.029
iter: 19 | loss: 0.027
iter: 20 | loss: 0.035
iter: 21 | loss: 0.025
iter: 22 | loss: 0.035
iter: 23 | loss: 0.018
iter: 24 | loss: 0.022
iter: 25 | loss: 0.020
iter: 26 | loss: 0.019
iter: 27 | loss: 0.023
iter: 28 | loss: 0.028
iter: 29 | loss: 0.024
iter: 30 | loss: 0.050
iter: 31 | loss: 0.032
iter: 32 | loss: 0.034
testing r= 5
rrse(target)=107.05997333562624 / 34.87594854780834 | rrse(all)=178912454333630.4 / 34622966134154.824 | report_mode=targets
[Validation] per_target_rrse_json={"us_Trade Weighted Dollar Index": 3.9368884563446045, "jp_fx": 5.282742023468018, "kr_fx": 2.9774909019470215}
[Validation] per_target_lag_mae_json={"us_Trade Weighted Dollar Index": 0.5149202942848206, "jp_fx": 0.5495633482933044, "kr_fx": 6.402798652648926}
[Validation] per_target_dir_mismatch_json={"us_Trade Weighted Dollar Index": 0.36363636363636365, "jp_fx": 0.36363636363636365, "kr_fx": 0.36363636363636365}
| end of epoch  15 | time:  1.67s | train_loss 0.0266 | valid rse 3.0697 | valid rae 3.9164 | valid corr  -0.0669 | valid smape  0.3397 | focus_rrse 4.0657 | obj 4.0657
Experiment: 1
Iter: 0
epoch: 16
hp= [1, 0.000102, 16, 128, 256, 1024, 20, 0.02, 2, 50, 0.6, 0.1, 2, 16]
best sum= 7.053034099945943
best rrse= 3.069736531720914
best rrae= 3.916391287409428
best corr= -0.06690628
best smape= 0.33970839569931033
best objective= 4.065706729888916
best hps= [1, 0.000102, 16, 128, 256, 1024, 20, 0.02, 2, 50, 0.6, 0.1, 2, 1]
best test rse= 3.212858477528643
best test corr= -0.06990926
[Target-Weighted Loss] weights applied: {'us_Trade Weighted Dollar Index': 50.0, 'kr_fx': 50.0, 'jp_fx': 50.0}
[Target-Only Loss] enabled for columns: ['us_Trade Weighted Dollar Index', 'jp_fx', 'kr_fx']
[Bias Penalty] enabled lambda=0.4 scope=focus cols=['us_Trade Weighted Dollar Index', 'jp_fx', 'kr_fx']
iter:  0 | loss: 0.047
iter:  1 | loss: 0.014
iter:  2 | loss: 0.046
iter:  3 | loss: 0.025
iter:  4 | loss: 0.046
iter:  5 | loss: 0.024
iter:  6 | loss: 0.013
iter:  7 | loss: 0.043
iter:  8 | loss: 0.014
iter:  9 | loss: 0.023
iter: 10 | loss: 0.030
iter: 11 | loss: 0.016
iter: 12 | loss: 0.033
iter: 13 | loss: 0.034
iter: 14 | loss: 0.022
iter: 15 | loss: 0.018
iter: 16 | loss: 0.035
iter: 17 | loss: 0.013
iter: 18 | loss: 0.039
iter: 19 | loss: 0.017
iter: 20 | loss: 0.015
iter: 21 | loss: 0.016
iter: 22 | loss: 0.022
iter: 23 | loss: 0.032
iter: 24 | loss: 0.016
iter: 25 | loss: 0.029
iter: 26 | loss: 0.032
iter: 27 | loss: 0.018
iter: 28 | loss: 0.024
iter: 29 | loss: 0.021
iter: 30 | loss: 0.043
iter: 31 | loss: 0.022
iter: 32 | loss: 0.093
testing r= 5
rrse(target)=107.05997333562624 / 34.87594854780834 | rrse(all)=178912454333630.4 / 34622966134154.824 | report_mode=targets
[Validation] per_target_rrse_json={"us_Trade Weighted Dollar Index": 3.9368884563446045, "jp_fx": 5.282742023468018, "kr_fx": 2.9774909019470215}
[Validation] per_target_lag_mae_json={"us_Trade Weighted Dollar Index": 0.5149202942848206, "jp_fx": 0.5495633482933044, "kr_fx": 6.402798652648926}
[Validation] per_target_dir_mismatch_json={"us_Trade Weighted Dollar Index": 0.36363636363636365, "jp_fx": 0.36363636363636365, "kr_fx": 0.36363636363636365}
| end of epoch  16 | time:  1.62s | train_loss 0.0278 | valid rse 3.0697 | valid rae 3.9164 | valid corr  -0.0669 | valid smape  0.3397 | focus_rrse 4.0657 | obj 4.0657
Experiment: 1
Iter: 0
epoch: 17
hp= [1, 0.000102, 16, 128, 256, 1024, 20, 0.02, 2, 50, 0.6, 0.1, 2, 17]
best sum= 7.053034099945943
best rrse= 3.069736531720914
best rrae= 3.916391287409428
best corr= -0.06690628
best smape= 0.33970839569931033
best objective= 4.065706729888916
best hps= [1, 0.000102, 16, 128, 256, 1024, 20, 0.02, 2, 50, 0.6, 0.1, 2, 1]
best test rse= 3.212858477528643
best test corr= -0.06990926
[Target-Weighted Loss] weights applied: {'us_Trade Weighted Dollar Index': 50.0, 'kr_fx': 50.0, 'jp_fx': 50.0}
[Target-Only Loss] enabled for columns: ['us_Trade Weighted Dollar Index', 'jp_fx', 'kr_fx']
[Bias Penalty] enabled lambda=0.4 scope=focus cols=['us_Trade Weighted Dollar Index', 'jp_fx', 'kr_fx']
iter:  0 | loss: 0.021
iter:  1 | loss: 0.016
iter:  2 | loss: 0.023
iter:  3 | loss: 0.034
iter:  4 | loss: 0.049
iter:  5 | loss: 0.020
iter:  6 | loss: 0.036
iter:  7 | loss: 0.019
iter:  8 | loss: 0.021
iter:  9 | loss: 0.020
iter: 10 | loss: 0.020
iter: 11 | loss: 0.035
iter: 12 | loss: 0.030
iter: 13 | loss: 0.028
iter: 14 | loss: 0.023
iter: 15 | loss: 0.021
iter: 16 | loss: 0.034
iter: 17 | loss: 0.019
iter: 18 | loss: 0.012
iter: 19 | loss: 0.045
iter: 20 | loss: 0.029
iter: 21 | loss: 0.038
iter: 22 | loss: 0.060
iter: 23 | loss: 0.013
iter: 24 | loss: 0.023
iter: 25 | loss: 0.027
iter: 26 | loss: 0.021
iter: 27 | loss: 0.021
iter: 28 | loss: 0.025
iter: 29 | loss: 0.027
iter: 30 | loss: 0.034
iter: 31 | loss: 0.021
iter: 32 | loss: 0.035
testing r= 5
rrse(target)=107.05997333562624 / 34.87594854780834 | rrse(all)=178912454333630.4 / 34622966134154.824 | report_mode=targets
[Validation] per_target_rrse_json={"us_Trade Weighted Dollar Index": 3.9368884563446045, "jp_fx": 5.282742023468018, "kr_fx": 2.9774909019470215}
[Validation] per_target_lag_mae_json={"us_Trade Weighted Dollar Index": 0.5149202942848206, "jp_fx": 0.5495633482933044, "kr_fx": 6.402798652648926}
[Validation] per_target_dir_mismatch_json={"us_Trade Weighted Dollar Index": 0.36363636363636365, "jp_fx": 0.36363636363636365, "kr_fx": 0.36363636363636365}
| end of epoch  17 | time:  1.67s | train_loss 0.0272 | valid rse 3.0697 | valid rae 3.9164 | valid corr  -0.0669 | valid smape  0.3397 | focus_rrse 4.0657 | obj 4.0657
Experiment: 1
Iter: 0
epoch: 18
hp= [1, 0.000102, 16, 128, 256, 1024, 20, 0.02, 2, 50, 0.6, 0.1, 2, 18]
best sum= 7.053034099945943
best rrse= 3.069736531720914
best rrae= 3.916391287409428
best corr= -0.06690628
best smape= 0.33970839569931033
best objective= 4.065706729888916
best hps= [1, 0.000102, 16, 128, 256, 1024, 20, 0.02, 2, 50, 0.6, 0.1, 2, 1]
best test rse= 3.212858477528643
best test corr= -0.06990926
[Target-Weighted Loss] weights applied: {'us_Trade Weighted Dollar Index': 50.0, 'kr_fx': 50.0, 'jp_fx': 50.0}
[Target-Only Loss] enabled for columns: ['us_Trade Weighted Dollar Index', 'jp_fx', 'kr_fx']
[Bias Penalty] enabled lambda=0.4 scope=focus cols=['us_Trade Weighted Dollar Index', 'jp_fx', 'kr_fx']
iter:  0 | loss: 0.015
iter:  1 | loss: 0.021
iter:  2 | loss: 0.019
iter:  3 | loss: 0.014
iter:  4 | loss: 0.015
iter:  5 | loss: 0.020
iter:  6 | loss: 0.015
iter:  7 | loss: 0.026
iter:  8 | loss: 0.028
iter:  9 | loss: 0.033
iter: 10 | loss: 0.034
iter: 11 | loss: 0.037
iter: 12 | loss: 0.049
iter: 13 | loss: 0.018
iter: 14 | loss: 0.029
iter: 15 | loss: 0.027
iter: 16 | loss: 0.015
iter: 17 | loss: 0.038
iter: 18 | loss: 0.024
iter: 19 | loss: 0.015
iter: 20 | loss: 0.019
iter: 21 | loss: 0.028
iter: 22 | loss: 0.023
iter: 23 | loss: 0.025
iter: 24 | loss: 0.035
iter: 25 | loss: 0.048
iter: 26 | loss: 0.054
iter: 27 | loss: 0.029
iter: 28 | loss: 0.014
iter: 29 | loss: 0.025
iter: 30 | loss: 0.022
iter: 31 | loss: 0.029
iter: 32 | loss: 0.057
testing r= 5
rrse(target)=107.05997333562624 / 34.87594854780834 | rrse(all)=178912454333630.4 / 34622966134154.824 | report_mode=targets
[Validation] per_target_rrse_json={"us_Trade Weighted Dollar Index": 3.9368884563446045, "jp_fx": 5.282742023468018, "kr_fx": 2.9774909019470215}
[Validation] per_target_lag_mae_json={"us_Trade Weighted Dollar Index": 0.5149202942848206, "jp_fx": 0.5495633482933044, "kr_fx": 6.402798652648926}
[Validation] per_target_dir_mismatch_json={"us_Trade Weighted Dollar Index": 0.36363636363636365, "jp_fx": 0.36363636363636365, "kr_fx": 0.36363636363636365}
| end of epoch  18 | time:  1.65s | train_loss 0.0270 | valid rse 3.0697 | valid rae 3.9164 | valid corr  -0.0669 | valid smape  0.3397 | focus_rrse 4.0657 | obj 4.0657
Experiment: 1
Iter: 0
epoch: 19
hp= [1, 0.000102, 16, 128, 256, 1024, 20, 0.02, 2, 50, 0.6, 0.1, 2, 19]
best sum= 7.053034099945943
best rrse= 3.069736531720914
best rrae= 3.916391287409428
best corr= -0.06690628
best smape= 0.33970839569931033
best objective= 4.065706729888916
best hps= [1, 0.000102, 16, 128, 256, 1024, 20, 0.02, 2, 50, 0.6, 0.1, 2, 1]
best test rse= 3.212858477528643
best test corr= -0.06990926
[Target-Weighted Loss] weights applied: {'us_Trade Weighted Dollar Index': 50.0, 'kr_fx': 50.0, 'jp_fx': 50.0}
[Target-Only Loss] enabled for columns: ['us_Trade Weighted Dollar Index', 'jp_fx', 'kr_fx']
[Bias Penalty] enabled lambda=0.4 scope=focus cols=['us_Trade Weighted Dollar Index', 'jp_fx', 'kr_fx']
iter:  0 | loss: 0.022
iter:  1 | loss: 0.016
iter:  2 | loss: 0.027
iter:  3 | loss: 0.037
iter:  4 | loss: 0.039
iter:  5 | loss: 0.021
iter:  6 | loss: 0.020
iter:  7 | loss: 0.026
iter:  8 | loss: 0.016
iter:  9 | loss: 0.021
iter: 10 | loss: 0.022
iter: 11 | loss: 0.025
iter: 12 | loss: 0.027
iter: 13 | loss: 0.026
iter: 14 | loss: 0.024
iter: 15 | loss: 0.071
iter: 16 | loss: 0.047
iter: 17 | loss: 0.018
iter: 18 | loss: 0.017
iter: 19 | loss: 0.024
iter: 20 | loss: 0.035
iter: 21 | loss: 0.017
iter: 22 | loss: 0.030
iter: 23 | loss: 0.025
iter: 24 | loss: 0.009
iter: 25 | loss: 0.016
iter: 26 | loss: 0.021
iter: 27 | loss: 0.032
iter: 28 | loss: 0.034
iter: 29 | loss: 0.026
iter: 30 | loss: 0.021
iter: 31 | loss: 0.030
iter: 32 | loss: 0.030
testing r= 5
rrse(target)=107.05997333562624 / 34.87594854780834 | rrse(all)=178912454333630.4 / 34622966134154.824 | report_mode=targets
[Validation] per_target_rrse_json={"us_Trade Weighted Dollar Index": 3.9368884563446045, "jp_fx": 5.282742023468018, "kr_fx": 2.9774909019470215}
[Validation] per_target_lag_mae_json={"us_Trade Weighted Dollar Index": 0.5149202942848206, "jp_fx": 0.5495633482933044, "kr_fx": 6.402798652648926}
[Validation] per_target_dir_mismatch_json={"us_Trade Weighted Dollar Index": 0.36363636363636365, "jp_fx": 0.36363636363636365, "kr_fx": 0.36363636363636365}
| end of epoch  19 | time:  1.69s | train_loss 0.0264 | valid rse 3.0697 | valid rae 3.9164 | valid corr  -0.0669 | valid smape  0.3397 | focus_rrse 4.0657 | obj 4.0657
Experiment: 1
Iter: 0
epoch: 20
hp= [1, 0.000102, 16, 128, 256, 1024, 20, 0.02, 2, 50, 0.6, 0.1, 2, 20]
best sum= 7.053034099945943
best rrse= 3.069736531720914
best rrae= 3.916391287409428
best corr= -0.06690628
best smape= 0.33970839569931033
best objective= 4.065706729888916
best hps= [1, 0.000102, 16, 128, 256, 1024, 20, 0.02, 2, 50, 0.6, 0.1, 2, 1]
best test rse= 3.212858477528643
best test corr= -0.06990926
[Target-Weighted Loss] weights applied: {'us_Trade Weighted Dollar Index': 50.0, 'kr_fx': 50.0, 'jp_fx': 50.0}
[Target-Only Loss] enabled for columns: ['us_Trade Weighted Dollar Index', 'jp_fx', 'kr_fx']
[Bias Penalty] enabled lambda=0.4 scope=focus cols=['us_Trade Weighted Dollar Index', 'jp_fx', 'kr_fx']
iter:  0 | loss: 0.027
iter:  1 | loss: 0.015
iter:  2 | loss: 0.021
iter:  3 | loss: 0.017
iter:  4 | loss: 0.050
iter:  5 | loss: 0.028
iter:  6 | loss: 0.022
iter:  7 | loss: 0.031
iter:  8 | loss: 0.054
iter:  9 | loss: 0.021
iter: 10 | loss: 0.045
iter: 11 | loss: 0.026
iter: 12 | loss: 0.042
iter: 13 | loss: 0.035
iter: 14 | loss: 0.029
iter: 15 | loss: 0.016
iter: 16 | loss: 0.023
iter: 17 | loss: 0.033
iter: 18 | loss: 0.036
iter: 19 | loss: 0.046
iter: 20 | loss: 0.012
iter: 21 | loss: 0.025
iter: 22 | loss: 0.009
iter: 23 | loss: 0.025
iter: 24 | loss: 0.017
iter: 25 | loss: 0.013
iter: 26 | loss: 0.018
iter: 27 | loss: 0.031
iter: 28 | loss: 0.045
iter: 29 | loss: 0.014
iter: 30 | loss: 0.025
iter: 31 | loss: 0.017
iter: 32 | loss: 0.030
testing r= 5
rrse(target)=107.05997333562624 / 34.87594854780834 | rrse(all)=178912454333630.4 / 34622966134154.824 | report_mode=targets
[Validation] per_target_rrse_json={"us_Trade Weighted Dollar Index": 3.9368884563446045, "jp_fx": 5.282742023468018, "kr_fx": 2.9774909019470215}
[Validation] per_target_lag_mae_json={"us_Trade Weighted Dollar Index": 0.5149202942848206, "jp_fx": 0.5495633482933044, "kr_fx": 6.402798652648926}
[Validation] per_target_dir_mismatch_json={"us_Trade Weighted Dollar Index": 0.36363636363636365, "jp_fx": 0.36363636363636365, "kr_fx": 0.36363636363636365}
| end of epoch  20 | time:  1.70s | train_loss 0.0271 | valid rse 3.0697 | valid rae 3.9164 | valid corr  -0.0669 | valid smape  0.3397 | focus_rrse 4.0657 | obj 4.0657
Experiment: 1
Iter: 0
epoch: 21
hp= [1, 0.000102, 16, 128, 256, 1024, 20, 0.02, 2, 50, 0.6, 0.1, 2, 21]
best sum= 7.053034099945943
best rrse= 3.069736531720914
best rrae= 3.916391287409428
best corr= -0.06690628
best smape= 0.33970839569931033
best objective= 4.065706729888916
best hps= [1, 0.000102, 16, 128, 256, 1024, 20, 0.02, 2, 50, 0.6, 0.1, 2, 1]
best test rse= 3.212858477528643
best test corr= -0.06990926
[Target-Weighted Loss] weights applied: {'us_Trade Weighted Dollar Index': 50.0, 'kr_fx': 50.0, 'jp_fx': 50.0}
[Target-Only Loss] enabled for columns: ['us_Trade Weighted Dollar Index', 'jp_fx', 'kr_fx']
[Bias Penalty] enabled lambda=0.4 scope=focus cols=['us_Trade Weighted Dollar Index', 'jp_fx', 'kr_fx']
iter:  0 | loss: 0.011
iter:  1 | loss: 0.018
iter:  2 | loss: 0.026
iter:  3 | loss: 0.021
iter:  4 | loss: 0.019
iter:  5 | loss: 0.031
iter:  6 | loss: 0.043
iter:  7 | loss: 0.035
iter:  8 | loss: 0.027
iter:  9 | loss: 0.018
iter: 10 | loss: 0.018
iter: 11 | loss: 0.016
iter: 12 | loss: 0.020
iter: 13 | loss: 0.031
iter: 14 | loss: 0.030
iter: 15 | loss: 0.041
iter: 16 | loss: 0.016
iter: 17 | loss: 0.036
iter: 18 | loss: 0.038
iter: 19 | loss: 0.036
iter: 20 | loss: 0.010
iter: 21 | loss: 0.043
iter: 22 | loss: 0.038
iter: 23 | loss: 0.019
iter: 24 | loss: 0.029
iter: 25 | loss: 0.024
iter: 26 | loss: 0.020
iter: 27 | loss: 0.015
iter: 28 | loss: 0.037
iter: 29 | loss: 0.039
iter: 30 | loss: 0.036
iter: 31 | loss: 0.042
iter: 32 | loss: 0.017
testing r= 5
rrse(target)=107.05997333562624 / 34.87594854780834 | rrse(all)=178912454333630.4 / 34622966134154.824 | report_mode=targets
[Validation] per_target_rrse_json={"us_Trade Weighted Dollar Index": 3.9368884563446045, "jp_fx": 5.282742023468018, "kr_fx": 2.9774909019470215}
[Validation] per_target_lag_mae_json={"us_Trade Weighted Dollar Index": 0.5149202942848206, "jp_fx": 0.5495633482933044, "kr_fx": 6.402798652648926}
[Validation] per_target_dir_mismatch_json={"us_Trade Weighted Dollar Index": 0.36363636363636365, "jp_fx": 0.36363636363636365, "kr_fx": 0.36363636363636365}
| end of epoch  21 | time:  1.73s | train_loss 0.0274 | valid rse 3.0697 | valid rae 3.9164 | valid corr  -0.0669 | valid smape  0.3397 | focus_rrse 4.0657 | obj 4.0657
Experiment: 1
Iter: 0
epoch: 22
hp= [1, 0.000102, 16, 128, 256, 1024, 20, 0.02, 2, 50, 0.6, 0.1, 2, 22]
best sum= 7.053034099945943
best rrse= 3.069736531720914
best rrae= 3.916391287409428
best corr= -0.06690628
best smape= 0.33970839569931033
best objective= 4.065706729888916
best hps= [1, 0.000102, 16, 128, 256, 1024, 20, 0.02, 2, 50, 0.6, 0.1, 2, 1]
best test rse= 3.212858477528643
best test corr= -0.06990926
[Target-Weighted Loss] weights applied: {'us_Trade Weighted Dollar Index': 50.0, 'kr_fx': 50.0, 'jp_fx': 50.0}
[Target-Only Loss] enabled for columns: ['us_Trade Weighted Dollar Index', 'jp_fx', 'kr_fx']
[Bias Penalty] enabled lambda=0.4 scope=focus cols=['us_Trade Weighted Dollar Index', 'jp_fx', 'kr_fx']
iter:  0 | loss: 0.063
iter:  1 | loss: 0.017
iter:  2 | loss: 0.024
iter:  3 | loss: 0.016
iter:  4 | loss: 0.028
iter:  5 | loss: 0.032
iter:  6 | loss: 0.025
iter:  7 | loss: 0.039
iter:  8 | loss: 0.023
iter:  9 | loss: 0.011
iter: 10 | loss: 0.023
iter: 11 | loss: 0.021
iter: 12 | loss: 0.026
iter: 13 | loss: 0.041
iter: 14 | loss: 0.022
iter: 15 | loss: 0.035
iter: 16 | loss: 0.016
iter: 17 | loss: 0.015
iter: 18 | loss: 0.036
iter: 19 | loss: 0.021
iter: 20 | loss: 0.022
iter: 21 | loss: 0.024
iter: 22 | loss: 0.026
iter: 23 | loss: 0.018
iter: 24 | loss: 0.047
iter: 25 | loss: 0.036
iter: 26 | loss: 0.014
iter: 27 | loss: 0.051
iter: 28 | loss: 0.036
iter: 29 | loss: 0.031
iter: 30 | loss: 0.006
iter: 31 | loss: 0.035
iter: 32 | loss: 0.040
testing r= 5
rrse(target)=107.05997333562624 / 34.87594854780834 | rrse(all)=178912454333630.4 / 34622966134154.824 | report_mode=targets
[Validation] per_target_rrse_json={"us_Trade Weighted Dollar Index": 3.9368884563446045, "jp_fx": 5.282742023468018, "kr_fx": 2.9774909019470215}
[Validation] per_target_lag_mae_json={"us_Trade Weighted Dollar Index": 0.5149202942848206, "jp_fx": 0.5495633482933044, "kr_fx": 6.402798652648926}
[Validation] per_target_dir_mismatch_json={"us_Trade Weighted Dollar Index": 0.36363636363636365, "jp_fx": 0.36363636363636365, "kr_fx": 0.36363636363636365}
| end of epoch  22 | time:  1.68s | train_loss 0.0278 | valid rse 3.0697 | valid rae 3.9164 | valid corr  -0.0669 | valid smape  0.3397 | focus_rrse 4.0657 | obj 4.0657
Experiment: 1
Iter: 0
epoch: 23
hp= [1, 0.000102, 16, 128, 256, 1024, 20, 0.02, 2, 50, 0.6, 0.1, 2, 23]
best sum= 7.053034099945943
best rrse= 3.069736531720914
best rrae= 3.916391287409428
best corr= -0.06690628
best smape= 0.33970839569931033
best objective= 4.065706729888916
best hps= [1, 0.000102, 16, 128, 256, 1024, 20, 0.02, 2, 50, 0.6, 0.1, 2, 1]
best test rse= 3.212858477528643
best test corr= -0.06990926
[Target-Weighted Loss] weights applied: {'us_Trade Weighted Dollar Index': 50.0, 'kr_fx': 50.0, 'jp_fx': 50.0}
[Target-Only Loss] enabled for columns: ['us_Trade Weighted Dollar Index', 'jp_fx', 'kr_fx']
[Bias Penalty] enabled lambda=0.4 scope=focus cols=['us_Trade Weighted Dollar Index', 'jp_fx', 'kr_fx']
iter:  0 | loss: 0.016
iter:  1 | loss: 0.019
iter:  2 | loss: 0.019
iter:  3 | loss: 0.039
iter:  4 | loss: 0.021
iter:  5 | loss: 0.022
iter:  6 | loss: 0.037
iter:  7 | loss: 0.019
iter:  8 | loss: 0.024
iter:  9 | loss: 0.060
iter: 10 | loss: 0.025
iter: 11 | loss: 0.018
iter: 12 | loss: 0.013
iter: 13 | loss: 0.018
iter: 14 | loss: 0.020
iter: 15 | loss: 0.026
iter: 16 | loss: 0.054
iter: 17 | loss: 0.017
iter: 18 | loss: 0.017
iter: 19 | loss: 0.027
iter: 20 | loss: 0.025
iter: 21 | loss: 0.032
iter: 22 | loss: 0.026
iter: 23 | loss: 0.020
iter: 24 | loss: 0.051
iter: 25 | loss: 0.024
iter: 26 | loss: 0.038
iter: 27 | loss: 0.031
iter: 28 | loss: 0.043
iter: 29 | loss: 0.029
iter: 30 | loss: 0.031
iter: 31 | loss: 0.027
iter: 32 | loss: 0.032
testing r= 5
rrse(target)=107.05997333562624 / 34.87594854780834 | rrse(all)=178912454333630.4 / 34622966134154.824 | report_mode=targets
[Validation] per_target_rrse_json={"us_Trade Weighted Dollar Index": 3.9368884563446045, "jp_fx": 5.282742023468018, "kr_fx": 2.9774909019470215}
[Validation] per_target_lag_mae_json={"us_Trade Weighted Dollar Index": 0.5149202942848206, "jp_fx": 0.5495633482933044, "kr_fx": 6.402798652648926}
[Validation] per_target_dir_mismatch_json={"us_Trade Weighted Dollar Index": 0.36363636363636365, "jp_fx": 0.36363636363636365, "kr_fx": 0.36363636363636365}
| end of epoch  23 | time:  1.72s | train_loss 0.0279 | valid rse 3.0697 | valid rae 3.9164 | valid corr  -0.0669 | valid smape  0.3397 | focus_rrse 4.0657 | obj 4.0657
Experiment: 1
Iter: 0
epoch: 24
hp= [1, 0.000102, 16, 128, 256, 1024, 20, 0.02, 2, 50, 0.6, 0.1, 2, 24]
best sum= 7.053034099945943
best rrse= 3.069736531720914
best rrae= 3.916391287409428
best corr= -0.06690628
best smape= 0.33970839569931033
best objective= 4.065706729888916
best hps= [1, 0.000102, 16, 128, 256, 1024, 20, 0.02, 2, 50, 0.6, 0.1, 2, 1]
best test rse= 3.212858477528643
best test corr= -0.06990926
[Target-Weighted Loss] weights applied: {'us_Trade Weighted Dollar Index': 50.0, 'kr_fx': 50.0, 'jp_fx': 50.0}
[Target-Only Loss] enabled for columns: ['us_Trade Weighted Dollar Index', 'jp_fx', 'kr_fx']
[Bias Penalty] enabled lambda=0.4 scope=focus cols=['us_Trade Weighted Dollar Index', 'jp_fx', 'kr_fx']
iter:  0 | loss: 0.023
iter:  1 | loss: 0.016
iter:  2 | loss: 0.019
iter:  3 | loss: 0.029
iter:  4 | loss: 0.033
iter:  5 | loss: 0.026
iter:  6 | loss: 0.022
iter:  7 | loss: 0.013
iter:  8 | loss: 0.042
iter:  9 | loss: 0.045
iter: 10 | loss: 0.035
iter: 11 | loss: 0.034
iter: 12 | loss: 0.046
iter: 13 | loss: 0.035
iter: 14 | loss: 0.025
iter: 15 | loss: 0.014
iter: 16 | loss: 0.022
iter: 17 | loss: 0.010
iter: 18 | loss: 0.011
iter: 19 | loss: 0.022
iter: 20 | loss: 0.048
iter: 21 | loss: 0.036
iter: 22 | loss: 0.027
iter: 23 | loss: 0.019
iter: 24 | loss: 0.060
iter: 25 | loss: 0.012
iter: 26 | loss: 0.025
iter: 27 | loss: 0.045
iter: 28 | loss: 0.018
iter: 29 | loss: 0.018
iter: 30 | loss: 0.033
iter: 31 | loss: 0.037
iter: 32 | loss: 0.035
testing r= 5
rrse(target)=107.05997333562624 / 34.87594854780834 | rrse(all)=178912454333630.4 / 34622966134154.824 | report_mode=targets
[Validation] per_target_rrse_json={"us_Trade Weighted Dollar Index": 3.9368884563446045, "jp_fx": 5.282742023468018, "kr_fx": 2.9774909019470215}
[Validation] per_target_lag_mae_json={"us_Trade Weighted Dollar Index": 0.5149202942848206, "jp_fx": 0.5495633482933044, "kr_fx": 6.402798652648926}
[Validation] per_target_dir_mismatch_json={"us_Trade Weighted Dollar Index": 0.36363636363636365, "jp_fx": 0.36363636363636365, "kr_fx": 0.36363636363636365}
| end of epoch  24 | time:  1.68s | train_loss 0.0283 | valid rse 3.0697 | valid rae 3.9164 | valid corr  -0.0669 | valid smape  0.3397 | focus_rrse 4.0657 | obj 4.0657
Experiment: 1
Iter: 0
epoch: 25
hp= [1, 0.000102, 16, 128, 256, 1024, 20, 0.02, 2, 50, 0.6, 0.1, 2, 25]
best sum= 7.053034099945943
best rrse= 3.069736531720914
best rrae= 3.916391287409428
best corr= -0.06690628
best smape= 0.33970839569931033
best objective= 4.065706729888916
best hps= [1, 0.000102, 16, 128, 256, 1024, 20, 0.02, 2, 50, 0.6, 0.1, 2, 1]
best test rse= 3.212858477528643
best test corr= -0.06990926
[Target-Weighted Loss] weights applied: {'us_Trade Weighted Dollar Index': 50.0, 'kr_fx': 50.0, 'jp_fx': 50.0}
[Target-Only Loss] enabled for columns: ['us_Trade Weighted Dollar Index', 'jp_fx', 'kr_fx']
[Bias Penalty] enabled lambda=0.4 scope=focus cols=['us_Trade Weighted Dollar Index', 'jp_fx', 'kr_fx']
iter:  0 | loss: 0.016
iter:  1 | loss: 0.019
iter:  2 | loss: 0.011
iter:  3 | loss: 0.052
iter:  4 | loss: 0.027
iter:  5 | loss: 0.019
iter:  6 | loss: 0.024
iter:  7 | loss: 0.014
iter:  8 | loss: 0.015
iter:  9 | loss: 0.027
iter: 10 | loss: 0.025
iter: 11 | loss: 0.017
iter: 12 | loss: 0.021
iter: 13 | loss: 0.047
iter: 14 | loss: 0.026
iter: 15 | loss: 0.039
iter: 16 | loss: 0.031
iter: 17 | loss: 0.042
iter: 18 | loss: 0.020
iter: 19 | loss: 0.028
iter: 20 | loss: 0.042
iter: 21 | loss: 0.020
iter: 22 | loss: 0.016
iter: 23 | loss: 0.049
iter: 24 | loss: 0.069
iter: 25 | loss: 0.026
iter: 26 | loss: 0.034
iter: 27 | loss: 0.013
iter: 28 | loss: 0.016
iter: 29 | loss: 0.035
iter: 30 | loss: 0.057
iter: 31 | loss: 0.013
iter: 32 | loss: 0.035
testing r= 5
rrse(target)=107.05997333562624 / 34.87594854780834 | rrse(all)=178912454333630.4 / 34622966134154.824 | report_mode=targets
[Validation] per_target_rrse_json={"us_Trade Weighted Dollar Index": 3.9368884563446045, "jp_fx": 5.282742023468018, "kr_fx": 2.9774909019470215}
[Validation] per_target_lag_mae_json={"us_Trade Weighted Dollar Index": 0.5149202942848206, "jp_fx": 0.5495633482933044, "kr_fx": 6.402798652648926}
[Validation] per_target_dir_mismatch_json={"us_Trade Weighted Dollar Index": 0.36363636363636365, "jp_fx": 0.36363636363636365, "kr_fx": 0.36363636363636365}
| end of epoch  25 | time:  1.68s | train_loss 0.0286 | valid rse 3.0697 | valid rae 3.9164 | valid corr  -0.0669 | valid smape  0.3397 | focus_rrse 4.0657 | obj 4.0657
Experiment: 1
Iter: 0
epoch: 26
hp= [1, 0.000102, 16, 128, 256, 1024, 20, 0.02, 2, 50, 0.6, 0.1, 2, 26]
best sum= 7.053034099945943
best rrse= 3.069736531720914
best rrae= 3.916391287409428
best corr= -0.06690628
best smape= 0.33970839569931033
best objective= 4.065706729888916
best hps= [1, 0.000102, 16, 128, 256, 1024, 20, 0.02, 2, 50, 0.6, 0.1, 2, 1]
best test rse= 3.212858477528643
best test corr= -0.06990926
[Target-Weighted Loss] weights applied: {'us_Trade Weighted Dollar Index': 50.0, 'kr_fx': 50.0, 'jp_fx': 50.0}
[Target-Only Loss] enabled for columns: ['us_Trade Weighted Dollar Index', 'jp_fx', 'kr_fx']
[Bias Penalty] enabled lambda=0.4 scope=focus cols=['us_Trade Weighted Dollar Index', 'jp_fx', 'kr_fx']
iter:  0 | loss: 0.026
iter:  1 | loss: 0.041
iter:  2 | loss: 0.035
iter:  3 | loss: 0.019
iter:  4 | loss: 0.025
iter:  5 | loss: 0.029
iter:  6 | loss: 0.017
iter:  7 | loss: 0.029
iter:  8 | loss: 0.035
iter:  9 | loss: 0.024
iter: 10 | loss: 0.020
iter: 11 | loss: 0.019
iter: 12 | loss: 0.019
iter: 13 | loss: 0.030
iter: 14 | loss: 0.013
iter: 15 | loss: 0.058
iter: 16 | loss: 0.013
iter: 17 | loss: 0.014
iter: 18 | loss: 0.036
iter: 19 | loss: 0.019
iter: 20 | loss: 0.060
iter: 21 | loss: 0.028
iter: 22 | loss: 0.023
iter: 23 | loss: 0.032
iter: 24 | loss: 0.030
iter: 25 | loss: 0.018
iter: 26 | loss: 0.013
iter: 27 | loss: 0.017
iter: 28 | loss: 0.038
iter: 29 | loss: 0.038
iter: 30 | loss: 0.032
iter: 31 | loss: 0.019
iter: 32 | loss: 0.053
testing r= 5
rrse(target)=107.05997333562624 / 34.87594854780834 | rrse(all)=178912454333630.4 / 34622966134154.824 | report_mode=targets
[Validation] per_target_rrse_json={"us_Trade Weighted Dollar Index": 3.9368884563446045, "jp_fx": 5.282742023468018, "kr_fx": 2.9774909019470215}
[Validation] per_target_lag_mae_json={"us_Trade Weighted Dollar Index": 0.5149202942848206, "jp_fx": 0.5495633482933044, "kr_fx": 6.402798652648926}
[Validation] per_target_dir_mismatch_json={"us_Trade Weighted Dollar Index": 0.36363636363636365, "jp_fx": 0.36363636363636365, "kr_fx": 0.36363636363636365}
| end of epoch  26 | time:  1.70s | train_loss 0.0277 | valid rse 3.0697 | valid rae 3.9164 | valid corr  -0.0669 | valid smape  0.3397 | focus_rrse 4.0657 | obj 4.0657
Experiment: 1
Iter: 0
epoch: 27
hp= [1, 0.000102, 16, 128, 256, 1024, 20, 0.02, 2, 50, 0.6, 0.1, 2, 27]
best sum= 7.053034099945943
best rrse= 3.069736531720914
best rrae= 3.916391287409428
best corr= -0.06690628
best smape= 0.33970839569931033
best objective= 4.065706729888916
best hps= [1, 0.000102, 16, 128, 256, 1024, 20, 0.02, 2, 50, 0.6, 0.1, 2, 1]
best test rse= 3.212858477528643
best test corr= -0.06990926
[Target-Weighted Loss] weights applied: {'us_Trade Weighted Dollar Index': 50.0, 'kr_fx': 50.0, 'jp_fx': 50.0}
[Target-Only Loss] enabled for columns: ['us_Trade Weighted Dollar Index', 'jp_fx', 'kr_fx']
[Bias Penalty] enabled lambda=0.4 scope=focus cols=['us_Trade Weighted Dollar Index', 'jp_fx', 'kr_fx']
iter:  0 | loss: 0.028
iter:  1 | loss: 0.022
iter:  2 | loss: 0.021
iter:  3 | loss: 0.020
iter:  4 | loss: 0.030
iter:  5 | loss: 0.030
iter:  6 | loss: 0.015
iter:  7 | loss: 0.058
iter:  8 | loss: 0.049
iter:  9 | loss: 0.034
iter: 10 | loss: 0.020
iter: 11 | loss: 0.022
iter: 12 | loss: 0.026
iter: 13 | loss: 0.020
iter: 14 | loss: 0.020
iter: 15 | loss: 0.018
iter: 16 | loss: 0.023
iter: 17 | loss: 0.046
iter: 18 | loss: 0.026
iter: 19 | loss: 0.036
iter: 20 | loss: 0.015
iter: 21 | loss: 0.039
iter: 22 | loss: 0.016
iter: 23 | loss: 0.048
iter: 24 | loss: 0.038
iter: 25 | loss: 0.017
iter: 26 | loss: 0.021
iter: 27 | loss: 0.022
iter: 28 | loss: 0.024
iter: 29 | loss: 0.018
iter: 30 | loss: 0.024
iter: 31 | loss: 0.026
iter: 32 | loss: 0.052
testing r= 5
rrse(target)=107.05997333562624 / 34.87594854780834 | rrse(all)=178912454333630.4 / 34622966134154.824 | report_mode=targets
[Validation] per_target_rrse_json={"us_Trade Weighted Dollar Index": 3.9368884563446045, "jp_fx": 5.282742023468018, "kr_fx": 2.9774909019470215}
[Validation] per_target_lag_mae_json={"us_Trade Weighted Dollar Index": 0.5149202942848206, "jp_fx": 0.5495633482933044, "kr_fx": 6.402798652648926}
[Validation] per_target_dir_mismatch_json={"us_Trade Weighted Dollar Index": 0.36363636363636365, "jp_fx": 0.36363636363636365, "kr_fx": 0.36363636363636365}
| end of epoch  27 | time:  1.73s | train_loss 0.0277 | valid rse 3.0697 | valid rae 3.9164 | valid corr  -0.0669 | valid smape  0.3397 | focus_rrse 4.0657 | obj 4.0657
Experiment: 1
Iter: 0
epoch: 28
hp= [1, 0.000102, 16, 128, 256, 1024, 20, 0.02, 2, 50, 0.6, 0.1, 2, 28]
best sum= 7.053034099945943
best rrse= 3.069736531720914
best rrae= 3.916391287409428
best corr= -0.06690628
best smape= 0.33970839569931033
best objective= 4.065706729888916
best hps= [1, 0.000102, 16, 128, 256, 1024, 20, 0.02, 2, 50, 0.6, 0.1, 2, 1]
best test rse= 3.212858477528643
best test corr= -0.06990926
[Target-Weighted Loss] weights applied: {'us_Trade Weighted Dollar Index': 50.0, 'kr_fx': 50.0, 'jp_fx': 50.0}
[Target-Only Loss] enabled for columns: ['us_Trade Weighted Dollar Index', 'jp_fx', 'kr_fx']
[Bias Penalty] enabled lambda=0.4 scope=focus cols=['us_Trade Weighted Dollar Index', 'jp_fx', 'kr_fx']
iter:  0 | loss: 0.035
iter:  1 | loss: 0.024
iter:  2 | loss: 0.019
iter:  3 | loss: 0.025
iter:  4 | loss: 0.019
iter:  5 | loss: 0.020
iter:  6 | loss: 0.018
iter:  7 | loss: 0.035
iter:  8 | loss: 0.011
iter:  9 | loss: 0.071
iter: 10 | loss: 0.010
iter: 11 | loss: 0.039
iter: 12 | loss: 0.020
iter: 13 | loss: 0.015
iter: 14 | loss: 0.008
iter: 15 | loss: 0.024
iter: 16 | loss: 0.029
iter: 17 | loss: 0.035
iter: 18 | loss: 0.042
iter: 19 | loss: 0.022
iter: 20 | loss: 0.027
iter: 21 | loss: 0.034
iter: 22 | loss: 0.038
iter: 23 | loss: 0.017
iter: 24 | loss: 0.035
iter: 25 | loss: 0.018
iter: 26 | loss: 0.043
iter: 27 | loss: 0.029
iter: 28 | loss: 0.035
iter: 29 | loss: 0.052
iter: 30 | loss: 0.019
iter: 31 | loss: 0.022
iter: 32 | loss: 0.024
testing r= 5
rrse(target)=107.05997333562624 / 34.87594854780834 | rrse(all)=178912454333630.4 / 34622966134154.824 | report_mode=targets
[Validation] per_target_rrse_json={"us_Trade Weighted Dollar Index": 3.9368884563446045, "jp_fx": 5.282742023468018, "kr_fx": 2.9774909019470215}
[Validation] per_target_lag_mae_json={"us_Trade Weighted Dollar Index": 0.5149202942848206, "jp_fx": 0.5495633482933044, "kr_fx": 6.402798652648926}
[Validation] per_target_dir_mismatch_json={"us_Trade Weighted Dollar Index": 0.36363636363636365, "jp_fx": 0.36363636363636365, "kr_fx": 0.36363636363636365}
| end of epoch  28 | time:  1.69s | train_loss 0.0277 | valid rse 3.0697 | valid rae 3.9164 | valid corr  -0.0669 | valid smape  0.3397 | focus_rrse 4.0657 | obj 4.0657
Experiment: 1
Iter: 0
epoch: 29
hp= [1, 0.000102, 16, 128, 256, 1024, 20, 0.02, 2, 50, 0.6, 0.1, 2, 29]
best sum= 7.053034099945943
best rrse= 3.069736531720914
best rrae= 3.916391287409428
best corr= -0.06690628
best smape= 0.33970839569931033
best objective= 4.065706729888916
best hps= [1, 0.000102, 16, 128, 256, 1024, 20, 0.02, 2, 50, 0.6, 0.1, 2, 1]
best test rse= 3.212858477528643
best test corr= -0.06990926
[Target-Weighted Loss] weights applied: {'us_Trade Weighted Dollar Index': 50.0, 'kr_fx': 50.0, 'jp_fx': 50.0}
[Target-Only Loss] enabled for columns: ['us_Trade Weighted Dollar Index', 'jp_fx', 'kr_fx']
[Bias Penalty] enabled lambda=0.4 scope=focus cols=['us_Trade Weighted Dollar Index', 'jp_fx', 'kr_fx']
iter:  0 | loss: 0.033
iter:  1 | loss: 0.051
iter:  2 | loss: 0.022
iter:  3 | loss: 0.025
iter:  4 | loss: 0.031
iter:  5 | loss: 0.018
iter:  6 | loss: 0.054
iter:  7 | loss: 0.022
iter:  8 | loss: 0.018
iter:  9 | loss: 0.030
iter: 10 | loss: 0.014
iter: 11 | loss: 0.017
iter: 12 | loss: 0.040
iter: 13 | loss: 0.046
iter: 14 | loss: 0.018
iter: 15 | loss: 0.032
iter: 16 | loss: 0.037
iter: 17 | loss: 0.022
iter: 18 | loss: 0.031
iter: 19 | loss: 0.011
iter: 20 | loss: 0.007
iter: 21 | loss: 0.032
iter: 22 | loss: 0.028
iter: 23 | loss: 0.025
iter: 24 | loss: 0.020
iter: 25 | loss: 0.018
iter: 26 | loss: 0.015
iter: 27 | loss: 0.043
iter: 28 | loss: 0.026
iter: 29 | loss: 0.030
iter: 30 | loss: 0.024
iter: 31 | loss: 0.034
iter: 32 | loss: 0.029
testing r= 5
rrse(target)=107.05997333562624 / 34.87594854780834 | rrse(all)=178912454333630.4 / 34622966134154.824 | report_mode=targets
[Validation] per_target_rrse_json={"us_Trade Weighted Dollar Index": 3.9368884563446045, "jp_fx": 5.282742023468018, "kr_fx": 2.9774909019470215}
[Validation] per_target_lag_mae_json={"us_Trade Weighted Dollar Index": 0.5149202942848206, "jp_fx": 0.5495633482933044, "kr_fx": 6.402798652648926}
[Validation] per_target_dir_mismatch_json={"us_Trade Weighted Dollar Index": 0.36363636363636365, "jp_fx": 0.36363636363636365, "kr_fx": 0.36363636363636365}
| end of epoch  29 | time:  1.75s | train_loss 0.0274 | valid rse 3.0697 | valid rae 3.9164 | valid corr  -0.0669 | valid smape  0.3397 | focus_rrse 4.0657 | obj 4.0657
Experiment: 1
Iter: 0
epoch: 30
hp= [1, 0.000102, 16, 128, 256, 1024, 20, 0.02, 2, 50, 0.6, 0.1, 2, 30]
best sum= 7.053034099945943
best rrse= 3.069736531720914
best rrae= 3.916391287409428
best corr= -0.06690628
best smape= 0.33970839569931033
best objective= 4.065706729888916
best hps= [1, 0.000102, 16, 128, 256, 1024, 20, 0.02, 2, 50, 0.6, 0.1, 2, 1]
best test rse= 3.212858477528643
best test corr= -0.06990926
[Target-Weighted Loss] weights applied: {'us_Trade Weighted Dollar Index': 50.0, 'kr_fx': 50.0, 'jp_fx': 50.0}
[Target-Only Loss] enabled for columns: ['us_Trade Weighted Dollar Index', 'jp_fx', 'kr_fx']
[Bias Penalty] enabled lambda=0.4 scope=focus cols=['us_Trade Weighted Dollar Index', 'jp_fx', 'kr_fx']
iter:  0 | loss: 0.032
iter:  1 | loss: 0.021
iter:  2 | loss: 0.041
iter:  3 | loss: 0.025
iter:  4 | loss: 0.035
iter:  5 | loss: 0.032
iter:  6 | loss: 0.044
iter:  7 | loss: 0.027
iter:  8 | loss: 0.020
iter:  9 | loss: 0.026
iter: 10 | loss: 0.030
iter: 11 | loss: 0.017
iter: 12 | loss: 0.018
iter: 13 | loss: 0.018
iter: 14 | loss: 0.030
iter: 15 | loss: 0.059
iter: 16 | loss: 0.019
iter: 17 | loss: 0.016
iter: 18 | loss: 0.021
iter: 19 | loss: 0.026
iter: 20 | loss: 0.058
iter: 21 | loss: 0.018
iter: 22 | loss: 0.068
iter: 23 | loss: 0.017
iter: 24 | loss: 0.017
iter: 25 | loss: 0.010
iter: 26 | loss: 0.029
iter: 27 | loss: 0.032
iter: 28 | loss: 0.025
iter: 29 | loss: 0.018
iter: 30 | loss: 0.010
iter: 31 | loss: 0.025
iter: 32 | loss: 0.053
testing r= 5
rrse(target)=107.05997333562624 / 34.87594854780834 | rrse(all)=178912454333630.4 / 34622966134154.824 | report_mode=targets
[Validation] per_target_rrse_json={"us_Trade Weighted Dollar Index": 3.9368884563446045, "jp_fx": 5.282742023468018, "kr_fx": 2.9774909019470215}
[Validation] per_target_lag_mae_json={"us_Trade Weighted Dollar Index": 0.5149202942848206, "jp_fx": 0.5495633482933044, "kr_fx": 6.402798652648926}
[Validation] per_target_dir_mismatch_json={"us_Trade Weighted Dollar Index": 0.36363636363636365, "jp_fx": 0.36363636363636365, "kr_fx": 0.36363636363636365}
| end of epoch  30 | time:  1.65s | train_loss 0.0282 | valid rse 3.0697 | valid rae 3.9164 | valid corr  -0.0669 | valid smape  0.3397 | focus_rrse 4.0657 | obj 4.0657
Experiment: 1
Iter: 0
epoch: 31
hp= [1, 0.000102, 16, 128, 256, 1024, 20, 0.02, 2, 50, 0.6, 0.1, 2, 31]
best sum= 7.053034099945943
best rrse= 3.069736531720914
best rrae= 3.916391287409428
best corr= -0.06690628
best smape= 0.33970839569931033
best objective= 4.065706729888916
best hps= [1, 0.000102, 16, 128, 256, 1024, 20, 0.02, 2, 50, 0.6, 0.1, 2, 1]
best test rse= 3.212858477528643
best test corr= -0.06990926
[Target-Weighted Loss] weights applied: {'us_Trade Weighted Dollar Index': 50.0, 'kr_fx': 50.0, 'jp_fx': 50.0}
[Target-Only Loss] enabled for columns: ['us_Trade Weighted Dollar Index', 'jp_fx', 'kr_fx']
[Bias Penalty] enabled lambda=0.4 scope=focus cols=['us_Trade Weighted Dollar Index', 'jp_fx', 'kr_fx']
iter:  0 | loss: 0.034
iter:  1 | loss: 0.016
iter:  2 | loss: 0.053
iter:  3 | loss: 0.025
iter:  4 | loss: 0.050
iter:  5 | loss: 0.031
iter:  6 | loss: 0.023
iter:  7 | loss: 0.009
iter:  8 | loss: 0.014
iter:  9 | loss: 0.026
iter: 10 | loss: 0.019
iter: 11 | loss: 0.027
iter: 12 | loss: 0.025
iter: 13 | loss: 0.039
iter: 14 | loss: 0.027
iter: 15 | loss: 0.032
iter: 16 | loss: 0.033
iter: 17 | loss: 0.024
iter: 18 | loss: 0.026
iter: 19 | loss: 0.026
iter: 20 | loss: 0.050
iter: 21 | loss: 0.025
iter: 22 | loss: 0.031
iter: 23 | loss: 0.022
iter: 24 | loss: 0.014
iter: 25 | loss: 0.039
iter: 26 | loss: 0.022
iter: 27 | loss: 0.031
iter: 28 | loss: 0.021
iter: 29 | loss: 0.034
iter: 30 | loss: 0.021
iter: 31 | loss: 0.022
iter: 32 | loss: 0.018
testing r= 5
rrse(target)=107.05997333562624 / 34.87594854780834 | rrse(all)=178912454333630.4 / 34622966134154.824 | report_mode=targets
[Validation] per_target_rrse_json={"us_Trade Weighted Dollar Index": 3.9368884563446045, "jp_fx": 5.282742023468018, "kr_fx": 2.9774909019470215}
[Validation] per_target_lag_mae_json={"us_Trade Weighted Dollar Index": 0.5149202942848206, "jp_fx": 0.5495633482933044, "kr_fx": 6.402798652648926}
[Validation] per_target_dir_mismatch_json={"us_Trade Weighted Dollar Index": 0.36363636363636365, "jp_fx": 0.36363636363636365, "kr_fx": 0.36363636363636365}
| end of epoch  31 | time:  1.67s | train_loss 0.0276 | valid rse 3.0697 | valid rae 3.9164 | valid corr  -0.0669 | valid smape  0.3397 | focus_rrse 4.0657 | obj 4.0657
Experiment: 1
Iter: 0
epoch: 32
hp= [1, 0.000102, 16, 128, 256, 1024, 20, 0.02, 2, 50, 0.6, 0.1, 2, 32]
best sum= 7.053034099945943
best rrse= 3.069736531720914
best rrae= 3.916391287409428
best corr= -0.06690628
best smape= 0.33970839569931033
best objective= 4.065706729888916
best hps= [1, 0.000102, 16, 128, 256, 1024, 20, 0.02, 2, 50, 0.6, 0.1, 2, 1]
best test rse= 3.212858477528643
best test corr= -0.06990926
[Target-Weighted Loss] weights applied: {'us_Trade Weighted Dollar Index': 50.0, 'kr_fx': 50.0, 'jp_fx': 50.0}
[Target-Only Loss] enabled for columns: ['us_Trade Weighted Dollar Index', 'jp_fx', 'kr_fx']
[Bias Penalty] enabled lambda=0.4 scope=focus cols=['us_Trade Weighted Dollar Index', 'jp_fx', 'kr_fx']
iter:  0 | loss: 0.026
iter:  1 | loss: 0.015
iter:  2 | loss: 0.022
iter:  3 | loss: 0.013
iter:  4 | loss: 0.048
iter:  5 | loss: 0.020
iter:  6 | loss: 0.033
iter:  7 | loss: 0.025
iter:  8 | loss: 0.022
iter:  9 | loss: 0.028
iter: 10 | loss: 0.015
iter: 11 | loss: 0.027
iter: 12 | loss: 0.022
iter: 13 | loss: 0.019
iter: 14 | loss: 0.058
iter: 15 | loss: 0.075
iter: 16 | loss: 0.010
iter: 17 | loss: 0.012
iter: 18 | loss: 0.024
iter: 19 | loss: 0.032
iter: 20 | loss: 0.017
iter: 21 | loss: 0.063
iter: 22 | loss: 0.027
iter: 23 | loss: 0.017
iter: 24 | loss: 0.029
iter: 25 | loss: 0.032
iter: 26 | loss: 0.035
iter: 27 | loss: 0.021
iter: 28 | loss: 0.023
iter: 29 | loss: 0.036
iter: 30 | loss: 0.038
iter: 31 | loss: 0.029
iter: 32 | loss: 0.029
testing r= 5
rrse(target)=107.05997333562624 / 34.87594854780834 | rrse(all)=178912454333630.4 / 34622966134154.824 | report_mode=targets
[Validation] per_target_rrse_json={"us_Trade Weighted Dollar Index": 3.9368884563446045, "jp_fx": 5.282742023468018, "kr_fx": 2.9774909019470215}
[Validation] per_target_lag_mae_json={"us_Trade Weighted Dollar Index": 0.5149202942848206, "jp_fx": 0.5495633482933044, "kr_fx": 6.402798652648926}
[Validation] per_target_dir_mismatch_json={"us_Trade Weighted Dollar Index": 0.36363636363636365, "jp_fx": 0.36363636363636365, "kr_fx": 0.36363636363636365}
| end of epoch  32 | time:  1.78s | train_loss 0.0286 | valid rse 3.0697 | valid rae 3.9164 | valid corr  -0.0669 | valid smape  0.3397 | focus_rrse 4.0657 | obj 4.0657
Experiment: 1
Iter: 0
epoch: 33
hp= [1, 0.000102, 16, 128, 256, 1024, 20, 0.02, 2, 50, 0.6, 0.1, 2, 33]
best sum= 7.053034099945943
best rrse= 3.069736531720914
best rrae= 3.916391287409428
best corr= -0.06690628
best smape= 0.33970839569931033
best objective= 4.065706729888916
best hps= [1, 0.000102, 16, 128, 256, 1024, 20, 0.02, 2, 50, 0.6, 0.1, 2, 1]
best test rse= 3.212858477528643
best test corr= -0.06990926
[Target-Weighted Loss] weights applied: {'us_Trade Weighted Dollar Index': 50.0, 'kr_fx': 50.0, 'jp_fx': 50.0}
[Target-Only Loss] enabled for columns: ['us_Trade Weighted Dollar Index', 'jp_fx', 'kr_fx']
[Bias Penalty] enabled lambda=0.4 scope=focus cols=['us_Trade Weighted Dollar Index', 'jp_fx', 'kr_fx']
iter:  0 | loss: 0.032
iter:  1 | loss: 0.038
iter:  2 | loss: 0.025
iter:  3 | loss: 0.041
iter:  4 | loss: 0.018
iter:  5 | loss: 0.019
iter:  6 | loss: 0.021
iter:  7 | loss: 0.021
iter:  8 | loss: 0.047
iter:  9 | loss: 0.012
iter: 10 | loss: 0.040
iter: 11 | loss: 0.016
iter: 12 | loss: 0.020
iter: 13 | loss: 0.023
iter: 14 | loss: 0.039
iter: 15 | loss: 0.031
iter: 16 | loss: 0.022
iter: 17 | loss: 0.025
iter: 18 | loss: 0.029
iter: 19 | loss: 0.055
iter: 20 | loss: 0.032
iter: 21 | loss: 0.025
iter: 22 | loss: 0.033
iter: 23 | loss: 0.016
iter: 24 | loss: 0.022
iter: 25 | loss: 0.025
iter: 26 | loss: 0.015
iter: 27 | loss: 0.027
iter: 28 | loss: 0.044
iter: 29 | loss: 0.011
iter: 30 | loss: 0.026
iter: 31 | loss: 0.026
iter: 32 | loss: 0.027
testing r= 5
rrse(target)=107.05997333562624 / 34.87594854780834 | rrse(all)=178912454333630.4 / 34622966134154.824 | report_mode=targets
[Validation] per_target_rrse_json={"us_Trade Weighted Dollar Index": 3.9368884563446045, "jp_fx": 5.282742023468018, "kr_fx": 2.9774909019470215}
[Validation] per_target_lag_mae_json={"us_Trade Weighted Dollar Index": 0.5149202942848206, "jp_fx": 0.5495633482933044, "kr_fx": 6.402798652648926}
[Validation] per_target_dir_mismatch_json={"us_Trade Weighted Dollar Index": 0.36363636363636365, "jp_fx": 0.36363636363636365, "kr_fx": 0.36363636363636365}
| end of epoch  33 | time:  1.76s | train_loss 0.0273 | valid rse 3.0697 | valid rae 3.9164 | valid corr  -0.0669 | valid smape  0.3397 | focus_rrse 4.0657 | obj 4.0657
Experiment: 1
Iter: 0
epoch: 34
hp= [1, 0.000102, 16, 128, 256, 1024, 20, 0.02, 2, 50, 0.6, 0.1, 2, 34]
best sum= 7.053034099945943
best rrse= 3.069736531720914
best rrae= 3.916391287409428
best corr= -0.06690628
best smape= 0.33970839569931033
best objective= 4.065706729888916
best hps= [1, 0.000102, 16, 128, 256, 1024, 20, 0.02, 2, 50, 0.6, 0.1, 2, 1]
best test rse= 3.212858477528643
best test corr= -0.06990926
[Target-Weighted Loss] weights applied: {'us_Trade Weighted Dollar Index': 50.0, 'kr_fx': 50.0, 'jp_fx': 50.0}
[Target-Only Loss] enabled for columns: ['us_Trade Weighted Dollar Index', 'jp_fx', 'kr_fx']
[Bias Penalty] enabled lambda=0.4 scope=focus cols=['us_Trade Weighted Dollar Index', 'jp_fx', 'kr_fx']
iter:  0 | loss: 0.040
iter:  1 | loss: 0.025
iter:  2 | loss: 0.030
iter:  3 | loss: 0.021
iter:  4 | loss: 0.016
iter:  5 | loss: 0.015
iter:  6 | loss: 0.013
iter:  7 | loss: 0.023
iter:  8 | loss: 0.017
iter:  9 | loss: 0.033
iter: 10 | loss: 0.054
iter: 11 | loss: 0.014
iter: 12 | loss: 0.022
iter: 13 | loss: 0.041
iter: 14 | loss: 0.018
iter: 15 | loss: 0.044
iter: 16 | loss: 0.033
iter: 17 | loss: 0.018
iter: 18 | loss: 0.024
iter: 19 | loss: 0.041
iter: 20 | loss: 0.016
iter: 21 | loss: 0.037
iter: 22 | loss: 0.046
iter: 23 | loss: 0.013
iter: 24 | loss: 0.014
iter: 25 | loss: 0.016
iter: 26 | loss: 0.024
iter: 27 | loss: 0.026
iter: 28 | loss: 0.032
iter: 29 | loss: 0.025
iter: 30 | loss: 0.040
iter: 31 | loss: 0.021
iter: 32 | loss: 0.047
testing r= 5
rrse(target)=107.05997333562624 / 34.87594854780834 | rrse(all)=178912454333630.4 / 34622966134154.824 | report_mode=targets
[Validation] per_target_rrse_json={"us_Trade Weighted Dollar Index": 3.9368884563446045, "jp_fx": 5.282742023468018, "kr_fx": 2.9774909019470215}
[Validation] per_target_lag_mae_json={"us_Trade Weighted Dollar Index": 0.5149202942848206, "jp_fx": 0.5495633482933044, "kr_fx": 6.402798652648926}
[Validation] per_target_dir_mismatch_json={"us_Trade Weighted Dollar Index": 0.36363636363636365, "jp_fx": 0.36363636363636365, "kr_fx": 0.36363636363636365}
| end of epoch  34 | time:  1.75s | train_loss 0.0270 | valid rse 3.0697 | valid rae 3.9164 | valid corr  -0.0669 | valid smape  0.3397 | focus_rrse 4.0657 | obj 4.0657
Experiment: 1
Iter: 0
epoch: 35
hp= [1, 0.000102, 16, 128, 256, 1024, 20, 0.02, 2, 50, 0.6, 0.1, 2, 35]
best sum= 7.053034099945943
best rrse= 3.069736531720914
best rrae= 3.916391287409428
best corr= -0.06690628
best smape= 0.33970839569931033
best objective= 4.065706729888916
best hps= [1, 0.000102, 16, 128, 256, 1024, 20, 0.02, 2, 50, 0.6, 0.1, 2, 1]
best test rse= 3.212858477528643
best test corr= -0.06990926
[Target-Weighted Loss] weights applied: {'us_Trade Weighted Dollar Index': 50.0, 'kr_fx': 50.0, 'jp_fx': 50.0}
[Target-Only Loss] enabled for columns: ['us_Trade Weighted Dollar Index', 'jp_fx', 'kr_fx']
[Bias Penalty] enabled lambda=0.4 scope=focus cols=['us_Trade Weighted Dollar Index', 'jp_fx', 'kr_fx']
iter:  0 | loss: 0.023
iter:  1 | loss: 0.014
iter:  2 | loss: 0.020
iter:  3 | loss: 0.024
iter:  4 | loss: 0.036
iter:  5 | loss: 0.012
iter:  6 | loss: 0.022
iter:  7 | loss: 0.049
iter:  8 | loss: 0.021
iter:  9 | loss: 0.018
iter: 10 | loss: 0.045
iter: 11 | loss: 0.019
iter: 12 | loss: 0.022
iter: 13 | loss: 0.012
iter: 14 | loss: 0.025
iter: 15 | loss: 0.024
iter: 16 | loss: 0.018
iter: 17 | loss: 0.017
iter: 18 | loss: 0.037
iter: 19 | loss: 0.039
iter: 20 | loss: 0.030
iter: 21 | loss: 0.028
iter: 22 | loss: 0.036
iter: 23 | loss: 0.036
iter: 24 | loss: 0.020
iter: 25 | loss: 0.060
iter: 26 | loss: 0.030
iter: 27 | loss: 0.042
iter: 28 | loss: 0.021
iter: 29 | loss: 0.024
iter: 30 | loss: 0.029
iter: 31 | loss: 0.020
iter: 32 | loss: 0.073
testing r= 5
rrse(target)=107.05997333562624 / 34.87594854780834 | rrse(all)=178912454333630.4 / 34622966134154.824 | report_mode=targets
[Validation] per_target_rrse_json={"us_Trade Weighted Dollar Index": 3.9368884563446045, "jp_fx": 5.282742023468018, "kr_fx": 2.9774909019470215}
[Validation] per_target_lag_mae_json={"us_Trade Weighted Dollar Index": 0.5149202942848206, "jp_fx": 0.5495633482933044, "kr_fx": 6.402798652648926}
[Validation] per_target_dir_mismatch_json={"us_Trade Weighted Dollar Index": 0.36363636363636365, "jp_fx": 0.36363636363636365, "kr_fx": 0.36363636363636365}
| end of epoch  35 | time:  1.71s | train_loss 0.0285 | valid rse 3.0697 | valid rae 3.9164 | valid corr  -0.0669 | valid smape  0.3397 | focus_rrse 4.0657 | obj 4.0657
Experiment: 1
Iter: 0
epoch: 36
hp= [1, 0.000102, 16, 128, 256, 1024, 20, 0.02, 2, 50, 0.6, 0.1, 2, 36]
best sum= 7.053034099945943
best rrse= 3.069736531720914
best rrae= 3.916391287409428
best corr= -0.06690628
best smape= 0.33970839569931033
best objective= 4.065706729888916
best hps= [1, 0.000102, 16, 128, 256, 1024, 20, 0.02, 2, 50, 0.6, 0.1, 2, 1]
best test rse= 3.212858477528643
best test corr= -0.06990926
[Target-Weighted Loss] weights applied: {'us_Trade Weighted Dollar Index': 50.0, 'kr_fx': 50.0, 'jp_fx': 50.0}
[Target-Only Loss] enabled for columns: ['us_Trade Weighted Dollar Index', 'jp_fx', 'kr_fx']
[Bias Penalty] enabled lambda=0.4 scope=focus cols=['us_Trade Weighted Dollar Index', 'jp_fx', 'kr_fx']
iter:  0 | loss: 0.018
iter:  1 | loss: 0.022
iter:  2 | loss: 0.020
iter:  3 | loss: 0.036
iter:  4 | loss: 0.055
iter:  5 | loss: 0.043
iter:  6 | loss: 0.018
iter:  7 | loss: 0.029
iter:  8 | loss: 0.023
iter:  9 | loss: 0.028
iter: 10 | loss: 0.028
iter: 11 | loss: 0.050
iter: 12 | loss: 0.024
iter: 13 | loss: 0.039
iter: 14 | loss: 0.031
iter: 15 | loss: 0.035
iter: 16 | loss: 0.018
iter: 17 | loss: 0.020
iter: 18 | loss: 0.026
iter: 19 | loss: 0.021
iter: 20 | loss: 0.026
iter: 21 | loss: 0.029
iter: 22 | loss: 0.023
iter: 23 | loss: 0.041
iter: 24 | loss: 0.020
iter: 25 | loss: 0.030
iter: 26 | loss: 0.030
iter: 27 | loss: 0.015
iter: 28 | loss: 0.020
iter: 29 | loss: 0.022
iter: 30 | loss: 0.040
iter: 31 | loss: 0.013
iter: 32 | loss: 0.025
testing r= 5
rrse(target)=107.05997333562624 / 34.87594854780834 | rrse(all)=178912454333630.4 / 34622966134154.824 | report_mode=targets
[Validation] per_target_rrse_json={"us_Trade Weighted Dollar Index": 3.9368884563446045, "jp_fx": 5.282742023468018, "kr_fx": 2.9774909019470215}
[Validation] per_target_lag_mae_json={"us_Trade Weighted Dollar Index": 0.5149202942848206, "jp_fx": 0.5495633482933044, "kr_fx": 6.402798652648926}
[Validation] per_target_dir_mismatch_json={"us_Trade Weighted Dollar Index": 0.36363636363636365, "jp_fx": 0.36363636363636365, "kr_fx": 0.36363636363636365}
| end of epoch  36 | time:  1.63s | train_loss 0.0278 | valid rse 3.0697 | valid rae 3.9164 | valid corr  -0.0669 | valid smape  0.3397 | focus_rrse 4.0657 | obj 4.0657
Experiment: 1
Iter: 0
epoch: 37
hp= [1, 0.000102, 16, 128, 256, 1024, 20, 0.02, 2, 50, 0.6, 0.1, 2, 37]
best sum= 7.053034099945943
best rrse= 3.069736531720914
best rrae= 3.916391287409428
best corr= -0.06690628
best smape= 0.33970839569931033
best objective= 4.065706729888916
best hps= [1, 0.000102, 16, 128, 256, 1024, 20, 0.02, 2, 50, 0.6, 0.1, 2, 1]
best test rse= 3.212858477528643
best test corr= -0.06990926
[Target-Weighted Loss] weights applied: {'us_Trade Weighted Dollar Index': 50.0, 'kr_fx': 50.0, 'jp_fx': 50.0}
[Target-Only Loss] enabled for columns: ['us_Trade Weighted Dollar Index', 'jp_fx', 'kr_fx']
[Bias Penalty] enabled lambda=0.4 scope=focus cols=['us_Trade Weighted Dollar Index', 'jp_fx', 'kr_fx']
iter:  0 | loss: 0.064
iter:  1 | loss: 0.019
iter:  2 | loss: 0.046
iter:  3 | loss: 0.026
iter:  4 | loss: 0.011
iter:  5 | loss: 0.026
iter:  6 | loss: 0.020
iter:  7 | loss: 0.026
iter:  8 | loss: 0.032
iter:  9 | loss: 0.034
iter: 10 | loss: 0.016
iter: 11 | loss: 0.047
iter: 12 | loss: 0.028
iter: 13 | loss: 0.036
iter: 14 | loss: 0.019
iter: 15 | loss: 0.043
iter: 16 | loss: 0.031
iter: 17 | loss: 0.021
iter: 18 | loss: 0.019
iter: 19 | loss: 0.021
iter: 20 | loss: 0.023
iter: 21 | loss: 0.009
iter: 22 | loss: 0.031
iter: 23 | loss: 0.019
iter: 24 | loss: 0.013
iter: 25 | loss: 0.021
iter: 26 | loss: 0.017
iter: 27 | loss: 0.042
iter: 28 | loss: 0.033
iter: 29 | loss: 0.020
iter: 30 | loss: 0.016
iter: 31 | loss: 0.026
iter: 32 | loss: 0.026
testing r= 5
rrse(target)=107.05997333562624 / 34.87594854780834 | rrse(all)=178912454333630.4 / 34622966134154.824 | report_mode=targets
[Validation] per_target_rrse_json={"us_Trade Weighted Dollar Index": 3.9368884563446045, "jp_fx": 5.282742023468018, "kr_fx": 2.9774909019470215}
[Validation] per_target_lag_mae_json={"us_Trade Weighted Dollar Index": 0.5149202942848206, "jp_fx": 0.5495633482933044, "kr_fx": 6.402798652648926}
[Validation] per_target_dir_mismatch_json={"us_Trade Weighted Dollar Index": 0.36363636363636365, "jp_fx": 0.36363636363636365, "kr_fx": 0.36363636363636365}
| end of epoch  37 | time:  1.69s | train_loss 0.0267 | valid rse 3.0697 | valid rae 3.9164 | valid corr  -0.0669 | valid smape  0.3397 | focus_rrse 4.0657 | obj 4.0657
Experiment: 1
Iter: 0
epoch: 38
hp= [1, 0.000102, 16, 128, 256, 1024, 20, 0.02, 2, 50, 0.6, 0.1, 2, 38]
best sum= 7.053034099945943
best rrse= 3.069736531720914
best rrae= 3.916391287409428
best corr= -0.06690628
best smape= 0.33970839569931033
best objective= 4.065706729888916
best hps= [1, 0.000102, 16, 128, 256, 1024, 20, 0.02, 2, 50, 0.6, 0.1, 2, 1]
best test rse= 3.212858477528643
best test corr= -0.06990926
[Target-Weighted Loss] weights applied: {'us_Trade Weighted Dollar Index': 50.0, 'kr_fx': 50.0, 'jp_fx': 50.0}
[Target-Only Loss] enabled for columns: ['us_Trade Weighted Dollar Index', 'jp_fx', 'kr_fx']
[Bias Penalty] enabled lambda=0.4 scope=focus cols=['us_Trade Weighted Dollar Index', 'jp_fx', 'kr_fx']
iter:  0 | loss: 0.033
iter:  1 | loss: 0.019
iter:  2 | loss: 0.017
iter:  3 | loss: 0.016
iter:  4 | loss: 0.029
iter:  5 | loss: 0.022
iter:  6 | loss: 0.049
iter:  7 | loss: 0.047
iter:  8 | loss: 0.021
iter:  9 | loss: 0.032
iter: 10 | loss: 0.045
iter: 11 | loss: 0.024
iter: 12 | loss: 0.015
iter: 13 | loss: 0.029
iter: 14 | loss: 0.014
iter: 15 | loss: 0.012
iter: 16 | loss: 0.015
iter: 17 | loss: 0.022
iter: 18 | loss: 0.020
iter: 19 | loss: 0.009
iter: 20 | loss: 0.059
iter: 21 | loss: 0.015
iter: 22 | loss: 0.023
iter: 23 | loss: 0.030
iter: 24 | loss: 0.024
iter: 25 | loss: 0.017
iter: 26 | loss: 0.037
iter: 27 | loss: 0.029
iter: 28 | loss: 0.027
iter: 29 | loss: 0.041
iter: 30 | loss: 0.025
iter: 31 | loss: 0.057
iter: 32 | loss: 0.038
testing r= 5
rrse(target)=107.05997333562624 / 34.87594854780834 | rrse(all)=178912454333630.4 / 34622966134154.824 | report_mode=targets
[Validation] per_target_rrse_json={"us_Trade Weighted Dollar Index": 3.9368884563446045, "jp_fx": 5.282742023468018, "kr_fx": 2.9774909019470215}
[Validation] per_target_lag_mae_json={"us_Trade Weighted Dollar Index": 0.5149202942848206, "jp_fx": 0.5495633482933044, "kr_fx": 6.402798652648926}
[Validation] per_target_dir_mismatch_json={"us_Trade Weighted Dollar Index": 0.36363636363636365, "jp_fx": 0.36363636363636365, "kr_fx": 0.36363636363636365}
| end of epoch  38 | time:  1.74s | train_loss 0.0275 | valid rse 3.0697 | valid rae 3.9164 | valid corr  -0.0669 | valid smape  0.3397 | focus_rrse 4.0657 | obj 4.0657
Experiment: 1
Iter: 0
epoch: 39
hp= [1, 0.000102, 16, 128, 256, 1024, 20, 0.02, 2, 50, 0.6, 0.1, 2, 39]
best sum= 7.053034099945943
best rrse= 3.069736531720914
best rrae= 3.916391287409428
best corr= -0.06690628
best smape= 0.33970839569931033
best objective= 4.065706729888916
best hps= [1, 0.000102, 16, 128, 256, 1024, 20, 0.02, 2, 50, 0.6, 0.1, 2, 1]
best test rse= 3.212858477528643
best test corr= -0.06990926
[Target-Weighted Loss] weights applied: {'us_Trade Weighted Dollar Index': 50.0, 'kr_fx': 50.0, 'jp_fx': 50.0}
[Target-Only Loss] enabled for columns: ['us_Trade Weighted Dollar Index', 'jp_fx', 'kr_fx']
[Bias Penalty] enabled lambda=0.4 scope=focus cols=['us_Trade Weighted Dollar Index', 'jp_fx', 'kr_fx']
iter:  0 | loss: 0.029
iter:  1 | loss: 0.023
iter:  2 | loss: 0.016
iter:  3 | loss: 0.017
iter:  4 | loss: 0.022
iter:  5 | loss: 0.029
iter:  6 | loss: 0.019
iter:  7 | loss: 0.040
iter:  8 | loss: 0.014
iter:  9 | loss: 0.042
iter: 10 | loss: 0.020
iter: 11 | loss: 0.023
iter: 12 | loss: 0.015
iter: 13 | loss: 0.028
iter: 14 | loss: 0.046
iter: 15 | loss: 0.012
iter: 16 | loss: 0.020
iter: 17 | loss: 0.023
iter: 18 | loss: 0.065
iter: 19 | loss: 0.019
iter: 20 | loss: 0.018
iter: 21 | loss: 0.027
iter: 22 | loss: 0.025
iter: 23 | loss: 0.032
iter: 24 | loss: 0.030
iter: 25 | loss: 0.031
iter: 26 | loss: 0.067
iter: 27 | loss: 0.019
iter: 28 | loss: 0.015
iter: 29 | loss: 0.018
iter: 30 | loss: 0.028
iter: 31 | loss: 0.015
iter: 32 | loss: 0.042
testing r= 5
rrse(target)=107.05997333562624 / 34.87594854780834 | rrse(all)=178912454333630.4 / 34622966134154.824 | report_mode=targets
[Validation] per_target_rrse_json={"us_Trade Weighted Dollar Index": 3.9368884563446045, "jp_fx": 5.282742023468018, "kr_fx": 2.9774909019470215}
[Validation] per_target_lag_mae_json={"us_Trade Weighted Dollar Index": 0.5149202942848206, "jp_fx": 0.5495633482933044, "kr_fx": 6.402798652648926}
[Validation] per_target_dir_mismatch_json={"us_Trade Weighted Dollar Index": 0.36363636363636365, "jp_fx": 0.36363636363636365, "kr_fx": 0.36363636363636365}
| end of epoch  39 | time:  1.63s | train_loss 0.0268 | valid rse 3.0697 | valid rae 3.9164 | valid corr  -0.0669 | valid smape  0.3397 | focus_rrse 4.0657 | obj 4.0657
Experiment: 1
Iter: 0
epoch: 40
hp= [1, 0.000102, 16, 128, 256, 1024, 20, 0.02, 2, 50, 0.6, 0.1, 2, 40]
best sum= 7.053034099945943
best rrse= 3.069736531720914
best rrae= 3.916391287409428
best corr= -0.06690628
best smape= 0.33970839569931033
best objective= 4.065706729888916
best hps= [1, 0.000102, 16, 128, 256, 1024, 20, 0.02, 2, 50, 0.6, 0.1, 2, 1]
best test rse= 3.212858477528643
best test corr= -0.06990926
[Target-Weighted Loss] weights applied: {'us_Trade Weighted Dollar Index': 50.0, 'kr_fx': 50.0, 'jp_fx': 50.0}
[Target-Only Loss] enabled for columns: ['us_Trade Weighted Dollar Index', 'jp_fx', 'kr_fx']
[Bias Penalty] enabled lambda=0.4 scope=focus cols=['us_Trade Weighted Dollar Index', 'jp_fx', 'kr_fx']
iter:  0 | loss: 0.018
iter:  1 | loss: 0.024
iter:  2 | loss: 0.023
iter:  3 | loss: 0.014
iter:  4 | loss: 0.029
iter:  5 | loss: 0.027
iter:  6 | loss: 0.020
iter:  7 | loss: 0.038
iter:  8 | loss: 0.026
iter:  9 | loss: 0.024
iter: 10 | loss: 0.013
iter: 11 | loss: 0.024
iter: 12 | loss: 0.043
iter: 13 | loss: 0.016
iter: 14 | loss: 0.012
iter: 15 | loss: 0.028
iter: 16 | loss: 0.044
iter: 17 | loss: 0.020
iter: 18 | loss: 0.039
iter: 19 | loss: 0.046
iter: 20 | loss: 0.038
iter: 21 | loss: 0.015
iter: 22 | loss: 0.021
iter: 23 | loss: 0.049
iter: 24 | loss: 0.046
iter: 25 | loss: 0.021
iter: 26 | loss: 0.013
iter: 27 | loss: 0.029
iter: 28 | loss: 0.028
iter: 29 | loss: 0.014
iter: 30 | loss: 0.046
iter: 31 | loss: 0.023
iter: 32 | loss: 0.053
testing r= 5
rrse(target)=107.05997333562624 / 34.87594854780834 | rrse(all)=178912454333630.4 / 34622966134154.824 | report_mode=targets
[Validation] per_target_rrse_json={"us_Trade Weighted Dollar Index": 3.9368884563446045, "jp_fx": 5.282742023468018, "kr_fx": 2.9774909019470215}
[Validation] per_target_lag_mae_json={"us_Trade Weighted Dollar Index": 0.5149202942848206, "jp_fx": 0.5495633482933044, "kr_fx": 6.402798652648926}
[Validation] per_target_dir_mismatch_json={"us_Trade Weighted Dollar Index": 0.36363636363636365, "jp_fx": 0.36363636363636365, "kr_fx": 0.36363636363636365}
| end of epoch  40 | time:  1.69s | train_loss 0.0279 | valid rse 3.0697 | valid rae 3.9164 | valid corr  -0.0669 | valid smape  0.3397 | focus_rrse 4.0657 | obj 4.0657
best val loss= 7.053034099945943
best hps= [1, 0.000102, 16, 128, 256, 1024, 20, 0.02, 2, 50, 0.6, 0.1, 2, 1]
testing r= 5
rrse(target)=107.05997333562624 / 34.87594854780834 | rrse(all)=178912454333630.4 / 34622966134154.824 | report_mode=targets
[Validation] per_target_rrse_json={"us_Trade Weighted Dollar Index": 3.9368884563446045, "jp_fx": 5.282742023468018, "kr_fx": 2.9774909019470215}
[Validation] per_target_lag_mae_json={"us_Trade Weighted Dollar Index": 0.5149202942848206, "jp_fx": 0.5495633482933044, "kr_fx": 6.402798652648926}
[Validation] per_target_dir_mismatch_json={"us_Trade Weighted Dollar Index": 0.36363636363636365, "jp_fx": 0.36363636363636365, "kr_fx": 0.36363636363636365}
[debias] mode=val_mean_error apply_to=focus offset={'us_Trade Weighted Dollar Index': 2.657581329345703, 'jp_fx': -8.753257751464844, 'kr_fx': 25.272470474243164}
testing r= 5
rrse(target)=52.85147184489638 / 34.87594854780834 | rrse(all)=178912454333630.4 / 34622966134154.824 | report_mode=targets
[Validation] per_target_rrse_json={"us_Trade Weighted Dollar Index": 1.6462626457214355, "jp_fx": 0.5625302195549011, "kr_fx": 1.5330479145050049}
[Validation] per_target_lag_mae_json={"us_Trade Weighted Dollar Index": 0.514919638633728, "jp_fx": 0.5495660901069641, "kr_fx": 6.402798652648926}
[Validation] per_target_dir_mismatch_json={"us_Trade Weighted Dollar Index": 0.36363636363636365, "jp_fx": 0.36363636363636365, "kr_fx": 0.36363636363636365}
testing r= 5
rrse(target)=364.6672498662308 / 87.05327089004898 | rrse(all)=55791685350838.79 / 13118448721317.795 | report_mode=targets
[Testing] per_target_rrse_json={"us_Trade Weighted Dollar Index": 4.83491325378418, "jp_fx": 3.871018409729004, "kr_fx": 4.191220283508301}
[Testing] per_target_lag_mae_json={"us_Trade Weighted Dollar Index": 0.5075218677520752, "jp_fx": 0.7875185608863831, "kr_fx": 9.1185302734375}
[Testing] per_target_dir_mismatch_json={"us_Trade Weighted Dollar Index": 0.2727272727272727, "jp_fx": 0.6363636363636364, "kr_fx": 1.0}
********************************************************************************************************
final test rse 4.1890 | test rae 4.9238 | test corr -0.0699 | test smape 0.3468
********************************************************************************************************



1 run average



valid	rse	rae
mean	1.5154	1.4651
std	0.0000	0.0000



test	rse	rae
mean	4.1890	4.9238
std	0.0000	0.0000
