CUDA not available, using CPU
[split_guard] {'n': 180, 'cutoff_idx': 168, 'cutoff_label': '25.Jan', 'valid_start_idx': 156, 'valid_end_idx': 168, 'valid_months': 12}
Loading data from /Users/samrobert/Documents/GitHub/Exchangeprediction/Cyber-trend-forecasting-main 3/B-MTGNN/data/sm_data.csv...
Data loaded and converted to numeric successfully.
Graph loaded with 1 attacks...
33 columns loaded
Adjacency created...
train X: torch.Size([107, 48, 33])
train Y: torch.Size([107, 1, 33])
valid X: torch.Size([11, 48, 33])
valid Y: torch.Size([11, 1, 33])
test X: torch.Size([11, 48, 33])
test Y: torch.Size([11, 1, 33])
test window: torch.Size([60, 33])
length of training set= 107
length of validation set= 11
length of testing set= 11
valid= 168
Auto-detected num_nodes: 33
Namespace(data='/Users/samrobert/Documents/GitHub/Exchangeprediction/Cyber-trend-forecasting-main 3/B-MTGNN/data/sm_data.csv', log_interval=2000, save='/Users/samrobert/Documents/GitHub/Exchangeprediction/Cyber-trend-forecasting-main 3/B-MTGNN/tuning_runs/20260220_175117/checkpoints/model_006.pt', optim='adam', L1Loss=True, loss_mode='mse', normalize=2, device='cuda:1', gcn_true=False, buildA_true=False, use_graph=0, gcn_depth=1, num_nodes=33, dropout=0.05, subgraph_size=40, node_dim=30, dilation_exponential=2, conv_channels=16, residual_channels=128, skip_channels=256, end_channels=1024, in_dim=1, seq_in_len=48, seq_out_len=1, horizon=1, layers=2, batch_size=4, lr=0.0002125, weight_decay=1e-05, clip=10, propalpha=0.6, tanhalpha=0.1, epochs=40, num_split=1, step_size=100, ss_prob=0.2, train_ratio=0.8666666667, valid_ratio=0.0666666667, focus_targets=1, focus_nodes='us_Trade Weighted Dollar Index,jp_fx,kr_fx', focus_weight=1.0, focus_target_gain=35.0, focus_only_loss=1, anchor_focus_to_last=0.0, rse_targets='Us_Trade Weighted Dollar Index_Testing.txt,Jp_fx_Testing.txt,Kr_fx_Testing.txt', rse_report_mode='targets', debias_mode='val_mean_error', debias_apply_to='focus', bias_penalty=0.2, bias_penalty_scope='focus', plot_focus_only=0, debug_eval=0, rollout_mode='recursive', enforce_cutoff_split=1, cutoff_year_yy=25, min_valid_months=12, confidence_level=0.95, confidence_scale=3.0, confidence_mode='predictive', seed=777, plot=0, clean_cache=0, autotune_mode=1, apply_best_tuning=0, eval_best_tuning=0, target_profile='none', best_tuning_checkpoint='')
The recpetive field size is 19
Number of model parameters is 1600833
begin training
Experiment: 1
Iter: 0
epoch: 1
hp= [1, 0.0002125, 16, 128, 256, 1024, 40, 0.05, 2, 30, 0.6, 0.1, 2, 1]
best sum= 10000000
best rrse= 10000000
best rrae= 10000000
best corr= -10000000
best smape= 10000000
best objective= 10000000
best hps= []
best test rse= 10000000
best test corr= -10000000
[Target-Weighted Loss] weights applied: {'us_Trade Weighted Dollar Index': 35.0, 'kr_fx': 35.0, 'jp_fx': 35.0}
[Target-Only Loss] enabled for columns: ['us_Trade Weighted Dollar Index', 'jp_fx', 'kr_fx']
[Bias Penalty] enabled lambda=0.2 scope=focus cols=['us_Trade Weighted Dollar Index', 'jp_fx', 'kr_fx']
iter:  0 | loss: 0.011
iter:  1 | loss: 0.015
iter:  2 | loss: 0.012
iter:  3 | loss: 0.022
iter:  4 | loss: 0.002
iter:  5 | loss: 0.014
iter:  6 | loss: 0.014
iter:  7 | loss: 0.018
iter:  8 | loss: 0.002
iter:  9 | loss: 0.004
iter: 10 | loss: 0.010
iter: 11 | loss: 0.008
iter: 12 | loss: 0.007
iter: 13 | loss: 0.011
iter: 14 | loss: 0.005
iter: 15 | loss: 0.012
iter: 16 | loss: 0.007
iter: 17 | loss: 0.003
iter: 18 | loss: 0.005
iter: 19 | loss: 0.003
iter: 20 | loss: 0.002
iter: 21 | loss: 0.006
iter: 22 | loss: 0.011
iter: 23 | loss: 0.010
iter: 24 | loss: 0.009
iter: 25 | loss: 0.015
iter: 26 | loss: 0.038
testing r= 5
rrse(target)=138.450916392778 / 34.87594854780834 | rrse(all)=98828678402959.67 / 34622966134154.824 | report_mode=targets
[Validation] per_target_rrse_json={"us_Trade Weighted Dollar Index": 5.201282024383545, "jp_fx": 8.131484985351562, "kr_fx": 3.777454137802124}
[Validation] per_target_lag_mae_json={"us_Trade Weighted Dollar Index": 0.606082558631897, "jp_fx": 1.022454023361206, "kr_fx": 10.375432968139648}
[Validation] per_target_dir_mismatch_json={"us_Trade Weighted Dollar Index": 0.6363636363636364, "jp_fx": 0.6363636363636364, "kr_fx": 0.6363636363636364}
| end of epoch   1 | time:  4.52s | train_loss 0.0101 | valid rse 3.9698 | valid rae 5.1069 | valid corr  -0.0844 | valid smape  0.3198 | focus_rrse 5.7034 | obj 5.7034
testing r= 5
rrse(target)=481.5097351040787 / 87.05327089004898 | rrse(all)=25194735034451.35 / 13118448721317.795 | report_mode=targets
[Testing] per_target_rrse_json={"us_Trade Weighted Dollar Index": 5.835524559020996, "jp_fx": 2.4308228492736816, "kr_fx": 5.5559000968933105}
[Testing] per_target_lag_mae_json={"us_Trade Weighted Dollar Index": 0.7619545459747314, "jp_fx": 0.7185932397842407, "kr_fx": 6.914484024047852}
[Testing] per_target_dir_mismatch_json={"us_Trade Weighted Dollar Index": 0.8181818181818182, "jp_fx": 0.5454545454545454, "kr_fx": 0.18181818181818182}
********************************************************************************************************
test rse 5.5312 | test rae 6.3650 | test corr 0.2441| test smape 0.2851 | test focus_rrse 4.6074
********************************************************************************************************
Experiment: 1
Iter: 0
epoch: 2
hp= [1, 0.0002125, 16, 128, 256, 1024, 40, 0.05, 2, 30, 0.6, 0.1, 2, 2]
best sum= 9.161172431245152
best rrse= 3.9698107767015407
best rrae= 5.1069169901249145
best corr= -0.084444664
best smape= 0.31978974576402297
best objective= 5.703407287597656
best hps= [1, 0.0002125, 16, 128, 256, 1024, 40, 0.05, 2, 30, 0.6, 0.1, 2, 1]
best test rse= 5.531207847574627
best test corr= 0.24409999
[Target-Weighted Loss] weights applied: {'us_Trade Weighted Dollar Index': 35.0, 'kr_fx': 35.0, 'jp_fx': 35.0}
[Target-Only Loss] enabled for columns: ['us_Trade Weighted Dollar Index', 'jp_fx', 'kr_fx']
[Bias Penalty] enabled lambda=0.2 scope=focus cols=['us_Trade Weighted Dollar Index', 'jp_fx', 'kr_fx']
iter:  0 | loss: 0.008
iter:  1 | loss: 0.007
iter:  2 | loss: 0.004
iter:  3 | loss: 0.010
iter:  4 | loss: 0.003
iter:  5 | loss: 0.033
iter:  6 | loss: 0.010
iter:  7 | loss: 0.017
iter:  8 | loss: 0.013
iter:  9 | loss: 0.005
iter: 10 | loss: 0.021
iter: 11 | loss: 0.017
iter: 12 | loss: 0.005
iter: 13 | loss: 0.003
iter: 14 | loss: 0.006
iter: 15 | loss: 0.006
iter: 16 | loss: 0.013
iter: 17 | loss: 0.005
iter: 18 | loss: 0.003
iter: 19 | loss: 0.017
iter: 20 | loss: 0.008
iter: 21 | loss: 0.006
iter: 22 | loss: 0.005
iter: 23 | loss: 0.005
iter: 24 | loss: 0.008
iter: 25 | loss: 0.015
iter: 26 | loss: 0.012
testing r= 5
rrse(target)=138.450916392778 / 34.87594854780834 | rrse(all)=98828678402959.67 / 34622966134154.824 | report_mode=targets
[Validation] per_target_rrse_json={"us_Trade Weighted Dollar Index": 5.201282024383545, "jp_fx": 8.131484985351562, "kr_fx": 3.777454137802124}
[Validation] per_target_lag_mae_json={"us_Trade Weighted Dollar Index": 0.606082558631897, "jp_fx": 1.022454023361206, "kr_fx": 10.375432968139648}
[Validation] per_target_dir_mismatch_json={"us_Trade Weighted Dollar Index": 0.6363636363636364, "jp_fx": 0.6363636363636364, "kr_fx": 0.6363636363636364}
| end of epoch   2 | time:  4.34s | train_loss 0.0098 | valid rse 3.9698 | valid rae 5.1069 | valid corr  -0.0844 | valid smape  0.3198 | focus_rrse 5.7034 | obj 5.7034
Experiment: 1
Iter: 0
epoch: 3
hp= [1, 0.0002125, 16, 128, 256, 1024, 40, 0.05, 2, 30, 0.6, 0.1, 2, 3]
best sum= 9.161172431245152
best rrse= 3.9698107767015407
best rrae= 5.1069169901249145
best corr= -0.084444664
best smape= 0.31978974576402297
best objective= 5.703407287597656
best hps= [1, 0.0002125, 16, 128, 256, 1024, 40, 0.05, 2, 30, 0.6, 0.1, 2, 1]
best test rse= 5.531207847574627
best test corr= 0.24409999
[Target-Weighted Loss] weights applied: {'us_Trade Weighted Dollar Index': 35.0, 'kr_fx': 35.0, 'jp_fx': 35.0}
[Target-Only Loss] enabled for columns: ['us_Trade Weighted Dollar Index', 'jp_fx', 'kr_fx']
[Bias Penalty] enabled lambda=0.2 scope=focus cols=['us_Trade Weighted Dollar Index', 'jp_fx', 'kr_fx']
iter:  0 | loss: 0.005
iter:  1 | loss: 0.006
iter:  2 | loss: 0.002
iter:  3 | loss: 0.008
iter:  4 | loss: 0.028
iter:  5 | loss: 0.016
iter:  6 | loss: 0.007
iter:  7 | loss: 0.009
iter:  8 | loss: 0.002
iter:  9 | loss: 0.004
iter: 10 | loss: 0.003
iter: 11 | loss: 0.010
iter: 12 | loss: 0.018
iter: 13 | loss: 0.004
iter: 14 | loss: 0.007
iter: 15 | loss: 0.009
iter: 16 | loss: 0.021
iter: 17 | loss: 0.004
iter: 18 | loss: 0.005
iter: 19 | loss: 0.004
iter: 20 | loss: 0.014
iter: 21 | loss: 0.011
iter: 22 | loss: 0.020
iter: 23 | loss: 0.009
iter: 24 | loss: 0.013
iter: 25 | loss: 0.015
iter: 26 | loss: 0.001
testing r= 5
rrse(target)=138.450916392778 / 34.87594854780834 | rrse(all)=98828678402959.67 / 34622966134154.824 | report_mode=targets
[Validation] per_target_rrse_json={"us_Trade Weighted Dollar Index": 5.201282024383545, "jp_fx": 8.131484985351562, "kr_fx": 3.777454137802124}
[Validation] per_target_lag_mae_json={"us_Trade Weighted Dollar Index": 0.606082558631897, "jp_fx": 1.022454023361206, "kr_fx": 10.375432968139648}
[Validation] per_target_dir_mismatch_json={"us_Trade Weighted Dollar Index": 0.6363636363636364, "jp_fx": 0.6363636363636364, "kr_fx": 0.6363636363636364}
| end of epoch   3 | time:  4.32s | train_loss 0.0095 | valid rse 3.9698 | valid rae 5.1069 | valid corr  -0.0844 | valid smape  0.3198 | focus_rrse 5.7034 | obj 5.7034
Experiment: 1
Iter: 0
epoch: 4
hp= [1, 0.0002125, 16, 128, 256, 1024, 40, 0.05, 2, 30, 0.6, 0.1, 2, 4]
best sum= 9.161172431245152
best rrse= 3.9698107767015407
best rrae= 5.1069169901249145
best corr= -0.084444664
best smape= 0.31978974576402297
best objective= 5.703407287597656
best hps= [1, 0.0002125, 16, 128, 256, 1024, 40, 0.05, 2, 30, 0.6, 0.1, 2, 1]
best test rse= 5.531207847574627
best test corr= 0.24409999
[Target-Weighted Loss] weights applied: {'us_Trade Weighted Dollar Index': 35.0, 'kr_fx': 35.0, 'jp_fx': 35.0}
[Target-Only Loss] enabled for columns: ['us_Trade Weighted Dollar Index', 'jp_fx', 'kr_fx']
[Bias Penalty] enabled lambda=0.2 scope=focus cols=['us_Trade Weighted Dollar Index', 'jp_fx', 'kr_fx']
iter:  0 | loss: 0.010
iter:  1 | loss: 0.010
iter:  2 | loss: 0.004
iter:  3 | loss: 0.008
iter:  4 | loss: 0.011
iter:  5 | loss: 0.013
iter:  6 | loss: 0.004
iter:  7 | loss: 0.006
iter:  8 | loss: 0.016
iter:  9 | loss: 0.010
iter: 10 | loss: 0.011
iter: 11 | loss: 0.005
iter: 12 | loss: 0.017
iter: 13 | loss: 0.029
iter: 14 | loss: 0.021
iter: 15 | loss: 0.003
iter: 16 | loss: 0.016
iter: 17 | loss: 0.002
iter: 18 | loss: 0.004
iter: 19 | loss: 0.006
iter: 20 | loss: 0.009
iter: 21 | loss: 0.005
iter: 22 | loss: 0.003
iter: 23 | loss: 0.014
iter: 24 | loss: 0.003
iter: 25 | loss: 0.020
iter: 26 | loss: 0.003
testing r= 5
rrse(target)=138.450916392778 / 34.87594854780834 | rrse(all)=98828678402959.67 / 34622966134154.824 | report_mode=targets
[Validation] per_target_rrse_json={"us_Trade Weighted Dollar Index": 5.201282024383545, "jp_fx": 8.131484985351562, "kr_fx": 3.777454137802124}
[Validation] per_target_lag_mae_json={"us_Trade Weighted Dollar Index": 0.606082558631897, "jp_fx": 1.022454023361206, "kr_fx": 10.375432968139648}
[Validation] per_target_dir_mismatch_json={"us_Trade Weighted Dollar Index": 0.6363636363636364, "jp_fx": 0.6363636363636364, "kr_fx": 0.6363636363636364}
| end of epoch   4 | time:  4.28s | train_loss 0.0097 | valid rse 3.9698 | valid rae 5.1069 | valid corr  -0.0844 | valid smape  0.3198 | focus_rrse 5.7034 | obj 5.7034
Experiment: 1
Iter: 0
epoch: 5
hp= [1, 0.0002125, 16, 128, 256, 1024, 40, 0.05, 2, 30, 0.6, 0.1, 2, 5]
best sum= 9.161172431245152
best rrse= 3.9698107767015407
best rrae= 5.1069169901249145
best corr= -0.084444664
best smape= 0.31978974576402297
best objective= 5.703407287597656
best hps= [1, 0.0002125, 16, 128, 256, 1024, 40, 0.05, 2, 30, 0.6, 0.1, 2, 1]
best test rse= 5.531207847574627
best test corr= 0.24409999
[Target-Weighted Loss] weights applied: {'us_Trade Weighted Dollar Index': 35.0, 'kr_fx': 35.0, 'jp_fx': 35.0}
[Target-Only Loss] enabled for columns: ['us_Trade Weighted Dollar Index', 'jp_fx', 'kr_fx']
[Bias Penalty] enabled lambda=0.2 scope=focus cols=['us_Trade Weighted Dollar Index', 'jp_fx', 'kr_fx']
iter:  0 | loss: 0.006
iter:  1 | loss: 0.006
iter:  2 | loss: 0.007
iter:  3 | loss: 0.010
iter:  4 | loss: 0.006
iter:  5 | loss: 0.011
iter:  6 | loss: 0.028
iter:  7 | loss: 0.007
iter:  8 | loss: 0.010
iter:  9 | loss: 0.016
iter: 10 | loss: 0.003
iter: 11 | loss: 0.006
iter: 12 | loss: 0.005
iter: 13 | loss: 0.008
iter: 14 | loss: 0.007
iter: 15 | loss: 0.007
iter: 16 | loss: 0.004
iter: 17 | loss: 0.006
iter: 18 | loss: 0.022
iter: 19 | loss: 0.003
iter: 20 | loss: 0.012
iter: 21 | loss: 0.003
iter: 22 | loss: 0.009
iter: 23 | loss: 0.012
iter: 24 | loss: 0.016
iter: 25 | loss: 0.016
iter: 26 | loss: 0.011
testing r= 5
rrse(target)=138.450916392778 / 34.87594854780834 | rrse(all)=98828678402959.67 / 34622966134154.824 | report_mode=targets
[Validation] per_target_rrse_json={"us_Trade Weighted Dollar Index": 5.201282024383545, "jp_fx": 8.131484985351562, "kr_fx": 3.777454137802124}
[Validation] per_target_lag_mae_json={"us_Trade Weighted Dollar Index": 0.606082558631897, "jp_fx": 1.022454023361206, "kr_fx": 10.375432968139648}
[Validation] per_target_dir_mismatch_json={"us_Trade Weighted Dollar Index": 0.6363636363636364, "jp_fx": 0.6363636363636364, "kr_fx": 0.6363636363636364}
| end of epoch   5 | time:  4.21s | train_loss 0.0095 | valid rse 3.9698 | valid rae 5.1069 | valid corr  -0.0844 | valid smape  0.3198 | focus_rrse 5.7034 | obj 5.7034
Experiment: 1
Iter: 0
epoch: 6
hp= [1, 0.0002125, 16, 128, 256, 1024, 40, 0.05, 2, 30, 0.6, 0.1, 2, 6]
best sum= 9.161172431245152
best rrse= 3.9698107767015407
best rrae= 5.1069169901249145
best corr= -0.084444664
best smape= 0.31978974576402297
best objective= 5.703407287597656
best hps= [1, 0.0002125, 16, 128, 256, 1024, 40, 0.05, 2, 30, 0.6, 0.1, 2, 1]
best test rse= 5.531207847574627
best test corr= 0.24409999
[Target-Weighted Loss] weights applied: {'us_Trade Weighted Dollar Index': 35.0, 'kr_fx': 35.0, 'jp_fx': 35.0}
[Target-Only Loss] enabled for columns: ['us_Trade Weighted Dollar Index', 'jp_fx', 'kr_fx']
[Bias Penalty] enabled lambda=0.2 scope=focus cols=['us_Trade Weighted Dollar Index', 'jp_fx', 'kr_fx']
iter:  0 | loss: 0.009
iter:  1 | loss: 0.017
iter:  2 | loss: 0.021
iter:  3 | loss: 0.005
iter:  4 | loss: 0.009
iter:  5 | loss: 0.003
iter:  6 | loss: 0.026
iter:  7 | loss: 0.009
iter:  8 | loss: 0.011
iter:  9 | loss: 0.003
iter: 10 | loss: 0.006
iter: 11 | loss: 0.004
iter: 12 | loss: 0.009
iter: 13 | loss: 0.004
iter: 14 | loss: 0.018
iter: 15 | loss: 0.017
iter: 16 | loss: 0.010
iter: 17 | loss: 0.004
iter: 18 | loss: 0.019
iter: 19 | loss: 0.004
iter: 20 | loss: 0.005
iter: 21 | loss: 0.002
iter: 22 | loss: 0.016
iter: 23 | loss: 0.007
iter: 24 | loss: 0.009
iter: 25 | loss: 0.006
iter: 26 | loss: 0.010
testing r= 5
rrse(target)=138.450916392778 / 34.87594854780834 | rrse(all)=98828678402959.67 / 34622966134154.824 | report_mode=targets
[Validation] per_target_rrse_json={"us_Trade Weighted Dollar Index": 5.201282024383545, "jp_fx": 8.131484985351562, "kr_fx": 3.777454137802124}
[Validation] per_target_lag_mae_json={"us_Trade Weighted Dollar Index": 0.606082558631897, "jp_fx": 1.022454023361206, "kr_fx": 10.375432968139648}
[Validation] per_target_dir_mismatch_json={"us_Trade Weighted Dollar Index": 0.6363636363636364, "jp_fx": 0.6363636363636364, "kr_fx": 0.6363636363636364}
| end of epoch   6 | time:  4.15s | train_loss 0.0096 | valid rse 3.9698 | valid rae 5.1069 | valid corr  -0.0844 | valid smape  0.3198 | focus_rrse 5.7034 | obj 5.7034
Experiment: 1
Iter: 0
epoch: 7
hp= [1, 0.0002125, 16, 128, 256, 1024, 40, 0.05, 2, 30, 0.6, 0.1, 2, 7]
best sum= 9.161172431245152
best rrse= 3.9698107767015407
best rrae= 5.1069169901249145
best corr= -0.084444664
best smape= 0.31978974576402297
best objective= 5.703407287597656
best hps= [1, 0.0002125, 16, 128, 256, 1024, 40, 0.05, 2, 30, 0.6, 0.1, 2, 1]
best test rse= 5.531207847574627
best test corr= 0.24409999
[Target-Weighted Loss] weights applied: {'us_Trade Weighted Dollar Index': 35.0, 'kr_fx': 35.0, 'jp_fx': 35.0}
[Target-Only Loss] enabled for columns: ['us_Trade Weighted Dollar Index', 'jp_fx', 'kr_fx']
[Bias Penalty] enabled lambda=0.2 scope=focus cols=['us_Trade Weighted Dollar Index', 'jp_fx', 'kr_fx']
iter:  0 | loss: 0.004
iter:  1 | loss: 0.010
iter:  2 | loss: 0.004
iter:  3 | loss: 0.004
iter:  4 | loss: 0.005
iter:  5 | loss: 0.006
iter:  6 | loss: 0.007
iter:  7 | loss: 0.007
iter:  8 | loss: 0.004
iter:  9 | loss: 0.003
iter: 10 | loss: 0.018
iter: 11 | loss: 0.005
iter: 12 | loss: 0.016
iter: 13 | loss: 0.004
iter: 14 | loss: 0.013
iter: 15 | loss: 0.007
iter: 16 | loss: 0.007
iter: 17 | loss: 0.047
iter: 18 | loss: 0.009
iter: 19 | loss: 0.002
iter: 20 | loss: 0.015
iter: 21 | loss: 0.009
iter: 22 | loss: 0.021
iter: 23 | loss: 0.015
iter: 24 | loss: 0.004
iter: 25 | loss: 0.018
iter: 26 | loss: 0.005
testing r= 5
rrse(target)=138.450916392778 / 34.87594854780834 | rrse(all)=98828678402959.67 / 34622966134154.824 | report_mode=targets
[Validation] per_target_rrse_json={"us_Trade Weighted Dollar Index": 5.201282024383545, "jp_fx": 8.131484985351562, "kr_fx": 3.777454137802124}
[Validation] per_target_lag_mae_json={"us_Trade Weighted Dollar Index": 0.606082558631897, "jp_fx": 1.022454023361206, "kr_fx": 10.375432968139648}
[Validation] per_target_dir_mismatch_json={"us_Trade Weighted Dollar Index": 0.6363636363636364, "jp_fx": 0.6363636363636364, "kr_fx": 0.6363636363636364}
| end of epoch   7 | time:  4.13s | train_loss 0.0100 | valid rse 3.9698 | valid rae 5.1069 | valid corr  -0.0844 | valid smape  0.3198 | focus_rrse 5.7034 | obj 5.7034
Experiment: 1
Iter: 0
epoch: 8
hp= [1, 0.0002125, 16, 128, 256, 1024, 40, 0.05, 2, 30, 0.6, 0.1, 2, 8]
best sum= 9.161172431245152
best rrse= 3.9698107767015407
best rrae= 5.1069169901249145
best corr= -0.084444664
best smape= 0.31978974576402297
best objective= 5.703407287597656
best hps= [1, 0.0002125, 16, 128, 256, 1024, 40, 0.05, 2, 30, 0.6, 0.1, 2, 1]
best test rse= 5.531207847574627
best test corr= 0.24409999
[Target-Weighted Loss] weights applied: {'us_Trade Weighted Dollar Index': 35.0, 'kr_fx': 35.0, 'jp_fx': 35.0}
[Target-Only Loss] enabled for columns: ['us_Trade Weighted Dollar Index', 'jp_fx', 'kr_fx']
[Bias Penalty] enabled lambda=0.2 scope=focus cols=['us_Trade Weighted Dollar Index', 'jp_fx', 'kr_fx']
iter:  0 | loss: 0.007
iter:  1 | loss: 0.011
iter:  2 | loss: 0.007
iter:  3 | loss: 0.002
iter:  4 | loss: 0.004
iter:  5 | loss: 0.018
iter:  6 | loss: 0.003
iter:  7 | loss: 0.015
iter:  8 | loss: 0.004
iter:  9 | loss: 0.010
iter: 10 | loss: 0.006
iter: 11 | loss: 0.006
iter: 12 | loss: 0.021
iter: 13 | loss: 0.010
iter: 14 | loss: 0.005
iter: 15 | loss: 0.007
iter: 16 | loss: 0.008
iter: 17 | loss: 0.003
iter: 18 | loss: 0.022
iter: 19 | loss: 0.014
iter: 20 | loss: 0.009
iter: 21 | loss: 0.013
iter: 22 | loss: 0.004
iter: 23 | loss: 0.023
iter: 24 | loss: 0.021
iter: 25 | loss: 0.002
iter: 26 | loss: 0.003
testing r= 5
rrse(target)=138.450916392778 / 34.87594854780834 | rrse(all)=98828678402959.67 / 34622966134154.824 | report_mode=targets
[Validation] per_target_rrse_json={"us_Trade Weighted Dollar Index": 5.201282024383545, "jp_fx": 8.131484985351562, "kr_fx": 3.777454137802124}
[Validation] per_target_lag_mae_json={"us_Trade Weighted Dollar Index": 0.606082558631897, "jp_fx": 1.022454023361206, "kr_fx": 10.375432968139648}
[Validation] per_target_dir_mismatch_json={"us_Trade Weighted Dollar Index": 0.6363636363636364, "jp_fx": 0.6363636363636364, "kr_fx": 0.6363636363636364}
| end of epoch   8 | time:  3.98s | train_loss 0.0096 | valid rse 3.9698 | valid rae 5.1069 | valid corr  -0.0844 | valid smape  0.3198 | focus_rrse 5.7034 | obj 5.7034
Experiment: 1
Iter: 0
epoch: 9
hp= [1, 0.0002125, 16, 128, 256, 1024, 40, 0.05, 2, 30, 0.6, 0.1, 2, 9]
best sum= 9.161172431245152
best rrse= 3.9698107767015407
best rrae= 5.1069169901249145
best corr= -0.084444664
best smape= 0.31978974576402297
best objective= 5.703407287597656
best hps= [1, 0.0002125, 16, 128, 256, 1024, 40, 0.05, 2, 30, 0.6, 0.1, 2, 1]
best test rse= 5.531207847574627
best test corr= 0.24409999
[Target-Weighted Loss] weights applied: {'us_Trade Weighted Dollar Index': 35.0, 'kr_fx': 35.0, 'jp_fx': 35.0}
[Target-Only Loss] enabled for columns: ['us_Trade Weighted Dollar Index', 'jp_fx', 'kr_fx']
[Bias Penalty] enabled lambda=0.2 scope=focus cols=['us_Trade Weighted Dollar Index', 'jp_fx', 'kr_fx']
iter:  0 | loss: 0.011
iter:  1 | loss: 0.023
iter:  2 | loss: 0.008
iter:  3 | loss: 0.006
iter:  4 | loss: 0.006
iter:  5 | loss: 0.006
iter:  6 | loss: 0.034
iter:  7 | loss: 0.014
iter:  8 | loss: 0.010
iter:  9 | loss: 0.006
iter: 10 | loss: 0.012
iter: 11 | loss: 0.003
iter: 12 | loss: 0.005
iter: 13 | loss: 0.002
iter: 14 | loss: 0.017
iter: 15 | loss: 0.003
iter: 16 | loss: 0.003
iter: 17 | loss: 0.012
iter: 18 | loss: 0.003
iter: 19 | loss: 0.003
iter: 20 | loss: 0.008
iter: 21 | loss: 0.014
iter: 22 | loss: 0.007
iter: 23 | loss: 0.017
iter: 24 | loss: 0.009
iter: 25 | loss: 0.003
iter: 26 | loss: 0.019
testing r= 5
rrse(target)=138.450916392778 / 34.87594854780834 | rrse(all)=98828678402959.67 / 34622966134154.824 | report_mode=targets
[Validation] per_target_rrse_json={"us_Trade Weighted Dollar Index": 5.201282024383545, "jp_fx": 8.131484985351562, "kr_fx": 3.777454137802124}
[Validation] per_target_lag_mae_json={"us_Trade Weighted Dollar Index": 0.606082558631897, "jp_fx": 1.022454023361206, "kr_fx": 10.375432968139648}
[Validation] per_target_dir_mismatch_json={"us_Trade Weighted Dollar Index": 0.6363636363636364, "jp_fx": 0.6363636363636364, "kr_fx": 0.6363636363636364}
| end of epoch   9 | time:  4.43s | train_loss 0.0097 | valid rse 3.9698 | valid rae 5.1069 | valid corr  -0.0844 | valid smape  0.3198 | focus_rrse 5.7034 | obj 5.7034
Experiment: 1
Iter: 0
epoch: 10
hp= [1, 0.0002125, 16, 128, 256, 1024, 40, 0.05, 2, 30, 0.6, 0.1, 2, 10]
best sum= 9.161172431245152
best rrse= 3.9698107767015407
best rrae= 5.1069169901249145
best corr= -0.084444664
best smape= 0.31978974576402297
best objective= 5.703407287597656
best hps= [1, 0.0002125, 16, 128, 256, 1024, 40, 0.05, 2, 30, 0.6, 0.1, 2, 1]
best test rse= 5.531207847574627
best test corr= 0.24409999
[Target-Weighted Loss] weights applied: {'us_Trade Weighted Dollar Index': 35.0, 'kr_fx': 35.0, 'jp_fx': 35.0}
[Target-Only Loss] enabled for columns: ['us_Trade Weighted Dollar Index', 'jp_fx', 'kr_fx']
[Bias Penalty] enabled lambda=0.2 scope=focus cols=['us_Trade Weighted Dollar Index', 'jp_fx', 'kr_fx']
iter:  0 | loss: 0.008
iter:  1 | loss: 0.009
iter:  2 | loss: 0.005
iter:  3 | loss: 0.009
iter:  4 | loss: 0.014
iter:  5 | loss: 0.012
iter:  6 | loss: 0.012
iter:  7 | loss: 0.012
iter:  8 | loss: 0.002
iter:  9 | loss: 0.007
iter: 10 | loss: 0.017
iter: 11 | loss: 0.024
iter: 12 | loss: 0.006
iter: 13 | loss: 0.016
iter: 14 | loss: 0.006
iter: 15 | loss: 0.009
iter: 16 | loss: 0.020
iter: 17 | loss: 0.017
iter: 18 | loss: 0.003
iter: 19 | loss: 0.016
iter: 20 | loss: 0.004
iter: 21 | loss: 0.003
iter: 22 | loss: 0.007
iter: 23 | loss: 0.007
iter: 24 | loss: 0.002
iter: 25 | loss: 0.005
iter: 26 | loss: 0.007
testing r= 5
rrse(target)=138.450916392778 / 34.87594854780834 | rrse(all)=98828678402959.67 / 34622966134154.824 | report_mode=targets
[Validation] per_target_rrse_json={"us_Trade Weighted Dollar Index": 5.201282024383545, "jp_fx": 8.131484985351562, "kr_fx": 3.777454137802124}
[Validation] per_target_lag_mae_json={"us_Trade Weighted Dollar Index": 0.606082558631897, "jp_fx": 1.022454023361206, "kr_fx": 10.375432968139648}
[Validation] per_target_dir_mismatch_json={"us_Trade Weighted Dollar Index": 0.6363636363636364, "jp_fx": 0.6363636363636364, "kr_fx": 0.6363636363636364}
| end of epoch  10 | time:  4.50s | train_loss 0.0097 | valid rse 3.9698 | valid rae 5.1069 | valid corr  -0.0844 | valid smape  0.3198 | focus_rrse 5.7034 | obj 5.7034
Experiment: 1
Iter: 0
epoch: 11
hp= [1, 0.0002125, 16, 128, 256, 1024, 40, 0.05, 2, 30, 0.6, 0.1, 2, 11]
best sum= 9.161172431245152
best rrse= 3.9698107767015407
best rrae= 5.1069169901249145
best corr= -0.084444664
best smape= 0.31978974576402297
best objective= 5.703407287597656
best hps= [1, 0.0002125, 16, 128, 256, 1024, 40, 0.05, 2, 30, 0.6, 0.1, 2, 1]
best test rse= 5.531207847574627
best test corr= 0.24409999
[Target-Weighted Loss] weights applied: {'us_Trade Weighted Dollar Index': 35.0, 'kr_fx': 35.0, 'jp_fx': 35.0}
[Target-Only Loss] enabled for columns: ['us_Trade Weighted Dollar Index', 'jp_fx', 'kr_fx']
[Bias Penalty] enabled lambda=0.2 scope=focus cols=['us_Trade Weighted Dollar Index', 'jp_fx', 'kr_fx']
iter:  0 | loss: 0.018
iter:  1 | loss: 0.004
iter:  2 | loss: 0.013
iter:  3 | loss: 0.008
iter:  4 | loss: 0.004
iter:  5 | loss: 0.008
iter:  6 | loss: 0.009
iter:  7 | loss: 0.004
iter:  8 | loss: 0.001
iter:  9 | loss: 0.009
iter: 10 | loss: 0.017
iter: 11 | loss: 0.004
iter: 12 | loss: 0.006
iter: 13 | loss: 0.004
iter: 14 | loss: 0.007
iter: 15 | loss: 0.005
iter: 16 | loss: 0.013
iter: 17 | loss: 0.002
iter: 18 | loss: 0.006
iter: 19 | loss: 0.026
iter: 20 | loss: 0.009
iter: 21 | loss: 0.013
iter: 22 | loss: 0.020
iter: 23 | loss: 0.009
iter: 24 | loss: 0.010
iter: 25 | loss: 0.020
iter: 26 | loss: 0.021
testing r= 5
rrse(target)=138.450916392778 / 34.87594854780834 | rrse(all)=98828678402959.67 / 34622966134154.824 | report_mode=targets
[Validation] per_target_rrse_json={"us_Trade Weighted Dollar Index": 5.201282024383545, "jp_fx": 8.131484985351562, "kr_fx": 3.777454137802124}
[Validation] per_target_lag_mae_json={"us_Trade Weighted Dollar Index": 0.606082558631897, "jp_fx": 1.022454023361206, "kr_fx": 10.375432968139648}
[Validation] per_target_dir_mismatch_json={"us_Trade Weighted Dollar Index": 0.6363636363636364, "jp_fx": 0.6363636363636364, "kr_fx": 0.6363636363636364}
| end of epoch  11 | time:  4.50s | train_loss 0.0098 | valid rse 3.9698 | valid rae 5.1069 | valid corr  -0.0844 | valid smape  0.3198 | focus_rrse 5.7034 | obj 5.7034
Experiment: 1
Iter: 0
epoch: 12
hp= [1, 0.0002125, 16, 128, 256, 1024, 40, 0.05, 2, 30, 0.6, 0.1, 2, 12]
best sum= 9.161172431245152
best rrse= 3.9698107767015407
best rrae= 5.1069169901249145
best corr= -0.084444664
best smape= 0.31978974576402297
best objective= 5.703407287597656
best hps= [1, 0.0002125, 16, 128, 256, 1024, 40, 0.05, 2, 30, 0.6, 0.1, 2, 1]
best test rse= 5.531207847574627
best test corr= 0.24409999
[Target-Weighted Loss] weights applied: {'us_Trade Weighted Dollar Index': 35.0, 'kr_fx': 35.0, 'jp_fx': 35.0}
[Target-Only Loss] enabled for columns: ['us_Trade Weighted Dollar Index', 'jp_fx', 'kr_fx']
[Bias Penalty] enabled lambda=0.2 scope=focus cols=['us_Trade Weighted Dollar Index', 'jp_fx', 'kr_fx']
iter:  0 | loss: 0.005
iter:  1 | loss: 0.007
iter:  2 | loss: 0.009
iter:  3 | loss: 0.007
iter:  4 | loss: 0.007
iter:  5 | loss: 0.015
iter:  6 | loss: 0.016
iter:  7 | loss: 0.007
iter:  8 | loss: 0.003
iter:  9 | loss: 0.012
iter: 10 | loss: 0.001
iter: 11 | loss: 0.016
iter: 12 | loss: 0.005
iter: 13 | loss: 0.003
iter: 14 | loss: 0.020
iter: 15 | loss: 0.002
iter: 16 | loss: 0.007
iter: 17 | loss: 0.017
iter: 18 | loss: 0.002
iter: 19 | loss: 0.008
iter: 20 | loss: 0.005
iter: 21 | loss: 0.010
iter: 22 | loss: 0.007
iter: 23 | loss: 0.020
iter: 24 | loss: 0.020
iter: 25 | loss: 0.007
iter: 26 | loss: 0.033
testing r= 5
rrse(target)=138.450916392778 / 34.87594854780834 | rrse(all)=98828678402959.67 / 34622966134154.824 | report_mode=targets
[Validation] per_target_rrse_json={"us_Trade Weighted Dollar Index": 5.201282024383545, "jp_fx": 8.131484985351562, "kr_fx": 3.777454137802124}
[Validation] per_target_lag_mae_json={"us_Trade Weighted Dollar Index": 0.606082558631897, "jp_fx": 1.022454023361206, "kr_fx": 10.375432968139648}
[Validation] per_target_dir_mismatch_json={"us_Trade Weighted Dollar Index": 0.6363636363636364, "jp_fx": 0.6363636363636364, "kr_fx": 0.6363636363636364}
| end of epoch  12 | time:  4.13s | train_loss 0.0099 | valid rse 3.9698 | valid rae 5.1069 | valid corr  -0.0844 | valid smape  0.3198 | focus_rrse 5.7034 | obj 5.7034
Experiment: 1
Iter: 0
epoch: 13
hp= [1, 0.0002125, 16, 128, 256, 1024, 40, 0.05, 2, 30, 0.6, 0.1, 2, 13]
best sum= 9.161172431245152
best rrse= 3.9698107767015407
best rrae= 5.1069169901249145
best corr= -0.084444664
best smape= 0.31978974576402297
best objective= 5.703407287597656
best hps= [1, 0.0002125, 16, 128, 256, 1024, 40, 0.05, 2, 30, 0.6, 0.1, 2, 1]
best test rse= 5.531207847574627
best test corr= 0.24409999
[Target-Weighted Loss] weights applied: {'us_Trade Weighted Dollar Index': 35.0, 'kr_fx': 35.0, 'jp_fx': 35.0}
[Target-Only Loss] enabled for columns: ['us_Trade Weighted Dollar Index', 'jp_fx', 'kr_fx']
[Bias Penalty] enabled lambda=0.2 scope=focus cols=['us_Trade Weighted Dollar Index', 'jp_fx', 'kr_fx']
iter:  0 | loss: 0.003
iter:  1 | loss: 0.010
iter:  2 | loss: 0.022
iter:  3 | loss: 0.009
iter:  4 | loss: 0.005
iter:  5 | loss: 0.011
iter:  6 | loss: 0.013
iter:  7 | loss: 0.003
iter:  8 | loss: 0.005
iter:  9 | loss: 0.012
iter: 10 | loss: 0.005
iter: 11 | loss: 0.004
iter: 12 | loss: 0.013
iter: 13 | loss: 0.006
iter: 14 | loss: 0.007
iter: 15 | loss: 0.027
iter: 16 | loss: 0.010
iter: 17 | loss: 0.007
iter: 18 | loss: 0.003
iter: 19 | loss: 0.015
iter: 20 | loss: 0.009
iter: 21 | loss: 0.017
iter: 22 | loss: 0.003
iter: 23 | loss: 0.008
iter: 24 | loss: 0.002
iter: 25 | loss: 0.022
iter: 26 | loss: 0.017
testing r= 5
rrse(target)=138.450916392778 / 34.87594854780834 | rrse(all)=98828678402959.67 / 34622966134154.824 | report_mode=targets
[Validation] per_target_rrse_json={"us_Trade Weighted Dollar Index": 5.201282024383545, "jp_fx": 8.131484985351562, "kr_fx": 3.777454137802124}
[Validation] per_target_lag_mae_json={"us_Trade Weighted Dollar Index": 0.606082558631897, "jp_fx": 1.022454023361206, "kr_fx": 10.375432968139648}
[Validation] per_target_dir_mismatch_json={"us_Trade Weighted Dollar Index": 0.6363636363636364, "jp_fx": 0.6363636363636364, "kr_fx": 0.6363636363636364}
| end of epoch  13 | time:  4.47s | train_loss 0.0098 | valid rse 3.9698 | valid rae 5.1069 | valid corr  -0.0844 | valid smape  0.3198 | focus_rrse 5.7034 | obj 5.7034
Experiment: 1
Iter: 0
epoch: 14
hp= [1, 0.0002125, 16, 128, 256, 1024, 40, 0.05, 2, 30, 0.6, 0.1, 2, 14]
best sum= 9.161172431245152
best rrse= 3.9698107767015407
best rrae= 5.1069169901249145
best corr= -0.084444664
best smape= 0.31978974576402297
best objective= 5.703407287597656
best hps= [1, 0.0002125, 16, 128, 256, 1024, 40, 0.05, 2, 30, 0.6, 0.1, 2, 1]
best test rse= 5.531207847574627
best test corr= 0.24409999
[Target-Weighted Loss] weights applied: {'us_Trade Weighted Dollar Index': 35.0, 'kr_fx': 35.0, 'jp_fx': 35.0}
[Target-Only Loss] enabled for columns: ['us_Trade Weighted Dollar Index', 'jp_fx', 'kr_fx']
[Bias Penalty] enabled lambda=0.2 scope=focus cols=['us_Trade Weighted Dollar Index', 'jp_fx', 'kr_fx']
iter:  0 | loss: 0.003
iter:  1 | loss: 0.002
iter:  2 | loss: 0.006
iter:  3 | loss: 0.012
iter:  4 | loss: 0.005
iter:  5 | loss: 0.007
iter:  6 | loss: 0.003
iter:  7 | loss: 0.004
iter:  8 | loss: 0.007
iter:  9 | loss: 0.023
iter: 10 | loss: 0.001
iter: 11 | loss: 0.002
iter: 12 | loss: 0.006
iter: 13 | loss: 0.021
iter: 14 | loss: 0.031
iter: 15 | loss: 0.023
iter: 16 | loss: 0.002
iter: 17 | loss: 0.007
iter: 18 | loss: 0.008
iter: 19 | loss: 0.012
iter: 20 | loss: 0.009
iter: 21 | loss: 0.017
iter: 22 | loss: 0.012
iter: 23 | loss: 0.004
iter: 24 | loss: 0.014
iter: 25 | loss: 0.003
iter: 26 | loss: 0.036
testing r= 5
rrse(target)=138.450916392778 / 34.87594854780834 | rrse(all)=98828678402959.67 / 34622966134154.824 | report_mode=targets
[Validation] per_target_rrse_json={"us_Trade Weighted Dollar Index": 5.201282024383545, "jp_fx": 8.131484985351562, "kr_fx": 3.777454137802124}
[Validation] per_target_lag_mae_json={"us_Trade Weighted Dollar Index": 0.606082558631897, "jp_fx": 1.022454023361206, "kr_fx": 10.375432968139648}
[Validation] per_target_dir_mismatch_json={"us_Trade Weighted Dollar Index": 0.6363636363636364, "jp_fx": 0.6363636363636364, "kr_fx": 0.6363636363636364}
| end of epoch  14 | time:  4.20s | train_loss 0.0101 | valid rse 3.9698 | valid rae 5.1069 | valid corr  -0.0844 | valid smape  0.3198 | focus_rrse 5.7034 | obj 5.7034
Experiment: 1
Iter: 0
epoch: 15
hp= [1, 0.0002125, 16, 128, 256, 1024, 40, 0.05, 2, 30, 0.6, 0.1, 2, 15]
best sum= 9.161172431245152
best rrse= 3.9698107767015407
best rrae= 5.1069169901249145
best corr= -0.084444664
best smape= 0.31978974576402297
best objective= 5.703407287597656
best hps= [1, 0.0002125, 16, 128, 256, 1024, 40, 0.05, 2, 30, 0.6, 0.1, 2, 1]
best test rse= 5.531207847574627
best test corr= 0.24409999
[Target-Weighted Loss] weights applied: {'us_Trade Weighted Dollar Index': 35.0, 'kr_fx': 35.0, 'jp_fx': 35.0}
[Target-Only Loss] enabled for columns: ['us_Trade Weighted Dollar Index', 'jp_fx', 'kr_fx']
[Bias Penalty] enabled lambda=0.2 scope=focus cols=['us_Trade Weighted Dollar Index', 'jp_fx', 'kr_fx']
iter:  0 | loss: 0.008
iter:  1 | loss: 0.009
iter:  2 | loss: 0.014
iter:  3 | loss: 0.013
iter:  4 | loss: 0.016
iter:  5 | loss: 0.007
iter:  6 | loss: 0.002
iter:  7 | loss: 0.013
iter:  8 | loss: 0.022
iter:  9 | loss: 0.001
iter: 10 | loss: 0.006
iter: 11 | loss: 0.014
iter: 12 | loss: 0.006
iter: 13 | loss: 0.004
iter: 14 | loss: 0.005
iter: 15 | loss: 0.023
iter: 16 | loss: 0.012
iter: 17 | loss: 0.024
iter: 18 | loss: 0.010
iter: 19 | loss: 0.002
iter: 20 | loss: 0.003
iter: 21 | loss: 0.004
iter: 22 | loss: 0.004
iter: 23 | loss: 0.004
iter: 24 | loss: 0.006
iter: 25 | loss: 0.005
iter: 26 | loss: 0.037
testing r= 5
rrse(target)=138.450916392778 / 34.87594854780834 | rrse(all)=98828678402959.67 / 34622966134154.824 | report_mode=targets
[Validation] per_target_rrse_json={"us_Trade Weighted Dollar Index": 5.201282024383545, "jp_fx": 8.131484985351562, "kr_fx": 3.777454137802124}
[Validation] per_target_lag_mae_json={"us_Trade Weighted Dollar Index": 0.606082558631897, "jp_fx": 1.022454023361206, "kr_fx": 10.375432968139648}
[Validation] per_target_dir_mismatch_json={"us_Trade Weighted Dollar Index": 0.6363636363636364, "jp_fx": 0.6363636363636364, "kr_fx": 0.6363636363636364}
| end of epoch  15 | time:  4.05s | train_loss 0.0099 | valid rse 3.9698 | valid rae 5.1069 | valid corr  -0.0844 | valid smape  0.3198 | focus_rrse 5.7034 | obj 5.7034
Experiment: 1
Iter: 0
epoch: 16
hp= [1, 0.0002125, 16, 128, 256, 1024, 40, 0.05, 2, 30, 0.6, 0.1, 2, 16]
best sum= 9.161172431245152
best rrse= 3.9698107767015407
best rrae= 5.1069169901249145
best corr= -0.084444664
best smape= 0.31978974576402297
best objective= 5.703407287597656
best hps= [1, 0.0002125, 16, 128, 256, 1024, 40, 0.05, 2, 30, 0.6, 0.1, 2, 1]
best test rse= 5.531207847574627
best test corr= 0.24409999
[Target-Weighted Loss] weights applied: {'us_Trade Weighted Dollar Index': 35.0, 'kr_fx': 35.0, 'jp_fx': 35.0}
[Target-Only Loss] enabled for columns: ['us_Trade Weighted Dollar Index', 'jp_fx', 'kr_fx']
[Bias Penalty] enabled lambda=0.2 scope=focus cols=['us_Trade Weighted Dollar Index', 'jp_fx', 'kr_fx']
iter:  0 | loss: 0.023
iter:  1 | loss: 0.004
iter:  2 | loss: 0.010
iter:  3 | loss: 0.006
iter:  4 | loss: 0.007
iter:  5 | loss: 0.011
iter:  6 | loss: 0.008
iter:  7 | loss: 0.007
iter:  8 | loss: 0.004
iter:  9 | loss: 0.010
iter: 10 | loss: 0.008
iter: 11 | loss: 0.003
iter: 12 | loss: 0.005
iter: 13 | loss: 0.006
iter: 14 | loss: 0.024
iter: 15 | loss: 0.005
iter: 16 | loss: 0.015
iter: 17 | loss: 0.006
iter: 18 | loss: 0.006
iter: 19 | loss: 0.007
iter: 20 | loss: 0.008
iter: 21 | loss: 0.019
iter: 22 | loss: 0.004
iter: 23 | loss: 0.003
iter: 24 | loss: 0.012
iter: 25 | loss: 0.016
iter: 26 | loss: 0.030
testing r= 5
rrse(target)=138.450916392778 / 34.87594854780834 | rrse(all)=98828678402959.67 / 34622966134154.824 | report_mode=targets
[Validation] per_target_rrse_json={"us_Trade Weighted Dollar Index": 5.201282024383545, "jp_fx": 8.131484985351562, "kr_fx": 3.777454137802124}
[Validation] per_target_lag_mae_json={"us_Trade Weighted Dollar Index": 0.606082558631897, "jp_fx": 1.022454023361206, "kr_fx": 10.375432968139648}
[Validation] per_target_dir_mismatch_json={"us_Trade Weighted Dollar Index": 0.6363636363636364, "jp_fx": 0.6363636363636364, "kr_fx": 0.6363636363636364}
| end of epoch  16 | time:  4.07s | train_loss 0.0097 | valid rse 3.9698 | valid rae 5.1069 | valid corr  -0.0844 | valid smape  0.3198 | focus_rrse 5.7034 | obj 5.7034
Experiment: 1
Iter: 0
epoch: 17
hp= [1, 0.0002125, 16, 128, 256, 1024, 40, 0.05, 2, 30, 0.6, 0.1, 2, 17]
best sum= 9.161172431245152
best rrse= 3.9698107767015407
best rrae= 5.1069169901249145
best corr= -0.084444664
best smape= 0.31978974576402297
best objective= 5.703407287597656
best hps= [1, 0.0002125, 16, 128, 256, 1024, 40, 0.05, 2, 30, 0.6, 0.1, 2, 1]
best test rse= 5.531207847574627
best test corr= 0.24409999
[Target-Weighted Loss] weights applied: {'us_Trade Weighted Dollar Index': 35.0, 'kr_fx': 35.0, 'jp_fx': 35.0}
[Target-Only Loss] enabled for columns: ['us_Trade Weighted Dollar Index', 'jp_fx', 'kr_fx']
[Bias Penalty] enabled lambda=0.2 scope=focus cols=['us_Trade Weighted Dollar Index', 'jp_fx', 'kr_fx']
iter:  0 | loss: 0.004
iter:  1 | loss: 0.003
iter:  2 | loss: 0.009
iter:  3 | loss: 0.001
iter:  4 | loss: 0.013
iter:  5 | loss: 0.022
iter:  6 | loss: 0.004
iter:  7 | loss: 0.007
iter:  8 | loss: 0.003
iter:  9 | loss: 0.002
iter: 10 | loss: 0.018
iter: 11 | loss: 0.012
iter: 12 | loss: 0.004
iter: 13 | loss: 0.005
iter: 14 | loss: 0.003
iter: 15 | loss: 0.014
iter: 16 | loss: 0.005
iter: 17 | loss: 0.023
iter: 18 | loss: 0.010
iter: 19 | loss: 0.006
iter: 20 | loss: 0.025
iter: 21 | loss: 0.022
iter: 22 | loss: 0.003
iter: 23 | loss: 0.015
iter: 24 | loss: 0.003
iter: 25 | loss: 0.015
iter: 26 | loss: 0.004
testing r= 5
rrse(target)=138.450916392778 / 34.87594854780834 | rrse(all)=98828678402959.67 / 34622966134154.824 | report_mode=targets
[Validation] per_target_rrse_json={"us_Trade Weighted Dollar Index": 5.201282024383545, "jp_fx": 8.131484985351562, "kr_fx": 3.777454137802124}
[Validation] per_target_lag_mae_json={"us_Trade Weighted Dollar Index": 0.606082558631897, "jp_fx": 1.022454023361206, "kr_fx": 10.375432968139648}
[Validation] per_target_dir_mismatch_json={"us_Trade Weighted Dollar Index": 0.6363636363636364, "jp_fx": 0.6363636363636364, "kr_fx": 0.6363636363636364}
| end of epoch  17 | time:  4.02s | train_loss 0.0096 | valid rse 3.9698 | valid rae 5.1069 | valid corr  -0.0844 | valid smape  0.3198 | focus_rrse 5.7034 | obj 5.7034
Experiment: 1
Iter: 0
epoch: 18
hp= [1, 0.0002125, 16, 128, 256, 1024, 40, 0.05, 2, 30, 0.6, 0.1, 2, 18]
best sum= 9.161172431245152
best rrse= 3.9698107767015407
best rrae= 5.1069169901249145
best corr= -0.084444664
best smape= 0.31978974576402297
best objective= 5.703407287597656
best hps= [1, 0.0002125, 16, 128, 256, 1024, 40, 0.05, 2, 30, 0.6, 0.1, 2, 1]
best test rse= 5.531207847574627
best test corr= 0.24409999
[Target-Weighted Loss] weights applied: {'us_Trade Weighted Dollar Index': 35.0, 'kr_fx': 35.0, 'jp_fx': 35.0}
[Target-Only Loss] enabled for columns: ['us_Trade Weighted Dollar Index', 'jp_fx', 'kr_fx']
[Bias Penalty] enabled lambda=0.2 scope=focus cols=['us_Trade Weighted Dollar Index', 'jp_fx', 'kr_fx']
iter:  0 | loss: 0.009
iter:  1 | loss: 0.029
iter:  2 | loss: 0.007
iter:  3 | loss: 0.005
iter:  4 | loss: 0.003
iter:  5 | loss: 0.008
iter:  6 | loss: 0.006
iter:  7 | loss: 0.008
iter:  8 | loss: 0.011
iter:  9 | loss: 0.008
iter: 10 | loss: 0.003
iter: 11 | loss: 0.005
iter: 12 | loss: 0.027
iter: 13 | loss: 0.015
iter: 14 | loss: 0.006
iter: 15 | loss: 0.011
iter: 16 | loss: 0.004
iter: 17 | loss: 0.017
iter: 18 | loss: 0.014
iter: 19 | loss: 0.007
iter: 20 | loss: 0.004
iter: 21 | loss: 0.016
iter: 22 | loss: 0.008
iter: 23 | loss: 0.004
iter: 24 | loss: 0.004
iter: 25 | loss: 0.001
iter: 26 | loss: 0.031
testing r= 5
rrse(target)=138.450916392778 / 34.87594854780834 | rrse(all)=98828678402959.67 / 34622966134154.824 | report_mode=targets
[Validation] per_target_rrse_json={"us_Trade Weighted Dollar Index": 5.201282024383545, "jp_fx": 8.131484985351562, "kr_fx": 3.777454137802124}
[Validation] per_target_lag_mae_json={"us_Trade Weighted Dollar Index": 0.606082558631897, "jp_fx": 1.022454023361206, "kr_fx": 10.375432968139648}
[Validation] per_target_dir_mismatch_json={"us_Trade Weighted Dollar Index": 0.6363636363636364, "jp_fx": 0.6363636363636364, "kr_fx": 0.6363636363636364}
| end of epoch  18 | time:  4.04s | train_loss 0.0099 | valid rse 3.9698 | valid rae 5.1069 | valid corr  -0.0844 | valid smape  0.3198 | focus_rrse 5.7034 | obj 5.7034
Experiment: 1
Iter: 0
epoch: 19
hp= [1, 0.0002125, 16, 128, 256, 1024, 40, 0.05, 2, 30, 0.6, 0.1, 2, 19]
best sum= 9.161172431245152
best rrse= 3.9698107767015407
best rrae= 5.1069169901249145
best corr= -0.084444664
best smape= 0.31978974576402297
best objective= 5.703407287597656
best hps= [1, 0.0002125, 16, 128, 256, 1024, 40, 0.05, 2, 30, 0.6, 0.1, 2, 1]
best test rse= 5.531207847574627
best test corr= 0.24409999
[Target-Weighted Loss] weights applied: {'us_Trade Weighted Dollar Index': 35.0, 'kr_fx': 35.0, 'jp_fx': 35.0}
[Target-Only Loss] enabled for columns: ['us_Trade Weighted Dollar Index', 'jp_fx', 'kr_fx']
[Bias Penalty] enabled lambda=0.2 scope=focus cols=['us_Trade Weighted Dollar Index', 'jp_fx', 'kr_fx']
iter:  0 | loss: 0.005
iter:  1 | loss: 0.020
iter:  2 | loss: 0.006
iter:  3 | loss: 0.005
iter:  4 | loss: 0.007
iter:  5 | loss: 0.012
iter:  6 | loss: 0.020
iter:  7 | loss: 0.021
iter:  8 | loss: 0.005
iter:  9 | loss: 0.011
iter: 10 | loss: 0.009
iter: 11 | loss: 0.003
iter: 12 | loss: 0.002
iter: 13 | loss: 0.013
iter: 14 | loss: 0.010
iter: 15 | loss: 0.006
iter: 16 | loss: 0.003
iter: 17 | loss: 0.008
iter: 18 | loss: 0.003
iter: 19 | loss: 0.016
iter: 20 | loss: 0.003
iter: 21 | loss: 0.019
iter: 22 | loss: 0.011
iter: 23 | loss: 0.007
iter: 24 | loss: 0.010
iter: 25 | loss: 0.013
iter: 26 | loss: 0.014
testing r= 5
rrse(target)=138.450916392778 / 34.87594854780834 | rrse(all)=98828678402959.67 / 34622966134154.824 | report_mode=targets
[Validation] per_target_rrse_json={"us_Trade Weighted Dollar Index": 5.201282024383545, "jp_fx": 8.131484985351562, "kr_fx": 3.777454137802124}
[Validation] per_target_lag_mae_json={"us_Trade Weighted Dollar Index": 0.606082558631897, "jp_fx": 1.022454023361206, "kr_fx": 10.375432968139648}
[Validation] per_target_dir_mismatch_json={"us_Trade Weighted Dollar Index": 0.6363636363636364, "jp_fx": 0.6363636363636364, "kr_fx": 0.6363636363636364}
| end of epoch  19 | time:  3.96s | train_loss 0.0096 | valid rse 3.9698 | valid rae 5.1069 | valid corr  -0.0844 | valid smape  0.3198 | focus_rrse 5.7034 | obj 5.7034
Experiment: 1
Iter: 0
epoch: 20
hp= [1, 0.0002125, 16, 128, 256, 1024, 40, 0.05, 2, 30, 0.6, 0.1, 2, 20]
best sum= 9.161172431245152
best rrse= 3.9698107767015407
best rrae= 5.1069169901249145
best corr= -0.084444664
best smape= 0.31978974576402297
best objective= 5.703407287597656
best hps= [1, 0.0002125, 16, 128, 256, 1024, 40, 0.05, 2, 30, 0.6, 0.1, 2, 1]
best test rse= 5.531207847574627
best test corr= 0.24409999
[Target-Weighted Loss] weights applied: {'us_Trade Weighted Dollar Index': 35.0, 'kr_fx': 35.0, 'jp_fx': 35.0}
[Target-Only Loss] enabled for columns: ['us_Trade Weighted Dollar Index', 'jp_fx', 'kr_fx']
[Bias Penalty] enabled lambda=0.2 scope=focus cols=['us_Trade Weighted Dollar Index', 'jp_fx', 'kr_fx']
iter:  0 | loss: 0.014
iter:  1 | loss: 0.002
iter:  2 | loss: 0.007
iter:  3 | loss: 0.014
iter:  4 | loss: 0.002
iter:  5 | loss: 0.002
iter:  6 | loss: 0.007
iter:  7 | loss: 0.010
iter:  8 | loss: 0.012
iter:  9 | loss: 0.015
iter: 10 | loss: 0.002
iter: 11 | loss: 0.003
iter: 12 | loss: 0.006
iter: 13 | loss: 0.003
iter: 14 | loss: 0.019
iter: 15 | loss: 0.013
iter: 16 | loss: 0.011
iter: 17 | loss: 0.005
iter: 18 | loss: 0.016
iter: 19 | loss: 0.014
iter: 20 | loss: 0.006
iter: 21 | loss: 0.009
iter: 22 | loss: 0.002
iter: 23 | loss: 0.005
iter: 24 | loss: 0.018
iter: 25 | loss: 0.025
iter: 26 | loss: 0.026
testing r= 5
rrse(target)=138.450916392778 / 34.87594854780834 | rrse(all)=98828678402959.67 / 34622966134154.824 | report_mode=targets
[Validation] per_target_rrse_json={"us_Trade Weighted Dollar Index": 5.201282024383545, "jp_fx": 8.131484985351562, "kr_fx": 3.777454137802124}
[Validation] per_target_lag_mae_json={"us_Trade Weighted Dollar Index": 0.606082558631897, "jp_fx": 1.022454023361206, "kr_fx": 10.375432968139648}
[Validation] per_target_dir_mismatch_json={"us_Trade Weighted Dollar Index": 0.6363636363636364, "jp_fx": 0.6363636363636364, "kr_fx": 0.6363636363636364}
| end of epoch  20 | time:  4.06s | train_loss 0.0098 | valid rse 3.9698 | valid rae 5.1069 | valid corr  -0.0844 | valid smape  0.3198 | focus_rrse 5.7034 | obj 5.7034
Experiment: 1
Iter: 0
epoch: 21
hp= [1, 0.0002125, 16, 128, 256, 1024, 40, 0.05, 2, 30, 0.6, 0.1, 2, 21]
best sum= 9.161172431245152
best rrse= 3.9698107767015407
best rrae= 5.1069169901249145
best corr= -0.084444664
best smape= 0.31978974576402297
best objective= 5.703407287597656
best hps= [1, 0.0002125, 16, 128, 256, 1024, 40, 0.05, 2, 30, 0.6, 0.1, 2, 1]
best test rse= 5.531207847574627
best test corr= 0.24409999
[Target-Weighted Loss] weights applied: {'us_Trade Weighted Dollar Index': 35.0, 'kr_fx': 35.0, 'jp_fx': 35.0}
[Target-Only Loss] enabled for columns: ['us_Trade Weighted Dollar Index', 'jp_fx', 'kr_fx']
[Bias Penalty] enabled lambda=0.2 scope=focus cols=['us_Trade Weighted Dollar Index', 'jp_fx', 'kr_fx']
iter:  0 | loss: 0.003
iter:  1 | loss: 0.036
iter:  2 | loss: 0.006
iter:  3 | loss: 0.003
iter:  4 | loss: 0.007
iter:  5 | loss: 0.011
iter:  6 | loss: 0.011
iter:  7 | loss: 0.011
iter:  8 | loss: 0.003
iter:  9 | loss: 0.002
iter: 10 | loss: 0.002
iter: 11 | loss: 0.004
iter: 12 | loss: 0.010
iter: 13 | loss: 0.003
iter: 14 | loss: 0.009
iter: 15 | loss: 0.015
iter: 16 | loss: 0.010
iter: 17 | loss: 0.005
iter: 18 | loss: 0.007
iter: 19 | loss: 0.007
iter: 20 | loss: 0.018
iter: 21 | loss: 0.013
iter: 22 | loss: 0.007
iter: 23 | loss: 0.009
iter: 24 | loss: 0.014
iter: 25 | loss: 0.015
iter: 26 | loss: 0.030
testing r= 5
rrse(target)=138.450916392778 / 34.87594854780834 | rrse(all)=98828678402959.67 / 34622966134154.824 | report_mode=targets
[Validation] per_target_rrse_json={"us_Trade Weighted Dollar Index": 5.201282024383545, "jp_fx": 8.131484985351562, "kr_fx": 3.777454137802124}
[Validation] per_target_lag_mae_json={"us_Trade Weighted Dollar Index": 0.606082558631897, "jp_fx": 1.022454023361206, "kr_fx": 10.375432968139648}
[Validation] per_target_dir_mismatch_json={"us_Trade Weighted Dollar Index": 0.6363636363636364, "jp_fx": 0.6363636363636364, "kr_fx": 0.6363636363636364}
| end of epoch  21 | time:  4.16s | train_loss 0.0099 | valid rse 3.9698 | valid rae 5.1069 | valid corr  -0.0844 | valid smape  0.3198 | focus_rrse 5.7034 | obj 5.7034
Experiment: 1
Iter: 0
epoch: 22
hp= [1, 0.0002125, 16, 128, 256, 1024, 40, 0.05, 2, 30, 0.6, 0.1, 2, 22]
best sum= 9.161172431245152
best rrse= 3.9698107767015407
best rrae= 5.1069169901249145
best corr= -0.084444664
best smape= 0.31978974576402297
best objective= 5.703407287597656
best hps= [1, 0.0002125, 16, 128, 256, 1024, 40, 0.05, 2, 30, 0.6, 0.1, 2, 1]
best test rse= 5.531207847574627
best test corr= 0.24409999
[Target-Weighted Loss] weights applied: {'us_Trade Weighted Dollar Index': 35.0, 'kr_fx': 35.0, 'jp_fx': 35.0}
[Target-Only Loss] enabled for columns: ['us_Trade Weighted Dollar Index', 'jp_fx', 'kr_fx']
[Bias Penalty] enabled lambda=0.2 scope=focus cols=['us_Trade Weighted Dollar Index', 'jp_fx', 'kr_fx']
iter:  0 | loss: 0.011
iter:  1 | loss: 0.002
iter:  2 | loss: 0.003
iter:  3 | loss: 0.023
iter:  4 | loss: 0.011
iter:  5 | loss: 0.028
iter:  6 | loss: 0.006
iter:  7 | loss: 0.005
iter:  8 | loss: 0.012
iter:  9 | loss: 0.007
iter: 10 | loss: 0.001
iter: 11 | loss: 0.003
iter: 12 | loss: 0.021
iter: 13 | loss: 0.018
iter: 14 | loss: 0.018
iter: 15 | loss: 0.012
iter: 16 | loss: 0.017
iter: 17 | loss: 0.009
iter: 18 | loss: 0.017
iter: 19 | loss: 0.003
iter: 20 | loss: 0.004
iter: 21 | loss: 0.005
iter: 22 | loss: 0.016
iter: 23 | loss: 0.005
iter: 24 | loss: 0.002
iter: 25 | loss: 0.005
iter: 26 | loss: 0.005
testing r= 5
rrse(target)=138.450916392778 / 34.87594854780834 | rrse(all)=98828678402959.67 / 34622966134154.824 | report_mode=targets
[Validation] per_target_rrse_json={"us_Trade Weighted Dollar Index": 5.201282024383545, "jp_fx": 8.131484985351562, "kr_fx": 3.777454137802124}
[Validation] per_target_lag_mae_json={"us_Trade Weighted Dollar Index": 0.606082558631897, "jp_fx": 1.022454023361206, "kr_fx": 10.375432968139648}
[Validation] per_target_dir_mismatch_json={"us_Trade Weighted Dollar Index": 0.6363636363636364, "jp_fx": 0.6363636363636364, "kr_fx": 0.6363636363636364}
| end of epoch  22 | time:  4.12s | train_loss 0.0100 | valid rse 3.9698 | valid rae 5.1069 | valid corr  -0.0844 | valid smape  0.3198 | focus_rrse 5.7034 | obj 5.7034
Experiment: 1
Iter: 0
epoch: 23
hp= [1, 0.0002125, 16, 128, 256, 1024, 40, 0.05, 2, 30, 0.6, 0.1, 2, 23]
best sum= 9.161172431245152
best rrse= 3.9698107767015407
best rrae= 5.1069169901249145
best corr= -0.084444664
best smape= 0.31978974576402297
best objective= 5.703407287597656
best hps= [1, 0.0002125, 16, 128, 256, 1024, 40, 0.05, 2, 30, 0.6, 0.1, 2, 1]
best test rse= 5.531207847574627
best test corr= 0.24409999
[Target-Weighted Loss] weights applied: {'us_Trade Weighted Dollar Index': 35.0, 'kr_fx': 35.0, 'jp_fx': 35.0}
[Target-Only Loss] enabled for columns: ['us_Trade Weighted Dollar Index', 'jp_fx', 'kr_fx']
[Bias Penalty] enabled lambda=0.2 scope=focus cols=['us_Trade Weighted Dollar Index', 'jp_fx', 'kr_fx']
iter:  0 | loss: 0.007
iter:  1 | loss: 0.008
iter:  2 | loss: 0.003
iter:  3 | loss: 0.012
iter:  4 | loss: 0.019
iter:  5 | loss: 0.003
iter:  6 | loss: 0.007
iter:  7 | loss: 0.014
iter:  8 | loss: 0.014
iter:  9 | loss: 0.019
iter: 10 | loss: 0.003
iter: 11 | loss: 0.007
iter: 12 | loss: 0.045
iter: 13 | loss: 0.004
iter: 14 | loss: 0.009
iter: 15 | loss: 0.004
iter: 16 | loss: 0.010
iter: 17 | loss: 0.004
iter: 18 | loss: 0.004
iter: 19 | loss: 0.008
iter: 20 | loss: 0.007
iter: 21 | loss: 0.004
iter: 22 | loss: 0.006
iter: 23 | loss: 0.014
iter: 24 | loss: 0.010
iter: 25 | loss: 0.006
iter: 26 | loss: 0.013
testing r= 5
rrse(target)=138.450916392778 / 34.87594854780834 | rrse(all)=98828678402959.67 / 34622966134154.824 | report_mode=targets
[Validation] per_target_rrse_json={"us_Trade Weighted Dollar Index": 5.201282024383545, "jp_fx": 8.131484985351562, "kr_fx": 3.777454137802124}
[Validation] per_target_lag_mae_json={"us_Trade Weighted Dollar Index": 0.606082558631897, "jp_fx": 1.022454023361206, "kr_fx": 10.375432968139648}
[Validation] per_target_dir_mismatch_json={"us_Trade Weighted Dollar Index": 0.6363636363636364, "jp_fx": 0.6363636363636364, "kr_fx": 0.6363636363636364}
| end of epoch  23 | time:  4.05s | train_loss 0.0097 | valid rse 3.9698 | valid rae 5.1069 | valid corr  -0.0844 | valid smape  0.3198 | focus_rrse 5.7034 | obj 5.7034
Experiment: 1
Iter: 0
epoch: 24
hp= [1, 0.0002125, 16, 128, 256, 1024, 40, 0.05, 2, 30, 0.6, 0.1, 2, 24]
best sum= 9.161172431245152
best rrse= 3.9698107767015407
best rrae= 5.1069169901249145
best corr= -0.084444664
best smape= 0.31978974576402297
best objective= 5.703407287597656
best hps= [1, 0.0002125, 16, 128, 256, 1024, 40, 0.05, 2, 30, 0.6, 0.1, 2, 1]
best test rse= 5.531207847574627
best test corr= 0.24409999
[Target-Weighted Loss] weights applied: {'us_Trade Weighted Dollar Index': 35.0, 'kr_fx': 35.0, 'jp_fx': 35.0}
[Target-Only Loss] enabled for columns: ['us_Trade Weighted Dollar Index', 'jp_fx', 'kr_fx']
[Bias Penalty] enabled lambda=0.2 scope=focus cols=['us_Trade Weighted Dollar Index', 'jp_fx', 'kr_fx']
iter:  0 | loss: 0.001
iter:  1 | loss: 0.002
iter:  2 | loss: 0.008
iter:  3 | loss: 0.019
iter:  4 | loss: 0.008
iter:  5 | loss: 0.003
iter:  6 | loss: 0.019
iter:  7 | loss: 0.009
iter:  8 | loss: 0.004
iter:  9 | loss: 0.005
iter: 10 | loss: 0.003
iter: 11 | loss: 0.018
iter: 12 | loss: 0.015
iter: 13 | loss: 0.029
iter: 14 | loss: 0.013
iter: 15 | loss: 0.011
iter: 16 | loss: 0.005
iter: 17 | loss: 0.018
iter: 18 | loss: 0.003
iter: 19 | loss: 0.003
iter: 20 | loss: 0.007
iter: 21 | loss: 0.008
iter: 22 | loss: 0.007
iter: 23 | loss: 0.016
iter: 24 | loss: 0.008
iter: 25 | loss: 0.002
iter: 26 | loss: 0.029
testing r= 5
rrse(target)=138.450916392778 / 34.87594854780834 | rrse(all)=98828678402959.67 / 34622966134154.824 | report_mode=targets
[Validation] per_target_rrse_json={"us_Trade Weighted Dollar Index": 5.201282024383545, "jp_fx": 8.131484985351562, "kr_fx": 3.777454137802124}
[Validation] per_target_lag_mae_json={"us_Trade Weighted Dollar Index": 0.606082558631897, "jp_fx": 1.022454023361206, "kr_fx": 10.375432968139648}
[Validation] per_target_dir_mismatch_json={"us_Trade Weighted Dollar Index": 0.6363636363636364, "jp_fx": 0.6363636363636364, "kr_fx": 0.6363636363636364}
| end of epoch  24 | time:  3.99s | train_loss 0.0099 | valid rse 3.9698 | valid rae 5.1069 | valid corr  -0.0844 | valid smape  0.3198 | focus_rrse 5.7034 | obj 5.7034
Experiment: 1
Iter: 0
epoch: 25
hp= [1, 0.0002125, 16, 128, 256, 1024, 40, 0.05, 2, 30, 0.6, 0.1, 2, 25]
best sum= 9.161172431245152
best rrse= 3.9698107767015407
best rrae= 5.1069169901249145
best corr= -0.084444664
best smape= 0.31978974576402297
best objective= 5.703407287597656
best hps= [1, 0.0002125, 16, 128, 256, 1024, 40, 0.05, 2, 30, 0.6, 0.1, 2, 1]
best test rse= 5.531207847574627
best test corr= 0.24409999
[Target-Weighted Loss] weights applied: {'us_Trade Weighted Dollar Index': 35.0, 'kr_fx': 35.0, 'jp_fx': 35.0}
[Target-Only Loss] enabled for columns: ['us_Trade Weighted Dollar Index', 'jp_fx', 'kr_fx']
[Bias Penalty] enabled lambda=0.2 scope=focus cols=['us_Trade Weighted Dollar Index', 'jp_fx', 'kr_fx']
iter:  0 | loss: 0.010
iter:  1 | loss: 0.016
iter:  2 | loss: 0.011
iter:  3 | loss: 0.003
iter:  4 | loss: 0.008
iter:  5 | loss: 0.015
iter:  6 | loss: 0.009
iter:  7 | loss: 0.004
iter:  8 | loss: 0.007
iter:  9 | loss: 0.005
iter: 10 | loss: 0.013
iter: 11 | loss: 0.013
iter: 12 | loss: 0.019
iter: 13 | loss: 0.011
iter: 14 | loss: 0.002
iter: 15 | loss: 0.005
iter: 16 | loss: 0.024
iter: 17 | loss: 0.013
iter: 18 | loss: 0.007
iter: 19 | loss: 0.008
iter: 20 | loss: 0.020
iter: 21 | loss: 0.014
iter: 22 | loss: 0.005
iter: 23 | loss: 0.003
iter: 24 | loss: 0.003
iter: 25 | loss: 0.007
iter: 26 | loss: 0.008
testing r= 5
rrse(target)=138.450916392778 / 34.87594854780834 | rrse(all)=98828678402959.67 / 34622966134154.824 | report_mode=targets
[Validation] per_target_rrse_json={"us_Trade Weighted Dollar Index": 5.201282024383545, "jp_fx": 8.131484985351562, "kr_fx": 3.777454137802124}
[Validation] per_target_lag_mae_json={"us_Trade Weighted Dollar Index": 0.606082558631897, "jp_fx": 1.022454023361206, "kr_fx": 10.375432968139648}
[Validation] per_target_dir_mismatch_json={"us_Trade Weighted Dollar Index": 0.6363636363636364, "jp_fx": 0.6363636363636364, "kr_fx": 0.6363636363636364}
| end of epoch  25 | time:  3.98s | train_loss 0.0097 | valid rse 3.9698 | valid rae 5.1069 | valid corr  -0.0844 | valid smape  0.3198 | focus_rrse 5.7034 | obj 5.7034
Experiment: 1
Iter: 0
epoch: 26
hp= [1, 0.0002125, 16, 128, 256, 1024, 40, 0.05, 2, 30, 0.6, 0.1, 2, 26]
best sum= 9.161172431245152
best rrse= 3.9698107767015407
best rrae= 5.1069169901249145
best corr= -0.084444664
best smape= 0.31978974576402297
best objective= 5.703407287597656
best hps= [1, 0.0002125, 16, 128, 256, 1024, 40, 0.05, 2, 30, 0.6, 0.1, 2, 1]
best test rse= 5.531207847574627
best test corr= 0.24409999
[Target-Weighted Loss] weights applied: {'us_Trade Weighted Dollar Index': 35.0, 'kr_fx': 35.0, 'jp_fx': 35.0}
[Target-Only Loss] enabled for columns: ['us_Trade Weighted Dollar Index', 'jp_fx', 'kr_fx']
[Bias Penalty] enabled lambda=0.2 scope=focus cols=['us_Trade Weighted Dollar Index', 'jp_fx', 'kr_fx']
iter:  0 | loss: 0.008
iter:  1 | loss: 0.011
iter:  2 | loss: 0.012
iter:  3 | loss: 0.005
iter:  4 | loss: 0.006
iter:  5 | loss: 0.003
iter:  6 | loss: 0.016
iter:  7 | loss: 0.004
iter:  8 | loss: 0.007
iter:  9 | loss: 0.005
iter: 10 | loss: 0.006
iter: 11 | loss: 0.008
iter: 12 | loss: 0.016
iter: 13 | loss: 0.003
iter: 14 | loss: 0.003
iter: 15 | loss: 0.021
iter: 16 | loss: 0.015
iter: 17 | loss: 0.004
iter: 18 | loss: 0.017
iter: 19 | loss: 0.017
iter: 20 | loss: 0.016
iter: 21 | loss: 0.005
iter: 22 | loss: 0.002
iter: 23 | loss: 0.016
iter: 24 | loss: 0.006
iter: 25 | loss: 0.013
iter: 26 | loss: 0.023
testing r= 5
rrse(target)=138.450916392778 / 34.87594854780834 | rrse(all)=98828678402959.67 / 34622966134154.824 | report_mode=targets
[Validation] per_target_rrse_json={"us_Trade Weighted Dollar Index": 5.201282024383545, "jp_fx": 8.131484985351562, "kr_fx": 3.777454137802124}
[Validation] per_target_lag_mae_json={"us_Trade Weighted Dollar Index": 0.606082558631897, "jp_fx": 1.022454023361206, "kr_fx": 10.375432968139648}
[Validation] per_target_dir_mismatch_json={"us_Trade Weighted Dollar Index": 0.6363636363636364, "jp_fx": 0.6363636363636364, "kr_fx": 0.6363636363636364}
| end of epoch  26 | time:  4.06s | train_loss 0.0097 | valid rse 3.9698 | valid rae 5.1069 | valid corr  -0.0844 | valid smape  0.3198 | focus_rrse 5.7034 | obj 5.7034
Experiment: 1
Iter: 0
epoch: 27
hp= [1, 0.0002125, 16, 128, 256, 1024, 40, 0.05, 2, 30, 0.6, 0.1, 2, 27]
best sum= 9.161172431245152
best rrse= 3.9698107767015407
best rrae= 5.1069169901249145
best corr= -0.084444664
best smape= 0.31978974576402297
best objective= 5.703407287597656
best hps= [1, 0.0002125, 16, 128, 256, 1024, 40, 0.05, 2, 30, 0.6, 0.1, 2, 1]
best test rse= 5.531207847574627
best test corr= 0.24409999
[Target-Weighted Loss] weights applied: {'us_Trade Weighted Dollar Index': 35.0, 'kr_fx': 35.0, 'jp_fx': 35.0}
[Target-Only Loss] enabled for columns: ['us_Trade Weighted Dollar Index', 'jp_fx', 'kr_fx']
[Bias Penalty] enabled lambda=0.2 scope=focus cols=['us_Trade Weighted Dollar Index', 'jp_fx', 'kr_fx']
iter:  0 | loss: 0.004
iter:  1 | loss: 0.004
iter:  2 | loss: 0.001
iter:  3 | loss: 0.007
iter:  4 | loss: 0.005
iter:  5 | loss: 0.006
iter:  6 | loss: 0.016
iter:  7 | loss: 0.009
iter:  8 | loss: 0.006
iter:  9 | loss: 0.004
iter: 10 | loss: 0.012
iter: 11 | loss: 0.013
iter: 12 | loss: 0.016
iter: 13 | loss: 0.005
iter: 14 | loss: 0.016
iter: 15 | loss: 0.013
iter: 16 | loss: 0.003
iter: 17 | loss: 0.012
iter: 18 | loss: 0.007
iter: 19 | loss: 0.003
iter: 20 | loss: 0.020
iter: 21 | loss: 0.022
iter: 22 | loss: 0.009
iter: 23 | loss: 0.003
iter: 24 | loss: 0.020
iter: 25 | loss: 0.006
iter: 26 | loss: 0.019
testing r= 5
rrse(target)=138.450916392778 / 34.87594854780834 | rrse(all)=98828678402959.67 / 34622966134154.824 | report_mode=targets
[Validation] per_target_rrse_json={"us_Trade Weighted Dollar Index": 5.201282024383545, "jp_fx": 8.131484985351562, "kr_fx": 3.777454137802124}
[Validation] per_target_lag_mae_json={"us_Trade Weighted Dollar Index": 0.606082558631897, "jp_fx": 1.022454023361206, "kr_fx": 10.375432968139648}
[Validation] per_target_dir_mismatch_json={"us_Trade Weighted Dollar Index": 0.6363636363636364, "jp_fx": 0.6363636363636364, "kr_fx": 0.6363636363636364}
| end of epoch  27 | time:  4.05s | train_loss 0.0097 | valid rse 3.9698 | valid rae 5.1069 | valid corr  -0.0844 | valid smape  0.3198 | focus_rrse 5.7034 | obj 5.7034
Experiment: 1
Iter: 0
epoch: 28
hp= [1, 0.0002125, 16, 128, 256, 1024, 40, 0.05, 2, 30, 0.6, 0.1, 2, 28]
best sum= 9.161172431245152
best rrse= 3.9698107767015407
best rrae= 5.1069169901249145
best corr= -0.084444664
best smape= 0.31978974576402297
best objective= 5.703407287597656
best hps= [1, 0.0002125, 16, 128, 256, 1024, 40, 0.05, 2, 30, 0.6, 0.1, 2, 1]
best test rse= 5.531207847574627
best test corr= 0.24409999
[Target-Weighted Loss] weights applied: {'us_Trade Weighted Dollar Index': 35.0, 'kr_fx': 35.0, 'jp_fx': 35.0}
[Target-Only Loss] enabled for columns: ['us_Trade Weighted Dollar Index', 'jp_fx', 'kr_fx']
[Bias Penalty] enabled lambda=0.2 scope=focus cols=['us_Trade Weighted Dollar Index', 'jp_fx', 'kr_fx']
iter:  0 | loss: 0.005
iter:  1 | loss: 0.007
iter:  2 | loss: 0.011
iter:  3 | loss: 0.004
iter:  4 | loss: 0.006
iter:  5 | loss: 0.015
iter:  6 | loss: 0.006
iter:  7 | loss: 0.016
iter:  8 | loss: 0.015
iter:  9 | loss: 0.009
iter: 10 | loss: 0.006
iter: 11 | loss: 0.003
iter: 12 | loss: 0.006
iter: 13 | loss: 0.024
iter: 14 | loss: 0.006
iter: 15 | loss: 0.008
iter: 16 | loss: 0.007
iter: 17 | loss: 0.002
iter: 18 | loss: 0.013
iter: 19 | loss: 0.003
iter: 20 | loss: 0.005
iter: 21 | loss: 0.005
iter: 22 | loss: 0.036
iter: 23 | loss: 0.011
iter: 24 | loss: 0.005
iter: 25 | loss: 0.004
iter: 26 | loss: 0.028
testing r= 5
rrse(target)=138.450916392778 / 34.87594854780834 | rrse(all)=98828678402959.67 / 34622966134154.824 | report_mode=targets
[Validation] per_target_rrse_json={"us_Trade Weighted Dollar Index": 5.201282024383545, "jp_fx": 8.131484985351562, "kr_fx": 3.777454137802124}
[Validation] per_target_lag_mae_json={"us_Trade Weighted Dollar Index": 0.606082558631897, "jp_fx": 1.022454023361206, "kr_fx": 10.375432968139648}
[Validation] per_target_dir_mismatch_json={"us_Trade Weighted Dollar Index": 0.6363636363636364, "jp_fx": 0.6363636363636364, "kr_fx": 0.6363636363636364}
| end of epoch  28 | time:  4.22s | train_loss 0.0098 | valid rse 3.9698 | valid rae 5.1069 | valid corr  -0.0844 | valid smape  0.3198 | focus_rrse 5.7034 | obj 5.7034
Experiment: 1
Iter: 0
epoch: 29
hp= [1, 0.0002125, 16, 128, 256, 1024, 40, 0.05, 2, 30, 0.6, 0.1, 2, 29]
best sum= 9.161172431245152
best rrse= 3.9698107767015407
best rrae= 5.1069169901249145
best corr= -0.084444664
best smape= 0.31978974576402297
best objective= 5.703407287597656
best hps= [1, 0.0002125, 16, 128, 256, 1024, 40, 0.05, 2, 30, 0.6, 0.1, 2, 1]
best test rse= 5.531207847574627
best test corr= 0.24409999
[Target-Weighted Loss] weights applied: {'us_Trade Weighted Dollar Index': 35.0, 'kr_fx': 35.0, 'jp_fx': 35.0}
[Target-Only Loss] enabled for columns: ['us_Trade Weighted Dollar Index', 'jp_fx', 'kr_fx']
[Bias Penalty] enabled lambda=0.2 scope=focus cols=['us_Trade Weighted Dollar Index', 'jp_fx', 'kr_fx']
iter:  0 | loss: 0.003
iter:  1 | loss: 0.016
iter:  2 | loss: 0.007
iter:  3 | loss: 0.024
iter:  4 | loss: 0.008
iter:  5 | loss: 0.004
iter:  6 | loss: 0.012
iter:  7 | loss: 0.010
iter:  8 | loss: 0.003
iter:  9 | loss: 0.004
iter: 10 | loss: 0.007
iter: 11 | loss: 0.007
iter: 12 | loss: 0.006
iter: 13 | loss: 0.035
iter: 14 | loss: 0.007
iter: 15 | loss: 0.003
iter: 16 | loss: 0.002
iter: 17 | loss: 0.006
iter: 18 | loss: 0.004
iter: 19 | loss: 0.017
iter: 20 | loss: 0.001
iter: 21 | loss: 0.004
iter: 22 | loss: 0.018
iter: 23 | loss: 0.032
iter: 24 | loss: 0.004
iter: 25 | loss: 0.011
iter: 26 | loss: 0.014
testing r= 5
rrse(target)=138.450916392778 / 34.87594854780834 | rrse(all)=98828678402959.67 / 34622966134154.824 | report_mode=targets
[Validation] per_target_rrse_json={"us_Trade Weighted Dollar Index": 5.201282024383545, "jp_fx": 8.131484985351562, "kr_fx": 3.777454137802124}
[Validation] per_target_lag_mae_json={"us_Trade Weighted Dollar Index": 0.606082558631897, "jp_fx": 1.022454023361206, "kr_fx": 10.375432968139648}
[Validation] per_target_dir_mismatch_json={"us_Trade Weighted Dollar Index": 0.6363636363636364, "jp_fx": 0.6363636363636364, "kr_fx": 0.6363636363636364}
| end of epoch  29 | time:  3.99s | train_loss 0.0099 | valid rse 3.9698 | valid rae 5.1069 | valid corr  -0.0844 | valid smape  0.3198 | focus_rrse 5.7034 | obj 5.7034
Experiment: 1
Iter: 0
epoch: 30
hp= [1, 0.0002125, 16, 128, 256, 1024, 40, 0.05, 2, 30, 0.6, 0.1, 2, 30]
best sum= 9.161172431245152
best rrse= 3.9698107767015407
best rrae= 5.1069169901249145
best corr= -0.084444664
best smape= 0.31978974576402297
best objective= 5.703407287597656
best hps= [1, 0.0002125, 16, 128, 256, 1024, 40, 0.05, 2, 30, 0.6, 0.1, 2, 1]
best test rse= 5.531207847574627
best test corr= 0.24409999
[Target-Weighted Loss] weights applied: {'us_Trade Weighted Dollar Index': 35.0, 'kr_fx': 35.0, 'jp_fx': 35.0}
[Target-Only Loss] enabled for columns: ['us_Trade Weighted Dollar Index', 'jp_fx', 'kr_fx']
[Bias Penalty] enabled lambda=0.2 scope=focus cols=['us_Trade Weighted Dollar Index', 'jp_fx', 'kr_fx']
iter:  0 | loss: 0.008
iter:  1 | loss: 0.002
iter:  2 | loss: 0.014
iter:  3 | loss: 0.005
iter:  4 | loss: 0.008
iter:  5 | loss: 0.005
iter:  6 | loss: 0.010
iter:  7 | loss: 0.004
iter:  8 | loss: 0.004
iter:  9 | loss: 0.029
iter: 10 | loss: 0.003
iter: 11 | loss: 0.015
iter: 12 | loss: 0.006
iter: 13 | loss: 0.012
iter: 14 | loss: 0.002
iter: 15 | loss: 0.003
iter: 16 | loss: 0.009
iter: 17 | loss: 0.009
iter: 18 | loss: 0.009
iter: 19 | loss: 0.005
iter: 20 | loss: 0.009
iter: 21 | loss: 0.024
iter: 22 | loss: 0.021
iter: 23 | loss: 0.007
iter: 24 | loss: 0.032
iter: 25 | loss: 0.004
iter: 26 | loss: 0.004
testing r= 5
rrse(target)=138.450916392778 / 34.87594854780834 | rrse(all)=98828678402959.67 / 34622966134154.824 | report_mode=targets
[Validation] per_target_rrse_json={"us_Trade Weighted Dollar Index": 5.201282024383545, "jp_fx": 8.131484985351562, "kr_fx": 3.777454137802124}
[Validation] per_target_lag_mae_json={"us_Trade Weighted Dollar Index": 0.606082558631897, "jp_fx": 1.022454023361206, "kr_fx": 10.375432968139648}
[Validation] per_target_dir_mismatch_json={"us_Trade Weighted Dollar Index": 0.6363636363636364, "jp_fx": 0.6363636363636364, "kr_fx": 0.6363636363636364}
| end of epoch  30 | time:  3.85s | train_loss 0.0098 | valid rse 3.9698 | valid rae 5.1069 | valid corr  -0.0844 | valid smape  0.3198 | focus_rrse 5.7034 | obj 5.7034
Experiment: 1
Iter: 0
epoch: 31
hp= [1, 0.0002125, 16, 128, 256, 1024, 40, 0.05, 2, 30, 0.6, 0.1, 2, 31]
best sum= 9.161172431245152
best rrse= 3.9698107767015407
best rrae= 5.1069169901249145
best corr= -0.084444664
best smape= 0.31978974576402297
best objective= 5.703407287597656
best hps= [1, 0.0002125, 16, 128, 256, 1024, 40, 0.05, 2, 30, 0.6, 0.1, 2, 1]
best test rse= 5.531207847574627
best test corr= 0.24409999
[Target-Weighted Loss] weights applied: {'us_Trade Weighted Dollar Index': 35.0, 'kr_fx': 35.0, 'jp_fx': 35.0}
[Target-Only Loss] enabled for columns: ['us_Trade Weighted Dollar Index', 'jp_fx', 'kr_fx']
[Bias Penalty] enabled lambda=0.2 scope=focus cols=['us_Trade Weighted Dollar Index', 'jp_fx', 'kr_fx']
iter:  0 | loss: 0.003
iter:  1 | loss: 0.004
iter:  2 | loss: 0.032
iter:  3 | loss: 0.012
iter:  4 | loss: 0.004
iter:  5 | loss: 0.007
iter:  6 | loss: 0.017
iter:  7 | loss: 0.011
iter:  8 | loss: 0.009
iter:  9 | loss: 0.004
iter: 10 | loss: 0.017
iter: 11 | loss: 0.002
iter: 12 | loss: 0.015
iter: 13 | loss: 0.020
iter: 14 | loss: 0.007
iter: 15 | loss: 0.003
iter: 16 | loss: 0.008
iter: 17 | loss: 0.002
iter: 18 | loss: 0.009
iter: 19 | loss: 0.009
iter: 20 | loss: 0.002
iter: 21 | loss: 0.006
iter: 22 | loss: 0.024
iter: 23 | loss: 0.022
iter: 24 | loss: 0.005
iter: 25 | loss: 0.002
iter: 26 | loss: 0.008
testing r= 5
rrse(target)=138.450916392778 / 34.87594854780834 | rrse(all)=98828678402959.67 / 34622966134154.824 | report_mode=targets
[Validation] per_target_rrse_json={"us_Trade Weighted Dollar Index": 5.201282024383545, "jp_fx": 8.131484985351562, "kr_fx": 3.777454137802124}
[Validation] per_target_lag_mae_json={"us_Trade Weighted Dollar Index": 0.606082558631897, "jp_fx": 1.022454023361206, "kr_fx": 10.375432968139648}
[Validation] per_target_dir_mismatch_json={"us_Trade Weighted Dollar Index": 0.6363636363636364, "jp_fx": 0.6363636363636364, "kr_fx": 0.6363636363636364}
| end of epoch  31 | time:  3.85s | train_loss 0.0098 | valid rse 3.9698 | valid rae 5.1069 | valid corr  -0.0844 | valid smape  0.3198 | focus_rrse 5.7034 | obj 5.7034
Experiment: 1
Iter: 0
epoch: 32
hp= [1, 0.0002125, 16, 128, 256, 1024, 40, 0.05, 2, 30, 0.6, 0.1, 2, 32]
best sum= 9.161172431245152
best rrse= 3.9698107767015407
best rrae= 5.1069169901249145
best corr= -0.084444664
best smape= 0.31978974576402297
best objective= 5.703407287597656
best hps= [1, 0.0002125, 16, 128, 256, 1024, 40, 0.05, 2, 30, 0.6, 0.1, 2, 1]
best test rse= 5.531207847574627
best test corr= 0.24409999
[Target-Weighted Loss] weights applied: {'us_Trade Weighted Dollar Index': 35.0, 'kr_fx': 35.0, 'jp_fx': 35.0}
[Target-Only Loss] enabled for columns: ['us_Trade Weighted Dollar Index', 'jp_fx', 'kr_fx']
[Bias Penalty] enabled lambda=0.2 scope=focus cols=['us_Trade Weighted Dollar Index', 'jp_fx', 'kr_fx']
iter:  0 | loss: 0.005
iter:  1 | loss: 0.005
iter:  2 | loss: 0.020
iter:  3 | loss: 0.004
iter:  4 | loss: 0.011
iter:  5 | loss: 0.013
iter:  6 | loss: 0.008
iter:  7 | loss: 0.007
iter:  8 | loss: 0.019
iter:  9 | loss: 0.015
iter: 10 | loss: 0.009
iter: 11 | loss: 0.010
iter: 12 | loss: 0.003
iter: 13 | loss: 0.002
iter: 14 | loss: 0.016
iter: 15 | loss: 0.002
iter: 16 | loss: 0.014
iter: 17 | loss: 0.004
iter: 18 | loss: 0.007
iter: 19 | loss: 0.005
iter: 20 | loss: 0.005
iter: 21 | loss: 0.021
iter: 22 | loss: 0.012
iter: 23 | loss: 0.016
iter: 24 | loss: 0.003
iter: 25 | loss: 0.007
iter: 26 | loss: 0.021
testing r= 5
rrse(target)=138.450916392778 / 34.87594854780834 | rrse(all)=98828678402959.67 / 34622966134154.824 | report_mode=targets
[Validation] per_target_rrse_json={"us_Trade Weighted Dollar Index": 5.201282024383545, "jp_fx": 8.131484985351562, "kr_fx": 3.777454137802124}
[Validation] per_target_lag_mae_json={"us_Trade Weighted Dollar Index": 0.606082558631897, "jp_fx": 1.022454023361206, "kr_fx": 10.375432968139648}
[Validation] per_target_dir_mismatch_json={"us_Trade Weighted Dollar Index": 0.6363636363636364, "jp_fx": 0.6363636363636364, "kr_fx": 0.6363636363636364}
| end of epoch  32 | time:  3.98s | train_loss 0.0097 | valid rse 3.9698 | valid rae 5.1069 | valid corr  -0.0844 | valid smape  0.3198 | focus_rrse 5.7034 | obj 5.7034
Experiment: 1
Iter: 0
epoch: 33
hp= [1, 0.0002125, 16, 128, 256, 1024, 40, 0.05, 2, 30, 0.6, 0.1, 2, 33]
best sum= 9.161172431245152
best rrse= 3.9698107767015407
best rrae= 5.1069169901249145
best corr= -0.084444664
best smape= 0.31978974576402297
best objective= 5.703407287597656
best hps= [1, 0.0002125, 16, 128, 256, 1024, 40, 0.05, 2, 30, 0.6, 0.1, 2, 1]
best test rse= 5.531207847574627
best test corr= 0.24409999
[Target-Weighted Loss] weights applied: {'us_Trade Weighted Dollar Index': 35.0, 'kr_fx': 35.0, 'jp_fx': 35.0}
[Target-Only Loss] enabled for columns: ['us_Trade Weighted Dollar Index', 'jp_fx', 'kr_fx']
[Bias Penalty] enabled lambda=0.2 scope=focus cols=['us_Trade Weighted Dollar Index', 'jp_fx', 'kr_fx']
iter:  0 | loss: 0.020
iter:  1 | loss: 0.021
iter:  2 | loss: 0.007
iter:  3 | loss: 0.006
iter:  4 | loss: 0.010
iter:  5 | loss: 0.009
iter:  6 | loss: 0.002
iter:  7 | loss: 0.008
iter:  8 | loss: 0.005
iter:  9 | loss: 0.019
iter: 10 | loss: 0.026
iter: 11 | loss: 0.040
iter: 12 | loss: 0.007
iter: 13 | loss: 0.006
iter: 14 | loss: 0.004
iter: 15 | loss: 0.007
iter: 16 | loss: 0.002
iter: 17 | loss: 0.010
iter: 18 | loss: 0.002
iter: 19 | loss: 0.001
iter: 20 | loss: 0.006
iter: 21 | loss: 0.007
iter: 22 | loss: 0.008
iter: 23 | loss: 0.006
iter: 24 | loss: 0.006
iter: 25 | loss: 0.010
iter: 26 | loss: 0.006
testing r= 5
rrse(target)=138.450916392778 / 34.87594854780834 | rrse(all)=98828678402959.67 / 34622966134154.824 | report_mode=targets
[Validation] per_target_rrse_json={"us_Trade Weighted Dollar Index": 5.201282024383545, "jp_fx": 8.131484985351562, "kr_fx": 3.777454137802124}
[Validation] per_target_lag_mae_json={"us_Trade Weighted Dollar Index": 0.606082558631897, "jp_fx": 1.022454023361206, "kr_fx": 10.375432968139648}
[Validation] per_target_dir_mismatch_json={"us_Trade Weighted Dollar Index": 0.6363636363636364, "jp_fx": 0.6363636363636364, "kr_fx": 0.6363636363636364}
| end of epoch  33 | time:  3.95s | train_loss 0.0097 | valid rse 3.9698 | valid rae 5.1069 | valid corr  -0.0844 | valid smape  0.3198 | focus_rrse 5.7034 | obj 5.7034
Experiment: 1
Iter: 0
epoch: 34
hp= [1, 0.0002125, 16, 128, 256, 1024, 40, 0.05, 2, 30, 0.6, 0.1, 2, 34]
best sum= 9.161172431245152
best rrse= 3.9698107767015407
best rrae= 5.1069169901249145
best corr= -0.084444664
best smape= 0.31978974576402297
best objective= 5.703407287597656
best hps= [1, 0.0002125, 16, 128, 256, 1024, 40, 0.05, 2, 30, 0.6, 0.1, 2, 1]
best test rse= 5.531207847574627
best test corr= 0.24409999
[Target-Weighted Loss] weights applied: {'us_Trade Weighted Dollar Index': 35.0, 'kr_fx': 35.0, 'jp_fx': 35.0}
[Target-Only Loss] enabled for columns: ['us_Trade Weighted Dollar Index', 'jp_fx', 'kr_fx']
[Bias Penalty] enabled lambda=0.2 scope=focus cols=['us_Trade Weighted Dollar Index', 'jp_fx', 'kr_fx']
iter:  0 | loss: 0.003
iter:  1 | loss: 0.007
iter:  2 | loss: 0.012
iter:  3 | loss: 0.008
iter:  4 | loss: 0.003
iter:  5 | loss: 0.016
iter:  6 | loss: 0.005
iter:  7 | loss: 0.011
iter:  8 | loss: 0.005
iter:  9 | loss: 0.011
iter: 10 | loss: 0.008
iter: 11 | loss: 0.005
iter: 12 | loss: 0.005
iter: 13 | loss: 0.004
iter: 14 | loss: 0.006
iter: 15 | loss: 0.024
iter: 16 | loss: 0.004
iter: 17 | loss: 0.002
iter: 18 | loss: 0.010
iter: 19 | loss: 0.013
iter: 20 | loss: 0.010
iter: 21 | loss: 0.016
iter: 22 | loss: 0.015
iter: 23 | loss: 0.006
iter: 24 | loss: 0.036
iter: 25 | loss: 0.005
iter: 26 | loss: 0.023
testing r= 5
rrse(target)=138.450916392778 / 34.87594854780834 | rrse(all)=98828678402959.67 / 34622966134154.824 | report_mode=targets
[Validation] per_target_rrse_json={"us_Trade Weighted Dollar Index": 5.201282024383545, "jp_fx": 8.131484985351562, "kr_fx": 3.777454137802124}
[Validation] per_target_lag_mae_json={"us_Trade Weighted Dollar Index": 0.606082558631897, "jp_fx": 1.022454023361206, "kr_fx": 10.375432968139648}
[Validation] per_target_dir_mismatch_json={"us_Trade Weighted Dollar Index": 0.6363636363636364, "jp_fx": 0.6363636363636364, "kr_fx": 0.6363636363636364}
| end of epoch  34 | time:  3.97s | train_loss 0.0100 | valid rse 3.9698 | valid rae 5.1069 | valid corr  -0.0844 | valid smape  0.3198 | focus_rrse 5.7034 | obj 5.7034
Experiment: 1
Iter: 0
epoch: 35
hp= [1, 0.0002125, 16, 128, 256, 1024, 40, 0.05, 2, 30, 0.6, 0.1, 2, 35]
best sum= 9.161172431245152
best rrse= 3.9698107767015407
best rrae= 5.1069169901249145
best corr= -0.084444664
best smape= 0.31978974576402297
best objective= 5.703407287597656
best hps= [1, 0.0002125, 16, 128, 256, 1024, 40, 0.05, 2, 30, 0.6, 0.1, 2, 1]
best test rse= 5.531207847574627
best test corr= 0.24409999
[Target-Weighted Loss] weights applied: {'us_Trade Weighted Dollar Index': 35.0, 'kr_fx': 35.0, 'jp_fx': 35.0}
[Target-Only Loss] enabled for columns: ['us_Trade Weighted Dollar Index', 'jp_fx', 'kr_fx']
[Bias Penalty] enabled lambda=0.2 scope=focus cols=['us_Trade Weighted Dollar Index', 'jp_fx', 'kr_fx']
iter:  0 | loss: 0.004
iter:  1 | loss: 0.011
iter:  2 | loss: 0.008
iter:  3 | loss: 0.004
iter:  4 | loss: 0.006
iter:  5 | loss: 0.004
iter:  6 | loss: 0.003
iter:  7 | loss: 0.012
iter:  8 | loss: 0.004
iter:  9 | loss: 0.019
iter: 10 | loss: 0.014
iter: 11 | loss: 0.030
iter: 12 | loss: 0.010
iter: 13 | loss: 0.007
iter: 14 | loss: 0.020
iter: 15 | loss: 0.006
iter: 16 | loss: 0.009
iter: 17 | loss: 0.007
iter: 18 | loss: 0.008
iter: 19 | loss: 0.033
iter: 20 | loss: 0.010
iter: 21 | loss: 0.007
iter: 22 | loss: 0.002
iter: 23 | loss: 0.009
iter: 24 | loss: 0.007
iter: 25 | loss: 0.004
iter: 26 | loss: 0.006
testing r= 5
rrse(target)=138.450916392778 / 34.87594854780834 | rrse(all)=98828678402959.67 / 34622966134154.824 | report_mode=targets
[Validation] per_target_rrse_json={"us_Trade Weighted Dollar Index": 5.201282024383545, "jp_fx": 8.131484985351562, "kr_fx": 3.777454137802124}
[Validation] per_target_lag_mae_json={"us_Trade Weighted Dollar Index": 0.606082558631897, "jp_fx": 1.022454023361206, "kr_fx": 10.375432968139648}
[Validation] per_target_dir_mismatch_json={"us_Trade Weighted Dollar Index": 0.6363636363636364, "jp_fx": 0.6363636363636364, "kr_fx": 0.6363636363636364}
| end of epoch  35 | time:  4.09s | train_loss 0.0098 | valid rse 3.9698 | valid rae 5.1069 | valid corr  -0.0844 | valid smape  0.3198 | focus_rrse 5.7034 | obj 5.7034
Experiment: 1
Iter: 0
epoch: 36
hp= [1, 0.0002125, 16, 128, 256, 1024, 40, 0.05, 2, 30, 0.6, 0.1, 2, 36]
best sum= 9.161172431245152
best rrse= 3.9698107767015407
best rrae= 5.1069169901249145
best corr= -0.084444664
best smape= 0.31978974576402297
best objective= 5.703407287597656
best hps= [1, 0.0002125, 16, 128, 256, 1024, 40, 0.05, 2, 30, 0.6, 0.1, 2, 1]
best test rse= 5.531207847574627
best test corr= 0.24409999
[Target-Weighted Loss] weights applied: {'us_Trade Weighted Dollar Index': 35.0, 'kr_fx': 35.0, 'jp_fx': 35.0}
[Target-Only Loss] enabled for columns: ['us_Trade Weighted Dollar Index', 'jp_fx', 'kr_fx']
[Bias Penalty] enabled lambda=0.2 scope=focus cols=['us_Trade Weighted Dollar Index', 'jp_fx', 'kr_fx']
iter:  0 | loss: 0.008
iter:  1 | loss: 0.015
iter:  2 | loss: 0.002
iter:  3 | loss: 0.005
iter:  4 | loss: 0.007
iter:  5 | loss: 0.007
iter:  6 | loss: 0.017
iter:  7 | loss: 0.010
iter:  8 | loss: 0.007
iter:  9 | loss: 0.003
iter: 10 | loss: 0.016
iter: 11 | loss: 0.006
iter: 12 | loss: 0.004
iter: 13 | loss: 0.005
iter: 14 | loss: 0.015
iter: 15 | loss: 0.004
iter: 16 | loss: 0.016
iter: 17 | loss: 0.008
iter: 18 | loss: 0.030
iter: 19 | loss: 0.012
iter: 20 | loss: 0.017
iter: 21 | loss: 0.006
iter: 22 | loss: 0.013
iter: 23 | loss: 0.005
iter: 24 | loss: 0.012
iter: 25 | loss: 0.003
iter: 26 | loss: 0.005
testing r= 5
rrse(target)=138.450916392778 / 34.87594854780834 | rrse(all)=98828678402959.67 / 34622966134154.824 | report_mode=targets
[Validation] per_target_rrse_json={"us_Trade Weighted Dollar Index": 5.201282024383545, "jp_fx": 8.131484985351562, "kr_fx": 3.777454137802124}
[Validation] per_target_lag_mae_json={"us_Trade Weighted Dollar Index": 0.606082558631897, "jp_fx": 1.022454023361206, "kr_fx": 10.375432968139648}
[Validation] per_target_dir_mismatch_json={"us_Trade Weighted Dollar Index": 0.6363636363636364, "jp_fx": 0.6363636363636364, "kr_fx": 0.6363636363636364}
| end of epoch  36 | time:  4.03s | train_loss 0.0096 | valid rse 3.9698 | valid rae 5.1069 | valid corr  -0.0844 | valid smape  0.3198 | focus_rrse 5.7034 | obj 5.7034
Experiment: 1
Iter: 0
epoch: 37
hp= [1, 0.0002125, 16, 128, 256, 1024, 40, 0.05, 2, 30, 0.6, 0.1, 2, 37]
best sum= 9.161172431245152
best rrse= 3.9698107767015407
best rrae= 5.1069169901249145
best corr= -0.084444664
best smape= 0.31978974576402297
best objective= 5.703407287597656
best hps= [1, 0.0002125, 16, 128, 256, 1024, 40, 0.05, 2, 30, 0.6, 0.1, 2, 1]
best test rse= 5.531207847574627
best test corr= 0.24409999
[Target-Weighted Loss] weights applied: {'us_Trade Weighted Dollar Index': 35.0, 'kr_fx': 35.0, 'jp_fx': 35.0}
[Target-Only Loss] enabled for columns: ['us_Trade Weighted Dollar Index', 'jp_fx', 'kr_fx']
[Bias Penalty] enabled lambda=0.2 scope=focus cols=['us_Trade Weighted Dollar Index', 'jp_fx', 'kr_fx']
iter:  0 | loss: 0.007
iter:  1 | loss: 0.006
iter:  2 | loss: 0.010
iter:  3 | loss: 0.007
iter:  4 | loss: 0.016
iter:  5 | loss: 0.006
iter:  6 | loss: 0.023
iter:  7 | loss: 0.017
iter:  8 | loss: 0.004
iter:  9 | loss: 0.005
iter: 10 | loss: 0.008
iter: 11 | loss: 0.014
iter: 12 | loss: 0.011
iter: 13 | loss: 0.006
iter: 14 | loss: 0.006
iter: 15 | loss: 0.002
iter: 16 | loss: 0.003
iter: 17 | loss: 0.003
iter: 18 | loss: 0.010
iter: 19 | loss: 0.016
iter: 20 | loss: 0.002
iter: 21 | loss: 0.021
iter: 22 | loss: 0.008
iter: 23 | loss: 0.006
iter: 24 | loss: 0.008
iter: 25 | loss: 0.018
iter: 26 | loss: 0.030
testing r= 5
rrse(target)=138.450916392778 / 34.87594854780834 | rrse(all)=98828678402959.67 / 34622966134154.824 | report_mode=targets
[Validation] per_target_rrse_json={"us_Trade Weighted Dollar Index": 5.201282024383545, "jp_fx": 8.131484985351562, "kr_fx": 3.777454137802124}
[Validation] per_target_lag_mae_json={"us_Trade Weighted Dollar Index": 0.606082558631897, "jp_fx": 1.022454023361206, "kr_fx": 10.375432968139648}
[Validation] per_target_dir_mismatch_json={"us_Trade Weighted Dollar Index": 0.6363636363636364, "jp_fx": 0.6363636363636364, "kr_fx": 0.6363636363636364}
| end of epoch  37 | time:  3.98s | train_loss 0.0098 | valid rse 3.9698 | valid rae 5.1069 | valid corr  -0.0844 | valid smape  0.3198 | focus_rrse 5.7034 | obj 5.7034
Experiment: 1
Iter: 0
epoch: 38
hp= [1, 0.0002125, 16, 128, 256, 1024, 40, 0.05, 2, 30, 0.6, 0.1, 2, 38]
best sum= 9.161172431245152
best rrse= 3.9698107767015407
best rrae= 5.1069169901249145
best corr= -0.084444664
best smape= 0.31978974576402297
best objective= 5.703407287597656
best hps= [1, 0.0002125, 16, 128, 256, 1024, 40, 0.05, 2, 30, 0.6, 0.1, 2, 1]
best test rse= 5.531207847574627
best test corr= 0.24409999
[Target-Weighted Loss] weights applied: {'us_Trade Weighted Dollar Index': 35.0, 'kr_fx': 35.0, 'jp_fx': 35.0}
[Target-Only Loss] enabled for columns: ['us_Trade Weighted Dollar Index', 'jp_fx', 'kr_fx']
[Bias Penalty] enabled lambda=0.2 scope=focus cols=['us_Trade Weighted Dollar Index', 'jp_fx', 'kr_fx']
iter:  0 | loss: 0.005
iter:  1 | loss: 0.004
iter:  2 | loss: 0.004
iter:  3 | loss: 0.002
iter:  4 | loss: 0.003
iter:  5 | loss: 0.003
iter:  6 | loss: 0.004
iter:  7 | loss: 0.015
iter:  8 | loss: 0.003
iter:  9 | loss: 0.012
iter: 10 | loss: 0.007
iter: 11 | loss: 0.020
iter: 12 | loss: 0.017
iter: 13 | loss: 0.004
iter: 14 | loss: 0.015
iter: 15 | loss: 0.014
iter: 16 | loss: 0.007
iter: 17 | loss: 0.005
iter: 18 | loss: 0.012
iter: 19 | loss: 0.019
iter: 20 | loss: 0.040
iter: 21 | loss: 0.002
iter: 22 | loss: 0.007
iter: 23 | loss: 0.011
iter: 24 | loss: 0.003
iter: 25 | loss: 0.004
iter: 26 | loss: 0.041
testing r= 5
rrse(target)=138.450916392778 / 34.87594854780834 | rrse(all)=98828678402959.67 / 34622966134154.824 | report_mode=targets
[Validation] per_target_rrse_json={"us_Trade Weighted Dollar Index": 5.201282024383545, "jp_fx": 8.131484985351562, "kr_fx": 3.777454137802124}
[Validation] per_target_lag_mae_json={"us_Trade Weighted Dollar Index": 0.606082558631897, "jp_fx": 1.022454023361206, "kr_fx": 10.375432968139648}
[Validation] per_target_dir_mismatch_json={"us_Trade Weighted Dollar Index": 0.6363636363636364, "jp_fx": 0.6363636363636364, "kr_fx": 0.6363636363636364}
| end of epoch  38 | time:  3.80s | train_loss 0.0102 | valid rse 3.9698 | valid rae 5.1069 | valid corr  -0.0844 | valid smape  0.3198 | focus_rrse 5.7034 | obj 5.7034
Experiment: 1
Iter: 0
epoch: 39
hp= [1, 0.0002125, 16, 128, 256, 1024, 40, 0.05, 2, 30, 0.6, 0.1, 2, 39]
best sum= 9.161172431245152
best rrse= 3.9698107767015407
best rrae= 5.1069169901249145
best corr= -0.084444664
best smape= 0.31978974576402297
best objective= 5.703407287597656
best hps= [1, 0.0002125, 16, 128, 256, 1024, 40, 0.05, 2, 30, 0.6, 0.1, 2, 1]
best test rse= 5.531207847574627
best test corr= 0.24409999
[Target-Weighted Loss] weights applied: {'us_Trade Weighted Dollar Index': 35.0, 'kr_fx': 35.0, 'jp_fx': 35.0}
[Target-Only Loss] enabled for columns: ['us_Trade Weighted Dollar Index', 'jp_fx', 'kr_fx']
[Bias Penalty] enabled lambda=0.2 scope=focus cols=['us_Trade Weighted Dollar Index', 'jp_fx', 'kr_fx']
iter:  0 | loss: 0.011
iter:  1 | loss: 0.012
iter:  2 | loss: 0.005
iter:  3 | loss: 0.008
iter:  4 | loss: 0.005
iter:  5 | loss: 0.006
iter:  6 | loss: 0.007
iter:  7 | loss: 0.007
iter:  8 | loss: 0.004
iter:  9 | loss: 0.002
iter: 10 | loss: 0.002
iter: 11 | loss: 0.009
iter: 12 | loss: 0.017
iter: 13 | loss: 0.004
iter: 14 | loss: 0.002
iter: 15 | loss: 0.009
iter: 16 | loss: 0.032
iter: 17 | loss: 0.002
iter: 18 | loss: 0.009
iter: 19 | loss: 0.005
iter: 20 | loss: 0.013
iter: 21 | loss: 0.024
iter: 22 | loss: 0.011
iter: 23 | loss: 0.003
iter: 24 | loss: 0.032
iter: 25 | loss: 0.017
iter: 26 | loss: 0.005
testing r= 5
rrse(target)=138.450916392778 / 34.87594854780834 | rrse(all)=98828678402959.67 / 34622966134154.824 | report_mode=targets
[Validation] per_target_rrse_json={"us_Trade Weighted Dollar Index": 5.201282024383545, "jp_fx": 8.131484985351562, "kr_fx": 3.777454137802124}
[Validation] per_target_lag_mae_json={"us_Trade Weighted Dollar Index": 0.606082558631897, "jp_fx": 1.022454023361206, "kr_fx": 10.375432968139648}
[Validation] per_target_dir_mismatch_json={"us_Trade Weighted Dollar Index": 0.6363636363636364, "jp_fx": 0.6363636363636364, "kr_fx": 0.6363636363636364}
| end of epoch  39 | time:  4.05s | train_loss 0.0098 | valid rse 3.9698 | valid rae 5.1069 | valid corr  -0.0844 | valid smape  0.3198 | focus_rrse 5.7034 | obj 5.7034
Experiment: 1
Iter: 0
epoch: 40
hp= [1, 0.0002125, 16, 128, 256, 1024, 40, 0.05, 2, 30, 0.6, 0.1, 2, 40]
best sum= 9.161172431245152
best rrse= 3.9698107767015407
best rrae= 5.1069169901249145
best corr= -0.084444664
best smape= 0.31978974576402297
best objective= 5.703407287597656
best hps= [1, 0.0002125, 16, 128, 256, 1024, 40, 0.05, 2, 30, 0.6, 0.1, 2, 1]
best test rse= 5.531207847574627
best test corr= 0.24409999
[Target-Weighted Loss] weights applied: {'us_Trade Weighted Dollar Index': 35.0, 'kr_fx': 35.0, 'jp_fx': 35.0}
[Target-Only Loss] enabled for columns: ['us_Trade Weighted Dollar Index', 'jp_fx', 'kr_fx']
[Bias Penalty] enabled lambda=0.2 scope=focus cols=['us_Trade Weighted Dollar Index', 'jp_fx', 'kr_fx']
iter:  0 | loss: 0.013
iter:  1 | loss: 0.004
iter:  2 | loss: 0.017
iter:  3 | loss: 0.003
iter:  4 | loss: 0.004
iter:  5 | loss: 0.008
iter:  6 | loss: 0.008
iter:  7 | loss: 0.014
iter:  8 | loss: 0.020
iter:  9 | loss: 0.005
iter: 10 | loss: 0.010
iter: 11 | loss: 0.012
iter: 12 | loss: 0.011
iter: 13 | loss: 0.011
iter: 14 | loss: 0.003
iter: 15 | loss: 0.006
iter: 16 | loss: 0.010
iter: 17 | loss: 0.003
iter: 18 | loss: 0.004
iter: 19 | loss: 0.002
iter: 20 | loss: 0.005
iter: 21 | loss: 0.016
iter: 22 | loss: 0.017
iter: 23 | loss: 0.019
iter: 24 | loss: 0.014
iter: 25 | loss: 0.021
iter: 26 | loss: 0.004
testing r= 5
rrse(target)=138.450916392778 / 34.87594854780834 | rrse(all)=98828678402959.67 / 34622966134154.824 | report_mode=targets
[Validation] per_target_rrse_json={"us_Trade Weighted Dollar Index": 5.201282024383545, "jp_fx": 8.131484985351562, "kr_fx": 3.777454137802124}
[Validation] per_target_lag_mae_json={"us_Trade Weighted Dollar Index": 0.606082558631897, "jp_fx": 1.022454023361206, "kr_fx": 10.375432968139648}
[Validation] per_target_dir_mismatch_json={"us_Trade Weighted Dollar Index": 0.6363636363636364, "jp_fx": 0.6363636363636364, "kr_fx": 0.6363636363636364}
| end of epoch  40 | time:  3.92s | train_loss 0.0098 | valid rse 3.9698 | valid rae 5.1069 | valid corr  -0.0844 | valid smape  0.3198 | focus_rrse 5.7034 | obj 5.7034
best val loss= 9.161172431245152
best hps= [1, 0.0002125, 16, 128, 256, 1024, 40, 0.05, 2, 30, 0.6, 0.1, 2, 1]
testing r= 5
rrse(target)=138.450916392778 / 34.87594854780834 | rrse(all)=98828678402959.67 / 34622966134154.824 | report_mode=targets
[Validation] per_target_rrse_json={"us_Trade Weighted Dollar Index": 5.201282024383545, "jp_fx": 8.131484985351562, "kr_fx": 3.777454137802124}
[Validation] per_target_lag_mae_json={"us_Trade Weighted Dollar Index": 0.606082558631897, "jp_fx": 1.022454023361206, "kr_fx": 10.375432968139648}
[Validation] per_target_dir_mismatch_json={"us_Trade Weighted Dollar Index": 0.6363636363636364, "jp_fx": 0.6363636363636364, "kr_fx": 0.6363636363636364}
[debias] mode=val_mean_error apply_to=focus offset={'us_Trade Weighted Dollar Index': 3.4608280658721924, 'jp_fx': -12.978675842285156, 'kr_fx': 19.19492530822754}
testing r= 5
rrse(target)=112.170559305907 / 34.87594854780834 | rrse(all)=98828678402959.67 / 34622966134154.824 | report_mode=targets
[Validation] per_target_rrse_json={"us_Trade Weighted Dollar Index": 2.3163113594055176, "jp_fx": 2.3373329639434814, "kr_fx": 3.2420260906219482}
[Validation] per_target_lag_mae_json={"us_Trade Weighted Dollar Index": 0.606082558631897, "jp_fx": 1.0224553346633911, "kr_fx": 10.375432968139648}
[Validation] per_target_dir_mismatch_json={"us_Trade Weighted Dollar Index": 0.6363636363636364, "jp_fx": 0.6363636363636364, "kr_fx": 0.6363636363636364}
testing r= 5
rrse(target)=548.1202536852657 / 87.05327089004898 | rrse(all)=25194735034451.35 / 13118448721317.795 | report_mode=targets
[Testing] per_target_rrse_json={"us_Trade Weighted Dollar Index": 9.009076118469238, "jp_fx": 2.830274820327759, "kr_fx": 6.31885290145874}
[Testing] per_target_lag_mae_json={"us_Trade Weighted Dollar Index": 0.7619545459747314, "jp_fx": 0.7185960412025452, "kr_fx": 6.914484024047852}
[Testing] per_target_dir_mismatch_json={"us_Trade Weighted Dollar Index": 0.8181818181818182, "jp_fx": 0.5454545454545454, "kr_fx": 0.18181818181818182}
********************************************************************************************************
final test rse 6.2964 | test rae 7.3791 | test corr 0.2441 | test smape 0.2858
********************************************************************************************************



1 run average



valid	rse	rae
mean	3.2163	3.3512
std	0.0000	0.0000



test	rse	rae
mean	6.2964	7.3791
std	0.0000	0.0000
