usage: train_test.py [-h] [--data DATA] [--log_interval N] [--save SAVE]
                     [--optim OPTIM] [--L1Loss L1LOSS] [--loss_mode {l1,mse}]
                     [--normalize NORMALIZE] [--device DEVICE]
                     [--gcn_true GCN_TRUE] [--buildA_true BUILDA_TRUE]
                     [--use_graph {0,1}] [--gcn_depth GCN_DEPTH]
                     [--num_nodes NUM_NODES] [--dropout DROPOUT]
                     [--subgraph_size SUBGRAPH_SIZE] [--node_dim NODE_DIM]
                     [--dilation_exponential DILATION_EXPONENTIAL]
                     [--conv_channels CONV_CHANNELS]
                     [--residual_channels RESIDUAL_CHANNELS]
                     [--skip_channels SKIP_CHANNELS]
                     [--end_channels END_CHANNELS] [--in_dim IN_DIM]
                     [--seq_in_len SEQ_IN_LEN] [--seq_out_len SEQ_OUT_LEN]
                     [--horizon HORIZON] [--layers LAYERS]
                     [--batch_size BATCH_SIZE] [--lr LR]
                     [--weight_decay WEIGHT_DECAY] [--clip CLIP]
                     [--propalpha PROPALPHA] [--tanhalpha TANHALPHA]
                     [--epochs EPOCHS] [--num_split NUM_SPLIT]
                     [--step_size STEP_SIZE] [--ss_prob SS_PROB]
                     [--train_ratio TRAIN_RATIO] [--valid_ratio VALID_RATIO]
                     [--focus_targets FOCUS_TARGETS]
                     [--focus_nodes FOCUS_NODES] [--focus_weight FOCUS_WEIGHT]
                     [--focus_target_gain FOCUS_TARGET_GAIN]
                     [--focus_only_loss {0,1}]
                     [--anchor_focus_to_last ANCHOR_FOCUS_TO_LAST]
                     [--rse_targets RSE_TARGETS]
                     [--rse_report_mode {targets,all}]
                     [--debias_mode {none,val_mean_error}]
                     [--debias_apply_to {focus,all}]
                     [--bias_penalty BIAS_PENALTY]
                     [--bias_penalty_scope {focus,all}]
                     [--plot_focus_only PLOT_FOCUS_ONLY]
                     [--debug_eval DEBUG_EVAL]
                     [--rollout_mode {teacher_forced,recursive}] [--seed SEED]
                     [--plot PLOT] [--clean_cache {0,1}]
                     [--autotune_mode {0,1}] [--apply_best_tuning {0,1}]
                     [--eval_best_tuning {0,1}]
                     [--target_profile {none,triple_050,run001_us}]
train_test.py: error: unrecognized arguments: --fixed_eval_periods 1 --valid_year 2024 --test_year 2025 --trend_penalty 0.25 --trend_penalty_scope focus --early_stop_patience 20 --early_stop_min_epochs 30 --force_recursive_eval 1
