CUDA not available, using CPU
[split_guard] {'n': 180, 'cutoff_idx': 168, 'cutoff_label': '25.Jan', 'valid_start_idx': 156, 'valid_end_idx': 168, 'valid_months': 12}
Loading data from /Users/samrobert/Documents/GitHub/Exchangeprediction/Cyber-trend-forecasting-main 3/B-MTGNN/data/sm_data.csv...
Data loaded and converted to numeric successfully.
Graph loaded with 1 attacks...
33 columns loaded
Adjacency created...
train X: torch.Size([131, 24, 33])
train Y: torch.Size([131, 1, 33])
valid X: torch.Size([11, 24, 33])
valid Y: torch.Size([11, 1, 33])
test X: torch.Size([11, 24, 33])
test Y: torch.Size([11, 1, 33])
test window: torch.Size([36, 33])
length of training set= 131
length of validation set= 11
length of testing set= 11
valid= 168
Auto-detected num_nodes: 33
Namespace(data='/Users/samrobert/Documents/GitHub/Exchangeprediction/Cyber-trend-forecasting-main 3/B-MTGNN/data/sm_data.csv', log_interval=2000, save='/Users/samrobert/Documents/GitHub/Exchangeprediction/Cyber-trend-forecasting-main 3/B-MTGNN/tuning_runs/20260220_211805/checkpoints/model_004.pt', optim='adam', L1Loss=True, loss_mode='mse', normalize=2, device='cuda:1', gcn_true=False, buildA_true=False, use_graph=0, gcn_depth=1, num_nodes=33, dropout=0.02, subgraph_size=40, node_dim=30, dilation_exponential=2, conv_channels=16, residual_channels=128, skip_channels=256, end_channels=1024, in_dim=1, seq_in_len=24, seq_out_len=1, horizon=1, layers=2, batch_size=4, lr=0.00012749999999999998, weight_decay=1e-05, clip=10, propalpha=0.6, tanhalpha=0.1, epochs=40, num_split=1, step_size=100, ss_prob=0.1, train_ratio=0.8666666667, valid_ratio=0.0666666667, focus_targets=1, focus_nodes='us_Trade Weighted Dollar Index,jp_fx,kr_fx', focus_weight=1.0, focus_target_gain=60.0, focus_only_loss=1, anchor_focus_to_last=0.2, rse_targets='Us_Trade Weighted Dollar Index_Testing.txt,Jp_fx_Testing.txt,Kr_fx_Testing.txt', rse_report_mode='targets', debias_mode='val_mean_error', debias_apply_to='focus', bias_penalty=0.25, bias_penalty_scope='focus', lag_penalty_1step=1.0, lag_sign_penalty=0.4, plot_focus_only=0, debug_eval=0, rollout_mode='recursive', enforce_cutoff_split=1, cutoff_year_yy=25, min_valid_months=12, confidence_level=0.95, confidence_scale=3.0, confidence_mode='predictive', seed=777, plot=0, clean_cache=0, autotune_mode=1, apply_best_tuning=0, eval_best_tuning=0, target_profile='none', best_tuning_checkpoint='')
The recpetive field size is 19
Number of model parameters is 611649
begin training
Experiment: 1
Iter: 0
epoch: 1
hp= [1, 0.00012749999999999998, 16, 128, 256, 1024, 40, 0.02, 2, 30, 0.6, 0.1, 2, 1]
best sum= 10000000
best rrse= 10000000
best rrae= 10000000
best corr= -10000000
best smape= 10000000
best objective= 10000000
best hps= []
best test rse= 10000000
best test corr= -10000000
[Target-Weighted Loss] weights applied: {'us_Trade Weighted Dollar Index': 60.0, 'kr_fx': 60.0, 'jp_fx': 60.0}
[Target-Only Loss] enabled for columns: ['us_Trade Weighted Dollar Index', 'jp_fx', 'kr_fx']
[Bias Penalty] enabled lambda=0.25 scope=focus cols=['us_Trade Weighted Dollar Index', 'jp_fx', 'kr_fx']
iter:  0 | loss: 0.070
iter:  1 | loss: 0.043
iter:  2 | loss: 0.040
iter:  3 | loss: 0.029
iter:  4 | loss: 0.039
iter:  5 | loss: 0.013
iter:  6 | loss: 0.036
iter:  7 | loss: 0.027
iter:  8 | loss: 0.034
iter:  9 | loss: 0.032
iter: 10 | loss: 0.056
iter: 11 | loss: 0.034
iter: 12 | loss: 0.063
iter: 13 | loss: 0.028
iter: 14 | loss: 0.024
iter: 15 | loss: 0.040
iter: 16 | loss: 0.022
iter: 17 | loss: 0.048
iter: 18 | loss: 0.043
iter: 19 | loss: 0.039
iter: 20 | loss: 0.051
iter: 21 | loss: 0.045
iter: 22 | loss: 0.031
iter: 23 | loss: 0.019
iter: 24 | loss: 0.058
iter: 25 | loss: 0.035
iter: 26 | loss: 0.039
iter: 27 | loss: 0.053
iter: 28 | loss: 0.034
iter: 29 | loss: 0.047
iter: 30 | loss: 0.034
iter: 31 | loss: 0.042
iter: 32 | loss: 0.040
testing r= 5
rrse(target)=132.510037945244 / 34.87594854780834 | rrse(all)=178893284050483.62 / 34622966134154.824 | report_mode=targets
[Validation] per_target_rrse_json={"us_Trade Weighted Dollar Index": 4.6201887130737305, "jp_fx": 4.6594414710998535, "kr_fx": 3.767089366912842}
[Validation] per_target_lag_mae_json={"us_Trade Weighted Dollar Index": 0.4855304956436157, "jp_fx": 0.5714832544326782, "kr_fx": 6.069691181182861}
[Validation] per_target_dir_mismatch_json={"us_Trade Weighted Dollar Index": 0.36363636363636365, "jp_fx": 0.36363636363636365, "kr_fx": 0.36363636363636365}
| end of epoch   1 | time:  1.98s | train_loss 0.0391 | valid rse 3.7995 | valid rae 4.6388 | valid corr  -0.1016 | valid smape  0.3478 | focus_rrse 4.3489 | obj 4.3489
testing r= 5
rrse(target)=271.608950285148 / 87.05327089004898 | rrse(all)=49070619189125.016 / 13118448721317.795 | report_mode=targets
[Testing] per_target_rrse_json={"us_Trade Weighted Dollar Index": 2.139101028442383, "jp_fx": 1.2119152545928955, "kr_fx": 3.1365153789520264}
[Testing] per_target_lag_mae_json={"us_Trade Weighted Dollar Index": 0.49146825075149536, "jp_fx": 0.8109949231147766, "kr_fx": 9.510986328125}
[Testing] per_target_dir_mismatch_json={"us_Trade Weighted Dollar Index": 0.18181818181818182, "jp_fx": 0.6363636363636364, "kr_fx": 0.8181818181818182}
********************************************************************************************************
test rse 3.1200 | test rae 3.2544 | test corr -0.1716| test smape 0.3490 | test focus_rrse 2.1625
********************************************************************************************************
Experiment: 1
Iter: 0
epoch: 2
hp= [1, 0.00012749999999999998, 16, 128, 256, 1024, 40, 0.02, 2, 30, 0.6, 0.1, 2, 2]
best sum= 8.539948962020901
best rrse= 3.7994676406749983
best rrae= 4.638836097549535
best corr= -0.101645224
best smape= 0.34780804282034605
best objective= 4.348906993865967
best hps= [1, 0.00012749999999999998, 16, 128, 256, 1024, 40, 0.02, 2, 30, 0.6, 0.1, 2, 1]
best test rse= 3.120031533659415
best test corr= -0.17160513
[Target-Weighted Loss] weights applied: {'us_Trade Weighted Dollar Index': 60.0, 'kr_fx': 60.0, 'jp_fx': 60.0}
[Target-Only Loss] enabled for columns: ['us_Trade Weighted Dollar Index', 'jp_fx', 'kr_fx']
[Bias Penalty] enabled lambda=0.25 scope=focus cols=['us_Trade Weighted Dollar Index', 'jp_fx', 'kr_fx']
iter:  0 | loss: 0.037
iter:  1 | loss: 0.039
iter:  2 | loss: 0.028
iter:  3 | loss: 0.050
iter:  4 | loss: 0.040
iter:  5 | loss: 0.049
iter:  6 | loss: 0.046
iter:  7 | loss: 0.045
iter:  8 | loss: 0.040
iter:  9 | loss: 0.020
iter: 10 | loss: 0.048
iter: 11 | loss: 0.037
iter: 12 | loss: 0.041
iter: 13 | loss: 0.031
iter: 14 | loss: 0.038
iter: 15 | loss: 0.033
iter: 16 | loss: 0.043
iter: 17 | loss: 0.033
iter: 18 | loss: 0.025
iter: 19 | loss: 0.033
iter: 20 | loss: 0.032
iter: 21 | loss: 0.048
iter: 22 | loss: 0.027
iter: 23 | loss: 0.029
iter: 24 | loss: 0.052
iter: 25 | loss: 0.044
iter: 26 | loss: 0.050
iter: 27 | loss: 0.054
iter: 28 | loss: 0.053
iter: 29 | loss: 0.030
iter: 30 | loss: 0.024
iter: 31 | loss: 0.036
iter: 32 | loss: 0.036
testing r= 5
rrse(target)=132.510037945244 / 34.87594854780834 | rrse(all)=178893284050483.62 / 34622966134154.824 | report_mode=targets
[Validation] per_target_rrse_json={"us_Trade Weighted Dollar Index": 4.6201887130737305, "jp_fx": 4.6594414710998535, "kr_fx": 3.767089366912842}
[Validation] per_target_lag_mae_json={"us_Trade Weighted Dollar Index": 0.4855304956436157, "jp_fx": 0.5714832544326782, "kr_fx": 6.069691181182861}
[Validation] per_target_dir_mismatch_json={"us_Trade Weighted Dollar Index": 0.36363636363636365, "jp_fx": 0.36363636363636365, "kr_fx": 0.36363636363636365}
| end of epoch   2 | time:  1.98s | train_loss 0.0385 | valid rse 3.7995 | valid rae 4.6388 | valid corr  -0.1016 | valid smape  0.3478 | focus_rrse 4.3489 | obj 4.3489
Experiment: 1
Iter: 0
epoch: 3
hp= [1, 0.00012749999999999998, 16, 128, 256, 1024, 40, 0.02, 2, 30, 0.6, 0.1, 2, 3]
best sum= 8.539948962020901
best rrse= 3.7994676406749983
best rrae= 4.638836097549535
best corr= -0.101645224
best smape= 0.34780804282034605
best objective= 4.348906993865967
best hps= [1, 0.00012749999999999998, 16, 128, 256, 1024, 40, 0.02, 2, 30, 0.6, 0.1, 2, 1]
best test rse= 3.120031533659415
best test corr= -0.17160513
[Target-Weighted Loss] weights applied: {'us_Trade Weighted Dollar Index': 60.0, 'kr_fx': 60.0, 'jp_fx': 60.0}
[Target-Only Loss] enabled for columns: ['us_Trade Weighted Dollar Index', 'jp_fx', 'kr_fx']
[Bias Penalty] enabled lambda=0.25 scope=focus cols=['us_Trade Weighted Dollar Index', 'jp_fx', 'kr_fx']
iter:  0 | loss: 0.040
iter:  1 | loss: 0.027
iter:  2 | loss: 0.036
iter:  3 | loss: 0.037
iter:  4 | loss: 0.054
iter:  5 | loss: 0.038
iter:  6 | loss: 0.050
iter:  7 | loss: 0.038
iter:  8 | loss: 0.032
iter:  9 | loss: 0.039
iter: 10 | loss: 0.035
iter: 11 | loss: 0.034
iter: 12 | loss: 0.028
iter: 13 | loss: 0.027
iter: 14 | loss: 0.033
iter: 15 | loss: 0.024
iter: 16 | loss: 0.052
iter: 17 | loss: 0.054
iter: 18 | loss: 0.023
iter: 19 | loss: 0.042
iter: 20 | loss: 0.028
iter: 21 | loss: 0.025
iter: 22 | loss: 0.074
iter: 23 | loss: 0.037
iter: 24 | loss: 0.036
iter: 25 | loss: 0.059
iter: 26 | loss: 0.040
iter: 27 | loss: 0.056
iter: 28 | loss: 0.046
iter: 29 | loss: 0.039
iter: 30 | loss: 0.038
iter: 31 | loss: 0.025
iter: 32 | loss: 0.037
testing r= 5
rrse(target)=132.510037945244 / 34.87594854780834 | rrse(all)=178893284050483.62 / 34622966134154.824 | report_mode=targets
[Validation] per_target_rrse_json={"us_Trade Weighted Dollar Index": 4.6201887130737305, "jp_fx": 4.6594414710998535, "kr_fx": 3.767089366912842}
[Validation] per_target_lag_mae_json={"us_Trade Weighted Dollar Index": 0.4855304956436157, "jp_fx": 0.5714832544326782, "kr_fx": 6.069691181182861}
[Validation] per_target_dir_mismatch_json={"us_Trade Weighted Dollar Index": 0.36363636363636365, "jp_fx": 0.36363636363636365, "kr_fx": 0.36363636363636365}
| end of epoch   3 | time:  2.02s | train_loss 0.0389 | valid rse 3.7995 | valid rae 4.6388 | valid corr  -0.1016 | valid smape  0.3478 | focus_rrse 4.3489 | obj 4.3489
Experiment: 1
Iter: 0
epoch: 4
hp= [1, 0.00012749999999999998, 16, 128, 256, 1024, 40, 0.02, 2, 30, 0.6, 0.1, 2, 4]
best sum= 8.539948962020901
best rrse= 3.7994676406749983
best rrae= 4.638836097549535
best corr= -0.101645224
best smape= 0.34780804282034605
best objective= 4.348906993865967
best hps= [1, 0.00012749999999999998, 16, 128, 256, 1024, 40, 0.02, 2, 30, 0.6, 0.1, 2, 1]
best test rse= 3.120031533659415
best test corr= -0.17160513
[Target-Weighted Loss] weights applied: {'us_Trade Weighted Dollar Index': 60.0, 'kr_fx': 60.0, 'jp_fx': 60.0}
[Target-Only Loss] enabled for columns: ['us_Trade Weighted Dollar Index', 'jp_fx', 'kr_fx']
[Bias Penalty] enabled lambda=0.25 scope=focus cols=['us_Trade Weighted Dollar Index', 'jp_fx', 'kr_fx']
iter:  0 | loss: 0.045
iter:  1 | loss: 0.042
iter:  2 | loss: 0.056
iter:  3 | loss: 0.044
iter:  4 | loss: 0.027
iter:  5 | loss: 0.028
iter:  6 | loss: 0.048
iter:  7 | loss: 0.037
iter:  8 | loss: 0.033
iter:  9 | loss: 0.026
iter: 10 | loss: 0.032
iter: 11 | loss: 0.035
iter: 12 | loss: 0.018
iter: 13 | loss: 0.034
iter: 14 | loss: 0.029
iter: 15 | loss: 0.052
iter: 16 | loss: 0.024
iter: 17 | loss: 0.030
iter: 18 | loss: 0.030
iter: 19 | loss: 0.039
iter: 20 | loss: 0.060
iter: 21 | loss: 0.041
iter: 22 | loss: 0.032
iter: 23 | loss: 0.038
iter: 24 | loss: 0.053
iter: 25 | loss: 0.051
iter: 26 | loss: 0.045
iter: 27 | loss: 0.051
iter: 28 | loss: 0.040
iter: 29 | loss: 0.025
iter: 30 | loss: 0.049
iter: 31 | loss: 0.027
iter: 32 | loss: 0.085
testing r= 5
rrse(target)=132.510037945244 / 34.87594854780834 | rrse(all)=178893284050483.62 / 34622966134154.824 | report_mode=targets
[Validation] per_target_rrse_json={"us_Trade Weighted Dollar Index": 4.6201887130737305, "jp_fx": 4.6594414710998535, "kr_fx": 3.767089366912842}
[Validation] per_target_lag_mae_json={"us_Trade Weighted Dollar Index": 0.4855304956436157, "jp_fx": 0.5714832544326782, "kr_fx": 6.069691181182861}
[Validation] per_target_dir_mismatch_json={"us_Trade Weighted Dollar Index": 0.36363636363636365, "jp_fx": 0.36363636363636365, "kr_fx": 0.36363636363636365}
| end of epoch   4 | time:  2.00s | train_loss 0.0391 | valid rse 3.7995 | valid rae 4.6388 | valid corr  -0.1016 | valid smape  0.3478 | focus_rrse 4.3489 | obj 4.3489
Experiment: 1
Iter: 0
epoch: 5
hp= [1, 0.00012749999999999998, 16, 128, 256, 1024, 40, 0.02, 2, 30, 0.6, 0.1, 2, 5]
best sum= 8.539948962020901
best rrse= 3.7994676406749983
best rrae= 4.638836097549535
best corr= -0.101645224
best smape= 0.34780804282034605
best objective= 4.348906993865967
best hps= [1, 0.00012749999999999998, 16, 128, 256, 1024, 40, 0.02, 2, 30, 0.6, 0.1, 2, 1]
best test rse= 3.120031533659415
best test corr= -0.17160513
[Target-Weighted Loss] weights applied: {'us_Trade Weighted Dollar Index': 60.0, 'kr_fx': 60.0, 'jp_fx': 60.0}
[Target-Only Loss] enabled for columns: ['us_Trade Weighted Dollar Index', 'jp_fx', 'kr_fx']
[Bias Penalty] enabled lambda=0.25 scope=focus cols=['us_Trade Weighted Dollar Index', 'jp_fx', 'kr_fx']
iter:  0 | loss: 0.042
iter:  1 | loss: 0.028
iter:  2 | loss: 0.052
iter:  3 | loss: 0.042
iter:  4 | loss: 0.045
iter:  5 | loss: 0.022
iter:  6 | loss: 0.048
iter:  7 | loss: 0.034
iter:  8 | loss: 0.035
iter:  9 | loss: 0.016
iter: 10 | loss: 0.033
iter: 11 | loss: 0.033
iter: 12 | loss: 0.060
iter: 13 | loss: 0.027
iter: 14 | loss: 0.048
iter: 15 | loss: 0.030
iter: 16 | loss: 0.030
iter: 17 | loss: 0.026
iter: 18 | loss: 0.047
iter: 19 | loss: 0.046
iter: 20 | loss: 0.038
iter: 21 | loss: 0.057
iter: 22 | loss: 0.032
iter: 23 | loss: 0.036
iter: 24 | loss: 0.050
iter: 25 | loss: 0.058
iter: 26 | loss: 0.056
iter: 27 | loss: 0.034
iter: 28 | loss: 0.021
iter: 29 | loss: 0.030
iter: 30 | loss: 0.042
iter: 31 | loss: 0.029
iter: 32 | loss: 0.073
testing r= 5
rrse(target)=132.510037945244 / 34.87594854780834 | rrse(all)=178893284050483.62 / 34622966134154.824 | report_mode=targets
[Validation] per_target_rrse_json={"us_Trade Weighted Dollar Index": 4.6201887130737305, "jp_fx": 4.6594414710998535, "kr_fx": 3.767089366912842}
[Validation] per_target_lag_mae_json={"us_Trade Weighted Dollar Index": 0.4855304956436157, "jp_fx": 0.5714832544326782, "kr_fx": 6.069691181182861}
[Validation] per_target_dir_mismatch_json={"us_Trade Weighted Dollar Index": 0.36363636363636365, "jp_fx": 0.36363636363636365, "kr_fx": 0.36363636363636365}
| end of epoch   5 | time:  2.01s | train_loss 0.0391 | valid rse 3.7995 | valid rae 4.6388 | valid corr  -0.1016 | valid smape  0.3478 | focus_rrse 4.3489 | obj 4.3489
Experiment: 1
Iter: 0
epoch: 6
hp= [1, 0.00012749999999999998, 16, 128, 256, 1024, 40, 0.02, 2, 30, 0.6, 0.1, 2, 6]
best sum= 8.539948962020901
best rrse= 3.7994676406749983
best rrae= 4.638836097549535
best corr= -0.101645224
best smape= 0.34780804282034605
best objective= 4.348906993865967
best hps= [1, 0.00012749999999999998, 16, 128, 256, 1024, 40, 0.02, 2, 30, 0.6, 0.1, 2, 1]
best test rse= 3.120031533659415
best test corr= -0.17160513
[Target-Weighted Loss] weights applied: {'us_Trade Weighted Dollar Index': 60.0, 'kr_fx': 60.0, 'jp_fx': 60.0}
[Target-Only Loss] enabled for columns: ['us_Trade Weighted Dollar Index', 'jp_fx', 'kr_fx']
[Bias Penalty] enabled lambda=0.25 scope=focus cols=['us_Trade Weighted Dollar Index', 'jp_fx', 'kr_fx']
iter:  0 | loss: 0.062
iter:  1 | loss: 0.061
iter:  2 | loss: 0.033
iter:  3 | loss: 0.043
iter:  4 | loss: 0.031
iter:  5 | loss: 0.013
iter:  6 | loss: 0.040
iter:  7 | loss: 0.027
iter:  8 | loss: 0.035
iter:  9 | loss: 0.040
iter: 10 | loss: 0.023
iter: 11 | loss: 0.065
iter: 12 | loss: 0.028
iter: 13 | loss: 0.042
iter: 14 | loss: 0.024
iter: 15 | loss: 0.035
iter: 16 | loss: 0.047
iter: 17 | loss: 0.038
iter: 18 | loss: 0.038
iter: 19 | loss: 0.037
iter: 20 | loss: 0.040
iter: 21 | loss: 0.015
iter: 22 | loss: 0.048
iter: 23 | loss: 0.060
iter: 24 | loss: 0.027
iter: 25 | loss: 0.038
iter: 26 | loss: 0.042
iter: 27 | loss: 0.055
iter: 28 | loss: 0.050
iter: 29 | loss: 0.036
iter: 30 | loss: 0.037
iter: 31 | loss: 0.047
iter: 32 | loss: 0.026
testing r= 5
rrse(target)=132.510037945244 / 34.87594854780834 | rrse(all)=178893284050483.62 / 34622966134154.824 | report_mode=targets
[Validation] per_target_rrse_json={"us_Trade Weighted Dollar Index": 4.6201887130737305, "jp_fx": 4.6594414710998535, "kr_fx": 3.767089366912842}
[Validation] per_target_lag_mae_json={"us_Trade Weighted Dollar Index": 0.4855304956436157, "jp_fx": 0.5714832544326782, "kr_fx": 6.069691181182861}
[Validation] per_target_dir_mismatch_json={"us_Trade Weighted Dollar Index": 0.36363636363636365, "jp_fx": 0.36363636363636365, "kr_fx": 0.36363636363636365}
| end of epoch   6 | time:  1.95s | train_loss 0.0390 | valid rse 3.7995 | valid rae 4.6388 | valid corr  -0.1016 | valid smape  0.3478 | focus_rrse 4.3489 | obj 4.3489
Experiment: 1
Iter: 0
epoch: 7
hp= [1, 0.00012749999999999998, 16, 128, 256, 1024, 40, 0.02, 2, 30, 0.6, 0.1, 2, 7]
best sum= 8.539948962020901
best rrse= 3.7994676406749983
best rrae= 4.638836097549535
best corr= -0.101645224
best smape= 0.34780804282034605
best objective= 4.348906993865967
best hps= [1, 0.00012749999999999998, 16, 128, 256, 1024, 40, 0.02, 2, 30, 0.6, 0.1, 2, 1]
best test rse= 3.120031533659415
best test corr= -0.17160513
[Target-Weighted Loss] weights applied: {'us_Trade Weighted Dollar Index': 60.0, 'kr_fx': 60.0, 'jp_fx': 60.0}
[Target-Only Loss] enabled for columns: ['us_Trade Weighted Dollar Index', 'jp_fx', 'kr_fx']
[Bias Penalty] enabled lambda=0.25 scope=focus cols=['us_Trade Weighted Dollar Index', 'jp_fx', 'kr_fx']
iter:  0 | loss: 0.048
iter:  1 | loss: 0.041
iter:  2 | loss: 0.056
iter:  3 | loss: 0.045
iter:  4 | loss: 0.043
iter:  5 | loss: 0.030
iter:  6 | loss: 0.034
iter:  7 | loss: 0.038
iter:  8 | loss: 0.024
iter:  9 | loss: 0.030
iter: 10 | loss: 0.032
iter: 11 | loss: 0.031
iter: 12 | loss: 0.043
iter: 13 | loss: 0.034
iter: 14 | loss: 0.043
iter: 15 | loss: 0.044
iter: 16 | loss: 0.041
iter: 17 | loss: 0.019
iter: 18 | loss: 0.043
iter: 19 | loss: 0.032
iter: 20 | loss: 0.038
iter: 21 | loss: 0.023
iter: 22 | loss: 0.030
iter: 23 | loss: 0.050
iter: 24 | loss: 0.028
iter: 25 | loss: 0.057
iter: 26 | loss: 0.028
iter: 27 | loss: 0.026
iter: 28 | loss: 0.039
iter: 29 | loss: 0.044
iter: 30 | loss: 0.031
iter: 31 | loss: 0.055
iter: 32 | loss: 0.100
testing r= 5
rrse(target)=132.510037945244 / 34.87594854780834 | rrse(all)=178893284050483.62 / 34622966134154.824 | report_mode=targets
[Validation] per_target_rrse_json={"us_Trade Weighted Dollar Index": 4.6201887130737305, "jp_fx": 4.6594414710998535, "kr_fx": 3.767089366912842}
[Validation] per_target_lag_mae_json={"us_Trade Weighted Dollar Index": 0.4855304956436157, "jp_fx": 0.5714832544326782, "kr_fx": 6.069691181182861}
[Validation] per_target_dir_mismatch_json={"us_Trade Weighted Dollar Index": 0.36363636363636365, "jp_fx": 0.36363636363636365, "kr_fx": 0.36363636363636365}
| end of epoch   7 | time:  1.99s | train_loss 0.0390 | valid rse 3.7995 | valid rae 4.6388 | valid corr  -0.1016 | valid smape  0.3478 | focus_rrse 4.3489 | obj 4.3489
Experiment: 1
Iter: 0
epoch: 8
hp= [1, 0.00012749999999999998, 16, 128, 256, 1024, 40, 0.02, 2, 30, 0.6, 0.1, 2, 8]
best sum= 8.539948962020901
best rrse= 3.7994676406749983
best rrae= 4.638836097549535
best corr= -0.101645224
best smape= 0.34780804282034605
best objective= 4.348906993865967
best hps= [1, 0.00012749999999999998, 16, 128, 256, 1024, 40, 0.02, 2, 30, 0.6, 0.1, 2, 1]
best test rse= 3.120031533659415
best test corr= -0.17160513
[Target-Weighted Loss] weights applied: {'us_Trade Weighted Dollar Index': 60.0, 'kr_fx': 60.0, 'jp_fx': 60.0}
[Target-Only Loss] enabled for columns: ['us_Trade Weighted Dollar Index', 'jp_fx', 'kr_fx']
[Bias Penalty] enabled lambda=0.25 scope=focus cols=['us_Trade Weighted Dollar Index', 'jp_fx', 'kr_fx']
iter:  0 | loss: 0.041
iter:  1 | loss: 0.038
iter:  2 | loss: 0.038
iter:  3 | loss: 0.029
iter:  4 | loss: 0.029
iter:  5 | loss: 0.040
iter:  6 | loss: 0.048
iter:  7 | loss: 0.047
iter:  8 | loss: 0.055
iter:  9 | loss: 0.017
iter: 10 | loss: 0.055
iter: 11 | loss: 0.046
iter: 12 | loss: 0.027
iter: 13 | loss: 0.045
iter: 14 | loss: 0.035
iter: 15 | loss: 0.028
iter: 16 | loss: 0.025
iter: 17 | loss: 0.036
iter: 18 | loss: 0.037
iter: 19 | loss: 0.027
iter: 20 | loss: 0.023
iter: 21 | loss: 0.040
iter: 22 | loss: 0.035
iter: 23 | loss: 0.038
iter: 24 | loss: 0.025
iter: 25 | loss: 0.036
iter: 26 | loss: 0.058
iter: 27 | loss: 0.065
iter: 28 | loss: 0.066
iter: 29 | loss: 0.033
iter: 30 | loss: 0.028
iter: 31 | loss: 0.044
iter: 32 | loss: 0.056
testing r= 5
rrse(target)=132.510037945244 / 34.87594854780834 | rrse(all)=178893284050483.62 / 34622966134154.824 | report_mode=targets
[Validation] per_target_rrse_json={"us_Trade Weighted Dollar Index": 4.6201887130737305, "jp_fx": 4.6594414710998535, "kr_fx": 3.767089366912842}
[Validation] per_target_lag_mae_json={"us_Trade Weighted Dollar Index": 0.4855304956436157, "jp_fx": 0.5714832544326782, "kr_fx": 6.069691181182861}
[Validation] per_target_dir_mismatch_json={"us_Trade Weighted Dollar Index": 0.36363636363636365, "jp_fx": 0.36363636363636365, "kr_fx": 0.36363636363636365}
| end of epoch   8 | time:  2.03s | train_loss 0.0390 | valid rse 3.7995 | valid rae 4.6388 | valid corr  -0.1016 | valid smape  0.3478 | focus_rrse 4.3489 | obj 4.3489
Experiment: 1
Iter: 0
epoch: 9
hp= [1, 0.00012749999999999998, 16, 128, 256, 1024, 40, 0.02, 2, 30, 0.6, 0.1, 2, 9]
best sum= 8.539948962020901
best rrse= 3.7994676406749983
best rrae= 4.638836097549535
best corr= -0.101645224
best smape= 0.34780804282034605
best objective= 4.348906993865967
best hps= [1, 0.00012749999999999998, 16, 128, 256, 1024, 40, 0.02, 2, 30, 0.6, 0.1, 2, 1]
best test rse= 3.120031533659415
best test corr= -0.17160513
[Target-Weighted Loss] weights applied: {'us_Trade Weighted Dollar Index': 60.0, 'kr_fx': 60.0, 'jp_fx': 60.0}
[Target-Only Loss] enabled for columns: ['us_Trade Weighted Dollar Index', 'jp_fx', 'kr_fx']
[Bias Penalty] enabled lambda=0.25 scope=focus cols=['us_Trade Weighted Dollar Index', 'jp_fx', 'kr_fx']
iter:  0 | loss: 0.035
iter:  1 | loss: 0.047
iter:  2 | loss: 0.037
iter:  3 | loss: 0.031
iter:  4 | loss: 0.031
iter:  5 | loss: 0.034
iter:  6 | loss: 0.035
iter:  7 | loss: 0.062
iter:  8 | loss: 0.025
iter:  9 | loss: 0.071
iter: 10 | loss: 0.048
iter: 11 | loss: 0.018
iter: 12 | loss: 0.027
iter: 13 | loss: 0.048
iter: 14 | loss: 0.031
iter: 15 | loss: 0.029
iter: 16 | loss: 0.046
iter: 17 | loss: 0.021
iter: 18 | loss: 0.036
iter: 19 | loss: 0.026
iter: 20 | loss: 0.069
iter: 21 | loss: 0.043
iter: 22 | loss: 0.033
iter: 23 | loss: 0.030
iter: 24 | loss: 0.044
iter: 25 | loss: 0.069
iter: 26 | loss: 0.033
iter: 27 | loss: 0.041
iter: 28 | loss: 0.017
iter: 29 | loss: 0.048
iter: 30 | loss: 0.029
iter: 31 | loss: 0.041
iter: 32 | loss: 0.038
testing r= 5
rrse(target)=132.510037945244 / 34.87594854780834 | rrse(all)=178893284050483.62 / 34622966134154.824 | report_mode=targets
[Validation] per_target_rrse_json={"us_Trade Weighted Dollar Index": 4.6201887130737305, "jp_fx": 4.6594414710998535, "kr_fx": 3.767089366912842}
[Validation] per_target_lag_mae_json={"us_Trade Weighted Dollar Index": 0.4855304956436157, "jp_fx": 0.5714832544326782, "kr_fx": 6.069691181182861}
[Validation] per_target_dir_mismatch_json={"us_Trade Weighted Dollar Index": 0.36363636363636365, "jp_fx": 0.36363636363636365, "kr_fx": 0.36363636363636365}
| end of epoch   9 | time:  2.01s | train_loss 0.0386 | valid rse 3.7995 | valid rae 4.6388 | valid corr  -0.1016 | valid smape  0.3478 | focus_rrse 4.3489 | obj 4.3489
Experiment: 1
Iter: 0
epoch: 10
hp= [1, 0.00012749999999999998, 16, 128, 256, 1024, 40, 0.02, 2, 30, 0.6, 0.1, 2, 10]
best sum= 8.539948962020901
best rrse= 3.7994676406749983
best rrae= 4.638836097549535
best corr= -0.101645224
best smape= 0.34780804282034605
best objective= 4.348906993865967
best hps= [1, 0.00012749999999999998, 16, 128, 256, 1024, 40, 0.02, 2, 30, 0.6, 0.1, 2, 1]
best test rse= 3.120031533659415
best test corr= -0.17160513
[Target-Weighted Loss] weights applied: {'us_Trade Weighted Dollar Index': 60.0, 'kr_fx': 60.0, 'jp_fx': 60.0}
[Target-Only Loss] enabled for columns: ['us_Trade Weighted Dollar Index', 'jp_fx', 'kr_fx']
[Bias Penalty] enabled lambda=0.25 scope=focus cols=['us_Trade Weighted Dollar Index', 'jp_fx', 'kr_fx']
iter:  0 | loss: 0.032
iter:  1 | loss: 0.025
iter:  2 | loss: 0.037
iter:  3 | loss: 0.044
iter:  4 | loss: 0.032
iter:  5 | loss: 0.034
iter:  6 | loss: 0.036
iter:  7 | loss: 0.055
iter:  8 | loss: 0.046
iter:  9 | loss: 0.039
iter: 10 | loss: 0.049
iter: 11 | loss: 0.035
iter: 12 | loss: 0.029
iter: 13 | loss: 0.040
iter: 14 | loss: 0.039
iter: 15 | loss: 0.032
iter: 16 | loss: 0.028
iter: 17 | loss: 0.022
iter: 18 | loss: 0.051
iter: 19 | loss: 0.046
iter: 20 | loss: 0.041
iter: 21 | loss: 0.044
iter: 22 | loss: 0.029
iter: 23 | loss: 0.049
iter: 24 | loss: 0.031
iter: 25 | loss: 0.034
iter: 26 | loss: 0.050
iter: 27 | loss: 0.026
iter: 28 | loss: 0.049
iter: 29 | loss: 0.043
iter: 30 | loss: 0.038
iter: 31 | loss: 0.037
iter: 32 | loss: 0.064
testing r= 5
rrse(target)=132.510037945244 / 34.87594854780834 | rrse(all)=178893284050483.62 / 34622966134154.824 | report_mode=targets
[Validation] per_target_rrse_json={"us_Trade Weighted Dollar Index": 4.6201887130737305, "jp_fx": 4.6594414710998535, "kr_fx": 3.767089366912842}
[Validation] per_target_lag_mae_json={"us_Trade Weighted Dollar Index": 0.4855304956436157, "jp_fx": 0.5714832544326782, "kr_fx": 6.069691181182861}
[Validation] per_target_dir_mismatch_json={"us_Trade Weighted Dollar Index": 0.36363636363636365, "jp_fx": 0.36363636363636365, "kr_fx": 0.36363636363636365}
| end of epoch  10 | time:  2.01s | train_loss 0.0388 | valid rse 3.7995 | valid rae 4.6388 | valid corr  -0.1016 | valid smape  0.3478 | focus_rrse 4.3489 | obj 4.3489
Experiment: 1
Iter: 0
epoch: 11
hp= [1, 0.00012749999999999998, 16, 128, 256, 1024, 40, 0.02, 2, 30, 0.6, 0.1, 2, 11]
best sum= 8.539948962020901
best rrse= 3.7994676406749983
best rrae= 4.638836097549535
best corr= -0.101645224
best smape= 0.34780804282034605
best objective= 4.348906993865967
best hps= [1, 0.00012749999999999998, 16, 128, 256, 1024, 40, 0.02, 2, 30, 0.6, 0.1, 2, 1]
best test rse= 3.120031533659415
best test corr= -0.17160513
[Target-Weighted Loss] weights applied: {'us_Trade Weighted Dollar Index': 60.0, 'kr_fx': 60.0, 'jp_fx': 60.0}
[Target-Only Loss] enabled for columns: ['us_Trade Weighted Dollar Index', 'jp_fx', 'kr_fx']
[Bias Penalty] enabled lambda=0.25 scope=focus cols=['us_Trade Weighted Dollar Index', 'jp_fx', 'kr_fx']
iter:  0 | loss: 0.026
iter:  1 | loss: 0.036
iter:  2 | loss: 0.040
iter:  3 | loss: 0.039
iter:  4 | loss: 0.057
iter:  5 | loss: 0.052
iter:  6 | loss: 0.044
iter:  7 | loss: 0.017
iter:  8 | loss: 0.030
iter:  9 | loss: 0.025
iter: 10 | loss: 0.054
iter: 11 | loss: 0.035
iter: 12 | loss: 0.034
iter: 13 | loss: 0.037
iter: 14 | loss: 0.018
iter: 15 | loss: 0.039
iter: 16 | loss: 0.047
iter: 17 | loss: 0.046
iter: 18 | loss: 0.039
iter: 19 | loss: 0.035
iter: 20 | loss: 0.035
iter: 21 | loss: 0.045
iter: 22 | loss: 0.025
iter: 23 | loss: 0.035
iter: 24 | loss: 0.060
iter: 25 | loss: 0.040
iter: 26 | loss: 0.029
iter: 27 | loss: 0.049
iter: 28 | loss: 0.032
iter: 29 | loss: 0.032
iter: 30 | loss: 0.056
iter: 31 | loss: 0.039
iter: 32 | loss: 0.071
testing r= 5
rrse(target)=132.510037945244 / 34.87594854780834 | rrse(all)=178893284050483.62 / 34622966134154.824 | report_mode=targets
[Validation] per_target_rrse_json={"us_Trade Weighted Dollar Index": 4.6201887130737305, "jp_fx": 4.6594414710998535, "kr_fx": 3.767089366912842}
[Validation] per_target_lag_mae_json={"us_Trade Weighted Dollar Index": 0.4855304956436157, "jp_fx": 0.5714832544326782, "kr_fx": 6.069691181182861}
[Validation] per_target_dir_mismatch_json={"us_Trade Weighted Dollar Index": 0.36363636363636365, "jp_fx": 0.36363636363636365, "kr_fx": 0.36363636363636365}
| end of epoch  11 | time:  1.89s | train_loss 0.0391 | valid rse 3.7995 | valid rae 4.6388 | valid corr  -0.1016 | valid smape  0.3478 | focus_rrse 4.3489 | obj 4.3489
Experiment: 1
Iter: 0
epoch: 12
hp= [1, 0.00012749999999999998, 16, 128, 256, 1024, 40, 0.02, 2, 30, 0.6, 0.1, 2, 12]
best sum= 8.539948962020901
best rrse= 3.7994676406749983
best rrae= 4.638836097549535
best corr= -0.101645224
best smape= 0.34780804282034605
best objective= 4.348906993865967
best hps= [1, 0.00012749999999999998, 16, 128, 256, 1024, 40, 0.02, 2, 30, 0.6, 0.1, 2, 1]
best test rse= 3.120031533659415
best test corr= -0.17160513
[Target-Weighted Loss] weights applied: {'us_Trade Weighted Dollar Index': 60.0, 'kr_fx': 60.0, 'jp_fx': 60.0}
[Target-Only Loss] enabled for columns: ['us_Trade Weighted Dollar Index', 'jp_fx', 'kr_fx']
[Bias Penalty] enabled lambda=0.25 scope=focus cols=['us_Trade Weighted Dollar Index', 'jp_fx', 'kr_fx']
iter:  0 | loss: 0.033
iter:  1 | loss: 0.041
iter:  2 | loss: 0.042
iter:  3 | loss: 0.034
iter:  4 | loss: 0.044
iter:  5 | loss: 0.030
iter:  6 | loss: 0.026
iter:  7 | loss: 0.043
iter:  8 | loss: 0.037
iter:  9 | loss: 0.040
iter: 10 | loss: 0.054
iter: 11 | loss: 0.035
iter: 12 | loss: 0.037
iter: 13 | loss: 0.047
iter: 14 | loss: 0.027
iter: 15 | loss: 0.058
iter: 16 | loss: 0.032
iter: 17 | loss: 0.041
iter: 18 | loss: 0.035
iter: 19 | loss: 0.038
iter: 20 | loss: 0.034
iter: 21 | loss: 0.017
iter: 22 | loss: 0.042
iter: 23 | loss: 0.047
iter: 24 | loss: 0.029
iter: 25 | loss: 0.029
iter: 26 | loss: 0.033
iter: 27 | loss: 0.066
iter: 28 | loss: 0.037
iter: 29 | loss: 0.032
iter: 30 | loss: 0.030
iter: 31 | loss: 0.057
iter: 32 | loss: 0.037
testing r= 5
rrse(target)=132.510037945244 / 34.87594854780834 | rrse(all)=178893284050483.62 / 34622966134154.824 | report_mode=targets
[Validation] per_target_rrse_json={"us_Trade Weighted Dollar Index": 4.6201887130737305, "jp_fx": 4.6594414710998535, "kr_fx": 3.767089366912842}
[Validation] per_target_lag_mae_json={"us_Trade Weighted Dollar Index": 0.4855304956436157, "jp_fx": 0.5714832544326782, "kr_fx": 6.069691181182861}
[Validation] per_target_dir_mismatch_json={"us_Trade Weighted Dollar Index": 0.36363636363636365, "jp_fx": 0.36363636363636365, "kr_fx": 0.36363636363636365}
| end of epoch  12 | time:  2.00s | train_loss 0.0384 | valid rse 3.7995 | valid rae 4.6388 | valid corr  -0.1016 | valid smape  0.3478 | focus_rrse 4.3489 | obj 4.3489
Experiment: 1
Iter: 0
epoch: 13
hp= [1, 0.00012749999999999998, 16, 128, 256, 1024, 40, 0.02, 2, 30, 0.6, 0.1, 2, 13]
best sum= 8.539948962020901
best rrse= 3.7994676406749983
best rrae= 4.638836097549535
best corr= -0.101645224
best smape= 0.34780804282034605
best objective= 4.348906993865967
best hps= [1, 0.00012749999999999998, 16, 128, 256, 1024, 40, 0.02, 2, 30, 0.6, 0.1, 2, 1]
best test rse= 3.120031533659415
best test corr= -0.17160513
[Target-Weighted Loss] weights applied: {'us_Trade Weighted Dollar Index': 60.0, 'kr_fx': 60.0, 'jp_fx': 60.0}
[Target-Only Loss] enabled for columns: ['us_Trade Weighted Dollar Index', 'jp_fx', 'kr_fx']
[Bias Penalty] enabled lambda=0.25 scope=focus cols=['us_Trade Weighted Dollar Index', 'jp_fx', 'kr_fx']
iter:  0 | loss: 0.030
iter:  1 | loss: 0.047
iter:  2 | loss: 0.031
iter:  3 | loss: 0.033
iter:  4 | loss: 0.033
iter:  5 | loss: 0.051
iter:  6 | loss: 0.044
iter:  7 | loss: 0.027
iter:  8 | loss: 0.052
iter:  9 | loss: 0.035
iter: 10 | loss: 0.039
iter: 11 | loss: 0.053
iter: 12 | loss: 0.039
iter: 13 | loss: 0.037
iter: 14 | loss: 0.029
iter: 15 | loss: 0.046
iter: 16 | loss: 0.027
iter: 17 | loss: 0.046
iter: 18 | loss: 0.052
iter: 19 | loss: 0.043
iter: 20 | loss: 0.036
iter: 21 | loss: 0.055
iter: 22 | loss: 0.036
iter: 23 | loss: 0.046
iter: 24 | loss: 0.033
iter: 25 | loss: 0.022
iter: 26 | loss: 0.034
iter: 27 | loss: 0.024
iter: 28 | loss: 0.038
iter: 29 | loss: 0.039
iter: 30 | loss: 0.034
iter: 31 | loss: 0.039
iter: 32 | loss: 0.045
testing r= 5
rrse(target)=132.510037945244 / 34.87594854780834 | rrse(all)=178893284050483.62 / 34622966134154.824 | report_mode=targets
[Validation] per_target_rrse_json={"us_Trade Weighted Dollar Index": 4.6201887130737305, "jp_fx": 4.6594414710998535, "kr_fx": 3.767089366912842}
[Validation] per_target_lag_mae_json={"us_Trade Weighted Dollar Index": 0.4855304956436157, "jp_fx": 0.5714832544326782, "kr_fx": 6.069691181182861}
[Validation] per_target_dir_mismatch_json={"us_Trade Weighted Dollar Index": 0.36363636363636365, "jp_fx": 0.36363636363636365, "kr_fx": 0.36363636363636365}
| end of epoch  13 | time:  2.05s | train_loss 0.0386 | valid rse 3.7995 | valid rae 4.6388 | valid corr  -0.1016 | valid smape  0.3478 | focus_rrse 4.3489 | obj 4.3489
Experiment: 1
Iter: 0
epoch: 14
hp= [1, 0.00012749999999999998, 16, 128, 256, 1024, 40, 0.02, 2, 30, 0.6, 0.1, 2, 14]
best sum= 8.539948962020901
best rrse= 3.7994676406749983
best rrae= 4.638836097549535
best corr= -0.101645224
best smape= 0.34780804282034605
best objective= 4.348906993865967
best hps= [1, 0.00012749999999999998, 16, 128, 256, 1024, 40, 0.02, 2, 30, 0.6, 0.1, 2, 1]
best test rse= 3.120031533659415
best test corr= -0.17160513
[Target-Weighted Loss] weights applied: {'us_Trade Weighted Dollar Index': 60.0, 'kr_fx': 60.0, 'jp_fx': 60.0}
[Target-Only Loss] enabled for columns: ['us_Trade Weighted Dollar Index', 'jp_fx', 'kr_fx']
[Bias Penalty] enabled lambda=0.25 scope=focus cols=['us_Trade Weighted Dollar Index', 'jp_fx', 'kr_fx']
iter:  0 | loss: 0.026
iter:  1 | loss: 0.039
iter:  2 | loss: 0.037
iter:  3 | loss: 0.056
iter:  4 | loss: 0.024
iter:  5 | loss: 0.029
iter:  6 | loss: 0.031
iter:  7 | loss: 0.044
iter:  8 | loss: 0.028
iter:  9 | loss: 0.024
iter: 10 | loss: 0.037
iter: 11 | loss: 0.036
iter: 12 | loss: 0.055
iter: 13 | loss: 0.017
iter: 14 | loss: 0.041
iter: 15 | loss: 0.043
iter: 16 | loss: 0.030
iter: 17 | loss: 0.063
iter: 18 | loss: 0.040
iter: 19 | loss: 0.019
iter: 20 | loss: 0.029
iter: 21 | loss: 0.034
iter: 22 | loss: 0.035
iter: 23 | loss: 0.055
iter: 24 | loss: 0.035
iter: 25 | loss: 0.061
iter: 26 | loss: 0.033
iter: 27 | loss: 0.037
iter: 28 | loss: 0.029
iter: 29 | loss: 0.054
iter: 30 | loss: 0.044
iter: 31 | loss: 0.051
iter: 32 | loss: 0.062
testing r= 5
rrse(target)=132.510037945244 / 34.87594854780834 | rrse(all)=178893284050483.62 / 34622966134154.824 | report_mode=targets
[Validation] per_target_rrse_json={"us_Trade Weighted Dollar Index": 4.6201887130737305, "jp_fx": 4.6594414710998535, "kr_fx": 3.767089366912842}
[Validation] per_target_lag_mae_json={"us_Trade Weighted Dollar Index": 0.4855304956436157, "jp_fx": 0.5714832544326782, "kr_fx": 6.069691181182861}
[Validation] per_target_dir_mismatch_json={"us_Trade Weighted Dollar Index": 0.36363636363636365, "jp_fx": 0.36363636363636365, "kr_fx": 0.36363636363636365}
| end of epoch  14 | time:  1.89s | train_loss 0.0386 | valid rse 3.7995 | valid rae 4.6388 | valid corr  -0.1016 | valid smape  0.3478 | focus_rrse 4.3489 | obj 4.3489
Experiment: 1
Iter: 0
epoch: 15
hp= [1, 0.00012749999999999998, 16, 128, 256, 1024, 40, 0.02, 2, 30, 0.6, 0.1, 2, 15]
best sum= 8.539948962020901
best rrse= 3.7994676406749983
best rrae= 4.638836097549535
best corr= -0.101645224
best smape= 0.34780804282034605
best objective= 4.348906993865967
best hps= [1, 0.00012749999999999998, 16, 128, 256, 1024, 40, 0.02, 2, 30, 0.6, 0.1, 2, 1]
best test rse= 3.120031533659415
best test corr= -0.17160513
[Target-Weighted Loss] weights applied: {'us_Trade Weighted Dollar Index': 60.0, 'kr_fx': 60.0, 'jp_fx': 60.0}
[Target-Only Loss] enabled for columns: ['us_Trade Weighted Dollar Index', 'jp_fx', 'kr_fx']
[Bias Penalty] enabled lambda=0.25 scope=focus cols=['us_Trade Weighted Dollar Index', 'jp_fx', 'kr_fx']
iter:  0 | loss: 0.033
iter:  1 | loss: 0.077
iter:  2 | loss: 0.031
iter:  3 | loss: 0.023
iter:  4 | loss: 0.053
iter:  5 | loss: 0.027
iter:  6 | loss: 0.028
iter:  7 | loss: 0.043
iter:  8 | loss: 0.023
iter:  9 | loss: 0.027
iter: 10 | loss: 0.031
iter: 11 | loss: 0.044
iter: 12 | loss: 0.039
iter: 13 | loss: 0.069
iter: 14 | loss: 0.044
iter: 15 | loss: 0.033
iter: 16 | loss: 0.042
iter: 17 | loss: 0.027
iter: 18 | loss: 0.048
iter: 19 | loss: 0.024
iter: 20 | loss: 0.029
iter: 21 | loss: 0.044
iter: 22 | loss: 0.049
iter: 23 | loss: 0.040
iter: 24 | loss: 0.052
iter: 25 | loss: 0.032
iter: 26 | loss: 0.034
iter: 27 | loss: 0.038
iter: 28 | loss: 0.046
iter: 29 | loss: 0.028
iter: 30 | loss: 0.049
iter: 31 | loss: 0.025
iter: 32 | loss: 0.043
testing r= 5
rrse(target)=132.510037945244 / 34.87594854780834 | rrse(all)=178893284050483.62 / 34622966134154.824 | report_mode=targets
[Validation] per_target_rrse_json={"us_Trade Weighted Dollar Index": 4.6201887130737305, "jp_fx": 4.6594414710998535, "kr_fx": 3.767089366912842}
[Validation] per_target_lag_mae_json={"us_Trade Weighted Dollar Index": 0.4855304956436157, "jp_fx": 0.5714832544326782, "kr_fx": 6.069691181182861}
[Validation] per_target_dir_mismatch_json={"us_Trade Weighted Dollar Index": 0.36363636363636365, "jp_fx": 0.36363636363636365, "kr_fx": 0.36363636363636365}
| end of epoch  15 | time:  1.92s | train_loss 0.0385 | valid rse 3.7995 | valid rae 4.6388 | valid corr  -0.1016 | valid smape  0.3478 | focus_rrse 4.3489 | obj 4.3489
Experiment: 1
Iter: 0
epoch: 16
hp= [1, 0.00012749999999999998, 16, 128, 256, 1024, 40, 0.02, 2, 30, 0.6, 0.1, 2, 16]
best sum= 8.539948962020901
best rrse= 3.7994676406749983
best rrae= 4.638836097549535
best corr= -0.101645224
best smape= 0.34780804282034605
best objective= 4.348906993865967
best hps= [1, 0.00012749999999999998, 16, 128, 256, 1024, 40, 0.02, 2, 30, 0.6, 0.1, 2, 1]
best test rse= 3.120031533659415
best test corr= -0.17160513
[Target-Weighted Loss] weights applied: {'us_Trade Weighted Dollar Index': 60.0, 'kr_fx': 60.0, 'jp_fx': 60.0}
[Target-Only Loss] enabled for columns: ['us_Trade Weighted Dollar Index', 'jp_fx', 'kr_fx']
[Bias Penalty] enabled lambda=0.25 scope=focus cols=['us_Trade Weighted Dollar Index', 'jp_fx', 'kr_fx']
iter:  0 | loss: 0.043
iter:  1 | loss: 0.040
iter:  2 | loss: 0.023
iter:  3 | loss: 0.055
iter:  4 | loss: 0.062
iter:  5 | loss: 0.048
iter:  6 | loss: 0.042
iter:  7 | loss: 0.033
iter:  8 | loss: 0.039
iter:  9 | loss: 0.034
iter: 10 | loss: 0.022
iter: 11 | loss: 0.030
iter: 12 | loss: 0.028
iter: 13 | loss: 0.034
iter: 14 | loss: 0.052
iter: 15 | loss: 0.036
iter: 16 | loss: 0.026
iter: 17 | loss: 0.032
iter: 18 | loss: 0.033
iter: 19 | loss: 0.042
iter: 20 | loss: 0.061
iter: 21 | loss: 0.034
iter: 22 | loss: 0.038
iter: 23 | loss: 0.046
iter: 24 | loss: 0.024
iter: 25 | loss: 0.034
iter: 26 | loss: 0.033
iter: 27 | loss: 0.043
iter: 28 | loss: 0.043
iter: 29 | loss: 0.031
iter: 30 | loss: 0.033
iter: 31 | loss: 0.029
iter: 32 | loss: 0.092
testing r= 5
rrse(target)=132.510037945244 / 34.87594854780834 | rrse(all)=178893284050483.62 / 34622966134154.824 | report_mode=targets
[Validation] per_target_rrse_json={"us_Trade Weighted Dollar Index": 4.6201887130737305, "jp_fx": 4.6594414710998535, "kr_fx": 3.767089366912842}
[Validation] per_target_lag_mae_json={"us_Trade Weighted Dollar Index": 0.4855304956436157, "jp_fx": 0.5714832544326782, "kr_fx": 6.069691181182861}
[Validation] per_target_dir_mismatch_json={"us_Trade Weighted Dollar Index": 0.36363636363636365, "jp_fx": 0.36363636363636365, "kr_fx": 0.36363636363636365}
| end of epoch  16 | time:  2.06s | train_loss 0.0388 | valid rse 3.7995 | valid rae 4.6388 | valid corr  -0.1016 | valid smape  0.3478 | focus_rrse 4.3489 | obj 4.3489
Experiment: 1
Iter: 0
epoch: 17
hp= [1, 0.00012749999999999998, 16, 128, 256, 1024, 40, 0.02, 2, 30, 0.6, 0.1, 2, 17]
best sum= 8.539948962020901
best rrse= 3.7994676406749983
best rrae= 4.638836097549535
best corr= -0.101645224
best smape= 0.34780804282034605
best objective= 4.348906993865967
best hps= [1, 0.00012749999999999998, 16, 128, 256, 1024, 40, 0.02, 2, 30, 0.6, 0.1, 2, 1]
best test rse= 3.120031533659415
best test corr= -0.17160513
[Target-Weighted Loss] weights applied: {'us_Trade Weighted Dollar Index': 60.0, 'kr_fx': 60.0, 'jp_fx': 60.0}
[Target-Only Loss] enabled for columns: ['us_Trade Weighted Dollar Index', 'jp_fx', 'kr_fx']
[Bias Penalty] enabled lambda=0.25 scope=focus cols=['us_Trade Weighted Dollar Index', 'jp_fx', 'kr_fx']
iter:  0 | loss: 0.029
iter:  1 | loss: 0.053
iter:  2 | loss: 0.033
iter:  3 | loss: 0.020
iter:  4 | loss: 0.025
iter:  5 | loss: 0.034
iter:  6 | loss: 0.032
iter:  7 | loss: 0.056
iter:  8 | loss: 0.016
iter:  9 | loss: 0.029
iter: 10 | loss: 0.035
iter: 11 | loss: 0.041
iter: 12 | loss: 0.039
iter: 13 | loss: 0.050
iter: 14 | loss: 0.045
iter: 15 | loss: 0.046
iter: 16 | loss: 0.025
iter: 17 | loss: 0.024
iter: 18 | loss: 0.050
iter: 19 | loss: 0.053
iter: 20 | loss: 0.043
iter: 21 | loss: 0.033
iter: 22 | loss: 0.035
iter: 23 | loss: 0.044
iter: 24 | loss: 0.039
iter: 25 | loss: 0.042
iter: 26 | loss: 0.034
iter: 27 | loss: 0.023
iter: 28 | loss: 0.042
iter: 29 | loss: 0.035
iter: 30 | loss: 0.057
iter: 31 | loss: 0.038
iter: 32 | loss: 0.074
testing r= 5
rrse(target)=132.510037945244 / 34.87594854780834 | rrse(all)=178893284050483.62 / 34622966134154.824 | report_mode=targets
[Validation] per_target_rrse_json={"us_Trade Weighted Dollar Index": 4.6201887130737305, "jp_fx": 4.6594414710998535, "kr_fx": 3.767089366912842}
[Validation] per_target_lag_mae_json={"us_Trade Weighted Dollar Index": 0.4855304956436157, "jp_fx": 0.5714832544326782, "kr_fx": 6.069691181182861}
[Validation] per_target_dir_mismatch_json={"us_Trade Weighted Dollar Index": 0.36363636363636365, "jp_fx": 0.36363636363636365, "kr_fx": 0.36363636363636365}
| end of epoch  17 | time:  2.04s | train_loss 0.0384 | valid rse 3.7995 | valid rae 4.6388 | valid corr  -0.1016 | valid smape  0.3478 | focus_rrse 4.3489 | obj 4.3489
Experiment: 1
Iter: 0
epoch: 18
hp= [1, 0.00012749999999999998, 16, 128, 256, 1024, 40, 0.02, 2, 30, 0.6, 0.1, 2, 18]
best sum= 8.539948962020901
best rrse= 3.7994676406749983
best rrae= 4.638836097549535
best corr= -0.101645224
best smape= 0.34780804282034605
best objective= 4.348906993865967
best hps= [1, 0.00012749999999999998, 16, 128, 256, 1024, 40, 0.02, 2, 30, 0.6, 0.1, 2, 1]
best test rse= 3.120031533659415
best test corr= -0.17160513
[Target-Weighted Loss] weights applied: {'us_Trade Weighted Dollar Index': 60.0, 'kr_fx': 60.0, 'jp_fx': 60.0}
[Target-Only Loss] enabled for columns: ['us_Trade Weighted Dollar Index', 'jp_fx', 'kr_fx']
[Bias Penalty] enabled lambda=0.25 scope=focus cols=['us_Trade Weighted Dollar Index', 'jp_fx', 'kr_fx']
iter:  0 | loss: 0.038
iter:  1 | loss: 0.056
iter:  2 | loss: 0.039
iter:  3 | loss: 0.032
iter:  4 | loss: 0.019
iter:  5 | loss: 0.027
iter:  6 | loss: 0.034
iter:  7 | loss: 0.035
iter:  8 | loss: 0.035
iter:  9 | loss: 0.033
iter: 10 | loss: 0.027
iter: 11 | loss: 0.034
iter: 12 | loss: 0.036
iter: 13 | loss: 0.066
iter: 14 | loss: 0.037
iter: 15 | loss: 0.054
iter: 16 | loss: 0.040
iter: 17 | loss: 0.018
iter: 18 | loss: 0.048
iter: 19 | loss: 0.040
iter: 20 | loss: 0.044
iter: 21 | loss: 0.025
iter: 22 | loss: 0.040
iter: 23 | loss: 0.041
iter: 24 | loss: 0.033
iter: 25 | loss: 0.064
iter: 26 | loss: 0.045
iter: 27 | loss: 0.048
iter: 28 | loss: 0.037
iter: 29 | loss: 0.040
iter: 30 | loss: 0.042
iter: 31 | loss: 0.027
iter: 32 | loss: 0.044
testing r= 5
rrse(target)=132.510037945244 / 34.87594854780834 | rrse(all)=178893284050483.62 / 34622966134154.824 | report_mode=targets
[Validation] per_target_rrse_json={"us_Trade Weighted Dollar Index": 4.6201887130737305, "jp_fx": 4.6594414710998535, "kr_fx": 3.767089366912842}
[Validation] per_target_lag_mae_json={"us_Trade Weighted Dollar Index": 0.4855304956436157, "jp_fx": 0.5714832544326782, "kr_fx": 6.069691181182861}
[Validation] per_target_dir_mismatch_json={"us_Trade Weighted Dollar Index": 0.36363636363636365, "jp_fx": 0.36363636363636365, "kr_fx": 0.36363636363636365}
| end of epoch  18 | time:  2.03s | train_loss 0.0387 | valid rse 3.7995 | valid rae 4.6388 | valid corr  -0.1016 | valid smape  0.3478 | focus_rrse 4.3489 | obj 4.3489
Experiment: 1
Iter: 0
epoch: 19
hp= [1, 0.00012749999999999998, 16, 128, 256, 1024, 40, 0.02, 2, 30, 0.6, 0.1, 2, 19]
best sum= 8.539948962020901
best rrse= 3.7994676406749983
best rrae= 4.638836097549535
best corr= -0.101645224
best smape= 0.34780804282034605
best objective= 4.348906993865967
best hps= [1, 0.00012749999999999998, 16, 128, 256, 1024, 40, 0.02, 2, 30, 0.6, 0.1, 2, 1]
best test rse= 3.120031533659415
best test corr= -0.17160513
[Target-Weighted Loss] weights applied: {'us_Trade Weighted Dollar Index': 60.0, 'kr_fx': 60.0, 'jp_fx': 60.0}
[Target-Only Loss] enabled for columns: ['us_Trade Weighted Dollar Index', 'jp_fx', 'kr_fx']
[Bias Penalty] enabled lambda=0.25 scope=focus cols=['us_Trade Weighted Dollar Index', 'jp_fx', 'kr_fx']
iter:  0 | loss: 0.044
iter:  1 | loss: 0.032
iter:  2 | loss: 0.025
iter:  3 | loss: 0.030
iter:  4 | loss: 0.057
iter:  5 | loss: 0.035
iter:  6 | loss: 0.027
iter:  7 | loss: 0.032
iter:  8 | loss: 0.022
iter:  9 | loss: 0.044
iter: 10 | loss: 0.066
iter: 11 | loss: 0.026
iter: 12 | loss: 0.048
iter: 13 | loss: 0.042
iter: 14 | loss: 0.043
iter: 15 | loss: 0.042
iter: 16 | loss: 0.036
iter: 17 | loss: 0.044
iter: 18 | loss: 0.050
iter: 19 | loss: 0.024
iter: 20 | loss: 0.054
iter: 21 | loss: 0.031
iter: 22 | loss: 0.042
iter: 23 | loss: 0.043
iter: 24 | loss: 0.034
iter: 25 | loss: 0.036
iter: 26 | loss: 0.040
iter: 27 | loss: 0.032
iter: 28 | loss: 0.043
iter: 29 | loss: 0.051
iter: 30 | loss: 0.024
iter: 31 | loss: 0.026
iter: 32 | loss: 0.044
testing r= 5
rrse(target)=132.510037945244 / 34.87594854780834 | rrse(all)=178893284050483.62 / 34622966134154.824 | report_mode=targets
[Validation] per_target_rrse_json={"us_Trade Weighted Dollar Index": 4.6201887130737305, "jp_fx": 4.6594414710998535, "kr_fx": 3.767089366912842}
[Validation] per_target_lag_mae_json={"us_Trade Weighted Dollar Index": 0.4855304956436157, "jp_fx": 0.5714832544326782, "kr_fx": 6.069691181182861}
[Validation] per_target_dir_mismatch_json={"us_Trade Weighted Dollar Index": 0.36363636363636365, "jp_fx": 0.36363636363636365, "kr_fx": 0.36363636363636365}
| end of epoch  19 | time:  2.05s | train_loss 0.0385 | valid rse 3.7995 | valid rae 4.6388 | valid corr  -0.1016 | valid smape  0.3478 | focus_rrse 4.3489 | obj 4.3489
Experiment: 1
Iter: 0
epoch: 20
hp= [1, 0.00012749999999999998, 16, 128, 256, 1024, 40, 0.02, 2, 30, 0.6, 0.1, 2, 20]
best sum= 8.539948962020901
best rrse= 3.7994676406749983
best rrae= 4.638836097549535
best corr= -0.101645224
best smape= 0.34780804282034605
best objective= 4.348906993865967
best hps= [1, 0.00012749999999999998, 16, 128, 256, 1024, 40, 0.02, 2, 30, 0.6, 0.1, 2, 1]
best test rse= 3.120031533659415
best test corr= -0.17160513
[Target-Weighted Loss] weights applied: {'us_Trade Weighted Dollar Index': 60.0, 'kr_fx': 60.0, 'jp_fx': 60.0}
[Target-Only Loss] enabled for columns: ['us_Trade Weighted Dollar Index', 'jp_fx', 'kr_fx']
[Bias Penalty] enabled lambda=0.25 scope=focus cols=['us_Trade Weighted Dollar Index', 'jp_fx', 'kr_fx']
iter:  0 | loss: 0.048
iter:  1 | loss: 0.032
iter:  2 | loss: 0.083
iter:  3 | loss: 0.051
iter:  4 | loss: 0.033
iter:  5 | loss: 0.030
iter:  6 | loss: 0.028
iter:  7 | loss: 0.051
iter:  8 | loss: 0.022
iter:  9 | loss: 0.021
iter: 10 | loss: 0.029
iter: 11 | loss: 0.039
iter: 12 | loss: 0.038
iter: 13 | loss: 0.028
iter: 14 | loss: 0.041
iter: 15 | loss: 0.046
iter: 16 | loss: 0.041
iter: 17 | loss: 0.050
iter: 18 | loss: 0.016
iter: 19 | loss: 0.030
iter: 20 | loss: 0.044
iter: 21 | loss: 0.042
iter: 22 | loss: 0.032
iter: 23 | loss: 0.064
iter: 24 | loss: 0.042
iter: 25 | loss: 0.042
iter: 26 | loss: 0.037
iter: 27 | loss: 0.043
iter: 28 | loss: 0.050
iter: 29 | loss: 0.045
iter: 30 | loss: 0.029
iter: 31 | loss: 0.027
iter: 32 | loss: 0.031
testing r= 5
rrse(target)=132.510037945244 / 34.87594854780834 | rrse(all)=178893284050483.62 / 34622966134154.824 | report_mode=targets
[Validation] per_target_rrse_json={"us_Trade Weighted Dollar Index": 4.6201887130737305, "jp_fx": 4.6594414710998535, "kr_fx": 3.767089366912842}
[Validation] per_target_lag_mae_json={"us_Trade Weighted Dollar Index": 0.4855304956436157, "jp_fx": 0.5714832544326782, "kr_fx": 6.069691181182861}
[Validation] per_target_dir_mismatch_json={"us_Trade Weighted Dollar Index": 0.36363636363636365, "jp_fx": 0.36363636363636365, "kr_fx": 0.36363636363636365}
| end of epoch  20 | time:  2.04s | train_loss 0.0391 | valid rse 3.7995 | valid rae 4.6388 | valid corr  -0.1016 | valid smape  0.3478 | focus_rrse 4.3489 | obj 4.3489
Experiment: 1
Iter: 0
epoch: 21
hp= [1, 0.00012749999999999998, 16, 128, 256, 1024, 40, 0.02, 2, 30, 0.6, 0.1, 2, 21]
best sum= 8.539948962020901
best rrse= 3.7994676406749983
best rrae= 4.638836097549535
best corr= -0.101645224
best smape= 0.34780804282034605
best objective= 4.348906993865967
best hps= [1, 0.00012749999999999998, 16, 128, 256, 1024, 40, 0.02, 2, 30, 0.6, 0.1, 2, 1]
best test rse= 3.120031533659415
best test corr= -0.17160513
[Target-Weighted Loss] weights applied: {'us_Trade Weighted Dollar Index': 60.0, 'kr_fx': 60.0, 'jp_fx': 60.0}
[Target-Only Loss] enabled for columns: ['us_Trade Weighted Dollar Index', 'jp_fx', 'kr_fx']
[Bias Penalty] enabled lambda=0.25 scope=focus cols=['us_Trade Weighted Dollar Index', 'jp_fx', 'kr_fx']
iter:  0 | loss: 0.036
iter:  1 | loss: 0.029
iter:  2 | loss: 0.050
iter:  3 | loss: 0.033
iter:  4 | loss: 0.046
iter:  5 | loss: 0.060
iter:  6 | loss: 0.042
iter:  7 | loss: 0.044
iter:  8 | loss: 0.030
iter:  9 | loss: 0.028
iter: 10 | loss: 0.021
iter: 11 | loss: 0.032
iter: 12 | loss: 0.043
iter: 13 | loss: 0.036
iter: 14 | loss: 0.028
iter: 15 | loss: 0.045
iter: 16 | loss: 0.037
iter: 17 | loss: 0.032
iter: 18 | loss: 0.038
iter: 19 | loss: 0.035
iter: 20 | loss: 0.033
iter: 21 | loss: 0.038
iter: 22 | loss: 0.046
iter: 23 | loss: 0.051
iter: 24 | loss: 0.055
iter: 25 | loss: 0.029
iter: 26 | loss: 0.036
iter: 27 | loss: 0.040
iter: 28 | loss: 0.067
iter: 29 | loss: 0.029
iter: 30 | loss: 0.026
iter: 31 | loss: 0.045
iter: 32 | loss: 0.037
testing r= 5
rrse(target)=132.510037945244 / 34.87594854780834 | rrse(all)=178893284050483.62 / 34622966134154.824 | report_mode=targets
[Validation] per_target_rrse_json={"us_Trade Weighted Dollar Index": 4.6201887130737305, "jp_fx": 4.6594414710998535, "kr_fx": 3.767089366912842}
[Validation] per_target_lag_mae_json={"us_Trade Weighted Dollar Index": 0.4855304956436157, "jp_fx": 0.5714832544326782, "kr_fx": 6.069691181182861}
[Validation] per_target_dir_mismatch_json={"us_Trade Weighted Dollar Index": 0.36363636363636365, "jp_fx": 0.36363636363636365, "kr_fx": 0.36363636363636365}
| end of epoch  21 | time:  2.04s | train_loss 0.0387 | valid rse 3.7995 | valid rae 4.6388 | valid corr  -0.1016 | valid smape  0.3478 | focus_rrse 4.3489 | obj 4.3489
Experiment: 1
Iter: 0
epoch: 22
hp= [1, 0.00012749999999999998, 16, 128, 256, 1024, 40, 0.02, 2, 30, 0.6, 0.1, 2, 22]
best sum= 8.539948962020901
best rrse= 3.7994676406749983
best rrae= 4.638836097549535
best corr= -0.101645224
best smape= 0.34780804282034605
best objective= 4.348906993865967
best hps= [1, 0.00012749999999999998, 16, 128, 256, 1024, 40, 0.02, 2, 30, 0.6, 0.1, 2, 1]
best test rse= 3.120031533659415
best test corr= -0.17160513
[Target-Weighted Loss] weights applied: {'us_Trade Weighted Dollar Index': 60.0, 'kr_fx': 60.0, 'jp_fx': 60.0}
[Target-Only Loss] enabled for columns: ['us_Trade Weighted Dollar Index', 'jp_fx', 'kr_fx']
[Bias Penalty] enabled lambda=0.25 scope=focus cols=['us_Trade Weighted Dollar Index', 'jp_fx', 'kr_fx']
iter:  0 | loss: 0.053
iter:  1 | loss: 0.046
iter:  2 | loss: 0.026
iter:  3 | loss: 0.039
iter:  4 | loss: 0.043
iter:  5 | loss: 0.032
iter:  6 | loss: 0.042
iter:  7 | loss: 0.033
iter:  8 | loss: 0.046
iter:  9 | loss: 0.023
iter: 10 | loss: 0.057
iter: 11 | loss: 0.035
iter: 12 | loss: 0.030
iter: 13 | loss: 0.040
iter: 14 | loss: 0.057
iter: 15 | loss: 0.046
iter: 16 | loss: 0.051
iter: 17 | loss: 0.015
iter: 18 | loss: 0.030
iter: 19 | loss: 0.026
iter: 20 | loss: 0.068
iter: 21 | loss: 0.040
iter: 22 | loss: 0.026
iter: 23 | loss: 0.043
iter: 24 | loss: 0.026
iter: 25 | loss: 0.047
iter: 26 | loss: 0.038
iter: 27 | loss: 0.023
iter: 28 | loss: 0.034
iter: 29 | loss: 0.046
iter: 30 | loss: 0.031
iter: 31 | loss: 0.040
iter: 32 | loss: 0.040
testing r= 5
rrse(target)=132.510037945244 / 34.87594854780834 | rrse(all)=178893284050483.62 / 34622966134154.824 | report_mode=targets
[Validation] per_target_rrse_json={"us_Trade Weighted Dollar Index": 4.6201887130737305, "jp_fx": 4.6594414710998535, "kr_fx": 3.767089366912842}
[Validation] per_target_lag_mae_json={"us_Trade Weighted Dollar Index": 0.4855304956436157, "jp_fx": 0.5714832544326782, "kr_fx": 6.069691181182861}
[Validation] per_target_dir_mismatch_json={"us_Trade Weighted Dollar Index": 0.36363636363636365, "jp_fx": 0.36363636363636365, "kr_fx": 0.36363636363636365}
| end of epoch  22 | time:  1.98s | train_loss 0.0385 | valid rse 3.7995 | valid rae 4.6388 | valid corr  -0.1016 | valid smape  0.3478 | focus_rrse 4.3489 | obj 4.3489
Experiment: 1
Iter: 0
epoch: 23
hp= [1, 0.00012749999999999998, 16, 128, 256, 1024, 40, 0.02, 2, 30, 0.6, 0.1, 2, 23]
best sum= 8.539948962020901
best rrse= 3.7994676406749983
best rrae= 4.638836097549535
best corr= -0.101645224
best smape= 0.34780804282034605
best objective= 4.348906993865967
best hps= [1, 0.00012749999999999998, 16, 128, 256, 1024, 40, 0.02, 2, 30, 0.6, 0.1, 2, 1]
best test rse= 3.120031533659415
best test corr= -0.17160513
[Target-Weighted Loss] weights applied: {'us_Trade Weighted Dollar Index': 60.0, 'kr_fx': 60.0, 'jp_fx': 60.0}
[Target-Only Loss] enabled for columns: ['us_Trade Weighted Dollar Index', 'jp_fx', 'kr_fx']
[Bias Penalty] enabled lambda=0.25 scope=focus cols=['us_Trade Weighted Dollar Index', 'jp_fx', 'kr_fx']
iter:  0 | loss: 0.052
iter:  1 | loss: 0.031
iter:  2 | loss: 0.038
iter:  3 | loss: 0.038
iter:  4 | loss: 0.043
iter:  5 | loss: 0.055
iter:  6 | loss: 0.044
iter:  7 | loss: 0.026
iter:  8 | loss: 0.030
iter:  9 | loss: 0.044
iter: 10 | loss: 0.074
iter: 11 | loss: 0.042
iter: 12 | loss: 0.014
iter: 13 | loss: 0.024
iter: 14 | loss: 0.059
iter: 15 | loss: 0.052
iter: 16 | loss: 0.035
iter: 17 | loss: 0.022
iter: 18 | loss: 0.033
iter: 19 | loss: 0.040
iter: 20 | loss: 0.038
iter: 21 | loss: 0.027
iter: 22 | loss: 0.029
iter: 23 | loss: 0.040
iter: 24 | loss: 0.022
iter: 25 | loss: 0.027
iter: 26 | loss: 0.037
iter: 27 | loss: 0.023
iter: 28 | loss: 0.045
iter: 29 | loss: 0.057
iter: 30 | loss: 0.040
iter: 31 | loss: 0.040
iter: 32 | loss: 0.043
testing r= 5
rrse(target)=132.510037945244 / 34.87594854780834 | rrse(all)=178893284050483.62 / 34622966134154.824 | report_mode=targets
[Validation] per_target_rrse_json={"us_Trade Weighted Dollar Index": 4.6201887130737305, "jp_fx": 4.6594414710998535, "kr_fx": 3.767089366912842}
[Validation] per_target_lag_mae_json={"us_Trade Weighted Dollar Index": 0.4855304956436157, "jp_fx": 0.5714832544326782, "kr_fx": 6.069691181182861}
[Validation] per_target_dir_mismatch_json={"us_Trade Weighted Dollar Index": 0.36363636363636365, "jp_fx": 0.36363636363636365, "kr_fx": 0.36363636363636365}
| end of epoch  23 | time:  2.06s | train_loss 0.0383 | valid rse 3.7995 | valid rae 4.6388 | valid corr  -0.1016 | valid smape  0.3478 | focus_rrse 4.3489 | obj 4.3489
Experiment: 1
Iter: 0
epoch: 24
hp= [1, 0.00012749999999999998, 16, 128, 256, 1024, 40, 0.02, 2, 30, 0.6, 0.1, 2, 24]
best sum= 8.539948962020901
best rrse= 3.7994676406749983
best rrae= 4.638836097549535
best corr= -0.101645224
best smape= 0.34780804282034605
best objective= 4.348906993865967
best hps= [1, 0.00012749999999999998, 16, 128, 256, 1024, 40, 0.02, 2, 30, 0.6, 0.1, 2, 1]
best test rse= 3.120031533659415
best test corr= -0.17160513
[Target-Weighted Loss] weights applied: {'us_Trade Weighted Dollar Index': 60.0, 'kr_fx': 60.0, 'jp_fx': 60.0}
[Target-Only Loss] enabled for columns: ['us_Trade Weighted Dollar Index', 'jp_fx', 'kr_fx']
[Bias Penalty] enabled lambda=0.25 scope=focus cols=['us_Trade Weighted Dollar Index', 'jp_fx', 'kr_fx']
iter:  0 | loss: 0.035
iter:  1 | loss: 0.026
iter:  2 | loss: 0.052
iter:  3 | loss: 0.033
iter:  4 | loss: 0.032
iter:  5 | loss: 0.024
iter:  6 | loss: 0.060
iter:  7 | loss: 0.095
iter:  8 | loss: 0.038
iter:  9 | loss: 0.035
iter: 10 | loss: 0.028
iter: 11 | loss: 0.034
iter: 12 | loss: 0.027
iter: 13 | loss: 0.036
iter: 14 | loss: 0.027
iter: 15 | loss: 0.042
iter: 16 | loss: 0.041
iter: 17 | loss: 0.029
iter: 18 | loss: 0.030
iter: 19 | loss: 0.047
iter: 20 | loss: 0.035
iter: 21 | loss: 0.045
iter: 22 | loss: 0.045
iter: 23 | loss: 0.057
iter: 24 | loss: 0.063
iter: 25 | loss: 0.044
iter: 26 | loss: 0.045
iter: 27 | loss: 0.021
iter: 28 | loss: 0.039
iter: 29 | loss: 0.045
iter: 30 | loss: 0.019
iter: 31 | loss: 0.018
iter: 32 | loss: 0.038
testing r= 5
rrse(target)=132.510037945244 / 34.87594854780834 | rrse(all)=178893284050483.62 / 34622966134154.824 | report_mode=targets
[Validation] per_target_rrse_json={"us_Trade Weighted Dollar Index": 4.6201887130737305, "jp_fx": 4.6594414710998535, "kr_fx": 3.767089366912842}
[Validation] per_target_lag_mae_json={"us_Trade Weighted Dollar Index": 0.4855304956436157, "jp_fx": 0.5714832544326782, "kr_fx": 6.069691181182861}
[Validation] per_target_dir_mismatch_json={"us_Trade Weighted Dollar Index": 0.36363636363636365, "jp_fx": 0.36363636363636365, "kr_fx": 0.36363636363636365}
| end of epoch  24 | time:  1.98s | train_loss 0.0389 | valid rse 3.7995 | valid rae 4.6388 | valid corr  -0.1016 | valid smape  0.3478 | focus_rrse 4.3489 | obj 4.3489
Experiment: 1
Iter: 0
epoch: 25
hp= [1, 0.00012749999999999998, 16, 128, 256, 1024, 40, 0.02, 2, 30, 0.6, 0.1, 2, 25]
best sum= 8.539948962020901
best rrse= 3.7994676406749983
best rrae= 4.638836097549535
best corr= -0.101645224
best smape= 0.34780804282034605
best objective= 4.348906993865967
best hps= [1, 0.00012749999999999998, 16, 128, 256, 1024, 40, 0.02, 2, 30, 0.6, 0.1, 2, 1]
best test rse= 3.120031533659415
best test corr= -0.17160513
[Target-Weighted Loss] weights applied: {'us_Trade Weighted Dollar Index': 60.0, 'kr_fx': 60.0, 'jp_fx': 60.0}
[Target-Only Loss] enabled for columns: ['us_Trade Weighted Dollar Index', 'jp_fx', 'kr_fx']
[Bias Penalty] enabled lambda=0.25 scope=focus cols=['us_Trade Weighted Dollar Index', 'jp_fx', 'kr_fx']
iter:  0 | loss: 0.043
iter:  1 | loss: 0.034
iter:  2 | loss: 0.060
iter:  3 | loss: 0.029
iter:  4 | loss: 0.039
iter:  5 | loss: 0.063
iter:  6 | loss: 0.026
iter:  7 | loss: 0.029
iter:  8 | loss: 0.032
iter:  9 | loss: 0.052
iter: 10 | loss: 0.049
iter: 11 | loss: 0.034
iter: 12 | loss: 0.054
iter: 13 | loss: 0.030
iter: 14 | loss: 0.038
iter: 15 | loss: 0.030
iter: 16 | loss: 0.031
iter: 17 | loss: 0.044
iter: 18 | loss: 0.046
iter: 19 | loss: 0.047
iter: 20 | loss: 0.037
iter: 21 | loss: 0.035
iter: 22 | loss: 0.025
iter: 23 | loss: 0.045
iter: 24 | loss: 0.034
iter: 25 | loss: 0.037
iter: 26 | loss: 0.042
iter: 27 | loss: 0.023
iter: 28 | loss: 0.031
iter: 29 | loss: 0.036
iter: 30 | loss: 0.042
iter: 31 | loss: 0.040
iter: 32 | loss: 0.057
testing r= 5
rrse(target)=132.510037945244 / 34.87594854780834 | rrse(all)=178893284050483.62 / 34622966134154.824 | report_mode=targets
[Validation] per_target_rrse_json={"us_Trade Weighted Dollar Index": 4.6201887130737305, "jp_fx": 4.6594414710998535, "kr_fx": 3.767089366912842}
[Validation] per_target_lag_mae_json={"us_Trade Weighted Dollar Index": 0.4855304956436157, "jp_fx": 0.5714832544326782, "kr_fx": 6.069691181182861}
[Validation] per_target_dir_mismatch_json={"us_Trade Weighted Dollar Index": 0.36363636363636365, "jp_fx": 0.36363636363636365, "kr_fx": 0.36363636363636365}
| end of epoch  25 | time:  1.99s | train_loss 0.0390 | valid rse 3.7995 | valid rae 4.6388 | valid corr  -0.1016 | valid smape  0.3478 | focus_rrse 4.3489 | obj 4.3489
Experiment: 1
Iter: 0
epoch: 26
hp= [1, 0.00012749999999999998, 16, 128, 256, 1024, 40, 0.02, 2, 30, 0.6, 0.1, 2, 26]
best sum= 8.539948962020901
best rrse= 3.7994676406749983
best rrae= 4.638836097549535
best corr= -0.101645224
best smape= 0.34780804282034605
best objective= 4.348906993865967
best hps= [1, 0.00012749999999999998, 16, 128, 256, 1024, 40, 0.02, 2, 30, 0.6, 0.1, 2, 1]
best test rse= 3.120031533659415
best test corr= -0.17160513
[Target-Weighted Loss] weights applied: {'us_Trade Weighted Dollar Index': 60.0, 'kr_fx': 60.0, 'jp_fx': 60.0}
[Target-Only Loss] enabled for columns: ['us_Trade Weighted Dollar Index', 'jp_fx', 'kr_fx']
[Bias Penalty] enabled lambda=0.25 scope=focus cols=['us_Trade Weighted Dollar Index', 'jp_fx', 'kr_fx']
iter:  0 | loss: 0.057
iter:  1 | loss: 0.057
iter:  2 | loss: 0.035
iter:  3 | loss: 0.033
iter:  4 | loss: 0.034
iter:  5 | loss: 0.069
iter:  6 | loss: 0.037
iter:  7 | loss: 0.023
iter:  8 | loss: 0.036
iter:  9 | loss: 0.014
iter: 10 | loss: 0.041
iter: 11 | loss: 0.028
iter: 12 | loss: 0.052
iter: 13 | loss: 0.042
iter: 14 | loss: 0.040
iter: 15 | loss: 0.040
iter: 16 | loss: 0.039
iter: 17 | loss: 0.033
iter: 18 | loss: 0.032
iter: 19 | loss: 0.032
iter: 20 | loss: 0.032
iter: 21 | loss: 0.037
iter: 22 | loss: 0.024
iter: 23 | loss: 0.032
iter: 24 | loss: 0.033
iter: 25 | loss: 0.038
iter: 26 | loss: 0.032
iter: 27 | loss: 0.036
iter: 28 | loss: 0.020
iter: 29 | loss: 0.043
iter: 30 | loss: 0.055
iter: 31 | loss: 0.069
iter: 32 | loss: 0.056
testing r= 5
rrse(target)=132.510037945244 / 34.87594854780834 | rrse(all)=178893284050483.62 / 34622966134154.824 | report_mode=targets
[Validation] per_target_rrse_json={"us_Trade Weighted Dollar Index": 4.6201887130737305, "jp_fx": 4.6594414710998535, "kr_fx": 3.767089366912842}
[Validation] per_target_lag_mae_json={"us_Trade Weighted Dollar Index": 0.4855304956436157, "jp_fx": 0.5714832544326782, "kr_fx": 6.069691181182861}
[Validation] per_target_dir_mismatch_json={"us_Trade Weighted Dollar Index": 0.36363636363636365, "jp_fx": 0.36363636363636365, "kr_fx": 0.36363636363636365}
| end of epoch  26 | time:  2.02s | train_loss 0.0387 | valid rse 3.7995 | valid rae 4.6388 | valid corr  -0.1016 | valid smape  0.3478 | focus_rrse 4.3489 | obj 4.3489
Experiment: 1
Iter: 0
epoch: 27
hp= [1, 0.00012749999999999998, 16, 128, 256, 1024, 40, 0.02, 2, 30, 0.6, 0.1, 2, 27]
best sum= 8.539948962020901
best rrse= 3.7994676406749983
best rrae= 4.638836097549535
best corr= -0.101645224
best smape= 0.34780804282034605
best objective= 4.348906993865967
best hps= [1, 0.00012749999999999998, 16, 128, 256, 1024, 40, 0.02, 2, 30, 0.6, 0.1, 2, 1]
best test rse= 3.120031533659415
best test corr= -0.17160513
[Target-Weighted Loss] weights applied: {'us_Trade Weighted Dollar Index': 60.0, 'kr_fx': 60.0, 'jp_fx': 60.0}
[Target-Only Loss] enabled for columns: ['us_Trade Weighted Dollar Index', 'jp_fx', 'kr_fx']
[Bias Penalty] enabled lambda=0.25 scope=focus cols=['us_Trade Weighted Dollar Index', 'jp_fx', 'kr_fx']
iter:  0 | loss: 0.033
iter:  1 | loss: 0.037
iter:  2 | loss: 0.038
iter:  3 | loss: 0.065
iter:  4 | loss: 0.047
iter:  5 | loss: 0.042
iter:  6 | loss: 0.041
iter:  7 | loss: 0.025
iter:  8 | loss: 0.039
iter:  9 | loss: 0.033
iter: 10 | loss: 0.047
iter: 11 | loss: 0.025
iter: 12 | loss: 0.034
iter: 13 | loss: 0.035
iter: 14 | loss: 0.036
iter: 15 | loss: 0.063
iter: 16 | loss: 0.043
iter: 17 | loss: 0.021
iter: 18 | loss: 0.027
iter: 19 | loss: 0.028
iter: 20 | loss: 0.019
iter: 21 | loss: 0.025
iter: 22 | loss: 0.058
iter: 23 | loss: 0.035
iter: 24 | loss: 0.035
iter: 25 | loss: 0.047
iter: 26 | loss: 0.056
iter: 27 | loss: 0.034
iter: 28 | loss: 0.024
iter: 29 | loss: 0.029
iter: 30 | loss: 0.044
iter: 31 | loss: 0.052
iter: 32 | loss: 0.072
testing r= 5
rrse(target)=132.510037945244 / 34.87594854780834 | rrse(all)=178893284050483.62 / 34622966134154.824 | report_mode=targets
[Validation] per_target_rrse_json={"us_Trade Weighted Dollar Index": 4.6201887130737305, "jp_fx": 4.6594414710998535, "kr_fx": 3.767089366912842}
[Validation] per_target_lag_mae_json={"us_Trade Weighted Dollar Index": 0.4855304956436157, "jp_fx": 0.5714832544326782, "kr_fx": 6.069691181182861}
[Validation] per_target_dir_mismatch_json={"us_Trade Weighted Dollar Index": 0.36363636363636365, "jp_fx": 0.36363636363636365, "kr_fx": 0.36363636363636365}
| end of epoch  27 | time:  2.01s | train_loss 0.0388 | valid rse 3.7995 | valid rae 4.6388 | valid corr  -0.1016 | valid smape  0.3478 | focus_rrse 4.3489 | obj 4.3489
Experiment: 1
Iter: 0
epoch: 28
hp= [1, 0.00012749999999999998, 16, 128, 256, 1024, 40, 0.02, 2, 30, 0.6, 0.1, 2, 28]
best sum= 8.539948962020901
best rrse= 3.7994676406749983
best rrae= 4.638836097549535
best corr= -0.101645224
best smape= 0.34780804282034605
best objective= 4.348906993865967
best hps= [1, 0.00012749999999999998, 16, 128, 256, 1024, 40, 0.02, 2, 30, 0.6, 0.1, 2, 1]
best test rse= 3.120031533659415
best test corr= -0.17160513
[Target-Weighted Loss] weights applied: {'us_Trade Weighted Dollar Index': 60.0, 'kr_fx': 60.0, 'jp_fx': 60.0}
[Target-Only Loss] enabled for columns: ['us_Trade Weighted Dollar Index', 'jp_fx', 'kr_fx']
[Bias Penalty] enabled lambda=0.25 scope=focus cols=['us_Trade Weighted Dollar Index', 'jp_fx', 'kr_fx']
iter:  0 | loss: 0.047
iter:  1 | loss: 0.032
iter:  2 | loss: 0.038
iter:  3 | loss: 0.029
iter:  4 | loss: 0.042
iter:  5 | loss: 0.041
iter:  6 | loss: 0.065
iter:  7 | loss: 0.020
iter:  8 | loss: 0.052
iter:  9 | loss: 0.037
iter: 10 | loss: 0.033
iter: 11 | loss: 0.031
iter: 12 | loss: 0.019
iter: 13 | loss: 0.037
iter: 14 | loss: 0.036
iter: 15 | loss: 0.039
iter: 16 | loss: 0.025
iter: 17 | loss: 0.028
iter: 18 | loss: 0.023
iter: 19 | loss: 0.044
iter: 20 | loss: 0.037
iter: 21 | loss: 0.037
iter: 22 | loss: 0.040
iter: 23 | loss: 0.053
iter: 24 | loss: 0.045
iter: 25 | loss: 0.042
iter: 26 | loss: 0.028
iter: 27 | loss: 0.029
iter: 28 | loss: 0.054
iter: 29 | loss: 0.064
iter: 30 | loss: 0.045
iter: 31 | loss: 0.028
iter: 32 | loss: 0.069
testing r= 5
rrse(target)=132.510037945244 / 34.87594854780834 | rrse(all)=178893284050483.62 / 34622966134154.824 | report_mode=targets
[Validation] per_target_rrse_json={"us_Trade Weighted Dollar Index": 4.6201887130737305, "jp_fx": 4.6594414710998535, "kr_fx": 3.767089366912842}
[Validation] per_target_lag_mae_json={"us_Trade Weighted Dollar Index": 0.4855304956436157, "jp_fx": 0.5714832544326782, "kr_fx": 6.069691181182861}
[Validation] per_target_dir_mismatch_json={"us_Trade Weighted Dollar Index": 0.36363636363636365, "jp_fx": 0.36363636363636365, "kr_fx": 0.36363636363636365}
| end of epoch  28 | time:  2.12s | train_loss 0.0387 | valid rse 3.7995 | valid rae 4.6388 | valid corr  -0.1016 | valid smape  0.3478 | focus_rrse 4.3489 | obj 4.3489
Experiment: 1
Iter: 0
epoch: 29
hp= [1, 0.00012749999999999998, 16, 128, 256, 1024, 40, 0.02, 2, 30, 0.6, 0.1, 2, 29]
best sum= 8.539948962020901
best rrse= 3.7994676406749983
best rrae= 4.638836097549535
best corr= -0.101645224
best smape= 0.34780804282034605
best objective= 4.348906993865967
best hps= [1, 0.00012749999999999998, 16, 128, 256, 1024, 40, 0.02, 2, 30, 0.6, 0.1, 2, 1]
best test rse= 3.120031533659415
best test corr= -0.17160513
[Target-Weighted Loss] weights applied: {'us_Trade Weighted Dollar Index': 60.0, 'kr_fx': 60.0, 'jp_fx': 60.0}
[Target-Only Loss] enabled for columns: ['us_Trade Weighted Dollar Index', 'jp_fx', 'kr_fx']
[Bias Penalty] enabled lambda=0.25 scope=focus cols=['us_Trade Weighted Dollar Index', 'jp_fx', 'kr_fx']
iter:  0 | loss: 0.034
iter:  1 | loss: 0.017
iter:  2 | loss: 0.033
iter:  3 | loss: 0.051
iter:  4 | loss: 0.046
iter:  5 | loss: 0.030
iter:  6 | loss: 0.028
iter:  7 | loss: 0.062
iter:  8 | loss: 0.034
iter:  9 | loss: 0.046
iter: 10 | loss: 0.029
iter: 11 | loss: 0.041
iter: 12 | loss: 0.040
iter: 13 | loss: 0.032
iter: 14 | loss: 0.036
iter: 15 | loss: 0.066
iter: 16 | loss: 0.070
iter: 17 | loss: 0.033
iter: 18 | loss: 0.042
iter: 19 | loss: 0.028
iter: 20 | loss: 0.039
iter: 21 | loss: 0.040
iter: 22 | loss: 0.034
iter: 23 | loss: 0.040
iter: 24 | loss: 0.040
iter: 25 | loss: 0.034
iter: 26 | loss: 0.029
iter: 27 | loss: 0.044
iter: 28 | loss: 0.028
iter: 29 | loss: 0.044
iter: 30 | loss: 0.032
iter: 31 | loss: 0.028
iter: 32 | loss: 0.038
testing r= 5
rrse(target)=132.510037945244 / 34.87594854780834 | rrse(all)=178893284050483.62 / 34622966134154.824 | report_mode=targets
[Validation] per_target_rrse_json={"us_Trade Weighted Dollar Index": 4.6201887130737305, "jp_fx": 4.6594414710998535, "kr_fx": 3.767089366912842}
[Validation] per_target_lag_mae_json={"us_Trade Weighted Dollar Index": 0.4855304956436157, "jp_fx": 0.5714832544326782, "kr_fx": 6.069691181182861}
[Validation] per_target_dir_mismatch_json={"us_Trade Weighted Dollar Index": 0.36363636363636365, "jp_fx": 0.36363636363636365, "kr_fx": 0.36363636363636365}
| end of epoch  29 | time:  2.07s | train_loss 0.0385 | valid rse 3.7995 | valid rae 4.6388 | valid corr  -0.1016 | valid smape  0.3478 | focus_rrse 4.3489 | obj 4.3489
Experiment: 1
Iter: 0
epoch: 30
hp= [1, 0.00012749999999999998, 16, 128, 256, 1024, 40, 0.02, 2, 30, 0.6, 0.1, 2, 30]
best sum= 8.539948962020901
best rrse= 3.7994676406749983
best rrae= 4.638836097549535
best corr= -0.101645224
best smape= 0.34780804282034605
best objective= 4.348906993865967
best hps= [1, 0.00012749999999999998, 16, 128, 256, 1024, 40, 0.02, 2, 30, 0.6, 0.1, 2, 1]
best test rse= 3.120031533659415
best test corr= -0.17160513
[Target-Weighted Loss] weights applied: {'us_Trade Weighted Dollar Index': 60.0, 'kr_fx': 60.0, 'jp_fx': 60.0}
[Target-Only Loss] enabled for columns: ['us_Trade Weighted Dollar Index', 'jp_fx', 'kr_fx']
[Bias Penalty] enabled lambda=0.25 scope=focus cols=['us_Trade Weighted Dollar Index', 'jp_fx', 'kr_fx']
iter:  0 | loss: 0.030
iter:  1 | loss: 0.048
iter:  2 | loss: 0.020
iter:  3 | loss: 0.043
iter:  4 | loss: 0.055
iter:  5 | loss: 0.034
iter:  6 | loss: 0.033
iter:  7 | loss: 0.041
iter:  8 | loss: 0.056
iter:  9 | loss: 0.037
iter: 10 | loss: 0.035
iter: 11 | loss: 0.030
iter: 12 | loss: 0.050
iter: 13 | loss: 0.035
iter: 14 | loss: 0.025
iter: 15 | loss: 0.031
iter: 16 | loss: 0.028
iter: 17 | loss: 0.021
iter: 18 | loss: 0.034
iter: 19 | loss: 0.053
iter: 20 | loss: 0.032
iter: 21 | loss: 0.039
iter: 22 | loss: 0.038
iter: 23 | loss: 0.050
iter: 24 | loss: 0.036
iter: 25 | loss: 0.047
iter: 26 | loss: 0.041
iter: 27 | loss: 0.035
iter: 28 | loss: 0.043
iter: 29 | loss: 0.038
iter: 30 | loss: 0.054
iter: 31 | loss: 0.040
iter: 32 | loss: 0.041
testing r= 5
rrse(target)=132.510037945244 / 34.87594854780834 | rrse(all)=178893284050483.62 / 34622966134154.824 | report_mode=targets
[Validation] per_target_rrse_json={"us_Trade Weighted Dollar Index": 4.6201887130737305, "jp_fx": 4.6594414710998535, "kr_fx": 3.767089366912842}
[Validation] per_target_lag_mae_json={"us_Trade Weighted Dollar Index": 0.4855304956436157, "jp_fx": 0.5714832544326782, "kr_fx": 6.069691181182861}
[Validation] per_target_dir_mismatch_json={"us_Trade Weighted Dollar Index": 0.36363636363636365, "jp_fx": 0.36363636363636365, "kr_fx": 0.36363636363636365}
| end of epoch  30 | time:  2.07s | train_loss 0.0387 | valid rse 3.7995 | valid rae 4.6388 | valid corr  -0.1016 | valid smape  0.3478 | focus_rrse 4.3489 | obj 4.3489
Experiment: 1
Iter: 0
epoch: 31
hp= [1, 0.00012749999999999998, 16, 128, 256, 1024, 40, 0.02, 2, 30, 0.6, 0.1, 2, 31]
best sum= 8.539948962020901
best rrse= 3.7994676406749983
best rrae= 4.638836097549535
best corr= -0.101645224
best smape= 0.34780804282034605
best objective= 4.348906993865967
best hps= [1, 0.00012749999999999998, 16, 128, 256, 1024, 40, 0.02, 2, 30, 0.6, 0.1, 2, 1]
best test rse= 3.120031533659415
best test corr= -0.17160513
[Target-Weighted Loss] weights applied: {'us_Trade Weighted Dollar Index': 60.0, 'kr_fx': 60.0, 'jp_fx': 60.0}
[Target-Only Loss] enabled for columns: ['us_Trade Weighted Dollar Index', 'jp_fx', 'kr_fx']
[Bias Penalty] enabled lambda=0.25 scope=focus cols=['us_Trade Weighted Dollar Index', 'jp_fx', 'kr_fx']
iter:  0 | loss: 0.048
iter:  1 | loss: 0.034
iter:  2 | loss: 0.050
iter:  3 | loss: 0.057
iter:  4 | loss: 0.022
iter:  5 | loss: 0.026
iter:  6 | loss: 0.034
iter:  7 | loss: 0.041
iter:  8 | loss: 0.044
iter:  9 | loss: 0.045
iter: 10 | loss: 0.037
iter: 11 | loss: 0.051
iter: 12 | loss: 0.035
iter: 13 | loss: 0.033
iter: 14 | loss: 0.031
iter: 15 | loss: 0.057
iter: 16 | loss: 0.034
iter: 17 | loss: 0.054
iter: 18 | loss: 0.035
iter: 19 | loss: 0.024
iter: 20 | loss: 0.041
iter: 21 | loss: 0.044
iter: 22 | loss: 0.028
iter: 23 | loss: 0.033
iter: 24 | loss: 0.024
iter: 25 | loss: 0.042
iter: 26 | loss: 0.025
iter: 27 | loss: 0.046
iter: 28 | loss: 0.026
iter: 29 | loss: 0.036
iter: 30 | loss: 0.032
iter: 31 | loss: 0.058
iter: 32 | loss: 0.060
testing r= 5
rrse(target)=132.510037945244 / 34.87594854780834 | rrse(all)=178893284050483.62 / 34622966134154.824 | report_mode=targets
[Validation] per_target_rrse_json={"us_Trade Weighted Dollar Index": 4.6201887130737305, "jp_fx": 4.6594414710998535, "kr_fx": 3.767089366912842}
[Validation] per_target_lag_mae_json={"us_Trade Weighted Dollar Index": 0.4855304956436157, "jp_fx": 0.5714832544326782, "kr_fx": 6.069691181182861}
[Validation] per_target_dir_mismatch_json={"us_Trade Weighted Dollar Index": 0.36363636363636365, "jp_fx": 0.36363636363636365, "kr_fx": 0.36363636363636365}
| end of epoch  31 | time:  2.02s | train_loss 0.0389 | valid rse 3.7995 | valid rae 4.6388 | valid corr  -0.1016 | valid smape  0.3478 | focus_rrse 4.3489 | obj 4.3489
Experiment: 1
Iter: 0
epoch: 32
hp= [1, 0.00012749999999999998, 16, 128, 256, 1024, 40, 0.02, 2, 30, 0.6, 0.1, 2, 32]
best sum= 8.539948962020901
best rrse= 3.7994676406749983
best rrae= 4.638836097549535
best corr= -0.101645224
best smape= 0.34780804282034605
best objective= 4.348906993865967
best hps= [1, 0.00012749999999999998, 16, 128, 256, 1024, 40, 0.02, 2, 30, 0.6, 0.1, 2, 1]
best test rse= 3.120031533659415
best test corr= -0.17160513
[Target-Weighted Loss] weights applied: {'us_Trade Weighted Dollar Index': 60.0, 'kr_fx': 60.0, 'jp_fx': 60.0}
[Target-Only Loss] enabled for columns: ['us_Trade Weighted Dollar Index', 'jp_fx', 'kr_fx']
[Bias Penalty] enabled lambda=0.25 scope=focus cols=['us_Trade Weighted Dollar Index', 'jp_fx', 'kr_fx']
iter:  0 | loss: 0.038
iter:  1 | loss: 0.032
iter:  2 | loss: 0.044
iter:  3 | loss: 0.021
iter:  4 | loss: 0.046
iter:  5 | loss: 0.047
iter:  6 | loss: 0.030
iter:  7 | loss: 0.035
iter:  8 | loss: 0.040
iter:  9 | loss: 0.019
iter: 10 | loss: 0.036
iter: 11 | loss: 0.025
iter: 12 | loss: 0.041
iter: 13 | loss: 0.063
iter: 14 | loss: 0.024
iter: 15 | loss: 0.051
iter: 16 | loss: 0.045
iter: 17 | loss: 0.031
iter: 18 | loss: 0.043
iter: 19 | loss: 0.023
iter: 20 | loss: 0.041
iter: 21 | loss: 0.050
iter: 22 | loss: 0.027
iter: 23 | loss: 0.035
iter: 24 | loss: 0.040
iter: 25 | loss: 0.043
iter: 26 | loss: 0.032
iter: 27 | loss: 0.039
iter: 28 | loss: 0.051
iter: 29 | loss: 0.027
iter: 30 | loss: 0.049
iter: 31 | loss: 0.039
iter: 32 | loss: 0.054
testing r= 5
rrse(target)=132.510037945244 / 34.87594854780834 | rrse(all)=178893284050483.62 / 34622966134154.824 | report_mode=targets
[Validation] per_target_rrse_json={"us_Trade Weighted Dollar Index": 4.6201887130737305, "jp_fx": 4.6594414710998535, "kr_fx": 3.767089366912842}
[Validation] per_target_lag_mae_json={"us_Trade Weighted Dollar Index": 0.4855304956436157, "jp_fx": 0.5714832544326782, "kr_fx": 6.069691181182861}
[Validation] per_target_dir_mismatch_json={"us_Trade Weighted Dollar Index": 0.36363636363636365, "jp_fx": 0.36363636363636365, "kr_fx": 0.36363636363636365}
| end of epoch  32 | time:  2.16s | train_loss 0.0380 | valid rse 3.7995 | valid rae 4.6388 | valid corr  -0.1016 | valid smape  0.3478 | focus_rrse 4.3489 | obj 4.3489
Experiment: 1
Iter: 0
epoch: 33
hp= [1, 0.00012749999999999998, 16, 128, 256, 1024, 40, 0.02, 2, 30, 0.6, 0.1, 2, 33]
best sum= 8.539948962020901
best rrse= 3.7994676406749983
best rrae= 4.638836097549535
best corr= -0.101645224
best smape= 0.34780804282034605
best objective= 4.348906993865967
best hps= [1, 0.00012749999999999998, 16, 128, 256, 1024, 40, 0.02, 2, 30, 0.6, 0.1, 2, 1]
best test rse= 3.120031533659415
best test corr= -0.17160513
[Target-Weighted Loss] weights applied: {'us_Trade Weighted Dollar Index': 60.0, 'kr_fx': 60.0, 'jp_fx': 60.0}
[Target-Only Loss] enabled for columns: ['us_Trade Weighted Dollar Index', 'jp_fx', 'kr_fx']
[Bias Penalty] enabled lambda=0.25 scope=focus cols=['us_Trade Weighted Dollar Index', 'jp_fx', 'kr_fx']
iter:  0 | loss: 0.044
iter:  1 | loss: 0.037
iter:  2 | loss: 0.024
iter:  3 | loss: 0.038
iter:  4 | loss: 0.045
iter:  5 | loss: 0.049
iter:  6 | loss: 0.025
iter:  7 | loss: 0.032
iter:  8 | loss: 0.053
iter:  9 | loss: 0.053
iter: 10 | loss: 0.039
iter: 11 | loss: 0.048
iter: 12 | loss: 0.036
iter: 13 | loss: 0.040
iter: 14 | loss: 0.058
iter: 15 | loss: 0.037
iter: 16 | loss: 0.039
iter: 17 | loss: 0.044
iter: 18 | loss: 0.038
iter: 19 | loss: 0.017
iter: 20 | loss: 0.072
iter: 21 | loss: 0.031
iter: 22 | loss: 0.030
iter: 23 | loss: 0.026
iter: 24 | loss: 0.030
iter: 25 | loss: 0.019
iter: 26 | loss: 0.037
iter: 27 | loss: 0.045
iter: 28 | loss: 0.045
iter: 29 | loss: 0.033
iter: 30 | loss: 0.024
iter: 31 | loss: 0.029
iter: 32 | loss: 0.065
testing r= 5
rrse(target)=132.510037945244 / 34.87594854780834 | rrse(all)=178893284050483.62 / 34622966134154.824 | report_mode=targets
[Validation] per_target_rrse_json={"us_Trade Weighted Dollar Index": 4.6201887130737305, "jp_fx": 4.6594414710998535, "kr_fx": 3.767089366912842}
[Validation] per_target_lag_mae_json={"us_Trade Weighted Dollar Index": 0.4855304956436157, "jp_fx": 0.5714832544326782, "kr_fx": 6.069691181182861}
[Validation] per_target_dir_mismatch_json={"us_Trade Weighted Dollar Index": 0.36363636363636365, "jp_fx": 0.36363636363636365, "kr_fx": 0.36363636363636365}
| end of epoch  33 | time:  2.00s | train_loss 0.0387 | valid rse 3.7995 | valid rae 4.6388 | valid corr  -0.1016 | valid smape  0.3478 | focus_rrse 4.3489 | obj 4.3489
Experiment: 1
Iter: 0
epoch: 34
hp= [1, 0.00012749999999999998, 16, 128, 256, 1024, 40, 0.02, 2, 30, 0.6, 0.1, 2, 34]
best sum= 8.539948962020901
best rrse= 3.7994676406749983
best rrae= 4.638836097549535
best corr= -0.101645224
best smape= 0.34780804282034605
best objective= 4.348906993865967
best hps= [1, 0.00012749999999999998, 16, 128, 256, 1024, 40, 0.02, 2, 30, 0.6, 0.1, 2, 1]
best test rse= 3.120031533659415
best test corr= -0.17160513
[Target-Weighted Loss] weights applied: {'us_Trade Weighted Dollar Index': 60.0, 'kr_fx': 60.0, 'jp_fx': 60.0}
[Target-Only Loss] enabled for columns: ['us_Trade Weighted Dollar Index', 'jp_fx', 'kr_fx']
[Bias Penalty] enabled lambda=0.25 scope=focus cols=['us_Trade Weighted Dollar Index', 'jp_fx', 'kr_fx']
iter:  0 | loss: 0.047
iter:  1 | loss: 0.069
iter:  2 | loss: 0.025
iter:  3 | loss: 0.046
iter:  4 | loss: 0.016
iter:  5 | loss: 0.024
iter:  6 | loss: 0.055
iter:  7 | loss: 0.049
iter:  8 | loss: 0.041
iter:  9 | loss: 0.027
iter: 10 | loss: 0.029
iter: 11 | loss: 0.027
iter: 12 | loss: 0.038
iter: 13 | loss: 0.023
iter: 14 | loss: 0.019
iter: 15 | loss: 0.059
iter: 16 | loss: 0.051
iter: 17 | loss: 0.043
iter: 18 | loss: 0.045
iter: 19 | loss: 0.035
iter: 20 | loss: 0.050
iter: 21 | loss: 0.039
iter: 22 | loss: 0.025
iter: 23 | loss: 0.035
iter: 24 | loss: 0.035
iter: 25 | loss: 0.036
iter: 26 | loss: 0.042
iter: 27 | loss: 0.034
iter: 28 | loss: 0.040
iter: 29 | loss: 0.067
iter: 30 | loss: 0.033
iter: 31 | loss: 0.023
iter: 32 | loss: 0.052
testing r= 5
rrse(target)=132.510037945244 / 34.87594854780834 | rrse(all)=178893284050483.62 / 34622966134154.824 | report_mode=targets
[Validation] per_target_rrse_json={"us_Trade Weighted Dollar Index": 4.6201887130737305, "jp_fx": 4.6594414710998535, "kr_fx": 3.767089366912842}
[Validation] per_target_lag_mae_json={"us_Trade Weighted Dollar Index": 0.4855304956436157, "jp_fx": 0.5714832544326782, "kr_fx": 6.069691181182861}
[Validation] per_target_dir_mismatch_json={"us_Trade Weighted Dollar Index": 0.36363636363636365, "jp_fx": 0.36363636363636365, "kr_fx": 0.36363636363636365}
| end of epoch  34 | time:  1.98s | train_loss 0.0386 | valid rse 3.7995 | valid rae 4.6388 | valid corr  -0.1016 | valid smape  0.3478 | focus_rrse 4.3489 | obj 4.3489
Experiment: 1
Iter: 0
epoch: 35
hp= [1, 0.00012749999999999998, 16, 128, 256, 1024, 40, 0.02, 2, 30, 0.6, 0.1, 2, 35]
best sum= 8.539948962020901
best rrse= 3.7994676406749983
best rrae= 4.638836097549535
best corr= -0.101645224
best smape= 0.34780804282034605
best objective= 4.348906993865967
best hps= [1, 0.00012749999999999998, 16, 128, 256, 1024, 40, 0.02, 2, 30, 0.6, 0.1, 2, 1]
best test rse= 3.120031533659415
best test corr= -0.17160513
[Target-Weighted Loss] weights applied: {'us_Trade Weighted Dollar Index': 60.0, 'kr_fx': 60.0, 'jp_fx': 60.0}
[Target-Only Loss] enabled for columns: ['us_Trade Weighted Dollar Index', 'jp_fx', 'kr_fx']
[Bias Penalty] enabled lambda=0.25 scope=focus cols=['us_Trade Weighted Dollar Index', 'jp_fx', 'kr_fx']
iter:  0 | loss: 0.020
iter:  1 | loss: 0.030
iter:  2 | loss: 0.051
iter:  3 | loss: 0.034
iter:  4 | loss: 0.040
iter:  5 | loss: 0.032
iter:  6 | loss: 0.035
iter:  7 | loss: 0.040
iter:  8 | loss: 0.053
iter:  9 | loss: 0.039
iter: 10 | loss: 0.033
iter: 11 | loss: 0.054
iter: 12 | loss: 0.026
iter: 13 | loss: 0.032
iter: 14 | loss: 0.027
iter: 15 | loss: 0.047
iter: 16 | loss: 0.057
iter: 17 | loss: 0.038
iter: 18 | loss: 0.047
iter: 19 | loss: 0.029
iter: 20 | loss: 0.036
iter: 21 | loss: 0.038
iter: 22 | loss: 0.034
iter: 23 | loss: 0.039
iter: 24 | loss: 0.037
iter: 25 | loss: 0.051
iter: 26 | loss: 0.031
iter: 27 | loss: 0.034
iter: 28 | loss: 0.026
iter: 29 | loss: 0.048
iter: 30 | loss: 0.048
iter: 31 | loss: 0.032
iter: 32 | loss: 0.062
testing r= 5
rrse(target)=132.510037945244 / 34.87594854780834 | rrse(all)=178893284050483.62 / 34622966134154.824 | report_mode=targets
[Validation] per_target_rrse_json={"us_Trade Weighted Dollar Index": 4.6201887130737305, "jp_fx": 4.6594414710998535, "kr_fx": 3.767089366912842}
[Validation] per_target_lag_mae_json={"us_Trade Weighted Dollar Index": 0.4855304956436157, "jp_fx": 0.5714832544326782, "kr_fx": 6.069691181182861}
[Validation] per_target_dir_mismatch_json={"us_Trade Weighted Dollar Index": 0.36363636363636365, "jp_fx": 0.36363636363636365, "kr_fx": 0.36363636363636365}
| end of epoch  35 | time:  2.07s | train_loss 0.0385 | valid rse 3.7995 | valid rae 4.6388 | valid corr  -0.1016 | valid smape  0.3478 | focus_rrse 4.3489 | obj 4.3489
Experiment: 1
Iter: 0
epoch: 36
hp= [1, 0.00012749999999999998, 16, 128, 256, 1024, 40, 0.02, 2, 30, 0.6, 0.1, 2, 36]
best sum= 8.539948962020901
best rrse= 3.7994676406749983
best rrae= 4.638836097549535
best corr= -0.101645224
best smape= 0.34780804282034605
best objective= 4.348906993865967
best hps= [1, 0.00012749999999999998, 16, 128, 256, 1024, 40, 0.02, 2, 30, 0.6, 0.1, 2, 1]
best test rse= 3.120031533659415
best test corr= -0.17160513
[Target-Weighted Loss] weights applied: {'us_Trade Weighted Dollar Index': 60.0, 'kr_fx': 60.0, 'jp_fx': 60.0}
[Target-Only Loss] enabled for columns: ['us_Trade Weighted Dollar Index', 'jp_fx', 'kr_fx']
[Bias Penalty] enabled lambda=0.25 scope=focus cols=['us_Trade Weighted Dollar Index', 'jp_fx', 'kr_fx']
iter:  0 | loss: 0.018
iter:  1 | loss: 0.040
iter:  2 | loss: 0.032
iter:  3 | loss: 0.043
iter:  4 | loss: 0.028
iter:  5 | loss: 0.030
iter:  6 | loss: 0.052
iter:  7 | loss: 0.047
iter:  8 | loss: 0.024
iter:  9 | loss: 0.040
iter: 10 | loss: 0.099
iter: 11 | loss: 0.034
iter: 12 | loss: 0.029
iter: 13 | loss: 0.041
iter: 14 | loss: 0.046
iter: 15 | loss: 0.042
iter: 16 | loss: 0.050
iter: 17 | loss: 0.039
iter: 18 | loss: 0.032
iter: 19 | loss: 0.035
iter: 20 | loss: 0.043
iter: 21 | loss: 0.028
iter: 22 | loss: 0.037
iter: 23 | loss: 0.041
iter: 24 | loss: 0.041
iter: 25 | loss: 0.035
iter: 26 | loss: 0.029
iter: 27 | loss: 0.047
iter: 28 | loss: 0.030
iter: 29 | loss: 0.054
iter: 30 | loss: 0.038
iter: 31 | loss: 0.021
iter: 32 | loss: 0.046
testing r= 5
rrse(target)=132.510037945244 / 34.87594854780834 | rrse(all)=178893284050483.62 / 34622966134154.824 | report_mode=targets
[Validation] per_target_rrse_json={"us_Trade Weighted Dollar Index": 4.6201887130737305, "jp_fx": 4.6594414710998535, "kr_fx": 3.767089366912842}
[Validation] per_target_lag_mae_json={"us_Trade Weighted Dollar Index": 0.4855304956436157, "jp_fx": 0.5714832544326782, "kr_fx": 6.069691181182861}
[Validation] per_target_dir_mismatch_json={"us_Trade Weighted Dollar Index": 0.36363636363636365, "jp_fx": 0.36363636363636365, "kr_fx": 0.36363636363636365}
| end of epoch  36 | time:  2.02s | train_loss 0.0390 | valid rse 3.7995 | valid rae 4.6388 | valid corr  -0.1016 | valid smape  0.3478 | focus_rrse 4.3489 | obj 4.3489
Experiment: 1
Iter: 0
epoch: 37
hp= [1, 0.00012749999999999998, 16, 128, 256, 1024, 40, 0.02, 2, 30, 0.6, 0.1, 2, 37]
best sum= 8.539948962020901
best rrse= 3.7994676406749983
best rrae= 4.638836097549535
best corr= -0.101645224
best smape= 0.34780804282034605
best objective= 4.348906993865967
best hps= [1, 0.00012749999999999998, 16, 128, 256, 1024, 40, 0.02, 2, 30, 0.6, 0.1, 2, 1]
best test rse= 3.120031533659415
best test corr= -0.17160513
[Target-Weighted Loss] weights applied: {'us_Trade Weighted Dollar Index': 60.0, 'kr_fx': 60.0, 'jp_fx': 60.0}
[Target-Only Loss] enabled for columns: ['us_Trade Weighted Dollar Index', 'jp_fx', 'kr_fx']
[Bias Penalty] enabled lambda=0.25 scope=focus cols=['us_Trade Weighted Dollar Index', 'jp_fx', 'kr_fx']
iter:  0 | loss: 0.030
iter:  1 | loss: 0.043
iter:  2 | loss: 0.047
iter:  3 | loss: 0.030
iter:  4 | loss: 0.065
iter:  5 | loss: 0.034
iter:  6 | loss: 0.020
iter:  7 | loss: 0.034
iter:  8 | loss: 0.041
iter:  9 | loss: 0.031
iter: 10 | loss: 0.026
iter: 11 | loss: 0.031
iter: 12 | loss: 0.036
iter: 13 | loss: 0.067
iter: 14 | loss: 0.041
iter: 15 | loss: 0.031
iter: 16 | loss: 0.065
iter: 17 | loss: 0.042
iter: 18 | loss: 0.037
iter: 19 | loss: 0.049
iter: 20 | loss: 0.042
iter: 21 | loss: 0.035
iter: 22 | loss: 0.029
iter: 23 | loss: 0.025
iter: 24 | loss: 0.043
iter: 25 | loss: 0.029
iter: 26 | loss: 0.021
iter: 27 | loss: 0.042
iter: 28 | loss: 0.026
iter: 29 | loss: 0.036
iter: 30 | loss: 0.046
iter: 31 | loss: 0.034
iter: 32 | loss: 0.073
testing r= 5
rrse(target)=132.510037945244 / 34.87594854780834 | rrse(all)=178893284050483.62 / 34622966134154.824 | report_mode=targets
[Validation] per_target_rrse_json={"us_Trade Weighted Dollar Index": 4.6201887130737305, "jp_fx": 4.6594414710998535, "kr_fx": 3.767089366912842}
[Validation] per_target_lag_mae_json={"us_Trade Weighted Dollar Index": 0.4855304956436157, "jp_fx": 0.5714832544326782, "kr_fx": 6.069691181182861}
[Validation] per_target_dir_mismatch_json={"us_Trade Weighted Dollar Index": 0.36363636363636365, "jp_fx": 0.36363636363636365, "kr_fx": 0.36363636363636365}
| end of epoch  37 | time:  2.03s | train_loss 0.0385 | valid rse 3.7995 | valid rae 4.6388 | valid corr  -0.1016 | valid smape  0.3478 | focus_rrse 4.3489 | obj 4.3489
Experiment: 1
Iter: 0
epoch: 38
hp= [1, 0.00012749999999999998, 16, 128, 256, 1024, 40, 0.02, 2, 30, 0.6, 0.1, 2, 38]
best sum= 8.539948962020901
best rrse= 3.7994676406749983
best rrae= 4.638836097549535
best corr= -0.101645224
best smape= 0.34780804282034605
best objective= 4.348906993865967
best hps= [1, 0.00012749999999999998, 16, 128, 256, 1024, 40, 0.02, 2, 30, 0.6, 0.1, 2, 1]
best test rse= 3.120031533659415
best test corr= -0.17160513
[Target-Weighted Loss] weights applied: {'us_Trade Weighted Dollar Index': 60.0, 'kr_fx': 60.0, 'jp_fx': 60.0}
[Target-Only Loss] enabled for columns: ['us_Trade Weighted Dollar Index', 'jp_fx', 'kr_fx']
[Bias Penalty] enabled lambda=0.25 scope=focus cols=['us_Trade Weighted Dollar Index', 'jp_fx', 'kr_fx']
iter:  0 | loss: 0.056
iter:  1 | loss: 0.047
iter:  2 | loss: 0.021
iter:  3 | loss: 0.033
iter:  4 | loss: 0.053
iter:  5 | loss: 0.036
iter:  6 | loss: 0.044
iter:  7 | loss: 0.055
iter:  8 | loss: 0.047
iter:  9 | loss: 0.026
iter: 10 | loss: 0.027
iter: 11 | loss: 0.034
iter: 12 | loss: 0.044
iter: 13 | loss: 0.032
iter: 14 | loss: 0.036
iter: 15 | loss: 0.029
iter: 16 | loss: 0.050
iter: 17 | loss: 0.029
iter: 18 | loss: 0.024
iter: 19 | loss: 0.049
iter: 20 | loss: 0.024
iter: 21 | loss: 0.022
iter: 22 | loss: 0.057
iter: 23 | loss: 0.028
iter: 24 | loss: 0.032
iter: 25 | loss: 0.041
iter: 26 | loss: 0.052
iter: 27 | loss: 0.038
iter: 28 | loss: 0.038
iter: 29 | loss: 0.024
iter: 30 | loss: 0.036
iter: 31 | loss: 0.041
iter: 32 | loss: 0.086
testing r= 5
rrse(target)=132.510037945244 / 34.87594854780834 | rrse(all)=178893284050483.62 / 34622966134154.824 | report_mode=targets
[Validation] per_target_rrse_json={"us_Trade Weighted Dollar Index": 4.6201887130737305, "jp_fx": 4.6594414710998535, "kr_fx": 3.767089366912842}
[Validation] per_target_lag_mae_json={"us_Trade Weighted Dollar Index": 0.4855304956436157, "jp_fx": 0.5714832544326782, "kr_fx": 6.069691181182861}
[Validation] per_target_dir_mismatch_json={"us_Trade Weighted Dollar Index": 0.36363636363636365, "jp_fx": 0.36363636363636365, "kr_fx": 0.36363636363636365}
| end of epoch  38 | time:  2.05s | train_loss 0.0388 | valid rse 3.7995 | valid rae 4.6388 | valid corr  -0.1016 | valid smape  0.3478 | focus_rrse 4.3489 | obj 4.3489
Experiment: 1
Iter: 0
epoch: 39
hp= [1, 0.00012749999999999998, 16, 128, 256, 1024, 40, 0.02, 2, 30, 0.6, 0.1, 2, 39]
best sum= 8.539948962020901
best rrse= 3.7994676406749983
best rrae= 4.638836097549535
best corr= -0.101645224
best smape= 0.34780804282034605
best objective= 4.348906993865967
best hps= [1, 0.00012749999999999998, 16, 128, 256, 1024, 40, 0.02, 2, 30, 0.6, 0.1, 2, 1]
best test rse= 3.120031533659415
best test corr= -0.17160513
[Target-Weighted Loss] weights applied: {'us_Trade Weighted Dollar Index': 60.0, 'kr_fx': 60.0, 'jp_fx': 60.0}
[Target-Only Loss] enabled for columns: ['us_Trade Weighted Dollar Index', 'jp_fx', 'kr_fx']
[Bias Penalty] enabled lambda=0.25 scope=focus cols=['us_Trade Weighted Dollar Index', 'jp_fx', 'kr_fx']
iter:  0 | loss: 0.035
iter:  1 | loss: 0.043
iter:  2 | loss: 0.036
iter:  3 | loss: 0.025
iter:  4 | loss: 0.030
iter:  5 | loss: 0.042
iter:  6 | loss: 0.041
iter:  7 | loss: 0.031
iter:  8 | loss: 0.041
iter:  9 | loss: 0.031
iter: 10 | loss: 0.038
iter: 11 | loss: 0.059
iter: 12 | loss: 0.029
iter: 13 | loss: 0.052
iter: 14 | loss: 0.051
iter: 15 | loss: 0.043
iter: 16 | loss: 0.029
iter: 17 | loss: 0.053
iter: 18 | loss: 0.029
iter: 19 | loss: 0.042
iter: 20 | loss: 0.040
iter: 21 | loss: 0.043
iter: 22 | loss: 0.023
iter: 23 | loss: 0.035
iter: 24 | loss: 0.036
iter: 25 | loss: 0.027
iter: 26 | loss: 0.033
iter: 27 | loss: 0.042
iter: 28 | loss: 0.070
iter: 29 | loss: 0.036
iter: 30 | loss: 0.023
iter: 31 | loss: 0.028
iter: 32 | loss: 0.068
testing r= 5
rrse(target)=132.510037945244 / 34.87594854780834 | rrse(all)=178893284050483.62 / 34622966134154.824 | report_mode=targets
[Validation] per_target_rrse_json={"us_Trade Weighted Dollar Index": 4.6201887130737305, "jp_fx": 4.6594414710998535, "kr_fx": 3.767089366912842}
[Validation] per_target_lag_mae_json={"us_Trade Weighted Dollar Index": 0.4855304956436157, "jp_fx": 0.5714832544326782, "kr_fx": 6.069691181182861}
[Validation] per_target_dir_mismatch_json={"us_Trade Weighted Dollar Index": 0.36363636363636365, "jp_fx": 0.36363636363636365, "kr_fx": 0.36363636363636365}
| end of epoch  39 | time:  2.01s | train_loss 0.0387 | valid rse 3.7995 | valid rae 4.6388 | valid corr  -0.1016 | valid smape  0.3478 | focus_rrse 4.3489 | obj 4.3489
Experiment: 1
Iter: 0
epoch: 40
hp= [1, 0.00012749999999999998, 16, 128, 256, 1024, 40, 0.02, 2, 30, 0.6, 0.1, 2, 40]
best sum= 8.539948962020901
best rrse= 3.7994676406749983
best rrae= 4.638836097549535
best corr= -0.101645224
best smape= 0.34780804282034605
best objective= 4.348906993865967
best hps= [1, 0.00012749999999999998, 16, 128, 256, 1024, 40, 0.02, 2, 30, 0.6, 0.1, 2, 1]
best test rse= 3.120031533659415
best test corr= -0.17160513
[Target-Weighted Loss] weights applied: {'us_Trade Weighted Dollar Index': 60.0, 'kr_fx': 60.0, 'jp_fx': 60.0}
[Target-Only Loss] enabled for columns: ['us_Trade Weighted Dollar Index', 'jp_fx', 'kr_fx']
[Bias Penalty] enabled lambda=0.25 scope=focus cols=['us_Trade Weighted Dollar Index', 'jp_fx', 'kr_fx']
iter:  0 | loss: 0.032
iter:  1 | loss: 0.037
iter:  2 | loss: 0.035
iter:  3 | loss: 0.048
iter:  4 | loss: 0.032
iter:  5 | loss: 0.025
iter:  6 | loss: 0.047
iter:  7 | loss: 0.033
iter:  8 | loss: 0.040
iter:  9 | loss: 0.029
iter: 10 | loss: 0.029
iter: 11 | loss: 0.030
iter: 12 | loss: 0.045
iter: 13 | loss: 0.021
iter: 14 | loss: 0.030
iter: 15 | loss: 0.027
iter: 16 | loss: 0.034
iter: 17 | loss: 0.045
iter: 18 | loss: 0.048
iter: 19 | loss: 0.040
iter: 20 | loss: 0.045
iter: 21 | loss: 0.041
iter: 22 | loss: 0.034
iter: 23 | loss: 0.043
iter: 24 | loss: 0.068
iter: 25 | loss: 0.052
iter: 26 | loss: 0.028
iter: 27 | loss: 0.022
iter: 28 | loss: 0.047
iter: 29 | loss: 0.045
iter: 30 | loss: 0.050
iter: 31 | loss: 0.034
iter: 32 | loss: 0.056
testing r= 5
rrse(target)=132.510037945244 / 34.87594854780834 | rrse(all)=178893284050483.62 / 34622966134154.824 | report_mode=targets
[Validation] per_target_rrse_json={"us_Trade Weighted Dollar Index": 4.6201887130737305, "jp_fx": 4.6594414710998535, "kr_fx": 3.767089366912842}
[Validation] per_target_lag_mae_json={"us_Trade Weighted Dollar Index": 0.4855304956436157, "jp_fx": 0.5714832544326782, "kr_fx": 6.069691181182861}
[Validation] per_target_dir_mismatch_json={"us_Trade Weighted Dollar Index": 0.36363636363636365, "jp_fx": 0.36363636363636365, "kr_fx": 0.36363636363636365}
| end of epoch  40 | time:  2.09s | train_loss 0.0384 | valid rse 3.7995 | valid rae 4.6388 | valid corr  -0.1016 | valid smape  0.3478 | focus_rrse 4.3489 | obj 4.3489
best val loss= 8.539948962020901
best hps= [1, 0.00012749999999999998, 16, 128, 256, 1024, 40, 0.02, 2, 30, 0.6, 0.1, 2, 1]
testing r= 5
rrse(target)=132.510037945244 / 34.87594854780834 | rrse(all)=178893284050483.62 / 34622966134154.824 | report_mode=targets
[Validation] per_target_rrse_json={"us_Trade Weighted Dollar Index": 4.6201887130737305, "jp_fx": 4.6594414710998535, "kr_fx": 3.767089366912842}
[Validation] per_target_lag_mae_json={"us_Trade Weighted Dollar Index": 0.4855304956436157, "jp_fx": 0.5714832544326782, "kr_fx": 6.069691181182861}
[Validation] per_target_dir_mismatch_json={"us_Trade Weighted Dollar Index": 0.36363636363636365, "jp_fx": 0.36363636363636365, "kr_fx": 0.36363636363636365}
[debias] mode=val_mean_error apply_to=focus offset={'us_Trade Weighted Dollar Index': 3.215885877609253, 'jp_fx': -7.697751522064209, 'kr_fx': 34.35723876953125}
testing r= 5
rrse(target)=50.58366850606281 / 34.87594854780834 | rrse(all)=178893284050483.62 / 34622966134154.824 | report_mode=targets
[Validation] per_target_rrse_json={"us_Trade Weighted Dollar Index": 1.6184680461883545, "jp_fx": 0.610211193561554, "kr_fx": 1.4662069082260132}
[Validation] per_target_lag_mae_json={"us_Trade Weighted Dollar Index": 0.4855304956436157, "jp_fx": 0.5714832544326782, "kr_fx": 6.0697021484375}
[Validation] per_target_dir_mismatch_json={"us_Trade Weighted Dollar Index": 0.36363636363636365, "jp_fx": 0.36363636363636365, "kr_fx": 0.36363636363636365}
testing r= 5
rrse(target)=384.84580922104374 / 87.05327089004898 | rrse(all)=49070619189125.016 / 13118448721317.795 | report_mode=targets
[Testing] per_target_rrse_json={"us_Trade Weighted Dollar Index": 5.035664081573486, "jp_fx": 3.590808391571045, "kr_fx": 4.428140640258789}
[Testing] per_target_lag_mae_json={"us_Trade Weighted Dollar Index": 0.49146825075149536, "jp_fx": 0.8109949231147766, "kr_fx": 9.510997772216797}
[Testing] per_target_dir_mismatch_json={"us_Trade Weighted Dollar Index": 0.18181818181818182, "jp_fx": 0.6363636363636364, "kr_fx": 0.8181818181818182}
********************************************************************************************************
final test rse 4.4208 | test rae 5.1200 | test corr -0.1716 | test smape 0.3504
********************************************************************************************************



1 run average



valid	rse	rae
mean	1.4504	1.3849
std	0.0000	0.0000



test	rse	rae
mean	4.4208	5.1200
std	0.0000	0.0000
