CUDA not available, using CPU
[split_guard] {'n': 180, 'cutoff_idx': 168, 'cutoff_label': '25.Jan', 'valid_start_idx': 156, 'valid_end_idx': 168, 'valid_months': 12}
Loading data from /Users/samrobert/Documents/GitHub/Exchangeprediction/Cyber-trend-forecasting-main 3/B-MTGNN/data/sm_data.csv...
Data loaded and converted to numeric successfully.
Graph loaded with 1 attacks...
33 columns loaded
Adjacency created...
train X: torch.Size([119, 36, 33])
train Y: torch.Size([119, 1, 33])
valid X: torch.Size([11, 36, 33])
valid Y: torch.Size([11, 1, 33])
test X: torch.Size([11, 36, 33])
test Y: torch.Size([11, 1, 33])
test window: torch.Size([48, 33])
length of training set= 119
length of validation set= 11
length of testing set= 11
valid= 168
Auto-detected num_nodes: 33
Namespace(data='/Users/samrobert/Documents/GitHub/Exchangeprediction/Cyber-trend-forecasting-main 3/B-MTGNN/data/sm_data.csv', log_interval=2000, save='/Users/samrobert/Documents/GitHub/Exchangeprediction/Cyber-trend-forecasting-main 3/B-MTGNN/tuning_runs/20260220_211805/checkpoints/model_006.pt', optim='adam', L1Loss=True, loss_mode='mse', normalize=2, device='cuda:1', gcn_true=False, buildA_true=False, use_graph=0, gcn_depth=1, num_nodes=33, dropout=0.05, subgraph_size=20, node_dim=50, dilation_exponential=2, conv_channels=16, residual_channels=128, skip_channels=256, end_channels=1024, in_dim=1, seq_in_len=36, seq_out_len=1, horizon=1, layers=2, batch_size=4, lr=8.5e-05, weight_decay=1e-05, clip=10, propalpha=0.6, tanhalpha=0.1, epochs=40, num_split=1, step_size=100, ss_prob=0.05, train_ratio=0.8666666667, valid_ratio=0.0666666667, focus_targets=1, focus_nodes='us_Trade Weighted Dollar Index,jp_fx,kr_fx', focus_weight=1.0, focus_target_gain=60.0, focus_only_loss=1, anchor_focus_to_last=0.2, rse_targets='Us_Trade Weighted Dollar Index_Testing.txt,Jp_fx_Testing.txt,Kr_fx_Testing.txt', rse_report_mode='targets', debias_mode='val_mean_error', debias_apply_to='focus', bias_penalty=0.3, bias_penalty_scope='focus', lag_penalty_1step=1.0, lag_sign_penalty=0.4, plot_focus_only=0, debug_eval=0, rollout_mode='recursive', enforce_cutoff_split=1, cutoff_year_yy=25, min_valid_months=12, confidence_level=0.95, confidence_scale=3.0, confidence_mode='predictive', seed=777, plot=0, clean_cache=0, autotune_mode=1, apply_best_tuning=0, eval_best_tuning=0, target_profile='none', best_tuning_checkpoint='')
The recpetive field size is 19
Number of model parameters is 1110801
begin training
Experiment: 1
Iter: 0
epoch: 1
hp= [1, 8.5e-05, 16, 128, 256, 1024, 20, 0.05, 2, 50, 0.6, 0.1, 2, 1]
best sum= 10000000
best rrse= 10000000
best rrae= 10000000
best corr= -10000000
best smape= 10000000
best objective= 10000000
best hps= []
best test rse= 10000000
best test corr= -10000000
[Target-Weighted Loss] weights applied: {'us_Trade Weighted Dollar Index': 60.0, 'kr_fx': 60.0, 'jp_fx': 60.0}
[Target-Only Loss] enabled for columns: ['us_Trade Weighted Dollar Index', 'jp_fx', 'kr_fx']
[Bias Penalty] enabled lambda=0.3 scope=focus cols=['us_Trade Weighted Dollar Index', 'jp_fx', 'kr_fx']
iter:  0 | loss: 0.015
iter:  1 | loss: 0.029
iter:  2 | loss: 0.026
iter:  3 | loss: 0.033
iter:  4 | loss: 0.020
iter:  5 | loss: 0.024
iter:  6 | loss: 0.021
iter:  7 | loss: 0.031
iter:  8 | loss: 0.036
iter:  9 | loss: 0.027
iter: 10 | loss: 0.029
iter: 11 | loss: 0.024
iter: 12 | loss: 0.049
iter: 13 | loss: 0.036
iter: 14 | loss: 0.015
iter: 15 | loss: 0.039
iter: 16 | loss: 0.017
iter: 17 | loss: 0.039
iter: 18 | loss: 0.035
iter: 19 | loss: 0.021
iter: 20 | loss: 0.019
iter: 21 | loss: 0.030
iter: 22 | loss: 0.026
iter: 23 | loss: 0.022
iter: 24 | loss: 0.030
iter: 25 | loss: 0.029
iter: 26 | loss: 0.023
iter: 27 | loss: 0.040
iter: 28 | loss: 0.029
iter: 29 | loss: 0.025
testing r= 5
rrse(target)=96.32773849273634 / 34.87594854780834 | rrse(all)=143714558329141.44 / 34622966134154.824 | report_mode=targets
[Validation] per_target_rrse_json={"us_Trade Weighted Dollar Index": 3.7376010417938232, "jp_fx": 5.222626686096191, "kr_fx": 2.6526269912719727}
[Validation] per_target_lag_mae_json={"us_Trade Weighted Dollar Index": 0.41027554869651794, "jp_fx": 0.571234941482544, "kr_fx": 5.646961688995361}
[Validation] per_target_dir_mismatch_json={"us_Trade Weighted Dollar Index": 0.45454545454545453, "jp_fx": 0.36363636363636365, "kr_fx": 0.45454545454545453}
| end of epoch   1 | time:  2.85s | train_loss 0.0280 | valid rse 2.7620 | valid rae 3.6505 | valid corr  0.2518 | valid smape  0.3100 | focus_rrse 3.8710 | obj 3.8710
testing r= 5
rrse(target)=282.7395002471356 / 87.05327089004898 | rrse(all)=36154643872979.78 / 13118448721317.795 | report_mode=targets
[Testing] per_target_rrse_json={"us_Trade Weighted Dollar Index": 2.804495096206665, "jp_fx": 1.1862537860870361, "kr_fx": 3.2645626068115234}
[Testing] per_target_lag_mae_json={"us_Trade Weighted Dollar Index": 0.659633994102478, "jp_fx": 0.8682334423065186, "kr_fx": 6.989102363586426}
[Testing] per_target_dir_mismatch_json={"us_Trade Weighted Dollar Index": 0.8181818181818182, "jp_fx": 0.7272727272727273, "kr_fx": 0.18181818181818182}
********************************************************************************************************
test rse 3.2479 | test rae 3.5988 | test corr -0.0702| test smape 0.2815 | test focus_rrse 2.4184
********************************************************************************************************
Experiment: 1
Iter: 0
epoch: 2
hp= [1, 8.5e-05, 16, 128, 256, 1024, 20, 0.05, 2, 50, 0.6, 0.1, 2, 2]
best sum= 6.160740655998211
best rrse= 2.7620105689939645
best rrae= 3.650514471254888
best corr= 0.25178438
best smape= 0.3099660606005986
best objective= 3.8709516525268555
best hps= [1, 8.5e-05, 16, 128, 256, 1024, 20, 0.05, 2, 50, 0.6, 0.1, 2, 1]
best test rse= 3.2478906002767487
best test corr= -0.0701648
[Target-Weighted Loss] weights applied: {'us_Trade Weighted Dollar Index': 60.0, 'kr_fx': 60.0, 'jp_fx': 60.0}
[Target-Only Loss] enabled for columns: ['us_Trade Weighted Dollar Index', 'jp_fx', 'kr_fx']
[Bias Penalty] enabled lambda=0.3 scope=focus cols=['us_Trade Weighted Dollar Index', 'jp_fx', 'kr_fx']
iter:  0 | loss: 0.016
iter:  1 | loss: 0.021
iter:  2 | loss: 0.027
iter:  3 | loss: 0.019
iter:  4 | loss: 0.024
iter:  5 | loss: 0.038
iter:  6 | loss: 0.029
iter:  7 | loss: 0.019
iter:  8 | loss: 0.016
iter:  9 | loss: 0.016
iter: 10 | loss: 0.024
iter: 11 | loss: 0.042
iter: 12 | loss: 0.034
iter: 13 | loss: 0.022
iter: 14 | loss: 0.042
iter: 15 | loss: 0.028
iter: 16 | loss: 0.016
iter: 17 | loss: 0.029
iter: 18 | loss: 0.032
iter: 19 | loss: 0.027
iter: 20 | loss: 0.011
iter: 21 | loss: 0.033
iter: 22 | loss: 0.029
iter: 23 | loss: 0.017
iter: 24 | loss: 0.035
iter: 25 | loss: 0.036
iter: 26 | loss: 0.022
iter: 27 | loss: 0.049
iter: 28 | loss: 0.043
iter: 29 | loss: 0.033
testing r= 5
rrse(target)=96.32773849273634 / 34.87594854780834 | rrse(all)=143714558329141.44 / 34622966134154.824 | report_mode=targets
[Validation] per_target_rrse_json={"us_Trade Weighted Dollar Index": 3.7376010417938232, "jp_fx": 5.222626686096191, "kr_fx": 2.6526269912719727}
[Validation] per_target_lag_mae_json={"us_Trade Weighted Dollar Index": 0.41027554869651794, "jp_fx": 0.571234941482544, "kr_fx": 5.646961688995361}
[Validation] per_target_dir_mismatch_json={"us_Trade Weighted Dollar Index": 0.45454545454545453, "jp_fx": 0.36363636363636365, "kr_fx": 0.45454545454545453}
| end of epoch   2 | time:  2.85s | train_loss 0.0276 | valid rse 2.7620 | valid rae 3.6505 | valid corr  0.2518 | valid smape  0.3100 | focus_rrse 3.8710 | obj 3.8710
Experiment: 1
Iter: 0
epoch: 3
hp= [1, 8.5e-05, 16, 128, 256, 1024, 20, 0.05, 2, 50, 0.6, 0.1, 2, 3]
best sum= 6.160740655998211
best rrse= 2.7620105689939645
best rrae= 3.650514471254888
best corr= 0.25178438
best smape= 0.3099660606005986
best objective= 3.8709516525268555
best hps= [1, 8.5e-05, 16, 128, 256, 1024, 20, 0.05, 2, 50, 0.6, 0.1, 2, 1]
best test rse= 3.2478906002767487
best test corr= -0.0701648
[Target-Weighted Loss] weights applied: {'us_Trade Weighted Dollar Index': 60.0, 'kr_fx': 60.0, 'jp_fx': 60.0}
[Target-Only Loss] enabled for columns: ['us_Trade Weighted Dollar Index', 'jp_fx', 'kr_fx']
[Bias Penalty] enabled lambda=0.3 scope=focus cols=['us_Trade Weighted Dollar Index', 'jp_fx', 'kr_fx']
iter:  0 | loss: 0.034
iter:  1 | loss: 0.018
iter:  2 | loss: 0.016
iter:  3 | loss: 0.032
iter:  4 | loss: 0.014
iter:  5 | loss: 0.025
iter:  6 | loss: 0.027
iter:  7 | loss: 0.019
iter:  8 | loss: 0.037
iter:  9 | loss: 0.028
iter: 10 | loss: 0.052
iter: 11 | loss: 0.020
iter: 12 | loss: 0.038
iter: 13 | loss: 0.035
iter: 14 | loss: 0.021
iter: 15 | loss: 0.021
iter: 16 | loss: 0.023
iter: 17 | loss: 0.017
iter: 18 | loss: 0.039
iter: 19 | loss: 0.019
iter: 20 | loss: 0.052
iter: 21 | loss: 0.017
iter: 22 | loss: 0.020
iter: 23 | loss: 0.042
iter: 24 | loss: 0.025
iter: 25 | loss: 0.024
iter: 26 | loss: 0.041
iter: 27 | loss: 0.026
iter: 28 | loss: 0.011
iter: 29 | loss: 0.070
testing r= 5
rrse(target)=96.32773849273634 / 34.87594854780834 | rrse(all)=143714558329141.44 / 34622966134154.824 | report_mode=targets
[Validation] per_target_rrse_json={"us_Trade Weighted Dollar Index": 3.7376010417938232, "jp_fx": 5.222626686096191, "kr_fx": 2.6526269912719727}
[Validation] per_target_lag_mae_json={"us_Trade Weighted Dollar Index": 0.41027554869651794, "jp_fx": 0.571234941482544, "kr_fx": 5.646961688995361}
[Validation] per_target_dir_mismatch_json={"us_Trade Weighted Dollar Index": 0.45454545454545453, "jp_fx": 0.36363636363636365, "kr_fx": 0.45454545454545453}
| end of epoch   3 | time:  2.69s | train_loss 0.0284 | valid rse 2.7620 | valid rae 3.6505 | valid corr  0.2518 | valid smape  0.3100 | focus_rrse 3.8710 | obj 3.8710
Experiment: 1
Iter: 0
epoch: 4
hp= [1, 8.5e-05, 16, 128, 256, 1024, 20, 0.05, 2, 50, 0.6, 0.1, 2, 4]
best sum= 6.160740655998211
best rrse= 2.7620105689939645
best rrae= 3.650514471254888
best corr= 0.25178438
best smape= 0.3099660606005986
best objective= 3.8709516525268555
best hps= [1, 8.5e-05, 16, 128, 256, 1024, 20, 0.05, 2, 50, 0.6, 0.1, 2, 1]
best test rse= 3.2478906002767487
best test corr= -0.0701648
[Target-Weighted Loss] weights applied: {'us_Trade Weighted Dollar Index': 60.0, 'kr_fx': 60.0, 'jp_fx': 60.0}
[Target-Only Loss] enabled for columns: ['us_Trade Weighted Dollar Index', 'jp_fx', 'kr_fx']
[Bias Penalty] enabled lambda=0.3 scope=focus cols=['us_Trade Weighted Dollar Index', 'jp_fx', 'kr_fx']
iter:  0 | loss: 0.031
iter:  1 | loss: 0.037
iter:  2 | loss: 0.025
iter:  3 | loss: 0.037
iter:  4 | loss: 0.030
iter:  5 | loss: 0.018
iter:  6 | loss: 0.023
iter:  7 | loss: 0.028
iter:  8 | loss: 0.031
iter:  9 | loss: 0.023
iter: 10 | loss: 0.025
iter: 11 | loss: 0.013
iter: 12 | loss: 0.026
iter: 13 | loss: 0.059
iter: 14 | loss: 0.040
iter: 15 | loss: 0.014
iter: 16 | loss: 0.031
iter: 17 | loss: 0.018
iter: 18 | loss: 0.045
iter: 19 | loss: 0.017
iter: 20 | loss: 0.024
iter: 21 | loss: 0.029
iter: 22 | loss: 0.027
iter: 23 | loss: 0.018
iter: 24 | loss: 0.031
iter: 25 | loss: 0.018
iter: 26 | loss: 0.024
iter: 27 | loss: 0.033
iter: 28 | loss: 0.023
iter: 29 | loss: 0.023
testing r= 5
rrse(target)=96.32773849273634 / 34.87594854780834 | rrse(all)=143714558329141.44 / 34622966134154.824 | report_mode=targets
[Validation] per_target_rrse_json={"us_Trade Weighted Dollar Index": 3.7376010417938232, "jp_fx": 5.222626686096191, "kr_fx": 2.6526269912719727}
[Validation] per_target_lag_mae_json={"us_Trade Weighted Dollar Index": 0.41027554869651794, "jp_fx": 0.571234941482544, "kr_fx": 5.646961688995361}
[Validation] per_target_dir_mismatch_json={"us_Trade Weighted Dollar Index": 0.45454545454545453, "jp_fx": 0.36363636363636365, "kr_fx": 0.45454545454545453}
| end of epoch   4 | time:  2.68s | train_loss 0.0274 | valid rse 2.7620 | valid rae 3.6505 | valid corr  0.2518 | valid smape  0.3100 | focus_rrse 3.8710 | obj 3.8710
Experiment: 1
Iter: 0
epoch: 5
hp= [1, 8.5e-05, 16, 128, 256, 1024, 20, 0.05, 2, 50, 0.6, 0.1, 2, 5]
best sum= 6.160740655998211
best rrse= 2.7620105689939645
best rrae= 3.650514471254888
best corr= 0.25178438
best smape= 0.3099660606005986
best objective= 3.8709516525268555
best hps= [1, 8.5e-05, 16, 128, 256, 1024, 20, 0.05, 2, 50, 0.6, 0.1, 2, 1]
best test rse= 3.2478906002767487
best test corr= -0.0701648
[Target-Weighted Loss] weights applied: {'us_Trade Weighted Dollar Index': 60.0, 'kr_fx': 60.0, 'jp_fx': 60.0}
[Target-Only Loss] enabled for columns: ['us_Trade Weighted Dollar Index', 'jp_fx', 'kr_fx']
[Bias Penalty] enabled lambda=0.3 scope=focus cols=['us_Trade Weighted Dollar Index', 'jp_fx', 'kr_fx']
iter:  0 | loss: 0.024
iter:  1 | loss: 0.038
iter:  2 | loss: 0.025
iter:  3 | loss: 0.020
iter:  4 | loss: 0.024
iter:  5 | loss: 0.017
iter:  6 | loss: 0.026
iter:  7 | loss: 0.052
iter:  8 | loss: 0.023
iter:  9 | loss: 0.016
iter: 10 | loss: 0.031
iter: 11 | loss: 0.030
iter: 12 | loss: 0.034
iter: 13 | loss: 0.034
iter: 14 | loss: 0.023
iter: 15 | loss: 0.046
iter: 16 | loss: 0.012
iter: 17 | loss: 0.030
iter: 18 | loss: 0.045
iter: 19 | loss: 0.025
iter: 20 | loss: 0.020
iter: 21 | loss: 0.029
iter: 22 | loss: 0.025
iter: 23 | loss: 0.022
iter: 24 | loss: 0.023
iter: 25 | loss: 0.055
iter: 26 | loss: 0.033
iter: 27 | loss: 0.014
iter: 28 | loss: 0.024
iter: 29 | loss: 0.034
testing r= 5
rrse(target)=96.32773849273634 / 34.87594854780834 | rrse(all)=143714558329141.44 / 34622966134154.824 | report_mode=targets
[Validation] per_target_rrse_json={"us_Trade Weighted Dollar Index": 3.7376010417938232, "jp_fx": 5.222626686096191, "kr_fx": 2.6526269912719727}
[Validation] per_target_lag_mae_json={"us_Trade Weighted Dollar Index": 0.41027554869651794, "jp_fx": 0.571234941482544, "kr_fx": 5.646961688995361}
[Validation] per_target_dir_mismatch_json={"us_Trade Weighted Dollar Index": 0.45454545454545453, "jp_fx": 0.36363636363636365, "kr_fx": 0.45454545454545453}
| end of epoch   5 | time:  2.69s | train_loss 0.0284 | valid rse 2.7620 | valid rae 3.6505 | valid corr  0.2518 | valid smape  0.3100 | focus_rrse 3.8710 | obj 3.8710
Experiment: 1
Iter: 0
epoch: 6
hp= [1, 8.5e-05, 16, 128, 256, 1024, 20, 0.05, 2, 50, 0.6, 0.1, 2, 6]
best sum= 6.160740655998211
best rrse= 2.7620105689939645
best rrae= 3.650514471254888
best corr= 0.25178438
best smape= 0.3099660606005986
best objective= 3.8709516525268555
best hps= [1, 8.5e-05, 16, 128, 256, 1024, 20, 0.05, 2, 50, 0.6, 0.1, 2, 1]
best test rse= 3.2478906002767487
best test corr= -0.0701648
[Target-Weighted Loss] weights applied: {'us_Trade Weighted Dollar Index': 60.0, 'kr_fx': 60.0, 'jp_fx': 60.0}
[Target-Only Loss] enabled for columns: ['us_Trade Weighted Dollar Index', 'jp_fx', 'kr_fx']
[Bias Penalty] enabled lambda=0.3 scope=focus cols=['us_Trade Weighted Dollar Index', 'jp_fx', 'kr_fx']
iter:  0 | loss: 0.051
iter:  1 | loss: 0.031
iter:  2 | loss: 0.024
iter:  3 | loss: 0.046
iter:  4 | loss: 0.013
iter:  5 | loss: 0.046
iter:  6 | loss: 0.017
iter:  7 | loss: 0.036
iter:  8 | loss: 0.014
iter:  9 | loss: 0.018
iter: 10 | loss: 0.031
iter: 11 | loss: 0.038
iter: 12 | loss: 0.033
iter: 13 | loss: 0.019
iter: 14 | loss: 0.023
iter: 15 | loss: 0.026
iter: 16 | loss: 0.033
iter: 17 | loss: 0.049
iter: 18 | loss: 0.022
iter: 19 | loss: 0.031
iter: 20 | loss: 0.040
iter: 21 | loss: 0.024
iter: 22 | loss: 0.031
iter: 23 | loss: 0.022
iter: 24 | loss: 0.013
iter: 25 | loss: 0.027
iter: 26 | loss: 0.009
iter: 27 | loss: 0.015
iter: 28 | loss: 0.016
iter: 29 | loss: 0.060
testing r= 5
rrse(target)=96.32773849273634 / 34.87594854780834 | rrse(all)=143714558329141.44 / 34622966134154.824 | report_mode=targets
[Validation] per_target_rrse_json={"us_Trade Weighted Dollar Index": 3.7376010417938232, "jp_fx": 5.222626686096191, "kr_fx": 2.6526269912719727}
[Validation] per_target_lag_mae_json={"us_Trade Weighted Dollar Index": 0.41027554869651794, "jp_fx": 0.571234941482544, "kr_fx": 5.646961688995361}
[Validation] per_target_dir_mismatch_json={"us_Trade Weighted Dollar Index": 0.45454545454545453, "jp_fx": 0.36363636363636365, "kr_fx": 0.45454545454545453}
| end of epoch   6 | time:  2.77s | train_loss 0.0283 | valid rse 2.7620 | valid rae 3.6505 | valid corr  0.2518 | valid smape  0.3100 | focus_rrse 3.8710 | obj 3.8710
Experiment: 1
Iter: 0
epoch: 7
hp= [1, 8.5e-05, 16, 128, 256, 1024, 20, 0.05, 2, 50, 0.6, 0.1, 2, 7]
best sum= 6.160740655998211
best rrse= 2.7620105689939645
best rrae= 3.650514471254888
best corr= 0.25178438
best smape= 0.3099660606005986
best objective= 3.8709516525268555
best hps= [1, 8.5e-05, 16, 128, 256, 1024, 20, 0.05, 2, 50, 0.6, 0.1, 2, 1]
best test rse= 3.2478906002767487
best test corr= -0.0701648
[Target-Weighted Loss] weights applied: {'us_Trade Weighted Dollar Index': 60.0, 'kr_fx': 60.0, 'jp_fx': 60.0}
[Target-Only Loss] enabled for columns: ['us_Trade Weighted Dollar Index', 'jp_fx', 'kr_fx']
[Bias Penalty] enabled lambda=0.3 scope=focus cols=['us_Trade Weighted Dollar Index', 'jp_fx', 'kr_fx']
iter:  0 | loss: 0.029
iter:  1 | loss: 0.017
iter:  2 | loss: 0.023
iter:  3 | loss: 0.033
iter:  4 | loss: 0.040
iter:  5 | loss: 0.053
iter:  6 | loss: 0.017
iter:  7 | loss: 0.032
iter:  8 | loss: 0.022
iter:  9 | loss: 0.043
iter: 10 | loss: 0.041
iter: 11 | loss: 0.027
iter: 12 | loss: 0.023
iter: 13 | loss: 0.024
iter: 14 | loss: 0.027
iter: 15 | loss: 0.023
iter: 16 | loss: 0.047
iter: 17 | loss: 0.019
iter: 18 | loss: 0.032
iter: 19 | loss: 0.025
iter: 20 | loss: 0.019
iter: 21 | loss: 0.025
iter: 22 | loss: 0.032
iter: 23 | loss: 0.031
iter: 24 | loss: 0.043
iter: 25 | loss: 0.012
iter: 26 | loss: 0.030
iter: 27 | loss: 0.014
iter: 28 | loss: 0.012
iter: 29 | loss: 0.029
testing r= 5
rrse(target)=96.32773849273634 / 34.87594854780834 | rrse(all)=143714558329141.44 / 34622966134154.824 | report_mode=targets
[Validation] per_target_rrse_json={"us_Trade Weighted Dollar Index": 3.7376010417938232, "jp_fx": 5.222626686096191, "kr_fx": 2.6526269912719727}
[Validation] per_target_lag_mae_json={"us_Trade Weighted Dollar Index": 0.41027554869651794, "jp_fx": 0.571234941482544, "kr_fx": 5.646961688995361}
[Validation] per_target_dir_mismatch_json={"us_Trade Weighted Dollar Index": 0.45454545454545453, "jp_fx": 0.36363636363636365, "kr_fx": 0.45454545454545453}
| end of epoch   7 | time:  2.76s | train_loss 0.0282 | valid rse 2.7620 | valid rae 3.6505 | valid corr  0.2518 | valid smape  0.3100 | focus_rrse 3.8710 | obj 3.8710
Experiment: 1
Iter: 0
epoch: 8
hp= [1, 8.5e-05, 16, 128, 256, 1024, 20, 0.05, 2, 50, 0.6, 0.1, 2, 8]
best sum= 6.160740655998211
best rrse= 2.7620105689939645
best rrae= 3.650514471254888
best corr= 0.25178438
best smape= 0.3099660606005986
best objective= 3.8709516525268555
best hps= [1, 8.5e-05, 16, 128, 256, 1024, 20, 0.05, 2, 50, 0.6, 0.1, 2, 1]
best test rse= 3.2478906002767487
best test corr= -0.0701648
[Target-Weighted Loss] weights applied: {'us_Trade Weighted Dollar Index': 60.0, 'kr_fx': 60.0, 'jp_fx': 60.0}
[Target-Only Loss] enabled for columns: ['us_Trade Weighted Dollar Index', 'jp_fx', 'kr_fx']
[Bias Penalty] enabled lambda=0.3 scope=focus cols=['us_Trade Weighted Dollar Index', 'jp_fx', 'kr_fx']
iter:  0 | loss: 0.019
iter:  1 | loss: 0.022
iter:  2 | loss: 0.054
iter:  3 | loss: 0.049
iter:  4 | loss: 0.024
iter:  5 | loss: 0.025
iter:  6 | loss: 0.021
iter:  7 | loss: 0.021
iter:  8 | loss: 0.027
iter:  9 | loss: 0.016
iter: 10 | loss: 0.018
iter: 11 | loss: 0.025
iter: 12 | loss: 0.017
iter: 13 | loss: 0.038
iter: 14 | loss: 0.038
iter: 15 | loss: 0.025
iter: 16 | loss: 0.029
iter: 17 | loss: 0.027
iter: 18 | loss: 0.043
iter: 19 | loss: 0.017
iter: 20 | loss: 0.024
iter: 21 | loss: 0.042
iter: 22 | loss: 0.028
iter: 23 | loss: 0.020
iter: 24 | loss: 0.016
iter: 25 | loss: 0.020
iter: 26 | loss: 0.032
iter: 27 | loss: 0.020
iter: 28 | loss: 0.022
iter: 29 | loss: 0.077
testing r= 5
rrse(target)=96.32773849273634 / 34.87594854780834 | rrse(all)=143714558329141.44 / 34622966134154.824 | report_mode=targets
[Validation] per_target_rrse_json={"us_Trade Weighted Dollar Index": 3.7376010417938232, "jp_fx": 5.222626686096191, "kr_fx": 2.6526269912719727}
[Validation] per_target_lag_mae_json={"us_Trade Weighted Dollar Index": 0.41027554869651794, "jp_fx": 0.571234941482544, "kr_fx": 5.646961688995361}
[Validation] per_target_dir_mismatch_json={"us_Trade Weighted Dollar Index": 0.45454545454545453, "jp_fx": 0.36363636363636365, "kr_fx": 0.45454545454545453}
| end of epoch   8 | time:  2.75s | train_loss 0.0282 | valid rse 2.7620 | valid rae 3.6505 | valid corr  0.2518 | valid smape  0.3100 | focus_rrse 3.8710 | obj 3.8710
Experiment: 1
Iter: 0
epoch: 9
hp= [1, 8.5e-05, 16, 128, 256, 1024, 20, 0.05, 2, 50, 0.6, 0.1, 2, 9]
best sum= 6.160740655998211
best rrse= 2.7620105689939645
best rrae= 3.650514471254888
best corr= 0.25178438
best smape= 0.3099660606005986
best objective= 3.8709516525268555
best hps= [1, 8.5e-05, 16, 128, 256, 1024, 20, 0.05, 2, 50, 0.6, 0.1, 2, 1]
best test rse= 3.2478906002767487
best test corr= -0.0701648
[Target-Weighted Loss] weights applied: {'us_Trade Weighted Dollar Index': 60.0, 'kr_fx': 60.0, 'jp_fx': 60.0}
[Target-Only Loss] enabled for columns: ['us_Trade Weighted Dollar Index', 'jp_fx', 'kr_fx']
[Bias Penalty] enabled lambda=0.3 scope=focus cols=['us_Trade Weighted Dollar Index', 'jp_fx', 'kr_fx']
iter:  0 | loss: 0.030
iter:  1 | loss: 0.033
iter:  2 | loss: 0.021
iter:  3 | loss: 0.029
iter:  4 | loss: 0.042
iter:  5 | loss: 0.018
iter:  6 | loss: 0.024
iter:  7 | loss: 0.039
iter:  8 | loss: 0.023
iter:  9 | loss: 0.026
iter: 10 | loss: 0.029
iter: 11 | loss: 0.023
iter: 12 | loss: 0.026
iter: 13 | loss: 0.022
iter: 14 | loss: 0.046
iter: 15 | loss: 0.026
iter: 16 | loss: 0.038
iter: 17 | loss: 0.039
iter: 18 | loss: 0.028
iter: 19 | loss: 0.028
iter: 20 | loss: 0.038
iter: 21 | loss: 0.025
iter: 22 | loss: 0.018
iter: 23 | loss: 0.024
iter: 24 | loss: 0.012
iter: 25 | loss: 0.037
iter: 26 | loss: 0.018
iter: 27 | loss: 0.023
iter: 28 | loss: 0.030
iter: 29 | loss: 0.018
testing r= 5
rrse(target)=96.32773849273634 / 34.87594854780834 | rrse(all)=143714558329141.44 / 34622966134154.824 | report_mode=targets
[Validation] per_target_rrse_json={"us_Trade Weighted Dollar Index": 3.7376010417938232, "jp_fx": 5.222626686096191, "kr_fx": 2.6526269912719727}
[Validation] per_target_lag_mae_json={"us_Trade Weighted Dollar Index": 0.41027554869651794, "jp_fx": 0.571234941482544, "kr_fx": 5.646961688995361}
[Validation] per_target_dir_mismatch_json={"us_Trade Weighted Dollar Index": 0.45454545454545453, "jp_fx": 0.36363636363636365, "kr_fx": 0.45454545454545453}
| end of epoch   9 | time:  2.68s | train_loss 0.0278 | valid rse 2.7620 | valid rae 3.6505 | valid corr  0.2518 | valid smape  0.3100 | focus_rrse 3.8710 | obj 3.8710
Experiment: 1
Iter: 0
epoch: 10
hp= [1, 8.5e-05, 16, 128, 256, 1024, 20, 0.05, 2, 50, 0.6, 0.1, 2, 10]
best sum= 6.160740655998211
best rrse= 2.7620105689939645
best rrae= 3.650514471254888
best corr= 0.25178438
best smape= 0.3099660606005986
best objective= 3.8709516525268555
best hps= [1, 8.5e-05, 16, 128, 256, 1024, 20, 0.05, 2, 50, 0.6, 0.1, 2, 1]
best test rse= 3.2478906002767487
best test corr= -0.0701648
[Target-Weighted Loss] weights applied: {'us_Trade Weighted Dollar Index': 60.0, 'kr_fx': 60.0, 'jp_fx': 60.0}
[Target-Only Loss] enabled for columns: ['us_Trade Weighted Dollar Index', 'jp_fx', 'kr_fx']
[Bias Penalty] enabled lambda=0.3 scope=focus cols=['us_Trade Weighted Dollar Index', 'jp_fx', 'kr_fx']
iter:  0 | loss: 0.029
iter:  1 | loss: 0.063
iter:  2 | loss: 0.029
iter:  3 | loss: 0.033
iter:  4 | loss: 0.024
iter:  5 | loss: 0.039
iter:  6 | loss: 0.016
iter:  7 | loss: 0.022
iter:  8 | loss: 0.011
iter:  9 | loss: 0.025
iter: 10 | loss: 0.046
iter: 11 | loss: 0.028
iter: 12 | loss: 0.027
iter: 13 | loss: 0.033
iter: 14 | loss: 0.027
iter: 15 | loss: 0.023
iter: 16 | loss: 0.022
iter: 17 | loss: 0.029
iter: 18 | loss: 0.030
iter: 19 | loss: 0.035
iter: 20 | loss: 0.039
iter: 21 | loss: 0.022
iter: 22 | loss: 0.030
iter: 23 | loss: 0.027
iter: 24 | loss: 0.020
iter: 25 | loss: 0.018
iter: 26 | loss: 0.012
iter: 27 | loss: 0.030
iter: 28 | loss: 0.032
iter: 29 | loss: 0.024
testing r= 5
rrse(target)=96.32773849273634 / 34.87594854780834 | rrse(all)=143714558329141.44 / 34622966134154.824 | report_mode=targets
[Validation] per_target_rrse_json={"us_Trade Weighted Dollar Index": 3.7376010417938232, "jp_fx": 5.222626686096191, "kr_fx": 2.6526269912719727}
[Validation] per_target_lag_mae_json={"us_Trade Weighted Dollar Index": 0.41027554869651794, "jp_fx": 0.571234941482544, "kr_fx": 5.646961688995361}
[Validation] per_target_dir_mismatch_json={"us_Trade Weighted Dollar Index": 0.45454545454545453, "jp_fx": 0.36363636363636365, "kr_fx": 0.45454545454545453}
| end of epoch  10 | time:  2.81s | train_loss 0.0282 | valid rse 2.7620 | valid rae 3.6505 | valid corr  0.2518 | valid smape  0.3100 | focus_rrse 3.8710 | obj 3.8710
Experiment: 1
Iter: 0
epoch: 11
hp= [1, 8.5e-05, 16, 128, 256, 1024, 20, 0.05, 2, 50, 0.6, 0.1, 2, 11]
best sum= 6.160740655998211
best rrse= 2.7620105689939645
best rrae= 3.650514471254888
best corr= 0.25178438
best smape= 0.3099660606005986
best objective= 3.8709516525268555
best hps= [1, 8.5e-05, 16, 128, 256, 1024, 20, 0.05, 2, 50, 0.6, 0.1, 2, 1]
best test rse= 3.2478906002767487
best test corr= -0.0701648
[Target-Weighted Loss] weights applied: {'us_Trade Weighted Dollar Index': 60.0, 'kr_fx': 60.0, 'jp_fx': 60.0}
[Target-Only Loss] enabled for columns: ['us_Trade Weighted Dollar Index', 'jp_fx', 'kr_fx']
[Bias Penalty] enabled lambda=0.3 scope=focus cols=['us_Trade Weighted Dollar Index', 'jp_fx', 'kr_fx']
iter:  0 | loss: 0.028
iter:  1 | loss: 0.023
iter:  2 | loss: 0.026
iter:  3 | loss: 0.033
iter:  4 | loss: 0.020
iter:  5 | loss: 0.035
iter:  6 | loss: 0.012
iter:  7 | loss: 0.028
iter:  8 | loss: 0.033
iter:  9 | loss: 0.025
iter: 10 | loss: 0.018
iter: 11 | loss: 0.022
iter: 12 | loss: 0.027
iter: 13 | loss: 0.038
iter: 14 | loss: 0.034
iter: 15 | loss: 0.036
iter: 16 | loss: 0.023
iter: 17 | loss: 0.030
iter: 18 | loss: 0.036
iter: 19 | loss: 0.028
iter: 20 | loss: 0.025
iter: 21 | loss: 0.021
iter: 22 | loss: 0.021
iter: 23 | loss: 0.040
iter: 24 | loss: 0.025
iter: 25 | loss: 0.031
iter: 26 | loss: 0.020
iter: 27 | loss: 0.023
iter: 28 | loss: 0.032
iter: 29 | loss: 0.038
testing r= 5
rrse(target)=96.32773849273634 / 34.87594854780834 | rrse(all)=143714558329141.44 / 34622966134154.824 | report_mode=targets
[Validation] per_target_rrse_json={"us_Trade Weighted Dollar Index": 3.7376010417938232, "jp_fx": 5.222626686096191, "kr_fx": 2.6526269912719727}
[Validation] per_target_lag_mae_json={"us_Trade Weighted Dollar Index": 0.41027554869651794, "jp_fx": 0.571234941482544, "kr_fx": 5.646961688995361}
[Validation] per_target_dir_mismatch_json={"us_Trade Weighted Dollar Index": 0.45454545454545453, "jp_fx": 0.36363636363636365, "kr_fx": 0.45454545454545453}
| end of epoch  11 | time:  2.78s | train_loss 0.0277 | valid rse 2.7620 | valid rae 3.6505 | valid corr  0.2518 | valid smape  0.3100 | focus_rrse 3.8710 | obj 3.8710
Experiment: 1
Iter: 0
epoch: 12
hp= [1, 8.5e-05, 16, 128, 256, 1024, 20, 0.05, 2, 50, 0.6, 0.1, 2, 12]
best sum= 6.160740655998211
best rrse= 2.7620105689939645
best rrae= 3.650514471254888
best corr= 0.25178438
best smape= 0.3099660606005986
best objective= 3.8709516525268555
best hps= [1, 8.5e-05, 16, 128, 256, 1024, 20, 0.05, 2, 50, 0.6, 0.1, 2, 1]
best test rse= 3.2478906002767487
best test corr= -0.0701648
[Target-Weighted Loss] weights applied: {'us_Trade Weighted Dollar Index': 60.0, 'kr_fx': 60.0, 'jp_fx': 60.0}
[Target-Only Loss] enabled for columns: ['us_Trade Weighted Dollar Index', 'jp_fx', 'kr_fx']
[Bias Penalty] enabled lambda=0.3 scope=focus cols=['us_Trade Weighted Dollar Index', 'jp_fx', 'kr_fx']
iter:  0 | loss: 0.042
iter:  1 | loss: 0.052
iter:  2 | loss: 0.016
iter:  3 | loss: 0.014
iter:  4 | loss: 0.032
iter:  5 | loss: 0.043
iter:  6 | loss: 0.038
iter:  7 | loss: 0.049
iter:  8 | loss: 0.025
iter:  9 | loss: 0.030
iter: 10 | loss: 0.019
iter: 11 | loss: 0.024
iter: 12 | loss: 0.021
iter: 13 | loss: 0.022
iter: 14 | loss: 0.029
iter: 15 | loss: 0.035
iter: 16 | loss: 0.015
iter: 17 | loss: 0.027
iter: 18 | loss: 0.025
iter: 19 | loss: 0.013
iter: 20 | loss: 0.020
iter: 21 | loss: 0.033
iter: 22 | loss: 0.023
iter: 23 | loss: 0.023
iter: 24 | loss: 0.021
iter: 25 | loss: 0.021
iter: 26 | loss: 0.037
iter: 27 | loss: 0.029
iter: 28 | loss: 0.024
iter: 29 | loss: 0.036
testing r= 5
rrse(target)=96.32773849273634 / 34.87594854780834 | rrse(all)=143714558329141.44 / 34622966134154.824 | report_mode=targets
[Validation] per_target_rrse_json={"us_Trade Weighted Dollar Index": 3.7376010417938232, "jp_fx": 5.222626686096191, "kr_fx": 2.6526269912719727}
[Validation] per_target_lag_mae_json={"us_Trade Weighted Dollar Index": 0.41027554869651794, "jp_fx": 0.571234941482544, "kr_fx": 5.646961688995361}
[Validation] per_target_dir_mismatch_json={"us_Trade Weighted Dollar Index": 0.45454545454545453, "jp_fx": 0.36363636363636365, "kr_fx": 0.45454545454545453}
| end of epoch  12 | time:  2.86s | train_loss 0.0280 | valid rse 2.7620 | valid rae 3.6505 | valid corr  0.2518 | valid smape  0.3100 | focus_rrse 3.8710 | obj 3.8710
Experiment: 1
Iter: 0
epoch: 13
hp= [1, 8.5e-05, 16, 128, 256, 1024, 20, 0.05, 2, 50, 0.6, 0.1, 2, 13]
best sum= 6.160740655998211
best rrse= 2.7620105689939645
best rrae= 3.650514471254888
best corr= 0.25178438
best smape= 0.3099660606005986
best objective= 3.8709516525268555
best hps= [1, 8.5e-05, 16, 128, 256, 1024, 20, 0.05, 2, 50, 0.6, 0.1, 2, 1]
best test rse= 3.2478906002767487
best test corr= -0.0701648
[Target-Weighted Loss] weights applied: {'us_Trade Weighted Dollar Index': 60.0, 'kr_fx': 60.0, 'jp_fx': 60.0}
[Target-Only Loss] enabled for columns: ['us_Trade Weighted Dollar Index', 'jp_fx', 'kr_fx']
[Bias Penalty] enabled lambda=0.3 scope=focus cols=['us_Trade Weighted Dollar Index', 'jp_fx', 'kr_fx']
iter:  0 | loss: 0.037
iter:  1 | loss: 0.024
iter:  2 | loss: 0.037
iter:  3 | loss: 0.011
iter:  4 | loss: 0.028
iter:  5 | loss: 0.028
iter:  6 | loss: 0.014
iter:  7 | loss: 0.033
iter:  8 | loss: 0.039
iter:  9 | loss: 0.023
iter: 10 | loss: 0.019
iter: 11 | loss: 0.047
iter: 12 | loss: 0.052
iter: 13 | loss: 0.018
iter: 14 | loss: 0.034
iter: 15 | loss: 0.021
iter: 16 | loss: 0.024
iter: 17 | loss: 0.024
iter: 18 | loss: 0.019
iter: 19 | loss: 0.033
iter: 20 | loss: 0.022
iter: 21 | loss: 0.020
iter: 22 | loss: 0.040
iter: 23 | loss: 0.027
iter: 24 | loss: 0.032
iter: 25 | loss: 0.031
iter: 26 | loss: 0.020
iter: 27 | loss: 0.025
iter: 28 | loss: 0.024
iter: 29 | loss: 0.027
testing r= 5
rrse(target)=96.32773849273634 / 34.87594854780834 | rrse(all)=143714558329141.44 / 34622966134154.824 | report_mode=targets
[Validation] per_target_rrse_json={"us_Trade Weighted Dollar Index": 3.7376010417938232, "jp_fx": 5.222626686096191, "kr_fx": 2.6526269912719727}
[Validation] per_target_lag_mae_json={"us_Trade Weighted Dollar Index": 0.41027554869651794, "jp_fx": 0.571234941482544, "kr_fx": 5.646961688995361}
[Validation] per_target_dir_mismatch_json={"us_Trade Weighted Dollar Index": 0.45454545454545453, "jp_fx": 0.36363636363636365, "kr_fx": 0.45454545454545453}
| end of epoch  13 | time:  2.92s | train_loss 0.0276 | valid rse 2.7620 | valid rae 3.6505 | valid corr  0.2518 | valid smape  0.3100 | focus_rrse 3.8710 | obj 3.8710
Experiment: 1
Iter: 0
epoch: 14
hp= [1, 8.5e-05, 16, 128, 256, 1024, 20, 0.05, 2, 50, 0.6, 0.1, 2, 14]
best sum= 6.160740655998211
best rrse= 2.7620105689939645
best rrae= 3.650514471254888
best corr= 0.25178438
best smape= 0.3099660606005986
best objective= 3.8709516525268555
best hps= [1, 8.5e-05, 16, 128, 256, 1024, 20, 0.05, 2, 50, 0.6, 0.1, 2, 1]
best test rse= 3.2478906002767487
best test corr= -0.0701648
[Target-Weighted Loss] weights applied: {'us_Trade Weighted Dollar Index': 60.0, 'kr_fx': 60.0, 'jp_fx': 60.0}
[Target-Only Loss] enabled for columns: ['us_Trade Weighted Dollar Index', 'jp_fx', 'kr_fx']
[Bias Penalty] enabled lambda=0.3 scope=focus cols=['us_Trade Weighted Dollar Index', 'jp_fx', 'kr_fx']
iter:  0 | loss: 0.026
iter:  1 | loss: 0.026
iter:  2 | loss: 0.017
iter:  3 | loss: 0.021
iter:  4 | loss: 0.042
iter:  5 | loss: 0.026
iter:  6 | loss: 0.027
iter:  7 | loss: 0.014
iter:  8 | loss: 0.039
iter:  9 | loss: 0.018
iter: 10 | loss: 0.041
iter: 11 | loss: 0.033
iter: 12 | loss: 0.027
iter: 13 | loss: 0.011
iter: 14 | loss: 0.044
iter: 15 | loss: 0.023
iter: 16 | loss: 0.028
iter: 17 | loss: 0.055
iter: 18 | loss: 0.027
iter: 19 | loss: 0.012
iter: 20 | loss: 0.026
iter: 21 | loss: 0.035
iter: 22 | loss: 0.041
iter: 23 | loss: 0.016
iter: 24 | loss: 0.022
iter: 25 | loss: 0.038
iter: 26 | loss: 0.018
iter: 27 | loss: 0.017
iter: 28 | loss: 0.027
iter: 29 | loss: 0.030
testing r= 5
rrse(target)=96.32773849273634 / 34.87594854780834 | rrse(all)=143714558329141.44 / 34622966134154.824 | report_mode=targets
[Validation] per_target_rrse_json={"us_Trade Weighted Dollar Index": 3.7376010417938232, "jp_fx": 5.222626686096191, "kr_fx": 2.6526269912719727}
[Validation] per_target_lag_mae_json={"us_Trade Weighted Dollar Index": 0.41027554869651794, "jp_fx": 0.571234941482544, "kr_fx": 5.646961688995361}
[Validation] per_target_dir_mismatch_json={"us_Trade Weighted Dollar Index": 0.45454545454545453, "jp_fx": 0.36363636363636365, "kr_fx": 0.45454545454545453}
| end of epoch  14 | time:  2.83s | train_loss 0.0275 | valid rse 2.7620 | valid rae 3.6505 | valid corr  0.2518 | valid smape  0.3100 | focus_rrse 3.8710 | obj 3.8710
Experiment: 1
Iter: 0
epoch: 15
hp= [1, 8.5e-05, 16, 128, 256, 1024, 20, 0.05, 2, 50, 0.6, 0.1, 2, 15]
best sum= 6.160740655998211
best rrse= 2.7620105689939645
best rrae= 3.650514471254888
best corr= 0.25178438
best smape= 0.3099660606005986
best objective= 3.8709516525268555
best hps= [1, 8.5e-05, 16, 128, 256, 1024, 20, 0.05, 2, 50, 0.6, 0.1, 2, 1]
best test rse= 3.2478906002767487
best test corr= -0.0701648
[Target-Weighted Loss] weights applied: {'us_Trade Weighted Dollar Index': 60.0, 'kr_fx': 60.0, 'jp_fx': 60.0}
[Target-Only Loss] enabled for columns: ['us_Trade Weighted Dollar Index', 'jp_fx', 'kr_fx']
[Bias Penalty] enabled lambda=0.3 scope=focus cols=['us_Trade Weighted Dollar Index', 'jp_fx', 'kr_fx']
iter:  0 | loss: 0.041
iter:  1 | loss: 0.011
iter:  2 | loss: 0.030
iter:  3 | loss: 0.032
iter:  4 | loss: 0.049
iter:  5 | loss: 0.014
iter:  6 | loss: 0.038
iter:  7 | loss: 0.034
iter:  8 | loss: 0.019
iter:  9 | loss: 0.026
iter: 10 | loss: 0.026
iter: 11 | loss: 0.040
iter: 12 | loss: 0.024
iter: 13 | loss: 0.018
iter: 14 | loss: 0.023
iter: 15 | loss: 0.029
iter: 16 | loss: 0.016
iter: 17 | loss: 0.026
iter: 18 | loss: 0.029
iter: 19 | loss: 0.027
iter: 20 | loss: 0.019
iter: 21 | loss: 0.018
iter: 22 | loss: 0.037
iter: 23 | loss: 0.032
iter: 24 | loss: 0.031
iter: 25 | loss: 0.040
iter: 26 | loss: 0.030
iter: 27 | loss: 0.023
iter: 28 | loss: 0.033
iter: 29 | loss: 0.026
testing r= 5
rrse(target)=96.32773849273634 / 34.87594854780834 | rrse(all)=143714558329141.44 / 34622966134154.824 | report_mode=targets
[Validation] per_target_rrse_json={"us_Trade Weighted Dollar Index": 3.7376010417938232, "jp_fx": 5.222626686096191, "kr_fx": 2.6526269912719727}
[Validation] per_target_lag_mae_json={"us_Trade Weighted Dollar Index": 0.41027554869651794, "jp_fx": 0.571234941482544, "kr_fx": 5.646961688995361}
[Validation] per_target_dir_mismatch_json={"us_Trade Weighted Dollar Index": 0.45454545454545453, "jp_fx": 0.36363636363636365, "kr_fx": 0.45454545454545453}
| end of epoch  15 | time:  2.80s | train_loss 0.0281 | valid rse 2.7620 | valid rae 3.6505 | valid corr  0.2518 | valid smape  0.3100 | focus_rrse 3.8710 | obj 3.8710
Experiment: 1
Iter: 0
epoch: 16
hp= [1, 8.5e-05, 16, 128, 256, 1024, 20, 0.05, 2, 50, 0.6, 0.1, 2, 16]
best sum= 6.160740655998211
best rrse= 2.7620105689939645
best rrae= 3.650514471254888
best corr= 0.25178438
best smape= 0.3099660606005986
best objective= 3.8709516525268555
best hps= [1, 8.5e-05, 16, 128, 256, 1024, 20, 0.05, 2, 50, 0.6, 0.1, 2, 1]
best test rse= 3.2478906002767487
best test corr= -0.0701648
[Target-Weighted Loss] weights applied: {'us_Trade Weighted Dollar Index': 60.0, 'kr_fx': 60.0, 'jp_fx': 60.0}
[Target-Only Loss] enabled for columns: ['us_Trade Weighted Dollar Index', 'jp_fx', 'kr_fx']
[Bias Penalty] enabled lambda=0.3 scope=focus cols=['us_Trade Weighted Dollar Index', 'jp_fx', 'kr_fx']
iter:  0 | loss: 0.038
iter:  1 | loss: 0.026
iter:  2 | loss: 0.035
iter:  3 | loss: 0.014
iter:  4 | loss: 0.022
iter:  5 | loss: 0.023
iter:  6 | loss: 0.022
iter:  7 | loss: 0.033
iter:  8 | loss: 0.037
iter:  9 | loss: 0.020
iter: 10 | loss: 0.020
iter: 11 | loss: 0.025
iter: 12 | loss: 0.044
iter: 13 | loss: 0.042
iter: 14 | loss: 0.037
iter: 15 | loss: 0.028
iter: 16 | loss: 0.025
iter: 17 | loss: 0.040
iter: 18 | loss: 0.042
iter: 19 | loss: 0.019
iter: 20 | loss: 0.029
iter: 21 | loss: 0.016
iter: 22 | loss: 0.027
iter: 23 | loss: 0.024
iter: 24 | loss: 0.030
iter: 25 | loss: 0.021
iter: 26 | loss: 0.026
iter: 27 | loss: 0.017
iter: 28 | loss: 0.026
iter: 29 | loss: 0.035
testing r= 5
rrse(target)=96.32773849273634 / 34.87594854780834 | rrse(all)=143714558329141.44 / 34622966134154.824 | report_mode=targets
[Validation] per_target_rrse_json={"us_Trade Weighted Dollar Index": 3.7376010417938232, "jp_fx": 5.222626686096191, "kr_fx": 2.6526269912719727}
[Validation] per_target_lag_mae_json={"us_Trade Weighted Dollar Index": 0.41027554869651794, "jp_fx": 0.571234941482544, "kr_fx": 5.646961688995361}
[Validation] per_target_dir_mismatch_json={"us_Trade Weighted Dollar Index": 0.45454545454545453, "jp_fx": 0.36363636363636365, "kr_fx": 0.45454545454545453}
| end of epoch  16 | time:  2.76s | train_loss 0.0281 | valid rse 2.7620 | valid rae 3.6505 | valid corr  0.2518 | valid smape  0.3100 | focus_rrse 3.8710 | obj 3.8710
Experiment: 1
Iter: 0
epoch: 17
hp= [1, 8.5e-05, 16, 128, 256, 1024, 20, 0.05, 2, 50, 0.6, 0.1, 2, 17]
best sum= 6.160740655998211
best rrse= 2.7620105689939645
best rrae= 3.650514471254888
best corr= 0.25178438
best smape= 0.3099660606005986
best objective= 3.8709516525268555
best hps= [1, 8.5e-05, 16, 128, 256, 1024, 20, 0.05, 2, 50, 0.6, 0.1, 2, 1]
best test rse= 3.2478906002767487
best test corr= -0.0701648
[Target-Weighted Loss] weights applied: {'us_Trade Weighted Dollar Index': 60.0, 'kr_fx': 60.0, 'jp_fx': 60.0}
[Target-Only Loss] enabled for columns: ['us_Trade Weighted Dollar Index', 'jp_fx', 'kr_fx']
[Bias Penalty] enabled lambda=0.3 scope=focus cols=['us_Trade Weighted Dollar Index', 'jp_fx', 'kr_fx']
iter:  0 | loss: 0.033
iter:  1 | loss: 0.015
iter:  2 | loss: 0.023
iter:  3 | loss: 0.039
iter:  4 | loss: 0.040
iter:  5 | loss: 0.017
iter:  6 | loss: 0.031
iter:  7 | loss: 0.028
iter:  8 | loss: 0.031
iter:  9 | loss: 0.036
iter: 10 | loss: 0.030
iter: 11 | loss: 0.034
iter: 12 | loss: 0.021
iter: 13 | loss: 0.013
iter: 14 | loss: 0.025
iter: 15 | loss: 0.023
iter: 16 | loss: 0.030
iter: 17 | loss: 0.024
iter: 18 | loss: 0.022
iter: 19 | loss: 0.041
iter: 20 | loss: 0.014
iter: 21 | loss: 0.040
iter: 22 | loss: 0.047
iter: 23 | loss: 0.025
iter: 24 | loss: 0.032
iter: 25 | loss: 0.024
iter: 26 | loss: 0.017
iter: 27 | loss: 0.020
iter: 28 | loss: 0.037
iter: 29 | loss: 0.035
testing r= 5
rrse(target)=96.32773849273634 / 34.87594854780834 | rrse(all)=143714558329141.44 / 34622966134154.824 | report_mode=targets
[Validation] per_target_rrse_json={"us_Trade Weighted Dollar Index": 3.7376010417938232, "jp_fx": 5.222626686096191, "kr_fx": 2.6526269912719727}
[Validation] per_target_lag_mae_json={"us_Trade Weighted Dollar Index": 0.41027554869651794, "jp_fx": 0.571234941482544, "kr_fx": 5.646961688995361}
[Validation] per_target_dir_mismatch_json={"us_Trade Weighted Dollar Index": 0.45454545454545453, "jp_fx": 0.36363636363636365, "kr_fx": 0.45454545454545453}
| end of epoch  17 | time:  2.68s | train_loss 0.0282 | valid rse 2.7620 | valid rae 3.6505 | valid corr  0.2518 | valid smape  0.3100 | focus_rrse 3.8710 | obj 3.8710
Experiment: 1
Iter: 0
epoch: 18
hp= [1, 8.5e-05, 16, 128, 256, 1024, 20, 0.05, 2, 50, 0.6, 0.1, 2, 18]
best sum= 6.160740655998211
best rrse= 2.7620105689939645
best rrae= 3.650514471254888
best corr= 0.25178438
best smape= 0.3099660606005986
best objective= 3.8709516525268555
best hps= [1, 8.5e-05, 16, 128, 256, 1024, 20, 0.05, 2, 50, 0.6, 0.1, 2, 1]
best test rse= 3.2478906002767487
best test corr= -0.0701648
[Target-Weighted Loss] weights applied: {'us_Trade Weighted Dollar Index': 60.0, 'kr_fx': 60.0, 'jp_fx': 60.0}
[Target-Only Loss] enabled for columns: ['us_Trade Weighted Dollar Index', 'jp_fx', 'kr_fx']
[Bias Penalty] enabled lambda=0.3 scope=focus cols=['us_Trade Weighted Dollar Index', 'jp_fx', 'kr_fx']
iter:  0 | loss: 0.015
iter:  1 | loss: 0.030
iter:  2 | loss: 0.025
iter:  3 | loss: 0.017
iter:  4 | loss: 0.019
iter:  5 | loss: 0.021
iter:  6 | loss: 0.033
iter:  7 | loss: 0.027
iter:  8 | loss: 0.032
iter:  9 | loss: 0.022
iter: 10 | loss: 0.044
iter: 11 | loss: 0.037
iter: 12 | loss: 0.025
iter: 13 | loss: 0.031
iter: 14 | loss: 0.028
iter: 15 | loss: 0.030
iter: 16 | loss: 0.018
iter: 17 | loss: 0.027
iter: 18 | loss: 0.021
iter: 19 | loss: 0.029
iter: 20 | loss: 0.041
iter: 21 | loss: 0.020
iter: 22 | loss: 0.025
iter: 23 | loss: 0.038
iter: 24 | loss: 0.019
iter: 25 | loss: 0.027
iter: 26 | loss: 0.038
iter: 27 | loss: 0.023
iter: 28 | loss: 0.031
iter: 29 | loss: 0.045
testing r= 5
rrse(target)=96.32773849273634 / 34.87594854780834 | rrse(all)=143714558329141.44 / 34622966134154.824 | report_mode=targets
[Validation] per_target_rrse_json={"us_Trade Weighted Dollar Index": 3.7376010417938232, "jp_fx": 5.222626686096191, "kr_fx": 2.6526269912719727}
[Validation] per_target_lag_mae_json={"us_Trade Weighted Dollar Index": 0.41027554869651794, "jp_fx": 0.571234941482544, "kr_fx": 5.646961688995361}
[Validation] per_target_dir_mismatch_json={"us_Trade Weighted Dollar Index": 0.45454545454545453, "jp_fx": 0.36363636363636365, "kr_fx": 0.45454545454545453}
| end of epoch  18 | time:  2.61s | train_loss 0.0277 | valid rse 2.7620 | valid rae 3.6505 | valid corr  0.2518 | valid smape  0.3100 | focus_rrse 3.8710 | obj 3.8710
Experiment: 1
Iter: 0
epoch: 19
hp= [1, 8.5e-05, 16, 128, 256, 1024, 20, 0.05, 2, 50, 0.6, 0.1, 2, 19]
best sum= 6.160740655998211
best rrse= 2.7620105689939645
best rrae= 3.650514471254888
best corr= 0.25178438
best smape= 0.3099660606005986
best objective= 3.8709516525268555
best hps= [1, 8.5e-05, 16, 128, 256, 1024, 20, 0.05, 2, 50, 0.6, 0.1, 2, 1]
best test rse= 3.2478906002767487
best test corr= -0.0701648
[Target-Weighted Loss] weights applied: {'us_Trade Weighted Dollar Index': 60.0, 'kr_fx': 60.0, 'jp_fx': 60.0}
[Target-Only Loss] enabled for columns: ['us_Trade Weighted Dollar Index', 'jp_fx', 'kr_fx']
[Bias Penalty] enabled lambda=0.3 scope=focus cols=['us_Trade Weighted Dollar Index', 'jp_fx', 'kr_fx']
iter:  0 | loss: 0.032
iter:  1 | loss: 0.021
iter:  2 | loss: 0.017
iter:  3 | loss: 0.026
iter:  4 | loss: 0.041
iter:  5 | loss: 0.025
iter:  6 | loss: 0.020
iter:  7 | loss: 0.038
iter:  8 | loss: 0.047
iter:  9 | loss: 0.026
iter: 10 | loss: 0.025
iter: 11 | loss: 0.042
iter: 12 | loss: 0.023
iter: 13 | loss: 0.020
iter: 14 | loss: 0.018
iter: 15 | loss: 0.034
iter: 16 | loss: 0.021
iter: 17 | loss: 0.029
iter: 18 | loss: 0.023
iter: 19 | loss: 0.023
iter: 20 | loss: 0.034
iter: 21 | loss: 0.027
iter: 22 | loss: 0.039
iter: 23 | loss: 0.021
iter: 24 | loss: 0.019
iter: 25 | loss: 0.024
iter: 26 | loss: 0.036
iter: 27 | loss: 0.022
iter: 28 | loss: 0.029
iter: 29 | loss: 0.050
testing r= 5
rrse(target)=96.32773849273634 / 34.87594854780834 | rrse(all)=143714558329141.44 / 34622966134154.824 | report_mode=targets
[Validation] per_target_rrse_json={"us_Trade Weighted Dollar Index": 3.7376010417938232, "jp_fx": 5.222626686096191, "kr_fx": 2.6526269912719727}
[Validation] per_target_lag_mae_json={"us_Trade Weighted Dollar Index": 0.41027554869651794, "jp_fx": 0.571234941482544, "kr_fx": 5.646961688995361}
[Validation] per_target_dir_mismatch_json={"us_Trade Weighted Dollar Index": 0.45454545454545453, "jp_fx": 0.36363636363636365, "kr_fx": 0.45454545454545453}
| end of epoch  19 | time:  2.98s | train_loss 0.0282 | valid rse 2.7620 | valid rae 3.6505 | valid corr  0.2518 | valid smape  0.3100 | focus_rrse 3.8710 | obj 3.8710
Experiment: 1
Iter: 0
epoch: 20
hp= [1, 8.5e-05, 16, 128, 256, 1024, 20, 0.05, 2, 50, 0.6, 0.1, 2, 20]
best sum= 6.160740655998211
best rrse= 2.7620105689939645
best rrae= 3.650514471254888
best corr= 0.25178438
best smape= 0.3099660606005986
best objective= 3.8709516525268555
best hps= [1, 8.5e-05, 16, 128, 256, 1024, 20, 0.05, 2, 50, 0.6, 0.1, 2, 1]
best test rse= 3.2478906002767487
best test corr= -0.0701648
[Target-Weighted Loss] weights applied: {'us_Trade Weighted Dollar Index': 60.0, 'kr_fx': 60.0, 'jp_fx': 60.0}
[Target-Only Loss] enabled for columns: ['us_Trade Weighted Dollar Index', 'jp_fx', 'kr_fx']
[Bias Penalty] enabled lambda=0.3 scope=focus cols=['us_Trade Weighted Dollar Index', 'jp_fx', 'kr_fx']
iter:  0 | loss: 0.030
iter:  1 | loss: 0.018
iter:  2 | loss: 0.022
iter:  3 | loss: 0.034
iter:  4 | loss: 0.025
iter:  5 | loss: 0.021
iter:  6 | loss: 0.025
iter:  7 | loss: 0.015
iter:  8 | loss: 0.022
iter:  9 | loss: 0.019
iter: 10 | loss: 0.027
iter: 11 | loss: 0.042
iter: 12 | loss: 0.017
iter: 13 | loss: 0.014
iter: 14 | loss: 0.029
iter: 15 | loss: 0.044
iter: 16 | loss: 0.033
iter: 17 | loss: 0.037
iter: 18 | loss: 0.040
iter: 19 | loss: 0.020
iter: 20 | loss: 0.018
iter: 21 | loss: 0.019
iter: 22 | loss: 0.032
iter: 23 | loss: 0.031
iter: 24 | loss: 0.031
iter: 25 | loss: 0.035
iter: 26 | loss: 0.037
iter: 27 | loss: 0.043
iter: 28 | loss: 0.025
iter: 29 | loss: 0.033
testing r= 5
rrse(target)=96.32773849273634 / 34.87594854780834 | rrse(all)=143714558329141.44 / 34622966134154.824 | report_mode=targets
[Validation] per_target_rrse_json={"us_Trade Weighted Dollar Index": 3.7376010417938232, "jp_fx": 5.222626686096191, "kr_fx": 2.6526269912719727}
[Validation] per_target_lag_mae_json={"us_Trade Weighted Dollar Index": 0.41027554869651794, "jp_fx": 0.571234941482544, "kr_fx": 5.646961688995361}
[Validation] per_target_dir_mismatch_json={"us_Trade Weighted Dollar Index": 0.45454545454545453, "jp_fx": 0.36363636363636365, "kr_fx": 0.45454545454545453}
| end of epoch  20 | time:  3.12s | train_loss 0.0279 | valid rse 2.7620 | valid rae 3.6505 | valid corr  0.2518 | valid smape  0.3100 | focus_rrse 3.8710 | obj 3.8710
Experiment: 1
Iter: 0
epoch: 21
hp= [1, 8.5e-05, 16, 128, 256, 1024, 20, 0.05, 2, 50, 0.6, 0.1, 2, 21]
best sum= 6.160740655998211
best rrse= 2.7620105689939645
best rrae= 3.650514471254888
best corr= 0.25178438
best smape= 0.3099660606005986
best objective= 3.8709516525268555
best hps= [1, 8.5e-05, 16, 128, 256, 1024, 20, 0.05, 2, 50, 0.6, 0.1, 2, 1]
best test rse= 3.2478906002767487
best test corr= -0.0701648
[Target-Weighted Loss] weights applied: {'us_Trade Weighted Dollar Index': 60.0, 'kr_fx': 60.0, 'jp_fx': 60.0}
[Target-Only Loss] enabled for columns: ['us_Trade Weighted Dollar Index', 'jp_fx', 'kr_fx']
[Bias Penalty] enabled lambda=0.3 scope=focus cols=['us_Trade Weighted Dollar Index', 'jp_fx', 'kr_fx']
iter:  0 | loss: 0.023
iter:  1 | loss: 0.014
iter:  2 | loss: 0.061
iter:  3 | loss: 0.014
iter:  4 | loss: 0.036
iter:  5 | loss: 0.025
iter:  6 | loss: 0.032
iter:  7 | loss: 0.021
iter:  8 | loss: 0.015
iter:  9 | loss: 0.033
iter: 10 | loss: 0.024
iter: 11 | loss: 0.027
iter: 12 | loss: 0.046
iter: 13 | loss: 0.035
iter: 14 | loss: 0.024
iter: 15 | loss: 0.018
iter: 16 | loss: 0.027
iter: 17 | loss: 0.048
iter: 18 | loss: 0.011
iter: 19 | loss: 0.011
iter: 20 | loss: 0.043
iter: 21 | loss: 0.019
iter: 22 | loss: 0.053
iter: 23 | loss: 0.022
iter: 24 | loss: 0.020
iter: 25 | loss: 0.025
iter: 26 | loss: 0.025
iter: 27 | loss: 0.029
iter: 28 | loss: 0.029
iter: 29 | loss: 0.035
testing r= 5
rrse(target)=96.32773849273634 / 34.87594854780834 | rrse(all)=143714558329141.44 / 34622966134154.824 | report_mode=targets
[Validation] per_target_rrse_json={"us_Trade Weighted Dollar Index": 3.7376010417938232, "jp_fx": 5.222626686096191, "kr_fx": 2.6526269912719727}
[Validation] per_target_lag_mae_json={"us_Trade Weighted Dollar Index": 0.41027554869651794, "jp_fx": 0.571234941482544, "kr_fx": 5.646961688995361}
[Validation] per_target_dir_mismatch_json={"us_Trade Weighted Dollar Index": 0.45454545454545453, "jp_fx": 0.36363636363636365, "kr_fx": 0.45454545454545453}
| end of epoch  21 | time:  3.03s | train_loss 0.0281 | valid rse 2.7620 | valid rae 3.6505 | valid corr  0.2518 | valid smape  0.3100 | focus_rrse 3.8710 | obj 3.8710
Experiment: 1
Iter: 0
epoch: 22
hp= [1, 8.5e-05, 16, 128, 256, 1024, 20, 0.05, 2, 50, 0.6, 0.1, 2, 22]
best sum= 6.160740655998211
best rrse= 2.7620105689939645
best rrae= 3.650514471254888
best corr= 0.25178438
best smape= 0.3099660606005986
best objective= 3.8709516525268555
best hps= [1, 8.5e-05, 16, 128, 256, 1024, 20, 0.05, 2, 50, 0.6, 0.1, 2, 1]
best test rse= 3.2478906002767487
best test corr= -0.0701648
[Target-Weighted Loss] weights applied: {'us_Trade Weighted Dollar Index': 60.0, 'kr_fx': 60.0, 'jp_fx': 60.0}
[Target-Only Loss] enabled for columns: ['us_Trade Weighted Dollar Index', 'jp_fx', 'kr_fx']
[Bias Penalty] enabled lambda=0.3 scope=focus cols=['us_Trade Weighted Dollar Index', 'jp_fx', 'kr_fx']
iter:  0 | loss: 0.020
iter:  1 | loss: 0.019
iter:  2 | loss: 0.033
iter:  3 | loss: 0.020
iter:  4 | loss: 0.038
iter:  5 | loss: 0.019
iter:  6 | loss: 0.012
iter:  7 | loss: 0.030
iter:  8 | loss: 0.030
iter:  9 | loss: 0.032
iter: 10 | loss: 0.028
iter: 11 | loss: 0.034
iter: 12 | loss: 0.033
iter: 13 | loss: 0.032
iter: 14 | loss: 0.045
iter: 15 | loss: 0.019
iter: 16 | loss: 0.041
iter: 17 | loss: 0.027
iter: 18 | loss: 0.049
iter: 19 | loss: 0.020
iter: 20 | loss: 0.025
iter: 21 | loss: 0.025
iter: 22 | loss: 0.022
iter: 23 | loss: 0.032
iter: 24 | loss: 0.029
iter: 25 | loss: 0.017
iter: 26 | loss: 0.020
iter: 27 | loss: 0.022
iter: 28 | loss: 0.022
iter: 29 | loss: 0.027
testing r= 5
rrse(target)=96.32773849273634 / 34.87594854780834 | rrse(all)=143714558329141.44 / 34622966134154.824 | report_mode=targets
[Validation] per_target_rrse_json={"us_Trade Weighted Dollar Index": 3.7376010417938232, "jp_fx": 5.222626686096191, "kr_fx": 2.6526269912719727}
[Validation] per_target_lag_mae_json={"us_Trade Weighted Dollar Index": 0.41027554869651794, "jp_fx": 0.571234941482544, "kr_fx": 5.646961688995361}
[Validation] per_target_dir_mismatch_json={"us_Trade Weighted Dollar Index": 0.45454545454545453, "jp_fx": 0.36363636363636365, "kr_fx": 0.45454545454545453}
| end of epoch  22 | time:  3.02s | train_loss 0.0274 | valid rse 2.7620 | valid rae 3.6505 | valid corr  0.2518 | valid smape  0.3100 | focus_rrse 3.8710 | obj 3.8710
Experiment: 1
Iter: 0
epoch: 23
hp= [1, 8.5e-05, 16, 128, 256, 1024, 20, 0.05, 2, 50, 0.6, 0.1, 2, 23]
best sum= 6.160740655998211
best rrse= 2.7620105689939645
best rrae= 3.650514471254888
best corr= 0.25178438
best smape= 0.3099660606005986
best objective= 3.8709516525268555
best hps= [1, 8.5e-05, 16, 128, 256, 1024, 20, 0.05, 2, 50, 0.6, 0.1, 2, 1]
best test rse= 3.2478906002767487
best test corr= -0.0701648
[Target-Weighted Loss] weights applied: {'us_Trade Weighted Dollar Index': 60.0, 'kr_fx': 60.0, 'jp_fx': 60.0}
[Target-Only Loss] enabled for columns: ['us_Trade Weighted Dollar Index', 'jp_fx', 'kr_fx']
[Bias Penalty] enabled lambda=0.3 scope=focus cols=['us_Trade Weighted Dollar Index', 'jp_fx', 'kr_fx']
iter:  0 | loss: 0.020
iter:  1 | loss: 0.045
iter:  2 | loss: 0.041
iter:  3 | loss: 0.025
iter:  4 | loss: 0.042
iter:  5 | loss: 0.018
iter:  6 | loss: 0.014
iter:  7 | loss: 0.019
iter:  8 | loss: 0.018
iter:  9 | loss: 0.036
iter: 10 | loss: 0.022
iter: 11 | loss: 0.020
iter: 12 | loss: 0.028
iter: 13 | loss: 0.021
iter: 14 | loss: 0.016
iter: 15 | loss: 0.030
iter: 16 | loss: 0.032
iter: 17 | loss: 0.029
iter: 18 | loss: 0.074
iter: 19 | loss: 0.019
iter: 20 | loss: 0.018
iter: 21 | loss: 0.030
iter: 22 | loss: 0.022
iter: 23 | loss: 0.040
iter: 24 | loss: 0.027
iter: 25 | loss: 0.031
iter: 26 | loss: 0.030
iter: 27 | loss: 0.019
iter: 28 | loss: 0.035
iter: 29 | loss: 0.024
testing r= 5
rrse(target)=96.32773849273634 / 34.87594854780834 | rrse(all)=143714558329141.44 / 34622966134154.824 | report_mode=targets
[Validation] per_target_rrse_json={"us_Trade Weighted Dollar Index": 3.7376010417938232, "jp_fx": 5.222626686096191, "kr_fx": 2.6526269912719727}
[Validation] per_target_lag_mae_json={"us_Trade Weighted Dollar Index": 0.41027554869651794, "jp_fx": 0.571234941482544, "kr_fx": 5.646961688995361}
[Validation] per_target_dir_mismatch_json={"us_Trade Weighted Dollar Index": 0.45454545454545453, "jp_fx": 0.36363636363636365, "kr_fx": 0.45454545454545453}
| end of epoch  23 | time:  2.87s | train_loss 0.0282 | valid rse 2.7620 | valid rae 3.6505 | valid corr  0.2518 | valid smape  0.3100 | focus_rrse 3.8710 | obj 3.8710
Experiment: 1
Iter: 0
epoch: 24
hp= [1, 8.5e-05, 16, 128, 256, 1024, 20, 0.05, 2, 50, 0.6, 0.1, 2, 24]
best sum= 6.160740655998211
best rrse= 2.7620105689939645
best rrae= 3.650514471254888
best corr= 0.25178438
best smape= 0.3099660606005986
best objective= 3.8709516525268555
best hps= [1, 8.5e-05, 16, 128, 256, 1024, 20, 0.05, 2, 50, 0.6, 0.1, 2, 1]
best test rse= 3.2478906002767487
best test corr= -0.0701648
[Target-Weighted Loss] weights applied: {'us_Trade Weighted Dollar Index': 60.0, 'kr_fx': 60.0, 'jp_fx': 60.0}
[Target-Only Loss] enabled for columns: ['us_Trade Weighted Dollar Index', 'jp_fx', 'kr_fx']
[Bias Penalty] enabled lambda=0.3 scope=focus cols=['us_Trade Weighted Dollar Index', 'jp_fx', 'kr_fx']
iter:  0 | loss: 0.033
iter:  1 | loss: 0.047
iter:  2 | loss: 0.032
iter:  3 | loss: 0.032
iter:  4 | loss: 0.034
iter:  5 | loss: 0.028
iter:  6 | loss: 0.023
iter:  7 | loss: 0.038
iter:  8 | loss: 0.030
iter:  9 | loss: 0.024
iter: 10 | loss: 0.025
iter: 11 | loss: 0.022
iter: 12 | loss: 0.034
iter: 13 | loss: 0.025
iter: 14 | loss: 0.040
iter: 15 | loss: 0.029
iter: 16 | loss: 0.038
iter: 17 | loss: 0.025
iter: 18 | loss: 0.023
iter: 19 | loss: 0.028
iter: 20 | loss: 0.029
iter: 21 | loss: 0.009
iter: 22 | loss: 0.021
iter: 23 | loss: 0.019
iter: 24 | loss: 0.023
iter: 25 | loss: 0.023
iter: 26 | loss: 0.029
iter: 27 | loss: 0.020
iter: 28 | loss: 0.016
iter: 29 | loss: 0.038
testing r= 5
rrse(target)=96.32773849273634 / 34.87594854780834 | rrse(all)=143714558329141.44 / 34622966134154.824 | report_mode=targets
[Validation] per_target_rrse_json={"us_Trade Weighted Dollar Index": 3.7376010417938232, "jp_fx": 5.222626686096191, "kr_fx": 2.6526269912719727}
[Validation] per_target_lag_mae_json={"us_Trade Weighted Dollar Index": 0.41027554869651794, "jp_fx": 0.571234941482544, "kr_fx": 5.646961688995361}
[Validation] per_target_dir_mismatch_json={"us_Trade Weighted Dollar Index": 0.45454545454545453, "jp_fx": 0.36363636363636365, "kr_fx": 0.45454545454545453}
| end of epoch  24 | time:  3.16s | train_loss 0.0278 | valid rse 2.7620 | valid rae 3.6505 | valid corr  0.2518 | valid smape  0.3100 | focus_rrse 3.8710 | obj 3.8710
Experiment: 1
Iter: 0
epoch: 25
hp= [1, 8.5e-05, 16, 128, 256, 1024, 20, 0.05, 2, 50, 0.6, 0.1, 2, 25]
best sum= 6.160740655998211
best rrse= 2.7620105689939645
best rrae= 3.650514471254888
best corr= 0.25178438
best smape= 0.3099660606005986
best objective= 3.8709516525268555
best hps= [1, 8.5e-05, 16, 128, 256, 1024, 20, 0.05, 2, 50, 0.6, 0.1, 2, 1]
best test rse= 3.2478906002767487
best test corr= -0.0701648
[Target-Weighted Loss] weights applied: {'us_Trade Weighted Dollar Index': 60.0, 'kr_fx': 60.0, 'jp_fx': 60.0}
[Target-Only Loss] enabled for columns: ['us_Trade Weighted Dollar Index', 'jp_fx', 'kr_fx']
[Bias Penalty] enabled lambda=0.3 scope=focus cols=['us_Trade Weighted Dollar Index', 'jp_fx', 'kr_fx']
iter:  0 | loss: 0.022
iter:  1 | loss: 0.035
iter:  2 | loss: 0.015
iter:  3 | loss: 0.022
iter:  4 | loss: 0.013
iter:  5 | loss: 0.025
iter:  6 | loss: 0.036
iter:  7 | loss: 0.051
iter:  8 | loss: 0.036
iter:  9 | loss: 0.014
iter: 10 | loss: 0.030
iter: 11 | loss: 0.015
iter: 12 | loss: 0.033
iter: 13 | loss: 0.029
iter: 14 | loss: 0.018
iter: 15 | loss: 0.018
iter: 16 | loss: 0.035
iter: 17 | loss: 0.029
iter: 18 | loss: 0.021
iter: 19 | loss: 0.038
iter: 20 | loss: 0.015
iter: 21 | loss: 0.024
iter: 22 | loss: 0.034
iter: 23 | loss: 0.029
iter: 24 | loss: 0.038
iter: 25 | loss: 0.036
iter: 26 | loss: 0.024
iter: 27 | loss: 0.029
iter: 28 | loss: 0.024
iter: 29 | loss: 0.044
testing r= 5
rrse(target)=96.32773849273634 / 34.87594854780834 | rrse(all)=143714558329141.44 / 34622966134154.824 | report_mode=targets
[Validation] per_target_rrse_json={"us_Trade Weighted Dollar Index": 3.7376010417938232, "jp_fx": 5.222626686096191, "kr_fx": 2.6526269912719727}
[Validation] per_target_lag_mae_json={"us_Trade Weighted Dollar Index": 0.41027554869651794, "jp_fx": 0.571234941482544, "kr_fx": 5.646961688995361}
[Validation] per_target_dir_mismatch_json={"us_Trade Weighted Dollar Index": 0.45454545454545453, "jp_fx": 0.36363636363636365, "kr_fx": 0.45454545454545453}
| end of epoch  25 | time:  3.10s | train_loss 0.0276 | valid rse 2.7620 | valid rae 3.6505 | valid corr  0.2518 | valid smape  0.3100 | focus_rrse 3.8710 | obj 3.8710
Experiment: 1
Iter: 0
epoch: 26
hp= [1, 8.5e-05, 16, 128, 256, 1024, 20, 0.05, 2, 50, 0.6, 0.1, 2, 26]
best sum= 6.160740655998211
best rrse= 2.7620105689939645
best rrae= 3.650514471254888
best corr= 0.25178438
best smape= 0.3099660606005986
best objective= 3.8709516525268555
best hps= [1, 8.5e-05, 16, 128, 256, 1024, 20, 0.05, 2, 50, 0.6, 0.1, 2, 1]
best test rse= 3.2478906002767487
best test corr= -0.0701648
[Target-Weighted Loss] weights applied: {'us_Trade Weighted Dollar Index': 60.0, 'kr_fx': 60.0, 'jp_fx': 60.0}
[Target-Only Loss] enabled for columns: ['us_Trade Weighted Dollar Index', 'jp_fx', 'kr_fx']
[Bias Penalty] enabled lambda=0.3 scope=focus cols=['us_Trade Weighted Dollar Index', 'jp_fx', 'kr_fx']
iter:  0 | loss: 0.018
iter:  1 | loss: 0.022
iter:  2 | loss: 0.040
iter:  3 | loss: 0.051
iter:  4 | loss: 0.027
iter:  5 | loss: 0.020
iter:  6 | loss: 0.019
iter:  7 | loss: 0.035
iter:  8 | loss: 0.021
iter:  9 | loss: 0.029
iter: 10 | loss: 0.026
iter: 11 | loss: 0.015
iter: 12 | loss: 0.010
iter: 13 | loss: 0.023
iter: 14 | loss: 0.032
iter: 15 | loss: 0.022
iter: 16 | loss: 0.024
iter: 17 | loss: 0.017
iter: 18 | loss: 0.058
iter: 19 | loss: 0.019
iter: 20 | loss: 0.037
iter: 21 | loss: 0.037
iter: 22 | loss: 0.039
iter: 23 | loss: 0.050
iter: 24 | loss: 0.019
iter: 25 | loss: 0.025
iter: 26 | loss: 0.027
iter: 27 | loss: 0.015
iter: 28 | loss: 0.032
iter: 29 | loss: 0.031
testing r= 5
rrse(target)=96.32773849273634 / 34.87594854780834 | rrse(all)=143714558329141.44 / 34622966134154.824 | report_mode=targets
[Validation] per_target_rrse_json={"us_Trade Weighted Dollar Index": 3.7376010417938232, "jp_fx": 5.222626686096191, "kr_fx": 2.6526269912719727}
[Validation] per_target_lag_mae_json={"us_Trade Weighted Dollar Index": 0.41027554869651794, "jp_fx": 0.571234941482544, "kr_fx": 5.646961688995361}
[Validation] per_target_dir_mismatch_json={"us_Trade Weighted Dollar Index": 0.45454545454545453, "jp_fx": 0.36363636363636365, "kr_fx": 0.45454545454545453}
| end of epoch  26 | time:  2.88s | train_loss 0.0280 | valid rse 2.7620 | valid rae 3.6505 | valid corr  0.2518 | valid smape  0.3100 | focus_rrse 3.8710 | obj 3.8710
Experiment: 1
Iter: 0
epoch: 27
hp= [1, 8.5e-05, 16, 128, 256, 1024, 20, 0.05, 2, 50, 0.6, 0.1, 2, 27]
best sum= 6.160740655998211
best rrse= 2.7620105689939645
best rrae= 3.650514471254888
best corr= 0.25178438
best smape= 0.3099660606005986
best objective= 3.8709516525268555
best hps= [1, 8.5e-05, 16, 128, 256, 1024, 20, 0.05, 2, 50, 0.6, 0.1, 2, 1]
best test rse= 3.2478906002767487
best test corr= -0.0701648
[Target-Weighted Loss] weights applied: {'us_Trade Weighted Dollar Index': 60.0, 'kr_fx': 60.0, 'jp_fx': 60.0}
[Target-Only Loss] enabled for columns: ['us_Trade Weighted Dollar Index', 'jp_fx', 'kr_fx']
[Bias Penalty] enabled lambda=0.3 scope=focus cols=['us_Trade Weighted Dollar Index', 'jp_fx', 'kr_fx']
iter:  0 | loss: 0.023
iter:  1 | loss: 0.028
iter:  2 | loss: 0.030
iter:  3 | loss: 0.041
iter:  4 | loss: 0.022
iter:  5 | loss: 0.019
iter:  6 | loss: 0.036
iter:  7 | loss: 0.031
iter:  8 | loss: 0.021
iter:  9 | loss: 0.024
iter: 10 | loss: 0.036
iter: 11 | loss: 0.025
iter: 12 | loss: 0.018
iter: 13 | loss: 0.044
iter: 14 | loss: 0.020
iter: 15 | loss: 0.036
iter: 16 | loss: 0.013
iter: 17 | loss: 0.036
iter: 18 | loss: 0.020
iter: 19 | loss: 0.048
iter: 20 | loss: 0.019
iter: 21 | loss: 0.023
iter: 22 | loss: 0.030
iter: 23 | loss: 0.038
iter: 24 | loss: 0.025
iter: 25 | loss: 0.026
iter: 26 | loss: 0.029
iter: 27 | loss: 0.023
iter: 28 | loss: 0.028
iter: 29 | loss: 0.033
testing r= 5
rrse(target)=96.32773849273634 / 34.87594854780834 | rrse(all)=143714558329141.44 / 34622966134154.824 | report_mode=targets
[Validation] per_target_rrse_json={"us_Trade Weighted Dollar Index": 3.7376010417938232, "jp_fx": 5.222626686096191, "kr_fx": 2.6526269912719727}
[Validation] per_target_lag_mae_json={"us_Trade Weighted Dollar Index": 0.41027554869651794, "jp_fx": 0.571234941482544, "kr_fx": 5.646961688995361}
[Validation] per_target_dir_mismatch_json={"us_Trade Weighted Dollar Index": 0.45454545454545453, "jp_fx": 0.36363636363636365, "kr_fx": 0.45454545454545453}
| end of epoch  27 | time:  2.98s | train_loss 0.0282 | valid rse 2.7620 | valid rae 3.6505 | valid corr  0.2518 | valid smape  0.3100 | focus_rrse 3.8710 | obj 3.8710
Experiment: 1
Iter: 0
epoch: 28
hp= [1, 8.5e-05, 16, 128, 256, 1024, 20, 0.05, 2, 50, 0.6, 0.1, 2, 28]
best sum= 6.160740655998211
best rrse= 2.7620105689939645
best rrae= 3.650514471254888
best corr= 0.25178438
best smape= 0.3099660606005986
best objective= 3.8709516525268555
best hps= [1, 8.5e-05, 16, 128, 256, 1024, 20, 0.05, 2, 50, 0.6, 0.1, 2, 1]
best test rse= 3.2478906002767487
best test corr= -0.0701648
[Target-Weighted Loss] weights applied: {'us_Trade Weighted Dollar Index': 60.0, 'kr_fx': 60.0, 'jp_fx': 60.0}
[Target-Only Loss] enabled for columns: ['us_Trade Weighted Dollar Index', 'jp_fx', 'kr_fx']
[Bias Penalty] enabled lambda=0.3 scope=focus cols=['us_Trade Weighted Dollar Index', 'jp_fx', 'kr_fx']
iter:  0 | loss: 0.058
iter:  1 | loss: 0.048
iter:  2 | loss: 0.014
iter:  3 | loss: 0.020
iter:  4 | loss: 0.034
iter:  5 | loss: 0.031
iter:  6 | loss: 0.028
iter:  7 | loss: 0.031
iter:  8 | loss: 0.032
iter:  9 | loss: 0.031
iter: 10 | loss: 0.008
iter: 11 | loss: 0.020
iter: 12 | loss: 0.023
iter: 13 | loss: 0.020
iter: 14 | loss: 0.011
iter: 15 | loss: 0.035
iter: 16 | loss: 0.032
iter: 17 | loss: 0.023
iter: 18 | loss: 0.033
iter: 19 | loss: 0.021
iter: 20 | loss: 0.035
iter: 21 | loss: 0.026
iter: 22 | loss: 0.026
iter: 23 | loss: 0.018
iter: 24 | loss: 0.023
iter: 25 | loss: 0.014
iter: 26 | loss: 0.029
iter: 27 | loss: 0.042
iter: 28 | loss: 0.027
iter: 29 | loss: 0.049
testing r= 5
rrse(target)=96.32773849273634 / 34.87594854780834 | rrse(all)=143714558329141.44 / 34622966134154.824 | report_mode=targets
[Validation] per_target_rrse_json={"us_Trade Weighted Dollar Index": 3.7376010417938232, "jp_fx": 5.222626686096191, "kr_fx": 2.6526269912719727}
[Validation] per_target_lag_mae_json={"us_Trade Weighted Dollar Index": 0.41027554869651794, "jp_fx": 0.571234941482544, "kr_fx": 5.646961688995361}
[Validation] per_target_dir_mismatch_json={"us_Trade Weighted Dollar Index": 0.45454545454545453, "jp_fx": 0.36363636363636365, "kr_fx": 0.45454545454545453}
| end of epoch  28 | time:  2.85s | train_loss 0.0278 | valid rse 2.7620 | valid rae 3.6505 | valid corr  0.2518 | valid smape  0.3100 | focus_rrse 3.8710 | obj 3.8710
Experiment: 1
Iter: 0
epoch: 29
hp= [1, 8.5e-05, 16, 128, 256, 1024, 20, 0.05, 2, 50, 0.6, 0.1, 2, 29]
best sum= 6.160740655998211
best rrse= 2.7620105689939645
best rrae= 3.650514471254888
best corr= 0.25178438
best smape= 0.3099660606005986
best objective= 3.8709516525268555
best hps= [1, 8.5e-05, 16, 128, 256, 1024, 20, 0.05, 2, 50, 0.6, 0.1, 2, 1]
best test rse= 3.2478906002767487
best test corr= -0.0701648
[Target-Weighted Loss] weights applied: {'us_Trade Weighted Dollar Index': 60.0, 'kr_fx': 60.0, 'jp_fx': 60.0}
[Target-Only Loss] enabled for columns: ['us_Trade Weighted Dollar Index', 'jp_fx', 'kr_fx']
[Bias Penalty] enabled lambda=0.3 scope=focus cols=['us_Trade Weighted Dollar Index', 'jp_fx', 'kr_fx']
iter:  0 | loss: 0.018
iter:  1 | loss: 0.029
iter:  2 | loss: 0.030
iter:  3 | loss: 0.026
iter:  4 | loss: 0.019
iter:  5 | loss: 0.014
iter:  6 | loss: 0.025
iter:  7 | loss: 0.027
iter:  8 | loss: 0.015
iter:  9 | loss: 0.022
iter: 10 | loss: 0.031
iter: 11 | loss: 0.017
iter: 12 | loss: 0.065
iter: 13 | loss: 0.030
iter: 14 | loss: 0.030
iter: 15 | loss: 0.043
iter: 16 | loss: 0.041
iter: 17 | loss: 0.030
iter: 18 | loss: 0.032
iter: 19 | loss: 0.035
iter: 20 | loss: 0.034
iter: 21 | loss: 0.032
iter: 22 | loss: 0.033
iter: 23 | loss: 0.024
iter: 24 | loss: 0.026
iter: 25 | loss: 0.040
iter: 26 | loss: 0.012
iter: 27 | loss: 0.021
iter: 28 | loss: 0.033
iter: 29 | loss: 0.024
testing r= 5
rrse(target)=96.32773849273634 / 34.87594854780834 | rrse(all)=143714558329141.44 / 34622966134154.824 | report_mode=targets
[Validation] per_target_rrse_json={"us_Trade Weighted Dollar Index": 3.7376010417938232, "jp_fx": 5.222626686096191, "kr_fx": 2.6526269912719727}
[Validation] per_target_lag_mae_json={"us_Trade Weighted Dollar Index": 0.41027554869651794, "jp_fx": 0.571234941482544, "kr_fx": 5.646961688995361}
[Validation] per_target_dir_mismatch_json={"us_Trade Weighted Dollar Index": 0.45454545454545453, "jp_fx": 0.36363636363636365, "kr_fx": 0.45454545454545453}
| end of epoch  29 | time:  2.98s | train_loss 0.0287 | valid rse 2.7620 | valid rae 3.6505 | valid corr  0.2518 | valid smape  0.3100 | focus_rrse 3.8710 | obj 3.8710
Experiment: 1
Iter: 0
epoch: 30
hp= [1, 8.5e-05, 16, 128, 256, 1024, 20, 0.05, 2, 50, 0.6, 0.1, 2, 30]
best sum= 6.160740655998211
best rrse= 2.7620105689939645
best rrae= 3.650514471254888
best corr= 0.25178438
best smape= 0.3099660606005986
best objective= 3.8709516525268555
best hps= [1, 8.5e-05, 16, 128, 256, 1024, 20, 0.05, 2, 50, 0.6, 0.1, 2, 1]
best test rse= 3.2478906002767487
best test corr= -0.0701648
[Target-Weighted Loss] weights applied: {'us_Trade Weighted Dollar Index': 60.0, 'kr_fx': 60.0, 'jp_fx': 60.0}
[Target-Only Loss] enabled for columns: ['us_Trade Weighted Dollar Index', 'jp_fx', 'kr_fx']
[Bias Penalty] enabled lambda=0.3 scope=focus cols=['us_Trade Weighted Dollar Index', 'jp_fx', 'kr_fx']
iter:  0 | loss: 0.030
iter:  1 | loss: 0.034
iter:  2 | loss: 0.027
iter:  3 | loss: 0.045
iter:  4 | loss: 0.031
iter:  5 | loss: 0.027
iter:  6 | loss: 0.036
iter:  7 | loss: 0.023
iter:  8 | loss: 0.018
iter:  9 | loss: 0.016
iter: 10 | loss: 0.025
iter: 11 | loss: 0.016
iter: 12 | loss: 0.020
iter: 13 | loss: 0.041
iter: 14 | loss: 0.023
iter: 15 | loss: 0.031
iter: 16 | loss: 0.038
iter: 17 | loss: 0.020
iter: 18 | loss: 0.018
iter: 19 | loss: 0.042
iter: 20 | loss: 0.019
iter: 21 | loss: 0.015
iter: 22 | loss: 0.020
iter: 23 | loss: 0.048
iter: 24 | loss: 0.033
iter: 25 | loss: 0.021
iter: 26 | loss: 0.015
iter: 27 | loss: 0.033
iter: 28 | loss: 0.025
iter: 29 | loss: 0.047
testing r= 5
rrse(target)=96.32773849273634 / 34.87594854780834 | rrse(all)=143714558329141.44 / 34622966134154.824 | report_mode=targets
[Validation] per_target_rrse_json={"us_Trade Weighted Dollar Index": 3.7376010417938232, "jp_fx": 5.222626686096191, "kr_fx": 2.6526269912719727}
[Validation] per_target_lag_mae_json={"us_Trade Weighted Dollar Index": 0.41027554869651794, "jp_fx": 0.571234941482544, "kr_fx": 5.646961688995361}
[Validation] per_target_dir_mismatch_json={"us_Trade Weighted Dollar Index": 0.45454545454545453, "jp_fx": 0.36363636363636365, "kr_fx": 0.45454545454545453}
| end of epoch  30 | time:  3.34s | train_loss 0.0278 | valid rse 2.7620 | valid rae 3.6505 | valid corr  0.2518 | valid smape  0.3100 | focus_rrse 3.8710 | obj 3.8710
Experiment: 1
Iter: 0
epoch: 31
hp= [1, 8.5e-05, 16, 128, 256, 1024, 20, 0.05, 2, 50, 0.6, 0.1, 2, 31]
best sum= 6.160740655998211
best rrse= 2.7620105689939645
best rrae= 3.650514471254888
best corr= 0.25178438
best smape= 0.3099660606005986
best objective= 3.8709516525268555
best hps= [1, 8.5e-05, 16, 128, 256, 1024, 20, 0.05, 2, 50, 0.6, 0.1, 2, 1]
best test rse= 3.2478906002767487
best test corr= -0.0701648
[Target-Weighted Loss] weights applied: {'us_Trade Weighted Dollar Index': 60.0, 'kr_fx': 60.0, 'jp_fx': 60.0}
[Target-Only Loss] enabled for columns: ['us_Trade Weighted Dollar Index', 'jp_fx', 'kr_fx']
[Bias Penalty] enabled lambda=0.3 scope=focus cols=['us_Trade Weighted Dollar Index', 'jp_fx', 'kr_fx']
iter:  0 | loss: 0.033
iter:  1 | loss: 0.037
iter:  2 | loss: 0.028
iter:  3 | loss: 0.017
iter:  4 | loss: 0.022
iter:  5 | loss: 0.035
iter:  6 | loss: 0.022
iter:  7 | loss: 0.033
iter:  8 | loss: 0.020
iter:  9 | loss: 0.023
iter: 10 | loss: 0.040
iter: 11 | loss: 0.032
iter: 12 | loss: 0.022
iter: 13 | loss: 0.023
iter: 14 | loss: 0.026
iter: 15 | loss: 0.015
iter: 16 | loss: 0.009
iter: 17 | loss: 0.024
iter: 18 | loss: 0.028
iter: 19 | loss: 0.024
iter: 20 | loss: 0.042
iter: 21 | loss: 0.024
iter: 22 | loss: 0.054
iter: 23 | loss: 0.030
iter: 24 | loss: 0.029
iter: 25 | loss: 0.030
iter: 26 | loss: 0.022
iter: 27 | loss: 0.035
iter: 28 | loss: 0.032
iter: 29 | loss: 0.029
testing r= 5
rrse(target)=96.32773849273634 / 34.87594854780834 | rrse(all)=143714558329141.44 / 34622966134154.824 | report_mode=targets
[Validation] per_target_rrse_json={"us_Trade Weighted Dollar Index": 3.7376010417938232, "jp_fx": 5.222626686096191, "kr_fx": 2.6526269912719727}
[Validation] per_target_lag_mae_json={"us_Trade Weighted Dollar Index": 0.41027554869651794, "jp_fx": 0.571234941482544, "kr_fx": 5.646961688995361}
[Validation] per_target_dir_mismatch_json={"us_Trade Weighted Dollar Index": 0.45454545454545453, "jp_fx": 0.36363636363636365, "kr_fx": 0.45454545454545453}
| end of epoch  31 | time:  3.07s | train_loss 0.0281 | valid rse 2.7620 | valid rae 3.6505 | valid corr  0.2518 | valid smape  0.3100 | focus_rrse 3.8710 | obj 3.8710
Experiment: 1
Iter: 0
epoch: 32
hp= [1, 8.5e-05, 16, 128, 256, 1024, 20, 0.05, 2, 50, 0.6, 0.1, 2, 32]
best sum= 6.160740655998211
best rrse= 2.7620105689939645
best rrae= 3.650514471254888
best corr= 0.25178438
best smape= 0.3099660606005986
best objective= 3.8709516525268555
best hps= [1, 8.5e-05, 16, 128, 256, 1024, 20, 0.05, 2, 50, 0.6, 0.1, 2, 1]
best test rse= 3.2478906002767487
best test corr= -0.0701648
[Target-Weighted Loss] weights applied: {'us_Trade Weighted Dollar Index': 60.0, 'kr_fx': 60.0, 'jp_fx': 60.0}
[Target-Only Loss] enabled for columns: ['us_Trade Weighted Dollar Index', 'jp_fx', 'kr_fx']
[Bias Penalty] enabled lambda=0.3 scope=focus cols=['us_Trade Weighted Dollar Index', 'jp_fx', 'kr_fx']
iter:  0 | loss: 0.019
iter:  1 | loss: 0.036
iter:  2 | loss: 0.019
iter:  3 | loss: 0.028
iter:  4 | loss: 0.030
iter:  5 | loss: 0.022
iter:  6 | loss: 0.026
iter:  7 | loss: 0.063
iter:  8 | loss: 0.025
iter:  9 | loss: 0.035
iter: 10 | loss: 0.008
iter: 11 | loss: 0.026
iter: 12 | loss: 0.027
iter: 13 | loss: 0.030
iter: 14 | loss: 0.031
iter: 15 | loss: 0.013
iter: 16 | loss: 0.026
iter: 17 | loss: 0.023
iter: 18 | loss: 0.021
iter: 19 | loss: 0.033
iter: 20 | loss: 0.038
iter: 21 | loss: 0.043
iter: 22 | loss: 0.019
iter: 23 | loss: 0.033
iter: 24 | loss: 0.029
iter: 25 | loss: 0.015
iter: 26 | loss: 0.030
iter: 27 | loss: 0.014
iter: 28 | loss: 0.025
iter: 29 | loss: 0.036
testing r= 5
rrse(target)=96.32773849273634 / 34.87594854780834 | rrse(all)=143714558329141.44 / 34622966134154.824 | report_mode=targets
[Validation] per_target_rrse_json={"us_Trade Weighted Dollar Index": 3.7376010417938232, "jp_fx": 5.222626686096191, "kr_fx": 2.6526269912719727}
[Validation] per_target_lag_mae_json={"us_Trade Weighted Dollar Index": 0.41027554869651794, "jp_fx": 0.571234941482544, "kr_fx": 5.646961688995361}
[Validation] per_target_dir_mismatch_json={"us_Trade Weighted Dollar Index": 0.45454545454545453, "jp_fx": 0.36363636363636365, "kr_fx": 0.45454545454545453}
| end of epoch  32 | time:  3.32s | train_loss 0.0274 | valid rse 2.7620 | valid rae 3.6505 | valid corr  0.2518 | valid smape  0.3100 | focus_rrse 3.8710 | obj 3.8710
Experiment: 1
Iter: 0
epoch: 33
hp= [1, 8.5e-05, 16, 128, 256, 1024, 20, 0.05, 2, 50, 0.6, 0.1, 2, 33]
best sum= 6.160740655998211
best rrse= 2.7620105689939645
best rrae= 3.650514471254888
best corr= 0.25178438
best smape= 0.3099660606005986
best objective= 3.8709516525268555
best hps= [1, 8.5e-05, 16, 128, 256, 1024, 20, 0.05, 2, 50, 0.6, 0.1, 2, 1]
best test rse= 3.2478906002767487
best test corr= -0.0701648
[Target-Weighted Loss] weights applied: {'us_Trade Weighted Dollar Index': 60.0, 'kr_fx': 60.0, 'jp_fx': 60.0}
[Target-Only Loss] enabled for columns: ['us_Trade Weighted Dollar Index', 'jp_fx', 'kr_fx']
[Bias Penalty] enabled lambda=0.3 scope=focus cols=['us_Trade Weighted Dollar Index', 'jp_fx', 'kr_fx']
iter:  0 | loss: 0.031
iter:  1 | loss: 0.028
iter:  2 | loss: 0.017
iter:  3 | loss: 0.017
iter:  4 | loss: 0.047
iter:  5 | loss: 0.031
iter:  6 | loss: 0.034
iter:  7 | loss: 0.037
iter:  8 | loss: 0.033
iter:  9 | loss: 0.018
iter: 10 | loss: 0.025
iter: 11 | loss: 0.026
iter: 12 | loss: 0.019
iter: 13 | loss: 0.022
iter: 14 | loss: 0.026
iter: 15 | loss: 0.029
iter: 16 | loss: 0.029
iter: 17 | loss: 0.024
iter: 18 | loss: 0.021
iter: 19 | loss: 0.026
iter: 20 | loss: 0.018
iter: 21 | loss: 0.030
iter: 22 | loss: 0.010
iter: 23 | loss: 0.036
iter: 24 | loss: 0.036
iter: 25 | loss: 0.038
iter: 26 | loss: 0.028
iter: 27 | loss: 0.024
iter: 28 | loss: 0.031
iter: 29 | loss: 0.047
testing r= 5
rrse(target)=96.32773849273634 / 34.87594854780834 | rrse(all)=143714558329141.44 / 34622966134154.824 | report_mode=targets
[Validation] per_target_rrse_json={"us_Trade Weighted Dollar Index": 3.7376010417938232, "jp_fx": 5.222626686096191, "kr_fx": 2.6526269912719727}
[Validation] per_target_lag_mae_json={"us_Trade Weighted Dollar Index": 0.41027554869651794, "jp_fx": 0.571234941482544, "kr_fx": 5.646961688995361}
[Validation] per_target_dir_mismatch_json={"us_Trade Weighted Dollar Index": 0.45454545454545453, "jp_fx": 0.36363636363636365, "kr_fx": 0.45454545454545453}
| end of epoch  33 | time:  3.41s | train_loss 0.0279 | valid rse 2.7620 | valid rae 3.6505 | valid corr  0.2518 | valid smape  0.3100 | focus_rrse 3.8710 | obj 3.8710
Experiment: 1
Iter: 0
epoch: 34
hp= [1, 8.5e-05, 16, 128, 256, 1024, 20, 0.05, 2, 50, 0.6, 0.1, 2, 34]
best sum= 6.160740655998211
best rrse= 2.7620105689939645
best rrae= 3.650514471254888
best corr= 0.25178438
best smape= 0.3099660606005986
best objective= 3.8709516525268555
best hps= [1, 8.5e-05, 16, 128, 256, 1024, 20, 0.05, 2, 50, 0.6, 0.1, 2, 1]
best test rse= 3.2478906002767487
best test corr= -0.0701648
[Target-Weighted Loss] weights applied: {'us_Trade Weighted Dollar Index': 60.0, 'kr_fx': 60.0, 'jp_fx': 60.0}
[Target-Only Loss] enabled for columns: ['us_Trade Weighted Dollar Index', 'jp_fx', 'kr_fx']
[Bias Penalty] enabled lambda=0.3 scope=focus cols=['us_Trade Weighted Dollar Index', 'jp_fx', 'kr_fx']
iter:  0 | loss: 0.020
iter:  1 | loss: 0.019
iter:  2 | loss: 0.025
iter:  3 | loss: 0.010
iter:  4 | loss: 0.025
iter:  5 | loss: 0.041
iter:  6 | loss: 0.019
iter:  7 | loss: 0.012
iter:  8 | loss: 0.034
iter:  9 | loss: 0.035
iter: 10 | loss: 0.052
iter: 11 | loss: 0.017
iter: 12 | loss: 0.030
iter: 13 | loss: 0.024
iter: 14 | loss: 0.026
iter: 15 | loss: 0.031
iter: 16 | loss: 0.038
iter: 17 | loss: 0.046
iter: 18 | loss: 0.020
iter: 19 | loss: 0.041
iter: 20 | loss: 0.025
iter: 21 | loss: 0.024
iter: 22 | loss: 0.021
iter: 23 | loss: 0.032
iter: 24 | loss: 0.019
iter: 25 | loss: 0.031
iter: 26 | loss: 0.023
iter: 27 | loss: 0.032
iter: 28 | loss: 0.020
iter: 29 | loss: 0.058
testing r= 5
rrse(target)=96.32773849273634 / 34.87594854780834 | rrse(all)=143714558329141.44 / 34622966134154.824 | report_mode=targets
[Validation] per_target_rrse_json={"us_Trade Weighted Dollar Index": 3.7376010417938232, "jp_fx": 5.222626686096191, "kr_fx": 2.6526269912719727}
[Validation] per_target_lag_mae_json={"us_Trade Weighted Dollar Index": 0.41027554869651794, "jp_fx": 0.571234941482544, "kr_fx": 5.646961688995361}
[Validation] per_target_dir_mismatch_json={"us_Trade Weighted Dollar Index": 0.45454545454545453, "jp_fx": 0.36363636363636365, "kr_fx": 0.45454545454545453}
| end of epoch  34 | time:  3.33s | train_loss 0.0281 | valid rse 2.7620 | valid rae 3.6505 | valid corr  0.2518 | valid smape  0.3100 | focus_rrse 3.8710 | obj 3.8710
Experiment: 1
Iter: 0
epoch: 35
hp= [1, 8.5e-05, 16, 128, 256, 1024, 20, 0.05, 2, 50, 0.6, 0.1, 2, 35]
best sum= 6.160740655998211
best rrse= 2.7620105689939645
best rrae= 3.650514471254888
best corr= 0.25178438
best smape= 0.3099660606005986
best objective= 3.8709516525268555
best hps= [1, 8.5e-05, 16, 128, 256, 1024, 20, 0.05, 2, 50, 0.6, 0.1, 2, 1]
best test rse= 3.2478906002767487
best test corr= -0.0701648
[Target-Weighted Loss] weights applied: {'us_Trade Weighted Dollar Index': 60.0, 'kr_fx': 60.0, 'jp_fx': 60.0}
[Target-Only Loss] enabled for columns: ['us_Trade Weighted Dollar Index', 'jp_fx', 'kr_fx']
[Bias Penalty] enabled lambda=0.3 scope=focus cols=['us_Trade Weighted Dollar Index', 'jp_fx', 'kr_fx']
iter:  0 | loss: 0.030
iter:  1 | loss: 0.028
iter:  2 | loss: 0.025
iter:  3 | loss: 0.024
iter:  4 | loss: 0.044
iter:  5 | loss: 0.021
iter:  6 | loss: 0.022
iter:  7 | loss: 0.029
iter:  8 | loss: 0.034
iter:  9 | loss: 0.021
iter: 10 | loss: 0.024
iter: 11 | loss: 0.015
iter: 12 | loss: 0.023
iter: 13 | loss: 0.033
iter: 14 | loss: 0.032
iter: 15 | loss: 0.034
iter: 16 | loss: 0.023
iter: 17 | loss: 0.035
iter: 18 | loss: 0.015
iter: 19 | loss: 0.067
iter: 20 | loss: 0.020
iter: 21 | loss: 0.038
iter: 22 | loss: 0.025
iter: 23 | loss: 0.034
iter: 24 | loss: 0.022
iter: 25 | loss: 0.011
iter: 26 | loss: 0.018
iter: 27 | loss: 0.038
iter: 28 | loss: 0.017
iter: 29 | loss: 0.029
testing r= 5
rrse(target)=96.32773849273634 / 34.87594854780834 | rrse(all)=143714558329141.44 / 34622966134154.824 | report_mode=targets
[Validation] per_target_rrse_json={"us_Trade Weighted Dollar Index": 3.7376010417938232, "jp_fx": 5.222626686096191, "kr_fx": 2.6526269912719727}
[Validation] per_target_lag_mae_json={"us_Trade Weighted Dollar Index": 0.41027554869651794, "jp_fx": 0.571234941482544, "kr_fx": 5.646961688995361}
[Validation] per_target_dir_mismatch_json={"us_Trade Weighted Dollar Index": 0.45454545454545453, "jp_fx": 0.36363636363636365, "kr_fx": 0.45454545454545453}
| end of epoch  35 | time:  3.54s | train_loss 0.0277 | valid rse 2.7620 | valid rae 3.6505 | valid corr  0.2518 | valid smape  0.3100 | focus_rrse 3.8710 | obj 3.8710
Experiment: 1
Iter: 0
epoch: 36
hp= [1, 8.5e-05, 16, 128, 256, 1024, 20, 0.05, 2, 50, 0.6, 0.1, 2, 36]
best sum= 6.160740655998211
best rrse= 2.7620105689939645
best rrae= 3.650514471254888
best corr= 0.25178438
best smape= 0.3099660606005986
best objective= 3.8709516525268555
best hps= [1, 8.5e-05, 16, 128, 256, 1024, 20, 0.05, 2, 50, 0.6, 0.1, 2, 1]
best test rse= 3.2478906002767487
best test corr= -0.0701648
[Target-Weighted Loss] weights applied: {'us_Trade Weighted Dollar Index': 60.0, 'kr_fx': 60.0, 'jp_fx': 60.0}
[Target-Only Loss] enabled for columns: ['us_Trade Weighted Dollar Index', 'jp_fx', 'kr_fx']
[Bias Penalty] enabled lambda=0.3 scope=focus cols=['us_Trade Weighted Dollar Index', 'jp_fx', 'kr_fx']
iter:  0 | loss: 0.011
iter:  1 | loss: 0.027
iter:  2 | loss: 0.033
iter:  3 | loss: 0.024
iter:  4 | loss: 0.037
iter:  5 | loss: 0.028
iter:  6 | loss: 0.028
iter:  7 | loss: 0.025
iter:  8 | loss: 0.023
iter:  9 | loss: 0.014
iter: 10 | loss: 0.021
iter: 11 | loss: 0.037
iter: 12 | loss: 0.037
iter: 13 | loss: 0.023
iter: 14 | loss: 0.046
iter: 15 | loss: 0.032
iter: 16 | loss: 0.028
iter: 17 | loss: 0.047
iter: 18 | loss: 0.025
iter: 19 | loss: 0.021
iter: 20 | loss: 0.016
iter: 21 | loss: 0.029
iter: 22 | loss: 0.033
iter: 23 | loss: 0.037
iter: 24 | loss: 0.023
iter: 25 | loss: 0.028
iter: 26 | loss: 0.022
iter: 27 | loss: 0.021
iter: 28 | loss: 0.019
iter: 29 | loss: 0.047
testing r= 5
rrse(target)=96.32773849273634 / 34.87594854780834 | rrse(all)=143714558329141.44 / 34622966134154.824 | report_mode=targets
[Validation] per_target_rrse_json={"us_Trade Weighted Dollar Index": 3.7376010417938232, "jp_fx": 5.222626686096191, "kr_fx": 2.6526269912719727}
[Validation] per_target_lag_mae_json={"us_Trade Weighted Dollar Index": 0.41027554869651794, "jp_fx": 0.571234941482544, "kr_fx": 5.646961688995361}
[Validation] per_target_dir_mismatch_json={"us_Trade Weighted Dollar Index": 0.45454545454545453, "jp_fx": 0.36363636363636365, "kr_fx": 0.45454545454545453}
| end of epoch  36 | time:  3.24s | train_loss 0.0279 | valid rse 2.7620 | valid rae 3.6505 | valid corr  0.2518 | valid smape  0.3100 | focus_rrse 3.8710 | obj 3.8710
Experiment: 1
Iter: 0
epoch: 37
hp= [1, 8.5e-05, 16, 128, 256, 1024, 20, 0.05, 2, 50, 0.6, 0.1, 2, 37]
best sum= 6.160740655998211
best rrse= 2.7620105689939645
best rrae= 3.650514471254888
best corr= 0.25178438
best smape= 0.3099660606005986
best objective= 3.8709516525268555
best hps= [1, 8.5e-05, 16, 128, 256, 1024, 20, 0.05, 2, 50, 0.6, 0.1, 2, 1]
best test rse= 3.2478906002767487
best test corr= -0.0701648
[Target-Weighted Loss] weights applied: {'us_Trade Weighted Dollar Index': 60.0, 'kr_fx': 60.0, 'jp_fx': 60.0}
[Target-Only Loss] enabled for columns: ['us_Trade Weighted Dollar Index', 'jp_fx', 'kr_fx']
[Bias Penalty] enabled lambda=0.3 scope=focus cols=['us_Trade Weighted Dollar Index', 'jp_fx', 'kr_fx']
iter:  0 | loss: 0.039
iter:  1 | loss: 0.015
iter:  2 | loss: 0.028
iter:  3 | loss: 0.017
iter:  4 | loss: 0.028
iter:  5 | loss: 0.033
iter:  6 | loss: 0.024
iter:  7 | loss: 0.024
iter:  8 | loss: 0.025
iter:  9 | loss: 0.034
iter: 10 | loss: 0.017
iter: 11 | loss: 0.024
iter: 12 | loss: 0.028
iter: 13 | loss: 0.021
iter: 14 | loss: 0.014
iter: 15 | loss: 0.026
iter: 16 | loss: 0.040
iter: 17 | loss: 0.036
iter: 18 | loss: 0.034
iter: 19 | loss: 0.029
iter: 20 | loss: 0.018
iter: 21 | loss: 0.030
iter: 22 | loss: 0.032
iter: 23 | loss: 0.033
iter: 24 | loss: 0.046
iter: 25 | loss: 0.035
iter: 26 | loss: 0.018
iter: 27 | loss: 0.031
iter: 28 | loss: 0.019
iter: 29 | loss: 0.030
testing r= 5
rrse(target)=96.32773849273634 / 34.87594854780834 | rrse(all)=143714558329141.44 / 34622966134154.824 | report_mode=targets
[Validation] per_target_rrse_json={"us_Trade Weighted Dollar Index": 3.7376010417938232, "jp_fx": 5.222626686096191, "kr_fx": 2.6526269912719727}
[Validation] per_target_lag_mae_json={"us_Trade Weighted Dollar Index": 0.41027554869651794, "jp_fx": 0.571234941482544, "kr_fx": 5.646961688995361}
[Validation] per_target_dir_mismatch_json={"us_Trade Weighted Dollar Index": 0.45454545454545453, "jp_fx": 0.36363636363636365, "kr_fx": 0.45454545454545453}
| end of epoch  37 | time:  3.20s | train_loss 0.0276 | valid rse 2.7620 | valid rae 3.6505 | valid corr  0.2518 | valid smape  0.3100 | focus_rrse 3.8710 | obj 3.8710
Experiment: 1
Iter: 0
epoch: 38
hp= [1, 8.5e-05, 16, 128, 256, 1024, 20, 0.05, 2, 50, 0.6, 0.1, 2, 38]
best sum= 6.160740655998211
best rrse= 2.7620105689939645
best rrae= 3.650514471254888
best corr= 0.25178438
best smape= 0.3099660606005986
best objective= 3.8709516525268555
best hps= [1, 8.5e-05, 16, 128, 256, 1024, 20, 0.05, 2, 50, 0.6, 0.1, 2, 1]
best test rse= 3.2478906002767487
best test corr= -0.0701648
[Target-Weighted Loss] weights applied: {'us_Trade Weighted Dollar Index': 60.0, 'kr_fx': 60.0, 'jp_fx': 60.0}
[Target-Only Loss] enabled for columns: ['us_Trade Weighted Dollar Index', 'jp_fx', 'kr_fx']
[Bias Penalty] enabled lambda=0.3 scope=focus cols=['us_Trade Weighted Dollar Index', 'jp_fx', 'kr_fx']
iter:  0 | loss: 0.020
iter:  1 | loss: 0.019
iter:  2 | loss: 0.043
iter:  3 | loss: 0.042
iter:  4 | loss: 0.029
iter:  5 | loss: 0.076
iter:  6 | loss: 0.023
iter:  7 | loss: 0.046
iter:  8 | loss: 0.014
iter:  9 | loss: 0.023
iter: 10 | loss: 0.020
iter: 11 | loss: 0.026
iter: 12 | loss: 0.022
iter: 13 | loss: 0.032
iter: 14 | loss: 0.017
iter: 15 | loss: 0.020
iter: 16 | loss: 0.030
iter: 17 | loss: 0.055
iter: 18 | loss: 0.033
iter: 19 | loss: 0.014
iter: 20 | loss: 0.031
iter: 21 | loss: 0.038
iter: 22 | loss: 0.032
iter: 23 | loss: 0.025
iter: 24 | loss: 0.035
iter: 25 | loss: 0.016
iter: 26 | loss: 0.019
iter: 27 | loss: 0.021
iter: 28 | loss: 0.031
iter: 29 | loss: 0.019
testing r= 5
rrse(target)=96.32773849273634 / 34.87594854780834 | rrse(all)=143714558329141.44 / 34622966134154.824 | report_mode=targets
[Validation] per_target_rrse_json={"us_Trade Weighted Dollar Index": 3.7376010417938232, "jp_fx": 5.222626686096191, "kr_fx": 2.6526269912719727}
[Validation] per_target_lag_mae_json={"us_Trade Weighted Dollar Index": 0.41027554869651794, "jp_fx": 0.571234941482544, "kr_fx": 5.646961688995361}
[Validation] per_target_dir_mismatch_json={"us_Trade Weighted Dollar Index": 0.45454545454545453, "jp_fx": 0.36363636363636365, "kr_fx": 0.45454545454545453}
| end of epoch  38 | time:  3.38s | train_loss 0.0291 | valid rse 2.7620 | valid rae 3.6505 | valid corr  0.2518 | valid smape  0.3100 | focus_rrse 3.8710 | obj 3.8710
Experiment: 1
Iter: 0
epoch: 39
hp= [1, 8.5e-05, 16, 128, 256, 1024, 20, 0.05, 2, 50, 0.6, 0.1, 2, 39]
best sum= 6.160740655998211
best rrse= 2.7620105689939645
best rrae= 3.650514471254888
best corr= 0.25178438
best smape= 0.3099660606005986
best objective= 3.8709516525268555
best hps= [1, 8.5e-05, 16, 128, 256, 1024, 20, 0.05, 2, 50, 0.6, 0.1, 2, 1]
best test rse= 3.2478906002767487
best test corr= -0.0701648
[Target-Weighted Loss] weights applied: {'us_Trade Weighted Dollar Index': 60.0, 'kr_fx': 60.0, 'jp_fx': 60.0}
[Target-Only Loss] enabled for columns: ['us_Trade Weighted Dollar Index', 'jp_fx', 'kr_fx']
[Bias Penalty] enabled lambda=0.3 scope=focus cols=['us_Trade Weighted Dollar Index', 'jp_fx', 'kr_fx']
iter:  0 | loss: 0.033
iter:  1 | loss: 0.018
iter:  2 | loss: 0.027
iter:  3 | loss: 0.029
iter:  4 | loss: 0.028
iter:  5 | loss: 0.024
iter:  6 | loss: 0.012
iter:  7 | loss: 0.020
iter:  8 | loss: 0.038
iter:  9 | loss: 0.048
iter: 10 | loss: 0.020
iter: 11 | loss: 0.025
iter: 12 | loss: 0.019
iter: 13 | loss: 0.031
iter: 14 | loss: 0.033
iter: 15 | loss: 0.028
iter: 16 | loss: 0.010
iter: 17 | loss: 0.031
iter: 18 | loss: 0.032
iter: 19 | loss: 0.034
iter: 20 | loss: 0.029
iter: 21 | loss: 0.019
iter: 22 | loss: 0.051
iter: 23 | loss: 0.032
iter: 24 | loss: 0.023
iter: 25 | loss: 0.032
iter: 26 | loss: 0.024
iter: 27 | loss: 0.028
iter: 28 | loss: 0.026
iter: 29 | loss: 0.022
testing r= 5
rrse(target)=96.32773849273634 / 34.87594854780834 | rrse(all)=143714558329141.44 / 34622966134154.824 | report_mode=targets
[Validation] per_target_rrse_json={"us_Trade Weighted Dollar Index": 3.7376010417938232, "jp_fx": 5.222626686096191, "kr_fx": 2.6526269912719727}
[Validation] per_target_lag_mae_json={"us_Trade Weighted Dollar Index": 0.41027554869651794, "jp_fx": 0.571234941482544, "kr_fx": 5.646961688995361}
[Validation] per_target_dir_mismatch_json={"us_Trade Weighted Dollar Index": 0.45454545454545453, "jp_fx": 0.36363636363636365, "kr_fx": 0.45454545454545453}
| end of epoch  39 | time:  3.68s | train_loss 0.0276 | valid rse 2.7620 | valid rae 3.6505 | valid corr  0.2518 | valid smape  0.3100 | focus_rrse 3.8710 | obj 3.8710
Experiment: 1
Iter: 0
epoch: 40
hp= [1, 8.5e-05, 16, 128, 256, 1024, 20, 0.05, 2, 50, 0.6, 0.1, 2, 40]
best sum= 6.160740655998211
best rrse= 2.7620105689939645
best rrae= 3.650514471254888
best corr= 0.25178438
best smape= 0.3099660606005986
best objective= 3.8709516525268555
best hps= [1, 8.5e-05, 16, 128, 256, 1024, 20, 0.05, 2, 50, 0.6, 0.1, 2, 1]
best test rse= 3.2478906002767487
best test corr= -0.0701648
[Target-Weighted Loss] weights applied: {'us_Trade Weighted Dollar Index': 60.0, 'kr_fx': 60.0, 'jp_fx': 60.0}
[Target-Only Loss] enabled for columns: ['us_Trade Weighted Dollar Index', 'jp_fx', 'kr_fx']
[Bias Penalty] enabled lambda=0.3 scope=focus cols=['us_Trade Weighted Dollar Index', 'jp_fx', 'kr_fx']
iter:  0 | loss: 0.026
iter:  1 | loss: 0.036
iter:  2 | loss: 0.031
iter:  3 | loss: 0.032
iter:  4 | loss: 0.020
iter:  5 | loss: 0.038
iter:  6 | loss: 0.024
iter:  7 | loss: 0.020
iter:  8 | loss: 0.020
iter:  9 | loss: 0.024
iter: 10 | loss: 0.021
iter: 11 | loss: 0.038
iter: 12 | loss: 0.025
iter: 13 | loss: 0.037
iter: 14 | loss: 0.018
iter: 15 | loss: 0.018
iter: 16 | loss: 0.036
iter: 17 | loss: 0.023
iter: 18 | loss: 0.040
iter: 19 | loss: 0.026
iter: 20 | loss: 0.026
iter: 21 | loss: 0.029
iter: 22 | loss: 0.015
iter: 23 | loss: 0.031
iter: 24 | loss: 0.018
iter: 25 | loss: 0.022
iter: 26 | loss: 0.047
iter: 27 | loss: 0.035
iter: 28 | loss: 0.031
iter: 29 | loss: 0.032
testing r= 5
rrse(target)=96.32773849273634 / 34.87594854780834 | rrse(all)=143714558329141.44 / 34622966134154.824 | report_mode=targets
[Validation] per_target_rrse_json={"us_Trade Weighted Dollar Index": 3.7376010417938232, "jp_fx": 5.222626686096191, "kr_fx": 2.6526269912719727}
[Validation] per_target_lag_mae_json={"us_Trade Weighted Dollar Index": 0.41027554869651794, "jp_fx": 0.571234941482544, "kr_fx": 5.646961688995361}
[Validation] per_target_dir_mismatch_json={"us_Trade Weighted Dollar Index": 0.45454545454545453, "jp_fx": 0.36363636363636365, "kr_fx": 0.45454545454545453}
| end of epoch  40 | time:  3.29s | train_loss 0.0280 | valid rse 2.7620 | valid rae 3.6505 | valid corr  0.2518 | valid smape  0.3100 | focus_rrse 3.8710 | obj 3.8710
best val loss= 6.160740655998211
best hps= [1, 8.5e-05, 16, 128, 256, 1024, 20, 0.05, 2, 50, 0.6, 0.1, 2, 1]
testing r= 5
rrse(target)=96.32773849273634 / 34.87594854780834 | rrse(all)=143714558329141.44 / 34622966134154.824 | report_mode=targets
[Validation] per_target_rrse_json={"us_Trade Weighted Dollar Index": 3.7376010417938232, "jp_fx": 5.222626686096191, "kr_fx": 2.6526269912719727}
[Validation] per_target_lag_mae_json={"us_Trade Weighted Dollar Index": 0.41027554869651794, "jp_fx": 0.571234941482544, "kr_fx": 5.646961688995361}
[Validation] per_target_dir_mismatch_json={"us_Trade Weighted Dollar Index": 0.45454545454545453, "jp_fx": 0.36363636363636365, "kr_fx": 0.45454545454545453}
[debias] mode=val_mean_error apply_to=focus offset={'us_Trade Weighted Dollar Index': 2.657560348510742, 'jp_fx': -8.656447410583496, 'kr_fx': 24.311737060546875}
testing r= 5
rrse(target)=34.674863970984084 / 34.87594854780834 | rrse(all)=143714558329141.44 / 34622966134154.824 | report_mode=targets
[Validation] per_target_rrse_json={"us_Trade Weighted Dollar Index": 1.0867197513580322, "jp_fx": 0.5402246713638306, "kr_fx": 1.0035697221755981}
[Validation] per_target_lag_mae_json={"us_Trade Weighted Dollar Index": 0.41027554869651794, "jp_fx": 0.571234941482544, "kr_fx": 5.646961688995361}
[Validation] per_target_dir_mismatch_json={"us_Trade Weighted Dollar Index": 0.45454545454545453, "jp_fx": 0.36363636363636365, "kr_fx": 0.45454545454545453}
testing r= 5
rrse(target)=366.60761124804816 / 87.05327089004898 | rrse(all)=36154643872979.78 / 13118448721317.795 | report_mode=targets
[Testing] per_target_rrse_json={"us_Trade Weighted Dollar Index": 5.138397693634033, "jp_fx": 3.75253963470459, "kr_fx": 4.214354515075684}
[Testing] per_target_lag_mae_json={"us_Trade Weighted Dollar Index": 0.659633994102478, "jp_fx": 0.8682334423065186, "kr_fx": 6.989102363586426}
[Testing] per_target_dir_mismatch_json={"us_Trade Weighted Dollar Index": 0.8181818181818182, "jp_fx": 0.7272727272727273, "kr_fx": 0.18181818181818182}
********************************************************************************************************
final test rse 4.2113 | test rae 5.0274 | test corr -0.0702 | test smape 0.2828
********************************************************************************************************



1 run average



valid	rse	rae
mean	0.9942	1.0046
std	0.0000	0.0000



test	rse	rae
mean	4.2113	5.0274
std	0.0000	0.0000
