CUDA not available, using CPU
[split_guard] {'n': 180, 'cutoff_idx': 168, 'cutoff_label': '25.Jan', 'valid_start_idx': 156, 'valid_end_idx': 168, 'valid_months': 12}
Loading data from /Users/samrobert/Documents/GitHub/Exchangeprediction/Cyber-trend-forecasting-main 3/B-MTGNN/data/sm_data.csv...
Data loaded and converted to numeric successfully.
Graph loaded with 1 attacks...
33 columns loaded
Adjacency created...
train X: torch.Size([119, 36, 33])
train Y: torch.Size([119, 1, 33])
valid X: torch.Size([11, 36, 33])
valid Y: torch.Size([11, 1, 33])
test X: torch.Size([11, 36, 33])
test Y: torch.Size([11, 1, 33])
test window: torch.Size([48, 33])
length of training set= 119
length of validation set= 11
length of testing set= 11
valid= 168
Auto-detected num_nodes: 33
Namespace(data='/Users/samrobert/Documents/GitHub/Exchangeprediction/Cyber-trend-forecasting-main 3/B-MTGNN/data/sm_data.csv', log_interval=2000, save='/Users/samrobert/Documents/GitHub/Exchangeprediction/Cyber-trend-forecasting-main 3/B-MTGNN/tuning_runs/20260220_211805/checkpoints/model_001.pt', optim='adam', L1Loss=True, loss_mode='mse', normalize=2, device='cuda:1', gcn_true=False, buildA_true=False, use_graph=0, gcn_depth=1, num_nodes=33, dropout=0.0, subgraph_size=30, node_dim=40, dilation_exponential=2, conv_channels=32, residual_channels=128, skip_channels=256, end_channels=1024, in_dim=1, seq_in_len=36, seq_out_len=1, horizon=1, layers=3, batch_size=4, lr=8.5e-05, weight_decay=1e-05, clip=10, propalpha=0.6, tanhalpha=0.1, epochs=40, num_split=1, step_size=100, ss_prob=0.05, train_ratio=0.8666666667, valid_ratio=0.0666666667, focus_targets=1, focus_nodes='us_Trade Weighted Dollar Index,jp_fx,kr_fx', focus_weight=1.0, focus_target_gain=90.0, focus_only_loss=1, anchor_focus_to_last=0.2, rse_targets='Us_Trade Weighted Dollar Index_Testing.txt,Jp_fx_Testing.txt,Kr_fx_Testing.txt', rse_report_mode='targets', debias_mode='val_mean_error', debias_apply_to='focus', bias_penalty=0.45, bias_penalty_scope='focus', lag_penalty_1step=1.0, lag_sign_penalty=0.4, plot_focus_only=0, debug_eval=0, rollout_mode='recursive', enforce_cutoff_split=1, cutoff_year_yy=25, min_valid_months=12, confidence_level=0.95, confidence_scale=3.0, confidence_mode='predictive', seed=777, plot=0, clean_cache=0, autotune_mode=1, apply_best_tuning=0, eval_best_tuning=0, target_profile='none', best_tuning_checkpoint='')
The recpetive field size is 43
Number of model parameters is 954977
begin training
Experiment: 1
Iter: 0
epoch: 1
hp= [1, 8.5e-05, 32, 128, 256, 1024, 30, 0.0, 2, 40, 0.6, 0.1, 3, 1]
best sum= 10000000
best rrse= 10000000
best rrae= 10000000
best corr= -10000000
best smape= 10000000
best objective= 10000000
best hps= []
best test rse= 10000000
best test corr= -10000000
[Target-Weighted Loss] weights applied: {'us_Trade Weighted Dollar Index': 90.0, 'kr_fx': 90.0, 'jp_fx': 90.0}
[Target-Only Loss] enabled for columns: ['us_Trade Weighted Dollar Index', 'jp_fx', 'kr_fx']
[Bias Penalty] enabled lambda=0.45 scope=focus cols=['us_Trade Weighted Dollar Index', 'jp_fx', 'kr_fx']
iter:  0 | loss: 0.062
iter:  1 | loss: 0.039
iter:  2 | loss: 0.051
iter:  3 | loss: 0.027
iter:  4 | loss: 0.042
iter:  5 | loss: 0.038
iter:  6 | loss: 0.054
iter:  7 | loss: 0.038
iter:  8 | loss: 0.034
iter:  9 | loss: 0.051
iter: 10 | loss: 0.019
iter: 11 | loss: 0.023
iter: 12 | loss: 0.029
iter: 13 | loss: 0.057
iter: 14 | loss: 0.044
iter: 15 | loss: 0.058
iter: 16 | loss: 0.040
iter: 17 | loss: 0.024
iter: 18 | loss: 0.039
iter: 19 | loss: 0.046
iter: 20 | loss: 0.025
iter: 21 | loss: 0.028
iter: 22 | loss: 0.032
iter: 23 | loss: 0.062
iter: 24 | loss: 0.032
iter: 25 | loss: 0.051
iter: 26 | loss: 0.051
iter: 27 | loss: 0.027
iter: 28 | loss: 0.015
iter: 29 | loss: 0.032
testing r= 5
rrse(target)=263.94955424758723 / 34.87594854780834 | rrse(all)=151814824755696.9 / 34622966134154.824 | report_mode=targets
[Validation] per_target_rrse_json={"us_Trade Weighted Dollar Index": 3.5269317626953125, "jp_fx": 13.321812629699707, "kr_fx": 7.357045650482178}
[Validation] per_target_lag_mae_json={"us_Trade Weighted Dollar Index": 0.2548724114894867, "jp_fx": 1.0900517702102661, "kr_fx": 4.041337490081787}
[Validation] per_target_dir_mismatch_json={"us_Trade Weighted Dollar Index": 0.09090909090909091, "jp_fx": 0.45454545454545453, "kr_fx": 0.09090909090909091}
| end of epoch   1 | time:  5.67s | train_loss 0.0390 | valid rse 7.5682 | valid rae 9.9531 | valid corr  0.3793 | valid smape  0.3453 | focus_rrse 8.0686 | obj 8.0686
testing r= 5
rrse(target)=297.5203249359613 / 87.05327089004898 | rrse(all)=116240726584357.66 / 13118448721317.795 | report_mode=targets
[Testing] per_target_rrse_json={"us_Trade Weighted Dollar Index": 2.7922098636627197, "jp_fx": 2.2882492542266846, "kr_fx": 3.4293878078460693}
[Testing] per_target_lag_mae_json={"us_Trade Weighted Dollar Index": 0.5856101512908936, "jp_fx": 1.3024749755859375, "kr_fx": 6.761175155639648}
[Testing] per_target_dir_mismatch_json={"us_Trade Weighted Dollar Index": 0.6363636363636364, "jp_fx": 0.7272727272727273, "kr_fx": 0.18181818181818182}
********************************************************************************************************
test rse 3.4177 | test rae 3.9066 | test corr 0.2041| test smape 0.3211 | test focus_rrse 2.8366
********************************************************************************************************
Experiment: 1
Iter: 0
epoch: 2
hp= [1, 8.5e-05, 32, 128, 256, 1024, 30, 0.0, 2, 40, 0.6, 0.1, 3, 2]
best sum= 17.14211404428404
best rrse= 7.568240155124734
best rrae= 9.953127544831379
best corr= 0.37925366
best smape= 0.34525582134423277
best objective= 8.068596839904785
best hps= [1, 8.5e-05, 32, 128, 256, 1024, 30, 0.0, 2, 40, 0.6, 0.1, 3, 1]
best test rse= 3.4176811726205996
best test corr= 0.20414726
[Target-Weighted Loss] weights applied: {'us_Trade Weighted Dollar Index': 90.0, 'kr_fx': 90.0, 'jp_fx': 90.0}
[Target-Only Loss] enabled for columns: ['us_Trade Weighted Dollar Index', 'jp_fx', 'kr_fx']
[Bias Penalty] enabled lambda=0.45 scope=focus cols=['us_Trade Weighted Dollar Index', 'jp_fx', 'kr_fx']
iter:  0 | loss: 0.029
iter:  1 | loss: 0.046
iter:  2 | loss: 0.019
iter:  3 | loss: 0.040
iter:  4 | loss: 0.077
iter:  5 | loss: 0.044
iter:  6 | loss: 0.045
iter:  7 | loss: 0.024
iter:  8 | loss: 0.038
iter:  9 | loss: 0.030
iter: 10 | loss: 0.027
iter: 11 | loss: 0.038
iter: 12 | loss: 0.051
iter: 13 | loss: 0.050
iter: 14 | loss: 0.042
iter: 15 | loss: 0.022
iter: 16 | loss: 0.031
iter: 17 | loss: 0.037
iter: 18 | loss: 0.013
iter: 19 | loss: 0.026
iter: 20 | loss: 0.024
iter: 21 | loss: 0.057
iter: 22 | loss: 0.066
iter: 23 | loss: 0.027
iter: 24 | loss: 0.024
iter: 25 | loss: 0.029
iter: 26 | loss: 0.022
iter: 27 | loss: 0.053
iter: 28 | loss: 0.057
iter: 29 | loss: 0.098
testing r= 5
rrse(target)=263.94955424758723 / 34.87594854780834 | rrse(all)=151814824755696.9 / 34622966134154.824 | report_mode=targets
[Validation] per_target_rrse_json={"us_Trade Weighted Dollar Index": 3.5269317626953125, "jp_fx": 13.321812629699707, "kr_fx": 7.357045650482178}
[Validation] per_target_lag_mae_json={"us_Trade Weighted Dollar Index": 0.2548724114894867, "jp_fx": 1.0900517702102661, "kr_fx": 4.041337490081787}
[Validation] per_target_dir_mismatch_json={"us_Trade Weighted Dollar Index": 0.09090909090909091, "jp_fx": 0.45454545454545453, "kr_fx": 0.09090909090909091}
| end of epoch   2 | time:  5.27s | train_loss 0.0390 | valid rse 7.5682 | valid rae 9.9531 | valid corr  0.3793 | valid smape  0.3453 | focus_rrse 8.0686 | obj 8.0686
Experiment: 1
Iter: 0
epoch: 3
hp= [1, 8.5e-05, 32, 128, 256, 1024, 30, 0.0, 2, 40, 0.6, 0.1, 3, 3]
best sum= 17.14211404428404
best rrse= 7.568240155124734
best rrae= 9.953127544831379
best corr= 0.37925366
best smape= 0.34525582134423277
best objective= 8.068596839904785
best hps= [1, 8.5e-05, 32, 128, 256, 1024, 30, 0.0, 2, 40, 0.6, 0.1, 3, 1]
best test rse= 3.4176811726205996
best test corr= 0.20414726
[Target-Weighted Loss] weights applied: {'us_Trade Weighted Dollar Index': 90.0, 'kr_fx': 90.0, 'jp_fx': 90.0}
[Target-Only Loss] enabled for columns: ['us_Trade Weighted Dollar Index', 'jp_fx', 'kr_fx']
[Bias Penalty] enabled lambda=0.45 scope=focus cols=['us_Trade Weighted Dollar Index', 'jp_fx', 'kr_fx']
iter:  0 | loss: 0.024
iter:  1 | loss: 0.043
iter:  2 | loss: 0.024
iter:  3 | loss: 0.032
iter:  4 | loss: 0.046
iter:  5 | loss: 0.066
iter:  6 | loss: 0.041
iter:  7 | loss: 0.027
iter:  8 | loss: 0.039
iter:  9 | loss: 0.033
iter: 10 | loss: 0.034
iter: 11 | loss: 0.042
iter: 12 | loss: 0.040
iter: 13 | loss: 0.037
iter: 14 | loss: 0.022
iter: 15 | loss: 0.016
iter: 16 | loss: 0.047
iter: 17 | loss: 0.031
iter: 18 | loss: 0.029
iter: 19 | loss: 0.035
iter: 20 | loss: 0.021
iter: 21 | loss: 0.066
iter: 22 | loss: 0.032
iter: 23 | loss: 0.024
iter: 24 | loss: 0.073
iter: 25 | loss: 0.055
iter: 26 | loss: 0.053
iter: 27 | loss: 0.029
iter: 28 | loss: 0.039
iter: 29 | loss: 0.086
testing r= 5
rrse(target)=263.94955424758723 / 34.87594854780834 | rrse(all)=151814824755696.9 / 34622966134154.824 | report_mode=targets
[Validation] per_target_rrse_json={"us_Trade Weighted Dollar Index": 3.5269317626953125, "jp_fx": 13.321812629699707, "kr_fx": 7.357045650482178}
[Validation] per_target_lag_mae_json={"us_Trade Weighted Dollar Index": 0.2548724114894867, "jp_fx": 1.0900517702102661, "kr_fx": 4.041337490081787}
[Validation] per_target_dir_mismatch_json={"us_Trade Weighted Dollar Index": 0.09090909090909091, "jp_fx": 0.45454545454545453, "kr_fx": 0.09090909090909091}
| end of epoch   3 | time:  5.43s | train_loss 0.0392 | valid rse 7.5682 | valid rae 9.9531 | valid corr  0.3793 | valid smape  0.3453 | focus_rrse 8.0686 | obj 8.0686
Experiment: 1
Iter: 0
epoch: 4
hp= [1, 8.5e-05, 32, 128, 256, 1024, 30, 0.0, 2, 40, 0.6, 0.1, 3, 4]
best sum= 17.14211404428404
best rrse= 7.568240155124734
best rrae= 9.953127544831379
best corr= 0.37925366
best smape= 0.34525582134423277
best objective= 8.068596839904785
best hps= [1, 8.5e-05, 32, 128, 256, 1024, 30, 0.0, 2, 40, 0.6, 0.1, 3, 1]
best test rse= 3.4176811726205996
best test corr= 0.20414726
[Target-Weighted Loss] weights applied: {'us_Trade Weighted Dollar Index': 90.0, 'kr_fx': 90.0, 'jp_fx': 90.0}
[Target-Only Loss] enabled for columns: ['us_Trade Weighted Dollar Index', 'jp_fx', 'kr_fx']
[Bias Penalty] enabled lambda=0.45 scope=focus cols=['us_Trade Weighted Dollar Index', 'jp_fx', 'kr_fx']
iter:  0 | loss: 0.043
iter:  1 | loss: 0.042
iter:  2 | loss: 0.032
iter:  3 | loss: 0.029
iter:  4 | loss: 0.025
iter:  5 | loss: 0.025
iter:  6 | loss: 0.050
iter:  7 | loss: 0.052
iter:  8 | loss: 0.023
iter:  9 | loss: 0.095
iter: 10 | loss: 0.038
iter: 11 | loss: 0.055
iter: 12 | loss: 0.054
iter: 13 | loss: 0.031
iter: 14 | loss: 0.046
iter: 15 | loss: 0.055
iter: 16 | loss: 0.021
iter: 17 | loss: 0.022
iter: 18 | loss: 0.028
iter: 19 | loss: 0.029
iter: 20 | loss: 0.024
iter: 21 | loss: 0.035
iter: 22 | loss: 0.046
iter: 23 | loss: 0.033
iter: 24 | loss: 0.061
iter: 25 | loss: 0.058
iter: 26 | loss: 0.032
iter: 27 | loss: 0.046
iter: 28 | loss: 0.019
iter: 29 | loss: 0.038
testing r= 5
rrse(target)=263.94955424758723 / 34.87594854780834 | rrse(all)=151814824755696.9 / 34622966134154.824 | report_mode=targets
[Validation] per_target_rrse_json={"us_Trade Weighted Dollar Index": 3.5269317626953125, "jp_fx": 13.321812629699707, "kr_fx": 7.357045650482178}
[Validation] per_target_lag_mae_json={"us_Trade Weighted Dollar Index": 0.2548724114894867, "jp_fx": 1.0900517702102661, "kr_fx": 4.041337490081787}
[Validation] per_target_dir_mismatch_json={"us_Trade Weighted Dollar Index": 0.09090909090909091, "jp_fx": 0.45454545454545453, "kr_fx": 0.09090909090909091}
| end of epoch   4 | time:  5.36s | train_loss 0.0395 | valid rse 7.5682 | valid rae 9.9531 | valid corr  0.3793 | valid smape  0.3453 | focus_rrse 8.0686 | obj 8.0686
Experiment: 1
Iter: 0
epoch: 5
hp= [1, 8.5e-05, 32, 128, 256, 1024, 30, 0.0, 2, 40, 0.6, 0.1, 3, 5]
best sum= 17.14211404428404
best rrse= 7.568240155124734
best rrae= 9.953127544831379
best corr= 0.37925366
best smape= 0.34525582134423277
best objective= 8.068596839904785
best hps= [1, 8.5e-05, 32, 128, 256, 1024, 30, 0.0, 2, 40, 0.6, 0.1, 3, 1]
best test rse= 3.4176811726205996
best test corr= 0.20414726
[Target-Weighted Loss] weights applied: {'us_Trade Weighted Dollar Index': 90.0, 'kr_fx': 90.0, 'jp_fx': 90.0}
[Target-Only Loss] enabled for columns: ['us_Trade Weighted Dollar Index', 'jp_fx', 'kr_fx']
[Bias Penalty] enabled lambda=0.45 scope=focus cols=['us_Trade Weighted Dollar Index', 'jp_fx', 'kr_fx']
iter:  0 | loss: 0.033
iter:  1 | loss: 0.034
iter:  2 | loss: 0.022
iter:  3 | loss: 0.034
iter:  4 | loss: 0.026
iter:  5 | loss: 0.065
iter:  6 | loss: 0.039
iter:  7 | loss: 0.047
iter:  8 | loss: 0.036
iter:  9 | loss: 0.022
iter: 10 | loss: 0.070
iter: 11 | loss: 0.036
iter: 12 | loss: 0.021
iter: 13 | loss: 0.022
iter: 14 | loss: 0.053
iter: 15 | loss: 0.048
iter: 16 | loss: 0.027
iter: 17 | loss: 0.041
iter: 18 | loss: 0.036
iter: 19 | loss: 0.035
iter: 20 | loss: 0.047
iter: 21 | loss: 0.049
iter: 22 | loss: 0.025
iter: 23 | loss: 0.044
iter: 24 | loss: 0.045
iter: 25 | loss: 0.029
iter: 26 | loss: 0.041
iter: 27 | loss: 0.039
iter: 28 | loss: 0.055
iter: 29 | loss: 0.032
testing r= 5
rrse(target)=263.94955424758723 / 34.87594854780834 | rrse(all)=151814824755696.9 / 34622966134154.824 | report_mode=targets
[Validation] per_target_rrse_json={"us_Trade Weighted Dollar Index": 3.5269317626953125, "jp_fx": 13.321812629699707, "kr_fx": 7.357045650482178}
[Validation] per_target_lag_mae_json={"us_Trade Weighted Dollar Index": 0.2548724114894867, "jp_fx": 1.0900517702102661, "kr_fx": 4.041337490081787}
[Validation] per_target_dir_mismatch_json={"us_Trade Weighted Dollar Index": 0.09090909090909091, "jp_fx": 0.45454545454545453, "kr_fx": 0.09090909090909091}
| end of epoch   5 | time:  5.23s | train_loss 0.0385 | valid rse 7.5682 | valid rae 9.9531 | valid corr  0.3793 | valid smape  0.3453 | focus_rrse 8.0686 | obj 8.0686
Experiment: 1
Iter: 0
epoch: 6
hp= [1, 8.5e-05, 32, 128, 256, 1024, 30, 0.0, 2, 40, 0.6, 0.1, 3, 6]
best sum= 17.14211404428404
best rrse= 7.568240155124734
best rrae= 9.953127544831379
best corr= 0.37925366
best smape= 0.34525582134423277
best objective= 8.068596839904785
best hps= [1, 8.5e-05, 32, 128, 256, 1024, 30, 0.0, 2, 40, 0.6, 0.1, 3, 1]
best test rse= 3.4176811726205996
best test corr= 0.20414726
[Target-Weighted Loss] weights applied: {'us_Trade Weighted Dollar Index': 90.0, 'kr_fx': 90.0, 'jp_fx': 90.0}
[Target-Only Loss] enabled for columns: ['us_Trade Weighted Dollar Index', 'jp_fx', 'kr_fx']
[Bias Penalty] enabled lambda=0.45 scope=focus cols=['us_Trade Weighted Dollar Index', 'jp_fx', 'kr_fx']
iter:  0 | loss: 0.020
iter:  1 | loss: 0.076
iter:  2 | loss: 0.045
iter:  3 | loss: 0.061
iter:  4 | loss: 0.039
iter:  5 | loss: 0.019
iter:  6 | loss: 0.051
iter:  7 | loss: 0.020
iter:  8 | loss: 0.024
iter:  9 | loss: 0.060
iter: 10 | loss: 0.041
iter: 11 | loss: 0.094
iter: 12 | loss: 0.049
iter: 13 | loss: 0.049
iter: 14 | loss: 0.027
iter: 15 | loss: 0.069
iter: 16 | loss: 0.021
iter: 17 | loss: 0.021
iter: 18 | loss: 0.025
iter: 19 | loss: 0.011
iter: 20 | loss: 0.023
iter: 21 | loss: 0.017
iter: 22 | loss: 0.031
iter: 23 | loss: 0.032
iter: 24 | loss: 0.047
iter: 25 | loss: 0.040
iter: 26 | loss: 0.063
iter: 27 | loss: 0.037
iter: 28 | loss: 0.029
iter: 29 | loss: 0.035
testing r= 5
rrse(target)=263.94955424758723 / 34.87594854780834 | rrse(all)=151814824755696.9 / 34622966134154.824 | report_mode=targets
[Validation] per_target_rrse_json={"us_Trade Weighted Dollar Index": 3.5269317626953125, "jp_fx": 13.321812629699707, "kr_fx": 7.357045650482178}
[Validation] per_target_lag_mae_json={"us_Trade Weighted Dollar Index": 0.2548724114894867, "jp_fx": 1.0900517702102661, "kr_fx": 4.041337490081787}
[Validation] per_target_dir_mismatch_json={"us_Trade Weighted Dollar Index": 0.09090909090909091, "jp_fx": 0.45454545454545453, "kr_fx": 0.09090909090909091}
| end of epoch   6 | time:  5.06s | train_loss 0.0392 | valid rse 7.5682 | valid rae 9.9531 | valid corr  0.3793 | valid smape  0.3453 | focus_rrse 8.0686 | obj 8.0686
Experiment: 1
Iter: 0
epoch: 7
hp= [1, 8.5e-05, 32, 128, 256, 1024, 30, 0.0, 2, 40, 0.6, 0.1, 3, 7]
best sum= 17.14211404428404
best rrse= 7.568240155124734
best rrae= 9.953127544831379
best corr= 0.37925366
best smape= 0.34525582134423277
best objective= 8.068596839904785
best hps= [1, 8.5e-05, 32, 128, 256, 1024, 30, 0.0, 2, 40, 0.6, 0.1, 3, 1]
best test rse= 3.4176811726205996
best test corr= 0.20414726
[Target-Weighted Loss] weights applied: {'us_Trade Weighted Dollar Index': 90.0, 'kr_fx': 90.0, 'jp_fx': 90.0}
[Target-Only Loss] enabled for columns: ['us_Trade Weighted Dollar Index', 'jp_fx', 'kr_fx']
[Bias Penalty] enabled lambda=0.45 scope=focus cols=['us_Trade Weighted Dollar Index', 'jp_fx', 'kr_fx']
iter:  0 | loss: 0.017
iter:  1 | loss: 0.060
iter:  2 | loss: 0.043
iter:  3 | loss: 0.030
iter:  4 | loss: 0.040
iter:  5 | loss: 0.025
iter:  6 | loss: 0.050
iter:  7 | loss: 0.070
iter:  8 | loss: 0.030
iter:  9 | loss: 0.049
iter: 10 | loss: 0.029
iter: 11 | loss: 0.060
iter: 12 | loss: 0.017
iter: 13 | loss: 0.022
iter: 14 | loss: 0.033
iter: 15 | loss: 0.038
iter: 16 | loss: 0.037
iter: 17 | loss: 0.035
iter: 18 | loss: 0.046
iter: 19 | loss: 0.032
iter: 20 | loss: 0.051
iter: 21 | loss: 0.024
iter: 22 | loss: 0.021
iter: 23 | loss: 0.063
iter: 24 | loss: 0.040
iter: 25 | loss: 0.052
iter: 26 | loss: 0.040
iter: 27 | loss: 0.074
iter: 28 | loss: 0.047
iter: 29 | loss: 0.042
testing r= 5
rrse(target)=263.94955424758723 / 34.87594854780834 | rrse(all)=151814824755696.9 / 34622966134154.824 | report_mode=targets
[Validation] per_target_rrse_json={"us_Trade Weighted Dollar Index": 3.5269317626953125, "jp_fx": 13.321812629699707, "kr_fx": 7.357045650482178}
[Validation] per_target_lag_mae_json={"us_Trade Weighted Dollar Index": 0.2548724114894867, "jp_fx": 1.0900517702102661, "kr_fx": 4.041337490081787}
[Validation] per_target_dir_mismatch_json={"us_Trade Weighted Dollar Index": 0.09090909090909091, "jp_fx": 0.45454545454545453, "kr_fx": 0.09090909090909091}
| end of epoch   7 | time:  5.12s | train_loss 0.0406 | valid rse 7.5682 | valid rae 9.9531 | valid corr  0.3793 | valid smape  0.3453 | focus_rrse 8.0686 | obj 8.0686
Experiment: 1
Iter: 0
epoch: 8
hp= [1, 8.5e-05, 32, 128, 256, 1024, 30, 0.0, 2, 40, 0.6, 0.1, 3, 8]
best sum= 17.14211404428404
best rrse= 7.568240155124734
best rrae= 9.953127544831379
best corr= 0.37925366
best smape= 0.34525582134423277
best objective= 8.068596839904785
best hps= [1, 8.5e-05, 32, 128, 256, 1024, 30, 0.0, 2, 40, 0.6, 0.1, 3, 1]
best test rse= 3.4176811726205996
best test corr= 0.20414726
[Target-Weighted Loss] weights applied: {'us_Trade Weighted Dollar Index': 90.0, 'kr_fx': 90.0, 'jp_fx': 90.0}
[Target-Only Loss] enabled for columns: ['us_Trade Weighted Dollar Index', 'jp_fx', 'kr_fx']
[Bias Penalty] enabled lambda=0.45 scope=focus cols=['us_Trade Weighted Dollar Index', 'jp_fx', 'kr_fx']
iter:  0 | loss: 0.045
iter:  1 | loss: 0.090
iter:  2 | loss: 0.028
iter:  3 | loss: 0.035
iter:  4 | loss: 0.047
iter:  5 | loss: 0.041
iter:  6 | loss: 0.071
iter:  7 | loss: 0.045
iter:  8 | loss: 0.014
iter:  9 | loss: 0.017
iter: 10 | loss: 0.030
iter: 11 | loss: 0.024
iter: 12 | loss: 0.037
iter: 13 | loss: 0.025
iter: 14 | loss: 0.034
iter: 15 | loss: 0.046
iter: 16 | loss: 0.044
iter: 17 | loss: 0.021
iter: 18 | loss: 0.038
iter: 19 | loss: 0.070
iter: 20 | loss: 0.057
iter: 21 | loss: 0.029
iter: 22 | loss: 0.036
iter: 23 | loss: 0.035
iter: 24 | loss: 0.032
iter: 25 | loss: 0.039
iter: 26 | loss: 0.035
iter: 27 | loss: 0.037
iter: 28 | loss: 0.049
iter: 29 | loss: 0.031
testing r= 5
rrse(target)=263.94955424758723 / 34.87594854780834 | rrse(all)=151814824755696.9 / 34622966134154.824 | report_mode=targets
[Validation] per_target_rrse_json={"us_Trade Weighted Dollar Index": 3.5269317626953125, "jp_fx": 13.321812629699707, "kr_fx": 7.357045650482178}
[Validation] per_target_lag_mae_json={"us_Trade Weighted Dollar Index": 0.2548724114894867, "jp_fx": 1.0900517702102661, "kr_fx": 4.041337490081787}
[Validation] per_target_dir_mismatch_json={"us_Trade Weighted Dollar Index": 0.09090909090909091, "jp_fx": 0.45454545454545453, "kr_fx": 0.09090909090909091}
| end of epoch   8 | time:  5.21s | train_loss 0.0394 | valid rse 7.5682 | valid rae 9.9531 | valid corr  0.3793 | valid smape  0.3453 | focus_rrse 8.0686 | obj 8.0686
Experiment: 1
Iter: 0
epoch: 9
hp= [1, 8.5e-05, 32, 128, 256, 1024, 30, 0.0, 2, 40, 0.6, 0.1, 3, 9]
best sum= 17.14211404428404
best rrse= 7.568240155124734
best rrae= 9.953127544831379
best corr= 0.37925366
best smape= 0.34525582134423277
best objective= 8.068596839904785
best hps= [1, 8.5e-05, 32, 128, 256, 1024, 30, 0.0, 2, 40, 0.6, 0.1, 3, 1]
best test rse= 3.4176811726205996
best test corr= 0.20414726
[Target-Weighted Loss] weights applied: {'us_Trade Weighted Dollar Index': 90.0, 'kr_fx': 90.0, 'jp_fx': 90.0}
[Target-Only Loss] enabled for columns: ['us_Trade Weighted Dollar Index', 'jp_fx', 'kr_fx']
[Bias Penalty] enabled lambda=0.45 scope=focus cols=['us_Trade Weighted Dollar Index', 'jp_fx', 'kr_fx']
iter:  0 | loss: 0.032
iter:  1 | loss: 0.028
iter:  2 | loss: 0.042
iter:  3 | loss: 0.050
iter:  4 | loss: 0.029
iter:  5 | loss: 0.021
iter:  6 | loss: 0.020
iter:  7 | loss: 0.053
iter:  8 | loss: 0.041
iter:  9 | loss: 0.036
iter: 10 | loss: 0.034
iter: 11 | loss: 0.040
iter: 12 | loss: 0.035
iter: 13 | loss: 0.027
iter: 14 | loss: 0.073
iter: 15 | loss: 0.056
iter: 16 | loss: 0.036
iter: 17 | loss: 0.032
iter: 18 | loss: 0.028
iter: 19 | loss: 0.065
iter: 20 | loss: 0.024
iter: 21 | loss: 0.063
iter: 22 | loss: 0.025
iter: 23 | loss: 0.073
iter: 24 | loss: 0.026
iter: 25 | loss: 0.033
iter: 26 | loss: 0.035
iter: 27 | loss: 0.024
iter: 28 | loss: 0.019
iter: 29 | loss: 0.062
testing r= 5
rrse(target)=263.94955424758723 / 34.87594854780834 | rrse(all)=151814824755696.9 / 34622966134154.824 | report_mode=targets
[Validation] per_target_rrse_json={"us_Trade Weighted Dollar Index": 3.5269317626953125, "jp_fx": 13.321812629699707, "kr_fx": 7.357045650482178}
[Validation] per_target_lag_mae_json={"us_Trade Weighted Dollar Index": 0.2548724114894867, "jp_fx": 1.0900517702102661, "kr_fx": 4.041337490081787}
[Validation] per_target_dir_mismatch_json={"us_Trade Weighted Dollar Index": 0.09090909090909091, "jp_fx": 0.45454545454545453, "kr_fx": 0.09090909090909091}
| end of epoch   9 | time:  5.35s | train_loss 0.0385 | valid rse 7.5682 | valid rae 9.9531 | valid corr  0.3793 | valid smape  0.3453 | focus_rrse 8.0686 | obj 8.0686
Experiment: 1
Iter: 0
epoch: 10
hp= [1, 8.5e-05, 32, 128, 256, 1024, 30, 0.0, 2, 40, 0.6, 0.1, 3, 10]
best sum= 17.14211404428404
best rrse= 7.568240155124734
best rrae= 9.953127544831379
best corr= 0.37925366
best smape= 0.34525582134423277
best objective= 8.068596839904785
best hps= [1, 8.5e-05, 32, 128, 256, 1024, 30, 0.0, 2, 40, 0.6, 0.1, 3, 1]
best test rse= 3.4176811726205996
best test corr= 0.20414726
[Target-Weighted Loss] weights applied: {'us_Trade Weighted Dollar Index': 90.0, 'kr_fx': 90.0, 'jp_fx': 90.0}
[Target-Only Loss] enabled for columns: ['us_Trade Weighted Dollar Index', 'jp_fx', 'kr_fx']
[Bias Penalty] enabled lambda=0.45 scope=focus cols=['us_Trade Weighted Dollar Index', 'jp_fx', 'kr_fx']
iter:  0 | loss: 0.012
iter:  1 | loss: 0.052
iter:  2 | loss: 0.035
iter:  3 | loss: 0.026
iter:  4 | loss: 0.031
iter:  5 | loss: 0.054
iter:  6 | loss: 0.048
iter:  7 | loss: 0.036
iter:  8 | loss: 0.053
iter:  9 | loss: 0.061
iter: 10 | loss: 0.037
iter: 11 | loss: 0.025
iter: 12 | loss: 0.025
iter: 13 | loss: 0.032
iter: 14 | loss: 0.025
iter: 15 | loss: 0.054
iter: 16 | loss: 0.042
iter: 17 | loss: 0.025
iter: 18 | loss: 0.072
iter: 19 | loss: 0.022
iter: 20 | loss: 0.047
iter: 21 | loss: 0.043
iter: 22 | loss: 0.035
iter: 23 | loss: 0.046
iter: 24 | loss: 0.028
iter: 25 | loss: 0.044
iter: 26 | loss: 0.033
iter: 27 | loss: 0.036
iter: 28 | loss: 0.037
iter: 29 | loss: 0.048
testing r= 5
rrse(target)=263.94955424758723 / 34.87594854780834 | rrse(all)=151814824755696.9 / 34622966134154.824 | report_mode=targets
[Validation] per_target_rrse_json={"us_Trade Weighted Dollar Index": 3.5269317626953125, "jp_fx": 13.321812629699707, "kr_fx": 7.357045650482178}
[Validation] per_target_lag_mae_json={"us_Trade Weighted Dollar Index": 0.2548724114894867, "jp_fx": 1.0900517702102661, "kr_fx": 4.041337490081787}
[Validation] per_target_dir_mismatch_json={"us_Trade Weighted Dollar Index": 0.09090909090909091, "jp_fx": 0.45454545454545453, "kr_fx": 0.09090909090909091}
| end of epoch  10 | time:  5.23s | train_loss 0.0387 | valid rse 7.5682 | valid rae 9.9531 | valid corr  0.3793 | valid smape  0.3453 | focus_rrse 8.0686 | obj 8.0686
Experiment: 1
Iter: 0
epoch: 11
hp= [1, 8.5e-05, 32, 128, 256, 1024, 30, 0.0, 2, 40, 0.6, 0.1, 3, 11]
best sum= 17.14211404428404
best rrse= 7.568240155124734
best rrae= 9.953127544831379
best corr= 0.37925366
best smape= 0.34525582134423277
best objective= 8.068596839904785
best hps= [1, 8.5e-05, 32, 128, 256, 1024, 30, 0.0, 2, 40, 0.6, 0.1, 3, 1]
best test rse= 3.4176811726205996
best test corr= 0.20414726
[Target-Weighted Loss] weights applied: {'us_Trade Weighted Dollar Index': 90.0, 'kr_fx': 90.0, 'jp_fx': 90.0}
[Target-Only Loss] enabled for columns: ['us_Trade Weighted Dollar Index', 'jp_fx', 'kr_fx']
[Bias Penalty] enabled lambda=0.45 scope=focus cols=['us_Trade Weighted Dollar Index', 'jp_fx', 'kr_fx']
iter:  0 | loss: 0.028
iter:  1 | loss: 0.022
iter:  2 | loss: 0.052
iter:  3 | loss: 0.035
iter:  4 | loss: 0.048
iter:  5 | loss: 0.031
iter:  6 | loss: 0.038
iter:  7 | loss: 0.035
iter:  8 | loss: 0.026
iter:  9 | loss: 0.046
iter: 10 | loss: 0.019
iter: 11 | loss: 0.052
iter: 12 | loss: 0.034
iter: 13 | loss: 0.029
iter: 14 | loss: 0.058
iter: 15 | loss: 0.056
iter: 16 | loss: 0.061
iter: 17 | loss: 0.037
iter: 18 | loss: 0.035
iter: 19 | loss: 0.044
iter: 20 | loss: 0.017
iter: 21 | loss: 0.036
iter: 22 | loss: 0.035
iter: 23 | loss: 0.059
iter: 24 | loss: 0.021
iter: 25 | loss: 0.032
iter: 26 | loss: 0.070
iter: 27 | loss: 0.046
iter: 28 | loss: 0.040
iter: 29 | loss: 0.017
testing r= 5
rrse(target)=263.94955424758723 / 34.87594854780834 | rrse(all)=151814824755696.9 / 34622966134154.824 | report_mode=targets
[Validation] per_target_rrse_json={"us_Trade Weighted Dollar Index": 3.5269317626953125, "jp_fx": 13.321812629699707, "kr_fx": 7.357045650482178}
[Validation] per_target_lag_mae_json={"us_Trade Weighted Dollar Index": 0.2548724114894867, "jp_fx": 1.0900517702102661, "kr_fx": 4.041337490081787}
[Validation] per_target_dir_mismatch_json={"us_Trade Weighted Dollar Index": 0.09090909090909091, "jp_fx": 0.45454545454545453, "kr_fx": 0.09090909090909091}
| end of epoch  11 | time:  5.22s | train_loss 0.0389 | valid rse 7.5682 | valid rae 9.9531 | valid corr  0.3793 | valid smape  0.3453 | focus_rrse 8.0686 | obj 8.0686
Experiment: 1
Iter: 0
epoch: 12
hp= [1, 8.5e-05, 32, 128, 256, 1024, 30, 0.0, 2, 40, 0.6, 0.1, 3, 12]
best sum= 17.14211404428404
best rrse= 7.568240155124734
best rrae= 9.953127544831379
best corr= 0.37925366
best smape= 0.34525582134423277
best objective= 8.068596839904785
best hps= [1, 8.5e-05, 32, 128, 256, 1024, 30, 0.0, 2, 40, 0.6, 0.1, 3, 1]
best test rse= 3.4176811726205996
best test corr= 0.20414726
[Target-Weighted Loss] weights applied: {'us_Trade Weighted Dollar Index': 90.0, 'kr_fx': 90.0, 'jp_fx': 90.0}
[Target-Only Loss] enabled for columns: ['us_Trade Weighted Dollar Index', 'jp_fx', 'kr_fx']
[Bias Penalty] enabled lambda=0.45 scope=focus cols=['us_Trade Weighted Dollar Index', 'jp_fx', 'kr_fx']
iter:  0 | loss: 0.052
iter:  1 | loss: 0.027
iter:  2 | loss: 0.027
iter:  3 | loss: 0.022
iter:  4 | loss: 0.033
iter:  5 | loss: 0.058
iter:  6 | loss: 0.033
iter:  7 | loss: 0.032
iter:  8 | loss: 0.032
iter:  9 | loss: 0.065
iter: 10 | loss: 0.034
iter: 11 | loss: 0.019
iter: 12 | loss: 0.016
iter: 13 | loss: 0.051
iter: 14 | loss: 0.066
iter: 15 | loss: 0.028
iter: 16 | loss: 0.042
iter: 17 | loss: 0.023
iter: 18 | loss: 0.026
iter: 19 | loss: 0.054
iter: 20 | loss: 0.010
iter: 21 | loss: 0.079
iter: 22 | loss: 0.066
iter: 23 | loss: 0.031
iter: 24 | loss: 0.028
iter: 25 | loss: 0.049
iter: 26 | loss: 0.034
iter: 27 | loss: 0.038
iter: 28 | loss: 0.038
iter: 29 | loss: 0.094
testing r= 5
rrse(target)=263.94955424758723 / 34.87594854780834 | rrse(all)=151814824755696.9 / 34622966134154.824 | report_mode=targets
[Validation] per_target_rrse_json={"us_Trade Weighted Dollar Index": 3.5269317626953125, "jp_fx": 13.321812629699707, "kr_fx": 7.357045650482178}
[Validation] per_target_lag_mae_json={"us_Trade Weighted Dollar Index": 0.2548724114894867, "jp_fx": 1.0900517702102661, "kr_fx": 4.041337490081787}
[Validation] per_target_dir_mismatch_json={"us_Trade Weighted Dollar Index": 0.09090909090909091, "jp_fx": 0.45454545454545453, "kr_fx": 0.09090909090909091}
| end of epoch  12 | time:  5.27s | train_loss 0.0397 | valid rse 7.5682 | valid rae 9.9531 | valid corr  0.3793 | valid smape  0.3453 | focus_rrse 8.0686 | obj 8.0686
Experiment: 1
Iter: 0
epoch: 13
hp= [1, 8.5e-05, 32, 128, 256, 1024, 30, 0.0, 2, 40, 0.6, 0.1, 3, 13]
best sum= 17.14211404428404
best rrse= 7.568240155124734
best rrae= 9.953127544831379
best corr= 0.37925366
best smape= 0.34525582134423277
best objective= 8.068596839904785
best hps= [1, 8.5e-05, 32, 128, 256, 1024, 30, 0.0, 2, 40, 0.6, 0.1, 3, 1]
best test rse= 3.4176811726205996
best test corr= 0.20414726
[Target-Weighted Loss] weights applied: {'us_Trade Weighted Dollar Index': 90.0, 'kr_fx': 90.0, 'jp_fx': 90.0}
[Target-Only Loss] enabled for columns: ['us_Trade Weighted Dollar Index', 'jp_fx', 'kr_fx']
[Bias Penalty] enabled lambda=0.45 scope=focus cols=['us_Trade Weighted Dollar Index', 'jp_fx', 'kr_fx']
iter:  0 | loss: 0.074
iter:  1 | loss: 0.042
iter:  2 | loss: 0.046
iter:  3 | loss: 0.046
iter:  4 | loss: 0.026
iter:  5 | loss: 0.064
iter:  6 | loss: 0.037
iter:  7 | loss: 0.035
iter:  8 | loss: 0.030
iter:  9 | loss: 0.018
iter: 10 | loss: 0.016
iter: 11 | loss: 0.058
iter: 12 | loss: 0.027
iter: 13 | loss: 0.038
iter: 14 | loss: 0.080
iter: 15 | loss: 0.043
iter: 16 | loss: 0.030
iter: 17 | loss: 0.037
iter: 18 | loss: 0.021
iter: 19 | loss: 0.035
iter: 20 | loss: 0.074
iter: 21 | loss: 0.042
iter: 22 | loss: 0.025
iter: 23 | loss: 0.044
iter: 24 | loss: 0.028
iter: 25 | loss: 0.030
iter: 26 | loss: 0.030
iter: 27 | loss: 0.009
iter: 28 | loss: 0.021
iter: 29 | loss: 0.102
testing r= 5
rrse(target)=263.94955424758723 / 34.87594854780834 | rrse(all)=151814824755696.9 / 34622966134154.824 | report_mode=targets
[Validation] per_target_rrse_json={"us_Trade Weighted Dollar Index": 3.5269317626953125, "jp_fx": 13.321812629699707, "kr_fx": 7.357045650482178}
[Validation] per_target_lag_mae_json={"us_Trade Weighted Dollar Index": 0.2548724114894867, "jp_fx": 1.0900517702102661, "kr_fx": 4.041337490081787}
[Validation] per_target_dir_mismatch_json={"us_Trade Weighted Dollar Index": 0.09090909090909091, "jp_fx": 0.45454545454545453, "kr_fx": 0.09090909090909091}
| end of epoch  13 | time:  5.29s | train_loss 0.0398 | valid rse 7.5682 | valid rae 9.9531 | valid corr  0.3793 | valid smape  0.3453 | focus_rrse 8.0686 | obj 8.0686
Experiment: 1
Iter: 0
epoch: 14
hp= [1, 8.5e-05, 32, 128, 256, 1024, 30, 0.0, 2, 40, 0.6, 0.1, 3, 14]
best sum= 17.14211404428404
best rrse= 7.568240155124734
best rrae= 9.953127544831379
best corr= 0.37925366
best smape= 0.34525582134423277
best objective= 8.068596839904785
best hps= [1, 8.5e-05, 32, 128, 256, 1024, 30, 0.0, 2, 40, 0.6, 0.1, 3, 1]
best test rse= 3.4176811726205996
best test corr= 0.20414726
[Target-Weighted Loss] weights applied: {'us_Trade Weighted Dollar Index': 90.0, 'kr_fx': 90.0, 'jp_fx': 90.0}
[Target-Only Loss] enabled for columns: ['us_Trade Weighted Dollar Index', 'jp_fx', 'kr_fx']
[Bias Penalty] enabled lambda=0.45 scope=focus cols=['us_Trade Weighted Dollar Index', 'jp_fx', 'kr_fx']
iter:  0 | loss: 0.037
iter:  1 | loss: 0.046
iter:  2 | loss: 0.038
iter:  3 | loss: 0.032
iter:  4 | loss: 0.023
iter:  5 | loss: 0.024
iter:  6 | loss: 0.023
iter:  7 | loss: 0.031
iter:  8 | loss: 0.057
iter:  9 | loss: 0.052
iter: 10 | loss: 0.061
iter: 11 | loss: 0.031
iter: 12 | loss: 0.054
iter: 13 | loss: 0.025
iter: 14 | loss: 0.040
iter: 15 | loss: 0.029
iter: 16 | loss: 0.026
iter: 17 | loss: 0.029
iter: 18 | loss: 0.016
iter: 19 | loss: 0.053
iter: 20 | loss: 0.056
iter: 21 | loss: 0.039
iter: 22 | loss: 0.057
iter: 23 | loss: 0.033
iter: 24 | loss: 0.039
iter: 25 | loss: 0.029
iter: 26 | loss: 0.038
iter: 27 | loss: 0.039
iter: 28 | loss: 0.071
iter: 29 | loss: 0.036
testing r= 5
rrse(target)=263.94955424758723 / 34.87594854780834 | rrse(all)=151814824755696.9 / 34622966134154.824 | report_mode=targets
[Validation] per_target_rrse_json={"us_Trade Weighted Dollar Index": 3.5269317626953125, "jp_fx": 13.321812629699707, "kr_fx": 7.357045650482178}
[Validation] per_target_lag_mae_json={"us_Trade Weighted Dollar Index": 0.2548724114894867, "jp_fx": 1.0900517702102661, "kr_fx": 4.041337490081787}
[Validation] per_target_dir_mismatch_json={"us_Trade Weighted Dollar Index": 0.09090909090909091, "jp_fx": 0.45454545454545453, "kr_fx": 0.09090909090909091}
| end of epoch  14 | time:  5.55s | train_loss 0.0387 | valid rse 7.5682 | valid rae 9.9531 | valid corr  0.3793 | valid smape  0.3453 | focus_rrse 8.0686 | obj 8.0686
Experiment: 1
Iter: 0
epoch: 15
hp= [1, 8.5e-05, 32, 128, 256, 1024, 30, 0.0, 2, 40, 0.6, 0.1, 3, 15]
best sum= 17.14211404428404
best rrse= 7.568240155124734
best rrae= 9.953127544831379
best corr= 0.37925366
best smape= 0.34525582134423277
best objective= 8.068596839904785
best hps= [1, 8.5e-05, 32, 128, 256, 1024, 30, 0.0, 2, 40, 0.6, 0.1, 3, 1]
best test rse= 3.4176811726205996
best test corr= 0.20414726
[Target-Weighted Loss] weights applied: {'us_Trade Weighted Dollar Index': 90.0, 'kr_fx': 90.0, 'jp_fx': 90.0}
[Target-Only Loss] enabled for columns: ['us_Trade Weighted Dollar Index', 'jp_fx', 'kr_fx']
[Bias Penalty] enabled lambda=0.45 scope=focus cols=['us_Trade Weighted Dollar Index', 'jp_fx', 'kr_fx']
iter:  0 | loss: 0.025
iter:  1 | loss: 0.050
iter:  2 | loss: 0.050
iter:  3 | loss: 0.033
iter:  4 | loss: 0.025
iter:  5 | loss: 0.043
iter:  6 | loss: 0.034
iter:  7 | loss: 0.031
iter:  8 | loss: 0.045
iter:  9 | loss: 0.029
iter: 10 | loss: 0.050
iter: 11 | loss: 0.037
iter: 12 | loss: 0.023
iter: 13 | loss: 0.037
iter: 14 | loss: 0.041
iter: 15 | loss: 0.030
iter: 16 | loss: 0.039
iter: 17 | loss: 0.035
iter: 18 | loss: 0.035
iter: 19 | loss: 0.023
iter: 20 | loss: 0.038
iter: 21 | loss: 0.055
iter: 22 | loss: 0.043
iter: 23 | loss: 0.042
iter: 24 | loss: 0.043
iter: 25 | loss: 0.042
iter: 26 | loss: 0.034
iter: 27 | loss: 0.043
iter: 28 | loss: 0.027
iter: 29 | loss: 0.084
testing r= 5
rrse(target)=263.94955424758723 / 34.87594854780834 | rrse(all)=151814824755696.9 / 34622966134154.824 | report_mode=targets
[Validation] per_target_rrse_json={"us_Trade Weighted Dollar Index": 3.5269317626953125, "jp_fx": 13.321812629699707, "kr_fx": 7.357045650482178}
[Validation] per_target_lag_mae_json={"us_Trade Weighted Dollar Index": 0.2548724114894867, "jp_fx": 1.0900517702102661, "kr_fx": 4.041337490081787}
[Validation] per_target_dir_mismatch_json={"us_Trade Weighted Dollar Index": 0.09090909090909091, "jp_fx": 0.45454545454545453, "kr_fx": 0.09090909090909091}
| end of epoch  15 | time:  5.31s | train_loss 0.0385 | valid rse 7.5682 | valid rae 9.9531 | valid corr  0.3793 | valid smape  0.3453 | focus_rrse 8.0686 | obj 8.0686
Experiment: 1
Iter: 0
epoch: 16
hp= [1, 8.5e-05, 32, 128, 256, 1024, 30, 0.0, 2, 40, 0.6, 0.1, 3, 16]
best sum= 17.14211404428404
best rrse= 7.568240155124734
best rrae= 9.953127544831379
best corr= 0.37925366
best smape= 0.34525582134423277
best objective= 8.068596839904785
best hps= [1, 8.5e-05, 32, 128, 256, 1024, 30, 0.0, 2, 40, 0.6, 0.1, 3, 1]
best test rse= 3.4176811726205996
best test corr= 0.20414726
[Target-Weighted Loss] weights applied: {'us_Trade Weighted Dollar Index': 90.0, 'kr_fx': 90.0, 'jp_fx': 90.0}
[Target-Only Loss] enabled for columns: ['us_Trade Weighted Dollar Index', 'jp_fx', 'kr_fx']
[Bias Penalty] enabled lambda=0.45 scope=focus cols=['us_Trade Weighted Dollar Index', 'jp_fx', 'kr_fx']
iter:  0 | loss: 0.031
iter:  1 | loss: 0.047
iter:  2 | loss: 0.053
iter:  3 | loss: 0.020
iter:  4 | loss: 0.043
iter:  5 | loss: 0.034
iter:  6 | loss: 0.048
iter:  7 | loss: 0.038
iter:  8 | loss: 0.033
iter:  9 | loss: 0.034
iter: 10 | loss: 0.063
iter: 11 | loss: 0.024
iter: 12 | loss: 0.035
iter: 13 | loss: 0.056
iter: 14 | loss: 0.031
iter: 15 | loss: 0.031
iter: 16 | loss: 0.018
iter: 17 | loss: 0.028
iter: 18 | loss: 0.026
iter: 19 | loss: 0.029
iter: 20 | loss: 0.065
iter: 21 | loss: 0.043
iter: 22 | loss: 0.088
iter: 23 | loss: 0.015
iter: 24 | loss: 0.039
iter: 25 | loss: 0.030
iter: 26 | loss: 0.033
iter: 27 | loss: 0.054
iter: 28 | loss: 0.042
iter: 29 | loss: 0.072
testing r= 5
rrse(target)=263.94955424758723 / 34.87594854780834 | rrse(all)=151814824755696.9 / 34622966134154.824 | report_mode=targets
[Validation] per_target_rrse_json={"us_Trade Weighted Dollar Index": 3.5269317626953125, "jp_fx": 13.321812629699707, "kr_fx": 7.357045650482178}
[Validation] per_target_lag_mae_json={"us_Trade Weighted Dollar Index": 0.2548724114894867, "jp_fx": 1.0900517702102661, "kr_fx": 4.041337490081787}
[Validation] per_target_dir_mismatch_json={"us_Trade Weighted Dollar Index": 0.09090909090909091, "jp_fx": 0.45454545454545453, "kr_fx": 0.09090909090909091}
| end of epoch  16 | time:  5.29s | train_loss 0.0398 | valid rse 7.5682 | valid rae 9.9531 | valid corr  0.3793 | valid smape  0.3453 | focus_rrse 8.0686 | obj 8.0686
Experiment: 1
Iter: 0
epoch: 17
hp= [1, 8.5e-05, 32, 128, 256, 1024, 30, 0.0, 2, 40, 0.6, 0.1, 3, 17]
best sum= 17.14211404428404
best rrse= 7.568240155124734
best rrae= 9.953127544831379
best corr= 0.37925366
best smape= 0.34525582134423277
best objective= 8.068596839904785
best hps= [1, 8.5e-05, 32, 128, 256, 1024, 30, 0.0, 2, 40, 0.6, 0.1, 3, 1]
best test rse= 3.4176811726205996
best test corr= 0.20414726
[Target-Weighted Loss] weights applied: {'us_Trade Weighted Dollar Index': 90.0, 'kr_fx': 90.0, 'jp_fx': 90.0}
[Target-Only Loss] enabled for columns: ['us_Trade Weighted Dollar Index', 'jp_fx', 'kr_fx']
[Bias Penalty] enabled lambda=0.45 scope=focus cols=['us_Trade Weighted Dollar Index', 'jp_fx', 'kr_fx']
iter:  0 | loss: 0.023
iter:  1 | loss: 0.015
iter:  2 | loss: 0.047
iter:  3 | loss: 0.030
iter:  4 | loss: 0.018
iter:  5 | loss: 0.025
iter:  6 | loss: 0.054
iter:  7 | loss: 0.036
iter:  8 | loss: 0.049
iter:  9 | loss: 0.055
iter: 10 | loss: 0.043
iter: 11 | loss: 0.031
iter: 12 | loss: 0.070
iter: 13 | loss: 0.020
iter: 14 | loss: 0.040
iter: 15 | loss: 0.026
iter: 16 | loss: 0.029
iter: 17 | loss: 0.021
iter: 18 | loss: 0.014
iter: 19 | loss: 0.025
iter: 20 | loss: 0.037
iter: 21 | loss: 0.083
iter: 22 | loss: 0.056
iter: 23 | loss: 0.061
iter: 24 | loss: 0.077
iter: 25 | loss: 0.029
iter: 26 | loss: 0.035
iter: 27 | loss: 0.049
iter: 28 | loss: 0.031
iter: 29 | loss: 0.045
testing r= 5
rrse(target)=263.94955424758723 / 34.87594854780834 | rrse(all)=151814824755696.9 / 34622966134154.824 | report_mode=targets
[Validation] per_target_rrse_json={"us_Trade Weighted Dollar Index": 3.5269317626953125, "jp_fx": 13.321812629699707, "kr_fx": 7.357045650482178}
[Validation] per_target_lag_mae_json={"us_Trade Weighted Dollar Index": 0.2548724114894867, "jp_fx": 1.0900517702102661, "kr_fx": 4.041337490081787}
[Validation] per_target_dir_mismatch_json={"us_Trade Weighted Dollar Index": 0.09090909090909091, "jp_fx": 0.45454545454545453, "kr_fx": 0.09090909090909091}
| end of epoch  17 | time:  5.23s | train_loss 0.0391 | valid rse 7.5682 | valid rae 9.9531 | valid corr  0.3793 | valid smape  0.3453 | focus_rrse 8.0686 | obj 8.0686
Experiment: 1
Iter: 0
epoch: 18
hp= [1, 8.5e-05, 32, 128, 256, 1024, 30, 0.0, 2, 40, 0.6, 0.1, 3, 18]
best sum= 17.14211404428404
best rrse= 7.568240155124734
best rrae= 9.953127544831379
best corr= 0.37925366
best smape= 0.34525582134423277
best objective= 8.068596839904785
best hps= [1, 8.5e-05, 32, 128, 256, 1024, 30, 0.0, 2, 40, 0.6, 0.1, 3, 1]
best test rse= 3.4176811726205996
best test corr= 0.20414726
[Target-Weighted Loss] weights applied: {'us_Trade Weighted Dollar Index': 90.0, 'kr_fx': 90.0, 'jp_fx': 90.0}
[Target-Only Loss] enabled for columns: ['us_Trade Weighted Dollar Index', 'jp_fx', 'kr_fx']
[Bias Penalty] enabled lambda=0.45 scope=focus cols=['us_Trade Weighted Dollar Index', 'jp_fx', 'kr_fx']
iter:  0 | loss: 0.043
iter:  1 | loss: 0.055
iter:  2 | loss: 0.048
iter:  3 | loss: 0.028
iter:  4 | loss: 0.025
iter:  5 | loss: 0.031
iter:  6 | loss: 0.028
iter:  7 | loss: 0.035
iter:  8 | loss: 0.047
iter:  9 | loss: 0.045
iter: 10 | loss: 0.030
iter: 11 | loss: 0.025
iter: 12 | loss: 0.033
iter: 13 | loss: 0.047
iter: 14 | loss: 0.020
iter: 15 | loss: 0.025
iter: 16 | loss: 0.051
iter: 17 | loss: 0.040
iter: 18 | loss: 0.020
iter: 19 | loss: 0.032
iter: 20 | loss: 0.048
iter: 21 | loss: 0.043
iter: 22 | loss: 0.020
iter: 23 | loss: 0.079
iter: 24 | loss: 0.081
iter: 25 | loss: 0.031
iter: 26 | loss: 0.017
iter: 27 | loss: 0.031
iter: 28 | loss: 0.030
iter: 29 | loss: 0.090
testing r= 5
rrse(target)=263.94955424758723 / 34.87594854780834 | rrse(all)=151814824755696.9 / 34622966134154.824 | report_mode=targets
[Validation] per_target_rrse_json={"us_Trade Weighted Dollar Index": 3.5269317626953125, "jp_fx": 13.321812629699707, "kr_fx": 7.357045650482178}
[Validation] per_target_lag_mae_json={"us_Trade Weighted Dollar Index": 0.2548724114894867, "jp_fx": 1.0900517702102661, "kr_fx": 4.041337490081787}
[Validation] per_target_dir_mismatch_json={"us_Trade Weighted Dollar Index": 0.09090909090909091, "jp_fx": 0.45454545454545453, "kr_fx": 0.09090909090909091}
| end of epoch  18 | time:  5.19s | train_loss 0.0389 | valid rse 7.5682 | valid rae 9.9531 | valid corr  0.3793 | valid smape  0.3453 | focus_rrse 8.0686 | obj 8.0686
Experiment: 1
Iter: 0
epoch: 19
hp= [1, 8.5e-05, 32, 128, 256, 1024, 30, 0.0, 2, 40, 0.6, 0.1, 3, 19]
best sum= 17.14211404428404
best rrse= 7.568240155124734
best rrae= 9.953127544831379
best corr= 0.37925366
best smape= 0.34525582134423277
best objective= 8.068596839904785
best hps= [1, 8.5e-05, 32, 128, 256, 1024, 30, 0.0, 2, 40, 0.6, 0.1, 3, 1]
best test rse= 3.4176811726205996
best test corr= 0.20414726
[Target-Weighted Loss] weights applied: {'us_Trade Weighted Dollar Index': 90.0, 'kr_fx': 90.0, 'jp_fx': 90.0}
[Target-Only Loss] enabled for columns: ['us_Trade Weighted Dollar Index', 'jp_fx', 'kr_fx']
[Bias Penalty] enabled lambda=0.45 scope=focus cols=['us_Trade Weighted Dollar Index', 'jp_fx', 'kr_fx']
iter:  0 | loss: 0.036
iter:  1 | loss: 0.053
iter:  2 | loss: 0.014
iter:  3 | loss: 0.046
iter:  4 | loss: 0.053
iter:  5 | loss: 0.018
iter:  6 | loss: 0.063
iter:  7 | loss: 0.029
iter:  8 | loss: 0.055
iter:  9 | loss: 0.025
iter: 10 | loss: 0.020
iter: 11 | loss: 0.043
iter: 12 | loss: 0.040
iter: 13 | loss: 0.022
iter: 14 | loss: 0.043
iter: 15 | loss: 0.080
iter: 16 | loss: 0.013
iter: 17 | loss: 0.020
iter: 18 | loss: 0.051
iter: 19 | loss: 0.029
iter: 20 | loss: 0.048
iter: 21 | loss: 0.037
iter: 22 | loss: 0.030
iter: 23 | loss: 0.042
iter: 24 | loss: 0.038
iter: 25 | loss: 0.046
iter: 26 | loss: 0.059
iter: 27 | loss: 0.028
iter: 28 | loss: 0.038
iter: 29 | loss: 0.080
testing r= 5
rrse(target)=263.94955424758723 / 34.87594854780834 | rrse(all)=151814824755696.9 / 34622966134154.824 | report_mode=targets
[Validation] per_target_rrse_json={"us_Trade Weighted Dollar Index": 3.5269317626953125, "jp_fx": 13.321812629699707, "kr_fx": 7.357045650482178}
[Validation] per_target_lag_mae_json={"us_Trade Weighted Dollar Index": 0.2548724114894867, "jp_fx": 1.0900517702102661, "kr_fx": 4.041337490081787}
[Validation] per_target_dir_mismatch_json={"us_Trade Weighted Dollar Index": 0.09090909090909091, "jp_fx": 0.45454545454545453, "kr_fx": 0.09090909090909091}
| end of epoch  19 | time:  5.22s | train_loss 0.0396 | valid rse 7.5682 | valid rae 9.9531 | valid corr  0.3793 | valid smape  0.3453 | focus_rrse 8.0686 | obj 8.0686
Experiment: 1
Iter: 0
epoch: 20
hp= [1, 8.5e-05, 32, 128, 256, 1024, 30, 0.0, 2, 40, 0.6, 0.1, 3, 20]
best sum= 17.14211404428404
best rrse= 7.568240155124734
best rrae= 9.953127544831379
best corr= 0.37925366
best smape= 0.34525582134423277
best objective= 8.068596839904785
best hps= [1, 8.5e-05, 32, 128, 256, 1024, 30, 0.0, 2, 40, 0.6, 0.1, 3, 1]
best test rse= 3.4176811726205996
best test corr= 0.20414726
[Target-Weighted Loss] weights applied: {'us_Trade Weighted Dollar Index': 90.0, 'kr_fx': 90.0, 'jp_fx': 90.0}
[Target-Only Loss] enabled for columns: ['us_Trade Weighted Dollar Index', 'jp_fx', 'kr_fx']
[Bias Penalty] enabled lambda=0.45 scope=focus cols=['us_Trade Weighted Dollar Index', 'jp_fx', 'kr_fx']
iter:  0 | loss: 0.043
iter:  1 | loss: 0.031
iter:  2 | loss: 0.024
iter:  3 | loss: 0.034
iter:  4 | loss: 0.033
iter:  5 | loss: 0.016
iter:  6 | loss: 0.046
iter:  7 | loss: 0.051
iter:  8 | loss: 0.035
iter:  9 | loss: 0.040
iter: 10 | loss: 0.045
iter: 11 | loss: 0.047
iter: 12 | loss: 0.077
iter: 13 | loss: 0.032
iter: 14 | loss: 0.052
iter: 15 | loss: 0.047
iter: 16 | loss: 0.058
iter: 17 | loss: 0.034
iter: 18 | loss: 0.042
iter: 19 | loss: 0.026
iter: 20 | loss: 0.052
iter: 21 | loss: 0.029
iter: 22 | loss: 0.019
iter: 23 | loss: 0.039
iter: 24 | loss: 0.055
iter: 25 | loss: 0.014
iter: 26 | loss: 0.039
iter: 27 | loss: 0.032
iter: 28 | loss: 0.055
iter: 29 | loss: 0.033
testing r= 5
rrse(target)=263.94955424758723 / 34.87594854780834 | rrse(all)=151814824755696.9 / 34622966134154.824 | report_mode=targets
[Validation] per_target_rrse_json={"us_Trade Weighted Dollar Index": 3.5269317626953125, "jp_fx": 13.321812629699707, "kr_fx": 7.357045650482178}
[Validation] per_target_lag_mae_json={"us_Trade Weighted Dollar Index": 0.2548724114894867, "jp_fx": 1.0900517702102661, "kr_fx": 4.041337490081787}
[Validation] per_target_dir_mismatch_json={"us_Trade Weighted Dollar Index": 0.09090909090909091, "jp_fx": 0.45454545454545453, "kr_fx": 0.09090909090909091}
| end of epoch  20 | time:  5.19s | train_loss 0.0395 | valid rse 7.5682 | valid rae 9.9531 | valid corr  0.3793 | valid smape  0.3453 | focus_rrse 8.0686 | obj 8.0686
Experiment: 1
Iter: 0
epoch: 21
hp= [1, 8.5e-05, 32, 128, 256, 1024, 30, 0.0, 2, 40, 0.6, 0.1, 3, 21]
best sum= 17.14211404428404
best rrse= 7.568240155124734
best rrae= 9.953127544831379
best corr= 0.37925366
best smape= 0.34525582134423277
best objective= 8.068596839904785
best hps= [1, 8.5e-05, 32, 128, 256, 1024, 30, 0.0, 2, 40, 0.6, 0.1, 3, 1]
best test rse= 3.4176811726205996
best test corr= 0.20414726
[Target-Weighted Loss] weights applied: {'us_Trade Weighted Dollar Index': 90.0, 'kr_fx': 90.0, 'jp_fx': 90.0}
[Target-Only Loss] enabled for columns: ['us_Trade Weighted Dollar Index', 'jp_fx', 'kr_fx']
[Bias Penalty] enabled lambda=0.45 scope=focus cols=['us_Trade Weighted Dollar Index', 'jp_fx', 'kr_fx']
iter:  0 | loss: 0.038
iter:  1 | loss: 0.046
iter:  2 | loss: 0.027
iter:  3 | loss: 0.051
iter:  4 | loss: 0.027
iter:  5 | loss: 0.041
iter:  6 | loss: 0.060
iter:  7 | loss: 0.045
iter:  8 | loss: 0.039
iter:  9 | loss: 0.030
iter: 10 | loss: 0.017
iter: 11 | loss: 0.064
iter: 12 | loss: 0.026
iter: 13 | loss: 0.053
iter: 14 | loss: 0.053
iter: 15 | loss: 0.053
iter: 16 | loss: 0.043
iter: 17 | loss: 0.013
iter: 18 | loss: 0.028
iter: 19 | loss: 0.029
iter: 20 | loss: 0.030
iter: 21 | loss: 0.057
iter: 22 | loss: 0.019
iter: 23 | loss: 0.038
iter: 24 | loss: 0.069
iter: 25 | loss: 0.037
iter: 26 | loss: 0.024
iter: 27 | loss: 0.050
iter: 28 | loss: 0.033
iter: 29 | loss: 0.029
testing r= 5
rrse(target)=263.94955424758723 / 34.87594854780834 | rrse(all)=151814824755696.9 / 34622966134154.824 | report_mode=targets
[Validation] per_target_rrse_json={"us_Trade Weighted Dollar Index": 3.5269317626953125, "jp_fx": 13.321812629699707, "kr_fx": 7.357045650482178}
[Validation] per_target_lag_mae_json={"us_Trade Weighted Dollar Index": 0.2548724114894867, "jp_fx": 1.0900517702102661, "kr_fx": 4.041337490081787}
[Validation] per_target_dir_mismatch_json={"us_Trade Weighted Dollar Index": 0.09090909090909091, "jp_fx": 0.45454545454545453, "kr_fx": 0.09090909090909091}
| end of epoch  21 | time:  5.89s | train_loss 0.0390 | valid rse 7.5682 | valid rae 9.9531 | valid corr  0.3793 | valid smape  0.3453 | focus_rrse 8.0686 | obj 8.0686
Experiment: 1
Iter: 0
epoch: 22
hp= [1, 8.5e-05, 32, 128, 256, 1024, 30, 0.0, 2, 40, 0.6, 0.1, 3, 22]
best sum= 17.14211404428404
best rrse= 7.568240155124734
best rrae= 9.953127544831379
best corr= 0.37925366
best smape= 0.34525582134423277
best objective= 8.068596839904785
best hps= [1, 8.5e-05, 32, 128, 256, 1024, 30, 0.0, 2, 40, 0.6, 0.1, 3, 1]
best test rse= 3.4176811726205996
best test corr= 0.20414726
[Target-Weighted Loss] weights applied: {'us_Trade Weighted Dollar Index': 90.0, 'kr_fx': 90.0, 'jp_fx': 90.0}
[Target-Only Loss] enabled for columns: ['us_Trade Weighted Dollar Index', 'jp_fx', 'kr_fx']
[Bias Penalty] enabled lambda=0.45 scope=focus cols=['us_Trade Weighted Dollar Index', 'jp_fx', 'kr_fx']
iter:  0 | loss: 0.049
iter:  1 | loss: 0.034
iter:  2 | loss: 0.032
iter:  3 | loss: 0.055
iter:  4 | loss: 0.034
iter:  5 | loss: 0.047
iter:  6 | loss: 0.033
iter:  7 | loss: 0.045
iter:  8 | loss: 0.051
iter:  9 | loss: 0.019
iter: 10 | loss: 0.038
iter: 11 | loss: 0.039
iter: 12 | loss: 0.037
iter: 13 | loss: 0.021
iter: 14 | loss: 0.035
iter: 15 | loss: 0.068
iter: 16 | loss: 0.028
iter: 17 | loss: 0.034
iter: 18 | loss: 0.038
iter: 19 | loss: 0.044
iter: 20 | loss: 0.053
iter: 21 | loss: 0.092
iter: 22 | loss: 0.032
iter: 23 | loss: 0.025
iter: 24 | loss: 0.038
iter: 25 | loss: 0.030
iter: 26 | loss: 0.052
iter: 27 | loss: 0.029
iter: 28 | loss: 0.020
iter: 29 | loss: 0.028
testing r= 5
rrse(target)=263.94955424758723 / 34.87594854780834 | rrse(all)=151814824755696.9 / 34622966134154.824 | report_mode=targets
[Validation] per_target_rrse_json={"us_Trade Weighted Dollar Index": 3.5269317626953125, "jp_fx": 13.321812629699707, "kr_fx": 7.357045650482178}
[Validation] per_target_lag_mae_json={"us_Trade Weighted Dollar Index": 0.2548724114894867, "jp_fx": 1.0900517702102661, "kr_fx": 4.041337490081787}
[Validation] per_target_dir_mismatch_json={"us_Trade Weighted Dollar Index": 0.09090909090909091, "jp_fx": 0.45454545454545453, "kr_fx": 0.09090909090909091}
| end of epoch  22 | time:  6.03s | train_loss 0.0395 | valid rse 7.5682 | valid rae 9.9531 | valid corr  0.3793 | valid smape  0.3453 | focus_rrse 8.0686 | obj 8.0686
Experiment: 1
Iter: 0
epoch: 23
hp= [1, 8.5e-05, 32, 128, 256, 1024, 30, 0.0, 2, 40, 0.6, 0.1, 3, 23]
best sum= 17.14211404428404
best rrse= 7.568240155124734
best rrae= 9.953127544831379
best corr= 0.37925366
best smape= 0.34525582134423277
best objective= 8.068596839904785
best hps= [1, 8.5e-05, 32, 128, 256, 1024, 30, 0.0, 2, 40, 0.6, 0.1, 3, 1]
best test rse= 3.4176811726205996
best test corr= 0.20414726
[Target-Weighted Loss] weights applied: {'us_Trade Weighted Dollar Index': 90.0, 'kr_fx': 90.0, 'jp_fx': 90.0}
[Target-Only Loss] enabled for columns: ['us_Trade Weighted Dollar Index', 'jp_fx', 'kr_fx']
[Bias Penalty] enabled lambda=0.45 scope=focus cols=['us_Trade Weighted Dollar Index', 'jp_fx', 'kr_fx']
iter:  0 | loss: 0.039
iter:  1 | loss: 0.049
iter:  2 | loss: 0.067
iter:  3 | loss: 0.029
iter:  4 | loss: 0.041
iter:  5 | loss: 0.033
iter:  6 | loss: 0.020
iter:  7 | loss: 0.038
iter:  8 | loss: 0.049
iter:  9 | loss: 0.052
iter: 10 | loss: 0.057
iter: 11 | loss: 0.068
iter: 12 | loss: 0.016
iter: 13 | loss: 0.017
iter: 14 | loss: 0.043
iter: 15 | loss: 0.028
iter: 16 | loss: 0.068
iter: 17 | loss: 0.032
iter: 18 | loss: 0.051
iter: 19 | loss: 0.028
iter: 20 | loss: 0.022
iter: 21 | loss: 0.054
iter: 22 | loss: 0.035
iter: 23 | loss: 0.015
iter: 24 | loss: 0.033
iter: 25 | loss: 0.031
iter: 26 | loss: 0.057
iter: 27 | loss: 0.041
iter: 28 | loss: 0.023
iter: 29 | loss: 0.044
testing r= 5
rrse(target)=263.94955424758723 / 34.87594854780834 | rrse(all)=151814824755696.9 / 34622966134154.824 | report_mode=targets
[Validation] per_target_rrse_json={"us_Trade Weighted Dollar Index": 3.5269317626953125, "jp_fx": 13.321812629699707, "kr_fx": 7.357045650482178}
[Validation] per_target_lag_mae_json={"us_Trade Weighted Dollar Index": 0.2548724114894867, "jp_fx": 1.0900517702102661, "kr_fx": 4.041337490081787}
[Validation] per_target_dir_mismatch_json={"us_Trade Weighted Dollar Index": 0.09090909090909091, "jp_fx": 0.45454545454545453, "kr_fx": 0.09090909090909091}
| end of epoch  23 | time:  5.88s | train_loss 0.0393 | valid rse 7.5682 | valid rae 9.9531 | valid corr  0.3793 | valid smape  0.3453 | focus_rrse 8.0686 | obj 8.0686
Experiment: 1
Iter: 0
epoch: 24
hp= [1, 8.5e-05, 32, 128, 256, 1024, 30, 0.0, 2, 40, 0.6, 0.1, 3, 24]
best sum= 17.14211404428404
best rrse= 7.568240155124734
best rrae= 9.953127544831379
best corr= 0.37925366
best smape= 0.34525582134423277
best objective= 8.068596839904785
best hps= [1, 8.5e-05, 32, 128, 256, 1024, 30, 0.0, 2, 40, 0.6, 0.1, 3, 1]
best test rse= 3.4176811726205996
best test corr= 0.20414726
[Target-Weighted Loss] weights applied: {'us_Trade Weighted Dollar Index': 90.0, 'kr_fx': 90.0, 'jp_fx': 90.0}
[Target-Only Loss] enabled for columns: ['us_Trade Weighted Dollar Index', 'jp_fx', 'kr_fx']
[Bias Penalty] enabled lambda=0.45 scope=focus cols=['us_Trade Weighted Dollar Index', 'jp_fx', 'kr_fx']
iter:  0 | loss: 0.036
iter:  1 | loss: 0.022
iter:  2 | loss: 0.037
iter:  3 | loss: 0.059
iter:  4 | loss: 0.034
iter:  5 | loss: 0.032
iter:  6 | loss: 0.035
iter:  7 | loss: 0.046
iter:  8 | loss: 0.018
iter:  9 | loss: 0.029
iter: 10 | loss: 0.066
iter: 11 | loss: 0.026
iter: 12 | loss: 0.024
iter: 13 | loss: 0.052
iter: 14 | loss: 0.036
iter: 15 | loss: 0.040
iter: 16 | loss: 0.027
iter: 17 | loss: 0.032
iter: 18 | loss: 0.058
iter: 19 | loss: 0.033
iter: 20 | loss: 0.029
iter: 21 | loss: 0.053
iter: 22 | loss: 0.037
iter: 23 | loss: 0.036
iter: 24 | loss: 0.049
iter: 25 | loss: 0.035
iter: 26 | loss: 0.035
iter: 27 | loss: 0.052
iter: 28 | loss: 0.046
iter: 29 | loss: 0.037
testing r= 5
rrse(target)=263.94955424758723 / 34.87594854780834 | rrse(all)=151814824755696.9 / 34622966134154.824 | report_mode=targets
[Validation] per_target_rrse_json={"us_Trade Weighted Dollar Index": 3.5269317626953125, "jp_fx": 13.321812629699707, "kr_fx": 7.357045650482178}
[Validation] per_target_lag_mae_json={"us_Trade Weighted Dollar Index": 0.2548724114894867, "jp_fx": 1.0900517702102661, "kr_fx": 4.041337490081787}
[Validation] per_target_dir_mismatch_json={"us_Trade Weighted Dollar Index": 0.09090909090909091, "jp_fx": 0.45454545454545453, "kr_fx": 0.09090909090909091}
| end of epoch  24 | time:  5.93s | train_loss 0.0384 | valid rse 7.5682 | valid rae 9.9531 | valid corr  0.3793 | valid smape  0.3453 | focus_rrse 8.0686 | obj 8.0686
Experiment: 1
Iter: 0
epoch: 25
hp= [1, 8.5e-05, 32, 128, 256, 1024, 30, 0.0, 2, 40, 0.6, 0.1, 3, 25]
best sum= 17.14211404428404
best rrse= 7.568240155124734
best rrae= 9.953127544831379
best corr= 0.37925366
best smape= 0.34525582134423277
best objective= 8.068596839904785
best hps= [1, 8.5e-05, 32, 128, 256, 1024, 30, 0.0, 2, 40, 0.6, 0.1, 3, 1]
best test rse= 3.4176811726205996
best test corr= 0.20414726
[Target-Weighted Loss] weights applied: {'us_Trade Weighted Dollar Index': 90.0, 'kr_fx': 90.0, 'jp_fx': 90.0}
[Target-Only Loss] enabled for columns: ['us_Trade Weighted Dollar Index', 'jp_fx', 'kr_fx']
[Bias Penalty] enabled lambda=0.45 scope=focus cols=['us_Trade Weighted Dollar Index', 'jp_fx', 'kr_fx']
iter:  0 | loss: 0.050
iter:  1 | loss: 0.025
iter:  2 | loss: 0.028
iter:  3 | loss: 0.036
iter:  4 | loss: 0.033
iter:  5 | loss: 0.073
iter:  6 | loss: 0.038
iter:  7 | loss: 0.033
iter:  8 | loss: 0.011
iter:  9 | loss: 0.049
iter: 10 | loss: 0.042
iter: 11 | loss: 0.031
iter: 12 | loss: 0.035
iter: 13 | loss: 0.035
iter: 14 | loss: 0.010
iter: 15 | loss: 0.024
iter: 16 | loss: 0.048
iter: 17 | loss: 0.023
iter: 18 | loss: 0.038
iter: 19 | loss: 0.037
iter: 20 | loss: 0.036
iter: 21 | loss: 0.033
iter: 22 | loss: 0.074
iter: 23 | loss: 0.032
iter: 24 | loss: 0.043
iter: 25 | loss: 0.028
iter: 26 | loss: 0.049
iter: 27 | loss: 0.039
iter: 28 | loss: 0.076
iter: 29 | loss: 0.064
testing r= 5
rrse(target)=263.94955424758723 / 34.87594854780834 | rrse(all)=151814824755696.9 / 34622966134154.824 | report_mode=targets
[Validation] per_target_rrse_json={"us_Trade Weighted Dollar Index": 3.5269317626953125, "jp_fx": 13.321812629699707, "kr_fx": 7.357045650482178}
[Validation] per_target_lag_mae_json={"us_Trade Weighted Dollar Index": 0.2548724114894867, "jp_fx": 1.0900517702102661, "kr_fx": 4.041337490081787}
[Validation] per_target_dir_mismatch_json={"us_Trade Weighted Dollar Index": 0.09090909090909091, "jp_fx": 0.45454545454545453, "kr_fx": 0.09090909090909091}
| end of epoch  25 | time:  6.69s | train_loss 0.0390 | valid rse 7.5682 | valid rae 9.9531 | valid corr  0.3793 | valid smape  0.3453 | focus_rrse 8.0686 | obj 8.0686
Experiment: 1
Iter: 0
epoch: 26
hp= [1, 8.5e-05, 32, 128, 256, 1024, 30, 0.0, 2, 40, 0.6, 0.1, 3, 26]
best sum= 17.14211404428404
best rrse= 7.568240155124734
best rrae= 9.953127544831379
best corr= 0.37925366
best smape= 0.34525582134423277
best objective= 8.068596839904785
best hps= [1, 8.5e-05, 32, 128, 256, 1024, 30, 0.0, 2, 40, 0.6, 0.1, 3, 1]
best test rse= 3.4176811726205996
best test corr= 0.20414726
[Target-Weighted Loss] weights applied: {'us_Trade Weighted Dollar Index': 90.0, 'kr_fx': 90.0, 'jp_fx': 90.0}
[Target-Only Loss] enabled for columns: ['us_Trade Weighted Dollar Index', 'jp_fx', 'kr_fx']
[Bias Penalty] enabled lambda=0.45 scope=focus cols=['us_Trade Weighted Dollar Index', 'jp_fx', 'kr_fx']
iter:  0 | loss: 0.042
iter:  1 | loss: 0.061
iter:  2 | loss: 0.042
iter:  3 | loss: 0.026
iter:  4 | loss: 0.041
iter:  5 | loss: 0.028
iter:  6 | loss: 0.017
iter:  7 | loss: 0.036
iter:  8 | loss: 0.044
iter:  9 | loss: 0.023
iter: 10 | loss: 0.030
iter: 11 | loss: 0.029
iter: 12 | loss: 0.045
iter: 13 | loss: 0.026
iter: 14 | loss: 0.021
iter: 15 | loss: 0.039
iter: 16 | loss: 0.055
iter: 17 | loss: 0.076
iter: 18 | loss: 0.059
iter: 19 | loss: 0.034
iter: 20 | loss: 0.028
iter: 21 | loss: 0.036
iter: 22 | loss: 0.030
iter: 23 | loss: 0.043
iter: 24 | loss: 0.070
iter: 25 | loss: 0.044
iter: 26 | loss: 0.019
iter: 27 | loss: 0.038
iter: 28 | loss: 0.062
iter: 29 | loss: 0.033
testing r= 5
rrse(target)=263.94955424758723 / 34.87594854780834 | rrse(all)=151814824755696.9 / 34622966134154.824 | report_mode=targets
[Validation] per_target_rrse_json={"us_Trade Weighted Dollar Index": 3.5269317626953125, "jp_fx": 13.321812629699707, "kr_fx": 7.357045650482178}
[Validation] per_target_lag_mae_json={"us_Trade Weighted Dollar Index": 0.2548724114894867, "jp_fx": 1.0900517702102661, "kr_fx": 4.041337490081787}
[Validation] per_target_dir_mismatch_json={"us_Trade Weighted Dollar Index": 0.09090909090909091, "jp_fx": 0.45454545454545453, "kr_fx": 0.09090909090909091}
| end of epoch  26 | time:  5.98s | train_loss 0.0393 | valid rse 7.5682 | valid rae 9.9531 | valid corr  0.3793 | valid smape  0.3453 | focus_rrse 8.0686 | obj 8.0686
Experiment: 1
Iter: 0
epoch: 27
hp= [1, 8.5e-05, 32, 128, 256, 1024, 30, 0.0, 2, 40, 0.6, 0.1, 3, 27]
best sum= 17.14211404428404
best rrse= 7.568240155124734
best rrae= 9.953127544831379
best corr= 0.37925366
best smape= 0.34525582134423277
best objective= 8.068596839904785
best hps= [1, 8.5e-05, 32, 128, 256, 1024, 30, 0.0, 2, 40, 0.6, 0.1, 3, 1]
best test rse= 3.4176811726205996
best test corr= 0.20414726
[Target-Weighted Loss] weights applied: {'us_Trade Weighted Dollar Index': 90.0, 'kr_fx': 90.0, 'jp_fx': 90.0}
[Target-Only Loss] enabled for columns: ['us_Trade Weighted Dollar Index', 'jp_fx', 'kr_fx']
[Bias Penalty] enabled lambda=0.45 scope=focus cols=['us_Trade Weighted Dollar Index', 'jp_fx', 'kr_fx']
iter:  0 | loss: 0.022
iter:  1 | loss: 0.041
iter:  2 | loss: 0.064
iter:  3 | loss: 0.033
iter:  4 | loss: 0.026
iter:  5 | loss: 0.020
iter:  6 | loss: 0.045
iter:  7 | loss: 0.026
iter:  8 | loss: 0.027
iter:  9 | loss: 0.066
iter: 10 | loss: 0.074
iter: 11 | loss: 0.039
iter: 12 | loss: 0.034
iter: 13 | loss: 0.028
iter: 14 | loss: 0.035
iter: 15 | loss: 0.044
iter: 16 | loss: 0.018
iter: 17 | loss: 0.041
iter: 18 | loss: 0.050
iter: 19 | loss: 0.059
iter: 20 | loss: 0.053
iter: 21 | loss: 0.039
iter: 22 | loss: 0.034
iter: 23 | loss: 0.034
iter: 24 | loss: 0.024
iter: 25 | loss: 0.024
iter: 26 | loss: 0.044
iter: 27 | loss: 0.049
iter: 28 | loss: 0.040
iter: 29 | loss: 0.032
testing r= 5
rrse(target)=263.94955424758723 / 34.87594854780834 | rrse(all)=151814824755696.9 / 34622966134154.824 | report_mode=targets
[Validation] per_target_rrse_json={"us_Trade Weighted Dollar Index": 3.5269317626953125, "jp_fx": 13.321812629699707, "kr_fx": 7.357045650482178}
[Validation] per_target_lag_mae_json={"us_Trade Weighted Dollar Index": 0.2548724114894867, "jp_fx": 1.0900517702102661, "kr_fx": 4.041337490081787}
[Validation] per_target_dir_mismatch_json={"us_Trade Weighted Dollar Index": 0.09090909090909091, "jp_fx": 0.45454545454545453, "kr_fx": 0.09090909090909091}
| end of epoch  27 | time:  5.80s | train_loss 0.0388 | valid rse 7.5682 | valid rae 9.9531 | valid corr  0.3793 | valid smape  0.3453 | focus_rrse 8.0686 | obj 8.0686
Experiment: 1
Iter: 0
epoch: 28
hp= [1, 8.5e-05, 32, 128, 256, 1024, 30, 0.0, 2, 40, 0.6, 0.1, 3, 28]
best sum= 17.14211404428404
best rrse= 7.568240155124734
best rrae= 9.953127544831379
best corr= 0.37925366
best smape= 0.34525582134423277
best objective= 8.068596839904785
best hps= [1, 8.5e-05, 32, 128, 256, 1024, 30, 0.0, 2, 40, 0.6, 0.1, 3, 1]
best test rse= 3.4176811726205996
best test corr= 0.20414726
[Target-Weighted Loss] weights applied: {'us_Trade Weighted Dollar Index': 90.0, 'kr_fx': 90.0, 'jp_fx': 90.0}
[Target-Only Loss] enabled for columns: ['us_Trade Weighted Dollar Index', 'jp_fx', 'kr_fx']
[Bias Penalty] enabled lambda=0.45 scope=focus cols=['us_Trade Weighted Dollar Index', 'jp_fx', 'kr_fx']
iter:  0 | loss: 0.035
iter:  1 | loss: 0.028
iter:  2 | loss: 0.047
iter:  3 | loss: 0.053
iter:  4 | loss: 0.030
iter:  5 | loss: 0.033
iter:  6 | loss: 0.041
iter:  7 | loss: 0.047
iter:  8 | loss: 0.031
iter:  9 | loss: 0.023
iter: 10 | loss: 0.019
iter: 11 | loss: 0.037
iter: 12 | loss: 0.046
iter: 13 | loss: 0.047
iter: 14 | loss: 0.026
iter: 15 | loss: 0.057
iter: 16 | loss: 0.037
iter: 17 | loss: 0.035
iter: 18 | loss: 0.023
iter: 19 | loss: 0.030
iter: 20 | loss: 0.064
iter: 21 | loss: 0.014
iter: 22 | loss: 0.074
iter: 23 | loss: 0.061
iter: 24 | loss: 0.038
iter: 25 | loss: 0.035
iter: 26 | loss: 0.037
iter: 27 | loss: 0.064
iter: 28 | loss: 0.040
iter: 29 | loss: 0.046
testing r= 5
rrse(target)=263.94955424758723 / 34.87594854780834 | rrse(all)=151814824755696.9 / 34622966134154.824 | report_mode=targets
[Validation] per_target_rrse_json={"us_Trade Weighted Dollar Index": 3.5269317626953125, "jp_fx": 13.321812629699707, "kr_fx": 7.357045650482178}
[Validation] per_target_lag_mae_json={"us_Trade Weighted Dollar Index": 0.2548724114894867, "jp_fx": 1.0900517702102661, "kr_fx": 4.041337490081787}
[Validation] per_target_dir_mismatch_json={"us_Trade Weighted Dollar Index": 0.09090909090909091, "jp_fx": 0.45454545454545453, "kr_fx": 0.09090909090909091}
| end of epoch  28 | time:  5.77s | train_loss 0.0398 | valid rse 7.5682 | valid rae 9.9531 | valid corr  0.3793 | valid smape  0.3453 | focus_rrse 8.0686 | obj 8.0686
Experiment: 1
Iter: 0
epoch: 29
hp= [1, 8.5e-05, 32, 128, 256, 1024, 30, 0.0, 2, 40, 0.6, 0.1, 3, 29]
best sum= 17.14211404428404
best rrse= 7.568240155124734
best rrae= 9.953127544831379
best corr= 0.37925366
best smape= 0.34525582134423277
best objective= 8.068596839904785
best hps= [1, 8.5e-05, 32, 128, 256, 1024, 30, 0.0, 2, 40, 0.6, 0.1, 3, 1]
best test rse= 3.4176811726205996
best test corr= 0.20414726
[Target-Weighted Loss] weights applied: {'us_Trade Weighted Dollar Index': 90.0, 'kr_fx': 90.0, 'jp_fx': 90.0}
[Target-Only Loss] enabled for columns: ['us_Trade Weighted Dollar Index', 'jp_fx', 'kr_fx']
[Bias Penalty] enabled lambda=0.45 scope=focus cols=['us_Trade Weighted Dollar Index', 'jp_fx', 'kr_fx']
iter:  0 | loss: 0.069
iter:  1 | loss: 0.028
iter:  2 | loss: 0.070
iter:  3 | loss: 0.039
iter:  4 | loss: 0.037
iter:  5 | loss: 0.034
iter:  6 | loss: 0.027
iter:  7 | loss: 0.028
iter:  8 | loss: 0.054
iter:  9 | loss: 0.051
iter: 10 | loss: 0.025
iter: 11 | loss: 0.059
iter: 12 | loss: 0.026
iter: 13 | loss: 0.043
iter: 14 | loss: 0.026
iter: 15 | loss: 0.031
iter: 16 | loss: 0.055
iter: 17 | loss: 0.015
iter: 18 | loss: 0.029
iter: 19 | loss: 0.054
iter: 20 | loss: 0.067
iter: 21 | loss: 0.048
iter: 22 | loss: 0.024
iter: 23 | loss: 0.041
iter: 24 | loss: 0.022
iter: 25 | loss: 0.018
iter: 26 | loss: 0.029
iter: 27 | loss: 0.032
iter: 28 | loss: 0.044
iter: 29 | loss: 0.038
testing r= 5
rrse(target)=263.94955424758723 / 34.87594854780834 | rrse(all)=151814824755696.9 / 34622966134154.824 | report_mode=targets
[Validation] per_target_rrse_json={"us_Trade Weighted Dollar Index": 3.5269317626953125, "jp_fx": 13.321812629699707, "kr_fx": 7.357045650482178}
[Validation] per_target_lag_mae_json={"us_Trade Weighted Dollar Index": 0.2548724114894867, "jp_fx": 1.0900517702102661, "kr_fx": 4.041337490081787}
[Validation] per_target_dir_mismatch_json={"us_Trade Weighted Dollar Index": 0.09090909090909091, "jp_fx": 0.45454545454545453, "kr_fx": 0.09090909090909091}
| end of epoch  29 | time:  5.67s | train_loss 0.0389 | valid rse 7.5682 | valid rae 9.9531 | valid corr  0.3793 | valid smape  0.3453 | focus_rrse 8.0686 | obj 8.0686
Experiment: 1
Iter: 0
epoch: 30
hp= [1, 8.5e-05, 32, 128, 256, 1024, 30, 0.0, 2, 40, 0.6, 0.1, 3, 30]
best sum= 17.14211404428404
best rrse= 7.568240155124734
best rrae= 9.953127544831379
best corr= 0.37925366
best smape= 0.34525582134423277
best objective= 8.068596839904785
best hps= [1, 8.5e-05, 32, 128, 256, 1024, 30, 0.0, 2, 40, 0.6, 0.1, 3, 1]
best test rse= 3.4176811726205996
best test corr= 0.20414726
[Target-Weighted Loss] weights applied: {'us_Trade Weighted Dollar Index': 90.0, 'kr_fx': 90.0, 'jp_fx': 90.0}
[Target-Only Loss] enabled for columns: ['us_Trade Weighted Dollar Index', 'jp_fx', 'kr_fx']
[Bias Penalty] enabled lambda=0.45 scope=focus cols=['us_Trade Weighted Dollar Index', 'jp_fx', 'kr_fx']
iter:  0 | loss: 0.027
iter:  1 | loss: 0.040
iter:  2 | loss: 0.073
iter:  3 | loss: 0.022
iter:  4 | loss: 0.030
iter:  5 | loss: 0.036
iter:  6 | loss: 0.022
iter:  7 | loss: 0.035
iter:  8 | loss: 0.061
iter:  9 | loss: 0.019
iter: 10 | loss: 0.038
iter: 11 | loss: 0.021
iter: 12 | loss: 0.048
iter: 13 | loss: 0.042
iter: 14 | loss: 0.071
iter: 15 | loss: 0.055
iter: 16 | loss: 0.040
iter: 17 | loss: 0.045
iter: 18 | loss: 0.027
iter: 19 | loss: 0.049
iter: 20 | loss: 0.051
iter: 21 | loss: 0.026
iter: 22 | loss: 0.033
iter: 23 | loss: 0.025
iter: 24 | loss: 0.038
iter: 25 | loss: 0.025
iter: 26 | loss: 0.027
iter: 27 | loss: 0.086
iter: 28 | loss: 0.055
iter: 29 | loss: 0.016
testing r= 5
rrse(target)=263.94955424758723 / 34.87594854780834 | rrse(all)=151814824755696.9 / 34622966134154.824 | report_mode=targets
[Validation] per_target_rrse_json={"us_Trade Weighted Dollar Index": 3.5269317626953125, "jp_fx": 13.321812629699707, "kr_fx": 7.357045650482178}
[Validation] per_target_lag_mae_json={"us_Trade Weighted Dollar Index": 0.2548724114894867, "jp_fx": 1.0900517702102661, "kr_fx": 4.041337490081787}
[Validation] per_target_dir_mismatch_json={"us_Trade Weighted Dollar Index": 0.09090909090909091, "jp_fx": 0.45454545454545453, "kr_fx": 0.09090909090909091}
| end of epoch  30 | time:  5.83s | train_loss 0.0396 | valid rse 7.5682 | valid rae 9.9531 | valid corr  0.3793 | valid smape  0.3453 | focus_rrse 8.0686 | obj 8.0686
Experiment: 1
Iter: 0
epoch: 31
hp= [1, 8.5e-05, 32, 128, 256, 1024, 30, 0.0, 2, 40, 0.6, 0.1, 3, 31]
best sum= 17.14211404428404
best rrse= 7.568240155124734
best rrae= 9.953127544831379
best corr= 0.37925366
best smape= 0.34525582134423277
best objective= 8.068596839904785
best hps= [1, 8.5e-05, 32, 128, 256, 1024, 30, 0.0, 2, 40, 0.6, 0.1, 3, 1]
best test rse= 3.4176811726205996
best test corr= 0.20414726
[Target-Weighted Loss] weights applied: {'us_Trade Weighted Dollar Index': 90.0, 'kr_fx': 90.0, 'jp_fx': 90.0}
[Target-Only Loss] enabled for columns: ['us_Trade Weighted Dollar Index', 'jp_fx', 'kr_fx']
[Bias Penalty] enabled lambda=0.45 scope=focus cols=['us_Trade Weighted Dollar Index', 'jp_fx', 'kr_fx']
iter:  0 | loss: 0.027
iter:  1 | loss: 0.026
iter:  2 | loss: 0.029
iter:  3 | loss: 0.034
iter:  4 | loss: 0.037
iter:  5 | loss: 0.022
iter:  6 | loss: 0.028
iter:  7 | loss: 0.038
iter:  8 | loss: 0.085
iter:  9 | loss: 0.036
iter: 10 | loss: 0.050
iter: 11 | loss: 0.058
iter: 12 | loss: 0.030
iter: 13 | loss: 0.018
iter: 14 | loss: 0.061
iter: 15 | loss: 0.033
iter: 16 | loss: 0.032
iter: 17 | loss: 0.055
iter: 18 | loss: 0.037
iter: 19 | loss: 0.045
iter: 20 | loss: 0.042
iter: 21 | loss: 0.033
iter: 22 | loss: 0.016
iter: 23 | loss: 0.027
iter: 24 | loss: 0.020
iter: 25 | loss: 0.093
iter: 26 | loss: 0.059
iter: 27 | loss: 0.056
iter: 28 | loss: 0.024
iter: 29 | loss: 0.041
testing r= 5
rrse(target)=263.94955424758723 / 34.87594854780834 | rrse(all)=151814824755696.9 / 34622966134154.824 | report_mode=targets
[Validation] per_target_rrse_json={"us_Trade Weighted Dollar Index": 3.5269317626953125, "jp_fx": 13.321812629699707, "kr_fx": 7.357045650482178}
[Validation] per_target_lag_mae_json={"us_Trade Weighted Dollar Index": 0.2548724114894867, "jp_fx": 1.0900517702102661, "kr_fx": 4.041337490081787}
[Validation] per_target_dir_mismatch_json={"us_Trade Weighted Dollar Index": 0.09090909090909091, "jp_fx": 0.45454545454545453, "kr_fx": 0.09090909090909091}
| end of epoch  31 | time:  5.72s | train_loss 0.0398 | valid rse 7.5682 | valid rae 9.9531 | valid corr  0.3793 | valid smape  0.3453 | focus_rrse 8.0686 | obj 8.0686
Experiment: 1
Iter: 0
epoch: 32
hp= [1, 8.5e-05, 32, 128, 256, 1024, 30, 0.0, 2, 40, 0.6, 0.1, 3, 32]
best sum= 17.14211404428404
best rrse= 7.568240155124734
best rrae= 9.953127544831379
best corr= 0.37925366
best smape= 0.34525582134423277
best objective= 8.068596839904785
best hps= [1, 8.5e-05, 32, 128, 256, 1024, 30, 0.0, 2, 40, 0.6, 0.1, 3, 1]
best test rse= 3.4176811726205996
best test corr= 0.20414726
[Target-Weighted Loss] weights applied: {'us_Trade Weighted Dollar Index': 90.0, 'kr_fx': 90.0, 'jp_fx': 90.0}
[Target-Only Loss] enabled for columns: ['us_Trade Weighted Dollar Index', 'jp_fx', 'kr_fx']
[Bias Penalty] enabled lambda=0.45 scope=focus cols=['us_Trade Weighted Dollar Index', 'jp_fx', 'kr_fx']
iter:  0 | loss: 0.076
iter:  1 | loss: 0.043
iter:  2 | loss: 0.011
iter:  3 | loss: 0.028
iter:  4 | loss: 0.056
iter:  5 | loss: 0.060
iter:  6 | loss: 0.038
iter:  7 | loss: 0.040
iter:  8 | loss: 0.028
iter:  9 | loss: 0.034
iter: 10 | loss: 0.039
iter: 11 | loss: 0.054
iter: 12 | loss: 0.023
iter: 13 | loss: 0.023
iter: 14 | loss: 0.040
iter: 15 | loss: 0.032
iter: 16 | loss: 0.033
iter: 17 | loss: 0.042
iter: 18 | loss: 0.026
iter: 19 | loss: 0.028
iter: 20 | loss: 0.049
iter: 21 | loss: 0.027
iter: 22 | loss: 0.060
iter: 23 | loss: 0.047
iter: 24 | loss: 0.039
iter: 25 | loss: 0.029
iter: 26 | loss: 0.034
iter: 27 | loss: 0.047
iter: 28 | loss: 0.029
iter: 29 | loss: 0.053
testing r= 5
rrse(target)=263.94955424758723 / 34.87594854780834 | rrse(all)=151814824755696.9 / 34622966134154.824 | report_mode=targets
[Validation] per_target_rrse_json={"us_Trade Weighted Dollar Index": 3.5269317626953125, "jp_fx": 13.321812629699707, "kr_fx": 7.357045650482178}
[Validation] per_target_lag_mae_json={"us_Trade Weighted Dollar Index": 0.2548724114894867, "jp_fx": 1.0900517702102661, "kr_fx": 4.041337490081787}
[Validation] per_target_dir_mismatch_json={"us_Trade Weighted Dollar Index": 0.09090909090909091, "jp_fx": 0.45454545454545453, "kr_fx": 0.09090909090909091}
| end of epoch  32 | time:  6.13s | train_loss 0.0388 | valid rse 7.5682 | valid rae 9.9531 | valid corr  0.3793 | valid smape  0.3453 | focus_rrse 8.0686 | obj 8.0686
Experiment: 1
Iter: 0
epoch: 33
hp= [1, 8.5e-05, 32, 128, 256, 1024, 30, 0.0, 2, 40, 0.6, 0.1, 3, 33]
best sum= 17.14211404428404
best rrse= 7.568240155124734
best rrae= 9.953127544831379
best corr= 0.37925366
best smape= 0.34525582134423277
best objective= 8.068596839904785
best hps= [1, 8.5e-05, 32, 128, 256, 1024, 30, 0.0, 2, 40, 0.6, 0.1, 3, 1]
best test rse= 3.4176811726205996
best test corr= 0.20414726
[Target-Weighted Loss] weights applied: {'us_Trade Weighted Dollar Index': 90.0, 'kr_fx': 90.0, 'jp_fx': 90.0}
[Target-Only Loss] enabled for columns: ['us_Trade Weighted Dollar Index', 'jp_fx', 'kr_fx']
[Bias Penalty] enabled lambda=0.45 scope=focus cols=['us_Trade Weighted Dollar Index', 'jp_fx', 'kr_fx']
iter:  0 | loss: 0.028
iter:  1 | loss: 0.042
iter:  2 | loss: 0.031
iter:  3 | loss: 0.025
iter:  4 | loss: 0.054
iter:  5 | loss: 0.014
iter:  6 | loss: 0.026
iter:  7 | loss: 0.044
iter:  8 | loss: 0.033
iter:  9 | loss: 0.023
iter: 10 | loss: 0.036
iter: 11 | loss: 0.022
iter: 12 | loss: 0.052
iter: 13 | loss: 0.044
iter: 14 | loss: 0.055
iter: 15 | loss: 0.029
iter: 16 | loss: 0.051
iter: 17 | loss: 0.050
iter: 18 | loss: 0.023
iter: 19 | loss: 0.025
iter: 20 | loss: 0.032
iter: 21 | loss: 0.029
iter: 22 | loss: 0.062
iter: 23 | loss: 0.088
iter: 24 | loss: 0.043
iter: 25 | loss: 0.051
iter: 26 | loss: 0.025
iter: 27 | loss: 0.044
iter: 28 | loss: 0.039
iter: 29 | loss: 0.059
testing r= 5
rrse(target)=263.94955424758723 / 34.87594854780834 | rrse(all)=151814824755696.9 / 34622966134154.824 | report_mode=targets
[Validation] per_target_rrse_json={"us_Trade Weighted Dollar Index": 3.5269317626953125, "jp_fx": 13.321812629699707, "kr_fx": 7.357045650482178}
[Validation] per_target_lag_mae_json={"us_Trade Weighted Dollar Index": 0.2548724114894867, "jp_fx": 1.0900517702102661, "kr_fx": 4.041337490081787}
[Validation] per_target_dir_mismatch_json={"us_Trade Weighted Dollar Index": 0.09090909090909091, "jp_fx": 0.45454545454545453, "kr_fx": 0.09090909090909091}
| end of epoch  33 | time:  5.74s | train_loss 0.0392 | valid rse 7.5682 | valid rae 9.9531 | valid corr  0.3793 | valid smape  0.3453 | focus_rrse 8.0686 | obj 8.0686
Experiment: 1
Iter: 0
epoch: 34
hp= [1, 8.5e-05, 32, 128, 256, 1024, 30, 0.0, 2, 40, 0.6, 0.1, 3, 34]
best sum= 17.14211404428404
best rrse= 7.568240155124734
best rrae= 9.953127544831379
best corr= 0.37925366
best smape= 0.34525582134423277
best objective= 8.068596839904785
best hps= [1, 8.5e-05, 32, 128, 256, 1024, 30, 0.0, 2, 40, 0.6, 0.1, 3, 1]
best test rse= 3.4176811726205996
best test corr= 0.20414726
[Target-Weighted Loss] weights applied: {'us_Trade Weighted Dollar Index': 90.0, 'kr_fx': 90.0, 'jp_fx': 90.0}
[Target-Only Loss] enabled for columns: ['us_Trade Weighted Dollar Index', 'jp_fx', 'kr_fx']
[Bias Penalty] enabled lambda=0.45 scope=focus cols=['us_Trade Weighted Dollar Index', 'jp_fx', 'kr_fx']
iter:  0 | loss: 0.032
iter:  1 | loss: 0.025
iter:  2 | loss: 0.055
iter:  3 | loss: 0.020
iter:  4 | loss: 0.037
iter:  5 | loss: 0.027
iter:  6 | loss: 0.024
iter:  7 | loss: 0.031
iter:  8 | loss: 0.049
iter:  9 | loss: 0.070
iter: 10 | loss: 0.022
iter: 11 | loss: 0.030
iter: 12 | loss: 0.027
iter: 13 | loss: 0.049
iter: 14 | loss: 0.050
iter: 15 | loss: 0.038
iter: 16 | loss: 0.020
iter: 17 | loss: 0.049
iter: 18 | loss: 0.043
iter: 19 | loss: 0.040
iter: 20 | loss: 0.057
iter: 21 | loss: 0.044
iter: 22 | loss: 0.042
iter: 23 | loss: 0.049
iter: 24 | loss: 0.039
iter: 25 | loss: 0.033
iter: 26 | loss: 0.039
iter: 27 | loss: 0.053
iter: 28 | loss: 0.037
iter: 29 | loss: 0.024
testing r= 5
rrse(target)=263.94955424758723 / 34.87594854780834 | rrse(all)=151814824755696.9 / 34622966134154.824 | report_mode=targets
[Validation] per_target_rrse_json={"us_Trade Weighted Dollar Index": 3.5269317626953125, "jp_fx": 13.321812629699707, "kr_fx": 7.357045650482178}
[Validation] per_target_lag_mae_json={"us_Trade Weighted Dollar Index": 0.2548724114894867, "jp_fx": 1.0900517702102661, "kr_fx": 4.041337490081787}
[Validation] per_target_dir_mismatch_json={"us_Trade Weighted Dollar Index": 0.09090909090909091, "jp_fx": 0.45454545454545453, "kr_fx": 0.09090909090909091}
| end of epoch  34 | time:  5.91s | train_loss 0.0386 | valid rse 7.5682 | valid rae 9.9531 | valid corr  0.3793 | valid smape  0.3453 | focus_rrse 8.0686 | obj 8.0686
Experiment: 1
Iter: 0
epoch: 35
hp= [1, 8.5e-05, 32, 128, 256, 1024, 30, 0.0, 2, 40, 0.6, 0.1, 3, 35]
best sum= 17.14211404428404
best rrse= 7.568240155124734
best rrae= 9.953127544831379
best corr= 0.37925366
best smape= 0.34525582134423277
best objective= 8.068596839904785
best hps= [1, 8.5e-05, 32, 128, 256, 1024, 30, 0.0, 2, 40, 0.6, 0.1, 3, 1]
best test rse= 3.4176811726205996
best test corr= 0.20414726
[Target-Weighted Loss] weights applied: {'us_Trade Weighted Dollar Index': 90.0, 'kr_fx': 90.0, 'jp_fx': 90.0}
[Target-Only Loss] enabled for columns: ['us_Trade Weighted Dollar Index', 'jp_fx', 'kr_fx']
[Bias Penalty] enabled lambda=0.45 scope=focus cols=['us_Trade Weighted Dollar Index', 'jp_fx', 'kr_fx']
iter:  0 | loss: 0.053
iter:  1 | loss: 0.048
iter:  2 | loss: 0.047
iter:  3 | loss: 0.027
iter:  4 | loss: 0.035
iter:  5 | loss: 0.060
iter:  6 | loss: 0.054
iter:  7 | loss: 0.030
iter:  8 | loss: 0.033
iter:  9 | loss: 0.025
iter: 10 | loss: 0.045
iter: 11 | loss: 0.042
iter: 12 | loss: 0.029
iter: 13 | loss: 0.023
iter: 14 | loss: 0.043
iter: 15 | loss: 0.048
iter: 16 | loss: 0.021
iter: 17 | loss: 0.022
iter: 18 | loss: 0.019
iter: 19 | loss: 0.033
iter: 20 | loss: 0.029
iter: 21 | loss: 0.052
iter: 22 | loss: 0.052
iter: 23 | loss: 0.038
iter: 24 | loss: 0.048
iter: 25 | loss: 0.057
iter: 26 | loss: 0.038
iter: 27 | loss: 0.053
iter: 28 | loss: 0.016
iter: 29 | loss: 0.025
testing r= 5
rrse(target)=263.94955424758723 / 34.87594854780834 | rrse(all)=151814824755696.9 / 34622966134154.824 | report_mode=targets
[Validation] per_target_rrse_json={"us_Trade Weighted Dollar Index": 3.5269317626953125, "jp_fx": 13.321812629699707, "kr_fx": 7.357045650482178}
[Validation] per_target_lag_mae_json={"us_Trade Weighted Dollar Index": 0.2548724114894867, "jp_fx": 1.0900517702102661, "kr_fx": 4.041337490081787}
[Validation] per_target_dir_mismatch_json={"us_Trade Weighted Dollar Index": 0.09090909090909091, "jp_fx": 0.45454545454545453, "kr_fx": 0.09090909090909091}
| end of epoch  35 | time:  5.79s | train_loss 0.0382 | valid rse 7.5682 | valid rae 9.9531 | valid corr  0.3793 | valid smape  0.3453 | focus_rrse 8.0686 | obj 8.0686
Experiment: 1
Iter: 0
epoch: 36
hp= [1, 8.5e-05, 32, 128, 256, 1024, 30, 0.0, 2, 40, 0.6, 0.1, 3, 36]
best sum= 17.14211404428404
best rrse= 7.568240155124734
best rrae= 9.953127544831379
best corr= 0.37925366
best smape= 0.34525582134423277
best objective= 8.068596839904785
best hps= [1, 8.5e-05, 32, 128, 256, 1024, 30, 0.0, 2, 40, 0.6, 0.1, 3, 1]
best test rse= 3.4176811726205996
best test corr= 0.20414726
[Target-Weighted Loss] weights applied: {'us_Trade Weighted Dollar Index': 90.0, 'kr_fx': 90.0, 'jp_fx': 90.0}
[Target-Only Loss] enabled for columns: ['us_Trade Weighted Dollar Index', 'jp_fx', 'kr_fx']
[Bias Penalty] enabled lambda=0.45 scope=focus cols=['us_Trade Weighted Dollar Index', 'jp_fx', 'kr_fx']
iter:  0 | loss: 0.034
iter:  1 | loss: 0.044
iter:  2 | loss: 0.036
iter:  3 | loss: 0.039
iter:  4 | loss: 0.054
iter:  5 | loss: 0.033
iter:  6 | loss: 0.063
iter:  7 | loss: 0.036
iter:  8 | loss: 0.027
iter:  9 | loss: 0.029
iter: 10 | loss: 0.043
iter: 11 | loss: 0.016
iter: 12 | loss: 0.051
iter: 13 | loss: 0.015
iter: 14 | loss: 0.017
iter: 15 | loss: 0.034
iter: 16 | loss: 0.035
iter: 17 | loss: 0.035
iter: 18 | loss: 0.033
iter: 19 | loss: 0.025
iter: 20 | loss: 0.044
iter: 21 | loss: 0.028
iter: 22 | loss: 0.051
iter: 23 | loss: 0.047
iter: 24 | loss: 0.040
iter: 25 | loss: 0.034
iter: 26 | loss: 0.053
iter: 27 | loss: 0.047
iter: 28 | loss: 0.034
iter: 29 | loss: 0.109
testing r= 5
rrse(target)=263.94955424758723 / 34.87594854780834 | rrse(all)=151814824755696.9 / 34622966134154.824 | report_mode=targets
[Validation] per_target_rrse_json={"us_Trade Weighted Dollar Index": 3.5269317626953125, "jp_fx": 13.321812629699707, "kr_fx": 7.357045650482178}
[Validation] per_target_lag_mae_json={"us_Trade Weighted Dollar Index": 0.2548724114894867, "jp_fx": 1.0900517702102661, "kr_fx": 4.041337490081787}
[Validation] per_target_dir_mismatch_json={"us_Trade Weighted Dollar Index": 0.09090909090909091, "jp_fx": 0.45454545454545453, "kr_fx": 0.09090909090909091}
| end of epoch  36 | time:  5.99s | train_loss 0.0389 | valid rse 7.5682 | valid rae 9.9531 | valid corr  0.3793 | valid smape  0.3453 | focus_rrse 8.0686 | obj 8.0686
Experiment: 1
Iter: 0
epoch: 37
hp= [1, 8.5e-05, 32, 128, 256, 1024, 30, 0.0, 2, 40, 0.6, 0.1, 3, 37]
best sum= 17.14211404428404
best rrse= 7.568240155124734
best rrae= 9.953127544831379
best corr= 0.37925366
best smape= 0.34525582134423277
best objective= 8.068596839904785
best hps= [1, 8.5e-05, 32, 128, 256, 1024, 30, 0.0, 2, 40, 0.6, 0.1, 3, 1]
best test rse= 3.4176811726205996
best test corr= 0.20414726
[Target-Weighted Loss] weights applied: {'us_Trade Weighted Dollar Index': 90.0, 'kr_fx': 90.0, 'jp_fx': 90.0}
[Target-Only Loss] enabled for columns: ['us_Trade Weighted Dollar Index', 'jp_fx', 'kr_fx']
[Bias Penalty] enabled lambda=0.45 scope=focus cols=['us_Trade Weighted Dollar Index', 'jp_fx', 'kr_fx']
iter:  0 | loss: 0.030
iter:  1 | loss: 0.074
iter:  2 | loss: 0.050
iter:  3 | loss: 0.056
iter:  4 | loss: 0.015
iter:  5 | loss: 0.050
iter:  6 | loss: 0.043
iter:  7 | loss: 0.028
iter:  8 | loss: 0.041
iter:  9 | loss: 0.049
iter: 10 | loss: 0.040
iter: 11 | loss: 0.070
iter: 12 | loss: 0.037
iter: 13 | loss: 0.054
iter: 14 | loss: 0.030
iter: 15 | loss: 0.058
iter: 16 | loss: 0.019
iter: 17 | loss: 0.017
iter: 18 | loss: 0.031
iter: 19 | loss: 0.027
iter: 20 | loss: 0.035
iter: 21 | loss: 0.043
iter: 22 | loss: 0.039
iter: 23 | loss: 0.041
iter: 24 | loss: 0.054
iter: 25 | loss: 0.017
iter: 26 | loss: 0.024
iter: 27 | loss: 0.022
iter: 28 | loss: 0.030
iter: 29 | loss: 0.067
testing r= 5
rrse(target)=263.94955424758723 / 34.87594854780834 | rrse(all)=151814824755696.9 / 34622966134154.824 | report_mode=targets
[Validation] per_target_rrse_json={"us_Trade Weighted Dollar Index": 3.5269317626953125, "jp_fx": 13.321812629699707, "kr_fx": 7.357045650482178}
[Validation] per_target_lag_mae_json={"us_Trade Weighted Dollar Index": 0.2548724114894867, "jp_fx": 1.0900517702102661, "kr_fx": 4.041337490081787}
[Validation] per_target_dir_mismatch_json={"us_Trade Weighted Dollar Index": 0.09090909090909091, "jp_fx": 0.45454545454545453, "kr_fx": 0.09090909090909091}
| end of epoch  37 | time:  5.91s | train_loss 0.0395 | valid rse 7.5682 | valid rae 9.9531 | valid corr  0.3793 | valid smape  0.3453 | focus_rrse 8.0686 | obj 8.0686
Experiment: 1
Iter: 0
epoch: 38
hp= [1, 8.5e-05, 32, 128, 256, 1024, 30, 0.0, 2, 40, 0.6, 0.1, 3, 38]
best sum= 17.14211404428404
best rrse= 7.568240155124734
best rrae= 9.953127544831379
best corr= 0.37925366
best smape= 0.34525582134423277
best objective= 8.068596839904785
best hps= [1, 8.5e-05, 32, 128, 256, 1024, 30, 0.0, 2, 40, 0.6, 0.1, 3, 1]
best test rse= 3.4176811726205996
best test corr= 0.20414726
[Target-Weighted Loss] weights applied: {'us_Trade Weighted Dollar Index': 90.0, 'kr_fx': 90.0, 'jp_fx': 90.0}
[Target-Only Loss] enabled for columns: ['us_Trade Weighted Dollar Index', 'jp_fx', 'kr_fx']
[Bias Penalty] enabled lambda=0.45 scope=focus cols=['us_Trade Weighted Dollar Index', 'jp_fx', 'kr_fx']
iter:  0 | loss: 0.053
iter:  1 | loss: 0.039
iter:  2 | loss: 0.034
iter:  3 | loss: 0.051
iter:  4 | loss: 0.024
iter:  5 | loss: 0.040
iter:  6 | loss: 0.045
iter:  7 | loss: 0.052
iter:  8 | loss: 0.026
iter:  9 | loss: 0.040
iter: 10 | loss: 0.038
iter: 11 | loss: 0.024
iter: 12 | loss: 0.023
iter: 13 | loss: 0.039
iter: 14 | loss: 0.059
iter: 15 | loss: 0.043
iter: 16 | loss: 0.049
iter: 17 | loss: 0.035
iter: 18 | loss: 0.024
iter: 19 | loss: 0.064
iter: 20 | loss: 0.054
iter: 21 | loss: 0.030
iter: 22 | loss: 0.038
iter: 23 | loss: 0.037
iter: 24 | loss: 0.022
iter: 25 | loss: 0.020
iter: 26 | loss: 0.052
iter: 27 | loss: 0.047
iter: 28 | loss: 0.033
iter: 29 | loss: 0.034
testing r= 5
rrse(target)=263.94955424758723 / 34.87594854780834 | rrse(all)=151814824755696.9 / 34622966134154.824 | report_mode=targets
[Validation] per_target_rrse_json={"us_Trade Weighted Dollar Index": 3.5269317626953125, "jp_fx": 13.321812629699707, "kr_fx": 7.357045650482178}
[Validation] per_target_lag_mae_json={"us_Trade Weighted Dollar Index": 0.2548724114894867, "jp_fx": 1.0900517702102661, "kr_fx": 4.041337490081787}
[Validation] per_target_dir_mismatch_json={"us_Trade Weighted Dollar Index": 0.09090909090909091, "jp_fx": 0.45454545454545453, "kr_fx": 0.09090909090909091}
| end of epoch  38 | time:  5.90s | train_loss 0.0391 | valid rse 7.5682 | valid rae 9.9531 | valid corr  0.3793 | valid smape  0.3453 | focus_rrse 8.0686 | obj 8.0686
Experiment: 1
Iter: 0
epoch: 39
hp= [1, 8.5e-05, 32, 128, 256, 1024, 30, 0.0, 2, 40, 0.6, 0.1, 3, 39]
best sum= 17.14211404428404
best rrse= 7.568240155124734
best rrae= 9.953127544831379
best corr= 0.37925366
best smape= 0.34525582134423277
best objective= 8.068596839904785
best hps= [1, 8.5e-05, 32, 128, 256, 1024, 30, 0.0, 2, 40, 0.6, 0.1, 3, 1]
best test rse= 3.4176811726205996
best test corr= 0.20414726
[Target-Weighted Loss] weights applied: {'us_Trade Weighted Dollar Index': 90.0, 'kr_fx': 90.0, 'jp_fx': 90.0}
[Target-Only Loss] enabled for columns: ['us_Trade Weighted Dollar Index', 'jp_fx', 'kr_fx']
[Bias Penalty] enabled lambda=0.45 scope=focus cols=['us_Trade Weighted Dollar Index', 'jp_fx', 'kr_fx']
iter:  0 | loss: 0.041
iter:  1 | loss: 0.015
iter:  2 | loss: 0.054
iter:  3 | loss: 0.045
iter:  4 | loss: 0.020
iter:  5 | loss: 0.024
iter:  6 | loss: 0.054
iter:  7 | loss: 0.031
iter:  8 | loss: 0.032
iter:  9 | loss: 0.023
iter: 10 | loss: 0.073
iter: 11 | loss: 0.041
iter: 12 | loss: 0.054
iter: 13 | loss: 0.049
iter: 14 | loss: 0.037
iter: 15 | loss: 0.040
iter: 16 | loss: 0.030
iter: 17 | loss: 0.019
iter: 18 | loss: 0.053
iter: 19 | loss: 0.047
iter: 20 | loss: 0.021
iter: 21 | loss: 0.025
iter: 22 | loss: 0.039
iter: 23 | loss: 0.033
iter: 24 | loss: 0.044
iter: 25 | loss: 0.073
iter: 26 | loss: 0.055
iter: 27 | loss: 0.023
iter: 28 | loss: 0.018
iter: 29 | loss: 0.044
testing r= 5
rrse(target)=263.94955424758723 / 34.87594854780834 | rrse(all)=151814824755696.9 / 34622966134154.824 | report_mode=targets
[Validation] per_target_rrse_json={"us_Trade Weighted Dollar Index": 3.5269317626953125, "jp_fx": 13.321812629699707, "kr_fx": 7.357045650482178}
[Validation] per_target_lag_mae_json={"us_Trade Weighted Dollar Index": 0.2548724114894867, "jp_fx": 1.0900517702102661, "kr_fx": 4.041337490081787}
[Validation] per_target_dir_mismatch_json={"us_Trade Weighted Dollar Index": 0.09090909090909091, "jp_fx": 0.45454545454545453, "kr_fx": 0.09090909090909091}
| end of epoch  39 | time:  5.91s | train_loss 0.0386 | valid rse 7.5682 | valid rae 9.9531 | valid corr  0.3793 | valid smape  0.3453 | focus_rrse 8.0686 | obj 8.0686
Experiment: 1
Iter: 0
epoch: 40
hp= [1, 8.5e-05, 32, 128, 256, 1024, 30, 0.0, 2, 40, 0.6, 0.1, 3, 40]
best sum= 17.14211404428404
best rrse= 7.568240155124734
best rrae= 9.953127544831379
best corr= 0.37925366
best smape= 0.34525582134423277
best objective= 8.068596839904785
best hps= [1, 8.5e-05, 32, 128, 256, 1024, 30, 0.0, 2, 40, 0.6, 0.1, 3, 1]
best test rse= 3.4176811726205996
best test corr= 0.20414726
[Target-Weighted Loss] weights applied: {'us_Trade Weighted Dollar Index': 90.0, 'kr_fx': 90.0, 'jp_fx': 90.0}
[Target-Only Loss] enabled for columns: ['us_Trade Weighted Dollar Index', 'jp_fx', 'kr_fx']
[Bias Penalty] enabled lambda=0.45 scope=focus cols=['us_Trade Weighted Dollar Index', 'jp_fx', 'kr_fx']
iter:  0 | loss: 0.038
iter:  1 | loss: 0.028
iter:  2 | loss: 0.042
iter:  3 | loss: 0.038
iter:  4 | loss: 0.022
iter:  5 | loss: 0.060
iter:  6 | loss: 0.034
iter:  7 | loss: 0.040
iter:  8 | loss: 0.025
iter:  9 | loss: 0.015
iter: 10 | loss: 0.040
iter: 11 | loss: 0.032
iter: 12 | loss: 0.027
iter: 13 | loss: 0.024
iter: 14 | loss: 0.072
iter: 15 | loss: 0.036
iter: 16 | loss: 0.040
iter: 17 | loss: 0.042
iter: 18 | loss: 0.031
iter: 19 | loss: 0.093
iter: 20 | loss: 0.044
iter: 21 | loss: 0.022
iter: 22 | loss: 0.046
iter: 23 | loss: 0.034
iter: 24 | loss: 0.036
iter: 25 | loss: 0.042
iter: 26 | loss: 0.039
iter: 27 | loss: 0.034
iter: 28 | loss: 0.022
iter: 29 | loss: 0.090
testing r= 5
rrse(target)=263.94955424758723 / 34.87594854780834 | rrse(all)=151814824755696.9 / 34622966134154.824 | report_mode=targets
[Validation] per_target_rrse_json={"us_Trade Weighted Dollar Index": 3.5269317626953125, "jp_fx": 13.321812629699707, "kr_fx": 7.357045650482178}
[Validation] per_target_lag_mae_json={"us_Trade Weighted Dollar Index": 0.2548724114894867, "jp_fx": 1.0900517702102661, "kr_fx": 4.041337490081787}
[Validation] per_target_dir_mismatch_json={"us_Trade Weighted Dollar Index": 0.09090909090909091, "jp_fx": 0.45454545454545453, "kr_fx": 0.09090909090909091}
| end of epoch  40 | time:  6.04s | train_loss 0.0392 | valid rse 7.5682 | valid rae 9.9531 | valid corr  0.3793 | valid smape  0.3453 | focus_rrse 8.0686 | obj 8.0686
best val loss= 17.14211404428404
best hps= [1, 8.5e-05, 32, 128, 256, 1024, 30, 0.0, 2, 40, 0.6, 0.1, 3, 1]
testing r= 5
rrse(target)=263.94955424758723 / 34.87594854780834 | rrse(all)=151814824755696.9 / 34622966134154.824 | report_mode=targets
[Validation] per_target_rrse_json={"us_Trade Weighted Dollar Index": 3.5269317626953125, "jp_fx": 13.321812629699707, "kr_fx": 7.357045650482178}
[Validation] per_target_lag_mae_json={"us_Trade Weighted Dollar Index": 0.2548724114894867, "jp_fx": 1.0900517702102661, "kr_fx": 4.041337490081787}
[Validation] per_target_dir_mismatch_json={"us_Trade Weighted Dollar Index": 0.09090909090909091, "jp_fx": 0.45454545454545453, "kr_fx": 0.09090909090909091}
[debias] mode=val_mean_error apply_to=focus offset={'us_Trade Weighted Dollar Index': -2.5790412425994873, 'jp_fx': -22.113561630249023, 'kr_fx': -72.44097900390625}
testing r= 5
rrse(target)=27.36936969425744 / 34.87594854780834 | rrse(all)=151814824755696.9 / 34622966134154.824 | report_mode=targets
[Validation] per_target_rrse_json={"us_Trade Weighted Dollar Index": 0.6285571455955505, "jp_fx": 1.1733957529067993, "kr_fx": 0.7717124223709106}
[Validation] per_target_lag_mae_json={"us_Trade Weighted Dollar Index": 0.2548724114894867, "jp_fx": 1.0900517702102661, "kr_fx": 4.041337490081787}
[Validation] per_target_dir_mismatch_json={"us_Trade Weighted Dollar Index": 0.09090909090909091, "jp_fx": 0.45454545454545453, "kr_fx": 0.09090909090909091}
testing r= 5
rrse(target)=91.57692399186871 / 87.05327089004898 | rrse(all)=116240726584357.66 / 13118448721317.795 | report_mode=targets
[Testing] per_target_rrse_json={"us_Trade Weighted Dollar Index": 1.322022557258606, "jp_fx": 7.025302410125732, "kr_fx": 0.7470742464065552}
[Testing] per_target_lag_mae_json={"us_Trade Weighted Dollar Index": 0.5856101512908936, "jp_fx": 1.3024749755859375, "kr_fx": 6.761152744293213}
[Testing] per_target_dir_mismatch_json={"us_Trade Weighted Dollar Index": 0.6363636363636364, "jp_fx": 0.7272727272727273, "kr_fx": 0.18181818181818182}
********************************************************************************************************
final test rse 1.0520 | test rae 1.5688 | test corr 0.2041 | test smape 0.3215
********************************************************************************************************



1 run average



valid	rse	rae
mean	0.7848	0.8574
std	0.0000	0.0000



test	rse	rae
mean	1.0520	1.5688
std	0.0000	0.0000
