CUDA not available, using CPU
[split_guard] {'n': 180, 'cutoff_idx': 168, 'cutoff_label': '25.Jan', 'valid_start_idx': 156, 'valid_end_idx': 168, 'valid_months': 12}
Loading data from /Users/samrobert/Documents/GitHub/Exchangeprediction/Cyber-trend-forecasting-main 3/B-MTGNN/data/sm_data.csv...
Data loaded and converted to numeric successfully.
Graph loaded with 1 attacks...
33 columns loaded
Adjacency created...
train X: torch.Size([95, 60, 33])
train Y: torch.Size([95, 1, 33])
valid X: torch.Size([11, 60, 33])
valid Y: torch.Size([11, 1, 33])
test X: torch.Size([11, 60, 33])
test Y: torch.Size([11, 1, 33])
test window: torch.Size([72, 33])
length of training set= 95
length of validation set= 11
length of testing set= 11
valid= 168
Auto-detected num_nodes: 33
Namespace(data='/Users/samrobert/Documents/GitHub/Exchangeprediction/Cyber-trend-forecasting-main 3/B-MTGNN/data/sm_data.csv', log_interval=2000, save='/Users/samrobert/Documents/GitHub/Exchangeprediction/Cyber-trend-forecasting-main 3/B-MTGNN/tuning_runs/20260220_211805/checkpoints/model_002.pt', optim='adam', L1Loss=True, loss_mode='mse', normalize=2, device='cuda:1', gcn_true=False, buildA_true=False, use_graph=0, gcn_depth=1, num_nodes=33, dropout=0.02, subgraph_size=30, node_dim=40, dilation_exponential=2, conv_channels=32, residual_channels=128, skip_channels=256, end_channels=1024, in_dim=1, seq_in_len=60, seq_out_len=1, horizon=1, layers=2, batch_size=4, lr=0.00017, weight_decay=1e-05, clip=10, propalpha=0.6, tanhalpha=0.1, epochs=40, num_split=1, step_size=100, ss_prob=0.1, train_ratio=0.8666666667, valid_ratio=0.0666666667, focus_targets=1, focus_nodes='us_Trade Weighted Dollar Index,jp_fx,kr_fx', focus_weight=1.0, focus_target_gain=70.0, focus_only_loss=1, anchor_focus_to_last=0.2, rse_targets='Us_Trade Weighted Dollar Index_Testing.txt,Jp_fx_Testing.txt,Kr_fx_Testing.txt', rse_report_mode='targets', debias_mode='val_mean_error', debias_apply_to='focus', bias_penalty=0.35, bias_penalty_scope='focus', lag_penalty_1step=1.0, lag_sign_penalty=0.4, plot_focus_only=0, debug_eval=0, rollout_mode='recursive', enforce_cutoff_split=1, cutoff_year_yy=25, min_valid_months=12, confidence_level=0.95, confidence_scale=3.0, confidence_mode='predictive', seed=777, plot=0, clean_cache=0, autotune_mode=1, apply_best_tuning=0, eval_best_tuning=0, target_profile='none', best_tuning_checkpoint='')
The recpetive field size is 19
Number of model parameters is 2531745
begin training
Experiment: 1
Iter: 0
epoch: 1
hp= [1, 0.00017, 32, 128, 256, 1024, 30, 0.02, 2, 40, 0.6, 0.1, 2, 1]
best sum= 10000000
best rrse= 10000000
best rrae= 10000000
best corr= -10000000
best smape= 10000000
best objective= 10000000
best hps= []
best test rse= 10000000
best test corr= -10000000
[Target-Weighted Loss] weights applied: {'us_Trade Weighted Dollar Index': 70.0, 'kr_fx': 70.0, 'jp_fx': 70.0}
[Target-Only Loss] enabled for columns: ['us_Trade Weighted Dollar Index', 'jp_fx', 'kr_fx']
[Bias Penalty] enabled lambda=0.35 scope=focus cols=['us_Trade Weighted Dollar Index', 'jp_fx', 'kr_fx']
iter:  0 | loss: 0.050
iter:  1 | loss: 0.024
iter:  2 | loss: 0.017
iter:  3 | loss: 0.012
iter:  4 | loss: 0.012
iter:  5 | loss: 0.022
iter:  6 | loss: 0.011
iter:  7 | loss: 0.012
iter:  8 | loss: 0.031
iter:  9 | loss: 0.006
iter: 10 | loss: 0.011
iter: 11 | loss: 0.015
iter: 12 | loss: 0.019
iter: 13 | loss: 0.021
iter: 14 | loss: 0.013
iter: 15 | loss: 0.034
iter: 16 | loss: 0.016
iter: 17 | loss: 0.018
iter: 18 | loss: 0.016
iter: 19 | loss: 0.020
iter: 20 | loss: 0.018
iter: 21 | loss: 0.010
iter: 22 | loss: 0.010
iter: 23 | loss: 0.039
testing r= 5
rrse(target)=415.89493114247017 / 34.87594854780834 | rrse(all)=57851525264241.16 / 34622966134154.824 | report_mode=targets
[Validation] per_target_rrse_json={"us_Trade Weighted Dollar Index": 4.649715900421143, "jp_fx": 20.078994750976562, "kr_fx": 11.640106201171875}
[Validation] per_target_lag_mae_json={"us_Trade Weighted Dollar Index": 0.5704948902130127, "jp_fx": 1.900692343711853, "kr_fx": 10.027377128601074}
[Validation] per_target_dir_mismatch_json={"us_Trade Weighted Dollar Index": 0.6363636363636364, "jp_fx": 0.6363636363636364, "kr_fx": 0.5454545454545454}
| end of epoch   1 | time:  5.38s | train_loss 0.0187 | valid rse 11.9250 | valid rae 14.8438 | valid corr  0.3350 | valid smape  0.3128 | focus_rrse 12.1229 | obj 12.1229
testing r= 5
rrse(target)=490.04103782234404 / 87.05327089004898 | rrse(all)=65704824646595.14 / 13118448721317.795 | report_mode=targets
[Testing] per_target_rrse_json={"us_Trade Weighted Dollar Index": 5.213033199310303, "jp_fx": 6.0211181640625, "kr_fx": 5.625333786010742}
[Testing] per_target_lag_mae_json={"us_Trade Weighted Dollar Index": 0.8829519152641296, "jp_fx": 1.6675997972488403, "kr_fx": 10.252896308898926}
[Testing] per_target_dir_mismatch_json={"us_Trade Weighted Dollar Index": 0.7272727272727273, "jp_fx": 0.6363636363636364, "kr_fx": 0.09090909090909091}
********************************************************************************************************
test rse 5.6292 | test rae 6.7830 | test corr 0.1785| test smape 0.3001 | test focus_rrse 5.6198
********************************************************************************************************
Experiment: 1
Iter: 0
epoch: 2
hp= [1, 0.00017, 32, 128, 256, 1024, 30, 0.02, 2, 40, 0.6, 0.1, 2, 2]
best sum= 26.433835883938464
best rrse= 11.924978343523954
best rrae= 14.843822501228034
best corr= 0.33496496
best smape= 0.31279348674823626
best objective= 12.122939109802246
best hps= [1, 0.00017, 32, 128, 256, 1024, 30, 0.02, 2, 40, 0.6, 0.1, 2, 1]
best test rse= 5.629208791491377
best test corr= 0.17849815
[Target-Weighted Loss] weights applied: {'us_Trade Weighted Dollar Index': 70.0, 'kr_fx': 70.0, 'jp_fx': 70.0}
[Target-Only Loss] enabled for columns: ['us_Trade Weighted Dollar Index', 'jp_fx', 'kr_fx']
[Bias Penalty] enabled lambda=0.35 scope=focus cols=['us_Trade Weighted Dollar Index', 'jp_fx', 'kr_fx']
iter:  0 | loss: 0.022
iter:  1 | loss: 0.011
iter:  2 | loss: 0.011
iter:  3 | loss: 0.013
iter:  4 | loss: 0.013
iter:  5 | loss: 0.024
iter:  6 | loss: 0.011
iter:  7 | loss: 0.009
iter:  8 | loss: 0.026
iter:  9 | loss: 0.028
iter: 10 | loss: 0.011
iter: 11 | loss: 0.013
iter: 12 | loss: 0.010
iter: 13 | loss: 0.013
iter: 14 | loss: 0.012
iter: 15 | loss: 0.022
iter: 16 | loss: 0.044
iter: 17 | loss: 0.009
iter: 18 | loss: 0.028
iter: 19 | loss: 0.020
iter: 20 | loss: 0.011
iter: 21 | loss: 0.034
iter: 22 | loss: 0.023
iter: 23 | loss: 0.023
testing r= 5
rrse(target)=415.89493114247017 / 34.87594854780834 | rrse(all)=57851525264241.16 / 34622966134154.824 | report_mode=targets
[Validation] per_target_rrse_json={"us_Trade Weighted Dollar Index": 4.649715900421143, "jp_fx": 20.078994750976562, "kr_fx": 11.640106201171875}
[Validation] per_target_lag_mae_json={"us_Trade Weighted Dollar Index": 0.5704948902130127, "jp_fx": 1.900692343711853, "kr_fx": 10.027377128601074}
[Validation] per_target_dir_mismatch_json={"us_Trade Weighted Dollar Index": 0.6363636363636364, "jp_fx": 0.6363636363636364, "kr_fx": 0.5454545454545454}
| end of epoch   2 | time:  5.65s | train_loss 0.0183 | valid rse 11.9250 | valid rae 14.8438 | valid corr  0.3350 | valid smape  0.3128 | focus_rrse 12.1229 | obj 12.1229
Experiment: 1
Iter: 0
epoch: 3
hp= [1, 0.00017, 32, 128, 256, 1024, 30, 0.02, 2, 40, 0.6, 0.1, 2, 3]
best sum= 26.433835883938464
best rrse= 11.924978343523954
best rrae= 14.843822501228034
best corr= 0.33496496
best smape= 0.31279348674823626
best objective= 12.122939109802246
best hps= [1, 0.00017, 32, 128, 256, 1024, 30, 0.02, 2, 40, 0.6, 0.1, 2, 1]
best test rse= 5.629208791491377
best test corr= 0.17849815
[Target-Weighted Loss] weights applied: {'us_Trade Weighted Dollar Index': 70.0, 'kr_fx': 70.0, 'jp_fx': 70.0}
[Target-Only Loss] enabled for columns: ['us_Trade Weighted Dollar Index', 'jp_fx', 'kr_fx']
[Bias Penalty] enabled lambda=0.35 scope=focus cols=['us_Trade Weighted Dollar Index', 'jp_fx', 'kr_fx']
iter:  0 | loss: 0.021
iter:  1 | loss: 0.015
iter:  2 | loss: 0.013
iter:  3 | loss: 0.011
iter:  4 | loss: 0.012
iter:  5 | loss: 0.010
iter:  6 | loss: 0.009
iter:  7 | loss: 0.016
iter:  8 | loss: 0.017
iter:  9 | loss: 0.020
iter: 10 | loss: 0.025
iter: 11 | loss: 0.008
iter: 12 | loss: 0.012
iter: 13 | loss: 0.022
iter: 14 | loss: 0.026
iter: 15 | loss: 0.015
iter: 16 | loss: 0.016
iter: 17 | loss: 0.028
iter: 18 | loss: 0.039
iter: 19 | loss: 0.024
iter: 20 | loss: 0.031
iter: 21 | loss: 0.014
iter: 22 | loss: 0.009
iter: 23 | loss: 0.011
testing r= 5
rrse(target)=415.89493114247017 / 34.87594854780834 | rrse(all)=57851525264241.16 / 34622966134154.824 | report_mode=targets
[Validation] per_target_rrse_json={"us_Trade Weighted Dollar Index": 4.649715900421143, "jp_fx": 20.078994750976562, "kr_fx": 11.640106201171875}
[Validation] per_target_lag_mae_json={"us_Trade Weighted Dollar Index": 0.5704948902130127, "jp_fx": 1.900692343711853, "kr_fx": 10.027377128601074}
[Validation] per_target_dir_mismatch_json={"us_Trade Weighted Dollar Index": 0.6363636363636364, "jp_fx": 0.6363636363636364, "kr_fx": 0.5454545454545454}
| end of epoch   3 | time:  5.39s | train_loss 0.0177 | valid rse 11.9250 | valid rae 14.8438 | valid corr  0.3350 | valid smape  0.3128 | focus_rrse 12.1229 | obj 12.1229
Experiment: 1
Iter: 0
epoch: 4
hp= [1, 0.00017, 32, 128, 256, 1024, 30, 0.02, 2, 40, 0.6, 0.1, 2, 4]
best sum= 26.433835883938464
best rrse= 11.924978343523954
best rrae= 14.843822501228034
best corr= 0.33496496
best smape= 0.31279348674823626
best objective= 12.122939109802246
best hps= [1, 0.00017, 32, 128, 256, 1024, 30, 0.02, 2, 40, 0.6, 0.1, 2, 1]
best test rse= 5.629208791491377
best test corr= 0.17849815
[Target-Weighted Loss] weights applied: {'us_Trade Weighted Dollar Index': 70.0, 'kr_fx': 70.0, 'jp_fx': 70.0}
[Target-Only Loss] enabled for columns: ['us_Trade Weighted Dollar Index', 'jp_fx', 'kr_fx']
[Bias Penalty] enabled lambda=0.35 scope=focus cols=['us_Trade Weighted Dollar Index', 'jp_fx', 'kr_fx']
iter:  0 | loss: 0.011
iter:  1 | loss: 0.011
iter:  2 | loss: 0.011
iter:  3 | loss: 0.014
iter:  4 | loss: 0.010
iter:  5 | loss: 0.024
iter:  6 | loss: 0.013
iter:  7 | loss: 0.023
iter:  8 | loss: 0.011
iter:  9 | loss: 0.018
iter: 10 | loss: 0.015
iter: 11 | loss: 0.009
iter: 12 | loss: 0.009
iter: 13 | loss: 0.037
iter: 14 | loss: 0.040
iter: 15 | loss: 0.016
iter: 16 | loss: 0.013
iter: 17 | loss: 0.012
iter: 18 | loss: 0.013
iter: 19 | loss: 0.008
iter: 20 | loss: 0.030
iter: 21 | loss: 0.025
iter: 22 | loss: 0.039
iter: 23 | loss: 0.025
testing r= 5
rrse(target)=415.89493114247017 / 34.87594854780834 | rrse(all)=57851525264241.16 / 34622966134154.824 | report_mode=targets
[Validation] per_target_rrse_json={"us_Trade Weighted Dollar Index": 4.649715900421143, "jp_fx": 20.078994750976562, "kr_fx": 11.640106201171875}
[Validation] per_target_lag_mae_json={"us_Trade Weighted Dollar Index": 0.5704948902130127, "jp_fx": 1.900692343711853, "kr_fx": 10.027377128601074}
[Validation] per_target_dir_mismatch_json={"us_Trade Weighted Dollar Index": 0.6363636363636364, "jp_fx": 0.6363636363636364, "kr_fx": 0.5454545454545454}
| end of epoch   4 | time:  5.47s | train_loss 0.0181 | valid rse 11.9250 | valid rae 14.8438 | valid corr  0.3350 | valid smape  0.3128 | focus_rrse 12.1229 | obj 12.1229
Experiment: 1
Iter: 0
epoch: 5
hp= [1, 0.00017, 32, 128, 256, 1024, 30, 0.02, 2, 40, 0.6, 0.1, 2, 5]
best sum= 26.433835883938464
best rrse= 11.924978343523954
best rrae= 14.843822501228034
best corr= 0.33496496
best smape= 0.31279348674823626
best objective= 12.122939109802246
best hps= [1, 0.00017, 32, 128, 256, 1024, 30, 0.02, 2, 40, 0.6, 0.1, 2, 1]
best test rse= 5.629208791491377
best test corr= 0.17849815
[Target-Weighted Loss] weights applied: {'us_Trade Weighted Dollar Index': 70.0, 'kr_fx': 70.0, 'jp_fx': 70.0}
[Target-Only Loss] enabled for columns: ['us_Trade Weighted Dollar Index', 'jp_fx', 'kr_fx']
[Bias Penalty] enabled lambda=0.35 scope=focus cols=['us_Trade Weighted Dollar Index', 'jp_fx', 'kr_fx']
iter:  0 | loss: 0.010
iter:  1 | loss: 0.009
iter:  2 | loss: 0.010
iter:  3 | loss: 0.011
iter:  4 | loss: 0.014
iter:  5 | loss: 0.034
iter:  6 | loss: 0.013
iter:  7 | loss: 0.013
iter:  8 | loss: 0.011
iter:  9 | loss: 0.017
iter: 10 | loss: 0.008
iter: 11 | loss: 0.014
iter: 12 | loss: 0.016
iter: 13 | loss: 0.026
iter: 14 | loss: 0.019
iter: 15 | loss: 0.009
iter: 16 | loss: 0.039
iter: 17 | loss: 0.019
iter: 18 | loss: 0.025
iter: 19 | loss: 0.029
iter: 20 | loss: 0.016
iter: 21 | loss: 0.029
iter: 22 | loss: 0.023
iter: 23 | loss: 0.013
testing r= 5
rrse(target)=415.89493114247017 / 34.87594854780834 | rrse(all)=57851525264241.16 / 34622966134154.824 | report_mode=targets
[Validation] per_target_rrse_json={"us_Trade Weighted Dollar Index": 4.649715900421143, "jp_fx": 20.078994750976562, "kr_fx": 11.640106201171875}
[Validation] per_target_lag_mae_json={"us_Trade Weighted Dollar Index": 0.5704948902130127, "jp_fx": 1.900692343711853, "kr_fx": 10.027377128601074}
[Validation] per_target_dir_mismatch_json={"us_Trade Weighted Dollar Index": 0.6363636363636364, "jp_fx": 0.6363636363636364, "kr_fx": 0.5454545454545454}
| end of epoch   5 | time:  5.48s | train_loss 0.0178 | valid rse 11.9250 | valid rae 14.8438 | valid corr  0.3350 | valid smape  0.3128 | focus_rrse 12.1229 | obj 12.1229
Experiment: 1
Iter: 0
epoch: 6
hp= [1, 0.00017, 32, 128, 256, 1024, 30, 0.02, 2, 40, 0.6, 0.1, 2, 6]
best sum= 26.433835883938464
best rrse= 11.924978343523954
best rrae= 14.843822501228034
best corr= 0.33496496
best smape= 0.31279348674823626
best objective= 12.122939109802246
best hps= [1, 0.00017, 32, 128, 256, 1024, 30, 0.02, 2, 40, 0.6, 0.1, 2, 1]
best test rse= 5.629208791491377
best test corr= 0.17849815
[Target-Weighted Loss] weights applied: {'us_Trade Weighted Dollar Index': 70.0, 'kr_fx': 70.0, 'jp_fx': 70.0}
[Target-Only Loss] enabled for columns: ['us_Trade Weighted Dollar Index', 'jp_fx', 'kr_fx']
[Bias Penalty] enabled lambda=0.35 scope=focus cols=['us_Trade Weighted Dollar Index', 'jp_fx', 'kr_fx']
iter:  0 | loss: 0.010
iter:  1 | loss: 0.012
iter:  2 | loss: 0.021
iter:  3 | loss: 0.007
iter:  4 | loss: 0.011
iter:  5 | loss: 0.014
iter:  6 | loss: 0.010
iter:  7 | loss: 0.013
iter:  8 | loss: 0.023
iter:  9 | loss: 0.023
iter: 10 | loss: 0.011
iter: 11 | loss: 0.012
iter: 12 | loss: 0.035
iter: 13 | loss: 0.015
iter: 14 | loss: 0.023
iter: 15 | loss: 0.009
iter: 16 | loss: 0.026
iter: 17 | loss: 0.009
iter: 18 | loss: 0.037
iter: 19 | loss: 0.022
iter: 20 | loss: 0.017
iter: 21 | loss: 0.023
iter: 22 | loss: 0.023
iter: 23 | loss: 0.013
testing r= 5
rrse(target)=415.89493114247017 / 34.87594854780834 | rrse(all)=57851525264241.16 / 34622966134154.824 | report_mode=targets
[Validation] per_target_rrse_json={"us_Trade Weighted Dollar Index": 4.649715900421143, "jp_fx": 20.078994750976562, "kr_fx": 11.640106201171875}
[Validation] per_target_lag_mae_json={"us_Trade Weighted Dollar Index": 0.5704948902130127, "jp_fx": 1.900692343711853, "kr_fx": 10.027377128601074}
[Validation] per_target_dir_mismatch_json={"us_Trade Weighted Dollar Index": 0.6363636363636364, "jp_fx": 0.6363636363636364, "kr_fx": 0.5454545454545454}
| end of epoch   6 | time:  5.62s | train_loss 0.0175 | valid rse 11.9250 | valid rae 14.8438 | valid corr  0.3350 | valid smape  0.3128 | focus_rrse 12.1229 | obj 12.1229
Experiment: 1
Iter: 0
epoch: 7
hp= [1, 0.00017, 32, 128, 256, 1024, 30, 0.02, 2, 40, 0.6, 0.1, 2, 7]
best sum= 26.433835883938464
best rrse= 11.924978343523954
best rrae= 14.843822501228034
best corr= 0.33496496
best smape= 0.31279348674823626
best objective= 12.122939109802246
best hps= [1, 0.00017, 32, 128, 256, 1024, 30, 0.02, 2, 40, 0.6, 0.1, 2, 1]
best test rse= 5.629208791491377
best test corr= 0.17849815
[Target-Weighted Loss] weights applied: {'us_Trade Weighted Dollar Index': 70.0, 'kr_fx': 70.0, 'jp_fx': 70.0}
[Target-Only Loss] enabled for columns: ['us_Trade Weighted Dollar Index', 'jp_fx', 'kr_fx']
[Bias Penalty] enabled lambda=0.35 scope=focus cols=['us_Trade Weighted Dollar Index', 'jp_fx', 'kr_fx']
iter:  0 | loss: 0.023
iter:  1 | loss: 0.011
iter:  2 | loss: 0.014
iter:  3 | loss: 0.012
iter:  4 | loss: 0.035
iter:  5 | loss: 0.018
iter:  6 | loss: 0.011
iter:  7 | loss: 0.014
iter:  8 | loss: 0.020
iter:  9 | loss: 0.015
iter: 10 | loss: 0.018
iter: 11 | loss: 0.022
iter: 12 | loss: 0.020
iter: 13 | loss: 0.012
iter: 14 | loss: 0.007
iter: 15 | loss: 0.022
iter: 16 | loss: 0.019
iter: 17 | loss: 0.010
iter: 18 | loss: 0.020
iter: 19 | loss: 0.014
iter: 20 | loss: 0.022
iter: 21 | loss: 0.031
iter: 22 | loss: 0.012
iter: 23 | loss: 0.019
testing r= 5
rrse(target)=415.89493114247017 / 34.87594854780834 | rrse(all)=57851525264241.16 / 34622966134154.824 | report_mode=targets
[Validation] per_target_rrse_json={"us_Trade Weighted Dollar Index": 4.649715900421143, "jp_fx": 20.078994750976562, "kr_fx": 11.640106201171875}
[Validation] per_target_lag_mae_json={"us_Trade Weighted Dollar Index": 0.5704948902130127, "jp_fx": 1.900692343711853, "kr_fx": 10.027377128601074}
[Validation] per_target_dir_mismatch_json={"us_Trade Weighted Dollar Index": 0.6363636363636364, "jp_fx": 0.6363636363636364, "kr_fx": 0.5454545454545454}
| end of epoch   7 | time:  5.34s | train_loss 0.0175 | valid rse 11.9250 | valid rae 14.8438 | valid corr  0.3350 | valid smape  0.3128 | focus_rrse 12.1229 | obj 12.1229
Experiment: 1
Iter: 0
epoch: 8
hp= [1, 0.00017, 32, 128, 256, 1024, 30, 0.02, 2, 40, 0.6, 0.1, 2, 8]
best sum= 26.433835883938464
best rrse= 11.924978343523954
best rrae= 14.843822501228034
best corr= 0.33496496
best smape= 0.31279348674823626
best objective= 12.122939109802246
best hps= [1, 0.00017, 32, 128, 256, 1024, 30, 0.02, 2, 40, 0.6, 0.1, 2, 1]
best test rse= 5.629208791491377
best test corr= 0.17849815
[Target-Weighted Loss] weights applied: {'us_Trade Weighted Dollar Index': 70.0, 'kr_fx': 70.0, 'jp_fx': 70.0}
[Target-Only Loss] enabled for columns: ['us_Trade Weighted Dollar Index', 'jp_fx', 'kr_fx']
[Bias Penalty] enabled lambda=0.35 scope=focus cols=['us_Trade Weighted Dollar Index', 'jp_fx', 'kr_fx']
iter:  0 | loss: 0.022
iter:  1 | loss: 0.013
iter:  2 | loss: 0.023
iter:  3 | loss: 0.010
iter:  4 | loss: 0.022
iter:  5 | loss: 0.024
iter:  6 | loss: 0.017
iter:  7 | loss: 0.011
iter:  8 | loss: 0.011
iter:  9 | loss: 0.030
iter: 10 | loss: 0.036
iter: 11 | loss: 0.009
iter: 12 | loss: 0.010
iter: 13 | loss: 0.035
iter: 14 | loss: 0.010
iter: 15 | loss: 0.017
iter: 16 | loss: 0.009
iter: 17 | loss: 0.058
iter: 18 | loss: 0.010
iter: 19 | loss: 0.012
iter: 20 | loss: 0.013
iter: 21 | loss: 0.011
iter: 22 | loss: 0.016
iter: 23 | loss: 0.009
testing r= 5
rrse(target)=415.89493114247017 / 34.87594854780834 | rrse(all)=57851525264241.16 / 34622966134154.824 | report_mode=targets
[Validation] per_target_rrse_json={"us_Trade Weighted Dollar Index": 4.649715900421143, "jp_fx": 20.078994750976562, "kr_fx": 11.640106201171875}
[Validation] per_target_lag_mae_json={"us_Trade Weighted Dollar Index": 0.5704948902130127, "jp_fx": 1.900692343711853, "kr_fx": 10.027377128601074}
[Validation] per_target_dir_mismatch_json={"us_Trade Weighted Dollar Index": 0.6363636363636364, "jp_fx": 0.6363636363636364, "kr_fx": 0.5454545454545454}
| end of epoch   8 | time:  5.51s | train_loss 0.0184 | valid rse 11.9250 | valid rae 14.8438 | valid corr  0.3350 | valid smape  0.3128 | focus_rrse 12.1229 | obj 12.1229
Experiment: 1
Iter: 0
epoch: 9
hp= [1, 0.00017, 32, 128, 256, 1024, 30, 0.02, 2, 40, 0.6, 0.1, 2, 9]
best sum= 26.433835883938464
best rrse= 11.924978343523954
best rrae= 14.843822501228034
best corr= 0.33496496
best smape= 0.31279348674823626
best objective= 12.122939109802246
best hps= [1, 0.00017, 32, 128, 256, 1024, 30, 0.02, 2, 40, 0.6, 0.1, 2, 1]
best test rse= 5.629208791491377
best test corr= 0.17849815
[Target-Weighted Loss] weights applied: {'us_Trade Weighted Dollar Index': 70.0, 'kr_fx': 70.0, 'jp_fx': 70.0}
[Target-Only Loss] enabled for columns: ['us_Trade Weighted Dollar Index', 'jp_fx', 'kr_fx']
[Bias Penalty] enabled lambda=0.35 scope=focus cols=['us_Trade Weighted Dollar Index', 'jp_fx', 'kr_fx']
iter:  0 | loss: 0.008
iter:  1 | loss: 0.017
iter:  2 | loss: 0.026
iter:  3 | loss: 0.018
iter:  4 | loss: 0.043
iter:  5 | loss: 0.010
iter:  6 | loss: 0.009
iter:  7 | loss: 0.020
iter:  8 | loss: 0.011
iter:  9 | loss: 0.009
iter: 10 | loss: 0.024
iter: 11 | loss: 0.021
iter: 12 | loss: 0.012
iter: 13 | loss: 0.009
iter: 14 | loss: 0.012
iter: 15 | loss: 0.013
iter: 16 | loss: 0.015
iter: 17 | loss: 0.039
iter: 18 | loss: 0.034
iter: 19 | loss: 0.025
iter: 20 | loss: 0.011
iter: 21 | loss: 0.010
iter: 22 | loss: 0.012
iter: 23 | loss: 0.032
testing r= 5
rrse(target)=415.89493114247017 / 34.87594854780834 | rrse(all)=57851525264241.16 / 34622966134154.824 | report_mode=targets
[Validation] per_target_rrse_json={"us_Trade Weighted Dollar Index": 4.649715900421143, "jp_fx": 20.078994750976562, "kr_fx": 11.640106201171875}
[Validation] per_target_lag_mae_json={"us_Trade Weighted Dollar Index": 0.5704948902130127, "jp_fx": 1.900692343711853, "kr_fx": 10.027377128601074}
[Validation] per_target_dir_mismatch_json={"us_Trade Weighted Dollar Index": 0.6363636363636364, "jp_fx": 0.6363636363636364, "kr_fx": 0.5454545454545454}
| end of epoch   9 | time:  5.66s | train_loss 0.0181 | valid rse 11.9250 | valid rae 14.8438 | valid corr  0.3350 | valid smape  0.3128 | focus_rrse 12.1229 | obj 12.1229
Experiment: 1
Iter: 0
epoch: 10
hp= [1, 0.00017, 32, 128, 256, 1024, 30, 0.02, 2, 40, 0.6, 0.1, 2, 10]
best sum= 26.433835883938464
best rrse= 11.924978343523954
best rrae= 14.843822501228034
best corr= 0.33496496
best smape= 0.31279348674823626
best objective= 12.122939109802246
best hps= [1, 0.00017, 32, 128, 256, 1024, 30, 0.02, 2, 40, 0.6, 0.1, 2, 1]
best test rse= 5.629208791491377
best test corr= 0.17849815
[Target-Weighted Loss] weights applied: {'us_Trade Weighted Dollar Index': 70.0, 'kr_fx': 70.0, 'jp_fx': 70.0}
[Target-Only Loss] enabled for columns: ['us_Trade Weighted Dollar Index', 'jp_fx', 'kr_fx']
[Bias Penalty] enabled lambda=0.35 scope=focus cols=['us_Trade Weighted Dollar Index', 'jp_fx', 'kr_fx']
iter:  0 | loss: 0.014
iter:  1 | loss: 0.015
iter:  2 | loss: 0.010
iter:  3 | loss: 0.029
iter:  4 | loss: 0.012
iter:  5 | loss: 0.017
iter:  6 | loss: 0.013
iter:  7 | loss: 0.010
iter:  8 | loss: 0.018
iter:  9 | loss: 0.024
iter: 10 | loss: 0.011
iter: 11 | loss: 0.019
iter: 12 | loss: 0.019
iter: 13 | loss: 0.011
iter: 14 | loss: 0.023
iter: 15 | loss: 0.022
iter: 16 | loss: 0.036
iter: 17 | loss: 0.012
iter: 18 | loss: 0.025
iter: 19 | loss: 0.008
iter: 20 | loss: 0.026
iter: 21 | loss: 0.011
iter: 22 | loss: 0.023
iter: 23 | loss: 0.015
testing r= 5
rrse(target)=415.89493114247017 / 34.87594854780834 | rrse(all)=57851525264241.16 / 34622966134154.824 | report_mode=targets
[Validation] per_target_rrse_json={"us_Trade Weighted Dollar Index": 4.649715900421143, "jp_fx": 20.078994750976562, "kr_fx": 11.640106201171875}
[Validation] per_target_lag_mae_json={"us_Trade Weighted Dollar Index": 0.5704948902130127, "jp_fx": 1.900692343711853, "kr_fx": 10.027377128601074}
[Validation] per_target_dir_mismatch_json={"us_Trade Weighted Dollar Index": 0.6363636363636364, "jp_fx": 0.6363636363636364, "kr_fx": 0.5454545454545454}
| end of epoch  10 | time:  5.23s | train_loss 0.0176 | valid rse 11.9250 | valid rae 14.8438 | valid corr  0.3350 | valid smape  0.3128 | focus_rrse 12.1229 | obj 12.1229
Experiment: 1
Iter: 0
epoch: 11
hp= [1, 0.00017, 32, 128, 256, 1024, 30, 0.02, 2, 40, 0.6, 0.1, 2, 11]
best sum= 26.433835883938464
best rrse= 11.924978343523954
best rrae= 14.843822501228034
best corr= 0.33496496
best smape= 0.31279348674823626
best objective= 12.122939109802246
best hps= [1, 0.00017, 32, 128, 256, 1024, 30, 0.02, 2, 40, 0.6, 0.1, 2, 1]
best test rse= 5.629208791491377
best test corr= 0.17849815
[Target-Weighted Loss] weights applied: {'us_Trade Weighted Dollar Index': 70.0, 'kr_fx': 70.0, 'jp_fx': 70.0}
[Target-Only Loss] enabled for columns: ['us_Trade Weighted Dollar Index', 'jp_fx', 'kr_fx']
[Bias Penalty] enabled lambda=0.35 scope=focus cols=['us_Trade Weighted Dollar Index', 'jp_fx', 'kr_fx']
iter:  0 | loss: 0.028
iter:  1 | loss: 0.010
iter:  2 | loss: 0.010
iter:  3 | loss: 0.014
iter:  4 | loss: 0.009
iter:  5 | loss: 0.016
iter:  6 | loss: 0.049
iter:  7 | loss: 0.013
iter:  8 | loss: 0.023
iter:  9 | loss: 0.040
iter: 10 | loss: 0.010
iter: 11 | loss: 0.009
iter: 12 | loss: 0.012
iter: 13 | loss: 0.028
iter: 14 | loss: 0.015
iter: 15 | loss: 0.014
iter: 16 | loss: 0.007
iter: 17 | loss: 0.031
iter: 18 | loss: 0.010
iter: 19 | loss: 0.008
iter: 20 | loss: 0.026
iter: 21 | loss: 0.027
iter: 22 | loss: 0.012
iter: 23 | loss: 0.023
testing r= 5
rrse(target)=415.89493114247017 / 34.87594854780834 | rrse(all)=57851525264241.16 / 34622966134154.824 | report_mode=targets
[Validation] per_target_rrse_json={"us_Trade Weighted Dollar Index": 4.649715900421143, "jp_fx": 20.078994750976562, "kr_fx": 11.640106201171875}
[Validation] per_target_lag_mae_json={"us_Trade Weighted Dollar Index": 0.5704948902130127, "jp_fx": 1.900692343711853, "kr_fx": 10.027377128601074}
[Validation] per_target_dir_mismatch_json={"us_Trade Weighted Dollar Index": 0.6363636363636364, "jp_fx": 0.6363636363636364, "kr_fx": 0.5454545454545454}
| end of epoch  11 | time:  5.40s | train_loss 0.0185 | valid rse 11.9250 | valid rae 14.8438 | valid corr  0.3350 | valid smape  0.3128 | focus_rrse 12.1229 | obj 12.1229
Experiment: 1
Iter: 0
epoch: 12
hp= [1, 0.00017, 32, 128, 256, 1024, 30, 0.02, 2, 40, 0.6, 0.1, 2, 12]
best sum= 26.433835883938464
best rrse= 11.924978343523954
best rrae= 14.843822501228034
best corr= 0.33496496
best smape= 0.31279348674823626
best objective= 12.122939109802246
best hps= [1, 0.00017, 32, 128, 256, 1024, 30, 0.02, 2, 40, 0.6, 0.1, 2, 1]
best test rse= 5.629208791491377
best test corr= 0.17849815
[Target-Weighted Loss] weights applied: {'us_Trade Weighted Dollar Index': 70.0, 'kr_fx': 70.0, 'jp_fx': 70.0}
[Target-Only Loss] enabled for columns: ['us_Trade Weighted Dollar Index', 'jp_fx', 'kr_fx']
[Bias Penalty] enabled lambda=0.35 scope=focus cols=['us_Trade Weighted Dollar Index', 'jp_fx', 'kr_fx']
iter:  0 | loss: 0.017
iter:  1 | loss: 0.017
iter:  2 | loss: 0.009
iter:  3 | loss: 0.009
iter:  4 | loss: 0.025
iter:  5 | loss: 0.019
iter:  6 | loss: 0.027
iter:  7 | loss: 0.014
iter:  8 | loss: 0.022
iter:  9 | loss: 0.018
iter: 10 | loss: 0.017
iter: 11 | loss: 0.010
iter: 12 | loss: 0.024
iter: 13 | loss: 0.025
iter: 14 | loss: 0.009
iter: 15 | loss: 0.011
iter: 16 | loss: 0.039
iter: 17 | loss: 0.018
iter: 18 | loss: 0.014
iter: 19 | loss: 0.022
iter: 20 | loss: 0.015
iter: 21 | loss: 0.009
iter: 22 | loss: 0.010
iter: 23 | loss: 0.040
testing r= 5
rrse(target)=415.89493114247017 / 34.87594854780834 | rrse(all)=57851525264241.16 / 34622966134154.824 | report_mode=targets
[Validation] per_target_rrse_json={"us_Trade Weighted Dollar Index": 4.649715900421143, "jp_fx": 20.078994750976562, "kr_fx": 11.640106201171875}
[Validation] per_target_lag_mae_json={"us_Trade Weighted Dollar Index": 0.5704948902130127, "jp_fx": 1.900692343711853, "kr_fx": 10.027377128601074}
[Validation] per_target_dir_mismatch_json={"us_Trade Weighted Dollar Index": 0.6363636363636364, "jp_fx": 0.6363636363636364, "kr_fx": 0.5454545454545454}
| end of epoch  12 | time:  5.35s | train_loss 0.0181 | valid rse 11.9250 | valid rae 14.8438 | valid corr  0.3350 | valid smape  0.3128 | focus_rrse 12.1229 | obj 12.1229
Experiment: 1
Iter: 0
epoch: 13
hp= [1, 0.00017, 32, 128, 256, 1024, 30, 0.02, 2, 40, 0.6, 0.1, 2, 13]
best sum= 26.433835883938464
best rrse= 11.924978343523954
best rrae= 14.843822501228034
best corr= 0.33496496
best smape= 0.31279348674823626
best objective= 12.122939109802246
best hps= [1, 0.00017, 32, 128, 256, 1024, 30, 0.02, 2, 40, 0.6, 0.1, 2, 1]
best test rse= 5.629208791491377
best test corr= 0.17849815
[Target-Weighted Loss] weights applied: {'us_Trade Weighted Dollar Index': 70.0, 'kr_fx': 70.0, 'jp_fx': 70.0}
[Target-Only Loss] enabled for columns: ['us_Trade Weighted Dollar Index', 'jp_fx', 'kr_fx']
[Bias Penalty] enabled lambda=0.35 scope=focus cols=['us_Trade Weighted Dollar Index', 'jp_fx', 'kr_fx']
iter:  0 | loss: 0.012
iter:  1 | loss: 0.047
iter:  2 | loss: 0.015
iter:  3 | loss: 0.017
iter:  4 | loss: 0.018
iter:  5 | loss: 0.013
iter:  6 | loss: 0.022
iter:  7 | loss: 0.012
iter:  8 | loss: 0.011
iter:  9 | loss: 0.027
iter: 10 | loss: 0.009
iter: 11 | loss: 0.015
iter: 12 | loss: 0.019
iter: 13 | loss: 0.017
iter: 14 | loss: 0.013
iter: 15 | loss: 0.010
iter: 16 | loss: 0.043
iter: 17 | loss: 0.015
iter: 18 | loss: 0.007
iter: 19 | loss: 0.019
iter: 20 | loss: 0.028
iter: 21 | loss: 0.021
iter: 22 | loss: 0.011
iter: 23 | loss: 0.014
testing r= 5
rrse(target)=415.89493114247017 / 34.87594854780834 | rrse(all)=57851525264241.16 / 34622966134154.824 | report_mode=targets
[Validation] per_target_rrse_json={"us_Trade Weighted Dollar Index": 4.649715900421143, "jp_fx": 20.078994750976562, "kr_fx": 11.640106201171875}
[Validation] per_target_lag_mae_json={"us_Trade Weighted Dollar Index": 0.5704948902130127, "jp_fx": 1.900692343711853, "kr_fx": 10.027377128601074}
[Validation] per_target_dir_mismatch_json={"us_Trade Weighted Dollar Index": 0.6363636363636364, "jp_fx": 0.6363636363636364, "kr_fx": 0.5454545454545454}
| end of epoch  13 | time:  5.55s | train_loss 0.0182 | valid rse 11.9250 | valid rae 14.8438 | valid corr  0.3350 | valid smape  0.3128 | focus_rrse 12.1229 | obj 12.1229
Experiment: 1
Iter: 0
epoch: 14
hp= [1, 0.00017, 32, 128, 256, 1024, 30, 0.02, 2, 40, 0.6, 0.1, 2, 14]
best sum= 26.433835883938464
best rrse= 11.924978343523954
best rrae= 14.843822501228034
best corr= 0.33496496
best smape= 0.31279348674823626
best objective= 12.122939109802246
best hps= [1, 0.00017, 32, 128, 256, 1024, 30, 0.02, 2, 40, 0.6, 0.1, 2, 1]
best test rse= 5.629208791491377
best test corr= 0.17849815
[Target-Weighted Loss] weights applied: {'us_Trade Weighted Dollar Index': 70.0, 'kr_fx': 70.0, 'jp_fx': 70.0}
[Target-Only Loss] enabled for columns: ['us_Trade Weighted Dollar Index', 'jp_fx', 'kr_fx']
[Bias Penalty] enabled lambda=0.35 scope=focus cols=['us_Trade Weighted Dollar Index', 'jp_fx', 'kr_fx']
iter:  0 | loss: 0.013
iter:  1 | loss: 0.011
iter:  2 | loss: 0.027
iter:  3 | loss: 0.024
iter:  4 | loss: 0.010
iter:  5 | loss: 0.009
iter:  6 | loss: 0.022
iter:  7 | loss: 0.017
iter:  8 | loss: 0.015
iter:  9 | loss: 0.022
iter: 10 | loss: 0.011
iter: 11 | loss: 0.017
iter: 12 | loss: 0.031
iter: 13 | loss: 0.026
iter: 14 | loss: 0.017
iter: 15 | loss: 0.015
iter: 16 | loss: 0.017
iter: 17 | loss: 0.019
iter: 18 | loss: 0.009
iter: 19 | loss: 0.015
iter: 20 | loss: 0.020
iter: 21 | loss: 0.022
iter: 22 | loss: 0.014
iter: 23 | loss: 0.024
testing r= 5
rrse(target)=415.89493114247017 / 34.87594854780834 | rrse(all)=57851525264241.16 / 34622966134154.824 | report_mode=targets
[Validation] per_target_rrse_json={"us_Trade Weighted Dollar Index": 4.649715900421143, "jp_fx": 20.078994750976562, "kr_fx": 11.640106201171875}
[Validation] per_target_lag_mae_json={"us_Trade Weighted Dollar Index": 0.5704948902130127, "jp_fx": 1.900692343711853, "kr_fx": 10.027377128601074}
[Validation] per_target_dir_mismatch_json={"us_Trade Weighted Dollar Index": 0.6363636363636364, "jp_fx": 0.6363636363636364, "kr_fx": 0.5454545454545454}
| end of epoch  14 | time:  5.26s | train_loss 0.0177 | valid rse 11.9250 | valid rae 14.8438 | valid corr  0.3350 | valid smape  0.3128 | focus_rrse 12.1229 | obj 12.1229
Experiment: 1
Iter: 0
epoch: 15
hp= [1, 0.00017, 32, 128, 256, 1024, 30, 0.02, 2, 40, 0.6, 0.1, 2, 15]
best sum= 26.433835883938464
best rrse= 11.924978343523954
best rrae= 14.843822501228034
best corr= 0.33496496
best smape= 0.31279348674823626
best objective= 12.122939109802246
best hps= [1, 0.00017, 32, 128, 256, 1024, 30, 0.02, 2, 40, 0.6, 0.1, 2, 1]
best test rse= 5.629208791491377
best test corr= 0.17849815
[Target-Weighted Loss] weights applied: {'us_Trade Weighted Dollar Index': 70.0, 'kr_fx': 70.0, 'jp_fx': 70.0}
[Target-Only Loss] enabled for columns: ['us_Trade Weighted Dollar Index', 'jp_fx', 'kr_fx']
[Bias Penalty] enabled lambda=0.35 scope=focus cols=['us_Trade Weighted Dollar Index', 'jp_fx', 'kr_fx']
iter:  0 | loss: 0.008
iter:  1 | loss: 0.011
iter:  2 | loss: 0.012
iter:  3 | loss: 0.023
iter:  4 | loss: 0.021
iter:  5 | loss: 0.011
iter:  6 | loss: 0.019
iter:  7 | loss: 0.014
iter:  8 | loss: 0.007
iter:  9 | loss: 0.022
iter: 10 | loss: 0.017
iter: 11 | loss: 0.013
iter: 12 | loss: 0.029
iter: 13 | loss: 0.019
iter: 14 | loss: 0.017
iter: 15 | loss: 0.010
iter: 16 | loss: 0.047
iter: 17 | loss: 0.017
iter: 18 | loss: 0.027
iter: 19 | loss: 0.010
iter: 20 | loss: 0.013
iter: 21 | loss: 0.026
iter: 22 | loss: 0.024
iter: 23 | loss: 0.015
testing r= 5
rrse(target)=415.89493114247017 / 34.87594854780834 | rrse(all)=57851525264241.16 / 34622966134154.824 | report_mode=targets
[Validation] per_target_rrse_json={"us_Trade Weighted Dollar Index": 4.649715900421143, "jp_fx": 20.078994750976562, "kr_fx": 11.640106201171875}
[Validation] per_target_lag_mae_json={"us_Trade Weighted Dollar Index": 0.5704948902130127, "jp_fx": 1.900692343711853, "kr_fx": 10.027377128601074}
[Validation] per_target_dir_mismatch_json={"us_Trade Weighted Dollar Index": 0.6363636363636364, "jp_fx": 0.6363636363636364, "kr_fx": 0.5454545454545454}
| end of epoch  15 | time:  5.31s | train_loss 0.0182 | valid rse 11.9250 | valid rae 14.8438 | valid corr  0.3350 | valid smape  0.3128 | focus_rrse 12.1229 | obj 12.1229
Experiment: 1
Iter: 0
epoch: 16
hp= [1, 0.00017, 32, 128, 256, 1024, 30, 0.02, 2, 40, 0.6, 0.1, 2, 16]
best sum= 26.433835883938464
best rrse= 11.924978343523954
best rrae= 14.843822501228034
best corr= 0.33496496
best smape= 0.31279348674823626
best objective= 12.122939109802246
best hps= [1, 0.00017, 32, 128, 256, 1024, 30, 0.02, 2, 40, 0.6, 0.1, 2, 1]
best test rse= 5.629208791491377
best test corr= 0.17849815
[Target-Weighted Loss] weights applied: {'us_Trade Weighted Dollar Index': 70.0, 'kr_fx': 70.0, 'jp_fx': 70.0}
[Target-Only Loss] enabled for columns: ['us_Trade Weighted Dollar Index', 'jp_fx', 'kr_fx']
[Bias Penalty] enabled lambda=0.35 scope=focus cols=['us_Trade Weighted Dollar Index', 'jp_fx', 'kr_fx']
iter:  0 | loss: 0.010
iter:  1 | loss: 0.009
iter:  2 | loss: 0.019
iter:  3 | loss: 0.016
iter:  4 | loss: 0.014
iter:  5 | loss: 0.009
iter:  6 | loss: 0.032
iter:  7 | loss: 0.012
iter:  8 | loss: 0.020
iter:  9 | loss: 0.024
iter: 10 | loss: 0.011
iter: 11 | loss: 0.009
iter: 12 | loss: 0.010
iter: 13 | loss: 0.023
iter: 14 | loss: 0.011
iter: 15 | loss: 0.049
iter: 16 | loss: 0.029
iter: 17 | loss: 0.011
iter: 18 | loss: 0.010
iter: 19 | loss: 0.017
iter: 20 | loss: 0.012
iter: 21 | loss: 0.050
iter: 22 | loss: 0.008
iter: 23 | loss: 0.041
testing r= 5
rrse(target)=415.89493114247017 / 34.87594854780834 | rrse(all)=57851525264241.16 / 34622966134154.824 | report_mode=targets
[Validation] per_target_rrse_json={"us_Trade Weighted Dollar Index": 4.649715900421143, "jp_fx": 20.078994750976562, "kr_fx": 11.640106201171875}
[Validation] per_target_lag_mae_json={"us_Trade Weighted Dollar Index": 0.5704948902130127, "jp_fx": 1.900692343711853, "kr_fx": 10.027377128601074}
[Validation] per_target_dir_mismatch_json={"us_Trade Weighted Dollar Index": 0.6363636363636364, "jp_fx": 0.6363636363636364, "kr_fx": 0.5454545454545454}
| end of epoch  16 | time:  5.43s | train_loss 0.0188 | valid rse 11.9250 | valid rae 14.8438 | valid corr  0.3350 | valid smape  0.3128 | focus_rrse 12.1229 | obj 12.1229
Experiment: 1
Iter: 0
epoch: 17
hp= [1, 0.00017, 32, 128, 256, 1024, 30, 0.02, 2, 40, 0.6, 0.1, 2, 17]
best sum= 26.433835883938464
best rrse= 11.924978343523954
best rrae= 14.843822501228034
best corr= 0.33496496
best smape= 0.31279348674823626
best objective= 12.122939109802246
best hps= [1, 0.00017, 32, 128, 256, 1024, 30, 0.02, 2, 40, 0.6, 0.1, 2, 1]
best test rse= 5.629208791491377
best test corr= 0.17849815
[Target-Weighted Loss] weights applied: {'us_Trade Weighted Dollar Index': 70.0, 'kr_fx': 70.0, 'jp_fx': 70.0}
[Target-Only Loss] enabled for columns: ['us_Trade Weighted Dollar Index', 'jp_fx', 'kr_fx']
[Bias Penalty] enabled lambda=0.35 scope=focus cols=['us_Trade Weighted Dollar Index', 'jp_fx', 'kr_fx']
iter:  0 | loss: 0.021
iter:  1 | loss: 0.012
iter:  2 | loss: 0.009
iter:  3 | loss: 0.020
iter:  4 | loss: 0.012
iter:  5 | loss: 0.013
iter:  6 | loss: 0.030
iter:  7 | loss: 0.009
iter:  8 | loss: 0.021
iter:  9 | loss: 0.015
iter: 10 | loss: 0.019
iter: 11 | loss: 0.016
iter: 12 | loss: 0.014
iter: 13 | loss: 0.025
iter: 14 | loss: 0.025
iter: 15 | loss: 0.014
iter: 16 | loss: 0.018
iter: 17 | loss: 0.013
iter: 18 | loss: 0.021
iter: 19 | loss: 0.008
iter: 20 | loss: 0.014
iter: 21 | loss: 0.025
iter: 22 | loss: 0.012
iter: 23 | loss: 0.043
testing r= 5
rrse(target)=415.89493114247017 / 34.87594854780834 | rrse(all)=57851525264241.16 / 34622966134154.824 | report_mode=targets
[Validation] per_target_rrse_json={"us_Trade Weighted Dollar Index": 4.649715900421143, "jp_fx": 20.078994750976562, "kr_fx": 11.640106201171875}
[Validation] per_target_lag_mae_json={"us_Trade Weighted Dollar Index": 0.5704948902130127, "jp_fx": 1.900692343711853, "kr_fx": 10.027377128601074}
[Validation] per_target_dir_mismatch_json={"us_Trade Weighted Dollar Index": 0.6363636363636364, "jp_fx": 0.6363636363636364, "kr_fx": 0.5454545454545454}
| end of epoch  17 | time:  5.64s | train_loss 0.0177 | valid rse 11.9250 | valid rae 14.8438 | valid corr  0.3350 | valid smape  0.3128 | focus_rrse 12.1229 | obj 12.1229
Experiment: 1
Iter: 0
epoch: 18
hp= [1, 0.00017, 32, 128, 256, 1024, 30, 0.02, 2, 40, 0.6, 0.1, 2, 18]
best sum= 26.433835883938464
best rrse= 11.924978343523954
best rrae= 14.843822501228034
best corr= 0.33496496
best smape= 0.31279348674823626
best objective= 12.122939109802246
best hps= [1, 0.00017, 32, 128, 256, 1024, 30, 0.02, 2, 40, 0.6, 0.1, 2, 1]
best test rse= 5.629208791491377
best test corr= 0.17849815
[Target-Weighted Loss] weights applied: {'us_Trade Weighted Dollar Index': 70.0, 'kr_fx': 70.0, 'jp_fx': 70.0}
[Target-Only Loss] enabled for columns: ['us_Trade Weighted Dollar Index', 'jp_fx', 'kr_fx']
[Bias Penalty] enabled lambda=0.35 scope=focus cols=['us_Trade Weighted Dollar Index', 'jp_fx', 'kr_fx']
iter:  0 | loss: 0.021
iter:  1 | loss: 0.010
iter:  2 | loss: 0.016
iter:  3 | loss: 0.032
iter:  4 | loss: 0.018
iter:  5 | loss: 0.010
iter:  6 | loss: 0.018
iter:  7 | loss: 0.010
iter:  8 | loss: 0.017
iter:  9 | loss: 0.011
iter: 10 | loss: 0.017
iter: 11 | loss: 0.013
iter: 12 | loss: 0.032
iter: 13 | loss: 0.009
iter: 14 | loss: 0.028
iter: 15 | loss: 0.024
iter: 16 | loss: 0.010
iter: 17 | loss: 0.036
iter: 18 | loss: 0.015
iter: 19 | loss: 0.048
iter: 20 | loss: 0.011
iter: 21 | loss: 0.007
iter: 22 | loss: 0.008
iter: 23 | loss: 0.020
testing r= 5
rrse(target)=415.89493114247017 / 34.87594854780834 | rrse(all)=57851525264241.16 / 34622966134154.824 | report_mode=targets
[Validation] per_target_rrse_json={"us_Trade Weighted Dollar Index": 4.649715900421143, "jp_fx": 20.078994750976562, "kr_fx": 11.640106201171875}
[Validation] per_target_lag_mae_json={"us_Trade Weighted Dollar Index": 0.5704948902130127, "jp_fx": 1.900692343711853, "kr_fx": 10.027377128601074}
[Validation] per_target_dir_mismatch_json={"us_Trade Weighted Dollar Index": 0.6363636363636364, "jp_fx": 0.6363636363636364, "kr_fx": 0.5454545454545454}
| end of epoch  18 | time:  5.53s | train_loss 0.0183 | valid rse 11.9250 | valid rae 14.8438 | valid corr  0.3350 | valid smape  0.3128 | focus_rrse 12.1229 | obj 12.1229
Experiment: 1
Iter: 0
epoch: 19
hp= [1, 0.00017, 32, 128, 256, 1024, 30, 0.02, 2, 40, 0.6, 0.1, 2, 19]
best sum= 26.433835883938464
best rrse= 11.924978343523954
best rrae= 14.843822501228034
best corr= 0.33496496
best smape= 0.31279348674823626
best objective= 12.122939109802246
best hps= [1, 0.00017, 32, 128, 256, 1024, 30, 0.02, 2, 40, 0.6, 0.1, 2, 1]
best test rse= 5.629208791491377
best test corr= 0.17849815
[Target-Weighted Loss] weights applied: {'us_Trade Weighted Dollar Index': 70.0, 'kr_fx': 70.0, 'jp_fx': 70.0}
[Target-Only Loss] enabled for columns: ['us_Trade Weighted Dollar Index', 'jp_fx', 'kr_fx']
[Bias Penalty] enabled lambda=0.35 scope=focus cols=['us_Trade Weighted Dollar Index', 'jp_fx', 'kr_fx']
iter:  0 | loss: 0.009
iter:  1 | loss: 0.025
iter:  2 | loss: 0.021
iter:  3 | loss: 0.016
iter:  4 | loss: 0.009
iter:  5 | loss: 0.012
iter:  6 | loss: 0.024
iter:  7 | loss: 0.024
iter:  8 | loss: 0.015
iter:  9 | loss: 0.012
iter: 10 | loss: 0.012
iter: 11 | loss: 0.010
iter: 12 | loss: 0.033
iter: 13 | loss: 0.014
iter: 14 | loss: 0.012
iter: 15 | loss: 0.038
iter: 16 | loss: 0.015
iter: 17 | loss: 0.012
iter: 18 | loss: 0.031
iter: 19 | loss: 0.017
iter: 20 | loss: 0.013
iter: 21 | loss: 0.011
iter: 22 | loss: 0.009
iter: 23 | loss: 0.038
testing r= 5
rrse(target)=415.89493114247017 / 34.87594854780834 | rrse(all)=57851525264241.16 / 34622966134154.824 | report_mode=targets
[Validation] per_target_rrse_json={"us_Trade Weighted Dollar Index": 4.649715900421143, "jp_fx": 20.078994750976562, "kr_fx": 11.640106201171875}
[Validation] per_target_lag_mae_json={"us_Trade Weighted Dollar Index": 0.5704948902130127, "jp_fx": 1.900692343711853, "kr_fx": 10.027377128601074}
[Validation] per_target_dir_mismatch_json={"us_Trade Weighted Dollar Index": 0.6363636363636364, "jp_fx": 0.6363636363636364, "kr_fx": 0.5454545454545454}
| end of epoch  19 | time:  5.42s | train_loss 0.0178 | valid rse 11.9250 | valid rae 14.8438 | valid corr  0.3350 | valid smape  0.3128 | focus_rrse 12.1229 | obj 12.1229
Experiment: 1
Iter: 0
epoch: 20
hp= [1, 0.00017, 32, 128, 256, 1024, 30, 0.02, 2, 40, 0.6, 0.1, 2, 20]
best sum= 26.433835883938464
best rrse= 11.924978343523954
best rrae= 14.843822501228034
best corr= 0.33496496
best smape= 0.31279348674823626
best objective= 12.122939109802246
best hps= [1, 0.00017, 32, 128, 256, 1024, 30, 0.02, 2, 40, 0.6, 0.1, 2, 1]
best test rse= 5.629208791491377
best test corr= 0.17849815
[Target-Weighted Loss] weights applied: {'us_Trade Weighted Dollar Index': 70.0, 'kr_fx': 70.0, 'jp_fx': 70.0}
[Target-Only Loss] enabled for columns: ['us_Trade Weighted Dollar Index', 'jp_fx', 'kr_fx']
[Bias Penalty] enabled lambda=0.35 scope=focus cols=['us_Trade Weighted Dollar Index', 'jp_fx', 'kr_fx']
iter:  0 | loss: 0.016
iter:  1 | loss: 0.014
iter:  2 | loss: 0.025
iter:  3 | loss: 0.009
iter:  4 | loss: 0.009
iter:  5 | loss: 0.026
iter:  6 | loss: 0.014
iter:  7 | loss: 0.019
iter:  8 | loss: 0.012
iter:  9 | loss: 0.009
iter: 10 | loss: 0.019
iter: 11 | loss: 0.009
iter: 12 | loss: 0.015
iter: 13 | loss: 0.013
iter: 14 | loss: 0.008
iter: 15 | loss: 0.024
iter: 16 | loss: 0.040
iter: 17 | loss: 0.017
iter: 18 | loss: 0.027
iter: 19 | loss: 0.020
iter: 20 | loss: 0.013
iter: 21 | loss: 0.034
iter: 22 | loss: 0.016
iter: 23 | loss: 0.015
testing r= 5
rrse(target)=415.89493114247017 / 34.87594854780834 | rrse(all)=57851525264241.16 / 34622966134154.824 | report_mode=targets
[Validation] per_target_rrse_json={"us_Trade Weighted Dollar Index": 4.649715900421143, "jp_fx": 20.078994750976562, "kr_fx": 11.640106201171875}
[Validation] per_target_lag_mae_json={"us_Trade Weighted Dollar Index": 0.5704948902130127, "jp_fx": 1.900692343711853, "kr_fx": 10.027377128601074}
[Validation] per_target_dir_mismatch_json={"us_Trade Weighted Dollar Index": 0.6363636363636364, "jp_fx": 0.6363636363636364, "kr_fx": 0.5454545454545454}
| end of epoch  20 | time:  5.23s | train_loss 0.0177 | valid rse 11.9250 | valid rae 14.8438 | valid corr  0.3350 | valid smape  0.3128 | focus_rrse 12.1229 | obj 12.1229
Experiment: 1
Iter: 0
epoch: 21
hp= [1, 0.00017, 32, 128, 256, 1024, 30, 0.02, 2, 40, 0.6, 0.1, 2, 21]
best sum= 26.433835883938464
best rrse= 11.924978343523954
best rrae= 14.843822501228034
best corr= 0.33496496
best smape= 0.31279348674823626
best objective= 12.122939109802246
best hps= [1, 0.00017, 32, 128, 256, 1024, 30, 0.02, 2, 40, 0.6, 0.1, 2, 1]
best test rse= 5.629208791491377
best test corr= 0.17849815
[Target-Weighted Loss] weights applied: {'us_Trade Weighted Dollar Index': 70.0, 'kr_fx': 70.0, 'jp_fx': 70.0}
[Target-Only Loss] enabled for columns: ['us_Trade Weighted Dollar Index', 'jp_fx', 'kr_fx']
[Bias Penalty] enabled lambda=0.35 scope=focus cols=['us_Trade Weighted Dollar Index', 'jp_fx', 'kr_fx']
iter:  0 | loss: 0.020
iter:  1 | loss: 0.014
iter:  2 | loss: 0.056
iter:  3 | loss: 0.025
iter:  4 | loss: 0.017
iter:  5 | loss: 0.010
iter:  6 | loss: 0.009
iter:  7 | loss: 0.022
iter:  8 | loss: 0.016
iter:  9 | loss: 0.022
iter: 10 | loss: 0.014
iter: 11 | loss: 0.010
iter: 12 | loss: 0.016
iter: 13 | loss: 0.013
iter: 14 | loss: 0.009
iter: 15 | loss: 0.010
iter: 16 | loss: 0.010
iter: 17 | loss: 0.033
iter: 18 | loss: 0.019
iter: 19 | loss: 0.011
iter: 20 | loss: 0.019
iter: 21 | loss: 0.022
iter: 22 | loss: 0.027
iter: 23 | loss: 0.015
testing r= 5
rrse(target)=415.89493114247017 / 34.87594854780834 | rrse(all)=57851525264241.16 / 34622966134154.824 | report_mode=targets
[Validation] per_target_rrse_json={"us_Trade Weighted Dollar Index": 4.649715900421143, "jp_fx": 20.078994750976562, "kr_fx": 11.640106201171875}
[Validation] per_target_lag_mae_json={"us_Trade Weighted Dollar Index": 0.5704948902130127, "jp_fx": 1.900692343711853, "kr_fx": 10.027377128601074}
[Validation] per_target_dir_mismatch_json={"us_Trade Weighted Dollar Index": 0.6363636363636364, "jp_fx": 0.6363636363636364, "kr_fx": 0.5454545454545454}
| end of epoch  21 | time:  5.14s | train_loss 0.0183 | valid rse 11.9250 | valid rae 14.8438 | valid corr  0.3350 | valid smape  0.3128 | focus_rrse 12.1229 | obj 12.1229
Experiment: 1
Iter: 0
epoch: 22
hp= [1, 0.00017, 32, 128, 256, 1024, 30, 0.02, 2, 40, 0.6, 0.1, 2, 22]
best sum= 26.433835883938464
best rrse= 11.924978343523954
best rrae= 14.843822501228034
best corr= 0.33496496
best smape= 0.31279348674823626
best objective= 12.122939109802246
best hps= [1, 0.00017, 32, 128, 256, 1024, 30, 0.02, 2, 40, 0.6, 0.1, 2, 1]
best test rse= 5.629208791491377
best test corr= 0.17849815
[Target-Weighted Loss] weights applied: {'us_Trade Weighted Dollar Index': 70.0, 'kr_fx': 70.0, 'jp_fx': 70.0}
[Target-Only Loss] enabled for columns: ['us_Trade Weighted Dollar Index', 'jp_fx', 'kr_fx']
[Bias Penalty] enabled lambda=0.35 scope=focus cols=['us_Trade Weighted Dollar Index', 'jp_fx', 'kr_fx']
iter:  0 | loss: 0.013
iter:  1 | loss: 0.020
iter:  2 | loss: 0.012
iter:  3 | loss: 0.016
iter:  4 | loss: 0.017
iter:  5 | loss: 0.040
iter:  6 | loss: 0.011
iter:  7 | loss: 0.015
iter:  8 | loss: 0.016
iter:  9 | loss: 0.028
iter: 10 | loss: 0.010
iter: 11 | loss: 0.024
iter: 12 | loss: 0.011
iter: 13 | loss: 0.011
iter: 14 | loss: 0.033
iter: 15 | loss: 0.033
iter: 16 | loss: 0.031
iter: 17 | loss: 0.010
iter: 18 | loss: 0.008
iter: 19 | loss: 0.008
iter: 20 | loss: 0.014
iter: 21 | loss: 0.016
iter: 22 | loss: 0.022
iter: 23 | loss: 0.011
testing r= 5
rrse(target)=415.89493114247017 / 34.87594854780834 | rrse(all)=57851525264241.16 / 34622966134154.824 | report_mode=targets
[Validation] per_target_rrse_json={"us_Trade Weighted Dollar Index": 4.649715900421143, "jp_fx": 20.078994750976562, "kr_fx": 11.640106201171875}
[Validation] per_target_lag_mae_json={"us_Trade Weighted Dollar Index": 0.5704948902130127, "jp_fx": 1.900692343711853, "kr_fx": 10.027377128601074}
[Validation] per_target_dir_mismatch_json={"us_Trade Weighted Dollar Index": 0.6363636363636364, "jp_fx": 0.6363636363636364, "kr_fx": 0.5454545454545454}
| end of epoch  22 | time:  5.24s | train_loss 0.0179 | valid rse 11.9250 | valid rae 14.8438 | valid corr  0.3350 | valid smape  0.3128 | focus_rrse 12.1229 | obj 12.1229
Experiment: 1
Iter: 0
epoch: 23
hp= [1, 0.00017, 32, 128, 256, 1024, 30, 0.02, 2, 40, 0.6, 0.1, 2, 23]
best sum= 26.433835883938464
best rrse= 11.924978343523954
best rrae= 14.843822501228034
best corr= 0.33496496
best smape= 0.31279348674823626
best objective= 12.122939109802246
best hps= [1, 0.00017, 32, 128, 256, 1024, 30, 0.02, 2, 40, 0.6, 0.1, 2, 1]
best test rse= 5.629208791491377
best test corr= 0.17849815
[Target-Weighted Loss] weights applied: {'us_Trade Weighted Dollar Index': 70.0, 'kr_fx': 70.0, 'jp_fx': 70.0}
[Target-Only Loss] enabled for columns: ['us_Trade Weighted Dollar Index', 'jp_fx', 'kr_fx']
[Bias Penalty] enabled lambda=0.35 scope=focus cols=['us_Trade Weighted Dollar Index', 'jp_fx', 'kr_fx']
iter:  0 | loss: 0.039
iter:  1 | loss: 0.013
iter:  2 | loss: 0.007
iter:  3 | loss: 0.031
iter:  4 | loss: 0.016
iter:  5 | loss: 0.014
iter:  6 | loss: 0.016
iter:  7 | loss: 0.018
iter:  8 | loss: 0.022
iter:  9 | loss: 0.021
iter: 10 | loss: 0.022
iter: 11 | loss: 0.032
iter: 12 | loss: 0.022
iter: 13 | loss: 0.017
iter: 14 | loss: 0.011
iter: 15 | loss: 0.010
iter: 16 | loss: 0.014
iter: 17 | loss: 0.014
iter: 18 | loss: 0.011
iter: 19 | loss: 0.015
iter: 20 | loss: 0.011
iter: 21 | loss: 0.013
iter: 22 | loss: 0.030
iter: 23 | loss: 0.012
testing r= 5
rrse(target)=415.89493114247017 / 34.87594854780834 | rrse(all)=57851525264241.16 / 34622966134154.824 | report_mode=targets
[Validation] per_target_rrse_json={"us_Trade Weighted Dollar Index": 4.649715900421143, "jp_fx": 20.078994750976562, "kr_fx": 11.640106201171875}
[Validation] per_target_lag_mae_json={"us_Trade Weighted Dollar Index": 0.5704948902130127, "jp_fx": 1.900692343711853, "kr_fx": 10.027377128601074}
[Validation] per_target_dir_mismatch_json={"us_Trade Weighted Dollar Index": 0.6363636363636364, "jp_fx": 0.6363636363636364, "kr_fx": 0.5454545454545454}
| end of epoch  23 | time:  5.33s | train_loss 0.0181 | valid rse 11.9250 | valid rae 14.8438 | valid corr  0.3350 | valid smape  0.3128 | focus_rrse 12.1229 | obj 12.1229
Experiment: 1
Iter: 0
epoch: 24
hp= [1, 0.00017, 32, 128, 256, 1024, 30, 0.02, 2, 40, 0.6, 0.1, 2, 24]
best sum= 26.433835883938464
best rrse= 11.924978343523954
best rrae= 14.843822501228034
best corr= 0.33496496
best smape= 0.31279348674823626
best objective= 12.122939109802246
best hps= [1, 0.00017, 32, 128, 256, 1024, 30, 0.02, 2, 40, 0.6, 0.1, 2, 1]
best test rse= 5.629208791491377
best test corr= 0.17849815
[Target-Weighted Loss] weights applied: {'us_Trade Weighted Dollar Index': 70.0, 'kr_fx': 70.0, 'jp_fx': 70.0}
[Target-Only Loss] enabled for columns: ['us_Trade Weighted Dollar Index', 'jp_fx', 'kr_fx']
[Bias Penalty] enabled lambda=0.35 scope=focus cols=['us_Trade Weighted Dollar Index', 'jp_fx', 'kr_fx']
iter:  0 | loss: 0.018
iter:  1 | loss: 0.014
iter:  2 | loss: 0.031
iter:  3 | loss: 0.024
iter:  4 | loss: 0.016
iter:  5 | loss: 0.026
iter:  6 | loss: 0.011
iter:  7 | loss: 0.011
iter:  8 | loss: 0.012
iter:  9 | loss: 0.011
iter: 10 | loss: 0.016
iter: 11 | loss: 0.012
iter: 12 | loss: 0.010
iter: 13 | loss: 0.013
iter: 14 | loss: 0.016
iter: 15 | loss: 0.021
iter: 16 | loss: 0.016
iter: 17 | loss: 0.023
iter: 18 | loss: 0.034
iter: 19 | loss: 0.019
iter: 20 | loss: 0.023
iter: 21 | loss: 0.024
iter: 22 | loss: 0.014
iter: 23 | loss: 0.008
testing r= 5
rrse(target)=415.89493114247017 / 34.87594854780834 | rrse(all)=57851525264241.16 / 34622966134154.824 | report_mode=targets
[Validation] per_target_rrse_json={"us_Trade Weighted Dollar Index": 4.649715900421143, "jp_fx": 20.078994750976562, "kr_fx": 11.640106201171875}
[Validation] per_target_lag_mae_json={"us_Trade Weighted Dollar Index": 0.5704948902130127, "jp_fx": 1.900692343711853, "kr_fx": 10.027377128601074}
[Validation] per_target_dir_mismatch_json={"us_Trade Weighted Dollar Index": 0.6363636363636364, "jp_fx": 0.6363636363636364, "kr_fx": 0.5454545454545454}
| end of epoch  24 | time:  5.47s | train_loss 0.0177 | valid rse 11.9250 | valid rae 14.8438 | valid corr  0.3350 | valid smape  0.3128 | focus_rrse 12.1229 | obj 12.1229
Experiment: 1
Iter: 0
epoch: 25
hp= [1, 0.00017, 32, 128, 256, 1024, 30, 0.02, 2, 40, 0.6, 0.1, 2, 25]
best sum= 26.433835883938464
best rrse= 11.924978343523954
best rrae= 14.843822501228034
best corr= 0.33496496
best smape= 0.31279348674823626
best objective= 12.122939109802246
best hps= [1, 0.00017, 32, 128, 256, 1024, 30, 0.02, 2, 40, 0.6, 0.1, 2, 1]
best test rse= 5.629208791491377
best test corr= 0.17849815
[Target-Weighted Loss] weights applied: {'us_Trade Weighted Dollar Index': 70.0, 'kr_fx': 70.0, 'jp_fx': 70.0}
[Target-Only Loss] enabled for columns: ['us_Trade Weighted Dollar Index', 'jp_fx', 'kr_fx']
[Bias Penalty] enabled lambda=0.35 scope=focus cols=['us_Trade Weighted Dollar Index', 'jp_fx', 'kr_fx']
iter:  0 | loss: 0.026
iter:  1 | loss: 0.012
iter:  2 | loss: 0.046
iter:  3 | loss: 0.035
iter:  4 | loss: 0.013
iter:  5 | loss: 0.012
iter:  6 | loss: 0.025
iter:  7 | loss: 0.012
iter:  8 | loss: 0.009
iter:  9 | loss: 0.011
iter: 10 | loss: 0.013
iter: 11 | loss: 0.016
iter: 12 | loss: 0.021
iter: 13 | loss: 0.016
iter: 14 | loss: 0.010
iter: 15 | loss: 0.034
iter: 16 | loss: 0.013
iter: 17 | loss: 0.009
iter: 18 | loss: 0.017
iter: 19 | loss: 0.011
iter: 20 | loss: 0.024
iter: 21 | loss: 0.012
iter: 22 | loss: 0.014
iter: 23 | loss: 0.025
testing r= 5
rrse(target)=415.89493114247017 / 34.87594854780834 | rrse(all)=57851525264241.16 / 34622966134154.824 | report_mode=targets
[Validation] per_target_rrse_json={"us_Trade Weighted Dollar Index": 4.649715900421143, "jp_fx": 20.078994750976562, "kr_fx": 11.640106201171875}
[Validation] per_target_lag_mae_json={"us_Trade Weighted Dollar Index": 0.5704948902130127, "jp_fx": 1.900692343711853, "kr_fx": 10.027377128601074}
[Validation] per_target_dir_mismatch_json={"us_Trade Weighted Dollar Index": 0.6363636363636364, "jp_fx": 0.6363636363636364, "kr_fx": 0.5454545454545454}
| end of epoch  25 | time:  5.44s | train_loss 0.0180 | valid rse 11.9250 | valid rae 14.8438 | valid corr  0.3350 | valid smape  0.3128 | focus_rrse 12.1229 | obj 12.1229
Experiment: 1
Iter: 0
epoch: 26
hp= [1, 0.00017, 32, 128, 256, 1024, 30, 0.02, 2, 40, 0.6, 0.1, 2, 26]
best sum= 26.433835883938464
best rrse= 11.924978343523954
best rrae= 14.843822501228034
best corr= 0.33496496
best smape= 0.31279348674823626
best objective= 12.122939109802246
best hps= [1, 0.00017, 32, 128, 256, 1024, 30, 0.02, 2, 40, 0.6, 0.1, 2, 1]
best test rse= 5.629208791491377
best test corr= 0.17849815
[Target-Weighted Loss] weights applied: {'us_Trade Weighted Dollar Index': 70.0, 'kr_fx': 70.0, 'jp_fx': 70.0}
[Target-Only Loss] enabled for columns: ['us_Trade Weighted Dollar Index', 'jp_fx', 'kr_fx']
[Bias Penalty] enabled lambda=0.35 scope=focus cols=['us_Trade Weighted Dollar Index', 'jp_fx', 'kr_fx']
iter:  0 | loss: 0.018
iter:  1 | loss: 0.018
iter:  2 | loss: 0.012
iter:  3 | loss: 0.018
iter:  4 | loss: 0.008
iter:  5 | loss: 0.014
iter:  6 | loss: 0.009
iter:  7 | loss: 0.024
iter:  8 | loss: 0.018
iter:  9 | loss: 0.023
iter: 10 | loss: 0.011
iter: 11 | loss: 0.019
iter: 12 | loss: 0.008
iter: 13 | loss: 0.034
iter: 14 | loss: 0.017
iter: 15 | loss: 0.012
iter: 16 | loss: 0.028
iter: 17 | loss: 0.022
iter: 18 | loss: 0.028
iter: 19 | loss: 0.009
iter: 20 | loss: 0.027
iter: 21 | loss: 0.021
iter: 22 | loss: 0.011
iter: 23 | loss: 0.014
testing r= 5
rrse(target)=415.89493114247017 / 34.87594854780834 | rrse(all)=57851525264241.16 / 34622966134154.824 | report_mode=targets
[Validation] per_target_rrse_json={"us_Trade Weighted Dollar Index": 4.649715900421143, "jp_fx": 20.078994750976562, "kr_fx": 11.640106201171875}
[Validation] per_target_lag_mae_json={"us_Trade Weighted Dollar Index": 0.5704948902130127, "jp_fx": 1.900692343711853, "kr_fx": 10.027377128601074}
[Validation] per_target_dir_mismatch_json={"us_Trade Weighted Dollar Index": 0.6363636363636364, "jp_fx": 0.6363636363636364, "kr_fx": 0.5454545454545454}
| end of epoch  26 | time:  5.90s | train_loss 0.0176 | valid rse 11.9250 | valid rae 14.8438 | valid corr  0.3350 | valid smape  0.3128 | focus_rrse 12.1229 | obj 12.1229
Experiment: 1
Iter: 0
epoch: 27
hp= [1, 0.00017, 32, 128, 256, 1024, 30, 0.02, 2, 40, 0.6, 0.1, 2, 27]
best sum= 26.433835883938464
best rrse= 11.924978343523954
best rrae= 14.843822501228034
best corr= 0.33496496
best smape= 0.31279348674823626
best objective= 12.122939109802246
best hps= [1, 0.00017, 32, 128, 256, 1024, 30, 0.02, 2, 40, 0.6, 0.1, 2, 1]
best test rse= 5.629208791491377
best test corr= 0.17849815
[Target-Weighted Loss] weights applied: {'us_Trade Weighted Dollar Index': 70.0, 'kr_fx': 70.0, 'jp_fx': 70.0}
[Target-Only Loss] enabled for columns: ['us_Trade Weighted Dollar Index', 'jp_fx', 'kr_fx']
[Bias Penalty] enabled lambda=0.35 scope=focus cols=['us_Trade Weighted Dollar Index', 'jp_fx', 'kr_fx']
iter:  0 | loss: 0.009
iter:  1 | loss: 0.019
iter:  2 | loss: 0.020
iter:  3 | loss: 0.009
iter:  4 | loss: 0.010
iter:  5 | loss: 0.040
iter:  6 | loss: 0.020
iter:  7 | loss: 0.013
iter:  8 | loss: 0.010
iter:  9 | loss: 0.020
iter: 10 | loss: 0.015
iter: 11 | loss: 0.027
iter: 12 | loss: 0.021
iter: 13 | loss: 0.019
iter: 14 | loss: 0.010
iter: 15 | loss: 0.011
iter: 16 | loss: 0.025
iter: 17 | loss: 0.026
iter: 18 | loss: 0.011
iter: 19 | loss: 0.010
iter: 20 | loss: 0.030
iter: 21 | loss: 0.024
iter: 22 | loss: 0.014
iter: 23 | loss: 0.019
testing r= 5
rrse(target)=415.89493114247017 / 34.87594854780834 | rrse(all)=57851525264241.16 / 34622966134154.824 | report_mode=targets
[Validation] per_target_rrse_json={"us_Trade Weighted Dollar Index": 4.649715900421143, "jp_fx": 20.078994750976562, "kr_fx": 11.640106201171875}
[Validation] per_target_lag_mae_json={"us_Trade Weighted Dollar Index": 0.5704948902130127, "jp_fx": 1.900692343711853, "kr_fx": 10.027377128601074}
[Validation] per_target_dir_mismatch_json={"us_Trade Weighted Dollar Index": 0.6363636363636364, "jp_fx": 0.6363636363636364, "kr_fx": 0.5454545454545454}
| end of epoch  27 | time:  5.60s | train_loss 0.0180 | valid rse 11.9250 | valid rae 14.8438 | valid corr  0.3350 | valid smape  0.3128 | focus_rrse 12.1229 | obj 12.1229
Experiment: 1
Iter: 0
epoch: 28
hp= [1, 0.00017, 32, 128, 256, 1024, 30, 0.02, 2, 40, 0.6, 0.1, 2, 28]
best sum= 26.433835883938464
best rrse= 11.924978343523954
best rrae= 14.843822501228034
best corr= 0.33496496
best smape= 0.31279348674823626
best objective= 12.122939109802246
best hps= [1, 0.00017, 32, 128, 256, 1024, 30, 0.02, 2, 40, 0.6, 0.1, 2, 1]
best test rse= 5.629208791491377
best test corr= 0.17849815
[Target-Weighted Loss] weights applied: {'us_Trade Weighted Dollar Index': 70.0, 'kr_fx': 70.0, 'jp_fx': 70.0}
[Target-Only Loss] enabled for columns: ['us_Trade Weighted Dollar Index', 'jp_fx', 'kr_fx']
[Bias Penalty] enabled lambda=0.35 scope=focus cols=['us_Trade Weighted Dollar Index', 'jp_fx', 'kr_fx']
iter:  0 | loss: 0.041
iter:  1 | loss: 0.009
iter:  2 | loss: 0.012
iter:  3 | loss: 0.019
iter:  4 | loss: 0.026
iter:  5 | loss: 0.024
iter:  6 | loss: 0.013
iter:  7 | loss: 0.010
iter:  8 | loss: 0.012
iter:  9 | loss: 0.012
iter: 10 | loss: 0.022
iter: 11 | loss: 0.010
iter: 12 | loss: 0.009
iter: 13 | loss: 0.017
iter: 14 | loss: 0.013
iter: 15 | loss: 0.018
iter: 16 | loss: 0.009
iter: 17 | loss: 0.026
iter: 18 | loss: 0.038
iter: 19 | loss: 0.018
iter: 20 | loss: 0.021
iter: 21 | loss: 0.011
iter: 22 | loss: 0.020
iter: 23 | loss: 0.025
testing r= 5
rrse(target)=415.89493114247017 / 34.87594854780834 | rrse(all)=57851525264241.16 / 34622966134154.824 | report_mode=targets
[Validation] per_target_rrse_json={"us_Trade Weighted Dollar Index": 4.649715900421143, "jp_fx": 20.078994750976562, "kr_fx": 11.640106201171875}
[Validation] per_target_lag_mae_json={"us_Trade Weighted Dollar Index": 0.5704948902130127, "jp_fx": 1.900692343711853, "kr_fx": 10.027377128601074}
[Validation] per_target_dir_mismatch_json={"us_Trade Weighted Dollar Index": 0.6363636363636364, "jp_fx": 0.6363636363636364, "kr_fx": 0.5454545454545454}
| end of epoch  28 | time:  5.88s | train_loss 0.0179 | valid rse 11.9250 | valid rae 14.8438 | valid corr  0.3350 | valid smape  0.3128 | focus_rrse 12.1229 | obj 12.1229
Experiment: 1
Iter: 0
epoch: 29
hp= [1, 0.00017, 32, 128, 256, 1024, 30, 0.02, 2, 40, 0.6, 0.1, 2, 29]
best sum= 26.433835883938464
best rrse= 11.924978343523954
best rrae= 14.843822501228034
best corr= 0.33496496
best smape= 0.31279348674823626
best objective= 12.122939109802246
best hps= [1, 0.00017, 32, 128, 256, 1024, 30, 0.02, 2, 40, 0.6, 0.1, 2, 1]
best test rse= 5.629208791491377
best test corr= 0.17849815
[Target-Weighted Loss] weights applied: {'us_Trade Weighted Dollar Index': 70.0, 'kr_fx': 70.0, 'jp_fx': 70.0}
[Target-Only Loss] enabled for columns: ['us_Trade Weighted Dollar Index', 'jp_fx', 'kr_fx']
[Bias Penalty] enabled lambda=0.35 scope=focus cols=['us_Trade Weighted Dollar Index', 'jp_fx', 'kr_fx']
iter:  0 | loss: 0.022
iter:  1 | loss: 0.024
iter:  2 | loss: 0.024
iter:  3 | loss: 0.012
iter:  4 | loss: 0.034
iter:  5 | loss: 0.014
iter:  6 | loss: 0.024
iter:  7 | loss: 0.025
iter:  8 | loss: 0.019
iter:  9 | loss: 0.019
iter: 10 | loss: 0.011
iter: 11 | loss: 0.014
iter: 12 | loss: 0.016
iter: 13 | loss: 0.019
iter: 14 | loss: 0.015
iter: 15 | loss: 0.011
iter: 16 | loss: 0.010
iter: 17 | loss: 0.009
iter: 18 | loss: 0.011
iter: 19 | loss: 0.012
iter: 20 | loss: 0.030
iter: 21 | loss: 0.018
iter: 22 | loss: 0.017
iter: 23 | loss: 0.013
testing r= 5
rrse(target)=415.89493114247017 / 34.87594854780834 | rrse(all)=57851525264241.16 / 34622966134154.824 | report_mode=targets
[Validation] per_target_rrse_json={"us_Trade Weighted Dollar Index": 4.649715900421143, "jp_fx": 20.078994750976562, "kr_fx": 11.640106201171875}
[Validation] per_target_lag_mae_json={"us_Trade Weighted Dollar Index": 0.5704948902130127, "jp_fx": 1.900692343711853, "kr_fx": 10.027377128601074}
[Validation] per_target_dir_mismatch_json={"us_Trade Weighted Dollar Index": 0.6363636363636364, "jp_fx": 0.6363636363636364, "kr_fx": 0.5454545454545454}
| end of epoch  29 | time:  5.44s | train_loss 0.0177 | valid rse 11.9250 | valid rae 14.8438 | valid corr  0.3350 | valid smape  0.3128 | focus_rrse 12.1229 | obj 12.1229
Experiment: 1
Iter: 0
epoch: 30
hp= [1, 0.00017, 32, 128, 256, 1024, 30, 0.02, 2, 40, 0.6, 0.1, 2, 30]
best sum= 26.433835883938464
best rrse= 11.924978343523954
best rrae= 14.843822501228034
best corr= 0.33496496
best smape= 0.31279348674823626
best objective= 12.122939109802246
best hps= [1, 0.00017, 32, 128, 256, 1024, 30, 0.02, 2, 40, 0.6, 0.1, 2, 1]
best test rse= 5.629208791491377
best test corr= 0.17849815
[Target-Weighted Loss] weights applied: {'us_Trade Weighted Dollar Index': 70.0, 'kr_fx': 70.0, 'jp_fx': 70.0}
[Target-Only Loss] enabled for columns: ['us_Trade Weighted Dollar Index', 'jp_fx', 'kr_fx']
[Bias Penalty] enabled lambda=0.35 scope=focus cols=['us_Trade Weighted Dollar Index', 'jp_fx', 'kr_fx']
iter:  0 | loss: 0.011
iter:  1 | loss: 0.015
iter:  2 | loss: 0.015
iter:  3 | loss: 0.011
iter:  4 | loss: 0.020
iter:  5 | loss: 0.020
iter:  6 | loss: 0.013
iter:  7 | loss: 0.039
iter:  8 | loss: 0.011
iter:  9 | loss: 0.040
iter: 10 | loss: 0.034
iter: 11 | loss: 0.034
iter: 12 | loss: 0.007
iter: 13 | loss: 0.017
iter: 14 | loss: 0.011
iter: 15 | loss: 0.017
iter: 16 | loss: 0.012
iter: 17 | loss: 0.012
iter: 18 | loss: 0.011
iter: 19 | loss: 0.021
iter: 20 | loss: 0.014
iter: 21 | loss: 0.020
iter: 22 | loss: 0.009
iter: 23 | loss: 0.019
testing r= 5
rrse(target)=415.89493114247017 / 34.87594854780834 | rrse(all)=57851525264241.16 / 34622966134154.824 | report_mode=targets
[Validation] per_target_rrse_json={"us_Trade Weighted Dollar Index": 4.649715900421143, "jp_fx": 20.078994750976562, "kr_fx": 11.640106201171875}
[Validation] per_target_lag_mae_json={"us_Trade Weighted Dollar Index": 0.5704948902130127, "jp_fx": 1.900692343711853, "kr_fx": 10.027377128601074}
[Validation] per_target_dir_mismatch_json={"us_Trade Weighted Dollar Index": 0.6363636363636364, "jp_fx": 0.6363636363636364, "kr_fx": 0.5454545454545454}
| end of epoch  30 | time:  5.38s | train_loss 0.0180 | valid rse 11.9250 | valid rae 14.8438 | valid corr  0.3350 | valid smape  0.3128 | focus_rrse 12.1229 | obj 12.1229
Experiment: 1
Iter: 0
epoch: 31
hp= [1, 0.00017, 32, 128, 256, 1024, 30, 0.02, 2, 40, 0.6, 0.1, 2, 31]
best sum= 26.433835883938464
best rrse= 11.924978343523954
best rrae= 14.843822501228034
best corr= 0.33496496
best smape= 0.31279348674823626
best objective= 12.122939109802246
best hps= [1, 0.00017, 32, 128, 256, 1024, 30, 0.02, 2, 40, 0.6, 0.1, 2, 1]
best test rse= 5.629208791491377
best test corr= 0.17849815
[Target-Weighted Loss] weights applied: {'us_Trade Weighted Dollar Index': 70.0, 'kr_fx': 70.0, 'jp_fx': 70.0}
[Target-Only Loss] enabled for columns: ['us_Trade Weighted Dollar Index', 'jp_fx', 'kr_fx']
[Bias Penalty] enabled lambda=0.35 scope=focus cols=['us_Trade Weighted Dollar Index', 'jp_fx', 'kr_fx']
iter:  0 | loss: 0.010
iter:  1 | loss: 0.013
iter:  2 | loss: 0.010
iter:  3 | loss: 0.019
iter:  4 | loss: 0.022
iter:  5 | loss: 0.020
iter:  6 | loss: 0.009
iter:  7 | loss: 0.042
iter:  8 | loss: 0.021
iter:  9 | loss: 0.016
iter: 10 | loss: 0.039
iter: 11 | loss: 0.026
iter: 12 | loss: 0.015
iter: 13 | loss: 0.020
iter: 14 | loss: 0.009
iter: 15 | loss: 0.011
iter: 16 | loss: 0.011
iter: 17 | loss: 0.013
iter: 18 | loss: 0.009
iter: 19 | loss: 0.009
iter: 20 | loss: 0.016
iter: 21 | loss: 0.045
iter: 22 | loss: 0.009
iter: 23 | loss: 0.029
testing r= 5
rrse(target)=415.89493114247017 / 34.87594854780834 | rrse(all)=57851525264241.16 / 34622966134154.824 | report_mode=targets
[Validation] per_target_rrse_json={"us_Trade Weighted Dollar Index": 4.649715900421143, "jp_fx": 20.078994750976562, "kr_fx": 11.640106201171875}
[Validation] per_target_lag_mae_json={"us_Trade Weighted Dollar Index": 0.5704948902130127, "jp_fx": 1.900692343711853, "kr_fx": 10.027377128601074}
[Validation] per_target_dir_mismatch_json={"us_Trade Weighted Dollar Index": 0.6363636363636364, "jp_fx": 0.6363636363636364, "kr_fx": 0.5454545454545454}
| end of epoch  31 | time:  5.46s | train_loss 0.0183 | valid rse 11.9250 | valid rae 14.8438 | valid corr  0.3350 | valid smape  0.3128 | focus_rrse 12.1229 | obj 12.1229
Experiment: 1
Iter: 0
epoch: 32
hp= [1, 0.00017, 32, 128, 256, 1024, 30, 0.02, 2, 40, 0.6, 0.1, 2, 32]
best sum= 26.433835883938464
best rrse= 11.924978343523954
best rrae= 14.843822501228034
best corr= 0.33496496
best smape= 0.31279348674823626
best objective= 12.122939109802246
best hps= [1, 0.00017, 32, 128, 256, 1024, 30, 0.02, 2, 40, 0.6, 0.1, 2, 1]
best test rse= 5.629208791491377
best test corr= 0.17849815
[Target-Weighted Loss] weights applied: {'us_Trade Weighted Dollar Index': 70.0, 'kr_fx': 70.0, 'jp_fx': 70.0}
[Target-Only Loss] enabled for columns: ['us_Trade Weighted Dollar Index', 'jp_fx', 'kr_fx']
[Bias Penalty] enabled lambda=0.35 scope=focus cols=['us_Trade Weighted Dollar Index', 'jp_fx', 'kr_fx']
iter:  0 | loss: 0.010
iter:  1 | loss: 0.033
iter:  2 | loss: 0.027
iter:  3 | loss: 0.027
iter:  4 | loss: 0.011
iter:  5 | loss: 0.007
iter:  6 | loss: 0.009
iter:  7 | loss: 0.009
iter:  8 | loss: 0.008
iter:  9 | loss: 0.016
iter: 10 | loss: 0.011
iter: 11 | loss: 0.013
iter: 12 | loss: 0.034
iter: 13 | loss: 0.011
iter: 14 | loss: 0.007
iter: 15 | loss: 0.018
iter: 16 | loss: 0.012
iter: 17 | loss: 0.026
iter: 18 | loss: 0.008
iter: 19 | loss: 0.048
iter: 20 | loss: 0.044
iter: 21 | loss: 0.029
iter: 22 | loss: 0.010
iter: 23 | loss: 0.019
testing r= 5
rrse(target)=415.89493114247017 / 34.87594854780834 | rrse(all)=57851525264241.16 / 34622966134154.824 | report_mode=targets
[Validation] per_target_rrse_json={"us_Trade Weighted Dollar Index": 4.649715900421143, "jp_fx": 20.078994750976562, "kr_fx": 11.640106201171875}
[Validation] per_target_lag_mae_json={"us_Trade Weighted Dollar Index": 0.5704948902130127, "jp_fx": 1.900692343711853, "kr_fx": 10.027377128601074}
[Validation] per_target_dir_mismatch_json={"us_Trade Weighted Dollar Index": 0.6363636363636364, "jp_fx": 0.6363636363636364, "kr_fx": 0.5454545454545454}
| end of epoch  32 | time:  5.55s | train_loss 0.0187 | valid rse 11.9250 | valid rae 14.8438 | valid corr  0.3350 | valid smape  0.3128 | focus_rrse 12.1229 | obj 12.1229
Experiment: 1
Iter: 0
epoch: 33
hp= [1, 0.00017, 32, 128, 256, 1024, 30, 0.02, 2, 40, 0.6, 0.1, 2, 33]
best sum= 26.433835883938464
best rrse= 11.924978343523954
best rrae= 14.843822501228034
best corr= 0.33496496
best smape= 0.31279348674823626
best objective= 12.122939109802246
best hps= [1, 0.00017, 32, 128, 256, 1024, 30, 0.02, 2, 40, 0.6, 0.1, 2, 1]
best test rse= 5.629208791491377
best test corr= 0.17849815
[Target-Weighted Loss] weights applied: {'us_Trade Weighted Dollar Index': 70.0, 'kr_fx': 70.0, 'jp_fx': 70.0}
[Target-Only Loss] enabled for columns: ['us_Trade Weighted Dollar Index', 'jp_fx', 'kr_fx']
[Bias Penalty] enabled lambda=0.35 scope=focus cols=['us_Trade Weighted Dollar Index', 'jp_fx', 'kr_fx']
iter:  0 | loss: 0.021
iter:  1 | loss: 0.010
iter:  2 | loss: 0.012
iter:  3 | loss: 0.018
iter:  4 | loss: 0.016
iter:  5 | loss: 0.016
iter:  6 | loss: 0.024
iter:  7 | loss: 0.010
iter:  8 | loss: 0.013
iter:  9 | loss: 0.023
iter: 10 | loss: 0.009
iter: 11 | loss: 0.012
iter: 12 | loss: 0.017
iter: 13 | loss: 0.034
iter: 14 | loss: 0.010
iter: 15 | loss: 0.011
iter: 16 | loss: 0.029
iter: 17 | loss: 0.013
iter: 18 | loss: 0.012
iter: 19 | loss: 0.030
iter: 20 | loss: 0.022
iter: 21 | loss: 0.033
iter: 22 | loss: 0.017
iter: 23 | loss: 0.021
testing r= 5
rrse(target)=415.89493114247017 / 34.87594854780834 | rrse(all)=57851525264241.16 / 34622966134154.824 | report_mode=targets
[Validation] per_target_rrse_json={"us_Trade Weighted Dollar Index": 4.649715900421143, "jp_fx": 20.078994750976562, "kr_fx": 11.640106201171875}
[Validation] per_target_lag_mae_json={"us_Trade Weighted Dollar Index": 0.5704948902130127, "jp_fx": 1.900692343711853, "kr_fx": 10.027377128601074}
[Validation] per_target_dir_mismatch_json={"us_Trade Weighted Dollar Index": 0.6363636363636364, "jp_fx": 0.6363636363636364, "kr_fx": 0.5454545454545454}
| end of epoch  33 | time:  5.71s | train_loss 0.0180 | valid rse 11.9250 | valid rae 14.8438 | valid corr  0.3350 | valid smape  0.3128 | focus_rrse 12.1229 | obj 12.1229
Experiment: 1
Iter: 0
epoch: 34
hp= [1, 0.00017, 32, 128, 256, 1024, 30, 0.02, 2, 40, 0.6, 0.1, 2, 34]
best sum= 26.433835883938464
best rrse= 11.924978343523954
best rrae= 14.843822501228034
best corr= 0.33496496
best smape= 0.31279348674823626
best objective= 12.122939109802246
best hps= [1, 0.00017, 32, 128, 256, 1024, 30, 0.02, 2, 40, 0.6, 0.1, 2, 1]
best test rse= 5.629208791491377
best test corr= 0.17849815
[Target-Weighted Loss] weights applied: {'us_Trade Weighted Dollar Index': 70.0, 'kr_fx': 70.0, 'jp_fx': 70.0}
[Target-Only Loss] enabled for columns: ['us_Trade Weighted Dollar Index', 'jp_fx', 'kr_fx']
[Bias Penalty] enabled lambda=0.35 scope=focus cols=['us_Trade Weighted Dollar Index', 'jp_fx', 'kr_fx']
iter:  0 | loss: 0.018
iter:  1 | loss: 0.012
iter:  2 | loss: 0.026
iter:  3 | loss: 0.010
iter:  4 | loss: 0.018
iter:  5 | loss: 0.022
iter:  6 | loss: 0.011
iter:  7 | loss: 0.014
iter:  8 | loss: 0.011
iter:  9 | loss: 0.013
iter: 10 | loss: 0.014
iter: 11 | loss: 0.015
iter: 12 | loss: 0.018
iter: 13 | loss: 0.025
iter: 14 | loss: 0.023
iter: 15 | loss: 0.006
iter: 16 | loss: 0.023
iter: 17 | loss: 0.018
iter: 18 | loss: 0.020
iter: 19 | loss: 0.039
iter: 20 | loss: 0.011
iter: 21 | loss: 0.018
iter: 22 | loss: 0.023
iter: 23 | loss: 0.019
testing r= 5
rrse(target)=415.89493114247017 / 34.87594854780834 | rrse(all)=57851525264241.16 / 34622966134154.824 | report_mode=targets
[Validation] per_target_rrse_json={"us_Trade Weighted Dollar Index": 4.649715900421143, "jp_fx": 20.078994750976562, "kr_fx": 11.640106201171875}
[Validation] per_target_lag_mae_json={"us_Trade Weighted Dollar Index": 0.5704948902130127, "jp_fx": 1.900692343711853, "kr_fx": 10.027377128601074}
[Validation] per_target_dir_mismatch_json={"us_Trade Weighted Dollar Index": 0.6363636363636364, "jp_fx": 0.6363636363636364, "kr_fx": 0.5454545454545454}
| end of epoch  34 | time:  5.40s | train_loss 0.0178 | valid rse 11.9250 | valid rae 14.8438 | valid corr  0.3350 | valid smape  0.3128 | focus_rrse 12.1229 | obj 12.1229
Experiment: 1
Iter: 0
epoch: 35
hp= [1, 0.00017, 32, 128, 256, 1024, 30, 0.02, 2, 40, 0.6, 0.1, 2, 35]
best sum= 26.433835883938464
best rrse= 11.924978343523954
best rrae= 14.843822501228034
best corr= 0.33496496
best smape= 0.31279348674823626
best objective= 12.122939109802246
best hps= [1, 0.00017, 32, 128, 256, 1024, 30, 0.02, 2, 40, 0.6, 0.1, 2, 1]
best test rse= 5.629208791491377
best test corr= 0.17849815
[Target-Weighted Loss] weights applied: {'us_Trade Weighted Dollar Index': 70.0, 'kr_fx': 70.0, 'jp_fx': 70.0}
[Target-Only Loss] enabled for columns: ['us_Trade Weighted Dollar Index', 'jp_fx', 'kr_fx']
[Bias Penalty] enabled lambda=0.35 scope=focus cols=['us_Trade Weighted Dollar Index', 'jp_fx', 'kr_fx']
iter:  0 | loss: 0.009
iter:  1 | loss: 0.008
iter:  2 | loss: 0.028
iter:  3 | loss: 0.034
iter:  4 | loss: 0.027
iter:  5 | loss: 0.023
iter:  6 | loss: 0.012
iter:  7 | loss: 0.011
iter:  8 | loss: 0.010
iter:  9 | loss: 0.012
iter: 10 | loss: 0.013
iter: 11 | loss: 0.023
iter: 12 | loss: 0.012
iter: 13 | loss: 0.036
iter: 14 | loss: 0.031
iter: 15 | loss: 0.021
iter: 16 | loss: 0.016
iter: 17 | loss: 0.010
iter: 18 | loss: 0.012
iter: 19 | loss: 0.012
iter: 20 | loss: 0.018
iter: 21 | loss: 0.019
iter: 22 | loss: 0.022
iter: 23 | loss: 0.013
testing r= 5
rrse(target)=415.89493114247017 / 34.87594854780834 | rrse(all)=57851525264241.16 / 34622966134154.824 | report_mode=targets
[Validation] per_target_rrse_json={"us_Trade Weighted Dollar Index": 4.649715900421143, "jp_fx": 20.078994750976562, "kr_fx": 11.640106201171875}
[Validation] per_target_lag_mae_json={"us_Trade Weighted Dollar Index": 0.5704948902130127, "jp_fx": 1.900692343711853, "kr_fx": 10.027377128601074}
[Validation] per_target_dir_mismatch_json={"us_Trade Weighted Dollar Index": 0.6363636363636364, "jp_fx": 0.6363636363636364, "kr_fx": 0.5454545454545454}
| end of epoch  35 | time:  5.30s | train_loss 0.0180 | valid rse 11.9250 | valid rae 14.8438 | valid corr  0.3350 | valid smape  0.3128 | focus_rrse 12.1229 | obj 12.1229
Experiment: 1
Iter: 0
epoch: 36
hp= [1, 0.00017, 32, 128, 256, 1024, 30, 0.02, 2, 40, 0.6, 0.1, 2, 36]
best sum= 26.433835883938464
best rrse= 11.924978343523954
best rrae= 14.843822501228034
best corr= 0.33496496
best smape= 0.31279348674823626
best objective= 12.122939109802246
best hps= [1, 0.00017, 32, 128, 256, 1024, 30, 0.02, 2, 40, 0.6, 0.1, 2, 1]
best test rse= 5.629208791491377
best test corr= 0.17849815
[Target-Weighted Loss] weights applied: {'us_Trade Weighted Dollar Index': 70.0, 'kr_fx': 70.0, 'jp_fx': 70.0}
[Target-Only Loss] enabled for columns: ['us_Trade Weighted Dollar Index', 'jp_fx', 'kr_fx']
[Bias Penalty] enabled lambda=0.35 scope=focus cols=['us_Trade Weighted Dollar Index', 'jp_fx', 'kr_fx']
iter:  0 | loss: 0.008
iter:  1 | loss: 0.010
iter:  2 | loss: 0.018
iter:  3 | loss: 0.012
iter:  4 | loss: 0.009
iter:  5 | loss: 0.018
iter:  6 | loss: 0.010
iter:  7 | loss: 0.010
iter:  8 | loss: 0.011
iter:  9 | loss: 0.010
iter: 10 | loss: 0.043
iter: 11 | loss: 0.020
iter: 12 | loss: 0.037
iter: 13 | loss: 0.012
iter: 14 | loss: 0.012
iter: 15 | loss: 0.011
iter: 16 | loss: 0.042
iter: 17 | loss: 0.029
iter: 18 | loss: 0.011
iter: 19 | loss: 0.021
iter: 20 | loss: 0.029
iter: 21 | loss: 0.015
iter: 22 | loss: 0.013
iter: 23 | loss: 0.039
testing r= 5
rrse(target)=415.89493114247017 / 34.87594854780834 | rrse(all)=57851525264241.16 / 34622966134154.824 | report_mode=targets
[Validation] per_target_rrse_json={"us_Trade Weighted Dollar Index": 4.649715900421143, "jp_fx": 20.078994750976562, "kr_fx": 11.640106201171875}
[Validation] per_target_lag_mae_json={"us_Trade Weighted Dollar Index": 0.5704948902130127, "jp_fx": 1.900692343711853, "kr_fx": 10.027377128601074}
[Validation] per_target_dir_mismatch_json={"us_Trade Weighted Dollar Index": 0.6363636363636364, "jp_fx": 0.6363636363636364, "kr_fx": 0.5454545454545454}
| end of epoch  36 | time:  5.44s | train_loss 0.0186 | valid rse 11.9250 | valid rae 14.8438 | valid corr  0.3350 | valid smape  0.3128 | focus_rrse 12.1229 | obj 12.1229
Experiment: 1
Iter: 0
epoch: 37
hp= [1, 0.00017, 32, 128, 256, 1024, 30, 0.02, 2, 40, 0.6, 0.1, 2, 37]
best sum= 26.433835883938464
best rrse= 11.924978343523954
best rrae= 14.843822501228034
best corr= 0.33496496
best smape= 0.31279348674823626
best objective= 12.122939109802246
best hps= [1, 0.00017, 32, 128, 256, 1024, 30, 0.02, 2, 40, 0.6, 0.1, 2, 1]
best test rse= 5.629208791491377
best test corr= 0.17849815
[Target-Weighted Loss] weights applied: {'us_Trade Weighted Dollar Index': 70.0, 'kr_fx': 70.0, 'jp_fx': 70.0}
[Target-Only Loss] enabled for columns: ['us_Trade Weighted Dollar Index', 'jp_fx', 'kr_fx']
[Bias Penalty] enabled lambda=0.35 scope=focus cols=['us_Trade Weighted Dollar Index', 'jp_fx', 'kr_fx']
iter:  0 | loss: 0.027
iter:  1 | loss: 0.010
iter:  2 | loss: 0.025
iter:  3 | loss: 0.009
iter:  4 | loss: 0.021
iter:  5 | loss: 0.012
iter:  6 | loss: 0.014
iter:  7 | loss: 0.011
iter:  8 | loss: 0.010
iter:  9 | loss: 0.012
iter: 10 | loss: 0.020
iter: 11 | loss: 0.020
iter: 12 | loss: 0.016
iter: 13 | loss: 0.038
iter: 14 | loss: 0.017
iter: 15 | loss: 0.009
iter: 16 | loss: 0.025
iter: 17 | loss: 0.021
iter: 18 | loss: 0.012
iter: 19 | loss: 0.012
iter: 20 | loss: 0.024
iter: 21 | loss: 0.025
iter: 22 | loss: 0.021
iter: 23 | loss: 0.013
testing r= 5
rrse(target)=415.89493114247017 / 34.87594854780834 | rrse(all)=57851525264241.16 / 34622966134154.824 | report_mode=targets
[Validation] per_target_rrse_json={"us_Trade Weighted Dollar Index": 4.649715900421143, "jp_fx": 20.078994750976562, "kr_fx": 11.640106201171875}
[Validation] per_target_lag_mae_json={"us_Trade Weighted Dollar Index": 0.5704948902130127, "jp_fx": 1.900692343711853, "kr_fx": 10.027377128601074}
[Validation] per_target_dir_mismatch_json={"us_Trade Weighted Dollar Index": 0.6363636363636364, "jp_fx": 0.6363636363636364, "kr_fx": 0.5454545454545454}
| end of epoch  37 | time:  5.35s | train_loss 0.0176 | valid rse 11.9250 | valid rae 14.8438 | valid corr  0.3350 | valid smape  0.3128 | focus_rrse 12.1229 | obj 12.1229
Experiment: 1
Iter: 0
epoch: 38
hp= [1, 0.00017, 32, 128, 256, 1024, 30, 0.02, 2, 40, 0.6, 0.1, 2, 38]
best sum= 26.433835883938464
best rrse= 11.924978343523954
best rrae= 14.843822501228034
best corr= 0.33496496
best smape= 0.31279348674823626
best objective= 12.122939109802246
best hps= [1, 0.00017, 32, 128, 256, 1024, 30, 0.02, 2, 40, 0.6, 0.1, 2, 1]
best test rse= 5.629208791491377
best test corr= 0.17849815
[Target-Weighted Loss] weights applied: {'us_Trade Weighted Dollar Index': 70.0, 'kr_fx': 70.0, 'jp_fx': 70.0}
[Target-Only Loss] enabled for columns: ['us_Trade Weighted Dollar Index', 'jp_fx', 'kr_fx']
[Bias Penalty] enabled lambda=0.35 scope=focus cols=['us_Trade Weighted Dollar Index', 'jp_fx', 'kr_fx']
iter:  0 | loss: 0.030
iter:  1 | loss: 0.019
iter:  2 | loss: 0.021
iter:  3 | loss: 0.011
iter:  4 | loss: 0.009
iter:  5 | loss: 0.015
iter:  6 | loss: 0.013
iter:  7 | loss: 0.009
iter:  8 | loss: 0.021
iter:  9 | loss: 0.031
iter: 10 | loss: 0.011
iter: 11 | loss: 0.007
iter: 12 | loss: 0.026
iter: 13 | loss: 0.015
iter: 14 | loss: 0.014
iter: 15 | loss: 0.038
iter: 16 | loss: 0.017
iter: 17 | loss: 0.016
iter: 18 | loss: 0.010
iter: 19 | loss: 0.027
iter: 20 | loss: 0.009
iter: 21 | loss: 0.011
iter: 22 | loss: 0.014
iter: 23 | loss: 0.039
testing r= 5
rrse(target)=415.89493114247017 / 34.87594854780834 | rrse(all)=57851525264241.16 / 34622966134154.824 | report_mode=targets
[Validation] per_target_rrse_json={"us_Trade Weighted Dollar Index": 4.649715900421143, "jp_fx": 20.078994750976562, "kr_fx": 11.640106201171875}
[Validation] per_target_lag_mae_json={"us_Trade Weighted Dollar Index": 0.5704948902130127, "jp_fx": 1.900692343711853, "kr_fx": 10.027377128601074}
[Validation] per_target_dir_mismatch_json={"us_Trade Weighted Dollar Index": 0.6363636363636364, "jp_fx": 0.6363636363636364, "kr_fx": 0.5454545454545454}
| end of epoch  38 | time:  5.50s | train_loss 0.0179 | valid rse 11.9250 | valid rae 14.8438 | valid corr  0.3350 | valid smape  0.3128 | focus_rrse 12.1229 | obj 12.1229
Experiment: 1
Iter: 0
epoch: 39
hp= [1, 0.00017, 32, 128, 256, 1024, 30, 0.02, 2, 40, 0.6, 0.1, 2, 39]
best sum= 26.433835883938464
best rrse= 11.924978343523954
best rrae= 14.843822501228034
best corr= 0.33496496
best smape= 0.31279348674823626
best objective= 12.122939109802246
best hps= [1, 0.00017, 32, 128, 256, 1024, 30, 0.02, 2, 40, 0.6, 0.1, 2, 1]
best test rse= 5.629208791491377
best test corr= 0.17849815
[Target-Weighted Loss] weights applied: {'us_Trade Weighted Dollar Index': 70.0, 'kr_fx': 70.0, 'jp_fx': 70.0}
[Target-Only Loss] enabled for columns: ['us_Trade Weighted Dollar Index', 'jp_fx', 'kr_fx']
[Bias Penalty] enabled lambda=0.35 scope=focus cols=['us_Trade Weighted Dollar Index', 'jp_fx', 'kr_fx']
iter:  0 | loss: 0.011
iter:  1 | loss: 0.034
iter:  2 | loss: 0.010
iter:  3 | loss: 0.019
iter:  4 | loss: 0.031
iter:  5 | loss: 0.027
iter:  6 | loss: 0.037
iter:  7 | loss: 0.013
iter:  8 | loss: 0.012
iter:  9 | loss: 0.011
iter: 10 | loss: 0.012
iter: 11 | loss: 0.015
iter: 12 | loss: 0.011
iter: 13 | loss: 0.011
iter: 14 | loss: 0.018
iter: 15 | loss: 0.009
iter: 16 | loss: 0.044
iter: 17 | loss: 0.020
iter: 18 | loss: 0.016
iter: 19 | loss: 0.008
iter: 20 | loss: 0.029
iter: 21 | loss: 0.010
iter: 22 | loss: 0.011
iter: 23 | loss: 0.018
testing r= 5
rrse(target)=415.89493114247017 / 34.87594854780834 | rrse(all)=57851525264241.16 / 34622966134154.824 | report_mode=targets
[Validation] per_target_rrse_json={"us_Trade Weighted Dollar Index": 4.649715900421143, "jp_fx": 20.078994750976562, "kr_fx": 11.640106201171875}
[Validation] per_target_lag_mae_json={"us_Trade Weighted Dollar Index": 0.5704948902130127, "jp_fx": 1.900692343711853, "kr_fx": 10.027377128601074}
[Validation] per_target_dir_mismatch_json={"us_Trade Weighted Dollar Index": 0.6363636363636364, "jp_fx": 0.6363636363636364, "kr_fx": 0.5454545454545454}
| end of epoch  39 | time:  5.39s | train_loss 0.0182 | valid rse 11.9250 | valid rae 14.8438 | valid corr  0.3350 | valid smape  0.3128 | focus_rrse 12.1229 | obj 12.1229
Experiment: 1
Iter: 0
epoch: 40
hp= [1, 0.00017, 32, 128, 256, 1024, 30, 0.02, 2, 40, 0.6, 0.1, 2, 40]
best sum= 26.433835883938464
best rrse= 11.924978343523954
best rrae= 14.843822501228034
best corr= 0.33496496
best smape= 0.31279348674823626
best objective= 12.122939109802246
best hps= [1, 0.00017, 32, 128, 256, 1024, 30, 0.02, 2, 40, 0.6, 0.1, 2, 1]
best test rse= 5.629208791491377
best test corr= 0.17849815
[Target-Weighted Loss] weights applied: {'us_Trade Weighted Dollar Index': 70.0, 'kr_fx': 70.0, 'jp_fx': 70.0}
[Target-Only Loss] enabled for columns: ['us_Trade Weighted Dollar Index', 'jp_fx', 'kr_fx']
[Bias Penalty] enabled lambda=0.35 scope=focus cols=['us_Trade Weighted Dollar Index', 'jp_fx', 'kr_fx']
iter:  0 | loss: 0.031
iter:  1 | loss: 0.025
iter:  2 | loss: 0.012
iter:  3 | loss: 0.013
iter:  4 | loss: 0.012
iter:  5 | loss: 0.010
iter:  6 | loss: 0.009
iter:  7 | loss: 0.014
iter:  8 | loss: 0.028
iter:  9 | loss: 0.010
iter: 10 | loss: 0.014
iter: 11 | loss: 0.013
iter: 12 | loss: 0.027
iter: 13 | loss: 0.023
iter: 14 | loss: 0.015
iter: 15 | loss: 0.021
iter: 16 | loss: 0.012
iter: 17 | loss: 0.031
iter: 18 | loss: 0.022
iter: 19 | loss: 0.020
iter: 20 | loss: 0.010
iter: 21 | loss: 0.014
iter: 22 | loss: 0.019
iter: 23 | loss: 0.010
testing r= 5
rrse(target)=415.89493114247017 / 34.87594854780834 | rrse(all)=57851525264241.16 / 34622966134154.824 | report_mode=targets
[Validation] per_target_rrse_json={"us_Trade Weighted Dollar Index": 4.649715900421143, "jp_fx": 20.078994750976562, "kr_fx": 11.640106201171875}
[Validation] per_target_lag_mae_json={"us_Trade Weighted Dollar Index": 0.5704948902130127, "jp_fx": 1.900692343711853, "kr_fx": 10.027377128601074}
[Validation] per_target_dir_mismatch_json={"us_Trade Weighted Dollar Index": 0.6363636363636364, "jp_fx": 0.6363636363636364, "kr_fx": 0.5454545454545454}
| end of epoch  40 | time:  5.42s | train_loss 0.0174 | valid rse 11.9250 | valid rae 14.8438 | valid corr  0.3350 | valid smape  0.3128 | focus_rrse 12.1229 | obj 12.1229
best val loss= 26.433835883938464
best hps= [1, 0.00017, 32, 128, 256, 1024, 30, 0.02, 2, 40, 0.6, 0.1, 2, 1]
testing r= 5
rrse(target)=415.89493114247017 / 34.87594854780834 | rrse(all)=57851525264241.16 / 34622966134154.824 | report_mode=targets
[Validation] per_target_rrse_json={"us_Trade Weighted Dollar Index": 4.649715900421143, "jp_fx": 20.078994750976562, "kr_fx": 11.640106201171875}
[Validation] per_target_lag_mae_json={"us_Trade Weighted Dollar Index": 0.5704948902130127, "jp_fx": 1.900692343711853, "kr_fx": 10.027377128601074}
[Validation] per_target_dir_mismatch_json={"us_Trade Weighted Dollar Index": 0.6363636363636364, "jp_fx": 0.6363636363636364, "kr_fx": 0.5454545454545454}
[debias] mode=val_mean_error apply_to=focus offset={'us_Trade Weighted Dollar Index': -2.7929885387420654, 'jp_fx': -32.967708587646484, 'kr_fx': -109.10167694091797}
testing r= 5
rrse(target)=130.36282002070223 / 34.87594854780834 | rrse(all)=57851525264241.16 / 34622966134154.824 | report_mode=targets
[Validation] per_target_rrse_json={"us_Trade Weighted Dollar Index": 2.737614393234253, "jp_fx": 3.4323437213897705, "kr_fx": 3.7510602474212646}
[Validation] per_target_lag_mae_json={"us_Trade Weighted Dollar Index": 0.5704948902130127, "jp_fx": 1.9006930589675903, "kr_fx": 10.027377128601074}
[Validation] per_target_dir_mismatch_json={"us_Trade Weighted Dollar Index": 0.6363636363636364, "jp_fx": 0.6363636363636364, "kr_fx": 0.5454545454545454}
testing r= 5
rrse(target)=140.59890035576382 / 87.05327089004898 | rrse(all)=65704824646595.14 / 13118448721317.795 | report_mode=targets
[Testing] per_target_rrse_json={"us_Trade Weighted Dollar Index": 3.074079990386963, "jp_fx": 6.9393205642700195, "kr_fx": 1.4420181512832642}
[Testing] per_target_lag_mae_json={"us_Trade Weighted Dollar Index": 0.8829519152641296, "jp_fx": 1.6675997972488403, "kr_fx": 10.252896308898926}
[Testing] per_target_dir_mismatch_json={"us_Trade Weighted Dollar Index": 0.7272727272727273, "jp_fx": 0.6363636363636364, "kr_fx": 0.09090909090909091}
********************************************************************************************************
final test rse 1.6151 | test rae 2.1663 | test corr 0.1785 | test smape 0.2987
********************************************************************************************************



1 run average



valid	rse	rae
mean	3.7379	4.1465
std	0.0000	0.0000



test	rse	rae
mean	1.6151	2.1663
std	0.0000	0.0000
