CUDA not available, using CPU
[split_guard] {'n': 180, 'cutoff_idx': 168, 'cutoff_label': '25.Jan', 'valid_start_idx': 156, 'valid_end_idx': 168, 'valid_months': 12}
Loading data from /Users/samrobert/Documents/GitHub/Exchangeprediction/Cyber-trend-forecasting-main 3/B-MTGNN/data/sm_data.csv...
Data loaded and converted to numeric successfully.
Graph loaded with 1 attacks...
33 columns loaded
Adjacency created...
train X: torch.Size([131, 24, 33])
train Y: torch.Size([131, 1, 33])
valid X: torch.Size([11, 24, 33])
valid Y: torch.Size([11, 1, 33])
test X: torch.Size([11, 24, 33])
test Y: torch.Size([11, 1, 33])
test window: torch.Size([36, 33])
length of training set= 131
length of validation set= 11
length of testing set= 11
valid= 168
Auto-detected num_nodes: 33
Namespace(data='/Users/samrobert/Documents/GitHub/Exchangeprediction/Cyber-trend-forecasting-main 3/B-MTGNN/data/sm_data.csv', log_interval=2000, save='/Users/samrobert/Documents/GitHub/Exchangeprediction/Cyber-trend-forecasting-main 3/B-MTGNN/tuning_runs/20260220_211805/checkpoints/model_005.pt', optim='adam', L1Loss=True, loss_mode='mse', normalize=2, device='cuda:1', gcn_true=False, buildA_true=False, use_graph=0, gcn_depth=1, num_nodes=33, dropout=0.0, subgraph_size=30, node_dim=40, dilation_exponential=2, conv_channels=32, residual_channels=128, skip_channels=256, end_channels=1024, in_dim=1, seq_in_len=24, seq_out_len=1, horizon=1, layers=3, batch_size=4, lr=0.00012749999999999998, weight_decay=1e-05, clip=10, propalpha=0.6, tanhalpha=0.1, epochs=40, num_split=1, step_size=100, ss_prob=0.1, train_ratio=0.8666666667, valid_ratio=0.0666666667, focus_targets=1, focus_nodes='us_Trade Weighted Dollar Index,jp_fx,kr_fx', focus_weight=1.0, focus_target_gain=80.0, focus_only_loss=1, anchor_focus_to_last=0.2, rse_targets='Us_Trade Weighted Dollar Index_Testing.txt,Jp_fx_Testing.txt,Kr_fx_Testing.txt', rse_report_mode='targets', debias_mode='val_mean_error', debias_apply_to='focus', bias_penalty=0.4, bias_penalty_scope='focus', lag_penalty_1step=1.0, lag_sign_penalty=0.4, plot_focus_only=0, debug_eval=0, rollout_mode='recursive', enforce_cutoff_split=1, cutoff_year_yy=25, min_valid_months=12, confidence_level=0.95, confidence_scale=3.0, confidence_mode='predictive', seed=777, plot=0, clean_cache=0, autotune_mode=1, apply_best_tuning=0, eval_best_tuning=0, target_profile='none', best_tuning_checkpoint='')
The recpetive field size is 43
Number of model parameters is 954977
begin training
Experiment: 1
Iter: 0
epoch: 1
hp= [1, 0.00012749999999999998, 32, 128, 256, 1024, 30, 0.0, 2, 40, 0.6, 0.1, 3, 1]
best sum= 10000000
best rrse= 10000000
best rrae= 10000000
best corr= -10000000
best smape= 10000000
best objective= 10000000
best hps= []
best test rse= 10000000
best test corr= -10000000
[Target-Weighted Loss] weights applied: {'us_Trade Weighted Dollar Index': 80.0, 'kr_fx': 80.0, 'jp_fx': 80.0}
[Target-Only Loss] enabled for columns: ['us_Trade Weighted Dollar Index', 'jp_fx', 'kr_fx']
[Bias Penalty] enabled lambda=0.4 scope=focus cols=['us_Trade Weighted Dollar Index', 'jp_fx', 'kr_fx']
iter:  0 | loss: 0.057
iter:  1 | loss: 0.047
iter:  2 | loss: 0.040
iter:  3 | loss: 0.021
iter:  4 | loss: 0.096
iter:  5 | loss: 0.045
iter:  6 | loss: 0.030
iter:  7 | loss: 0.031
iter:  8 | loss: 0.046
iter:  9 | loss: 0.035
iter: 10 | loss: 0.055
iter: 11 | loss: 0.052
iter: 12 | loss: 0.045
iter: 13 | loss: 0.039
iter: 14 | loss: 0.033
iter: 15 | loss: 0.038
iter: 16 | loss: 0.038
iter: 17 | loss: 0.075
iter: 18 | loss: 0.046
iter: 19 | loss: 0.023
iter: 20 | loss: 0.050
iter: 21 | loss: 0.076
iter: 22 | loss: 0.045
iter: 23 | loss: 0.051
iter: 24 | loss: 0.046
iter: 25 | loss: 0.041
iter: 26 | loss: 0.039
iter: 27 | loss: 0.033
iter: 28 | loss: 0.044
iter: 29 | loss: 0.061
iter: 30 | loss: 0.036
iter: 31 | loss: 0.029
iter: 32 | loss: 0.044
testing r= 5
rrse(target)=97.84682903970368 / 34.87594854780834 | rrse(all)=191703188232832.22 / 34622966134154.824 | report_mode=targets
[Validation] per_target_rrse_json={"us_Trade Weighted Dollar Index": 3.675626039505005, "jp_fx": 5.690561771392822, "kr_fx": 2.673032283782959}
[Validation] per_target_lag_mae_json={"us_Trade Weighted Dollar Index": 0.5224588513374329, "jp_fx": 0.5039145946502686, "kr_fx": 6.518277168273926}
[Validation] per_target_dir_mismatch_json={"us_Trade Weighted Dollar Index": 0.2727272727272727, "jp_fx": 0.36363636363636365, "kr_fx": 0.2727272727272727}
| end of epoch   1 | time:  5.38s | train_loss 0.0450 | valid rse 2.8056 | valid rae 3.6653 | valid corr  -0.1889 | valid smape  0.3386 | focus_rrse 4.0131 | obj 4.0131
testing r= 5
rrse(target)=302.8583363141916 / 87.05327089004898 | rrse(all)=66305433028160.375 / 13118448721317.795 | report_mode=targets
[Testing] per_target_rrse_json={"us_Trade Weighted Dollar Index": 2.884669780731201, "jp_fx": 1.1140377521514893, "kr_fx": 3.4976463317871094}
[Testing] per_target_lag_mae_json={"us_Trade Weighted Dollar Index": 0.5201637744903564, "jp_fx": 0.8005481958389282, "kr_fx": 9.535079002380371}
[Testing] per_target_dir_mismatch_json={"us_Trade Weighted Dollar Index": 0.36363636363636365, "jp_fx": 0.6363636363636364, "kr_fx": 1.0}
********************************************************************************************************
test rse 3.4790 | test rae 3.7214 | test corr -0.1181| test smape 0.3503 | test focus_rrse 2.4988
********************************************************************************************************
Experiment: 1
Iter: 0
epoch: 2
hp= [1, 0.00012749999999999998, 32, 128, 256, 1024, 30, 0.0, 2, 40, 0.6, 0.1, 3, 2]
best sum= 6.65975141122104
best rrse= 2.805567536194009
best rrae= 3.665254004302353
best corr= -0.18892987
best smape= 0.3386021098568042
best objective= 4.013073444366455
best hps= [1, 0.00012749999999999998, 32, 128, 256, 1024, 30, 0.0, 2, 40, 0.6, 0.1, 3, 1]
best test rse= 3.479000079120648
best test corr= -0.11808471
[Target-Weighted Loss] weights applied: {'us_Trade Weighted Dollar Index': 80.0, 'kr_fx': 80.0, 'jp_fx': 80.0}
[Target-Only Loss] enabled for columns: ['us_Trade Weighted Dollar Index', 'jp_fx', 'kr_fx']
[Bias Penalty] enabled lambda=0.4 scope=focus cols=['us_Trade Weighted Dollar Index', 'jp_fx', 'kr_fx']
iter:  0 | loss: 0.038
iter:  1 | loss: 0.020
iter:  2 | loss: 0.041
iter:  3 | loss: 0.026
iter:  4 | loss: 0.022
iter:  5 | loss: 0.063
iter:  6 | loss: 0.066
iter:  7 | loss: 0.052
iter:  8 | loss: 0.074
iter:  9 | loss: 0.050
iter: 10 | loss: 0.050
iter: 11 | loss: 0.036
iter: 12 | loss: 0.037
iter: 13 | loss: 0.049
iter: 14 | loss: 0.034
iter: 15 | loss: 0.047
iter: 16 | loss: 0.044
iter: 17 | loss: 0.030
iter: 18 | loss: 0.058
iter: 19 | loss: 0.038
iter: 20 | loss: 0.028
iter: 21 | loss: 0.041
iter: 22 | loss: 0.038
iter: 23 | loss: 0.040
iter: 24 | loss: 0.084
iter: 25 | loss: 0.060
iter: 26 | loss: 0.065
iter: 27 | loss: 0.069
iter: 28 | loss: 0.043
iter: 29 | loss: 0.029
iter: 30 | loss: 0.036
iter: 31 | loss: 0.033
iter: 32 | loss: 0.029
testing r= 5
rrse(target)=97.84682903970368 / 34.87594854780834 | rrse(all)=191703188232832.22 / 34622966134154.824 | report_mode=targets
[Validation] per_target_rrse_json={"us_Trade Weighted Dollar Index": 3.675626039505005, "jp_fx": 5.690561771392822, "kr_fx": 2.673032283782959}
[Validation] per_target_lag_mae_json={"us_Trade Weighted Dollar Index": 0.5224588513374329, "jp_fx": 0.5039145946502686, "kr_fx": 6.518277168273926}
[Validation] per_target_dir_mismatch_json={"us_Trade Weighted Dollar Index": 0.2727272727272727, "jp_fx": 0.36363636363636365, "kr_fx": 0.2727272727272727}
| end of epoch   2 | time:  5.22s | train_loss 0.0447 | valid rse 2.8056 | valid rae 3.6653 | valid corr  -0.1889 | valid smape  0.3386 | focus_rrse 4.0131 | obj 4.0131
Experiment: 1
Iter: 0
epoch: 3
hp= [1, 0.00012749999999999998, 32, 128, 256, 1024, 30, 0.0, 2, 40, 0.6, 0.1, 3, 3]
best sum= 6.65975141122104
best rrse= 2.805567536194009
best rrae= 3.665254004302353
best corr= -0.18892987
best smape= 0.3386021098568042
best objective= 4.013073444366455
best hps= [1, 0.00012749999999999998, 32, 128, 256, 1024, 30, 0.0, 2, 40, 0.6, 0.1, 3, 1]
best test rse= 3.479000079120648
best test corr= -0.11808471
[Target-Weighted Loss] weights applied: {'us_Trade Weighted Dollar Index': 80.0, 'kr_fx': 80.0, 'jp_fx': 80.0}
[Target-Only Loss] enabled for columns: ['us_Trade Weighted Dollar Index', 'jp_fx', 'kr_fx']
[Bias Penalty] enabled lambda=0.4 scope=focus cols=['us_Trade Weighted Dollar Index', 'jp_fx', 'kr_fx']
iter:  0 | loss: 0.058
iter:  1 | loss: 0.039
iter:  2 | loss: 0.021
iter:  3 | loss: 0.048
iter:  4 | loss: 0.073
iter:  5 | loss: 0.038
iter:  6 | loss: 0.051
iter:  7 | loss: 0.067
iter:  8 | loss: 0.044
iter:  9 | loss: 0.036
iter: 10 | loss: 0.050
iter: 11 | loss: 0.041
iter: 12 | loss: 0.041
iter: 13 | loss: 0.020
iter: 14 | loss: 0.062
iter: 15 | loss: 0.042
iter: 16 | loss: 0.052
iter: 17 | loss: 0.027
iter: 18 | loss: 0.051
iter: 19 | loss: 0.038
iter: 20 | loss: 0.046
iter: 21 | loss: 0.047
iter: 22 | loss: 0.019
iter: 23 | loss: 0.058
iter: 24 | loss: 0.043
iter: 25 | loss: 0.043
iter: 26 | loss: 0.031
iter: 27 | loss: 0.046
iter: 28 | loss: 0.023
iter: 29 | loss: 0.040
iter: 30 | loss: 0.052
iter: 31 | loss: 0.059
iter: 32 | loss: 0.095
testing r= 5
rrse(target)=97.84682903970368 / 34.87594854780834 | rrse(all)=191703188232832.22 / 34622966134154.824 | report_mode=targets
[Validation] per_target_rrse_json={"us_Trade Weighted Dollar Index": 3.675626039505005, "jp_fx": 5.690561771392822, "kr_fx": 2.673032283782959}
[Validation] per_target_lag_mae_json={"us_Trade Weighted Dollar Index": 0.5224588513374329, "jp_fx": 0.5039145946502686, "kr_fx": 6.518277168273926}
[Validation] per_target_dir_mismatch_json={"us_Trade Weighted Dollar Index": 0.2727272727272727, "jp_fx": 0.36363636363636365, "kr_fx": 0.2727272727272727}
| end of epoch   3 | time:  5.30s | train_loss 0.0452 | valid rse 2.8056 | valid rae 3.6653 | valid corr  -0.1889 | valid smape  0.3386 | focus_rrse 4.0131 | obj 4.0131
Experiment: 1
Iter: 0
epoch: 4
hp= [1, 0.00012749999999999998, 32, 128, 256, 1024, 30, 0.0, 2, 40, 0.6, 0.1, 3, 4]
best sum= 6.65975141122104
best rrse= 2.805567536194009
best rrae= 3.665254004302353
best corr= -0.18892987
best smape= 0.3386021098568042
best objective= 4.013073444366455
best hps= [1, 0.00012749999999999998, 32, 128, 256, 1024, 30, 0.0, 2, 40, 0.6, 0.1, 3, 1]
best test rse= 3.479000079120648
best test corr= -0.11808471
[Target-Weighted Loss] weights applied: {'us_Trade Weighted Dollar Index': 80.0, 'kr_fx': 80.0, 'jp_fx': 80.0}
[Target-Only Loss] enabled for columns: ['us_Trade Weighted Dollar Index', 'jp_fx', 'kr_fx']
[Bias Penalty] enabled lambda=0.4 scope=focus cols=['us_Trade Weighted Dollar Index', 'jp_fx', 'kr_fx']
iter:  0 | loss: 0.050
iter:  1 | loss: 0.056
iter:  2 | loss: 0.029
iter:  3 | loss: 0.099
iter:  4 | loss: 0.057
iter:  5 | loss: 0.047
iter:  6 | loss: 0.038
iter:  7 | loss: 0.035
iter:  8 | loss: 0.044
iter:  9 | loss: 0.027
iter: 10 | loss: 0.081
iter: 11 | loss: 0.044
iter: 12 | loss: 0.046
iter: 13 | loss: 0.056
iter: 14 | loss: 0.033
iter: 15 | loss: 0.039
iter: 16 | loss: 0.035
iter: 17 | loss: 0.048
iter: 18 | loss: 0.038
iter: 19 | loss: 0.031
iter: 20 | loss: 0.024
iter: 21 | loss: 0.055
iter: 22 | loss: 0.055
iter: 23 | loss: 0.030
iter: 24 | loss: 0.040
iter: 25 | loss: 0.045
iter: 26 | loss: 0.037
iter: 27 | loss: 0.044
iter: 28 | loss: 0.023
iter: 29 | loss: 0.040
iter: 30 | loss: 0.077
iter: 31 | loss: 0.047
iter: 32 | loss: 0.052
testing r= 5
rrse(target)=97.84682903970368 / 34.87594854780834 | rrse(all)=191703188232832.22 / 34622966134154.824 | report_mode=targets
[Validation] per_target_rrse_json={"us_Trade Weighted Dollar Index": 3.675626039505005, "jp_fx": 5.690561771392822, "kr_fx": 2.673032283782959}
[Validation] per_target_lag_mae_json={"us_Trade Weighted Dollar Index": 0.5224588513374329, "jp_fx": 0.5039145946502686, "kr_fx": 6.518277168273926}
[Validation] per_target_dir_mismatch_json={"us_Trade Weighted Dollar Index": 0.2727272727272727, "jp_fx": 0.36363636363636365, "kr_fx": 0.2727272727272727}
| end of epoch   4 | time:  5.39s | train_loss 0.0455 | valid rse 2.8056 | valid rae 3.6653 | valid corr  -0.1889 | valid smape  0.3386 | focus_rrse 4.0131 | obj 4.0131
Experiment: 1
Iter: 0
epoch: 5
hp= [1, 0.00012749999999999998, 32, 128, 256, 1024, 30, 0.0, 2, 40, 0.6, 0.1, 3, 5]
best sum= 6.65975141122104
best rrse= 2.805567536194009
best rrae= 3.665254004302353
best corr= -0.18892987
best smape= 0.3386021098568042
best objective= 4.013073444366455
best hps= [1, 0.00012749999999999998, 32, 128, 256, 1024, 30, 0.0, 2, 40, 0.6, 0.1, 3, 1]
best test rse= 3.479000079120648
best test corr= -0.11808471
[Target-Weighted Loss] weights applied: {'us_Trade Weighted Dollar Index': 80.0, 'kr_fx': 80.0, 'jp_fx': 80.0}
[Target-Only Loss] enabled for columns: ['us_Trade Weighted Dollar Index', 'jp_fx', 'kr_fx']
[Bias Penalty] enabled lambda=0.4 scope=focus cols=['us_Trade Weighted Dollar Index', 'jp_fx', 'kr_fx']
iter:  0 | loss: 0.053
iter:  1 | loss: 0.047
iter:  2 | loss: 0.074
iter:  3 | loss: 0.055
iter:  4 | loss: 0.027
iter:  5 | loss: 0.035
iter:  6 | loss: 0.030
iter:  7 | loss: 0.056
iter:  8 | loss: 0.044
iter:  9 | loss: 0.025
iter: 10 | loss: 0.040
iter: 11 | loss: 0.046
iter: 12 | loss: 0.041
iter: 13 | loss: 0.028
iter: 14 | loss: 0.055
iter: 15 | loss: 0.038
iter: 16 | loss: 0.023
iter: 17 | loss: 0.039
iter: 18 | loss: 0.039
iter: 19 | loss: 0.052
iter: 20 | loss: 0.032
iter: 21 | loss: 0.050
iter: 22 | loss: 0.044
iter: 23 | loss: 0.038
iter: 24 | loss: 0.085
iter: 25 | loss: 0.049
iter: 26 | loss: 0.068
iter: 27 | loss: 0.034
iter: 28 | loss: 0.037
iter: 29 | loss: 0.031
iter: 30 | loss: 0.021
iter: 31 | loss: 0.050
iter: 32 | loss: 0.111
testing r= 5
rrse(target)=97.84682903970368 / 34.87594854780834 | rrse(all)=191703188232832.22 / 34622966134154.824 | report_mode=targets
[Validation] per_target_rrse_json={"us_Trade Weighted Dollar Index": 3.675626039505005, "jp_fx": 5.690561771392822, "kr_fx": 2.673032283782959}
[Validation] per_target_lag_mae_json={"us_Trade Weighted Dollar Index": 0.5224588513374329, "jp_fx": 0.5039145946502686, "kr_fx": 6.518277168273926}
[Validation] per_target_dir_mismatch_json={"us_Trade Weighted Dollar Index": 0.2727272727272727, "jp_fx": 0.36363636363636365, "kr_fx": 0.2727272727272727}
| end of epoch   5 | time:  5.46s | train_loss 0.0449 | valid rse 2.8056 | valid rae 3.6653 | valid corr  -0.1889 | valid smape  0.3386 | focus_rrse 4.0131 | obj 4.0131
Experiment: 1
Iter: 0
epoch: 6
hp= [1, 0.00012749999999999998, 32, 128, 256, 1024, 30, 0.0, 2, 40, 0.6, 0.1, 3, 6]
best sum= 6.65975141122104
best rrse= 2.805567536194009
best rrae= 3.665254004302353
best corr= -0.18892987
best smape= 0.3386021098568042
best objective= 4.013073444366455
best hps= [1, 0.00012749999999999998, 32, 128, 256, 1024, 30, 0.0, 2, 40, 0.6, 0.1, 3, 1]
best test rse= 3.479000079120648
best test corr= -0.11808471
[Target-Weighted Loss] weights applied: {'us_Trade Weighted Dollar Index': 80.0, 'kr_fx': 80.0, 'jp_fx': 80.0}
[Target-Only Loss] enabled for columns: ['us_Trade Weighted Dollar Index', 'jp_fx', 'kr_fx']
[Bias Penalty] enabled lambda=0.4 scope=focus cols=['us_Trade Weighted Dollar Index', 'jp_fx', 'kr_fx']
iter:  0 | loss: 0.043
iter:  1 | loss: 0.030
iter:  2 | loss: 0.047
iter:  3 | loss: 0.050
iter:  4 | loss: 0.042
iter:  5 | loss: 0.031
iter:  6 | loss: 0.018
iter:  7 | loss: 0.048
iter:  8 | loss: 0.044
iter:  9 | loss: 0.060
iter: 10 | loss: 0.032
iter: 11 | loss: 0.041
iter: 12 | loss: 0.039
iter: 13 | loss: 0.036
iter: 14 | loss: 0.038
iter: 15 | loss: 0.069
iter: 16 | loss: 0.041
iter: 17 | loss: 0.055
iter: 18 | loss: 0.034
iter: 19 | loss: 0.075
iter: 20 | loss: 0.035
iter: 21 | loss: 0.042
iter: 22 | loss: 0.061
iter: 23 | loss: 0.036
iter: 24 | loss: 0.091
iter: 25 | loss: 0.059
iter: 26 | loss: 0.040
iter: 27 | loss: 0.035
iter: 28 | loss: 0.040
iter: 29 | loss: 0.057
iter: 30 | loss: 0.033
iter: 31 | loss: 0.034
iter: 32 | loss: 0.049
testing r= 5
rrse(target)=97.84682903970368 / 34.87594854780834 | rrse(all)=191703188232832.22 / 34622966134154.824 | report_mode=targets
[Validation] per_target_rrse_json={"us_Trade Weighted Dollar Index": 3.675626039505005, "jp_fx": 5.690561771392822, "kr_fx": 2.673032283782959}
[Validation] per_target_lag_mae_json={"us_Trade Weighted Dollar Index": 0.5224588513374329, "jp_fx": 0.5039145946502686, "kr_fx": 6.518277168273926}
[Validation] per_target_dir_mismatch_json={"us_Trade Weighted Dollar Index": 0.2727272727272727, "jp_fx": 0.36363636363636365, "kr_fx": 0.2727272727272727}
| end of epoch   6 | time:  5.43s | train_loss 0.0450 | valid rse 2.8056 | valid rae 3.6653 | valid corr  -0.1889 | valid smape  0.3386 | focus_rrse 4.0131 | obj 4.0131
Experiment: 1
Iter: 0
epoch: 7
hp= [1, 0.00012749999999999998, 32, 128, 256, 1024, 30, 0.0, 2, 40, 0.6, 0.1, 3, 7]
best sum= 6.65975141122104
best rrse= 2.805567536194009
best rrae= 3.665254004302353
best corr= -0.18892987
best smape= 0.3386021098568042
best objective= 4.013073444366455
best hps= [1, 0.00012749999999999998, 32, 128, 256, 1024, 30, 0.0, 2, 40, 0.6, 0.1, 3, 1]
best test rse= 3.479000079120648
best test corr= -0.11808471
[Target-Weighted Loss] weights applied: {'us_Trade Weighted Dollar Index': 80.0, 'kr_fx': 80.0, 'jp_fx': 80.0}
[Target-Only Loss] enabled for columns: ['us_Trade Weighted Dollar Index', 'jp_fx', 'kr_fx']
[Bias Penalty] enabled lambda=0.4 scope=focus cols=['us_Trade Weighted Dollar Index', 'jp_fx', 'kr_fx']
iter:  0 | loss: 0.033
iter:  1 | loss: 0.056
iter:  2 | loss: 0.032
iter:  3 | loss: 0.052
iter:  4 | loss: 0.042
iter:  5 | loss: 0.068
iter:  6 | loss: 0.062
iter:  7 | loss: 0.044
iter:  8 | loss: 0.039
iter:  9 | loss: 0.054
iter: 10 | loss: 0.041
iter: 11 | loss: 0.048
iter: 12 | loss: 0.039
iter: 13 | loss: 0.046
iter: 14 | loss: 0.032
iter: 15 | loss: 0.031
iter: 16 | loss: 0.037
iter: 17 | loss: 0.052
iter: 18 | loss: 0.032
iter: 19 | loss: 0.046
iter: 20 | loss: 0.047
iter: 21 | loss: 0.042
iter: 22 | loss: 0.032
iter: 23 | loss: 0.041
iter: 24 | loss: 0.066
iter: 25 | loss: 0.027
iter: 26 | loss: 0.064
iter: 27 | loss: 0.039
iter: 28 | loss: 0.065
iter: 29 | loss: 0.034
iter: 30 | loss: 0.048
iter: 31 | loss: 0.039
iter: 32 | loss: 0.038
testing r= 5
rrse(target)=97.84682903970368 / 34.87594854780834 | rrse(all)=191703188232832.22 / 34622966134154.824 | report_mode=targets
[Validation] per_target_rrse_json={"us_Trade Weighted Dollar Index": 3.675626039505005, "jp_fx": 5.690561771392822, "kr_fx": 2.673032283782959}
[Validation] per_target_lag_mae_json={"us_Trade Weighted Dollar Index": 0.5224588513374329, "jp_fx": 0.5039145946502686, "kr_fx": 6.518277168273926}
[Validation] per_target_dir_mismatch_json={"us_Trade Weighted Dollar Index": 0.2727272727272727, "jp_fx": 0.36363636363636365, "kr_fx": 0.2727272727272727}
| end of epoch   7 | time:  5.40s | train_loss 0.0445 | valid rse 2.8056 | valid rae 3.6653 | valid corr  -0.1889 | valid smape  0.3386 | focus_rrse 4.0131 | obj 4.0131
Experiment: 1
Iter: 0
epoch: 8
hp= [1, 0.00012749999999999998, 32, 128, 256, 1024, 30, 0.0, 2, 40, 0.6, 0.1, 3, 8]
best sum= 6.65975141122104
best rrse= 2.805567536194009
best rrae= 3.665254004302353
best corr= -0.18892987
best smape= 0.3386021098568042
best objective= 4.013073444366455
best hps= [1, 0.00012749999999999998, 32, 128, 256, 1024, 30, 0.0, 2, 40, 0.6, 0.1, 3, 1]
best test rse= 3.479000079120648
best test corr= -0.11808471
[Target-Weighted Loss] weights applied: {'us_Trade Weighted Dollar Index': 80.0, 'kr_fx': 80.0, 'jp_fx': 80.0}
[Target-Only Loss] enabled for columns: ['us_Trade Weighted Dollar Index', 'jp_fx', 'kr_fx']
[Bias Penalty] enabled lambda=0.4 scope=focus cols=['us_Trade Weighted Dollar Index', 'jp_fx', 'kr_fx']
iter:  0 | loss: 0.043
iter:  1 | loss: 0.039
iter:  2 | loss: 0.027
iter:  3 | loss: 0.075
iter:  4 | loss: 0.046
iter:  5 | loss: 0.028
iter:  6 | loss: 0.084
iter:  7 | loss: 0.040
iter:  8 | loss: 0.065
iter:  9 | loss: 0.028
iter: 10 | loss: 0.037
iter: 11 | loss: 0.047
iter: 12 | loss: 0.042
iter: 13 | loss: 0.044
iter: 14 | loss: 0.040
iter: 15 | loss: 0.052
iter: 16 | loss: 0.046
iter: 17 | loss: 0.051
iter: 18 | loss: 0.044
iter: 19 | loss: 0.029
iter: 20 | loss: 0.037
iter: 21 | loss: 0.025
iter: 22 | loss: 0.029
iter: 23 | loss: 0.042
iter: 24 | loss: 0.056
iter: 25 | loss: 0.048
iter: 26 | loss: 0.037
iter: 27 | loss: 0.058
iter: 28 | loss: 0.040
iter: 29 | loss: 0.055
iter: 30 | loss: 0.056
iter: 31 | loss: 0.046
iter: 32 | loss: 0.049
testing r= 5
rrse(target)=97.84682903970368 / 34.87594854780834 | rrse(all)=191703188232832.22 / 34622966134154.824 | report_mode=targets
[Validation] per_target_rrse_json={"us_Trade Weighted Dollar Index": 3.675626039505005, "jp_fx": 5.690561771392822, "kr_fx": 2.673032283782959}
[Validation] per_target_lag_mae_json={"us_Trade Weighted Dollar Index": 0.5224588513374329, "jp_fx": 0.5039145946502686, "kr_fx": 6.518277168273926}
[Validation] per_target_dir_mismatch_json={"us_Trade Weighted Dollar Index": 0.2727272727272727, "jp_fx": 0.36363636363636365, "kr_fx": 0.2727272727272727}
| end of epoch   8 | time:  5.61s | train_loss 0.0449 | valid rse 2.8056 | valid rae 3.6653 | valid corr  -0.1889 | valid smape  0.3386 | focus_rrse 4.0131 | obj 4.0131
Experiment: 1
Iter: 0
epoch: 9
hp= [1, 0.00012749999999999998, 32, 128, 256, 1024, 30, 0.0, 2, 40, 0.6, 0.1, 3, 9]
best sum= 6.65975141122104
best rrse= 2.805567536194009
best rrae= 3.665254004302353
best corr= -0.18892987
best smape= 0.3386021098568042
best objective= 4.013073444366455
best hps= [1, 0.00012749999999999998, 32, 128, 256, 1024, 30, 0.0, 2, 40, 0.6, 0.1, 3, 1]
best test rse= 3.479000079120648
best test corr= -0.11808471
[Target-Weighted Loss] weights applied: {'us_Trade Weighted Dollar Index': 80.0, 'kr_fx': 80.0, 'jp_fx': 80.0}
[Target-Only Loss] enabled for columns: ['us_Trade Weighted Dollar Index', 'jp_fx', 'kr_fx']
[Bias Penalty] enabled lambda=0.4 scope=focus cols=['us_Trade Weighted Dollar Index', 'jp_fx', 'kr_fx']
iter:  0 | loss: 0.057
iter:  1 | loss: 0.043
iter:  2 | loss: 0.022
iter:  3 | loss: 0.028
iter:  4 | loss: 0.060
iter:  5 | loss: 0.087
iter:  6 | loss: 0.073
iter:  7 | loss: 0.044
iter:  8 | loss: 0.046
iter:  9 | loss: 0.036
iter: 10 | loss: 0.025
iter: 11 | loss: 0.036
iter: 12 | loss: 0.037
iter: 13 | loss: 0.026
iter: 14 | loss: 0.042
iter: 15 | loss: 0.066
iter: 16 | loss: 0.027
iter: 17 | loss: 0.029
iter: 18 | loss: 0.036
iter: 19 | loss: 0.045
iter: 20 | loss: 0.040
iter: 21 | loss: 0.073
iter: 22 | loss: 0.054
iter: 23 | loss: 0.039
iter: 24 | loss: 0.056
iter: 25 | loss: 0.104
iter: 26 | loss: 0.041
iter: 27 | loss: 0.046
iter: 28 | loss: 0.029
iter: 29 | loss: 0.024
iter: 30 | loss: 0.051
iter: 31 | loss: 0.035
iter: 32 | loss: 0.059
testing r= 5
rrse(target)=97.84682903970368 / 34.87594854780834 | rrse(all)=191703188232832.22 / 34622966134154.824 | report_mode=targets
[Validation] per_target_rrse_json={"us_Trade Weighted Dollar Index": 3.675626039505005, "jp_fx": 5.690561771392822, "kr_fx": 2.673032283782959}
[Validation] per_target_lag_mae_json={"us_Trade Weighted Dollar Index": 0.5224588513374329, "jp_fx": 0.5039145946502686, "kr_fx": 6.518277168273926}
[Validation] per_target_dir_mismatch_json={"us_Trade Weighted Dollar Index": 0.2727272727272727, "jp_fx": 0.36363636363636365, "kr_fx": 0.2727272727272727}
| end of epoch   9 | time:  5.56s | train_loss 0.0458 | valid rse 2.8056 | valid rae 3.6653 | valid corr  -0.1889 | valid smape  0.3386 | focus_rrse 4.0131 | obj 4.0131
Experiment: 1
Iter: 0
epoch: 10
hp= [1, 0.00012749999999999998, 32, 128, 256, 1024, 30, 0.0, 2, 40, 0.6, 0.1, 3, 10]
best sum= 6.65975141122104
best rrse= 2.805567536194009
best rrae= 3.665254004302353
best corr= -0.18892987
best smape= 0.3386021098568042
best objective= 4.013073444366455
best hps= [1, 0.00012749999999999998, 32, 128, 256, 1024, 30, 0.0, 2, 40, 0.6, 0.1, 3, 1]
best test rse= 3.479000079120648
best test corr= -0.11808471
[Target-Weighted Loss] weights applied: {'us_Trade Weighted Dollar Index': 80.0, 'kr_fx': 80.0, 'jp_fx': 80.0}
[Target-Only Loss] enabled for columns: ['us_Trade Weighted Dollar Index', 'jp_fx', 'kr_fx']
[Bias Penalty] enabled lambda=0.4 scope=focus cols=['us_Trade Weighted Dollar Index', 'jp_fx', 'kr_fx']
iter:  0 | loss: 0.032
iter:  1 | loss: 0.043
iter:  2 | loss: 0.031
iter:  3 | loss: 0.064
iter:  4 | loss: 0.054
iter:  5 | loss: 0.075
iter:  6 | loss: 0.028
iter:  7 | loss: 0.071
iter:  8 | loss: 0.075
iter:  9 | loss: 0.052
iter: 10 | loss: 0.039
iter: 11 | loss: 0.031
iter: 12 | loss: 0.024
iter: 13 | loss: 0.043
iter: 14 | loss: 0.068
iter: 15 | loss: 0.042
iter: 16 | loss: 0.029
iter: 17 | loss: 0.034
iter: 18 | loss: 0.027
iter: 19 | loss: 0.046
iter: 20 | loss: 0.064
iter: 21 | loss: 0.053
iter: 22 | loss: 0.030
iter: 23 | loss: 0.063
iter: 24 | loss: 0.035
iter: 25 | loss: 0.023
iter: 26 | loss: 0.041
iter: 27 | loss: 0.049
iter: 28 | loss: 0.036
iter: 29 | loss: 0.057
iter: 30 | loss: 0.037
iter: 31 | loss: 0.045
iter: 32 | loss: 0.047
testing r= 5
rrse(target)=97.84682903970368 / 34.87594854780834 | rrse(all)=191703188232832.22 / 34622966134154.824 | report_mode=targets
[Validation] per_target_rrse_json={"us_Trade Weighted Dollar Index": 3.675626039505005, "jp_fx": 5.690561771392822, "kr_fx": 2.673032283782959}
[Validation] per_target_lag_mae_json={"us_Trade Weighted Dollar Index": 0.5224588513374329, "jp_fx": 0.5039145946502686, "kr_fx": 6.518277168273926}
[Validation] per_target_dir_mismatch_json={"us_Trade Weighted Dollar Index": 0.2727272727272727, "jp_fx": 0.36363636363636365, "kr_fx": 0.2727272727272727}
| end of epoch  10 | time:  5.19s | train_loss 0.0451 | valid rse 2.8056 | valid rae 3.6653 | valid corr  -0.1889 | valid smape  0.3386 | focus_rrse 4.0131 | obj 4.0131
Experiment: 1
Iter: 0
epoch: 11
hp= [1, 0.00012749999999999998, 32, 128, 256, 1024, 30, 0.0, 2, 40, 0.6, 0.1, 3, 11]
best sum= 6.65975141122104
best rrse= 2.805567536194009
best rrae= 3.665254004302353
best corr= -0.18892987
best smape= 0.3386021098568042
best objective= 4.013073444366455
best hps= [1, 0.00012749999999999998, 32, 128, 256, 1024, 30, 0.0, 2, 40, 0.6, 0.1, 3, 1]
best test rse= 3.479000079120648
best test corr= -0.11808471
[Target-Weighted Loss] weights applied: {'us_Trade Weighted Dollar Index': 80.0, 'kr_fx': 80.0, 'jp_fx': 80.0}
[Target-Only Loss] enabled for columns: ['us_Trade Weighted Dollar Index', 'jp_fx', 'kr_fx']
[Bias Penalty] enabled lambda=0.4 scope=focus cols=['us_Trade Weighted Dollar Index', 'jp_fx', 'kr_fx']
iter:  0 | loss: 0.045
iter:  1 | loss: 0.030
iter:  2 | loss: 0.058
iter:  3 | loss: 0.064
iter:  4 | loss: 0.040
iter:  5 | loss: 0.052
iter:  6 | loss: 0.039
iter:  7 | loss: 0.041
iter:  8 | loss: 0.046
iter:  9 | loss: 0.037
iter: 10 | loss: 0.072
iter: 11 | loss: 0.032
iter: 12 | loss: 0.034
iter: 13 | loss: 0.055
iter: 14 | loss: 0.024
iter: 15 | loss: 0.030
iter: 16 | loss: 0.045
iter: 17 | loss: 0.035
iter: 18 | loss: 0.057
iter: 19 | loss: 0.065
iter: 20 | loss: 0.062
iter: 21 | loss: 0.019
iter: 22 | loss: 0.040
iter: 23 | loss: 0.025
iter: 24 | loss: 0.060
iter: 25 | loss: 0.028
iter: 26 | loss: 0.037
iter: 27 | loss: 0.074
iter: 28 | loss: 0.050
iter: 29 | loss: 0.045
iter: 30 | loss: 0.042
iter: 31 | loss: 0.027
iter: 32 | loss: 0.045
testing r= 5
rrse(target)=97.84682903970368 / 34.87594854780834 | rrse(all)=191703188232832.22 / 34622966134154.824 | report_mode=targets
[Validation] per_target_rrse_json={"us_Trade Weighted Dollar Index": 3.675626039505005, "jp_fx": 5.690561771392822, "kr_fx": 2.673032283782959}
[Validation] per_target_lag_mae_json={"us_Trade Weighted Dollar Index": 0.5224588513374329, "jp_fx": 0.5039145946502686, "kr_fx": 6.518277168273926}
[Validation] per_target_dir_mismatch_json={"us_Trade Weighted Dollar Index": 0.2727272727272727, "jp_fx": 0.36363636363636365, "kr_fx": 0.2727272727272727}
| end of epoch  11 | time:  5.34s | train_loss 0.0442 | valid rse 2.8056 | valid rae 3.6653 | valid corr  -0.1889 | valid smape  0.3386 | focus_rrse 4.0131 | obj 4.0131
Experiment: 1
Iter: 0
epoch: 12
hp= [1, 0.00012749999999999998, 32, 128, 256, 1024, 30, 0.0, 2, 40, 0.6, 0.1, 3, 12]
best sum= 6.65975141122104
best rrse= 2.805567536194009
best rrae= 3.665254004302353
best corr= -0.18892987
best smape= 0.3386021098568042
best objective= 4.013073444366455
best hps= [1, 0.00012749999999999998, 32, 128, 256, 1024, 30, 0.0, 2, 40, 0.6, 0.1, 3, 1]
best test rse= 3.479000079120648
best test corr= -0.11808471
[Target-Weighted Loss] weights applied: {'us_Trade Weighted Dollar Index': 80.0, 'kr_fx': 80.0, 'jp_fx': 80.0}
[Target-Only Loss] enabled for columns: ['us_Trade Weighted Dollar Index', 'jp_fx', 'kr_fx']
[Bias Penalty] enabled lambda=0.4 scope=focus cols=['us_Trade Weighted Dollar Index', 'jp_fx', 'kr_fx']
iter:  0 | loss: 0.062
iter:  1 | loss: 0.028
iter:  2 | loss: 0.048
iter:  3 | loss: 0.043
iter:  4 | loss: 0.039
iter:  5 | loss: 0.031
iter:  6 | loss: 0.043
iter:  7 | loss: 0.036
iter:  8 | loss: 0.043
iter:  9 | loss: 0.034
iter: 10 | loss: 0.056
iter: 11 | loss: 0.051
iter: 12 | loss: 0.031
iter: 13 | loss: 0.044
iter: 14 | loss: 0.066
iter: 15 | loss: 0.038
iter: 16 | loss: 0.044
iter: 17 | loss: 0.055
iter: 18 | loss: 0.049
iter: 19 | loss: 0.038
iter: 20 | loss: 0.059
iter: 21 | loss: 0.047
iter: 22 | loss: 0.053
iter: 23 | loss: 0.025
iter: 24 | loss: 0.057
iter: 25 | loss: 0.038
iter: 26 | loss: 0.061
iter: 27 | loss: 0.054
iter: 28 | loss: 0.037
iter: 29 | loss: 0.043
iter: 30 | loss: 0.079
iter: 31 | loss: 0.018
iter: 32 | loss: 0.016
testing r= 5
rrse(target)=97.84682903970368 / 34.87594854780834 | rrse(all)=191703188232832.22 / 34622966134154.824 | report_mode=targets
[Validation] per_target_rrse_json={"us_Trade Weighted Dollar Index": 3.675626039505005, "jp_fx": 5.690561771392822, "kr_fx": 2.673032283782959}
[Validation] per_target_lag_mae_json={"us_Trade Weighted Dollar Index": 0.5224588513374329, "jp_fx": 0.5039145946502686, "kr_fx": 6.518277168273926}
[Validation] per_target_dir_mismatch_json={"us_Trade Weighted Dollar Index": 0.2727272727272727, "jp_fx": 0.36363636363636365, "kr_fx": 0.2727272727272727}
| end of epoch  12 | time:  5.57s | train_loss 0.0446 | valid rse 2.8056 | valid rae 3.6653 | valid corr  -0.1889 | valid smape  0.3386 | focus_rrse 4.0131 | obj 4.0131
Experiment: 1
Iter: 0
epoch: 13
hp= [1, 0.00012749999999999998, 32, 128, 256, 1024, 30, 0.0, 2, 40, 0.6, 0.1, 3, 13]
best sum= 6.65975141122104
best rrse= 2.805567536194009
best rrae= 3.665254004302353
best corr= -0.18892987
best smape= 0.3386021098568042
best objective= 4.013073444366455
best hps= [1, 0.00012749999999999998, 32, 128, 256, 1024, 30, 0.0, 2, 40, 0.6, 0.1, 3, 1]
best test rse= 3.479000079120648
best test corr= -0.11808471
[Target-Weighted Loss] weights applied: {'us_Trade Weighted Dollar Index': 80.0, 'kr_fx': 80.0, 'jp_fx': 80.0}
[Target-Only Loss] enabled for columns: ['us_Trade Weighted Dollar Index', 'jp_fx', 'kr_fx']
[Bias Penalty] enabled lambda=0.4 scope=focus cols=['us_Trade Weighted Dollar Index', 'jp_fx', 'kr_fx']
iter:  0 | loss: 0.048
iter:  1 | loss: 0.040
iter:  2 | loss: 0.052
iter:  3 | loss: 0.066
iter:  4 | loss: 0.043
iter:  5 | loss: 0.040
iter:  6 | loss: 0.057
iter:  7 | loss: 0.049
iter:  8 | loss: 0.019
iter:  9 | loss: 0.024
iter: 10 | loss: 0.051
iter: 11 | loss: 0.048
iter: 12 | loss: 0.047
iter: 13 | loss: 0.030
iter: 14 | loss: 0.062
iter: 15 | loss: 0.037
iter: 16 | loss: 0.046
iter: 17 | loss: 0.027
iter: 18 | loss: 0.034
iter: 19 | loss: 0.033
iter: 20 | loss: 0.060
iter: 21 | loss: 0.027
iter: 22 | loss: 0.042
iter: 23 | loss: 0.038
iter: 24 | loss: 0.038
iter: 25 | loss: 0.026
iter: 26 | loss: 0.032
iter: 27 | loss: 0.038
iter: 28 | loss: 0.031
iter: 29 | loss: 0.079
iter: 30 | loss: 0.088
iter: 31 | loss: 0.042
iter: 32 | loss: 0.077
testing r= 5
rrse(target)=97.84682903970368 / 34.87594854780834 | rrse(all)=191703188232832.22 / 34622966134154.824 | report_mode=targets
[Validation] per_target_rrse_json={"us_Trade Weighted Dollar Index": 3.675626039505005, "jp_fx": 5.690561771392822, "kr_fx": 2.673032283782959}
[Validation] per_target_lag_mae_json={"us_Trade Weighted Dollar Index": 0.5224588513374329, "jp_fx": 0.5039145946502686, "kr_fx": 6.518277168273926}
[Validation] per_target_dir_mismatch_json={"us_Trade Weighted Dollar Index": 0.2727272727272727, "jp_fx": 0.36363636363636365, "kr_fx": 0.2727272727272727}
| end of epoch  13 | time:  5.62s | train_loss 0.0444 | valid rse 2.8056 | valid rae 3.6653 | valid corr  -0.1889 | valid smape  0.3386 | focus_rrse 4.0131 | obj 4.0131
Experiment: 1
Iter: 0
epoch: 14
hp= [1, 0.00012749999999999998, 32, 128, 256, 1024, 30, 0.0, 2, 40, 0.6, 0.1, 3, 14]
best sum= 6.65975141122104
best rrse= 2.805567536194009
best rrae= 3.665254004302353
best corr= -0.18892987
best smape= 0.3386021098568042
best objective= 4.013073444366455
best hps= [1, 0.00012749999999999998, 32, 128, 256, 1024, 30, 0.0, 2, 40, 0.6, 0.1, 3, 1]
best test rse= 3.479000079120648
best test corr= -0.11808471
[Target-Weighted Loss] weights applied: {'us_Trade Weighted Dollar Index': 80.0, 'kr_fx': 80.0, 'jp_fx': 80.0}
[Target-Only Loss] enabled for columns: ['us_Trade Weighted Dollar Index', 'jp_fx', 'kr_fx']
[Bias Penalty] enabled lambda=0.4 scope=focus cols=['us_Trade Weighted Dollar Index', 'jp_fx', 'kr_fx']
iter:  0 | loss: 0.055
iter:  1 | loss: 0.049
iter:  2 | loss: 0.030
iter:  3 | loss: 0.056
iter:  4 | loss: 0.058
iter:  5 | loss: 0.037
iter:  6 | loss: 0.037
iter:  7 | loss: 0.039
iter:  8 | loss: 0.045
iter:  9 | loss: 0.043
iter: 10 | loss: 0.024
iter: 11 | loss: 0.043
iter: 12 | loss: 0.047
iter: 13 | loss: 0.076
iter: 14 | loss: 0.039
iter: 15 | loss: 0.043
iter: 16 | loss: 0.030
iter: 17 | loss: 0.071
iter: 18 | loss: 0.041
iter: 19 | loss: 0.033
iter: 20 | loss: 0.028
iter: 21 | loss: 0.043
iter: 22 | loss: 0.039
iter: 23 | loss: 0.026
iter: 24 | loss: 0.054
iter: 25 | loss: 0.052
iter: 26 | loss: 0.055
iter: 27 | loss: 0.072
iter: 28 | loss: 0.023
iter: 29 | loss: 0.024
iter: 30 | loss: 0.060
iter: 31 | loss: 0.041
iter: 32 | loss: 0.107
testing r= 5
rrse(target)=97.84682903970368 / 34.87594854780834 | rrse(all)=191703188232832.22 / 34622966134154.824 | report_mode=targets
[Validation] per_target_rrse_json={"us_Trade Weighted Dollar Index": 3.675626039505005, "jp_fx": 5.690561771392822, "kr_fx": 2.673032283782959}
[Validation] per_target_lag_mae_json={"us_Trade Weighted Dollar Index": 0.5224588513374329, "jp_fx": 0.5039145946502686, "kr_fx": 6.518277168273926}
[Validation] per_target_dir_mismatch_json={"us_Trade Weighted Dollar Index": 0.2727272727272727, "jp_fx": 0.36363636363636365, "kr_fx": 0.2727272727272727}
| end of epoch  14 | time:  5.37s | train_loss 0.0456 | valid rse 2.8056 | valid rae 3.6653 | valid corr  -0.1889 | valid smape  0.3386 | focus_rrse 4.0131 | obj 4.0131
Experiment: 1
Iter: 0
epoch: 15
hp= [1, 0.00012749999999999998, 32, 128, 256, 1024, 30, 0.0, 2, 40, 0.6, 0.1, 3, 15]
best sum= 6.65975141122104
best rrse= 2.805567536194009
best rrae= 3.665254004302353
best corr= -0.18892987
best smape= 0.3386021098568042
best objective= 4.013073444366455
best hps= [1, 0.00012749999999999998, 32, 128, 256, 1024, 30, 0.0, 2, 40, 0.6, 0.1, 3, 1]
best test rse= 3.479000079120648
best test corr= -0.11808471
[Target-Weighted Loss] weights applied: {'us_Trade Weighted Dollar Index': 80.0, 'kr_fx': 80.0, 'jp_fx': 80.0}
[Target-Only Loss] enabled for columns: ['us_Trade Weighted Dollar Index', 'jp_fx', 'kr_fx']
[Bias Penalty] enabled lambda=0.4 scope=focus cols=['us_Trade Weighted Dollar Index', 'jp_fx', 'kr_fx']
iter:  0 | loss: 0.037
iter:  1 | loss: 0.059
iter:  2 | loss: 0.037
iter:  3 | loss: 0.069
iter:  4 | loss: 0.033
iter:  5 | loss: 0.035
iter:  6 | loss: 0.045
iter:  7 | loss: 0.041
iter:  8 | loss: 0.027
iter:  9 | loss: 0.053
iter: 10 | loss: 0.046
iter: 11 | loss: 0.064
iter: 12 | loss: 0.045
iter: 13 | loss: 0.038
iter: 14 | loss: 0.039
iter: 15 | loss: 0.054
iter: 16 | loss: 0.043
iter: 17 | loss: 0.036
iter: 18 | loss: 0.033
iter: 19 | loss: 0.042
iter: 20 | loss: 0.063
iter: 21 | loss: 0.091
iter: 22 | loss: 0.040
iter: 23 | loss: 0.036
iter: 24 | loss: 0.024
iter: 25 | loss: 0.040
iter: 26 | loss: 0.048
iter: 27 | loss: 0.045
iter: 28 | loss: 0.037
iter: 29 | loss: 0.038
iter: 30 | loss: 0.027
iter: 31 | loss: 0.040
iter: 32 | loss: 0.089
testing r= 5
rrse(target)=97.84682903970368 / 34.87594854780834 | rrse(all)=191703188232832.22 / 34622966134154.824 | report_mode=targets
[Validation] per_target_rrse_json={"us_Trade Weighted Dollar Index": 3.675626039505005, "jp_fx": 5.690561771392822, "kr_fx": 2.673032283782959}
[Validation] per_target_lag_mae_json={"us_Trade Weighted Dollar Index": 0.5224588513374329, "jp_fx": 0.5039145946502686, "kr_fx": 6.518277168273926}
[Validation] per_target_dir_mismatch_json={"us_Trade Weighted Dollar Index": 0.2727272727272727, "jp_fx": 0.36363636363636365, "kr_fx": 0.2727272727272727}
| end of epoch  15 | time:  5.33s | train_loss 0.0449 | valid rse 2.8056 | valid rae 3.6653 | valid corr  -0.1889 | valid smape  0.3386 | focus_rrse 4.0131 | obj 4.0131
Experiment: 1
Iter: 0
epoch: 16
hp= [1, 0.00012749999999999998, 32, 128, 256, 1024, 30, 0.0, 2, 40, 0.6, 0.1, 3, 16]
best sum= 6.65975141122104
best rrse= 2.805567536194009
best rrae= 3.665254004302353
best corr= -0.18892987
best smape= 0.3386021098568042
best objective= 4.013073444366455
best hps= [1, 0.00012749999999999998, 32, 128, 256, 1024, 30, 0.0, 2, 40, 0.6, 0.1, 3, 1]
best test rse= 3.479000079120648
best test corr= -0.11808471
[Target-Weighted Loss] weights applied: {'us_Trade Weighted Dollar Index': 80.0, 'kr_fx': 80.0, 'jp_fx': 80.0}
[Target-Only Loss] enabled for columns: ['us_Trade Weighted Dollar Index', 'jp_fx', 'kr_fx']
[Bias Penalty] enabled lambda=0.4 scope=focus cols=['us_Trade Weighted Dollar Index', 'jp_fx', 'kr_fx']
iter:  0 | loss: 0.035
iter:  1 | loss: 0.046
iter:  2 | loss: 0.039
iter:  3 | loss: 0.027
iter:  4 | loss: 0.040
iter:  5 | loss: 0.025
iter:  6 | loss: 0.037
iter:  7 | loss: 0.036
iter:  8 | loss: 0.038
iter:  9 | loss: 0.044
iter: 10 | loss: 0.024
iter: 11 | loss: 0.047
iter: 12 | loss: 0.058
iter: 13 | loss: 0.055
iter: 14 | loss: 0.028
iter: 15 | loss: 0.032
iter: 16 | loss: 0.035
iter: 17 | loss: 0.025
iter: 18 | loss: 0.043
iter: 19 | loss: 0.051
iter: 20 | loss: 0.110
iter: 21 | loss: 0.051
iter: 22 | loss: 0.053
iter: 23 | loss: 0.042
iter: 24 | loss: 0.024
iter: 25 | loss: 0.047
iter: 26 | loss: 0.104
iter: 27 | loss: 0.050
iter: 28 | loss: 0.054
iter: 29 | loss: 0.045
iter: 30 | loss: 0.061
iter: 31 | loss: 0.052
iter: 32 | loss: 0.093
testing r= 5
rrse(target)=97.84682903970368 / 34.87594854780834 | rrse(all)=191703188232832.22 / 34622966134154.824 | report_mode=targets
[Validation] per_target_rrse_json={"us_Trade Weighted Dollar Index": 3.675626039505005, "jp_fx": 5.690561771392822, "kr_fx": 2.673032283782959}
[Validation] per_target_lag_mae_json={"us_Trade Weighted Dollar Index": 0.5224588513374329, "jp_fx": 0.5039145946502686, "kr_fx": 6.518277168273926}
[Validation] per_target_dir_mismatch_json={"us_Trade Weighted Dollar Index": 0.2727272727272727, "jp_fx": 0.36363636363636365, "kr_fx": 0.2727272727272727}
| end of epoch  16 | time:  5.28s | train_loss 0.0467 | valid rse 2.8056 | valid rae 3.6653 | valid corr  -0.1889 | valid smape  0.3386 | focus_rrse 4.0131 | obj 4.0131
Experiment: 1
Iter: 0
epoch: 17
hp= [1, 0.00012749999999999998, 32, 128, 256, 1024, 30, 0.0, 2, 40, 0.6, 0.1, 3, 17]
best sum= 6.65975141122104
best rrse= 2.805567536194009
best rrae= 3.665254004302353
best corr= -0.18892987
best smape= 0.3386021098568042
best objective= 4.013073444366455
best hps= [1, 0.00012749999999999998, 32, 128, 256, 1024, 30, 0.0, 2, 40, 0.6, 0.1, 3, 1]
best test rse= 3.479000079120648
best test corr= -0.11808471
[Target-Weighted Loss] weights applied: {'us_Trade Weighted Dollar Index': 80.0, 'kr_fx': 80.0, 'jp_fx': 80.0}
[Target-Only Loss] enabled for columns: ['us_Trade Weighted Dollar Index', 'jp_fx', 'kr_fx']
[Bias Penalty] enabled lambda=0.4 scope=focus cols=['us_Trade Weighted Dollar Index', 'jp_fx', 'kr_fx']
iter:  0 | loss: 0.039
iter:  1 | loss: 0.026
iter:  2 | loss: 0.039
iter:  3 | loss: 0.026
iter:  4 | loss: 0.044
iter:  5 | loss: 0.025
iter:  6 | loss: 0.027
iter:  7 | loss: 0.032
iter:  8 | loss: 0.108
iter:  9 | loss: 0.048
iter: 10 | loss: 0.033
iter: 11 | loss: 0.037
iter: 12 | loss: 0.058
iter: 13 | loss: 0.063
iter: 14 | loss: 0.082
iter: 15 | loss: 0.036
iter: 16 | loss: 0.066
iter: 17 | loss: 0.043
iter: 18 | loss: 0.028
iter: 19 | loss: 0.036
iter: 20 | loss: 0.040
iter: 21 | loss: 0.035
iter: 22 | loss: 0.038
iter: 23 | loss: 0.045
iter: 24 | loss: 0.077
iter: 25 | loss: 0.017
iter: 26 | loss: 0.067
iter: 27 | loss: 0.035
iter: 28 | loss: 0.062
iter: 29 | loss: 0.073
iter: 30 | loss: 0.054
iter: 31 | loss: 0.028
iter: 32 | loss: 0.048
testing r= 5
rrse(target)=97.84682903970368 / 34.87594854780834 | rrse(all)=191703188232832.22 / 34622966134154.824 | report_mode=targets
[Validation] per_target_rrse_json={"us_Trade Weighted Dollar Index": 3.675626039505005, "jp_fx": 5.690561771392822, "kr_fx": 2.673032283782959}
[Validation] per_target_lag_mae_json={"us_Trade Weighted Dollar Index": 0.5224588513374329, "jp_fx": 0.5039145946502686, "kr_fx": 6.518277168273926}
[Validation] per_target_dir_mismatch_json={"us_Trade Weighted Dollar Index": 0.2727272727272727, "jp_fx": 0.36363636363636365, "kr_fx": 0.2727272727272727}
| end of epoch  17 | time:  5.33s | train_loss 0.0459 | valid rse 2.8056 | valid rae 3.6653 | valid corr  -0.1889 | valid smape  0.3386 | focus_rrse 4.0131 | obj 4.0131
Experiment: 1
Iter: 0
epoch: 18
hp= [1, 0.00012749999999999998, 32, 128, 256, 1024, 30, 0.0, 2, 40, 0.6, 0.1, 3, 18]
best sum= 6.65975141122104
best rrse= 2.805567536194009
best rrae= 3.665254004302353
best corr= -0.18892987
best smape= 0.3386021098568042
best objective= 4.013073444366455
best hps= [1, 0.00012749999999999998, 32, 128, 256, 1024, 30, 0.0, 2, 40, 0.6, 0.1, 3, 1]
best test rse= 3.479000079120648
best test corr= -0.11808471
[Target-Weighted Loss] weights applied: {'us_Trade Weighted Dollar Index': 80.0, 'kr_fx': 80.0, 'jp_fx': 80.0}
[Target-Only Loss] enabled for columns: ['us_Trade Weighted Dollar Index', 'jp_fx', 'kr_fx']
[Bias Penalty] enabled lambda=0.4 scope=focus cols=['us_Trade Weighted Dollar Index', 'jp_fx', 'kr_fx']
iter:  0 | loss: 0.067
iter:  1 | loss: 0.057
iter:  2 | loss: 0.023
iter:  3 | loss: 0.028
iter:  4 | loss: 0.075
iter:  5 | loss: 0.049
iter:  6 | loss: 0.050
iter:  7 | loss: 0.061
iter:  8 | loss: 0.028
iter:  9 | loss: 0.034
iter: 10 | loss: 0.055
iter: 11 | loss: 0.070
iter: 12 | loss: 0.056
iter: 13 | loss: 0.040
iter: 14 | loss: 0.035
iter: 15 | loss: 0.055
iter: 16 | loss: 0.050
iter: 17 | loss: 0.034
iter: 18 | loss: 0.034
iter: 19 | loss: 0.049
iter: 20 | loss: 0.025
iter: 21 | loss: 0.050
iter: 22 | loss: 0.065
iter: 23 | loss: 0.068
iter: 24 | loss: 0.026
iter: 25 | loss: 0.022
iter: 26 | loss: 0.060
iter: 27 | loss: 0.031
iter: 28 | loss: 0.026
iter: 29 | loss: 0.053
iter: 30 | loss: 0.027
iter: 31 | loss: 0.034
iter: 32 | loss: 0.085
testing r= 5
rrse(target)=97.84682903970368 / 34.87594854780834 | rrse(all)=191703188232832.22 / 34622966134154.824 | report_mode=targets
[Validation] per_target_rrse_json={"us_Trade Weighted Dollar Index": 3.675626039505005, "jp_fx": 5.690561771392822, "kr_fx": 2.673032283782959}
[Validation] per_target_lag_mae_json={"us_Trade Weighted Dollar Index": 0.5224588513374329, "jp_fx": 0.5039145946502686, "kr_fx": 6.518277168273926}
[Validation] per_target_dir_mismatch_json={"us_Trade Weighted Dollar Index": 0.2727272727272727, "jp_fx": 0.36363636363636365, "kr_fx": 0.2727272727272727}
| end of epoch  18 | time:  5.45s | train_loss 0.0458 | valid rse 2.8056 | valid rae 3.6653 | valid corr  -0.1889 | valid smape  0.3386 | focus_rrse 4.0131 | obj 4.0131
Experiment: 1
Iter: 0
epoch: 19
hp= [1, 0.00012749999999999998, 32, 128, 256, 1024, 30, 0.0, 2, 40, 0.6, 0.1, 3, 19]
best sum= 6.65975141122104
best rrse= 2.805567536194009
best rrae= 3.665254004302353
best corr= -0.18892987
best smape= 0.3386021098568042
best objective= 4.013073444366455
best hps= [1, 0.00012749999999999998, 32, 128, 256, 1024, 30, 0.0, 2, 40, 0.6, 0.1, 3, 1]
best test rse= 3.479000079120648
best test corr= -0.11808471
[Target-Weighted Loss] weights applied: {'us_Trade Weighted Dollar Index': 80.0, 'kr_fx': 80.0, 'jp_fx': 80.0}
[Target-Only Loss] enabled for columns: ['us_Trade Weighted Dollar Index', 'jp_fx', 'kr_fx']
[Bias Penalty] enabled lambda=0.4 scope=focus cols=['us_Trade Weighted Dollar Index', 'jp_fx', 'kr_fx']
iter:  0 | loss: 0.040
iter:  1 | loss: 0.042
iter:  2 | loss: 0.050
iter:  3 | loss: 0.059
iter:  4 | loss: 0.047
iter:  5 | loss: 0.035
iter:  6 | loss: 0.048
iter:  7 | loss: 0.054
iter:  8 | loss: 0.034
iter:  9 | loss: 0.030
iter: 10 | loss: 0.041
iter: 11 | loss: 0.045
iter: 12 | loss: 0.042
iter: 13 | loss: 0.041
iter: 14 | loss: 0.047
iter: 15 | loss: 0.032
iter: 16 | loss: 0.061
iter: 17 | loss: 0.051
iter: 18 | loss: 0.049
iter: 19 | loss: 0.062
iter: 20 | loss: 0.037
iter: 21 | loss: 0.043
iter: 22 | loss: 0.031
iter: 23 | loss: 0.058
iter: 24 | loss: 0.060
iter: 25 | loss: 0.055
iter: 26 | loss: 0.058
iter: 27 | loss: 0.028
iter: 28 | loss: 0.036
iter: 29 | loss: 0.044
iter: 30 | loss: 0.031
iter: 31 | loss: 0.036
iter: 32 | loss: 0.045
testing r= 5
rrse(target)=97.84682903970368 / 34.87594854780834 | rrse(all)=191703188232832.22 / 34622966134154.824 | report_mode=targets
[Validation] per_target_rrse_json={"us_Trade Weighted Dollar Index": 3.675626039505005, "jp_fx": 5.690561771392822, "kr_fx": 2.673032283782959}
[Validation] per_target_lag_mae_json={"us_Trade Weighted Dollar Index": 0.5224588513374329, "jp_fx": 0.5039145946502686, "kr_fx": 6.518277168273926}
[Validation] per_target_dir_mismatch_json={"us_Trade Weighted Dollar Index": 0.2727272727272727, "jp_fx": 0.36363636363636365, "kr_fx": 0.2727272727272727}
| end of epoch  19 | time:  5.49s | train_loss 0.0447 | valid rse 2.8056 | valid rae 3.6653 | valid corr  -0.1889 | valid smape  0.3386 | focus_rrse 4.0131 | obj 4.0131
Experiment: 1
Iter: 0
epoch: 20
hp= [1, 0.00012749999999999998, 32, 128, 256, 1024, 30, 0.0, 2, 40, 0.6, 0.1, 3, 20]
best sum= 6.65975141122104
best rrse= 2.805567536194009
best rrae= 3.665254004302353
best corr= -0.18892987
best smape= 0.3386021098568042
best objective= 4.013073444366455
best hps= [1, 0.00012749999999999998, 32, 128, 256, 1024, 30, 0.0, 2, 40, 0.6, 0.1, 3, 1]
best test rse= 3.479000079120648
best test corr= -0.11808471
[Target-Weighted Loss] weights applied: {'us_Trade Weighted Dollar Index': 80.0, 'kr_fx': 80.0, 'jp_fx': 80.0}
[Target-Only Loss] enabled for columns: ['us_Trade Weighted Dollar Index', 'jp_fx', 'kr_fx']
[Bias Penalty] enabled lambda=0.4 scope=focus cols=['us_Trade Weighted Dollar Index', 'jp_fx', 'kr_fx']
iter:  0 | loss: 0.036
iter:  1 | loss: 0.037
iter:  2 | loss: 0.038
iter:  3 | loss: 0.053
iter:  4 | loss: 0.059
iter:  5 | loss: 0.044
iter:  6 | loss: 0.056
iter:  7 | loss: 0.037
iter:  8 | loss: 0.031
iter:  9 | loss: 0.052
iter: 10 | loss: 0.047
iter: 11 | loss: 0.026
iter: 12 | loss: 0.040
iter: 13 | loss: 0.063
iter: 14 | loss: 0.040
iter: 15 | loss: 0.038
iter: 16 | loss: 0.045
iter: 17 | loss: 0.028
iter: 18 | loss: 0.074
iter: 19 | loss: 0.054
iter: 20 | loss: 0.039
iter: 21 | loss: 0.028
iter: 22 | loss: 0.026
iter: 23 | loss: 0.052
iter: 24 | loss: 0.060
iter: 25 | loss: 0.044
iter: 26 | loss: 0.031
iter: 27 | loss: 0.028
iter: 28 | loss: 0.042
iter: 29 | loss: 0.063
iter: 30 | loss: 0.037
iter: 31 | loss: 0.042
iter: 32 | loss: 0.084
testing r= 5
rrse(target)=97.84682903970368 / 34.87594854780834 | rrse(all)=191703188232832.22 / 34622966134154.824 | report_mode=targets
[Validation] per_target_rrse_json={"us_Trade Weighted Dollar Index": 3.675626039505005, "jp_fx": 5.690561771392822, "kr_fx": 2.673032283782959}
[Validation] per_target_lag_mae_json={"us_Trade Weighted Dollar Index": 0.5224588513374329, "jp_fx": 0.5039145946502686, "kr_fx": 6.518277168273926}
[Validation] per_target_dir_mismatch_json={"us_Trade Weighted Dollar Index": 0.2727272727272727, "jp_fx": 0.36363636363636365, "kr_fx": 0.2727272727272727}
| end of epoch  20 | time:  5.42s | train_loss 0.0443 | valid rse 2.8056 | valid rae 3.6653 | valid corr  -0.1889 | valid smape  0.3386 | focus_rrse 4.0131 | obj 4.0131
Experiment: 1
Iter: 0
epoch: 21
hp= [1, 0.00012749999999999998, 32, 128, 256, 1024, 30, 0.0, 2, 40, 0.6, 0.1, 3, 21]
best sum= 6.65975141122104
best rrse= 2.805567536194009
best rrae= 3.665254004302353
best corr= -0.18892987
best smape= 0.3386021098568042
best objective= 4.013073444366455
best hps= [1, 0.00012749999999999998, 32, 128, 256, 1024, 30, 0.0, 2, 40, 0.6, 0.1, 3, 1]
best test rse= 3.479000079120648
best test corr= -0.11808471
[Target-Weighted Loss] weights applied: {'us_Trade Weighted Dollar Index': 80.0, 'kr_fx': 80.0, 'jp_fx': 80.0}
[Target-Only Loss] enabled for columns: ['us_Trade Weighted Dollar Index', 'jp_fx', 'kr_fx']
[Bias Penalty] enabled lambda=0.4 scope=focus cols=['us_Trade Weighted Dollar Index', 'jp_fx', 'kr_fx']
iter:  0 | loss: 0.030
iter:  1 | loss: 0.024
iter:  2 | loss: 0.032
iter:  3 | loss: 0.034
iter:  4 | loss: 0.038
iter:  5 | loss: 0.038
iter:  6 | loss: 0.056
iter:  7 | loss: 0.041
iter:  8 | loss: 0.039
iter:  9 | loss: 0.043
iter: 10 | loss: 0.055
iter: 11 | loss: 0.032
iter: 12 | loss: 0.039
iter: 13 | loss: 0.051
iter: 14 | loss: 0.042
iter: 15 | loss: 0.047
iter: 16 | loss: 0.030
iter: 17 | loss: 0.045
iter: 18 | loss: 0.065
iter: 19 | loss: 0.031
iter: 20 | loss: 0.021
iter: 21 | loss: 0.048
iter: 22 | loss: 0.052
iter: 23 | loss: 0.053
iter: 24 | loss: 0.033
iter: 25 | loss: 0.049
iter: 26 | loss: 0.029
iter: 27 | loss: 0.057
iter: 28 | loss: 0.034
iter: 29 | loss: 0.045
iter: 30 | loss: 0.136
iter: 31 | loss: 0.037
iter: 32 | loss: 0.069
testing r= 5
rrse(target)=97.84682903970368 / 34.87594854780834 | rrse(all)=191703188232832.22 / 34622966134154.824 | report_mode=targets
[Validation] per_target_rrse_json={"us_Trade Weighted Dollar Index": 3.675626039505005, "jp_fx": 5.690561771392822, "kr_fx": 2.673032283782959}
[Validation] per_target_lag_mae_json={"us_Trade Weighted Dollar Index": 0.5224588513374329, "jp_fx": 0.5039145946502686, "kr_fx": 6.518277168273926}
[Validation] per_target_dir_mismatch_json={"us_Trade Weighted Dollar Index": 0.2727272727272727, "jp_fx": 0.36363636363636365, "kr_fx": 0.2727272727272727}
| end of epoch  21 | time:  5.38s | train_loss 0.0445 | valid rse 2.8056 | valid rae 3.6653 | valid corr  -0.1889 | valid smape  0.3386 | focus_rrse 4.0131 | obj 4.0131
Experiment: 1
Iter: 0
epoch: 22
hp= [1, 0.00012749999999999998, 32, 128, 256, 1024, 30, 0.0, 2, 40, 0.6, 0.1, 3, 22]
best sum= 6.65975141122104
best rrse= 2.805567536194009
best rrae= 3.665254004302353
best corr= -0.18892987
best smape= 0.3386021098568042
best objective= 4.013073444366455
best hps= [1, 0.00012749999999999998, 32, 128, 256, 1024, 30, 0.0, 2, 40, 0.6, 0.1, 3, 1]
best test rse= 3.479000079120648
best test corr= -0.11808471
[Target-Weighted Loss] weights applied: {'us_Trade Weighted Dollar Index': 80.0, 'kr_fx': 80.0, 'jp_fx': 80.0}
[Target-Only Loss] enabled for columns: ['us_Trade Weighted Dollar Index', 'jp_fx', 'kr_fx']
[Bias Penalty] enabled lambda=0.4 scope=focus cols=['us_Trade Weighted Dollar Index', 'jp_fx', 'kr_fx']
iter:  0 | loss: 0.064
iter:  1 | loss: 0.032
iter:  2 | loss: 0.070
iter:  3 | loss: 0.046
iter:  4 | loss: 0.040
iter:  5 | loss: 0.026
iter:  6 | loss: 0.023
iter:  7 | loss: 0.039
iter:  8 | loss: 0.036
iter:  9 | loss: 0.045
iter: 10 | loss: 0.049
iter: 11 | loss: 0.048
iter: 12 | loss: 0.087
iter: 13 | loss: 0.032
iter: 14 | loss: 0.053
iter: 15 | loss: 0.039
iter: 16 | loss: 0.045
iter: 17 | loss: 0.043
iter: 18 | loss: 0.047
iter: 19 | loss: 0.052
iter: 20 | loss: 0.053
iter: 21 | loss: 0.039
iter: 22 | loss: 0.039
iter: 23 | loss: 0.035
iter: 24 | loss: 0.037
iter: 25 | loss: 0.049
iter: 26 | loss: 0.039
iter: 27 | loss: 0.065
iter: 28 | loss: 0.023
iter: 29 | loss: 0.042
iter: 30 | loss: 0.060
iter: 31 | loss: 0.039
iter: 32 | loss: 0.043
testing r= 5
rrse(target)=97.84682903970368 / 34.87594854780834 | rrse(all)=191703188232832.22 / 34622966134154.824 | report_mode=targets
[Validation] per_target_rrse_json={"us_Trade Weighted Dollar Index": 3.675626039505005, "jp_fx": 5.690561771392822, "kr_fx": 2.673032283782959}
[Validation] per_target_lag_mae_json={"us_Trade Weighted Dollar Index": 0.5224588513374329, "jp_fx": 0.5039145946502686, "kr_fx": 6.518277168273926}
[Validation] per_target_dir_mismatch_json={"us_Trade Weighted Dollar Index": 0.2727272727272727, "jp_fx": 0.36363636363636365, "kr_fx": 0.2727272727272727}
| end of epoch  22 | time:  5.37s | train_loss 0.0449 | valid rse 2.8056 | valid rae 3.6653 | valid corr  -0.1889 | valid smape  0.3386 | focus_rrse 4.0131 | obj 4.0131
Experiment: 1
Iter: 0
epoch: 23
hp= [1, 0.00012749999999999998, 32, 128, 256, 1024, 30, 0.0, 2, 40, 0.6, 0.1, 3, 23]
best sum= 6.65975141122104
best rrse= 2.805567536194009
best rrae= 3.665254004302353
best corr= -0.18892987
best smape= 0.3386021098568042
best objective= 4.013073444366455
best hps= [1, 0.00012749999999999998, 32, 128, 256, 1024, 30, 0.0, 2, 40, 0.6, 0.1, 3, 1]
best test rse= 3.479000079120648
best test corr= -0.11808471
[Target-Weighted Loss] weights applied: {'us_Trade Weighted Dollar Index': 80.0, 'kr_fx': 80.0, 'jp_fx': 80.0}
[Target-Only Loss] enabled for columns: ['us_Trade Weighted Dollar Index', 'jp_fx', 'kr_fx']
[Bias Penalty] enabled lambda=0.4 scope=focus cols=['us_Trade Weighted Dollar Index', 'jp_fx', 'kr_fx']
iter:  0 | loss: 0.044
iter:  1 | loss: 0.032
iter:  2 | loss: 0.040
iter:  3 | loss: 0.023
iter:  4 | loss: 0.039
iter:  5 | loss: 0.036
iter:  6 | loss: 0.052
iter:  7 | loss: 0.058
iter:  8 | loss: 0.055
iter:  9 | loss: 0.037
iter: 10 | loss: 0.037
iter: 11 | loss: 0.044
iter: 12 | loss: 0.045
iter: 13 | loss: 0.092
iter: 14 | loss: 0.023
iter: 15 | loss: 0.064
iter: 16 | loss: 0.040
iter: 17 | loss: 0.044
iter: 18 | loss: 0.036
iter: 19 | loss: 0.050
iter: 20 | loss: 0.037
iter: 21 | loss: 0.033
iter: 22 | loss: 0.075
iter: 23 | loss: 0.032
iter: 24 | loss: 0.030
iter: 25 | loss: 0.026
iter: 26 | loss: 0.024
iter: 27 | loss: 0.060
iter: 28 | loss: 0.048
iter: 29 | loss: 0.058
iter: 30 | loss: 0.052
iter: 31 | loss: 0.040
iter: 32 | loss: 0.065
testing r= 5
rrse(target)=97.84682903970368 / 34.87594854780834 | rrse(all)=191703188232832.22 / 34622966134154.824 | report_mode=targets
[Validation] per_target_rrse_json={"us_Trade Weighted Dollar Index": 3.675626039505005, "jp_fx": 5.690561771392822, "kr_fx": 2.673032283782959}
[Validation] per_target_lag_mae_json={"us_Trade Weighted Dollar Index": 0.5224588513374329, "jp_fx": 0.5039145946502686, "kr_fx": 6.518277168273926}
[Validation] per_target_dir_mismatch_json={"us_Trade Weighted Dollar Index": 0.2727272727272727, "jp_fx": 0.36363636363636365, "kr_fx": 0.2727272727272727}
| end of epoch  23 | time:  5.43s | train_loss 0.0445 | valid rse 2.8056 | valid rae 3.6653 | valid corr  -0.1889 | valid smape  0.3386 | focus_rrse 4.0131 | obj 4.0131
Experiment: 1
Iter: 0
epoch: 24
hp= [1, 0.00012749999999999998, 32, 128, 256, 1024, 30, 0.0, 2, 40, 0.6, 0.1, 3, 24]
best sum= 6.65975141122104
best rrse= 2.805567536194009
best rrae= 3.665254004302353
best corr= -0.18892987
best smape= 0.3386021098568042
best objective= 4.013073444366455
best hps= [1, 0.00012749999999999998, 32, 128, 256, 1024, 30, 0.0, 2, 40, 0.6, 0.1, 3, 1]
best test rse= 3.479000079120648
best test corr= -0.11808471
[Target-Weighted Loss] weights applied: {'us_Trade Weighted Dollar Index': 80.0, 'kr_fx': 80.0, 'jp_fx': 80.0}
[Target-Only Loss] enabled for columns: ['us_Trade Weighted Dollar Index', 'jp_fx', 'kr_fx']
[Bias Penalty] enabled lambda=0.4 scope=focus cols=['us_Trade Weighted Dollar Index', 'jp_fx', 'kr_fx']
iter:  0 | loss: 0.030
iter:  1 | loss: 0.026
iter:  2 | loss: 0.037
iter:  3 | loss: 0.027
iter:  4 | loss: 0.057
iter:  5 | loss: 0.040
iter:  6 | loss: 0.058
iter:  7 | loss: 0.039
iter:  8 | loss: 0.059
iter:  9 | loss: 0.038
iter: 10 | loss: 0.036
iter: 11 | loss: 0.049
iter: 12 | loss: 0.041
iter: 13 | loss: 0.049
iter: 14 | loss: 0.033
iter: 15 | loss: 0.076
iter: 16 | loss: 0.045
iter: 17 | loss: 0.048
iter: 18 | loss: 0.040
iter: 19 | loss: 0.037
iter: 20 | loss: 0.061
iter: 21 | loss: 0.031
iter: 22 | loss: 0.066
iter: 23 | loss: 0.055
iter: 24 | loss: 0.049
iter: 25 | loss: 0.052
iter: 26 | loss: 0.017
iter: 27 | loss: 0.035
iter: 28 | loss: 0.040
iter: 29 | loss: 0.044
iter: 30 | loss: 0.051
iter: 31 | loss: 0.046
iter: 32 | loss: 0.075
testing r= 5
rrse(target)=97.84682903970368 / 34.87594854780834 | rrse(all)=191703188232832.22 / 34622966134154.824 | report_mode=targets
[Validation] per_target_rrse_json={"us_Trade Weighted Dollar Index": 3.675626039505005, "jp_fx": 5.690561771392822, "kr_fx": 2.673032283782959}
[Validation] per_target_lag_mae_json={"us_Trade Weighted Dollar Index": 0.5224588513374329, "jp_fx": 0.5039145946502686, "kr_fx": 6.518277168273926}
[Validation] per_target_dir_mismatch_json={"us_Trade Weighted Dollar Index": 0.2727272727272727, "jp_fx": 0.36363636363636365, "kr_fx": 0.2727272727272727}
| end of epoch  24 | time:  5.21s | train_loss 0.0449 | valid rse 2.8056 | valid rae 3.6653 | valid corr  -0.1889 | valid smape  0.3386 | focus_rrse 4.0131 | obj 4.0131
Experiment: 1
Iter: 0
epoch: 25
hp= [1, 0.00012749999999999998, 32, 128, 256, 1024, 30, 0.0, 2, 40, 0.6, 0.1, 3, 25]
best sum= 6.65975141122104
best rrse= 2.805567536194009
best rrae= 3.665254004302353
best corr= -0.18892987
best smape= 0.3386021098568042
best objective= 4.013073444366455
best hps= [1, 0.00012749999999999998, 32, 128, 256, 1024, 30, 0.0, 2, 40, 0.6, 0.1, 3, 1]
best test rse= 3.479000079120648
best test corr= -0.11808471
[Target-Weighted Loss] weights applied: {'us_Trade Weighted Dollar Index': 80.0, 'kr_fx': 80.0, 'jp_fx': 80.0}
[Target-Only Loss] enabled for columns: ['us_Trade Weighted Dollar Index', 'jp_fx', 'kr_fx']
[Bias Penalty] enabled lambda=0.4 scope=focus cols=['us_Trade Weighted Dollar Index', 'jp_fx', 'kr_fx']
iter:  0 | loss: 0.045
iter:  1 | loss: 0.026
iter:  2 | loss: 0.062
iter:  3 | loss: 0.045
iter:  4 | loss: 0.059
iter:  5 | loss: 0.054
iter:  6 | loss: 0.042
iter:  7 | loss: 0.054
iter:  8 | loss: 0.034
iter:  9 | loss: 0.022
iter: 10 | loss: 0.049
iter: 11 | loss: 0.100
iter: 12 | loss: 0.017
iter: 13 | loss: 0.033
iter: 14 | loss: 0.027
iter: 15 | loss: 0.077
iter: 16 | loss: 0.043
iter: 17 | loss: 0.046
iter: 18 | loss: 0.033
iter: 19 | loss: 0.035
iter: 20 | loss: 0.045
iter: 21 | loss: 0.061
iter: 22 | loss: 0.032
iter: 23 | loss: 0.060
iter: 24 | loss: 0.032
iter: 25 | loss: 0.041
iter: 26 | loss: 0.037
iter: 27 | loss: 0.038
iter: 28 | loss: 0.050
iter: 29 | loss: 0.033
iter: 30 | loss: 0.030
iter: 31 | loss: 0.041
iter: 32 | loss: 0.095
testing r= 5
rrse(target)=97.84682903970368 / 34.87594854780834 | rrse(all)=191703188232832.22 / 34622966134154.824 | report_mode=targets
[Validation] per_target_rrse_json={"us_Trade Weighted Dollar Index": 3.675626039505005, "jp_fx": 5.690561771392822, "kr_fx": 2.673032283782959}
[Validation] per_target_lag_mae_json={"us_Trade Weighted Dollar Index": 0.5224588513374329, "jp_fx": 0.5039145946502686, "kr_fx": 6.518277168273926}
[Validation] per_target_dir_mismatch_json={"us_Trade Weighted Dollar Index": 0.2727272727272727, "jp_fx": 0.36363636363636365, "kr_fx": 0.2727272727272727}
| end of epoch  25 | time:  5.36s | train_loss 0.0450 | valid rse 2.8056 | valid rae 3.6653 | valid corr  -0.1889 | valid smape  0.3386 | focus_rrse 4.0131 | obj 4.0131
Experiment: 1
Iter: 0
epoch: 26
hp= [1, 0.00012749999999999998, 32, 128, 256, 1024, 30, 0.0, 2, 40, 0.6, 0.1, 3, 26]
best sum= 6.65975141122104
best rrse= 2.805567536194009
best rrae= 3.665254004302353
best corr= -0.18892987
best smape= 0.3386021098568042
best objective= 4.013073444366455
best hps= [1, 0.00012749999999999998, 32, 128, 256, 1024, 30, 0.0, 2, 40, 0.6, 0.1, 3, 1]
best test rse= 3.479000079120648
best test corr= -0.11808471
[Target-Weighted Loss] weights applied: {'us_Trade Weighted Dollar Index': 80.0, 'kr_fx': 80.0, 'jp_fx': 80.0}
[Target-Only Loss] enabled for columns: ['us_Trade Weighted Dollar Index', 'jp_fx', 'kr_fx']
[Bias Penalty] enabled lambda=0.4 scope=focus cols=['us_Trade Weighted Dollar Index', 'jp_fx', 'kr_fx']
iter:  0 | loss: 0.050
iter:  1 | loss: 0.046
iter:  2 | loss: 0.040
iter:  3 | loss: 0.050
iter:  4 | loss: 0.071
iter:  5 | loss: 0.038
iter:  6 | loss: 0.044
iter:  7 | loss: 0.038
iter:  8 | loss: 0.049
iter:  9 | loss: 0.035
iter: 10 | loss: 0.036
iter: 11 | loss: 0.033
iter: 12 | loss: 0.051
iter: 13 | loss: 0.054
iter: 14 | loss: 0.030
iter: 15 | loss: 0.045
iter: 16 | loss: 0.034
iter: 17 | loss: 0.034
iter: 18 | loss: 0.045
iter: 19 | loss: 0.040
iter: 20 | loss: 0.038
iter: 21 | loss: 0.026
iter: 22 | loss: 0.039
iter: 23 | loss: 0.039
iter: 24 | loss: 0.027
iter: 25 | loss: 0.036
iter: 26 | loss: 0.041
iter: 27 | loss: 0.059
iter: 28 | loss: 0.039
iter: 29 | loss: 0.073
iter: 30 | loss: 0.034
iter: 31 | loss: 0.038
iter: 32 | loss: 0.136
testing r= 5
rrse(target)=97.84682903970368 / 34.87594854780834 | rrse(all)=191703188232832.22 / 34622966134154.824 | report_mode=targets
[Validation] per_target_rrse_json={"us_Trade Weighted Dollar Index": 3.675626039505005, "jp_fx": 5.690561771392822, "kr_fx": 2.673032283782959}
[Validation] per_target_lag_mae_json={"us_Trade Weighted Dollar Index": 0.5224588513374329, "jp_fx": 0.5039145946502686, "kr_fx": 6.518277168273926}
[Validation] per_target_dir_mismatch_json={"us_Trade Weighted Dollar Index": 0.2727272727272727, "jp_fx": 0.36363636363636365, "kr_fx": 0.2727272727272727}
| end of epoch  26 | time:  5.39s | train_loss 0.0444 | valid rse 2.8056 | valid rae 3.6653 | valid corr  -0.1889 | valid smape  0.3386 | focus_rrse 4.0131 | obj 4.0131
Experiment: 1
Iter: 0
epoch: 27
hp= [1, 0.00012749999999999998, 32, 128, 256, 1024, 30, 0.0, 2, 40, 0.6, 0.1, 3, 27]
best sum= 6.65975141122104
best rrse= 2.805567536194009
best rrae= 3.665254004302353
best corr= -0.18892987
best smape= 0.3386021098568042
best objective= 4.013073444366455
best hps= [1, 0.00012749999999999998, 32, 128, 256, 1024, 30, 0.0, 2, 40, 0.6, 0.1, 3, 1]
best test rse= 3.479000079120648
best test corr= -0.11808471
[Target-Weighted Loss] weights applied: {'us_Trade Weighted Dollar Index': 80.0, 'kr_fx': 80.0, 'jp_fx': 80.0}
[Target-Only Loss] enabled for columns: ['us_Trade Weighted Dollar Index', 'jp_fx', 'kr_fx']
[Bias Penalty] enabled lambda=0.4 scope=focus cols=['us_Trade Weighted Dollar Index', 'jp_fx', 'kr_fx']
iter:  0 | loss: 0.036
iter:  1 | loss: 0.050
iter:  2 | loss: 0.043
iter:  3 | loss: 0.023
iter:  4 | loss: 0.042
iter:  5 | loss: 0.015
iter:  6 | loss: 0.030
iter:  7 | loss: 0.061
iter:  8 | loss: 0.056
iter:  9 | loss: 0.038
iter: 10 | loss: 0.030
iter: 11 | loss: 0.066
iter: 12 | loss: 0.074
iter: 13 | loss: 0.025
iter: 14 | loss: 0.064
iter: 15 | loss: 0.046
iter: 16 | loss: 0.043
iter: 17 | loss: 0.044
iter: 18 | loss: 0.029
iter: 19 | loss: 0.037
iter: 20 | loss: 0.036
iter: 21 | loss: 0.021
iter: 22 | loss: 0.050
iter: 23 | loss: 0.063
iter: 24 | loss: 0.029
iter: 25 | loss: 0.058
iter: 26 | loss: 0.085
iter: 27 | loss: 0.015
iter: 28 | loss: 0.053
iter: 29 | loss: 0.050
iter: 30 | loss: 0.037
iter: 31 | loss: 0.042
iter: 32 | loss: 0.125
testing r= 5
rrse(target)=97.84682903970368 / 34.87594854780834 | rrse(all)=191703188232832.22 / 34622966134154.824 | report_mode=targets
[Validation] per_target_rrse_json={"us_Trade Weighted Dollar Index": 3.675626039505005, "jp_fx": 5.690561771392822, "kr_fx": 2.673032283782959}
[Validation] per_target_lag_mae_json={"us_Trade Weighted Dollar Index": 0.5224588513374329, "jp_fx": 0.5039145946502686, "kr_fx": 6.518277168273926}
[Validation] per_target_dir_mismatch_json={"us_Trade Weighted Dollar Index": 0.2727272727272727, "jp_fx": 0.36363636363636365, "kr_fx": 0.2727272727272727}
| end of epoch  27 | time:  5.29s | train_loss 0.0454 | valid rse 2.8056 | valid rae 3.6653 | valid corr  -0.1889 | valid smape  0.3386 | focus_rrse 4.0131 | obj 4.0131
Experiment: 1
Iter: 0
epoch: 28
hp= [1, 0.00012749999999999998, 32, 128, 256, 1024, 30, 0.0, 2, 40, 0.6, 0.1, 3, 28]
best sum= 6.65975141122104
best rrse= 2.805567536194009
best rrae= 3.665254004302353
best corr= -0.18892987
best smape= 0.3386021098568042
best objective= 4.013073444366455
best hps= [1, 0.00012749999999999998, 32, 128, 256, 1024, 30, 0.0, 2, 40, 0.6, 0.1, 3, 1]
best test rse= 3.479000079120648
best test corr= -0.11808471
[Target-Weighted Loss] weights applied: {'us_Trade Weighted Dollar Index': 80.0, 'kr_fx': 80.0, 'jp_fx': 80.0}
[Target-Only Loss] enabled for columns: ['us_Trade Weighted Dollar Index', 'jp_fx', 'kr_fx']
[Bias Penalty] enabled lambda=0.4 scope=focus cols=['us_Trade Weighted Dollar Index', 'jp_fx', 'kr_fx']
iter:  0 | loss: 0.041
iter:  1 | loss: 0.044
iter:  2 | loss: 0.055
iter:  3 | loss: 0.059
iter:  4 | loss: 0.041
iter:  5 | loss: 0.049
iter:  6 | loss: 0.034
iter:  7 | loss: 0.036
iter:  8 | loss: 0.053
iter:  9 | loss: 0.028
iter: 10 | loss: 0.049
iter: 11 | loss: 0.054
iter: 12 | loss: 0.036
iter: 13 | loss: 0.029
iter: 14 | loss: 0.031
iter: 15 | loss: 0.077
iter: 16 | loss: 0.048
iter: 17 | loss: 0.032
iter: 18 | loss: 0.030
iter: 19 | loss: 0.054
iter: 20 | loss: 0.068
iter: 21 | loss: 0.042
iter: 22 | loss: 0.059
iter: 23 | loss: 0.084
iter: 24 | loss: 0.041
iter: 25 | loss: 0.031
iter: 26 | loss: 0.055
iter: 27 | loss: 0.029
iter: 28 | loss: 0.042
iter: 29 | loss: 0.028
iter: 30 | loss: 0.049
iter: 31 | loss: 0.059
iter: 32 | loss: 0.042
testing r= 5
rrse(target)=97.84682903970368 / 34.87594854780834 | rrse(all)=191703188232832.22 / 34622966134154.824 | report_mode=targets
[Validation] per_target_rrse_json={"us_Trade Weighted Dollar Index": 3.675626039505005, "jp_fx": 5.690561771392822, "kr_fx": 2.673032283782959}
[Validation] per_target_lag_mae_json={"us_Trade Weighted Dollar Index": 0.5224588513374329, "jp_fx": 0.5039145946502686, "kr_fx": 6.518277168273926}
[Validation] per_target_dir_mismatch_json={"us_Trade Weighted Dollar Index": 0.2727272727272727, "jp_fx": 0.36363636363636365, "kr_fx": 0.2727272727272727}
| end of epoch  28 | time:  5.41s | train_loss 0.0457 | valid rse 2.8056 | valid rae 3.6653 | valid corr  -0.1889 | valid smape  0.3386 | focus_rrse 4.0131 | obj 4.0131
Experiment: 1
Iter: 0
epoch: 29
hp= [1, 0.00012749999999999998, 32, 128, 256, 1024, 30, 0.0, 2, 40, 0.6, 0.1, 3, 29]
best sum= 6.65975141122104
best rrse= 2.805567536194009
best rrae= 3.665254004302353
best corr= -0.18892987
best smape= 0.3386021098568042
best objective= 4.013073444366455
best hps= [1, 0.00012749999999999998, 32, 128, 256, 1024, 30, 0.0, 2, 40, 0.6, 0.1, 3, 1]
best test rse= 3.479000079120648
best test corr= -0.11808471
[Target-Weighted Loss] weights applied: {'us_Trade Weighted Dollar Index': 80.0, 'kr_fx': 80.0, 'jp_fx': 80.0}
[Target-Only Loss] enabled for columns: ['us_Trade Weighted Dollar Index', 'jp_fx', 'kr_fx']
[Bias Penalty] enabled lambda=0.4 scope=focus cols=['us_Trade Weighted Dollar Index', 'jp_fx', 'kr_fx']
iter:  0 | loss: 0.045
iter:  1 | loss: 0.041
iter:  2 | loss: 0.038
iter:  3 | loss: 0.035
iter:  4 | loss: 0.055
iter:  5 | loss: 0.038
iter:  6 | loss: 0.043
iter:  7 | loss: 0.050
iter:  8 | loss: 0.039
iter:  9 | loss: 0.038
iter: 10 | loss: 0.029
iter: 11 | loss: 0.045
iter: 12 | loss: 0.033
iter: 13 | loss: 0.023
iter: 14 | loss: 0.041
iter: 15 | loss: 0.046
iter: 16 | loss: 0.022
iter: 17 | loss: 0.063
iter: 18 | loss: 0.035
iter: 19 | loss: 0.076
iter: 20 | loss: 0.038
iter: 21 | loss: 0.054
iter: 22 | loss: 0.037
iter: 23 | loss: 0.042
iter: 24 | loss: 0.043
iter: 25 | loss: 0.032
iter: 26 | loss: 0.036
iter: 27 | loss: 0.032
iter: 28 | loss: 0.103
iter: 29 | loss: 0.049
iter: 30 | loss: 0.038
iter: 31 | loss: 0.043
iter: 32 | loss: 0.136
testing r= 5
rrse(target)=97.84682903970368 / 34.87594854780834 | rrse(all)=191703188232832.22 / 34622966134154.824 | report_mode=targets
[Validation] per_target_rrse_json={"us_Trade Weighted Dollar Index": 3.675626039505005, "jp_fx": 5.690561771392822, "kr_fx": 2.673032283782959}
[Validation] per_target_lag_mae_json={"us_Trade Weighted Dollar Index": 0.5224588513374329, "jp_fx": 0.5039145946502686, "kr_fx": 6.518277168273926}
[Validation] per_target_dir_mismatch_json={"us_Trade Weighted Dollar Index": 0.2727272727272727, "jp_fx": 0.36363636363636365, "kr_fx": 0.2727272727272727}
| end of epoch  29 | time:  5.44s | train_loss 0.0454 | valid rse 2.8056 | valid rae 3.6653 | valid corr  -0.1889 | valid smape  0.3386 | focus_rrse 4.0131 | obj 4.0131
Experiment: 1
Iter: 0
epoch: 30
hp= [1, 0.00012749999999999998, 32, 128, 256, 1024, 30, 0.0, 2, 40, 0.6, 0.1, 3, 30]
best sum= 6.65975141122104
best rrse= 2.805567536194009
best rrae= 3.665254004302353
best corr= -0.18892987
best smape= 0.3386021098568042
best objective= 4.013073444366455
best hps= [1, 0.00012749999999999998, 32, 128, 256, 1024, 30, 0.0, 2, 40, 0.6, 0.1, 3, 1]
best test rse= 3.479000079120648
best test corr= -0.11808471
[Target-Weighted Loss] weights applied: {'us_Trade Weighted Dollar Index': 80.0, 'kr_fx': 80.0, 'jp_fx': 80.0}
[Target-Only Loss] enabled for columns: ['us_Trade Weighted Dollar Index', 'jp_fx', 'kr_fx']
[Bias Penalty] enabled lambda=0.4 scope=focus cols=['us_Trade Weighted Dollar Index', 'jp_fx', 'kr_fx']
iter:  0 | loss: 0.054
iter:  1 | loss: 0.049
iter:  2 | loss: 0.018
iter:  3 | loss: 0.052
iter:  4 | loss: 0.046
iter:  5 | loss: 0.041
iter:  6 | loss: 0.046
iter:  7 | loss: 0.031
iter:  8 | loss: 0.023
iter:  9 | loss: 0.055
iter: 10 | loss: 0.041
iter: 11 | loss: 0.031
iter: 12 | loss: 0.019
iter: 13 | loss: 0.042
iter: 14 | loss: 0.059
iter: 15 | loss: 0.041
iter: 16 | loss: 0.044
iter: 17 | loss: 0.044
iter: 18 | loss: 0.027
iter: 19 | loss: 0.085
iter: 20 | loss: 0.024
iter: 21 | loss: 0.054
iter: 22 | loss: 0.047
iter: 23 | loss: 0.059
iter: 24 | loss: 0.050
iter: 25 | loss: 0.025
iter: 26 | loss: 0.060
iter: 27 | loss: 0.053
iter: 28 | loss: 0.056
iter: 29 | loss: 0.067
iter: 30 | loss: 0.033
iter: 31 | loss: 0.027
iter: 32 | loss: 0.076
testing r= 5
rrse(target)=97.84682903970368 / 34.87594854780834 | rrse(all)=191703188232832.22 / 34622966134154.824 | report_mode=targets
[Validation] per_target_rrse_json={"us_Trade Weighted Dollar Index": 3.675626039505005, "jp_fx": 5.690561771392822, "kr_fx": 2.673032283782959}
[Validation] per_target_lag_mae_json={"us_Trade Weighted Dollar Index": 0.5224588513374329, "jp_fx": 0.5039145946502686, "kr_fx": 6.518277168273926}
[Validation] per_target_dir_mismatch_json={"us_Trade Weighted Dollar Index": 0.2727272727272727, "jp_fx": 0.36363636363636365, "kr_fx": 0.2727272727272727}
| end of epoch  30 | time:  5.42s | train_loss 0.0445 | valid rse 2.8056 | valid rae 3.6653 | valid corr  -0.1889 | valid smape  0.3386 | focus_rrse 4.0131 | obj 4.0131
Experiment: 1
Iter: 0
epoch: 31
hp= [1, 0.00012749999999999998, 32, 128, 256, 1024, 30, 0.0, 2, 40, 0.6, 0.1, 3, 31]
best sum= 6.65975141122104
best rrse= 2.805567536194009
best rrae= 3.665254004302353
best corr= -0.18892987
best smape= 0.3386021098568042
best objective= 4.013073444366455
best hps= [1, 0.00012749999999999998, 32, 128, 256, 1024, 30, 0.0, 2, 40, 0.6, 0.1, 3, 1]
best test rse= 3.479000079120648
best test corr= -0.11808471
[Target-Weighted Loss] weights applied: {'us_Trade Weighted Dollar Index': 80.0, 'kr_fx': 80.0, 'jp_fx': 80.0}
[Target-Only Loss] enabled for columns: ['us_Trade Weighted Dollar Index', 'jp_fx', 'kr_fx']
[Bias Penalty] enabled lambda=0.4 scope=focus cols=['us_Trade Weighted Dollar Index', 'jp_fx', 'kr_fx']
iter:  0 | loss: 0.073
iter:  1 | loss: 0.040
iter:  2 | loss: 0.050
iter:  3 | loss: 0.045
iter:  4 | loss: 0.032
iter:  5 | loss: 0.056
iter:  6 | loss: 0.047
iter:  7 | loss: 0.040
iter:  8 | loss: 0.046
iter:  9 | loss: 0.057
iter: 10 | loss: 0.030
iter: 11 | loss: 0.047
iter: 12 | loss: 0.032
iter: 13 | loss: 0.043
iter: 14 | loss: 0.082
iter: 15 | loss: 0.041
iter: 16 | loss: 0.045
iter: 17 | loss: 0.031
iter: 18 | loss: 0.057
iter: 19 | loss: 0.049
iter: 20 | loss: 0.039
iter: 21 | loss: 0.019
iter: 22 | loss: 0.077
iter: 23 | loss: 0.037
iter: 24 | loss: 0.046
iter: 25 | loss: 0.040
iter: 26 | loss: 0.061
iter: 27 | loss: 0.049
iter: 28 | loss: 0.042
iter: 29 | loss: 0.047
iter: 30 | loss: 0.029
iter: 31 | loss: 0.034
iter: 32 | loss: 0.038
testing r= 5
rrse(target)=97.84682903970368 / 34.87594854780834 | rrse(all)=191703188232832.22 / 34622966134154.824 | report_mode=targets
[Validation] per_target_rrse_json={"us_Trade Weighted Dollar Index": 3.675626039505005, "jp_fx": 5.690561771392822, "kr_fx": 2.673032283782959}
[Validation] per_target_lag_mae_json={"us_Trade Weighted Dollar Index": 0.5224588513374329, "jp_fx": 0.5039145946502686, "kr_fx": 6.518277168273926}
[Validation] per_target_dir_mismatch_json={"us_Trade Weighted Dollar Index": 0.2727272727272727, "jp_fx": 0.36363636363636365, "kr_fx": 0.2727272727272727}
| end of epoch  31 | time:  5.36s | train_loss 0.0455 | valid rse 2.8056 | valid rae 3.6653 | valid corr  -0.1889 | valid smape  0.3386 | focus_rrse 4.0131 | obj 4.0131
Experiment: 1
Iter: 0
epoch: 32
hp= [1, 0.00012749999999999998, 32, 128, 256, 1024, 30, 0.0, 2, 40, 0.6, 0.1, 3, 32]
best sum= 6.65975141122104
best rrse= 2.805567536194009
best rrae= 3.665254004302353
best corr= -0.18892987
best smape= 0.3386021098568042
best objective= 4.013073444366455
best hps= [1, 0.00012749999999999998, 32, 128, 256, 1024, 30, 0.0, 2, 40, 0.6, 0.1, 3, 1]
best test rse= 3.479000079120648
best test corr= -0.11808471
[Target-Weighted Loss] weights applied: {'us_Trade Weighted Dollar Index': 80.0, 'kr_fx': 80.0, 'jp_fx': 80.0}
[Target-Only Loss] enabled for columns: ['us_Trade Weighted Dollar Index', 'jp_fx', 'kr_fx']
[Bias Penalty] enabled lambda=0.4 scope=focus cols=['us_Trade Weighted Dollar Index', 'jp_fx', 'kr_fx']
iter:  0 | loss: 0.038
iter:  1 | loss: 0.040
iter:  2 | loss: 0.054
iter:  3 | loss: 0.055
iter:  4 | loss: 0.051
iter:  5 | loss: 0.039
iter:  6 | loss: 0.019
iter:  7 | loss: 0.037
iter:  8 | loss: 0.044
iter:  9 | loss: 0.028
iter: 10 | loss: 0.040
iter: 11 | loss: 0.056
iter: 12 | loss: 0.025
iter: 13 | loss: 0.043
iter: 14 | loss: 0.049
iter: 15 | loss: 0.058
iter: 16 | loss: 0.058
iter: 17 | loss: 0.071
iter: 18 | loss: 0.046
iter: 19 | loss: 0.072
iter: 20 | loss: 0.033
iter: 21 | loss: 0.028
iter: 22 | loss: 0.069
iter: 23 | loss: 0.036
iter: 24 | loss: 0.020
iter: 25 | loss: 0.061
iter: 26 | loss: 0.039
iter: 27 | loss: 0.035
iter: 28 | loss: 0.048
iter: 29 | loss: 0.063
iter: 30 | loss: 0.045
iter: 31 | loss: 0.041
iter: 32 | loss: 0.036
testing r= 5
rrse(target)=97.84682903970368 / 34.87594854780834 | rrse(all)=191703188232832.22 / 34622966134154.824 | report_mode=targets
[Validation] per_target_rrse_json={"us_Trade Weighted Dollar Index": 3.675626039505005, "jp_fx": 5.690561771392822, "kr_fx": 2.673032283782959}
[Validation] per_target_lag_mae_json={"us_Trade Weighted Dollar Index": 0.5224588513374329, "jp_fx": 0.5039145946502686, "kr_fx": 6.518277168273926}
[Validation] per_target_dir_mismatch_json={"us_Trade Weighted Dollar Index": 0.2727272727272727, "jp_fx": 0.36363636363636365, "kr_fx": 0.2727272727272727}
| end of epoch  32 | time:  5.51s | train_loss 0.0449 | valid rse 2.8056 | valid rae 3.6653 | valid corr  -0.1889 | valid smape  0.3386 | focus_rrse 4.0131 | obj 4.0131
Experiment: 1
Iter: 0
epoch: 33
hp= [1, 0.00012749999999999998, 32, 128, 256, 1024, 30, 0.0, 2, 40, 0.6, 0.1, 3, 33]
best sum= 6.65975141122104
best rrse= 2.805567536194009
best rrae= 3.665254004302353
best corr= -0.18892987
best smape= 0.3386021098568042
best objective= 4.013073444366455
best hps= [1, 0.00012749999999999998, 32, 128, 256, 1024, 30, 0.0, 2, 40, 0.6, 0.1, 3, 1]
best test rse= 3.479000079120648
best test corr= -0.11808471
[Target-Weighted Loss] weights applied: {'us_Trade Weighted Dollar Index': 80.0, 'kr_fx': 80.0, 'jp_fx': 80.0}
[Target-Only Loss] enabled for columns: ['us_Trade Weighted Dollar Index', 'jp_fx', 'kr_fx']
[Bias Penalty] enabled lambda=0.4 scope=focus cols=['us_Trade Weighted Dollar Index', 'jp_fx', 'kr_fx']
iter:  0 | loss: 0.034
iter:  1 | loss: 0.067
iter:  2 | loss: 0.032
iter:  3 | loss: 0.042
iter:  4 | loss: 0.109
iter:  5 | loss: 0.042
iter:  6 | loss: 0.038
iter:  7 | loss: 0.044
iter:  8 | loss: 0.056
iter:  9 | loss: 0.039
iter: 10 | loss: 0.052
iter: 11 | loss: 0.035
iter: 12 | loss: 0.038
iter: 13 | loss: 0.045
iter: 14 | loss: 0.057
iter: 15 | loss: 0.028
iter: 16 | loss: 0.029
iter: 17 | loss: 0.048
iter: 18 | loss: 0.046
iter: 19 | loss: 0.041
iter: 20 | loss: 0.027
iter: 21 | loss: 0.043
iter: 22 | loss: 0.029
iter: 23 | loss: 0.037
iter: 24 | loss: 0.051
iter: 25 | loss: 0.054
iter: 26 | loss: 0.022
iter: 27 | loss: 0.049
iter: 28 | loss: 0.039
iter: 29 | loss: 0.052
iter: 30 | loss: 0.040
iter: 31 | loss: 0.050
iter: 32 | loss: 0.061
testing r= 5
rrse(target)=97.84682903970368 / 34.87594854780834 | rrse(all)=191703188232832.22 / 34622966134154.824 | report_mode=targets
[Validation] per_target_rrse_json={"us_Trade Weighted Dollar Index": 3.675626039505005, "jp_fx": 5.690561771392822, "kr_fx": 2.673032283782959}
[Validation] per_target_lag_mae_json={"us_Trade Weighted Dollar Index": 0.5224588513374329, "jp_fx": 0.5039145946502686, "kr_fx": 6.518277168273926}
[Validation] per_target_dir_mismatch_json={"us_Trade Weighted Dollar Index": 0.2727272727272727, "jp_fx": 0.36363636363636365, "kr_fx": 0.2727272727272727}
| end of epoch  33 | time:  5.28s | train_loss 0.0446 | valid rse 2.8056 | valid rae 3.6653 | valid corr  -0.1889 | valid smape  0.3386 | focus_rrse 4.0131 | obj 4.0131
Experiment: 1
Iter: 0
epoch: 34
hp= [1, 0.00012749999999999998, 32, 128, 256, 1024, 30, 0.0, 2, 40, 0.6, 0.1, 3, 34]
best sum= 6.65975141122104
best rrse= 2.805567536194009
best rrae= 3.665254004302353
best corr= -0.18892987
best smape= 0.3386021098568042
best objective= 4.013073444366455
best hps= [1, 0.00012749999999999998, 32, 128, 256, 1024, 30, 0.0, 2, 40, 0.6, 0.1, 3, 1]
best test rse= 3.479000079120648
best test corr= -0.11808471
[Target-Weighted Loss] weights applied: {'us_Trade Weighted Dollar Index': 80.0, 'kr_fx': 80.0, 'jp_fx': 80.0}
[Target-Only Loss] enabled for columns: ['us_Trade Weighted Dollar Index', 'jp_fx', 'kr_fx']
[Bias Penalty] enabled lambda=0.4 scope=focus cols=['us_Trade Weighted Dollar Index', 'jp_fx', 'kr_fx']
iter:  0 | loss: 0.047
iter:  1 | loss: 0.026
iter:  2 | loss: 0.033
iter:  3 | loss: 0.045
iter:  4 | loss: 0.036
iter:  5 | loss: 0.066
iter:  6 | loss: 0.029
iter:  7 | loss: 0.046
iter:  8 | loss: 0.031
iter:  9 | loss: 0.076
iter: 10 | loss: 0.071
iter: 11 | loss: 0.043
iter: 12 | loss: 0.059
iter: 13 | loss: 0.058
iter: 14 | loss: 0.045
iter: 15 | loss: 0.079
iter: 16 | loss: 0.018
iter: 17 | loss: 0.024
iter: 18 | loss: 0.038
iter: 19 | loss: 0.081
iter: 20 | loss: 0.035
iter: 21 | loss: 0.053
iter: 22 | loss: 0.031
iter: 23 | loss: 0.035
iter: 24 | loss: 0.026
iter: 25 | loss: 0.051
iter: 26 | loss: 0.043
iter: 27 | loss: 0.034
iter: 28 | loss: 0.057
iter: 29 | loss: 0.029
iter: 30 | loss: 0.050
iter: 31 | loss: 0.031
iter: 32 | loss: 0.044
testing r= 5
rrse(target)=97.84682903970368 / 34.87594854780834 | rrse(all)=191703188232832.22 / 34622966134154.824 | report_mode=targets
[Validation] per_target_rrse_json={"us_Trade Weighted Dollar Index": 3.675626039505005, "jp_fx": 5.690561771392822, "kr_fx": 2.673032283782959}
[Validation] per_target_lag_mae_json={"us_Trade Weighted Dollar Index": 0.5224588513374329, "jp_fx": 0.5039145946502686, "kr_fx": 6.518277168273926}
[Validation] per_target_dir_mismatch_json={"us_Trade Weighted Dollar Index": 0.2727272727272727, "jp_fx": 0.36363636363636365, "kr_fx": 0.2727272727272727}
| end of epoch  34 | time:  5.41s | train_loss 0.0446 | valid rse 2.8056 | valid rae 3.6653 | valid corr  -0.1889 | valid smape  0.3386 | focus_rrse 4.0131 | obj 4.0131
Experiment: 1
Iter: 0
epoch: 35
hp= [1, 0.00012749999999999998, 32, 128, 256, 1024, 30, 0.0, 2, 40, 0.6, 0.1, 3, 35]
best sum= 6.65975141122104
best rrse= 2.805567536194009
best rrae= 3.665254004302353
best corr= -0.18892987
best smape= 0.3386021098568042
best objective= 4.013073444366455
best hps= [1, 0.00012749999999999998, 32, 128, 256, 1024, 30, 0.0, 2, 40, 0.6, 0.1, 3, 1]
best test rse= 3.479000079120648
best test corr= -0.11808471
[Target-Weighted Loss] weights applied: {'us_Trade Weighted Dollar Index': 80.0, 'kr_fx': 80.0, 'jp_fx': 80.0}
[Target-Only Loss] enabled for columns: ['us_Trade Weighted Dollar Index', 'jp_fx', 'kr_fx']
[Bias Penalty] enabled lambda=0.4 scope=focus cols=['us_Trade Weighted Dollar Index', 'jp_fx', 'kr_fx']
iter:  0 | loss: 0.030
iter:  1 | loss: 0.047
iter:  2 | loss: 0.056
iter:  3 | loss: 0.057
iter:  4 | loss: 0.052
iter:  5 | loss: 0.065
iter:  6 | loss: 0.061
iter:  7 | loss: 0.021
iter:  8 | loss: 0.042
iter:  9 | loss: 0.038
iter: 10 | loss: 0.039
iter: 11 | loss: 0.042
iter: 12 | loss: 0.051
iter: 13 | loss: 0.042
iter: 14 | loss: 0.036
iter: 15 | loss: 0.028
iter: 16 | loss: 0.036
iter: 17 | loss: 0.055
iter: 18 | loss: 0.061
iter: 19 | loss: 0.100
iter: 20 | loss: 0.040
iter: 21 | loss: 0.039
iter: 22 | loss: 0.046
iter: 23 | loss: 0.056
iter: 24 | loss: 0.070
iter: 25 | loss: 0.033
iter: 26 | loss: 0.038
iter: 27 | loss: 0.036
iter: 28 | loss: 0.036
iter: 29 | loss: 0.022
iter: 30 | loss: 0.066
iter: 31 | loss: 0.037
iter: 32 | loss: 0.030
testing r= 5
rrse(target)=97.84682903970368 / 34.87594854780834 | rrse(all)=191703188232832.22 / 34622966134154.824 | report_mode=targets
[Validation] per_target_rrse_json={"us_Trade Weighted Dollar Index": 3.675626039505005, "jp_fx": 5.690561771392822, "kr_fx": 2.673032283782959}
[Validation] per_target_lag_mae_json={"us_Trade Weighted Dollar Index": 0.5224588513374329, "jp_fx": 0.5039145946502686, "kr_fx": 6.518277168273926}
[Validation] per_target_dir_mismatch_json={"us_Trade Weighted Dollar Index": 0.2727272727272727, "jp_fx": 0.36363636363636365, "kr_fx": 0.2727272727272727}
| end of epoch  35 | time:  5.30s | train_loss 0.0458 | valid rse 2.8056 | valid rae 3.6653 | valid corr  -0.1889 | valid smape  0.3386 | focus_rrse 4.0131 | obj 4.0131
Experiment: 1
Iter: 0
epoch: 36
hp= [1, 0.00012749999999999998, 32, 128, 256, 1024, 30, 0.0, 2, 40, 0.6, 0.1, 3, 36]
best sum= 6.65975141122104
best rrse= 2.805567536194009
best rrae= 3.665254004302353
best corr= -0.18892987
best smape= 0.3386021098568042
best objective= 4.013073444366455
best hps= [1, 0.00012749999999999998, 32, 128, 256, 1024, 30, 0.0, 2, 40, 0.6, 0.1, 3, 1]
best test rse= 3.479000079120648
best test corr= -0.11808471
[Target-Weighted Loss] weights applied: {'us_Trade Weighted Dollar Index': 80.0, 'kr_fx': 80.0, 'jp_fx': 80.0}
[Target-Only Loss] enabled for columns: ['us_Trade Weighted Dollar Index', 'jp_fx', 'kr_fx']
[Bias Penalty] enabled lambda=0.4 scope=focus cols=['us_Trade Weighted Dollar Index', 'jp_fx', 'kr_fx']
iter:  0 | loss: 0.051
iter:  1 | loss: 0.043
iter:  2 | loss: 0.034
iter:  3 | loss: 0.032
iter:  4 | loss: 0.036
iter:  5 | loss: 0.071
iter:  6 | loss: 0.061
iter:  7 | loss: 0.026
iter:  8 | loss: 0.053
iter:  9 | loss: 0.054
iter: 10 | loss: 0.034
iter: 11 | loss: 0.040
iter: 12 | loss: 0.050
iter: 13 | loss: 0.071
iter: 14 | loss: 0.038
iter: 15 | loss: 0.057
iter: 16 | loss: 0.034
iter: 17 | loss: 0.047
iter: 18 | loss: 0.027
iter: 19 | loss: 0.019
iter: 20 | loss: 0.041
iter: 21 | loss: 0.037
iter: 22 | loss: 0.052
iter: 23 | loss: 0.021
iter: 24 | loss: 0.064
iter: 25 | loss: 0.054
iter: 26 | loss: 0.060
iter: 27 | loss: 0.049
iter: 28 | loss: 0.065
iter: 29 | loss: 0.036
iter: 30 | loss: 0.039
iter: 31 | loss: 0.044
iter: 32 | loss: 0.033
testing r= 5
rrse(target)=97.84682903970368 / 34.87594854780834 | rrse(all)=191703188232832.22 / 34622966134154.824 | report_mode=targets
[Validation] per_target_rrse_json={"us_Trade Weighted Dollar Index": 3.675626039505005, "jp_fx": 5.690561771392822, "kr_fx": 2.673032283782959}
[Validation] per_target_lag_mae_json={"us_Trade Weighted Dollar Index": 0.5224588513374329, "jp_fx": 0.5039145946502686, "kr_fx": 6.518277168273926}
[Validation] per_target_dir_mismatch_json={"us_Trade Weighted Dollar Index": 0.2727272727272727, "jp_fx": 0.36363636363636365, "kr_fx": 0.2727272727272727}
| end of epoch  36 | time:  4.21s | train_loss 0.0446 | valid rse 2.8056 | valid rae 3.6653 | valid corr  -0.1889 | valid smape  0.3386 | focus_rrse 4.0131 | obj 4.0131
Experiment: 1
Iter: 0
epoch: 37
hp= [1, 0.00012749999999999998, 32, 128, 256, 1024, 30, 0.0, 2, 40, 0.6, 0.1, 3, 37]
best sum= 6.65975141122104
best rrse= 2.805567536194009
best rrae= 3.665254004302353
best corr= -0.18892987
best smape= 0.3386021098568042
best objective= 4.013073444366455
best hps= [1, 0.00012749999999999998, 32, 128, 256, 1024, 30, 0.0, 2, 40, 0.6, 0.1, 3, 1]
best test rse= 3.479000079120648
best test corr= -0.11808471
[Target-Weighted Loss] weights applied: {'us_Trade Weighted Dollar Index': 80.0, 'kr_fx': 80.0, 'jp_fx': 80.0}
[Target-Only Loss] enabled for columns: ['us_Trade Weighted Dollar Index', 'jp_fx', 'kr_fx']
[Bias Penalty] enabled lambda=0.4 scope=focus cols=['us_Trade Weighted Dollar Index', 'jp_fx', 'kr_fx']
iter:  0 | loss: 0.081
iter:  1 | loss: 0.086
iter:  2 | loss: 0.019
iter:  3 | loss: 0.049
iter:  4 | loss: 0.067
iter:  5 | loss: 0.050
iter:  6 | loss: 0.037
iter:  7 | loss: 0.055
iter:  8 | loss: 0.058
iter:  9 | loss: 0.035
iter: 10 | loss: 0.039
iter: 11 | loss: 0.045
iter: 12 | loss: 0.034
iter: 13 | loss: 0.029
iter: 14 | loss: 0.060
iter: 15 | loss: 0.037
iter: 16 | loss: 0.059
iter: 17 | loss: 0.053
iter: 18 | loss: 0.060
iter: 19 | loss: 0.054
iter: 20 | loss: 0.023
iter: 21 | loss: 0.034
iter: 22 | loss: 0.055
iter: 23 | loss: 0.025
iter: 24 | loss: 0.063
iter: 25 | loss: 0.022
iter: 26 | loss: 0.037
iter: 27 | loss: 0.027
iter: 28 | loss: 0.030
iter: 29 | loss: 0.026
iter: 30 | loss: 0.030
iter: 31 | loss: 0.041
iter: 32 | loss: 0.062
testing r= 5
rrse(target)=97.84682903970368 / 34.87594854780834 | rrse(all)=191703188232832.22 / 34622966134154.824 | report_mode=targets
[Validation] per_target_rrse_json={"us_Trade Weighted Dollar Index": 3.675626039505005, "jp_fx": 5.690561771392822, "kr_fx": 2.673032283782959}
[Validation] per_target_lag_mae_json={"us_Trade Weighted Dollar Index": 0.5224588513374329, "jp_fx": 0.5039145946502686, "kr_fx": 6.518277168273926}
[Validation] per_target_dir_mismatch_json={"us_Trade Weighted Dollar Index": 0.2727272727272727, "jp_fx": 0.36363636363636365, "kr_fx": 0.2727272727272727}
| end of epoch  37 | time:  4.64s | train_loss 0.0449 | valid rse 2.8056 | valid rae 3.6653 | valid corr  -0.1889 | valid smape  0.3386 | focus_rrse 4.0131 | obj 4.0131
Experiment: 1
Iter: 0
epoch: 38
hp= [1, 0.00012749999999999998, 32, 128, 256, 1024, 30, 0.0, 2, 40, 0.6, 0.1, 3, 38]
best sum= 6.65975141122104
best rrse= 2.805567536194009
best rrae= 3.665254004302353
best corr= -0.18892987
best smape= 0.3386021098568042
best objective= 4.013073444366455
best hps= [1, 0.00012749999999999998, 32, 128, 256, 1024, 30, 0.0, 2, 40, 0.6, 0.1, 3, 1]
best test rse= 3.479000079120648
best test corr= -0.11808471
[Target-Weighted Loss] weights applied: {'us_Trade Weighted Dollar Index': 80.0, 'kr_fx': 80.0, 'jp_fx': 80.0}
[Target-Only Loss] enabled for columns: ['us_Trade Weighted Dollar Index', 'jp_fx', 'kr_fx']
[Bias Penalty] enabled lambda=0.4 scope=focus cols=['us_Trade Weighted Dollar Index', 'jp_fx', 'kr_fx']
iter:  0 | loss: 0.038
iter:  1 | loss: 0.051
iter:  2 | loss: 0.064
iter:  3 | loss: 0.044
iter:  4 | loss: 0.047
iter:  5 | loss: 0.036
iter:  6 | loss: 0.051
iter:  7 | loss: 0.069
iter:  8 | loss: 0.032
iter:  9 | loss: 0.026
iter: 10 | loss: 0.077
iter: 11 | loss: 0.034
iter: 12 | loss: 0.050
iter: 13 | loss: 0.046
iter: 14 | loss: 0.066
iter: 15 | loss: 0.049
iter: 16 | loss: 0.027
iter: 17 | loss: 0.023
iter: 18 | loss: 0.036
iter: 19 | loss: 0.057
iter: 20 | loss: 0.028
iter: 21 | loss: 0.034
iter: 22 | loss: 0.051
iter: 23 | loss: 0.047
iter: 24 | loss: 0.032
iter: 25 | loss: 0.040
iter: 26 | loss: 0.027
iter: 27 | loss: 0.047
iter: 28 | loss: 0.031
iter: 29 | loss: 0.061
iter: 30 | loss: 0.036
iter: 31 | loss: 0.033
iter: 32 | loss: 0.080
testing r= 5
rrse(target)=97.84682903970368 / 34.87594854780834 | rrse(all)=191703188232832.22 / 34622966134154.824 | report_mode=targets
[Validation] per_target_rrse_json={"us_Trade Weighted Dollar Index": 3.675626039505005, "jp_fx": 5.690561771392822, "kr_fx": 2.673032283782959}
[Validation] per_target_lag_mae_json={"us_Trade Weighted Dollar Index": 0.5224588513374329, "jp_fx": 0.5039145946502686, "kr_fx": 6.518277168273926}
[Validation] per_target_dir_mismatch_json={"us_Trade Weighted Dollar Index": 0.2727272727272727, "jp_fx": 0.36363636363636365, "kr_fx": 0.2727272727272727}
| end of epoch  38 | time:  4.44s | train_loss 0.0442 | valid rse 2.8056 | valid rae 3.6653 | valid corr  -0.1889 | valid smape  0.3386 | focus_rrse 4.0131 | obj 4.0131
Experiment: 1
Iter: 0
epoch: 39
hp= [1, 0.00012749999999999998, 32, 128, 256, 1024, 30, 0.0, 2, 40, 0.6, 0.1, 3, 39]
best sum= 6.65975141122104
best rrse= 2.805567536194009
best rrae= 3.665254004302353
best corr= -0.18892987
best smape= 0.3386021098568042
best objective= 4.013073444366455
best hps= [1, 0.00012749999999999998, 32, 128, 256, 1024, 30, 0.0, 2, 40, 0.6, 0.1, 3, 1]
best test rse= 3.479000079120648
best test corr= -0.11808471
[Target-Weighted Loss] weights applied: {'us_Trade Weighted Dollar Index': 80.0, 'kr_fx': 80.0, 'jp_fx': 80.0}
[Target-Only Loss] enabled for columns: ['us_Trade Weighted Dollar Index', 'jp_fx', 'kr_fx']
[Bias Penalty] enabled lambda=0.4 scope=focus cols=['us_Trade Weighted Dollar Index', 'jp_fx', 'kr_fx']
iter:  0 | loss: 0.034
iter:  1 | loss: 0.025
iter:  2 | loss: 0.068
iter:  3 | loss: 0.046
iter:  4 | loss: 0.057
iter:  5 | loss: 0.057
iter:  6 | loss: 0.033
iter:  7 | loss: 0.049
iter:  8 | loss: 0.029
iter:  9 | loss: 0.051
iter: 10 | loss: 0.035
iter: 11 | loss: 0.037
iter: 12 | loss: 0.038
iter: 13 | loss: 0.043
iter: 14 | loss: 0.035
iter: 15 | loss: 0.074
iter: 16 | loss: 0.050
iter: 17 | loss: 0.069
iter: 18 | loss: 0.026
iter: 19 | loss: 0.064
iter: 20 | loss: 0.053
iter: 21 | loss: 0.036
iter: 22 | loss: 0.034
iter: 23 | loss: 0.034
iter: 24 | loss: 0.035
iter: 25 | loss: 0.048
iter: 26 | loss: 0.040
iter: 27 | loss: 0.049
iter: 28 | loss: 0.039
iter: 29 | loss: 0.071
iter: 30 | loss: 0.038
iter: 31 | loss: 0.043
iter: 32 | loss: 0.079
testing r= 5
rrse(target)=97.84682903970368 / 34.87594854780834 | rrse(all)=191703188232832.22 / 34622966134154.824 | report_mode=targets
[Validation] per_target_rrse_json={"us_Trade Weighted Dollar Index": 3.675626039505005, "jp_fx": 5.690561771392822, "kr_fx": 2.673032283782959}
[Validation] per_target_lag_mae_json={"us_Trade Weighted Dollar Index": 0.5224588513374329, "jp_fx": 0.5039145946502686, "kr_fx": 6.518277168273926}
[Validation] per_target_dir_mismatch_json={"us_Trade Weighted Dollar Index": 0.2727272727272727, "jp_fx": 0.36363636363636365, "kr_fx": 0.2727272727272727}
| end of epoch  39 | time:  4.62s | train_loss 0.0457 | valid rse 2.8056 | valid rae 3.6653 | valid corr  -0.1889 | valid smape  0.3386 | focus_rrse 4.0131 | obj 4.0131
Experiment: 1
Iter: 0
epoch: 40
hp= [1, 0.00012749999999999998, 32, 128, 256, 1024, 30, 0.0, 2, 40, 0.6, 0.1, 3, 40]
best sum= 6.65975141122104
best rrse= 2.805567536194009
best rrae= 3.665254004302353
best corr= -0.18892987
best smape= 0.3386021098568042
best objective= 4.013073444366455
best hps= [1, 0.00012749999999999998, 32, 128, 256, 1024, 30, 0.0, 2, 40, 0.6, 0.1, 3, 1]
best test rse= 3.479000079120648
best test corr= -0.11808471
[Target-Weighted Loss] weights applied: {'us_Trade Weighted Dollar Index': 80.0, 'kr_fx': 80.0, 'jp_fx': 80.0}
[Target-Only Loss] enabled for columns: ['us_Trade Weighted Dollar Index', 'jp_fx', 'kr_fx']
[Bias Penalty] enabled lambda=0.4 scope=focus cols=['us_Trade Weighted Dollar Index', 'jp_fx', 'kr_fx']
iter:  0 | loss: 0.029
iter:  1 | loss: 0.030
iter:  2 | loss: 0.068
iter:  3 | loss: 0.048
iter:  4 | loss: 0.030
iter:  5 | loss: 0.035
iter:  6 | loss: 0.034
iter:  7 | loss: 0.029
iter:  8 | loss: 0.037
iter:  9 | loss: 0.059
iter: 10 | loss: 0.037
iter: 11 | loss: 0.033
iter: 12 | loss: 0.024
iter: 13 | loss: 0.059
iter: 14 | loss: 0.089
iter: 15 | loss: 0.028
iter: 16 | loss: 0.041
iter: 17 | loss: 0.042
iter: 18 | loss: 0.044
iter: 19 | loss: 0.046
iter: 20 | loss: 0.058
iter: 21 | loss: 0.038
iter: 22 | loss: 0.037
iter: 23 | loss: 0.033
iter: 24 | loss: 0.039
iter: 25 | loss: 0.059
iter: 26 | loss: 0.041
iter: 27 | loss: 0.033
iter: 28 | loss: 0.072
iter: 29 | loss: 0.048
iter: 30 | loss: 0.051
iter: 31 | loss: 0.045
iter: 32 | loss: 0.054
testing r= 5
rrse(target)=97.84682903970368 / 34.87594854780834 | rrse(all)=191703188232832.22 / 34622966134154.824 | report_mode=targets
[Validation] per_target_rrse_json={"us_Trade Weighted Dollar Index": 3.675626039505005, "jp_fx": 5.690561771392822, "kr_fx": 2.673032283782959}
[Validation] per_target_lag_mae_json={"us_Trade Weighted Dollar Index": 0.5224588513374329, "jp_fx": 0.5039145946502686, "kr_fx": 6.518277168273926}
[Validation] per_target_dir_mismatch_json={"us_Trade Weighted Dollar Index": 0.2727272727272727, "jp_fx": 0.36363636363636365, "kr_fx": 0.2727272727272727}
| end of epoch  40 | time:  4.74s | train_loss 0.0439 | valid rse 2.8056 | valid rae 3.6653 | valid corr  -0.1889 | valid smape  0.3386 | focus_rrse 4.0131 | obj 4.0131
best val loss= 6.65975141122104
best hps= [1, 0.00012749999999999998, 32, 128, 256, 1024, 30, 0.0, 2, 40, 0.6, 0.1, 3, 1]
testing r= 5
rrse(target)=97.84682903970368 / 34.87594854780834 | rrse(all)=191703188232832.22 / 34622966134154.824 | report_mode=targets
[Validation] per_target_rrse_json={"us_Trade Weighted Dollar Index": 3.675626039505005, "jp_fx": 5.690561771392822, "kr_fx": 2.673032283782959}
[Validation] per_target_lag_mae_json={"us_Trade Weighted Dollar Index": 0.5224588513374329, "jp_fx": 0.5039145946502686, "kr_fx": 6.518277168273926}
[Validation] per_target_dir_mismatch_json={"us_Trade Weighted Dollar Index": 0.2727272727272727, "jp_fx": 0.36363636363636365, "kr_fx": 0.2727272727272727}
[debias] mode=val_mean_error apply_to=focus offset={'us_Trade Weighted Dollar Index': 2.4194018840789795, 'jp_fx': -9.42969036102295, 'kr_fx': 21.346038818359375}
testing r= 5
rrse(target)=54.487536203819126 / 34.87594854780834 | rrse(all)=191703188232832.22 / 34622966134154.824 | report_mode=targets
[Validation] per_target_rrse_json={"us_Trade Weighted Dollar Index": 1.706150770187378, "jp_fx": 0.602060079574585, "kr_fx": 1.5802161693572998}
[Validation] per_target_lag_mae_json={"us_Trade Weighted Dollar Index": 0.5224588513374329, "jp_fx": 0.5039145946502686, "kr_fx": 6.518277168273926}
[Validation] per_target_dir_mismatch_json={"us_Trade Weighted Dollar Index": 0.2727272727272727, "jp_fx": 0.36363636363636365, "kr_fx": 0.2727272727272727}
testing r= 5
rrse(target)=374.9284931823667 / 87.05327089004898 | rrse(all)=66305433028160.375 / 13118448721317.795 | report_mode=targets
[Testing] per_target_rrse_json={"us_Trade Weighted Dollar Index": 5.0872111320495605, "jp_fx": 4.027805328369141, "kr_fx": 4.308404922485352}
[Testing] per_target_lag_mae_json={"us_Trade Weighted Dollar Index": 0.5201637744903564, "jp_fx": 0.8005481958389282, "kr_fx": 9.535079002380371}
[Testing] per_target_dir_mismatch_json={"us_Trade Weighted Dollar Index": 0.36363636363636365, "jp_fx": 0.6363636363636364, "kr_fx": 1.0}
********************************************************************************************************
final test rse 4.3069 | test rae 5.0584 | test corr -0.1181 | test smape 0.3516
********************************************************************************************************



1 run average



valid	rse	rae
mean	1.5623	1.5614
std	0.0000	0.0000



test	rse	rae
mean	4.3069	5.0584
std	0.0000	0.0000
