CUDA not available, using CPU
[split-cutoff] enforced=1 forbidden_year>=2025 allowed_rows=168/180 train_rows=156 valid_rows=12 last_allowed=24.Dec
Loading data from /Users/samrobert/Documents/GitHub/Exchangeprediction/Cyber-trend-forecasting-main 3/B-MTGNN/data/sm_data.csv...
Data loaded and converted to numeric successfully.
Graph loaded with 1 attacks...
33 columns loaded
Adjacency created...
train X: torch.Size([95, 60, 33])
train Y: torch.Size([95, 1, 33])
valid X: torch.Size([11, 60, 33])
valid Y: torch.Size([11, 1, 33])
test X: torch.Size([11, 60, 33])
test Y: torch.Size([11, 1, 33])
test window: torch.Size([72, 33])
length of training set= 95
length of validation set= 11
length of testing set= 11
valid= 168
Auto-detected num_nodes: 33
Namespace(data='/Users/samrobert/Documents/GitHub/Exchangeprediction/Cyber-trend-forecasting-main 3/B-MTGNN/data/sm_data.csv', log_interval=2000, save='/Users/samrobert/Documents/GitHub/Exchangeprediction/Cyber-trend-forecasting-main 3/B-MTGNN/tuning_runs_v2/20260221_102711/checkpoints/model_001.pt', optim='adam', L1Loss=True, loss_mode='mse', normalize=2, device='cuda:1', gcn_true=False, buildA_true=False, use_graph=0, gcn_depth=1, num_nodes=33, dropout=0.03, subgraph_size=40, node_dim=40, dilation_exponential=2, conv_channels=16, residual_channels=128, skip_channels=256, end_channels=1024, in_dim=1, seq_in_len=60, seq_out_len=1, horizon=1, layers=2, batch_size=4, lr=0.000132, weight_decay=1e-05, clip=10, propalpha=0.6, tanhalpha=0.1, epochs=1, num_split=1, step_size=100, ss_prob=0.04000000000000001, train_ratio=0.8666666667, valid_ratio=0.0666666667, focus_targets=1, focus_nodes='us_Trade Weighted Dollar Index,jp_fx,kr_fx', focus_weight=1.0, focus_target_gain=56.0, focus_only_loss=1, focus_rrse_mode='max', focus_gain_map='kr_fx:2.0,jp_fx:1.0,us_Trade Weighted Dollar Index:1.0', anchor_focus_to_last=0.08000000000000002, anchor_boost_map='kr_fx:1.8,jp_fx:1.0,us_Trade Weighted Dollar Index:1.0', rse_targets='Us_Trade Weighted Dollar Index_Testing.txt,Jp_fx_Testing.txt,Kr_fx_Testing.txt', rse_report_mode='targets', debias_mode='none', debias_apply_to='focus', bias_penalty=0.20000000000000004, bias_penalty_scope='focus', plot_focus_only=0, debug_eval=0, rollout_mode='recursive', seed=777, plot=0, enforce_cutoff_split=1, cutoff_year_yy=25, min_valid_months=12, lag_penalty_1step=1.2, lag_sign_penalty=0.5, lag_penalty_gain_map='kr_fx:2.0,jp_fx:1.0,us_Trade Weighted Dollar Index:1.0', clean_cache=0, autotune_mode=1, apply_best_tuning=0, eval_best_tuning=0, target_profile='none', best_tuning_checkpoint='')
The recpetive field size is 19
Number of model parameters is 2097505
begin training
Experiment: 1
Iter: 0
epoch: 1
hp= [1, 0.000132, 16, 128, 256, 1024, 40, 0.03, 2, 40, 0.6, 0.1, 2, 1]
best sum= 10000000
best rrse= 10000000
best rrae= 10000000
best corr= -10000000
best smape= 10000000
best objective= 10000000
best hps= []
best test rse= 10000000
best test corr= -10000000
[Target-Weighted Loss] weights applied: {'us_Trade Weighted Dollar Index': 56.0, 'kr_fx': 112.0, 'jp_fx': 56.0}
[Target-Only Loss] enabled for columns: ['us_Trade Weighted Dollar Index', 'jp_fx', 'kr_fx']
[Bias Penalty] enabled lambda=0.20000000000000004 scope=focus cols=['us_Trade Weighted Dollar Index', 'jp_fx', 'kr_fx']
iter:  0 | loss: 0.089
iter:  1 | loss: 0.037
iter:  2 | loss: 0.039
iter:  3 | loss: 0.042
iter:  4 | loss: 0.040
iter:  5 | loss: 0.035
iter:  6 | loss: 0.026
iter:  7 | loss: 0.047
iter:  8 | loss: 0.036
iter:  9 | loss: 0.046
iter: 10 | loss: 0.057
iter: 11 | loss: 0.047
iter: 12 | loss: 0.052
iter: 13 | loss: 0.080
iter: 14 | loss: 0.064
iter: 15 | loss: 0.029
iter: 16 | loss: 0.048
iter: 17 | loss: 0.020
iter: 18 | loss: 0.027
iter: 19 | loss: 0.052
iter: 20 | loss: 0.019
iter: 21 | loss: 0.039
iter: 22 | loss: 0.026
iter: 23 | loss: 0.087
testing r= 5
rrse(target)=242.1097052474353 / 34.87594854780834 | rrse(all)=91348122171285.38 / 34622966134154.824 | report_mode=targets
| end of epoch   1 | time:  5.69s | train_loss 0.0447 | valid rse 6.9420 | valid rae 9.0124 | valid corr  0.2422 | valid smape  0.3190 | focus_rrse 14.9090 | obj 14.9090
testing r= 5
rrse(target)=453.97756001811365 / 87.05327089004898 | rrse(all)=53539573213043.45 / 13118448721317.795 | report_mode=targets
********************************************************************************************************
test rse 5.2149 | test rae 6.1748 | test corr 0.0531| test smape 0.2729 | test focus_rrse 5.2248
********************************************************************************************************
best val loss= 15.712186671798328
best hps= [1, 0.000132, 16, 128, 256, 1024, 40, 0.03, 2, 40, 0.6, 0.1, 2, 1]
testing r= 5
rrse(target)=240.8200102644089 / 34.87594854780834 | rrse(all)=91456194128124.33 / 34622966134154.824 | report_mode=targets
testing r= 5
rrse(target)=452.7340900020673 / 87.05327089004898 | rrse(all)=53619871706881.58 / 13118448721317.795 | report_mode=targets
********************************************************************************************************
final test rse 5.2007 | test rae 6.1591 | test corr 0.0544 | test smape 0.2731
********************************************************************************************************



1 run average



valid	rse	rae
mean	6.9050	8.9762
std	0.0000	0.0000



test	rse	rae
mean	5.2007	6.1591
std	0.0000	0.0000
