CUDA not available, using CPU
Loading data from /Users/samrobert/Documents/GitHub/Exchangeprediction/Cyber-trend-forecasting-main 3/B-MTGNN/data/sm_data.csv...
Data loaded and converted to numeric successfully.
Graph loaded with 1 attacks...
33 columns loaded
Adjacency created...
train X: torch.Size([131, 24, 33])
train Y: torch.Size([131, 1, 33])
valid X: torch.Size([11, 24, 33])
valid Y: torch.Size([11, 1, 33])
test X: torch.Size([11, 24, 33])
test Y: torch.Size([11, 1, 33])
test window: torch.Size([36, 33])
length of training set= 131
length of validation set= 11
length of testing set= 11
valid= 168
Auto-detected num_nodes: 33
Namespace(data='/Users/samrobert/Documents/GitHub/Exchangeprediction/Cyber-trend-forecasting-main 3/B-MTGNN/data/sm_data.csv', log_interval=2000, save='/Users/samrobert/Documents/GitHub/Exchangeprediction/Cyber-trend-forecasting-main 3/B-MTGNN/tuning_runs/20260217_115120/checkpoints/model_004.pt', optim='adam', L1Loss=True, normalize=2, device='cuda:1', gcn_true=False, buildA_true=False, use_graph=0, gcn_depth=1, num_nodes=33, dropout=0.05, subgraph_size=40, node_dim=30, dilation_exponential=2, conv_channels=16, residual_channels=128, skip_channels=256, end_channels=1024, in_dim=1, seq_in_len=24, seq_out_len=1, horizon=1, layers=2, batch_size=4, lr=0.0002, weight_decay=1e-05, clip=10, propalpha=0.6, tanhalpha=0.1, epochs=60, num_split=1, step_size=100, ss_prob=0.2, train_ratio=0.8666666667, valid_ratio=0.0666666667, focus_targets=1, focus_nodes='us_Trade Weighted Dollar Index,jp_fx,kr_fx', focus_weight=0.7, focus_target_gain=12.0, rse_targets='Us_Trade Weighted Dollar Index_Testing.txt,Jp_fx_Testing.txt,Kr_fx_Testing.txt', plot_focus_only=0, debug_eval=0, rollout_mode='teacher_forced', seed=2026, plot=0, clean_cache=0, autotune_mode=1)
The recpetive field size is 19
Number of model parameters is 611649
begin training
Experiment: 1
Iter: 0
epoch: 1
hp= [1, 0.0002, 16, 128, 256, 1024, 40, 0.05, 2, 30, 0.6, 0.1, 2, 1]
best sum= 10000000
best rrse= 10000000
best rrae= 10000000
best corr= -10000000
best smape= 10000000
best objective= 10000000
best hps= []
best test rse= 10000000
best test corr= -10000000
[Target-Weighted Loss] weights applied: {'us_Trade Weighted Dollar Index': 12.0, 'kr_fx': 12.0, 'jp_fx': 12.0}
iter:  0 | loss: 3.193
iter:  1 | loss: 2.530
iter:  2 | loss: 2.593
iter:  3 | loss: 2.188
iter:  4 | loss: 2.757
iter:  5 | loss: 2.287
iter:  6 | loss: 2.548
iter:  7 | loss: 2.389
iter:  8 | loss: 2.428
iter:  9 | loss: 2.725
iter: 10 | loss: 2.485
iter: 11 | loss: 3.284
iter: 12 | loss: 2.533
iter: 13 | loss: 2.820
iter: 14 | loss: 2.495
iter: 15 | loss: 2.518
iter: 16 | loss: 2.080
iter: 17 | loss: 2.579
iter: 18 | loss: 2.241
iter: 19 | loss: 2.375
iter: 20 | loss: 2.290
iter: 21 | loss: 2.112
iter: 22 | loss: 2.635
iter: 23 | loss: 2.610
iter: 24 | loss: 2.319
iter: 25 | loss: 2.543
iter: 26 | loss: 2.455
iter: 27 | loss: 3.060
iter: 28 | loss: 2.289
iter: 29 | loss: 2.858
iter: 30 | loss: 2.616
iter: 31 | loss: 2.702
iter: 32 | loss: 2.721
testing r= 5
rrse= 148.60587818538673 / 34.875950297872706
| end of epoch   1 | time:  2.74s | train_loss 2.5519 | valid rse 4.2610 | valid rae 4.8555 | valid corr  0.0782 | valid smape  0.3149 | focus_rrse 3.4978 | obj 3.7268
testing r= 5
rrse= 161.65514751702156 / 87.05324564957357
********************************************************************************************************
test rse 1.8570 | test rae 2.0427 | test corr 0.1509| test smape 0.2633 | test focus_rrse 1.4756
********************************************************************************************************
Experiment: 1
Iter: 0
epoch: 2
hp= [1, 0.0002, 16, 128, 256, 1024, 40, 0.05, 2, 30, 0.6, 0.1, 2, 2]
best sum= 9.038306349624243
best rrse= 4.260984343542063
best rrae= 4.855524477219226
best corr= 0.07820247
best smape= 0.3149113057699894
best objective= 3.7267887599031337
best hps= [1, 0.0002, 16, 128, 256, 1024, 40, 0.05, 2, 30, 0.6, 0.1, 2, 1]
best test rse= 1.8569686438545032
best test corr= 0.15094747
[Target-Weighted Loss] weights applied: {'us_Trade Weighted Dollar Index': 12.0, 'kr_fx': 12.0, 'jp_fx': 12.0}
iter:  0 | loss: 2.652
iter:  1 | loss: 2.387
iter:  2 | loss: 2.375
iter:  3 | loss: 2.648
iter:  4 | loss: 2.646
iter:  5 | loss: 2.861
iter:  6 | loss: 2.691
iter:  7 | loss: 2.038
iter:  8 | loss: 2.477
iter:  9 | loss: 2.399
iter: 10 | loss: 2.319
iter: 11 | loss: 2.104
iter: 12 | loss: 2.427
iter: 13 | loss: 2.658
iter: 14 | loss: 2.364
iter: 15 | loss: 2.608
iter: 16 | loss: 2.761
iter: 17 | loss: 2.520
iter: 18 | loss: 2.718
iter: 19 | loss: 2.730
iter: 20 | loss: 2.820
iter: 21 | loss: 2.351
iter: 22 | loss: 2.436
iter: 23 | loss: 2.572
iter: 24 | loss: 2.932
iter: 25 | loss: 2.453
iter: 26 | loss: 2.481
iter: 27 | loss: 2.396
iter: 28 | loss: 2.460
iter: 29 | loss: 2.282
iter: 30 | loss: 2.724
iter: 31 | loss: 3.184
iter: 32 | loss: 2.448
testing r= 5
rrse= 148.4067665552181 / 34.875950297872706
| end of epoch   2 | time:  2.55s | train_loss 2.5438 | valid rse 4.2553 | valid rae 4.8465 | valid corr  0.0788 | valid smape  0.3147 | focus_rrse 3.4951 | obj 3.7231
testing r= 5
rrse= 161.03315725146484 / 87.05324564957357
********************************************************************************************************
test rse 1.8498 | test rae 2.0362 | test corr 0.1578| test smape 0.2628 | test focus_rrse 1.4717
********************************************************************************************************
Experiment: 1
Iter: 0
epoch: 3
hp= [1, 0.0002, 16, 128, 256, 1024, 40, 0.05, 2, 30, 0.6, 0.1, 2, 3]
best sum= 9.022965111273137
best rrse= 4.255275205053562
best rrae= 4.8465049119392365
best corr= 0.078815006
best smape= 0.3147427540139447
best objective= 3.7231220350496987
best hps= [1, 0.0002, 16, 128, 256, 1024, 40, 0.05, 2, 30, 0.6, 0.1, 2, 2]
best test rse= 1.8498237032963936
best test corr= 0.15782651
[Target-Weighted Loss] weights applied: {'us_Trade Weighted Dollar Index': 12.0, 'kr_fx': 12.0, 'jp_fx': 12.0}
iter:  0 | loss: 2.234
iter:  1 | loss: 2.509
iter:  2 | loss: 2.184
iter:  3 | loss: 2.485
iter:  4 | loss: 2.383
iter:  5 | loss: 2.587
iter:  6 | loss: 2.437
iter:  7 | loss: 2.372
iter:  8 | loss: 2.120
iter:  9 | loss: 2.505
iter: 10 | loss: 2.561
iter: 11 | loss: 2.929
iter: 12 | loss: 2.379
iter: 13 | loss: 2.557
iter: 14 | loss: 2.560
iter: 15 | loss: 2.289
iter: 16 | loss: 2.121
iter: 17 | loss: 2.525
iter: 18 | loss: 2.541
iter: 19 | loss: 2.788
iter: 20 | loss: 2.712
iter: 21 | loss: 2.578
iter: 22 | loss: 2.627
iter: 23 | loss: 2.340
iter: 24 | loss: 2.923
iter: 25 | loss: 2.558
iter: 26 | loss: 2.761
iter: 27 | loss: 3.248
iter: 28 | loss: 2.741
iter: 29 | loss: 2.222
iter: 30 | loss: 2.653
iter: 31 | loss: 2.506
iter: 32 | loss: 2.589
testing r= 5
rrse= 148.90220679190756 / 34.875950297872706
| end of epoch   3 | time:  2.34s | train_loss 2.5305 | valid rse 4.2695 | valid rae 4.8617 | valid corr  0.0767 | valid smape  0.3148 | focus_rrse 3.4968 | obj 3.7286
Experiment: 1
Iter: 0
epoch: 4
hp= [1, 0.0002, 16, 128, 256, 1024, 40, 0.05, 2, 30, 0.6, 0.1, 2, 4]
best sum= 9.022965111273137
best rrse= 4.255275205053562
best rrae= 4.8465049119392365
best corr= 0.078815006
best smape= 0.3147427540139447
best objective= 3.7231220350496987
best hps= [1, 0.0002, 16, 128, 256, 1024, 40, 0.05, 2, 30, 0.6, 0.1, 2, 2]
best test rse= 1.8498237032963936
best test corr= 0.15782651
[Target-Weighted Loss] weights applied: {'us_Trade Weighted Dollar Index': 12.0, 'kr_fx': 12.0, 'jp_fx': 12.0}
iter:  0 | loss: 2.533
iter:  1 | loss: 2.988
iter:  2 | loss: 2.519
iter:  3 | loss: 2.186
iter:  4 | loss: 2.372
iter:  5 | loss: 2.441
iter:  6 | loss: 2.449
iter:  7 | loss: 2.786
iter:  8 | loss: 1.764
iter:  9 | loss: 2.443
iter: 10 | loss: 2.388
iter: 11 | loss: 2.357
iter: 12 | loss: 2.563
iter: 13 | loss: 2.850
iter: 14 | loss: 2.740
iter: 15 | loss: 2.590
iter: 16 | loss: 2.647
iter: 17 | loss: 2.670
iter: 18 | loss: 2.246
iter: 19 | loss: 2.330
iter: 20 | loss: 2.762
iter: 21 | loss: 2.644
iter: 22 | loss: 2.980
iter: 23 | loss: 2.658
iter: 24 | loss: 2.228
iter: 25 | loss: 2.641
iter: 26 | loss: 3.058
iter: 27 | loss: 2.249
iter: 28 | loss: 2.522
iter: 29 | loss: 2.982
iter: 30 | loss: 2.508
iter: 31 | loss: 2.247
iter: 32 | loss: 2.648
testing r= 5
rrse= 148.39434899112567 / 34.875950297872706
| end of epoch   4 | time:  2.19s | train_loss 2.5443 | valid rse 4.2549 | valid rae 4.8469 | valid corr  0.0840 | valid smape  0.3148 | focus_rrse 3.4911 | obj 3.7202
testing r= 5
rrse= 161.11269590336448 / 87.05324564957357
********************************************************************************************************
test rse 1.8507 | test rae 2.0375 | test corr 0.1535| test smape 0.2632 | test focus_rrse 1.4752
********************************************************************************************************
Experiment: 1
Iter: 0
epoch: 5
hp= [1, 0.0002, 16, 128, 256, 1024, 40, 0.05, 2, 30, 0.6, 0.1, 2, 5]
best sum= 9.017836153216322
best rrse= 4.254919155569995
best rrae= 4.8468718236436805
best corr= 0.083954826
best smape= 0.31482736609792644
best objective= 3.720231277982034
best hps= [1, 0.0002, 16, 128, 256, 1024, 40, 0.05, 2, 30, 0.6, 0.1, 2, 4]
best test rse= 1.8507373814861743
best test corr= 0.15349208
[Target-Weighted Loss] weights applied: {'us_Trade Weighted Dollar Index': 12.0, 'kr_fx': 12.0, 'jp_fx': 12.0}
iter:  0 | loss: 2.796
iter:  1 | loss: 2.408
iter:  2 | loss: 2.441
iter:  3 | loss: 2.172
iter:  4 | loss: 3.034
iter:  5 | loss: 2.891
iter:  6 | loss: 2.987
iter:  7 | loss: 2.589
iter:  8 | loss: 2.342
iter:  9 | loss: 2.811
iter: 10 | loss: 2.485
iter: 11 | loss: 2.657
iter: 12 | loss: 2.225
iter: 13 | loss: 2.272
iter: 14 | loss: 2.737
iter: 15 | loss: 2.392
iter: 16 | loss: 2.363
iter: 17 | loss: 2.473
iter: 18 | loss: 2.372
iter: 19 | loss: 2.552
iter: 20 | loss: 3.015
iter: 21 | loss: 2.251
iter: 22 | loss: 2.093
iter: 23 | loss: 2.675
iter: 24 | loss: 2.620
iter: 25 | loss: 2.636
iter: 26 | loss: 2.950
iter: 27 | loss: 2.284
iter: 28 | loss: 2.261
iter: 29 | loss: 2.531
iter: 30 | loss: 2.247
iter: 31 | loss: 2.809
iter: 32 | loss: 2.658
testing r= 5
rrse= 148.93873268478552 / 34.875950297872706
| end of epoch   5 | time:  2.06s | train_loss 2.5456 | valid rse 4.2705 | valid rae 4.8658 | valid corr  0.0808 | valid smape  0.3148 | focus_rrse 3.5022 | obj 3.7327
Experiment: 1
Iter: 0
epoch: 6
hp= [1, 0.0002, 16, 128, 256, 1024, 40, 0.05, 2, 30, 0.6, 0.1, 2, 6]
best sum= 9.017836153216322
best rrse= 4.254919155569995
best rrae= 4.8468718236436805
best corr= 0.083954826
best smape= 0.31482736609792644
best objective= 3.720231277982034
best hps= [1, 0.0002, 16, 128, 256, 1024, 40, 0.05, 2, 30, 0.6, 0.1, 2, 4]
best test rse= 1.8507373814861743
best test corr= 0.15349208
[Target-Weighted Loss] weights applied: {'us_Trade Weighted Dollar Index': 12.0, 'kr_fx': 12.0, 'jp_fx': 12.0}
iter:  0 | loss: 2.302
iter:  1 | loss: 2.924
iter:  2 | loss: 2.426
iter:  3 | loss: 2.375
iter:  4 | loss: 2.571
iter:  5 | loss: 2.769
iter:  6 | loss: 2.383
iter:  7 | loss: 2.570
iter:  8 | loss: 2.643
iter:  9 | loss: 2.852
iter: 10 | loss: 2.803
iter: 11 | loss: 2.586
iter: 12 | loss: 2.420
iter: 13 | loss: 2.554
iter: 14 | loss: 2.993
iter: 15 | loss: 2.305
iter: 16 | loss: 2.943
iter: 17 | loss: 2.599
iter: 18 | loss: 2.558
iter: 19 | loss: 2.384
iter: 20 | loss: 2.390
iter: 21 | loss: 2.260
iter: 22 | loss: 2.711
iter: 23 | loss: 2.032
iter: 24 | loss: 2.640
iter: 25 | loss: 2.858
iter: 26 | loss: 2.098
iter: 27 | loss: 2.657
iter: 28 | loss: 2.582
iter: 29 | loss: 2.175
iter: 30 | loss: 2.495
iter: 31 | loss: 2.557
iter: 32 | loss: 2.665
testing r= 5
rrse= 148.25366247583904 / 34.875950297872706
| end of epoch   6 | time:  2.08s | train_loss 2.5470 | valid rse 4.2509 | valid rae 4.8388 | valid corr  0.0766 | valid smape  0.3148 | focus_rrse 3.4965 | obj 3.7228
Experiment: 1
Iter: 0
epoch: 7
hp= [1, 0.0002, 16, 128, 256, 1024, 40, 0.05, 2, 30, 0.6, 0.1, 2, 7]
best sum= 9.017836153216322
best rrse= 4.254919155569995
best rrae= 4.8468718236436805
best corr= 0.083954826
best smape= 0.31482736609792644
best objective= 3.720231277982034
best hps= [1, 0.0002, 16, 128, 256, 1024, 40, 0.05, 2, 30, 0.6, 0.1, 2, 4]
best test rse= 1.8507373814861743
best test corr= 0.15349208
[Target-Weighted Loss] weights applied: {'us_Trade Weighted Dollar Index': 12.0, 'kr_fx': 12.0, 'jp_fx': 12.0}
iter:  0 | loss: 2.564
iter:  1 | loss: 3.086
iter:  2 | loss: 2.590
iter:  3 | loss: 2.034
iter:  4 | loss: 2.751
iter:  5 | loss: 2.407
iter:  6 | loss: 2.228
iter:  7 | loss: 2.716
iter:  8 | loss: 2.127
iter:  9 | loss: 2.247
iter: 10 | loss: 2.390
iter: 11 | loss: 2.391
iter: 12 | loss: 3.020
iter: 13 | loss: 2.821
iter: 14 | loss: 2.653
iter: 15 | loss: 2.386
iter: 16 | loss: 2.701
iter: 17 | loss: 2.521
iter: 18 | loss: 2.786
iter: 19 | loss: 2.645
iter: 20 | loss: 2.309
iter: 21 | loss: 2.282
iter: 22 | loss: 2.500
iter: 23 | loss: 2.645
iter: 24 | loss: 2.785
iter: 25 | loss: 2.468
iter: 26 | loss: 2.405
iter: 27 | loss: 2.678
iter: 28 | loss: 2.184
iter: 29 | loss: 2.936
iter: 30 | loss: 2.696
iter: 31 | loss: 2.037
iter: 32 | loss: 2.715
testing r= 5
rrse= 148.23665359400826 / 34.875950297872706
| end of epoch   7 | time:  2.18s | train_loss 2.5352 | valid rse 4.2504 | valid rae 4.8434 | valid corr  0.0836 | valid smape  0.3147 | focus_rrse 3.4945 | obj 3.7212
Experiment: 1
Iter: 0
epoch: 8
hp= [1, 0.0002, 16, 128, 256, 1024, 40, 0.05, 2, 30, 0.6, 0.1, 2, 8]
best sum= 9.017836153216322
best rrse= 4.254919155569995
best rrae= 4.8468718236436805
best corr= 0.083954826
best smape= 0.31482736609792644
best objective= 3.720231277982034
best hps= [1, 0.0002, 16, 128, 256, 1024, 40, 0.05, 2, 30, 0.6, 0.1, 2, 4]
best test rse= 1.8507373814861743
best test corr= 0.15349208
[Target-Weighted Loss] weights applied: {'us_Trade Weighted Dollar Index': 12.0, 'kr_fx': 12.0, 'jp_fx': 12.0}
iter:  0 | loss: 3.260
iter:  1 | loss: 2.382
iter:  2 | loss: 2.177
iter:  3 | loss: 2.435
iter:  4 | loss: 2.665
iter:  5 | loss: 2.801
iter:  6 | loss: 2.523
iter:  7 | loss: 2.728
iter:  8 | loss: 2.985
iter:  9 | loss: 3.043
iter: 10 | loss: 2.200
iter: 11 | loss: 2.381
iter: 12 | loss: 2.643
iter: 13 | loss: 2.566
iter: 14 | loss: 2.377
iter: 15 | loss: 2.384
iter: 16 | loss: 2.728
iter: 17 | loss: 2.649
iter: 18 | loss: 2.041
iter: 19 | loss: 2.517
iter: 20 | loss: 2.688
iter: 21 | loss: 3.107
iter: 22 | loss: 2.271
iter: 23 | loss: 2.393
iter: 24 | loss: 2.704
iter: 25 | loss: 2.146
iter: 26 | loss: 2.530
iter: 27 | loss: 2.334
iter: 28 | loss: 2.391
iter: 29 | loss: 2.232
iter: 30 | loss: 2.482
iter: 31 | loss: 2.573
iter: 32 | loss: 2.861
testing r= 5
rrse= 149.66964924877055 / 34.875950297872706
| end of epoch   8 | time:  2.36s | train_loss 2.5490 | valid rse 4.2915 | valid rae 4.8797 | valid corr  0.0806 | valid smape  0.3147 | focus_rrse 3.5001 | obj 3.7375
Experiment: 1
Iter: 0
epoch: 9
hp= [1, 0.0002, 16, 128, 256, 1024, 40, 0.05, 2, 30, 0.6, 0.1, 2, 9]
best sum= 9.017836153216322
best rrse= 4.254919155569995
best rrae= 4.8468718236436805
best corr= 0.083954826
best smape= 0.31482736609792644
best objective= 3.720231277982034
best hps= [1, 0.0002, 16, 128, 256, 1024, 40, 0.05, 2, 30, 0.6, 0.1, 2, 4]
best test rse= 1.8507373814861743
best test corr= 0.15349208
[Target-Weighted Loss] weights applied: {'us_Trade Weighted Dollar Index': 12.0, 'kr_fx': 12.0, 'jp_fx': 12.0}
iter:  0 | loss: 2.940
iter:  1 | loss: 2.543
iter:  2 | loss: 2.723
iter:  3 | loss: 2.614
iter:  4 | loss: 2.634
iter:  5 | loss: 2.656
iter:  6 | loss: 2.301
iter:  7 | loss: 2.033
iter:  8 | loss: 1.857
iter:  9 | loss: 2.141
iter: 10 | loss: 1.997
iter: 11 | loss: 2.639
iter: 12 | loss: 2.712
iter: 13 | loss: 2.554
iter: 14 | loss: 2.613
iter: 15 | loss: 2.671
iter: 16 | loss: 2.499
iter: 17 | loss: 2.730
iter: 18 | loss: 2.000
iter: 19 | loss: 3.008
iter: 20 | loss: 2.980
iter: 21 | loss: 2.338
iter: 22 | loss: 2.390
iter: 23 | loss: 2.733
iter: 24 | loss: 2.650
iter: 25 | loss: 2.190
iter: 26 | loss: 2.803
iter: 27 | loss: 2.525
iter: 28 | loss: 2.812
iter: 29 | loss: 2.426
iter: 30 | loss: 2.598
iter: 31 | loss: 2.568
iter: 32 | loss: 2.726
testing r= 5
rrse= 148.19916392308022 / 34.875950297872706
| end of epoch   9 | time:  2.30s | train_loss 2.5319 | valid rse 4.2493 | valid rae 4.8414 | valid corr  0.0794 | valid smape  0.3147 | focus_rrse 3.4876 | obj 3.7161
testing r= 5
rrse= 161.4409358906532 / 87.05324564957357
********************************************************************************************************
test rse 1.8545 | test rae 2.0416 | test corr 0.1576| test smape 0.2632 | test focus_rrse 1.4772
********************************************************************************************************
Experiment: 1
Iter: 0
epoch: 10
hp= [1, 0.0002, 16, 128, 256, 1024, 40, 0.05, 2, 30, 0.6, 0.1, 2, 10]
best sum= 9.011311697591513
best rrse= 4.24932260360859
best rrae= 4.841414533221471
best corr= 0.07942544
best smape= 0.31473107532517375
best objective= 3.7161490531162684
best hps= [1, 0.0002, 16, 128, 256, 1024, 40, 0.05, 2, 30, 0.6, 0.1, 2, 9]
best test rse= 1.854507947245549
best test corr= 0.15762305
[Target-Weighted Loss] weights applied: {'us_Trade Weighted Dollar Index': 12.0, 'kr_fx': 12.0, 'jp_fx': 12.0}
iter:  0 | loss: 1.935
iter:  1 | loss: 2.720
iter:  2 | loss: 2.388
iter:  3 | loss: 2.743
iter:  4 | loss: 2.841
iter:  5 | loss: 2.600
iter:  6 | loss: 2.530
iter:  7 | loss: 2.506
iter:  8 | loss: 2.667
iter:  9 | loss: 1.701
iter: 10 | loss: 2.451
iter: 11 | loss: 2.608
iter: 12 | loss: 2.122
iter: 13 | loss: 2.602
iter: 14 | loss: 2.611
iter: 15 | loss: 2.745
iter: 16 | loss: 2.262
iter: 17 | loss: 2.720
iter: 18 | loss: 2.254
iter: 19 | loss: 2.281
iter: 20 | loss: 2.285
iter: 21 | loss: 2.295
iter: 22 | loss: 2.391
iter: 23 | loss: 2.798
iter: 24 | loss: 3.059
iter: 25 | loss: 2.710
iter: 26 | loss: 2.613
iter: 27 | loss: 2.463
iter: 28 | loss: 2.779
iter: 29 | loss: 2.914
iter: 30 | loss: 2.754
iter: 31 | loss: 2.582
iter: 32 | loss: 3.267
testing r= 5
rrse= 148.00917808323578 / 34.875950297872706
| end of epoch  10 | time:  2.28s | train_loss 2.5460 | valid rse 4.2439 | valid rae 4.8363 | valid corr  0.0791 | valid smape  0.3148 | focus_rrse 3.4922 | obj 3.7177
Experiment: 1
Iter: 0
epoch: 11
hp= [1, 0.0002, 16, 128, 256, 1024, 40, 0.05, 2, 30, 0.6, 0.1, 2, 11]
best sum= 9.011311697591513
best rrse= 4.24932260360859
best rrae= 4.841414533221471
best corr= 0.07942544
best smape= 0.31473107532517375
best objective= 3.7161490531162684
best hps= [1, 0.0002, 16, 128, 256, 1024, 40, 0.05, 2, 30, 0.6, 0.1, 2, 9]
best test rse= 1.854507947245549
best test corr= 0.15762305
[Target-Weighted Loss] weights applied: {'us_Trade Weighted Dollar Index': 12.0, 'kr_fx': 12.0, 'jp_fx': 12.0}
iter:  0 | loss: 2.718
iter:  1 | loss: 2.431
iter:  2 | loss: 2.566
iter:  3 | loss: 2.213
iter:  4 | loss: 2.236
iter:  5 | loss: 2.183
iter:  6 | loss: 2.601
iter:  7 | loss: 2.687
iter:  8 | loss: 2.352
iter:  9 | loss: 2.601
iter: 10 | loss: 2.788
iter: 11 | loss: 2.984
iter: 12 | loss: 2.649
iter: 13 | loss: 2.332
iter: 14 | loss: 2.200
iter: 15 | loss: 2.749
iter: 16 | loss: 2.296
iter: 17 | loss: 2.390
iter: 18 | loss: 2.615
iter: 19 | loss: 2.571
iter: 20 | loss: 3.029
iter: 21 | loss: 2.366
iter: 22 | loss: 2.448
iter: 23 | loss: 2.084
iter: 24 | loss: 2.825
iter: 25 | loss: 2.510
iter: 26 | loss: 2.765
iter: 27 | loss: 3.102
iter: 28 | loss: 2.022
iter: 29 | loss: 2.369
iter: 30 | loss: 2.846
iter: 31 | loss: 2.372
iter: 32 | loss: 2.557
testing r= 5
rrse= 148.18952313043255 / 34.875950297872706
| end of epoch  11 | time:  2.23s | train_loss 2.5289 | valid rse 4.2490 | valid rae 4.8450 | valid corr  0.0788 | valid smape  0.3148 | focus_rrse 3.4957 | obj 3.7217
Experiment: 1
Iter: 0
epoch: 12
hp= [1, 0.0002, 16, 128, 256, 1024, 40, 0.05, 2, 30, 0.6, 0.1, 2, 12]
best sum= 9.011311697591513
best rrse= 4.24932260360859
best rrae= 4.841414533221471
best corr= 0.07942544
best smape= 0.31473107532517375
best objective= 3.7161490531162684
best hps= [1, 0.0002, 16, 128, 256, 1024, 40, 0.05, 2, 30, 0.6, 0.1, 2, 9]
best test rse= 1.854507947245549
best test corr= 0.15762305
[Target-Weighted Loss] weights applied: {'us_Trade Weighted Dollar Index': 12.0, 'kr_fx': 12.0, 'jp_fx': 12.0}
iter:  0 | loss: 2.409
iter:  1 | loss: 2.750
iter:  2 | loss: 2.797
iter:  3 | loss: 3.124
iter:  4 | loss: 2.648
iter:  5 | loss: 3.002
iter:  6 | loss: 2.623
iter:  7 | loss: 2.387
iter:  8 | loss: 2.377
iter:  9 | loss: 2.586
iter: 10 | loss: 2.554
iter: 11 | loss: 2.770
iter: 12 | loss: 2.201
iter: 13 | loss: 2.617
iter: 14 | loss: 1.933
iter: 15 | loss: 2.384
iter: 16 | loss: 2.216
iter: 17 | loss: 3.042
iter: 18 | loss: 2.663
iter: 19 | loss: 2.036
iter: 20 | loss: 2.563
iter: 21 | loss: 2.786
iter: 22 | loss: 2.512
iter: 23 | loss: 2.551
iter: 24 | loss: 2.399
iter: 25 | loss: 2.469
iter: 26 | loss: 2.527
iter: 27 | loss: 2.791
iter: 28 | loss: 2.550
iter: 29 | loss: 2.224
iter: 30 | loss: 2.103
iter: 31 | loss: 2.610
iter: 32 | loss: 3.084
testing r= 5
rrse= 149.16469898027148 / 34.875950297872706
| end of epoch  12 | time:  2.11s | train_loss 2.5501 | valid rse 4.2770 | valid rae 4.8692 | valid corr  0.0767 | valid smape  0.3149 | focus_rrse 3.5048 | obj 3.7364
Experiment: 1
Iter: 0
epoch: 13
hp= [1, 0.0002, 16, 128, 256, 1024, 40, 0.05, 2, 30, 0.6, 0.1, 2, 13]
best sum= 9.011311697591513
best rrse= 4.24932260360859
best rrae= 4.841414533221471
best corr= 0.07942544
best smape= 0.31473107532517375
best objective= 3.7161490531162684
best hps= [1, 0.0002, 16, 128, 256, 1024, 40, 0.05, 2, 30, 0.6, 0.1, 2, 9]
best test rse= 1.854507947245549
best test corr= 0.15762305
[Target-Weighted Loss] weights applied: {'us_Trade Weighted Dollar Index': 12.0, 'kr_fx': 12.0, 'jp_fx': 12.0}
iter:  0 | loss: 2.455
iter:  1 | loss: 2.402
iter:  2 | loss: 2.517
iter:  3 | loss: 2.448
iter:  4 | loss: 2.285
iter:  5 | loss: 2.589
iter:  6 | loss: 2.140
iter:  7 | loss: 2.527
iter:  8 | loss: 2.590
iter:  9 | loss: 2.289
iter: 10 | loss: 2.351
iter: 11 | loss: 2.549
iter: 12 | loss: 2.419
iter: 13 | loss: 2.656
iter: 14 | loss: 3.018
iter: 15 | loss: 1.940
iter: 16 | loss: 2.667
iter: 17 | loss: 1.900
iter: 18 | loss: 2.661
iter: 19 | loss: 2.846
iter: 20 | loss: 2.312
iter: 21 | loss: 3.047
iter: 22 | loss: 2.268
iter: 23 | loss: 2.765
iter: 24 | loss: 2.850
iter: 25 | loss: 2.620
iter: 26 | loss: 2.770
iter: 27 | loss: 2.856
iter: 28 | loss: 3.080
iter: 29 | loss: 2.193
iter: 30 | loss: 2.822
iter: 31 | loss: 2.354
iter: 32 | loss: 3.129
testing r= 5
rrse= 148.6983694534846 / 34.875950297872706
| end of epoch  13 | time:  2.06s | train_loss 2.5506 | valid rse 4.2636 | valid rae 4.8573 | valid corr  0.0822 | valid smape  0.3150 | focus_rrse 3.4984 | obj 3.7280
Experiment: 1
Iter: 0
epoch: 14
hp= [1, 0.0002, 16, 128, 256, 1024, 40, 0.05, 2, 30, 0.6, 0.1, 2, 14]
best sum= 9.011311697591513
best rrse= 4.24932260360859
best rrae= 4.841414533221471
best corr= 0.07942544
best smape= 0.31473107532517375
best objective= 3.7161490531162684
best hps= [1, 0.0002, 16, 128, 256, 1024, 40, 0.05, 2, 30, 0.6, 0.1, 2, 9]
best test rse= 1.854507947245549
best test corr= 0.15762305
[Target-Weighted Loss] weights applied: {'us_Trade Weighted Dollar Index': 12.0, 'kr_fx': 12.0, 'jp_fx': 12.0}
iter:  0 | loss: 2.677
iter:  1 | loss: 2.783
iter:  2 | loss: 2.860
iter:  3 | loss: 2.494
iter:  4 | loss: 2.936
iter:  5 | loss: 2.941
iter:  6 | loss: 2.875
iter:  7 | loss: 2.324
iter:  8 | loss: 2.475
iter:  9 | loss: 2.228
iter: 10 | loss: 2.554
iter: 11 | loss: 2.901
iter: 12 | loss: 2.458
iter: 13 | loss: 2.628
iter: 14 | loss: 2.154
iter: 15 | loss: 2.811
iter: 16 | loss: 2.636
iter: 17 | loss: 2.678
iter: 18 | loss: 2.531
iter: 19 | loss: 2.286
iter: 20 | loss: 2.278
iter: 21 | loss: 2.614
iter: 22 | loss: 2.624
iter: 23 | loss: 2.407
iter: 24 | loss: 1.832
iter: 25 | loss: 2.763
iter: 26 | loss: 2.849
iter: 27 | loss: 2.160
iter: 28 | loss: 2.921
iter: 29 | loss: 2.450
iter: 30 | loss: 2.249
iter: 31 | loss: 2.457
iter: 32 | loss: 1.824
testing r= 5
rrse= 148.994009422359 / 34.875950297872706
| end of epoch  14 | time:  1.94s | train_loss 2.5404 | valid rse 4.2721 | valid rae 4.8649 | valid corr  0.0749 | valid smape  0.3147 | focus_rrse 3.4991 | obj 3.7310
Experiment: 1
Iter: 0
epoch: 15
hp= [1, 0.0002, 16, 128, 256, 1024, 40, 0.05, 2, 30, 0.6, 0.1, 2, 15]
best sum= 9.011311697591513
best rrse= 4.24932260360859
best rrae= 4.841414533221471
best corr= 0.07942544
best smape= 0.31473107532517375
best objective= 3.7161490531162684
best hps= [1, 0.0002, 16, 128, 256, 1024, 40, 0.05, 2, 30, 0.6, 0.1, 2, 9]
best test rse= 1.854507947245549
best test corr= 0.15762305
[Target-Weighted Loss] weights applied: {'us_Trade Weighted Dollar Index': 12.0, 'kr_fx': 12.0, 'jp_fx': 12.0}
iter:  0 | loss: 2.563
iter:  1 | loss: 2.377
iter:  2 | loss: 2.630
iter:  3 | loss: 2.465
iter:  4 | loss: 2.357
iter:  5 | loss: 2.339
iter:  6 | loss: 2.276
iter:  7 | loss: 2.287
iter:  8 | loss: 2.666
iter:  9 | loss: 2.486
iter: 10 | loss: 2.968
iter: 11 | loss: 2.458
iter: 12 | loss: 2.379
iter: 13 | loss: 2.453
iter: 14 | loss: 2.252
iter: 15 | loss: 2.718
iter: 16 | loss: 2.275
iter: 17 | loss: 2.855
iter: 18 | loss: 2.822
iter: 19 | loss: 2.488
iter: 20 | loss: 2.207
iter: 21 | loss: 2.842
iter: 22 | loss: 2.344
iter: 23 | loss: 2.807
iter: 24 | loss: 2.883
iter: 25 | loss: 2.483
iter: 26 | loss: 2.360
iter: 27 | loss: 2.347
iter: 28 | loss: 3.157
iter: 29 | loss: 2.458
iter: 30 | loss: 2.734
iter: 31 | loss: 2.378
iter: 32 | loss: 2.744
testing r= 5
rrse= 149.15462300076388 / 34.875950297872706
| end of epoch  15 | time:  1.72s | train_loss 2.5397 | valid rse 4.2767 | valid rae 4.8719 | valid corr  0.0839 | valid smape  0.3148 | focus_rrse 3.5019 | obj 3.7343
Experiment: 1
Iter: 0
epoch: 16
hp= [1, 0.0002, 16, 128, 256, 1024, 40, 0.05, 2, 30, 0.6, 0.1, 2, 16]
best sum= 9.011311697591513
best rrse= 4.24932260360859
best rrae= 4.841414533221471
best corr= 0.07942544
best smape= 0.31473107532517375
best objective= 3.7161490531162684
best hps= [1, 0.0002, 16, 128, 256, 1024, 40, 0.05, 2, 30, 0.6, 0.1, 2, 9]
best test rse= 1.854507947245549
best test corr= 0.15762305
[Target-Weighted Loss] weights applied: {'us_Trade Weighted Dollar Index': 12.0, 'kr_fx': 12.0, 'jp_fx': 12.0}
iter:  0 | loss: 2.272
iter:  1 | loss: 2.249
iter:  2 | loss: 3.158
iter:  3 | loss: 2.892
iter:  4 | loss: 2.041
iter:  5 | loss: 2.218
iter:  6 | loss: 2.498
iter:  7 | loss: 2.459
iter:  8 | loss: 2.729
iter:  9 | loss: 2.070
iter: 10 | loss: 2.120
iter: 11 | loss: 2.939
iter: 12 | loss: 2.497
iter: 13 | loss: 2.698
iter: 14 | loss: 2.446
iter: 15 | loss: 2.682
iter: 16 | loss: 2.602
iter: 17 | loss: 2.693
iter: 18 | loss: 2.818
iter: 19 | loss: 2.783
iter: 20 | loss: 2.652
iter: 21 | loss: 2.691
iter: 22 | loss: 2.682
iter: 23 | loss: 2.746
iter: 24 | loss: 2.548
iter: 25 | loss: 2.642
iter: 26 | loss: 2.704
iter: 27 | loss: 2.313
iter: 28 | loss: 2.191
iter: 29 | loss: 2.463
iter: 30 | loss: 2.220
iter: 31 | loss: 2.795
iter: 32 | loss: 2.263
testing r= 5
rrse= 148.29052592166838 / 34.875950297872706
| end of epoch  16 | time:  1.84s | train_loss 2.5406 | valid rse 4.2519 | valid rae 4.8478 | valid corr  0.0831 | valid smape  0.3146 | focus_rrse 3.4947 | obj 3.7219
Experiment: 1
Iter: 0
epoch: 17
hp= [1, 0.0002, 16, 128, 256, 1024, 40, 0.05, 2, 30, 0.6, 0.1, 2, 17]
best sum= 9.011311697591513
best rrse= 4.24932260360859
best rrae= 4.841414533221471
best corr= 0.07942544
best smape= 0.31473107532517375
best objective= 3.7161490531162684
best hps= [1, 0.0002, 16, 128, 256, 1024, 40, 0.05, 2, 30, 0.6, 0.1, 2, 9]
best test rse= 1.854507947245549
best test corr= 0.15762305
[Target-Weighted Loss] weights applied: {'us_Trade Weighted Dollar Index': 12.0, 'kr_fx': 12.0, 'jp_fx': 12.0}
iter:  0 | loss: 2.425
iter:  1 | loss: 2.567
iter:  2 | loss: 3.058
iter:  3 | loss: 2.494
iter:  4 | loss: 2.635
iter:  5 | loss: 2.800
iter:  6 | loss: 2.548
iter:  7 | loss: 2.752
iter:  8 | loss: 2.955
iter:  9 | loss: 2.409
iter: 10 | loss: 2.485
iter: 11 | loss: 2.469
iter: 12 | loss: 2.350
iter: 13 | loss: 2.727
iter: 14 | loss: 2.999
iter: 15 | loss: 1.972
iter: 16 | loss: 2.312
iter: 17 | loss: 2.637
iter: 18 | loss: 2.613
iter: 19 | loss: 2.625
iter: 20 | loss: 2.399
iter: 21 | loss: 1.808
iter: 22 | loss: 2.364
iter: 23 | loss: 2.792
iter: 24 | loss: 2.131
iter: 25 | loss: 2.274
iter: 26 | loss: 2.571
iter: 27 | loss: 2.509
iter: 28 | loss: 2.432
iter: 29 | loss: 2.869
iter: 30 | loss: 2.754
iter: 31 | loss: 2.372
iter: 32 | loss: 3.041
testing r= 5
rrse= 148.56835679452405 / 34.875950297872706
| end of epoch  17 | time:  1.74s | train_loss 2.5462 | valid rse 4.2599 | valid rae 4.8475 | valid corr  0.0781 | valid smape  0.3148 | focus_rrse 3.4927 | obj 3.7229
Experiment: 1
Iter: 0
epoch: 18
hp= [1, 0.0002, 16, 128, 256, 1024, 40, 0.05, 2, 30, 0.6, 0.1, 2, 18]
best sum= 9.011311697591513
best rrse= 4.24932260360859
best rrae= 4.841414533221471
best corr= 0.07942544
best smape= 0.31473107532517375
best objective= 3.7161490531162684
best hps= [1, 0.0002, 16, 128, 256, 1024, 40, 0.05, 2, 30, 0.6, 0.1, 2, 9]
best test rse= 1.854507947245549
best test corr= 0.15762305
[Target-Weighted Loss] weights applied: {'us_Trade Weighted Dollar Index': 12.0, 'kr_fx': 12.0, 'jp_fx': 12.0}
iter:  0 | loss: 2.835
iter:  1 | loss: 2.534
iter:  2 | loss: 2.808
iter:  3 | loss: 2.421
iter:  4 | loss: 2.723
iter:  5 | loss: 2.119
iter:  6 | loss: 2.269
iter:  7 | loss: 2.584
iter:  8 | loss: 2.421
iter:  9 | loss: 2.637
iter: 10 | loss: 2.583
iter: 11 | loss: 2.486
iter: 12 | loss: 2.565
iter: 13 | loss: 2.788
iter: 14 | loss: 3.210
iter: 15 | loss: 2.642
iter: 16 | loss: 2.507
iter: 17 | loss: 2.355
iter: 18 | loss: 2.837
iter: 19 | loss: 2.364
iter: 20 | loss: 2.599
iter: 21 | loss: 2.860
iter: 22 | loss: 2.328
iter: 23 | loss: 1.950
iter: 24 | loss: 2.539
iter: 25 | loss: 2.829
iter: 26 | loss: 2.489
iter: 27 | loss: 1.869
iter: 28 | loss: 2.566
iter: 29 | loss: 2.550
iter: 30 | loss: 2.360
iter: 31 | loss: 2.882
iter: 32 | loss: 2.403
testing r= 5
rrse= 148.84629892316772 / 34.875950297872706
| end of epoch  18 | time:  1.73s | train_loss 2.5439 | valid rse 4.2679 | valid rae 4.8570 | valid corr  0.0759 | valid smape  0.3146 | focus_rrse 3.4928 | obj 3.7253
Experiment: 1
Iter: 0
epoch: 19
hp= [1, 0.0002, 16, 128, 256, 1024, 40, 0.05, 2, 30, 0.6, 0.1, 2, 19]
best sum= 9.011311697591513
best rrse= 4.24932260360859
best rrae= 4.841414533221471
best corr= 0.07942544
best smape= 0.31473107532517375
best objective= 3.7161490531162684
best hps= [1, 0.0002, 16, 128, 256, 1024, 40, 0.05, 2, 30, 0.6, 0.1, 2, 9]
best test rse= 1.854507947245549
best test corr= 0.15762305
[Target-Weighted Loss] weights applied: {'us_Trade Weighted Dollar Index': 12.0, 'kr_fx': 12.0, 'jp_fx': 12.0}
iter:  0 | loss: 2.694
iter:  1 | loss: 2.839
iter:  2 | loss: 2.182
iter:  3 | loss: 2.808
iter:  4 | loss: 2.415
iter:  5 | loss: 2.687
iter:  6 | loss: 2.449
iter:  7 | loss: 2.150
iter:  8 | loss: 2.737
iter:  9 | loss: 2.397
iter: 10 | loss: 2.393
iter: 11 | loss: 2.251
iter: 12 | loss: 2.647
iter: 13 | loss: 2.245
iter: 14 | loss: 2.131
iter: 15 | loss: 2.295
iter: 16 | loss: 2.330
iter: 17 | loss: 2.361
iter: 18 | loss: 2.804
iter: 19 | loss: 2.513
iter: 20 | loss: 2.786
iter: 21 | loss: 3.003
iter: 22 | loss: 2.802
iter: 23 | loss: 2.122
iter: 24 | loss: 2.398
iter: 25 | loss: 2.707
iter: 26 | loss: 2.527
iter: 27 | loss: 2.383
iter: 28 | loss: 2.981
iter: 29 | loss: 2.439
iter: 30 | loss: 2.670
iter: 31 | loss: 3.116
iter: 32 | loss: 2.599
testing r= 5
rrse= 148.92692340750546 / 34.875950297872706
| end of epoch  19 | time:  1.98s | train_loss 2.5408 | valid rse 4.2702 | valid rae 4.8630 | valid corr  0.0798 | valid smape  0.3148 | focus_rrse 3.4927 | obj 3.7259
Experiment: 1
Iter: 0
epoch: 20
hp= [1, 0.0002, 16, 128, 256, 1024, 40, 0.05, 2, 30, 0.6, 0.1, 2, 20]
best sum= 9.011311697591513
best rrse= 4.24932260360859
best rrae= 4.841414533221471
best corr= 0.07942544
best smape= 0.31473107532517375
best objective= 3.7161490531162684
best hps= [1, 0.0002, 16, 128, 256, 1024, 40, 0.05, 2, 30, 0.6, 0.1, 2, 9]
best test rse= 1.854507947245549
best test corr= 0.15762305
[Target-Weighted Loss] weights applied: {'us_Trade Weighted Dollar Index': 12.0, 'kr_fx': 12.0, 'jp_fx': 12.0}
iter:  0 | loss: 2.384
iter:  1 | loss: 2.458
iter:  2 | loss: 2.491
iter:  3 | loss: 2.380
iter:  4 | loss: 3.238
iter:  5 | loss: 2.836
iter:  6 | loss: 2.841
iter:  7 | loss: 2.634
iter:  8 | loss: 2.925
iter:  9 | loss: 2.651
iter: 10 | loss: 2.278
iter: 11 | loss: 2.589
iter: 12 | loss: 2.510
iter: 13 | loss: 2.430
iter: 14 | loss: 3.097
iter: 15 | loss: 2.223
iter: 16 | loss: 2.425
iter: 17 | loss: 2.939
iter: 18 | loss: 2.530
iter: 19 | loss: 2.157
iter: 20 | loss: 2.708
iter: 21 | loss: 2.550
iter: 22 | loss: 2.116
iter: 23 | loss: 1.961
iter: 24 | loss: 2.628
iter: 25 | loss: 3.012
iter: 26 | loss: 2.639
iter: 27 | loss: 2.309
iter: 28 | loss: 2.807
iter: 29 | loss: 2.580
iter: 30 | loss: 1.936
iter: 31 | loss: 2.800
iter: 32 | loss: 2.188
testing r= 5
rrse= 149.89762782687723 / 34.875950297872706
| end of epoch  20 | time:  2.09s | train_loss 2.5558 | valid rse 4.2980 | valid rae 4.8885 | valid corr  0.0783 | valid smape  0.3147 | focus_rrse 3.5070 | obj 3.7443
Experiment: 1
Iter: 0
epoch: 21
hp= [1, 0.0002, 16, 128, 256, 1024, 40, 0.05, 2, 30, 0.6, 0.1, 2, 21]
best sum= 9.011311697591513
best rrse= 4.24932260360859
best rrae= 4.841414533221471
best corr= 0.07942544
best smape= 0.31473107532517375
best objective= 3.7161490531162684
best hps= [1, 0.0002, 16, 128, 256, 1024, 40, 0.05, 2, 30, 0.6, 0.1, 2, 9]
best test rse= 1.854507947245549
best test corr= 0.15762305
[Target-Weighted Loss] weights applied: {'us_Trade Weighted Dollar Index': 12.0, 'kr_fx': 12.0, 'jp_fx': 12.0}
iter:  0 | loss: 2.319
iter:  1 | loss: 2.760
iter:  2 | loss: 2.876
iter:  3 | loss: 2.207
iter:  4 | loss: 2.243
iter:  5 | loss: 2.948
iter:  6 | loss: 2.397
iter:  7 | loss: 2.579
iter:  8 | loss: 2.047
iter:  9 | loss: 2.343
iter: 10 | loss: 2.947
iter: 11 | loss: 2.973
iter: 12 | loss: 2.256
iter: 13 | loss: 2.599
iter: 14 | loss: 2.716
iter: 15 | loss: 2.219
iter: 16 | loss: 2.643
iter: 17 | loss: 2.519
iter: 18 | loss: 2.436
iter: 19 | loss: 2.912
iter: 20 | loss: 2.689
iter: 21 | loss: 2.637
iter: 22 | loss: 2.489
iter: 23 | loss: 2.596
iter: 24 | loss: 2.707
iter: 25 | loss: 2.760
iter: 26 | loss: 2.009
iter: 27 | loss: 2.645
iter: 28 | loss: 2.410
iter: 29 | loss: 2.458
iter: 30 | loss: 2.382
iter: 31 | loss: 2.690
iter: 32 | loss: 2.910
testing r= 5
rrse= 149.34225582533566 / 34.875950297872706
| end of epoch  21 | time:  2.09s | train_loss 2.5524 | valid rse 4.2821 | valid rae 4.8712 | valid corr  0.0733 | valid smape  0.3149 | focus_rrse 3.5012 | obj 3.7355
Experiment: 1
Iter: 0
epoch: 22
hp= [1, 0.0002, 16, 128, 256, 1024, 40, 0.05, 2, 30, 0.6, 0.1, 2, 22]
best sum= 9.011311697591513
best rrse= 4.24932260360859
best rrae= 4.841414533221471
best corr= 0.07942544
best smape= 0.31473107532517375
best objective= 3.7161490531162684
best hps= [1, 0.0002, 16, 128, 256, 1024, 40, 0.05, 2, 30, 0.6, 0.1, 2, 9]
best test rse= 1.854507947245549
best test corr= 0.15762305
[Target-Weighted Loss] weights applied: {'us_Trade Weighted Dollar Index': 12.0, 'kr_fx': 12.0, 'jp_fx': 12.0}
iter:  0 | loss: 2.259
iter:  1 | loss: 2.434
iter:  2 | loss: 2.391
iter:  3 | loss: 2.277
iter:  4 | loss: 2.179
iter:  5 | loss: 2.906
iter:  6 | loss: 2.007
iter:  7 | loss: 2.129
iter:  8 | loss: 2.714
iter:  9 | loss: 2.278
iter: 10 | loss: 2.869
iter: 11 | loss: 2.701
iter: 12 | loss: 2.698
iter: 13 | loss: 2.610
iter: 14 | loss: 2.760
iter: 15 | loss: 2.598
iter: 16 | loss: 2.717
iter: 17 | loss: 2.449
iter: 18 | loss: 2.372
iter: 19 | loss: 2.556
iter: 20 | loss: 2.845
iter: 21 | loss: 2.621
iter: 22 | loss: 2.303
iter: 23 | loss: 2.520
iter: 24 | loss: 2.505
iter: 25 | loss: 2.416
iter: 26 | loss: 2.430
iter: 27 | loss: 2.280
iter: 28 | loss: 2.477
iter: 29 | loss: 2.984
iter: 30 | loss: 3.065
iter: 31 | loss: 2.739
iter: 32 | loss: 2.808
testing r= 5
rrse= 148.1921656793975 / 34.875950297872706
| end of epoch  22 | time:  2.02s | train_loss 2.5403 | valid rse 4.2491 | valid rae 4.8436 | valid corr  0.0795 | valid smape  0.3148 | focus_rrse 3.4959 | obj 3.7219
Experiment: 1
Iter: 0
epoch: 23
hp= [1, 0.0002, 16, 128, 256, 1024, 40, 0.05, 2, 30, 0.6, 0.1, 2, 23]
best sum= 9.011311697591513
best rrse= 4.24932260360859
best rrae= 4.841414533221471
best corr= 0.07942544
best smape= 0.31473107532517375
best objective= 3.7161490531162684
best hps= [1, 0.0002, 16, 128, 256, 1024, 40, 0.05, 2, 30, 0.6, 0.1, 2, 9]
best test rse= 1.854507947245549
best test corr= 0.15762305
[Target-Weighted Loss] weights applied: {'us_Trade Weighted Dollar Index': 12.0, 'kr_fx': 12.0, 'jp_fx': 12.0}
iter:  0 | loss: 2.304
iter:  1 | loss: 2.283
iter:  2 | loss: 2.689
iter:  3 | loss: 2.427
iter:  4 | loss: 2.425
iter:  5 | loss: 2.493
iter:  6 | loss: 2.341
iter:  7 | loss: 2.763
iter:  8 | loss: 2.546
iter:  9 | loss: 2.642
iter: 10 | loss: 2.440
iter: 11 | loss: 2.103
iter: 12 | loss: 2.493
iter: 13 | loss: 2.259
iter: 14 | loss: 2.650
iter: 15 | loss: 2.961
iter: 16 | loss: 3.060
iter: 17 | loss: 2.530
iter: 18 | loss: 2.772
iter: 19 | loss: 2.644
iter: 20 | loss: 2.743
iter: 21 | loss: 2.459
iter: 22 | loss: 2.253
iter: 23 | loss: 2.161
iter: 24 | loss: 2.868
iter: 25 | loss: 2.538
iter: 26 | loss: 2.106
iter: 27 | loss: 2.984
iter: 28 | loss: 2.801
iter: 29 | loss: 2.499
iter: 30 | loss: 2.750
iter: 31 | loss: 2.339
iter: 32 | loss: 2.615
testing r= 5
rrse= 148.4781786366266 / 34.875950297872706
| end of epoch  23 | time:  1.90s | train_loss 2.5432 | valid rse 4.2573 | valid rae 4.8514 | valid corr  0.0746 | valid smape  0.3148 | focus_rrse 3.5034 | obj 3.7296
Experiment: 1
Iter: 0
epoch: 24
hp= [1, 0.0002, 16, 128, 256, 1024, 40, 0.05, 2, 30, 0.6, 0.1, 2, 24]
best sum= 9.011311697591513
best rrse= 4.24932260360859
best rrae= 4.841414533221471
best corr= 0.07942544
best smape= 0.31473107532517375
best objective= 3.7161490531162684
best hps= [1, 0.0002, 16, 128, 256, 1024, 40, 0.05, 2, 30, 0.6, 0.1, 2, 9]
best test rse= 1.854507947245549
best test corr= 0.15762305
[Target-Weighted Loss] weights applied: {'us_Trade Weighted Dollar Index': 12.0, 'kr_fx': 12.0, 'jp_fx': 12.0}
iter:  0 | loss: 2.457
iter:  1 | loss: 2.026
iter:  2 | loss: 2.581
iter:  3 | loss: 2.467
iter:  4 | loss: 2.683
iter:  5 | loss: 2.637
iter:  6 | loss: 2.411
iter:  7 | loss: 2.715
iter:  8 | loss: 1.914
iter:  9 | loss: 2.620
iter: 10 | loss: 2.490
iter: 11 | loss: 2.553
iter: 12 | loss: 2.475
iter: 13 | loss: 2.987
iter: 14 | loss: 2.638
iter: 15 | loss: 2.694
iter: 16 | loss: 3.097
iter: 17 | loss: 2.412
iter: 18 | loss: 2.030
iter: 19 | loss: 2.857
iter: 20 | loss: 2.783
iter: 21 | loss: 2.636
iter: 22 | loss: 2.367
iter: 23 | loss: 2.873
iter: 24 | loss: 2.622
iter: 25 | loss: 2.597
iter: 26 | loss: 2.209
iter: 27 | loss: 2.705
iter: 28 | loss: 2.363
iter: 29 | loss: 2.996
iter: 30 | loss: 2.133
iter: 31 | loss: 2.540
iter: 32 | loss: 2.747
testing r= 5
rrse= 148.7048316401488 / 34.875950297872706
| end of epoch  24 | time:  2.00s | train_loss 2.5536 | valid rse 4.2638 | valid rae 4.8573 | valid corr  0.0808 | valid smape  0.3149 | focus_rrse 3.4957 | obj 3.7261
Experiment: 1
Iter: 0
epoch: 25
hp= [1, 0.0002, 16, 128, 256, 1024, 40, 0.05, 2, 30, 0.6, 0.1, 2, 25]
best sum= 9.011311697591513
best rrse= 4.24932260360859
best rrae= 4.841414533221471
best corr= 0.07942544
best smape= 0.31473107532517375
best objective= 3.7161490531162684
best hps= [1, 0.0002, 16, 128, 256, 1024, 40, 0.05, 2, 30, 0.6, 0.1, 2, 9]
best test rse= 1.854507947245549
best test corr= 0.15762305
[Target-Weighted Loss] weights applied: {'us_Trade Weighted Dollar Index': 12.0, 'kr_fx': 12.0, 'jp_fx': 12.0}
iter:  0 | loss: 1.774
iter:  1 | loss: 2.180
iter:  2 | loss: 2.766
iter:  3 | loss: 2.894
iter:  4 | loss: 3.054
iter:  5 | loss: 2.658
iter:  6 | loss: 2.559
iter:  7 | loss: 2.412
iter:  8 | loss: 2.287
iter:  9 | loss: 2.116
iter: 10 | loss: 2.197
iter: 11 | loss: 3.019
iter: 12 | loss: 2.517
iter: 13 | loss: 2.703
iter: 14 | loss: 2.493
iter: 15 | loss: 2.818
iter: 16 | loss: 2.385
iter: 17 | loss: 2.004
iter: 18 | loss: 3.168
iter: 19 | loss: 2.432
iter: 20 | loss: 2.776
iter: 21 | loss: 2.609
iter: 22 | loss: 2.318
iter: 23 | loss: 2.730
iter: 24 | loss: 2.544
iter: 25 | loss: 2.483
iter: 26 | loss: 2.815
iter: 27 | loss: 2.886
iter: 28 | loss: 2.425
iter: 29 | loss: 2.653
iter: 30 | loss: 2.914
iter: 31 | loss: 2.167
iter: 32 | loss: 2.195
testing r= 5
rrse= 148.3690960809393 / 34.875950297872706
| end of epoch  25 | time:  1.98s | train_loss 2.5467 | valid rse 4.2542 | valid rae 4.8440 | valid corr  0.0721 | valid smape  0.3149 | focus_rrse 3.4947 | obj 3.7225
Experiment: 1
Iter: 0
epoch: 26
hp= [1, 0.0002, 16, 128, 256, 1024, 40, 0.05, 2, 30, 0.6, 0.1, 2, 26]
best sum= 9.011311697591513
best rrse= 4.24932260360859
best rrae= 4.841414533221471
best corr= 0.07942544
best smape= 0.31473107532517375
best objective= 3.7161490531162684
best hps= [1, 0.0002, 16, 128, 256, 1024, 40, 0.05, 2, 30, 0.6, 0.1, 2, 9]
best test rse= 1.854507947245549
best test corr= 0.15762305
[Target-Weighted Loss] weights applied: {'us_Trade Weighted Dollar Index': 12.0, 'kr_fx': 12.0, 'jp_fx': 12.0}
iter:  0 | loss: 2.463
iter:  1 | loss: 1.890
iter:  2 | loss: 2.781
iter:  3 | loss: 2.373
iter:  4 | loss: 2.567
iter:  5 | loss: 3.170
iter:  6 | loss: 2.169
iter:  7 | loss: 2.586
iter:  8 | loss: 2.827
iter:  9 | loss: 2.429
iter: 10 | loss: 2.601
iter: 11 | loss: 2.627
iter: 12 | loss: 2.585
iter: 13 | loss: 2.856
iter: 14 | loss: 2.669
iter: 15 | loss: 2.736
iter: 16 | loss: 2.401
iter: 17 | loss: 2.341
iter: 18 | loss: 2.618
iter: 19 | loss: 2.208
iter: 20 | loss: 2.590
iter: 21 | loss: 2.480
iter: 22 | loss: 2.460
iter: 23 | loss: 2.533
iter: 24 | loss: 2.461
iter: 25 | loss: 2.818
iter: 26 | loss: 2.770
iter: 27 | loss: 2.526
iter: 28 | loss: 2.761
iter: 29 | loss: 2.538
iter: 30 | loss: 2.437
iter: 31 | loss: 2.399
iter: 32 | loss: 2.301
testing r= 5
rrse= 148.88176936750853 / 34.875950297872706
| end of epoch  26 | time:  2.03s | train_loss 2.5464 | valid rse 4.2689 | valid rae 4.8573 | valid corr  0.0728 | valid smape  0.3147 | focus_rrse 3.4976 | obj 3.7290
Experiment: 1
Iter: 0
epoch: 27
hp= [1, 0.0002, 16, 128, 256, 1024, 40, 0.05, 2, 30, 0.6, 0.1, 2, 27]
best sum= 9.011311697591513
best rrse= 4.24932260360859
best rrae= 4.841414533221471
best corr= 0.07942544
best smape= 0.31473107532517375
best objective= 3.7161490531162684
best hps= [1, 0.0002, 16, 128, 256, 1024, 40, 0.05, 2, 30, 0.6, 0.1, 2, 9]
best test rse= 1.854507947245549
best test corr= 0.15762305
[Target-Weighted Loss] weights applied: {'us_Trade Weighted Dollar Index': 12.0, 'kr_fx': 12.0, 'jp_fx': 12.0}
iter:  0 | loss: 2.541
iter:  1 | loss: 2.480
iter:  2 | loss: 2.658
iter:  3 | loss: 2.717
iter:  4 | loss: 2.520
iter:  5 | loss: 2.800
iter:  6 | loss: 2.758
iter:  7 | loss: 2.894
iter:  8 | loss: 2.302
iter:  9 | loss: 2.442
iter: 10 | loss: 2.745
iter: 11 | loss: 2.193
iter: 12 | loss: 2.136
iter: 13 | loss: 2.228
iter: 14 | loss: 2.650
iter: 15 | loss: 2.619
iter: 16 | loss: 2.365
iter: 17 | loss: 2.469
iter: 18 | loss: 2.243
iter: 19 | loss: 2.418
iter: 20 | loss: 2.434
iter: 21 | loss: 2.449
iter: 22 | loss: 2.478
iter: 23 | loss: 2.461
iter: 24 | loss: 2.745
iter: 25 | loss: 2.805
iter: 26 | loss: 2.841
iter: 27 | loss: 2.025
iter: 28 | loss: 2.841
iter: 29 | loss: 2.354
iter: 30 | loss: 2.527
iter: 31 | loss: 2.482
iter: 32 | loss: 3.075
testing r= 5
rrse= 148.19054457015804 / 34.875950297872706
| end of epoch  27 | time:  1.81s | train_loss 2.5321 | valid rse 4.2491 | valid rae 4.8437 | valid corr  0.0801 | valid smape  0.3149 | focus_rrse 3.4992 | obj 3.7242
Experiment: 1
Iter: 0
epoch: 28
hp= [1, 0.0002, 16, 128, 256, 1024, 40, 0.05, 2, 30, 0.6, 0.1, 2, 28]
best sum= 9.011311697591513
best rrse= 4.24932260360859
best rrae= 4.841414533221471
best corr= 0.07942544
best smape= 0.31473107532517375
best objective= 3.7161490531162684
best hps= [1, 0.0002, 16, 128, 256, 1024, 40, 0.05, 2, 30, 0.6, 0.1, 2, 9]
best test rse= 1.854507947245549
best test corr= 0.15762305
[Target-Weighted Loss] weights applied: {'us_Trade Weighted Dollar Index': 12.0, 'kr_fx': 12.0, 'jp_fx': 12.0}
iter:  0 | loss: 2.890
iter:  1 | loss: 2.522
iter:  2 | loss: 2.576
iter:  3 | loss: 2.342
iter:  4 | loss: 2.617
iter:  5 | loss: 2.397
iter:  6 | loss: 2.716
iter:  7 | loss: 2.392
iter:  8 | loss: 2.664
iter:  9 | loss: 2.260
iter: 10 | loss: 2.716
iter: 11 | loss: 2.246
iter: 12 | loss: 3.145
iter: 13 | loss: 1.600
iter: 14 | loss: 2.687
iter: 15 | loss: 2.904
iter: 16 | loss: 2.390
iter: 17 | loss: 2.520
iter: 18 | loss: 2.859
iter: 19 | loss: 2.464
iter: 20 | loss: 2.546
iter: 21 | loss: 2.640
iter: 22 | loss: 2.734
iter: 23 | loss: 2.582
iter: 24 | loss: 2.177
iter: 25 | loss: 3.159
iter: 26 | loss: 2.235
iter: 27 | loss: 2.398
iter: 28 | loss: 2.467
iter: 29 | loss: 2.286
iter: 30 | loss: 2.764
iter: 31 | loss: 2.750
iter: 32 | loss: 2.119
testing r= 5
rrse= 149.32836615157885 / 34.875950297872706
| end of epoch  28 | time:  1.80s | train_loss 2.5416 | valid rse 4.2817 | valid rae 4.8739 | valid corr  0.0765 | valid smape  0.3150 | focus_rrse 3.5025 | obj 3.7362
Experiment: 1
Iter: 0
epoch: 29
hp= [1, 0.0002, 16, 128, 256, 1024, 40, 0.05, 2, 30, 0.6, 0.1, 2, 29]
best sum= 9.011311697591513
best rrse= 4.24932260360859
best rrae= 4.841414533221471
best corr= 0.07942544
best smape= 0.31473107532517375
best objective= 3.7161490531162684
best hps= [1, 0.0002, 16, 128, 256, 1024, 40, 0.05, 2, 30, 0.6, 0.1, 2, 9]
best test rse= 1.854507947245549
best test corr= 0.15762305
[Target-Weighted Loss] weights applied: {'us_Trade Weighted Dollar Index': 12.0, 'kr_fx': 12.0, 'jp_fx': 12.0}
iter:  0 | loss: 2.125
iter:  1 | loss: 2.882
iter:  2 | loss: 2.488
iter:  3 | loss: 2.889
iter:  4 | loss: 2.886
iter:  5 | loss: 2.858
iter:  6 | loss: 2.222
iter:  7 | loss: 2.342
iter:  8 | loss: 2.314
iter:  9 | loss: 2.211
iter: 10 | loss: 2.478
iter: 11 | loss: 2.735
iter: 12 | loss: 2.298
iter: 13 | loss: 2.594
iter: 14 | loss: 2.930
iter: 15 | loss: 2.260
iter: 16 | loss: 2.489
iter: 17 | loss: 2.779
iter: 18 | loss: 2.973
iter: 19 | loss: 2.368
iter: 20 | loss: 2.257
iter: 21 | loss: 2.623
iter: 22 | loss: 2.273
iter: 23 | loss: 2.805
iter: 24 | loss: 2.300
iter: 25 | loss: 2.417
iter: 26 | loss: 3.150
iter: 27 | loss: 2.142
iter: 28 | loss: 2.265
iter: 29 | loss: 2.618
iter: 30 | loss: 2.839
iter: 31 | loss: 2.627
iter: 32 | loss: 2.635
testing r= 5
rrse= 148.58922508883342 / 34.875950297872706
| end of epoch  29 | time:  1.78s | train_loss 2.5470 | valid rse 4.2605 | valid rae 4.8595 | valid corr  0.0836 | valid smape  0.3148 | focus_rrse 3.5009 | obj 3.7288
Experiment: 1
Iter: 0
epoch: 30
hp= [1, 0.0002, 16, 128, 256, 1024, 40, 0.05, 2, 30, 0.6, 0.1, 2, 30]
best sum= 9.011311697591513
best rrse= 4.24932260360859
best rrae= 4.841414533221471
best corr= 0.07942544
best smape= 0.31473107532517375
best objective= 3.7161490531162684
best hps= [1, 0.0002, 16, 128, 256, 1024, 40, 0.05, 2, 30, 0.6, 0.1, 2, 9]
best test rse= 1.854507947245549
best test corr= 0.15762305
[Target-Weighted Loss] weights applied: {'us_Trade Weighted Dollar Index': 12.0, 'kr_fx': 12.0, 'jp_fx': 12.0}
iter:  0 | loss: 2.211
iter:  1 | loss: 2.375
iter:  2 | loss: 2.726
iter:  3 | loss: 2.885
iter:  4 | loss: 2.818
iter:  5 | loss: 2.195
iter:  6 | loss: 2.447
iter:  7 | loss: 2.336
iter:  8 | loss: 2.674
iter:  9 | loss: 2.715
iter: 10 | loss: 2.398
iter: 11 | loss: 2.220
iter: 12 | loss: 3.030
iter: 13 | loss: 2.756
iter: 14 | loss: 2.572
iter: 15 | loss: 2.406
iter: 16 | loss: 2.342
iter: 17 | loss: 1.845
iter: 18 | loss: 2.731
iter: 19 | loss: 2.530
iter: 20 | loss: 2.375
iter: 21 | loss: 2.740
iter: 22 | loss: 3.057
iter: 23 | loss: 2.094
iter: 24 | loss: 2.460
iter: 25 | loss: 2.189
iter: 26 | loss: 2.840
iter: 27 | loss: 2.430
iter: 28 | loss: 2.101
iter: 29 | loss: 2.627
iter: 30 | loss: 2.660
iter: 31 | loss: 2.532
iter: 32 | loss: 3.398
testing r= 5
rrse= 149.07950636740784 / 34.875950297872706
| end of epoch  30 | time:  1.73s | train_loss 2.5302 | valid rse 4.2746 | valid rae 4.8650 | valid corr  0.0787 | valid smape  0.3146 | focus_rrse 3.4938 | obj 3.7280
Experiment: 1
Iter: 0
epoch: 31
hp= [1, 0.0002, 16, 128, 256, 1024, 40, 0.05, 2, 30, 0.6, 0.1, 2, 31]
best sum= 9.011311697591513
best rrse= 4.24932260360859
best rrae= 4.841414533221471
best corr= 0.07942544
best smape= 0.31473107532517375
best objective= 3.7161490531162684
best hps= [1, 0.0002, 16, 128, 256, 1024, 40, 0.05, 2, 30, 0.6, 0.1, 2, 9]
best test rse= 1.854507947245549
best test corr= 0.15762305
[Target-Weighted Loss] weights applied: {'us_Trade Weighted Dollar Index': 12.0, 'kr_fx': 12.0, 'jp_fx': 12.0}
iter:  0 | loss: 2.559
iter:  1 | loss: 2.491
iter:  2 | loss: 2.496
iter:  3 | loss: 2.743
iter:  4 | loss: 2.005
iter:  5 | loss: 2.656
iter:  6 | loss: 2.702
iter:  7 | loss: 2.350
iter:  8 | loss: 3.115
iter:  9 | loss: 2.811
iter: 10 | loss: 3.020
iter: 11 | loss: 2.449
iter: 12 | loss: 2.340
iter: 13 | loss: 2.391
iter: 14 | loss: 2.412
iter: 15 | loss: 2.647
iter: 16 | loss: 2.431
iter: 17 | loss: 2.563
iter: 18 | loss: 2.856
iter: 19 | loss: 2.728
iter: 20 | loss: 2.150
iter: 21 | loss: 2.544
iter: 22 | loss: 2.668
iter: 23 | loss: 2.620
iter: 24 | loss: 2.201
iter: 25 | loss: 2.516
iter: 26 | loss: 2.868
iter: 27 | loss: 2.467
iter: 28 | loss: 2.442
iter: 29 | loss: 2.412
iter: 30 | loss: 2.748
iter: 31 | loss: 2.759
iter: 32 | loss: 2.153
testing r= 5
rrse= 147.83079960718607 / 34.875950297872706
| end of epoch  31 | time:  1.81s | train_loss 2.5581 | valid rse 4.2388 | valid rae 4.8319 | valid corr  0.0858 | valid smape  0.3149 | focus_rrse 3.4831 | obj 3.7098
testing r= 5
rrse= 161.66174417978422 / 87.05324564957357
********************************************************************************************************
test rse 1.8570 | test rae 2.0429 | test corr 0.1561| test smape 0.2633 | test focus_rrse 1.4755
********************************************************************************************************
Experiment: 1
Iter: 0
epoch: 32
hp= [1, 0.0002, 16, 128, 256, 1024, 40, 0.05, 2, 30, 0.6, 0.1, 2, 32]
best sum= 8.984825441335229
best rrse= 4.238760473752687
best rrae= 4.8318816042640975
best corr= 0.08581664
best smape= 0.3148810432955913
best objective= 3.7097819097115607
best hps= [1, 0.0002, 16, 128, 256, 1024, 40, 0.05, 2, 30, 0.6, 0.1, 2, 31]
best test rse= 1.8570444211872543
best test corr= 0.1561315
[Target-Weighted Loss] weights applied: {'us_Trade Weighted Dollar Index': 12.0, 'kr_fx': 12.0, 'jp_fx': 12.0}
iter:  0 | loss: 2.623
iter:  1 | loss: 2.082
iter:  2 | loss: 3.040
iter:  3 | loss: 3.231
iter:  4 | loss: 2.260
iter:  5 | loss: 2.562
iter:  6 | loss: 2.832
iter:  7 | loss: 2.604
iter:  8 | loss: 2.419
iter:  9 | loss: 2.112
iter: 10 | loss: 1.832
iter: 11 | loss: 2.510
iter: 12 | loss: 2.149
iter: 13 | loss: 2.462
iter: 14 | loss: 2.418
iter: 15 | loss: 2.796
iter: 16 | loss: 2.251
iter: 17 | loss: 3.013
iter: 18 | loss: 2.594
iter: 19 | loss: 2.512
iter: 20 | loss: 2.592
iter: 21 | loss: 2.740
iter: 22 | loss: 2.558
iter: 23 | loss: 2.741
iter: 24 | loss: 2.314
iter: 25 | loss: 2.455
iter: 26 | loss: 2.578
iter: 27 | loss: 2.150
iter: 28 | loss: 2.790
iter: 29 | loss: 2.742
iter: 30 | loss: 2.591
iter: 31 | loss: 2.739
iter: 32 | loss: 2.700
testing r= 5
rrse= 148.30638288059285 / 34.875950297872706
| end of epoch  32 | time:  2.30s | train_loss 2.5440 | valid rse 4.2524 | valid rae 4.8381 | valid corr  0.0731 | valid smape  0.3148 | focus_rrse 3.4837 | obj 3.7143
Experiment: 1
Iter: 0
epoch: 33
hp= [1, 0.0002, 16, 128, 256, 1024, 40, 0.05, 2, 30, 0.6, 0.1, 2, 33]
best sum= 8.984825441335229
best rrse= 4.238760473752687
best rrae= 4.8318816042640975
best corr= 0.08581664
best smape= 0.3148810432955913
best objective= 3.7097819097115607
best hps= [1, 0.0002, 16, 128, 256, 1024, 40, 0.05, 2, 30, 0.6, 0.1, 2, 31]
best test rse= 1.8570444211872543
best test corr= 0.1561315
[Target-Weighted Loss] weights applied: {'us_Trade Weighted Dollar Index': 12.0, 'kr_fx': 12.0, 'jp_fx': 12.0}
iter:  0 | loss: 2.711
iter:  1 | loss: 2.643
iter:  2 | loss: 2.638
iter:  3 | loss: 2.443
iter:  4 | loss: 2.853
iter:  5 | loss: 2.018
iter:  6 | loss: 2.064
iter:  7 | loss: 2.674
iter:  8 | loss: 2.274
iter:  9 | loss: 2.042
iter: 10 | loss: 2.830
iter: 11 | loss: 2.934
iter: 12 | loss: 2.614
iter: 13 | loss: 2.539
iter: 14 | loss: 2.461
iter: 15 | loss: 2.595
iter: 16 | loss: 2.304
iter: 17 | loss: 2.522
iter: 18 | loss: 2.935
iter: 19 | loss: 2.068
iter: 20 | loss: 2.774
iter: 21 | loss: 2.955
iter: 22 | loss: 2.405
iter: 23 | loss: 2.858
iter: 24 | loss: 2.435
iter: 25 | loss: 2.630
iter: 26 | loss: 2.371
iter: 27 | loss: 2.379
iter: 28 | loss: 2.326
iter: 29 | loss: 2.723
iter: 30 | loss: 2.837
iter: 31 | loss: 2.396
iter: 32 | loss: 2.235
testing r= 5
rrse= 148.5671539027049 / 34.875950297872706
| end of epoch  33 | time:  2.16s | train_loss 2.5321 | valid rse 4.2599 | valid rae 4.8532 | valid corr  0.0798 | valid smape  0.3148 | focus_rrse 3.5016 | obj 3.7291
Experiment: 1
Iter: 0
epoch: 34
hp= [1, 0.0002, 16, 128, 256, 1024, 40, 0.05, 2, 30, 0.6, 0.1, 2, 34]
best sum= 8.984825441335229
best rrse= 4.238760473752687
best rrae= 4.8318816042640975
best corr= 0.08581664
best smape= 0.3148810432955913
best objective= 3.7097819097115607
best hps= [1, 0.0002, 16, 128, 256, 1024, 40, 0.05, 2, 30, 0.6, 0.1, 2, 31]
best test rse= 1.8570444211872543
best test corr= 0.1561315
[Target-Weighted Loss] weights applied: {'us_Trade Weighted Dollar Index': 12.0, 'kr_fx': 12.0, 'jp_fx': 12.0}
iter:  0 | loss: 2.211
iter:  1 | loss: 2.539
iter:  2 | loss: 2.418
iter:  3 | loss: 2.492
iter:  4 | loss: 2.512
iter:  5 | loss: 2.212
iter:  6 | loss: 2.501
iter:  7 | loss: 2.319
iter:  8 | loss: 2.825
iter:  9 | loss: 2.347
iter: 10 | loss: 2.240
iter: 11 | loss: 2.796
iter: 12 | loss: 2.634
iter: 13 | loss: 2.811
iter: 14 | loss: 2.643
iter: 15 | loss: 2.544
iter: 16 | loss: 2.811
iter: 17 | loss: 2.429
iter: 18 | loss: 2.559
iter: 19 | loss: 2.527
iter: 20 | loss: 2.606
iter: 21 | loss: 2.899
iter: 22 | loss: 2.612
iter: 23 | loss: 2.526
iter: 24 | loss: 2.223
iter: 25 | loss: 2.136
iter: 26 | loss: 2.714
iter: 27 | loss: 2.688
iter: 28 | loss: 2.234
iter: 29 | loss: 2.168
iter: 30 | loss: 2.563
iter: 31 | loss: 2.629
iter: 32 | loss: 3.405
testing r= 5
rrse= 148.67102026159975 / 34.875950297872706
| end of epoch  34 | time:  1.99s | train_loss 2.5319 | valid rse 4.2629 | valid rae 4.8552 | valid corr  0.0799 | valid smape  0.3148 | focus_rrse 3.4969 | obj 3.7267
Experiment: 1
Iter: 0
epoch: 35
hp= [1, 0.0002, 16, 128, 256, 1024, 40, 0.05, 2, 30, 0.6, 0.1, 2, 35]
best sum= 8.984825441335229
best rrse= 4.238760473752687
best rrae= 4.8318816042640975
best corr= 0.08581664
best smape= 0.3148810432955913
best objective= 3.7097819097115607
best hps= [1, 0.0002, 16, 128, 256, 1024, 40, 0.05, 2, 30, 0.6, 0.1, 2, 31]
best test rse= 1.8570444211872543
best test corr= 0.1561315
[Target-Weighted Loss] weights applied: {'us_Trade Weighted Dollar Index': 12.0, 'kr_fx': 12.0, 'jp_fx': 12.0}
iter:  0 | loss: 2.074
iter:  1 | loss: 2.328
iter:  2 | loss: 2.129
iter:  3 | loss: 2.268
iter:  4 | loss: 2.532
iter:  5 | loss: 2.410
iter:  6 | loss: 2.841
iter:  7 | loss: 2.334
iter:  8 | loss: 3.146
iter:  9 | loss: 2.320
iter: 10 | loss: 2.771
iter: 11 | loss: 2.187
iter: 12 | loss: 2.668
iter: 13 | loss: 2.001
iter: 14 | loss: 2.841
iter: 15 | loss: 2.675
iter: 16 | loss: 2.658
iter: 17 | loss: 2.619
iter: 18 | loss: 2.563
iter: 19 | loss: 2.713
iter: 20 | loss: 2.196
iter: 21 | loss: 2.484
iter: 22 | loss: 2.450
iter: 23 | loss: 2.238
iter: 24 | loss: 2.420
iter: 25 | loss: 2.791
iter: 26 | loss: 2.866
iter: 27 | loss: 2.613
iter: 28 | loss: 2.893
iter: 29 | loss: 2.696
iter: 30 | loss: 2.302
iter: 31 | loss: 3.371
iter: 32 | loss: 2.962
testing r= 5
rrse= 148.48346656698854 / 34.875950297872706
| end of epoch  35 | time:  1.96s | train_loss 2.5534 | valid rse 4.2575 | valid rae 4.8497 | valid corr  0.0722 | valid smape  0.3148 | focus_rrse 3.4960 | obj 3.7245
Experiment: 1
Iter: 0
epoch: 36
hp= [1, 0.0002, 16, 128, 256, 1024, 40, 0.05, 2, 30, 0.6, 0.1, 2, 36]
best sum= 8.984825441335229
best rrse= 4.238760473752687
best rrae= 4.8318816042640975
best corr= 0.08581664
best smape= 0.3148810432955913
best objective= 3.7097819097115607
best hps= [1, 0.0002, 16, 128, 256, 1024, 40, 0.05, 2, 30, 0.6, 0.1, 2, 31]
best test rse= 1.8570444211872543
best test corr= 0.1561315
[Target-Weighted Loss] weights applied: {'us_Trade Weighted Dollar Index': 12.0, 'kr_fx': 12.0, 'jp_fx': 12.0}
iter:  0 | loss: 2.363
iter:  1 | loss: 2.042
iter:  2 | loss: 2.550
iter:  3 | loss: 2.342
iter:  4 | loss: 2.466
iter:  5 | loss: 2.395
iter:  6 | loss: 2.728
iter:  7 | loss: 2.744
iter:  8 | loss: 2.760
iter:  9 | loss: 3.356
iter: 10 | loss: 2.402
iter: 11 | loss: 2.139
iter: 12 | loss: 2.296
iter: 13 | loss: 2.831
iter: 14 | loss: 2.966
iter: 15 | loss: 2.764
iter: 16 | loss: 2.673
iter: 17 | loss: 1.916
iter: 18 | loss: 2.745
iter: 19 | loss: 2.634
iter: 20 | loss: 2.845
iter: 21 | loss: 3.219
iter: 22 | loss: 2.079
iter: 23 | loss: 2.580
iter: 24 | loss: 2.281
iter: 25 | loss: 2.377
iter: 26 | loss: 2.391
iter: 27 | loss: 2.220
iter: 28 | loss: 2.755
iter: 29 | loss: 2.792
iter: 30 | loss: 2.348
iter: 31 | loss: 2.083
iter: 32 | loss: 2.919
testing r= 5
rrse= 149.30977917152646 / 34.875950297872706
| end of epoch  36 | time:  1.94s | train_loss 2.5426 | valid rse 4.2812 | valid rae 4.8707 | valid corr  0.0760 | valid smape  0.3150 | focus_rrse 3.5052 | obj 3.7380
Experiment: 1
Iter: 0
epoch: 37
hp= [1, 0.0002, 16, 128, 256, 1024, 40, 0.05, 2, 30, 0.6, 0.1, 2, 37]
best sum= 8.984825441335229
best rrse= 4.238760473752687
best rrae= 4.8318816042640975
best corr= 0.08581664
best smape= 0.3148810432955913
best objective= 3.7097819097115607
best hps= [1, 0.0002, 16, 128, 256, 1024, 40, 0.05, 2, 30, 0.6, 0.1, 2, 31]
best test rse= 1.8570444211872543
best test corr= 0.1561315
[Target-Weighted Loss] weights applied: {'us_Trade Weighted Dollar Index': 12.0, 'kr_fx': 12.0, 'jp_fx': 12.0}
iter:  0 | loss: 2.527
iter:  1 | loss: 2.313
iter:  2 | loss: 2.794
iter:  3 | loss: 2.551
iter:  4 | loss: 2.107
iter:  5 | loss: 2.581
iter:  6 | loss: 2.374
iter:  7 | loss: 2.361
iter:  8 | loss: 2.678
iter:  9 | loss: 2.498
iter: 10 | loss: 2.180
iter: 11 | loss: 2.870
iter: 12 | loss: 3.188
iter: 13 | loss: 2.791
iter: 14 | loss: 2.972
iter: 15 | loss: 2.845
iter: 16 | loss: 2.517
iter: 17 | loss: 2.034
iter: 18 | loss: 2.611
iter: 19 | loss: 2.560
iter: 20 | loss: 2.417
iter: 21 | loss: 2.648
iter: 22 | loss: 2.898
iter: 23 | loss: 2.443
iter: 24 | loss: 2.095
iter: 25 | loss: 2.354
iter: 26 | loss: 2.786
iter: 27 | loss: 2.508
iter: 28 | loss: 2.365
iter: 29 | loss: 2.696
iter: 30 | loss: 3.048
iter: 31 | loss: 2.059
iter: 32 | loss: 2.327
testing r= 5
rrse= 149.05473643304663 / 34.875950297872706
| end of epoch  37 | time:  2.02s | train_loss 2.5470 | valid rse 4.2739 | valid rae 4.8708 | valid corr  0.0802 | valid smape  0.3148 | focus_rrse 3.5036 | obj 3.7347
Experiment: 1
Iter: 0
epoch: 38
hp= [1, 0.0002, 16, 128, 256, 1024, 40, 0.05, 2, 30, 0.6, 0.1, 2, 38]
best sum= 8.984825441335229
best rrse= 4.238760473752687
best rrae= 4.8318816042640975
best corr= 0.08581664
best smape= 0.3148810432955913
best objective= 3.7097819097115607
best hps= [1, 0.0002, 16, 128, 256, 1024, 40, 0.05, 2, 30, 0.6, 0.1, 2, 31]
best test rse= 1.8570444211872543
best test corr= 0.1561315
[Target-Weighted Loss] weights applied: {'us_Trade Weighted Dollar Index': 12.0, 'kr_fx': 12.0, 'jp_fx': 12.0}
iter:  0 | loss: 2.570
iter:  1 | loss: 2.446
iter:  2 | loss: 2.241
iter:  3 | loss: 2.772
iter:  4 | loss: 2.269
iter:  5 | loss: 2.751
iter:  6 | loss: 2.439
iter:  7 | loss: 2.493
iter:  8 | loss: 2.279
iter:  9 | loss: 2.019
iter: 10 | loss: 2.073
iter: 11 | loss: 2.467
iter: 12 | loss: 2.706
iter: 13 | loss: 2.794
iter: 14 | loss: 2.887
iter: 15 | loss: 2.635
iter: 16 | loss: 2.633
iter: 17 | loss: 2.505
iter: 18 | loss: 2.030
iter: 19 | loss: 2.466
iter: 20 | loss: 2.431
iter: 21 | loss: 2.281
iter: 22 | loss: 2.796
iter: 23 | loss: 2.632
iter: 24 | loss: 2.996
iter: 25 | loss: 2.477
iter: 26 | loss: 2.444
iter: 27 | loss: 2.710
iter: 28 | loss: 2.489
iter: 29 | loss: 2.725
iter: 30 | loss: 2.854
iter: 31 | loss: 2.747
iter: 32 | loss: 2.666
testing r= 5
rrse= 148.62650467068448 / 34.875950297872706
| end of epoch  38 | time:  1.81s | train_loss 2.5361 | valid rse 4.2616 | valid rae 4.8567 | valid corr  0.0819 | valid smape  0.3148 | focus_rrse 3.5000 | obj 3.7285
Experiment: 1
Iter: 0
epoch: 39
hp= [1, 0.0002, 16, 128, 256, 1024, 40, 0.05, 2, 30, 0.6, 0.1, 2, 39]
best sum= 8.984825441335229
best rrse= 4.238760473752687
best rrae= 4.8318816042640975
best corr= 0.08581664
best smape= 0.3148810432955913
best objective= 3.7097819097115607
best hps= [1, 0.0002, 16, 128, 256, 1024, 40, 0.05, 2, 30, 0.6, 0.1, 2, 31]
best test rse= 1.8570444211872543
best test corr= 0.1561315
[Target-Weighted Loss] weights applied: {'us_Trade Weighted Dollar Index': 12.0, 'kr_fx': 12.0, 'jp_fx': 12.0}
iter:  0 | loss: 2.526
iter:  1 | loss: 2.202
iter:  2 | loss: 2.513
iter:  3 | loss: 2.587
iter:  4 | loss: 2.422
iter:  5 | loss: 2.590
iter:  6 | loss: 2.612
iter:  7 | loss: 2.814
iter:  8 | loss: 2.593
iter:  9 | loss: 1.893
iter: 10 | loss: 2.544
iter: 11 | loss: 2.355
iter: 12 | loss: 3.122
iter: 13 | loss: 2.099
iter: 14 | loss: 2.922
iter: 15 | loss: 1.882
iter: 16 | loss: 2.315
iter: 17 | loss: 2.540
iter: 18 | loss: 2.855
iter: 19 | loss: 3.002
iter: 20 | loss: 2.377
iter: 21 | loss: 2.633
iter: 22 | loss: 2.399
iter: 23 | loss: 2.595
iter: 24 | loss: 2.851
iter: 25 | loss: 2.581
iter: 26 | loss: 2.447
iter: 27 | loss: 2.492
iter: 28 | loss: 2.649
iter: 29 | loss: 2.414
iter: 30 | loss: 2.672
iter: 31 | loss: 2.517
iter: 32 | loss: 2.683
testing r= 5
rrse= 148.61138499455552 / 34.875950297872706
| end of epoch  39 | time:  1.95s | train_loss 2.5352 | valid rse 4.2611 | valid rae 4.8558 | valid corr  0.0828 | valid smape  0.3149 | focus_rrse 3.5031 | obj 3.7305
Experiment: 1
Iter: 0
epoch: 40
hp= [1, 0.0002, 16, 128, 256, 1024, 40, 0.05, 2, 30, 0.6, 0.1, 2, 40]
best sum= 8.984825441335229
best rrse= 4.238760473752687
best rrae= 4.8318816042640975
best corr= 0.08581664
best smape= 0.3148810432955913
best objective= 3.7097819097115607
best hps= [1, 0.0002, 16, 128, 256, 1024, 40, 0.05, 2, 30, 0.6, 0.1, 2, 31]
best test rse= 1.8570444211872543
best test corr= 0.1561315
[Target-Weighted Loss] weights applied: {'us_Trade Weighted Dollar Index': 12.0, 'kr_fx': 12.0, 'jp_fx': 12.0}
iter:  0 | loss: 1.963
iter:  1 | loss: 2.859
iter:  2 | loss: 2.636
iter:  3 | loss: 2.655
iter:  4 | loss: 2.705
iter:  5 | loss: 2.534
iter:  6 | loss: 3.037
iter:  7 | loss: 2.833
iter:  8 | loss: 2.038
iter:  9 | loss: 2.505
iter: 10 | loss: 2.190
iter: 11 | loss: 2.207
iter: 12 | loss: 1.965
iter: 13 | loss: 2.782
iter: 14 | loss: 2.617
iter: 15 | loss: 2.795
iter: 16 | loss: 2.693
iter: 17 | loss: 2.464
iter: 18 | loss: 2.620
iter: 19 | loss: 2.551
iter: 20 | loss: 2.425
iter: 21 | loss: 2.294
iter: 22 | loss: 2.771
iter: 23 | loss: 1.914
iter: 24 | loss: 2.570
iter: 25 | loss: 2.644
iter: 26 | loss: 2.203
iter: 27 | loss: 2.880
iter: 28 | loss: 2.487
iter: 29 | loss: 2.455
iter: 30 | loss: 2.398
iter: 31 | loss: 3.067
iter: 32 | loss: 3.105
testing r= 5
rrse= 148.8972813406108 / 34.875950297872706
| end of epoch  40 | time:  1.95s | train_loss 2.5369 | valid rse 4.2693 | valid rae 4.8662 | valid corr  0.0796 | valid smape  0.3149 | focus_rrse 3.4952 | obj 3.7274
Experiment: 1
Iter: 0
epoch: 41
hp= [1, 0.0002, 16, 128, 256, 1024, 40, 0.05, 2, 30, 0.6, 0.1, 2, 41]
best sum= 8.984825441335229
best rrse= 4.238760473752687
best rrae= 4.8318816042640975
best corr= 0.08581664
best smape= 0.3148810432955913
best objective= 3.7097819097115607
best hps= [1, 0.0002, 16, 128, 256, 1024, 40, 0.05, 2, 30, 0.6, 0.1, 2, 31]
best test rse= 1.8570444211872543
best test corr= 0.1561315
[Target-Weighted Loss] weights applied: {'us_Trade Weighted Dollar Index': 12.0, 'kr_fx': 12.0, 'jp_fx': 12.0}
iter:  0 | loss: 2.681
iter:  1 | loss: 2.597
iter:  2 | loss: 3.066
iter:  3 | loss: 2.682
iter:  4 | loss: 2.513
iter:  5 | loss: 2.638
iter:  6 | loss: 2.970
iter:  7 | loss: 2.604
iter:  8 | loss: 2.422
iter:  9 | loss: 2.271
iter: 10 | loss: 2.427
iter: 11 | loss: 2.789
iter: 12 | loss: 2.708
iter: 13 | loss: 2.476
iter: 14 | loss: 2.024
iter: 15 | loss: 2.737
iter: 16 | loss: 2.497
iter: 17 | loss: 1.928
iter: 18 | loss: 2.560
iter: 19 | loss: 2.441
iter: 20 | loss: 3.184
iter: 21 | loss: 2.598
iter: 22 | loss: 2.517
iter: 23 | loss: 2.294
iter: 24 | loss: 2.242
iter: 25 | loss: 2.571
iter: 26 | loss: 2.637
iter: 27 | loss: 2.477
iter: 28 | loss: 2.389
iter: 29 | loss: 2.299
iter: 30 | loss: 2.890
iter: 31 | loss: 2.623
iter: 32 | loss: 2.035
testing r= 5
rrse= 148.70797069046097 / 34.875950297872706
| end of epoch  41 | time:  1.99s | train_loss 2.5428 | valid rse 4.2639 | valid rae 4.8591 | valid corr  0.0793 | valid smape  0.3147 | focus_rrse 3.5042 | obj 3.7321
Experiment: 1
Iter: 0
epoch: 42
hp= [1, 0.0002, 16, 128, 256, 1024, 40, 0.05, 2, 30, 0.6, 0.1, 2, 42]
best sum= 8.984825441335229
best rrse= 4.238760473752687
best rrae= 4.8318816042640975
best corr= 0.08581664
best smape= 0.3148810432955913
best objective= 3.7097819097115607
best hps= [1, 0.0002, 16, 128, 256, 1024, 40, 0.05, 2, 30, 0.6, 0.1, 2, 31]
best test rse= 1.8570444211872543
best test corr= 0.1561315
[Target-Weighted Loss] weights applied: {'us_Trade Weighted Dollar Index': 12.0, 'kr_fx': 12.0, 'jp_fx': 12.0}
iter:  0 | loss: 2.488
iter:  1 | loss: 2.291
iter:  2 | loss: 2.855
iter:  3 | loss: 2.402
iter:  4 | loss: 2.737
iter:  5 | loss: 2.436
iter:  6 | loss: 2.667
iter:  7 | loss: 2.623
iter:  8 | loss: 2.649
iter:  9 | loss: 2.719
iter: 10 | loss: 2.519
iter: 11 | loss: 2.571
iter: 12 | loss: 3.067
iter: 13 | loss: 2.362
iter: 14 | loss: 2.169
iter: 15 | loss: 1.796
iter: 16 | loss: 2.909
iter: 17 | loss: 2.255
iter: 18 | loss: 2.737
iter: 19 | loss: 2.690
iter: 20 | loss: 2.081
iter: 21 | loss: 3.338
iter: 22 | loss: 1.937
iter: 23 | loss: 2.331
iter: 24 | loss: 2.269
iter: 25 | loss: 2.751
iter: 26 | loss: 2.518
iter: 27 | loss: 2.438
iter: 28 | loss: 2.421
iter: 29 | loss: 2.745
iter: 30 | loss: 2.844
iter: 31 | loss: 2.557
iter: 32 | loss: 2.555
testing r= 5
rrse= 148.70458208937276 / 34.875950297872706
| end of epoch  42 | time:  2.14s | train_loss 2.5370 | valid rse 4.2638 | valid rae 4.8564 | valid corr  0.0787 | valid smape  0.3146 | focus_rrse 3.5005 | obj 3.7295
Experiment: 1
Iter: 0
epoch: 43
hp= [1, 0.0002, 16, 128, 256, 1024, 40, 0.05, 2, 30, 0.6, 0.1, 2, 43]
best sum= 8.984825441335229
best rrse= 4.238760473752687
best rrae= 4.8318816042640975
best corr= 0.08581664
best smape= 0.3148810432955913
best objective= 3.7097819097115607
best hps= [1, 0.0002, 16, 128, 256, 1024, 40, 0.05, 2, 30, 0.6, 0.1, 2, 31]
best test rse= 1.8570444211872543
best test corr= 0.1561315
[Target-Weighted Loss] weights applied: {'us_Trade Weighted Dollar Index': 12.0, 'kr_fx': 12.0, 'jp_fx': 12.0}
iter:  0 | loss: 2.741
iter:  1 | loss: 2.471
iter:  2 | loss: 2.680
iter:  3 | loss: 1.836
iter:  4 | loss: 2.272
iter:  5 | loss: 2.131
iter:  6 | loss: 2.222
iter:  7 | loss: 2.696
iter:  8 | loss: 2.396
iter:  9 | loss: 2.793
iter: 10 | loss: 2.251
iter: 11 | loss: 2.486
iter: 12 | loss: 2.580
iter: 13 | loss: 2.468
iter: 14 | loss: 2.823
iter: 15 | loss: 3.120
iter: 16 | loss: 2.607
iter: 17 | loss: 2.536
iter: 18 | loss: 2.678
iter: 19 | loss: 2.848
iter: 20 | loss: 2.912
iter: 21 | loss: 2.474
iter: 22 | loss: 2.553
iter: 23 | loss: 2.473
iter: 24 | loss: 2.595
iter: 25 | loss: 2.519
iter: 26 | loss: 2.177
iter: 27 | loss: 2.420
iter: 28 | loss: 3.386
iter: 29 | loss: 2.888
iter: 30 | loss: 2.233
iter: 31 | loss: 2.479
iter: 32 | loss: 2.583
testing r= 5
rrse= 148.63718805156063 / 34.875950297872706
| end of epoch  43 | time:  2.47s | train_loss 2.5552 | valid rse 4.2619 | valid rae 4.8563 | valid corr  0.0808 | valid smape  0.3147 | focus_rrse 3.4966 | obj 3.7262
Experiment: 1
Iter: 0
epoch: 44
hp= [1, 0.0002, 16, 128, 256, 1024, 40, 0.05, 2, 30, 0.6, 0.1, 2, 44]
best sum= 8.984825441335229
best rrse= 4.238760473752687
best rrae= 4.8318816042640975
best corr= 0.08581664
best smape= 0.3148810432955913
best objective= 3.7097819097115607
best hps= [1, 0.0002, 16, 128, 256, 1024, 40, 0.05, 2, 30, 0.6, 0.1, 2, 31]
best test rse= 1.8570444211872543
best test corr= 0.1561315
[Target-Weighted Loss] weights applied: {'us_Trade Weighted Dollar Index': 12.0, 'kr_fx': 12.0, 'jp_fx': 12.0}
iter:  0 | loss: 2.038
iter:  1 | loss: 2.667
iter:  2 | loss: 2.517
iter:  3 | loss: 2.407
iter:  4 | loss: 2.746
iter:  5 | loss: 2.805
iter:  6 | loss: 2.432
iter:  7 | loss: 2.881
iter:  8 | loss: 2.913
iter:  9 | loss: 2.540
iter: 10 | loss: 2.392
iter: 11 | loss: 2.785
iter: 12 | loss: 2.843
iter: 13 | loss: 2.968
iter: 14 | loss: 2.563
iter: 15 | loss: 2.122
iter: 16 | loss: 2.551
iter: 17 | loss: 1.863
iter: 18 | loss: 2.761
iter: 19 | loss: 3.072
iter: 20 | loss: 2.247
iter: 21 | loss: 2.526
iter: 22 | loss: 2.488
iter: 23 | loss: 2.793
iter: 24 | loss: 2.525
iter: 25 | loss: 2.411
iter: 26 | loss: 2.475
iter: 27 | loss: 2.553
iter: 28 | loss: 2.111
iter: 29 | loss: 2.422
iter: 30 | loss: 2.354
iter: 31 | loss: 2.926
iter: 32 | loss: 3.083
testing r= 5
rrse= 148.4878335714748 / 34.875950297872706
| end of epoch  44 | time:  2.34s | train_loss 2.5652 | valid rse 4.2576 | valid rae 4.8556 | valid corr  0.0828 | valid smape  0.3148 | focus_rrse 3.5029 | obj 3.7293
Experiment: 1
Iter: 0
epoch: 45
hp= [1, 0.0002, 16, 128, 256, 1024, 40, 0.05, 2, 30, 0.6, 0.1, 2, 45]
best sum= 8.984825441335229
best rrse= 4.238760473752687
best rrae= 4.8318816042640975
best corr= 0.08581664
best smape= 0.3148810432955913
best objective= 3.7097819097115607
best hps= [1, 0.0002, 16, 128, 256, 1024, 40, 0.05, 2, 30, 0.6, 0.1, 2, 31]
best test rse= 1.8570444211872543
best test corr= 0.1561315
[Target-Weighted Loss] weights applied: {'us_Trade Weighted Dollar Index': 12.0, 'kr_fx': 12.0, 'jp_fx': 12.0}
iter:  0 | loss: 2.765
iter:  1 | loss: 2.457
iter:  2 | loss: 2.669
iter:  3 | loss: 2.063
iter:  4 | loss: 2.723
iter:  5 | loss: 2.160
iter:  6 | loss: 2.982
iter:  7 | loss: 2.229
iter:  8 | loss: 2.416
iter:  9 | loss: 2.524
iter: 10 | loss: 2.910
iter: 11 | loss: 2.468
iter: 12 | loss: 1.746
iter: 13 | loss: 2.427
iter: 14 | loss: 2.743
iter: 15 | loss: 2.875
iter: 16 | loss: 3.086
iter: 17 | loss: 2.538
iter: 18 | loss: 2.438
iter: 19 | loss: 2.617
iter: 20 | loss: 2.544
iter: 21 | loss: 2.785
iter: 22 | loss: 2.499
iter: 23 | loss: 2.178
iter: 24 | loss: 2.527
iter: 25 | loss: 2.614
iter: 26 | loss: 2.212
iter: 27 | loss: 2.055
iter: 28 | loss: 3.071
iter: 29 | loss: 2.700
iter: 30 | loss: 2.778
iter: 31 | loss: 2.423
iter: 32 | loss: 2.596
testing r= 5
rrse= 148.98542949941447 / 34.875950297872706
| end of epoch  45 | time:  2.25s | train_loss 2.5396 | valid rse 4.2719 | valid rae 4.8666 | valid corr  0.0769 | valid smape  0.3149 | focus_rrse 3.5023 | obj 3.7332
Experiment: 1
Iter: 0
epoch: 46
hp= [1, 0.0002, 16, 128, 256, 1024, 40, 0.05, 2, 30, 0.6, 0.1, 2, 46]
best sum= 8.984825441335229
best rrse= 4.238760473752687
best rrae= 4.8318816042640975
best corr= 0.08581664
best smape= 0.3148810432955913
best objective= 3.7097819097115607
best hps= [1, 0.0002, 16, 128, 256, 1024, 40, 0.05, 2, 30, 0.6, 0.1, 2, 31]
best test rse= 1.8570444211872543
best test corr= 0.1561315
[Target-Weighted Loss] weights applied: {'us_Trade Weighted Dollar Index': 12.0, 'kr_fx': 12.0, 'jp_fx': 12.0}
iter:  0 | loss: 2.391
iter:  1 | loss: 2.201
iter:  2 | loss: 2.375
iter:  3 | loss: 2.589
iter:  4 | loss: 2.418
iter:  5 | loss: 2.683
iter:  6 | loss: 2.473
iter:  7 | loss: 2.823
iter:  8 | loss: 3.355
iter:  9 | loss: 2.383
iter: 10 | loss: 2.297
iter: 11 | loss: 2.501
iter: 12 | loss: 2.034
iter: 13 | loss: 2.864
iter: 14 | loss: 2.422
iter: 15 | loss: 2.290
iter: 16 | loss: 2.464
iter: 17 | loss: 2.273
iter: 18 | loss: 2.448
iter: 19 | loss: 2.672
iter: 20 | loss: 2.258
iter: 21 | loss: 2.437
iter: 22 | loss: 2.653
iter: 23 | loss: 3.052
iter: 24 | loss: 2.233
iter: 25 | loss: 2.700
iter: 26 | loss: 2.824
iter: 27 | loss: 2.646
iter: 28 | loss: 2.099
iter: 29 | loss: 2.595
iter: 30 | loss: 3.070
iter: 31 | loss: 2.586
iter: 32 | loss: 2.910
testing r= 5
rrse= 147.37564275729216 / 34.875950297872706
| end of epoch  46 | time:  2.39s | train_loss 2.5433 | valid rse 4.2257 | valid rae 4.8198 | valid corr  0.0823 | valid smape  0.3149 | focus_rrse 3.4863 | obj 3.7081
testing r= 5
rrse= 161.79795463787545 / 87.05324564957357
********************************************************************************************************
test rse 1.8586 | test rae 2.0447 | test corr 0.1551| test smape 0.2631 | test focus_rrse 1.4716
********************************************************************************************************
Experiment: 1
Iter: 0
epoch: 47
hp= [1, 0.0002, 16, 128, 256, 1024, 40, 0.05, 2, 30, 0.6, 0.1, 2, 47]
best sum= 8.963202482800924
best rrse= 4.225709736898022
best rrae= 4.81981990316189
best corr= 0.08232716
best smape= 0.31487983905066497
best objective= 3.708133763240122
best hps= [1, 0.0002, 16, 128, 256, 1024, 40, 0.05, 2, 30, 0.6, 0.1, 2, 46]
best test rse= 1.8586091010228523
best test corr= 0.1550529
[Target-Weighted Loss] weights applied: {'us_Trade Weighted Dollar Index': 12.0, 'kr_fx': 12.0, 'jp_fx': 12.0}
iter:  0 | loss: 2.527
iter:  1 | loss: 2.267
iter:  2 | loss: 2.541
iter:  3 | loss: 2.641
iter:  4 | loss: 2.457
iter:  5 | loss: 2.323
iter:  6 | loss: 2.042
iter:  7 | loss: 2.482
iter:  8 | loss: 2.530
iter:  9 | loss: 2.883
iter: 10 | loss: 2.278
iter: 11 | loss: 2.703
iter: 12 | loss: 2.602
iter: 13 | loss: 2.641
iter: 14 | loss: 2.851
iter: 15 | loss: 2.707
iter: 16 | loss: 2.728
iter: 17 | loss: 2.534
iter: 18 | loss: 3.017
iter: 19 | loss: 2.578
iter: 20 | loss: 2.469
iter: 21 | loss: 2.386
iter: 22 | loss: 2.553
iter: 23 | loss: 2.661
iter: 24 | loss: 2.326
iter: 25 | loss: 2.590
iter: 26 | loss: 3.156
iter: 27 | loss: 2.526
iter: 28 | loss: 2.581
iter: 29 | loss: 2.054
iter: 30 | loss: 2.699
iter: 31 | loss: 2.384
iter: 32 | loss: 2.845
testing r= 5
rrse= 148.78257915285312 / 34.875950297872706
| end of epoch  47 | time:  2.32s | train_loss 2.5603 | valid rse 4.2661 | valid rae 4.8576 | valid corr  0.0764 | valid smape  0.3147 | focus_rrse 3.4993 | obj 3.7293
Experiment: 1
Iter: 0
epoch: 48
hp= [1, 0.0002, 16, 128, 256, 1024, 40, 0.05, 2, 30, 0.6, 0.1, 2, 48]
best sum= 8.963202482800924
best rrse= 4.225709736898022
best rrae= 4.81981990316189
best corr= 0.08232716
best smape= 0.31487983905066497
best objective= 3.708133763240122
best hps= [1, 0.0002, 16, 128, 256, 1024, 40, 0.05, 2, 30, 0.6, 0.1, 2, 46]
best test rse= 1.8586091010228523
best test corr= 0.1550529
[Target-Weighted Loss] weights applied: {'us_Trade Weighted Dollar Index': 12.0, 'kr_fx': 12.0, 'jp_fx': 12.0}
iter:  0 | loss: 2.628
iter:  1 | loss: 2.527
iter:  2 | loss: 2.480
iter:  3 | loss: 2.602
iter:  4 | loss: 2.638
iter:  5 | loss: 3.064
iter:  6 | loss: 2.580
iter:  7 | loss: 2.604
iter:  8 | loss: 2.701
iter:  9 | loss: 2.481
iter: 10 | loss: 2.564
iter: 11 | loss: 2.950
iter: 12 | loss: 2.060
iter: 13 | loss: 2.367
iter: 14 | loss: 2.319
iter: 15 | loss: 2.085
iter: 16 | loss: 2.541
iter: 17 | loss: 2.848
iter: 18 | loss: 2.417
iter: 19 | loss: 2.223
iter: 20 | loss: 2.988
iter: 21 | loss: 2.909
iter: 22 | loss: 2.718
iter: 23 | loss: 2.790
iter: 24 | loss: 2.579
iter: 25 | loss: 2.732
iter: 26 | loss: 2.757
iter: 27 | loss: 1.961
iter: 28 | loss: 2.390
iter: 29 | loss: 2.519
iter: 30 | loss: 2.452
iter: 31 | loss: 2.303
iter: 32 | loss: 2.353
testing r= 5
rrse= 148.7989284025594 / 34.875950297872706
| end of epoch  48 | time:  2.31s | train_loss 2.5509 | valid rse 4.2665 | valid rae 4.8611 | valid corr  0.0762 | valid smape  0.3148 | focus_rrse 3.5005 | obj 3.7303
Experiment: 1
Iter: 0
epoch: 49
hp= [1, 0.0002, 16, 128, 256, 1024, 40, 0.05, 2, 30, 0.6, 0.1, 2, 49]
best sum= 8.963202482800924
best rrse= 4.225709736898022
best rrae= 4.81981990316189
best corr= 0.08232716
best smape= 0.31487983905066497
best objective= 3.708133763240122
best hps= [1, 0.0002, 16, 128, 256, 1024, 40, 0.05, 2, 30, 0.6, 0.1, 2, 46]
best test rse= 1.8586091010228523
best test corr= 0.1550529
[Target-Weighted Loss] weights applied: {'us_Trade Weighted Dollar Index': 12.0, 'kr_fx': 12.0, 'jp_fx': 12.0}
iter:  0 | loss: 2.053
iter:  1 | loss: 2.603
iter:  2 | loss: 2.399
iter:  3 | loss: 2.128
iter:  4 | loss: 2.841
iter:  5 | loss: 2.688
iter:  6 | loss: 2.732
iter:  7 | loss: 2.322
iter:  8 | loss: 2.730
iter:  9 | loss: 2.281
iter: 10 | loss: 2.667
iter: 11 | loss: 2.461
iter: 12 | loss: 2.485
iter: 13 | loss: 2.785
iter: 14 | loss: 2.358
iter: 15 | loss: 2.437
iter: 16 | loss: 2.770
iter: 17 | loss: 2.794
iter: 18 | loss: 2.472
iter: 19 | loss: 2.759
iter: 20 | loss: 2.366
iter: 21 | loss: 2.714
iter: 22 | loss: 3.036
iter: 23 | loss: 2.187
iter: 24 | loss: 2.548
iter: 25 | loss: 1.934
iter: 26 | loss: 3.114
iter: 27 | loss: 2.616
iter: 28 | loss: 2.528
iter: 29 | loss: 2.677
iter: 30 | loss: 2.634
iter: 31 | loss: 2.214
iter: 32 | loss: 2.753
testing r= 5
rrse= 148.3369725384572 / 34.875950297872706
| end of epoch  49 | time:  2.17s | train_loss 2.5466 | valid rse 4.2533 | valid rae 4.8504 | valid corr  0.0831 | valid smape  0.3148 | focus_rrse 3.5011 | obj 3.7268
Experiment: 1
Iter: 0
epoch: 50
hp= [1, 0.0002, 16, 128, 256, 1024, 40, 0.05, 2, 30, 0.6, 0.1, 2, 50]
best sum= 8.963202482800924
best rrse= 4.225709736898022
best rrae= 4.81981990316189
best corr= 0.08232716
best smape= 0.31487983905066497
best objective= 3.708133763240122
best hps= [1, 0.0002, 16, 128, 256, 1024, 40, 0.05, 2, 30, 0.6, 0.1, 2, 46]
best test rse= 1.8586091010228523
best test corr= 0.1550529
[Target-Weighted Loss] weights applied: {'us_Trade Weighted Dollar Index': 12.0, 'kr_fx': 12.0, 'jp_fx': 12.0}
iter:  0 | loss: 2.339
iter:  1 | loss: 2.477
iter:  2 | loss: 2.360
iter:  3 | loss: 2.978
iter:  4 | loss: 2.618
iter:  5 | loss: 2.684
iter:  6 | loss: 3.101
iter:  7 | loss: 2.390
iter:  8 | loss: 2.229
iter:  9 | loss: 2.978
iter: 10 | loss: 2.672
iter: 11 | loss: 2.349
iter: 12 | loss: 2.386
iter: 13 | loss: 2.508
iter: 14 | loss: 2.591
iter: 15 | loss: 2.954
iter: 16 | loss: 2.442
iter: 17 | loss: 2.414
iter: 18 | loss: 2.845
iter: 19 | loss: 2.542
iter: 20 | loss: 2.063
iter: 21 | loss: 2.602
iter: 22 | loss: 2.417
iter: 23 | loss: 2.780
iter: 24 | loss: 2.873
iter: 25 | loss: 2.633
iter: 26 | loss: 2.574
iter: 27 | loss: 2.176
iter: 28 | loss: 2.260
iter: 29 | loss: 2.425
iter: 30 | loss: 2.806
iter: 31 | loss: 2.407
iter: 32 | loss: 2.148
testing r= 5
rrse= 149.14827851629732 / 34.875950297872706
| end of epoch  50 | time:  2.53s | train_loss 2.5492 | valid rse 4.2765 | valid rae 4.8701 | valid corr  0.0808 | valid smape  0.3148 | focus_rrse 3.4971 | obj 3.7309
Experiment: 1
Iter: 0
epoch: 51
hp= [1, 0.0002, 16, 128, 256, 1024, 40, 0.05, 2, 30, 0.6, 0.1, 2, 51]
best sum= 8.963202482800924
best rrse= 4.225709736898022
best rrae= 4.81981990316189
best corr= 0.08232716
best smape= 0.31487983905066497
best objective= 3.708133763240122
best hps= [1, 0.0002, 16, 128, 256, 1024, 40, 0.05, 2, 30, 0.6, 0.1, 2, 46]
best test rse= 1.8586091010228523
best test corr= 0.1550529
[Target-Weighted Loss] weights applied: {'us_Trade Weighted Dollar Index': 12.0, 'kr_fx': 12.0, 'jp_fx': 12.0}
iter:  0 | loss: 2.402
iter:  1 | loss: 2.615
iter:  2 | loss: 2.669
iter:  3 | loss: 3.369
iter:  4 | loss: 3.142
iter:  5 | loss: 2.755
iter:  6 | loss: 2.777
iter:  7 | loss: 2.213
iter:  8 | loss: 2.350
iter:  9 | loss: 2.466
iter: 10 | loss: 2.632
iter: 11 | loss: 2.197
iter: 12 | loss: 2.182
iter: 13 | loss: 2.719
iter: 14 | loss: 3.273
iter: 15 | loss: 2.071
iter: 16 | loss: 2.677
iter: 17 | loss: 2.927
iter: 18 | loss: 2.574
iter: 19 | loss: 2.338
iter: 20 | loss: 2.604
iter: 21 | loss: 2.403
iter: 22 | loss: 2.278
iter: 23 | loss: 2.505
iter: 24 | loss: 2.333
iter: 25 | loss: 2.292
iter: 26 | loss: 2.154
iter: 27 | loss: 2.263
iter: 28 | loss: 2.340
iter: 29 | loss: 2.179
iter: 30 | loss: 2.724
iter: 31 | loss: 2.950
iter: 32 | loss: 2.423
testing r= 5
rrse= 149.06989630497165 / 34.875950297872706
| end of epoch  51 | time:  2.41s | train_loss 2.5402 | valid rse 4.2743 | valid rae 4.8685 | valid corr  0.0751 | valid smape  0.3148 | focus_rrse 3.5114 | obj 3.7403
Experiment: 1
Iter: 0
epoch: 52
hp= [1, 0.0002, 16, 128, 256, 1024, 40, 0.05, 2, 30, 0.6, 0.1, 2, 52]
best sum= 8.963202482800924
best rrse= 4.225709736898022
best rrae= 4.81981990316189
best corr= 0.08232716
best smape= 0.31487983905066497
best objective= 3.708133763240122
best hps= [1, 0.0002, 16, 128, 256, 1024, 40, 0.05, 2, 30, 0.6, 0.1, 2, 46]
best test rse= 1.8586091010228523
best test corr= 0.1550529
[Target-Weighted Loss] weights applied: {'us_Trade Weighted Dollar Index': 12.0, 'kr_fx': 12.0, 'jp_fx': 12.0}
iter:  0 | loss: 2.560
iter:  1 | loss: 3.172
iter:  2 | loss: 2.687
iter:  3 | loss: 2.272
iter:  4 | loss: 2.971
iter:  5 | loss: 2.369
iter:  6 | loss: 2.484
iter:  7 | loss: 2.383
iter:  8 | loss: 2.393
iter:  9 | loss: 2.280
iter: 10 | loss: 2.787
iter: 11 | loss: 2.426
iter: 12 | loss: 2.121
iter: 13 | loss: 2.317
iter: 14 | loss: 2.728
iter: 15 | loss: 2.370
iter: 16 | loss: 2.347
iter: 17 | loss: 2.328
iter: 18 | loss: 2.230
iter: 19 | loss: 2.548
iter: 20 | loss: 2.975
iter: 21 | loss: 2.957
iter: 22 | loss: 2.512
iter: 23 | loss: 2.364
iter: 24 | loss: 3.032
iter: 25 | loss: 2.092
iter: 26 | loss: 2.483
iter: 27 | loss: 2.643
iter: 28 | loss: 2.768
iter: 29 | loss: 2.637
iter: 30 | loss: 2.471
iter: 31 | loss: 2.615
iter: 32 | loss: 2.429
testing r= 5
rrse= 149.00247743326284 / 34.875950297872706
| end of epoch  52 | time:  2.48s | train_loss 2.5387 | valid rse 4.2724 | valid rae 4.8658 | valid corr  0.0870 | valid smape  0.3148 | focus_rrse 3.5018 | obj 3.7330
Experiment: 1
Iter: 0
epoch: 53
hp= [1, 0.0002, 16, 128, 256, 1024, 40, 0.05, 2, 30, 0.6, 0.1, 2, 53]
best sum= 8.963202482800924
best rrse= 4.225709736898022
best rrae= 4.81981990316189
best corr= 0.08232716
best smape= 0.31487983905066497
best objective= 3.708133763240122
best hps= [1, 0.0002, 16, 128, 256, 1024, 40, 0.05, 2, 30, 0.6, 0.1, 2, 46]
best test rse= 1.8586091010228523
best test corr= 0.1550529
[Target-Weighted Loss] weights applied: {'us_Trade Weighted Dollar Index': 12.0, 'kr_fx': 12.0, 'jp_fx': 12.0}
iter:  0 | loss: 2.260
iter:  1 | loss: 2.628
iter:  2 | loss: 2.686
iter:  3 | loss: 2.373
iter:  4 | loss: 2.960
iter:  5 | loss: 2.339
iter:  6 | loss: 3.214
iter:  7 | loss: 2.648
iter:  8 | loss: 2.368
iter:  9 | loss: 2.626
iter: 10 | loss: 2.416
iter: 11 | loss: 2.631
iter: 12 | loss: 2.650
iter: 13 | loss: 3.184
iter: 14 | loss: 2.763
iter: 15 | loss: 2.112
iter: 16 | loss: 2.391
iter: 17 | loss: 2.082
iter: 18 | loss: 2.431
iter: 19 | loss: 2.742
iter: 20 | loss: 2.641
iter: 21 | loss: 3.054
iter: 22 | loss: 2.295
iter: 23 | loss: 2.723
iter: 24 | loss: 2.377
iter: 25 | loss: 2.293
iter: 26 | loss: 2.428
iter: 27 | loss: 2.785
iter: 28 | loss: 2.168
iter: 29 | loss: 2.775
iter: 30 | loss: 2.274
iter: 31 | loss: 2.671
iter: 32 | loss: 1.812
testing r= 5
rrse= 148.1258966217589 / 34.875950297872706
| end of epoch  53 | time:  2.17s | train_loss 2.5449 | valid rse 4.2472 | valid rae 4.8389 | valid corr  0.0790 | valid smape  0.3149 | focus_rrse 3.4844 | obj 3.7132
Experiment: 1
Iter: 0
epoch: 54
hp= [1, 0.0002, 16, 128, 256, 1024, 40, 0.05, 2, 30, 0.6, 0.1, 2, 54]
best sum= 8.963202482800924
best rrse= 4.225709736898022
best rrae= 4.81981990316189
best corr= 0.08232716
best smape= 0.31487983905066497
best objective= 3.708133763240122
best hps= [1, 0.0002, 16, 128, 256, 1024, 40, 0.05, 2, 30, 0.6, 0.1, 2, 46]
best test rse= 1.8586091010228523
best test corr= 0.1550529
[Target-Weighted Loss] weights applied: {'us_Trade Weighted Dollar Index': 12.0, 'kr_fx': 12.0, 'jp_fx': 12.0}
iter:  0 | loss: 2.452
iter:  1 | loss: 2.597
iter:  2 | loss: 3.404
iter:  3 | loss: 2.948
iter:  4 | loss: 1.954
iter:  5 | loss: 2.538
iter:  6 | loss: 2.204
iter:  7 | loss: 2.645
iter:  8 | loss: 2.408
iter:  9 | loss: 2.918
iter: 10 | loss: 2.472
iter: 11 | loss: 2.007
iter: 12 | loss: 2.553
iter: 13 | loss: 2.554
iter: 14 | loss: 2.727
iter: 15 | loss: 2.575
iter: 16 | loss: 3.187
iter: 17 | loss: 3.064
iter: 18 | loss: 2.284
iter: 19 | loss: 2.737
iter: 20 | loss: 2.624
iter: 21 | loss: 2.319
iter: 22 | loss: 2.186
iter: 23 | loss: 2.541
iter: 24 | loss: 2.544
iter: 25 | loss: 2.222
iter: 26 | loss: 2.479
iter: 27 | loss: 2.094
iter: 28 | loss: 2.841
iter: 29 | loss: 2.754
iter: 30 | loss: 2.333
iter: 31 | loss: 2.296
iter: 32 | loss: 2.581
testing r= 5
rrse= 148.3970142156674 / 34.875950297872706
| end of epoch  54 | time:  2.13s | train_loss 2.5464 | valid rse 4.2550 | valid rae 4.8476 | valid corr  0.0758 | valid smape  0.3150 | focus_rrse 3.4917 | obj 3.7207
Experiment: 1
Iter: 0
epoch: 55
hp= [1, 0.0002, 16, 128, 256, 1024, 40, 0.05, 2, 30, 0.6, 0.1, 2, 55]
best sum= 8.963202482800924
best rrse= 4.225709736898022
best rrae= 4.81981990316189
best corr= 0.08232716
best smape= 0.31487983905066497
best objective= 3.708133763240122
best hps= [1, 0.0002, 16, 128, 256, 1024, 40, 0.05, 2, 30, 0.6, 0.1, 2, 46]
best test rse= 1.8586091010228523
best test corr= 0.1550529
[Target-Weighted Loss] weights applied: {'us_Trade Weighted Dollar Index': 12.0, 'kr_fx': 12.0, 'jp_fx': 12.0}
iter:  0 | loss: 2.285
iter:  1 | loss: 2.808
iter:  2 | loss: 1.872
iter:  3 | loss: 3.019
iter:  4 | loss: 2.467
iter:  5 | loss: 2.527
iter:  6 | loss: 2.710
iter:  7 | loss: 1.939
iter:  8 | loss: 2.549
iter:  9 | loss: 2.498
iter: 10 | loss: 2.524
iter: 11 | loss: 2.905
iter: 12 | loss: 2.682
iter: 13 | loss: 3.052
iter: 14 | loss: 2.518
iter: 15 | loss: 2.605
iter: 16 | loss: 2.575
iter: 17 | loss: 2.791
iter: 18 | loss: 2.682
iter: 19 | loss: 2.748
iter: 20 | loss: 2.571
iter: 21 | loss: 2.781
iter: 22 | loss: 2.474
iter: 23 | loss: 2.240
iter: 24 | loss: 2.497
iter: 25 | loss: 2.241
iter: 26 | loss: 2.562
iter: 27 | loss: 2.215
iter: 28 | loss: 2.875
iter: 29 | loss: 2.193
iter: 30 | loss: 2.922
iter: 31 | loss: 2.270
iter: 32 | loss: 2.364
testing r= 5
rrse= 148.5258026825642 / 34.875950297872706
| end of epoch  55 | time:  2.56s | train_loss 2.5457 | valid rse 4.2587 | valid rae 4.8507 | valid corr  0.0817 | valid smape  0.3147 | focus_rrse 3.4949 | obj 3.7240
Experiment: 1
Iter: 0
epoch: 56
hp= [1, 0.0002, 16, 128, 256, 1024, 40, 0.05, 2, 30, 0.6, 0.1, 2, 56]
best sum= 8.963202482800924
best rrse= 4.225709736898022
best rrae= 4.81981990316189
best corr= 0.08232716
best smape= 0.31487983905066497
best objective= 3.708133763240122
best hps= [1, 0.0002, 16, 128, 256, 1024, 40, 0.05, 2, 30, 0.6, 0.1, 2, 46]
best test rse= 1.8586091010228523
best test corr= 0.1550529
[Target-Weighted Loss] weights applied: {'us_Trade Weighted Dollar Index': 12.0, 'kr_fx': 12.0, 'jp_fx': 12.0}
iter:  0 | loss: 2.601
iter:  1 | loss: 2.911
iter:  2 | loss: 2.348
iter:  3 | loss: 2.487
iter:  4 | loss: 2.269
iter:  5 | loss: 2.933
iter:  6 | loss: 2.010
iter:  7 | loss: 2.419
iter:  8 | loss: 2.769
iter:  9 | loss: 2.397
iter: 10 | loss: 2.831
iter: 11 | loss: 2.640
iter: 12 | loss: 2.082
iter: 13 | loss: 2.599
iter: 14 | loss: 2.107
iter: 15 | loss: 3.191
iter: 16 | loss: 3.107
iter: 17 | loss: 2.743
iter: 18 | loss: 1.689
iter: 19 | loss: 3.001
iter: 20 | loss: 2.551
iter: 21 | loss: 2.618
iter: 22 | loss: 2.980
iter: 23 | loss: 2.714
iter: 24 | loss: 2.964
iter: 25 | loss: 2.664
iter: 26 | loss: 2.495
iter: 27 | loss: 1.962
iter: 28 | loss: 2.244
iter: 29 | loss: 2.606
iter: 30 | loss: 2.377
iter: 31 | loss: 2.166
iter: 32 | loss: 2.845
testing r= 5
rrse= 148.1995922417636 / 34.875950297872706
| end of epoch  56 | time:  2.43s | train_loss 2.5530 | valid rse 4.2493 | valid rae 4.8423 | valid corr  0.0788 | valid smape  0.3148 | focus_rrse 3.4942 | obj 3.7208
Experiment: 1
Iter: 0
epoch: 57
hp= [1, 0.0002, 16, 128, 256, 1024, 40, 0.05, 2, 30, 0.6, 0.1, 2, 57]
best sum= 8.963202482800924
best rrse= 4.225709736898022
best rrae= 4.81981990316189
best corr= 0.08232716
best smape= 0.31487983905066497
best objective= 3.708133763240122
best hps= [1, 0.0002, 16, 128, 256, 1024, 40, 0.05, 2, 30, 0.6, 0.1, 2, 46]
best test rse= 1.8586091010228523
best test corr= 0.1550529
[Target-Weighted Loss] weights applied: {'us_Trade Weighted Dollar Index': 12.0, 'kr_fx': 12.0, 'jp_fx': 12.0}
iter:  0 | loss: 2.479
iter:  1 | loss: 2.393
iter:  2 | loss: 2.315
iter:  3 | loss: 2.431
iter:  4 | loss: 2.413
iter:  5 | loss: 2.535
iter:  6 | loss: 2.408
iter:  7 | loss: 2.944
iter:  8 | loss: 2.547
iter:  9 | loss: 2.561
iter: 10 | loss: 2.687
iter: 11 | loss: 2.487
iter: 12 | loss: 2.337
iter: 13 | loss: 2.017
iter: 14 | loss: 2.781
iter: 15 | loss: 2.780
iter: 16 | loss: 2.749
iter: 17 | loss: 2.939
iter: 18 | loss: 2.177
iter: 19 | loss: 3.020
iter: 20 | loss: 2.262
iter: 21 | loss: 2.614
iter: 22 | loss: 2.802
iter: 23 | loss: 2.512
iter: 24 | loss: 2.206
iter: 25 | loss: 2.554
iter: 26 | loss: 2.213
iter: 27 | loss: 2.333
iter: 28 | loss: 3.039
iter: 29 | loss: 2.606
iter: 30 | loss: 2.530
iter: 31 | loss: 2.850
iter: 32 | loss: 2.363
testing r= 5
rrse= 148.3103139324774 / 34.875950297872706
| end of epoch  57 | time:  2.36s | train_loss 2.5433 | valid rse 4.2525 | valid rae 4.8463 | valid corr  0.0837 | valid smape  0.3149 | focus_rrse 3.4891 | obj 3.7182
Experiment: 1
Iter: 0
epoch: 58
hp= [1, 0.0002, 16, 128, 256, 1024, 40, 0.05, 2, 30, 0.6, 0.1, 2, 58]
best sum= 8.963202482800924
best rrse= 4.225709736898022
best rrae= 4.81981990316189
best corr= 0.08232716
best smape= 0.31487983905066497
best objective= 3.708133763240122
best hps= [1, 0.0002, 16, 128, 256, 1024, 40, 0.05, 2, 30, 0.6, 0.1, 2, 46]
best test rse= 1.8586091010228523
best test corr= 0.1550529
[Target-Weighted Loss] weights applied: {'us_Trade Weighted Dollar Index': 12.0, 'kr_fx': 12.0, 'jp_fx': 12.0}
iter:  0 | loss: 2.555
iter:  1 | loss: 2.559
iter:  2 | loss: 2.589
iter:  3 | loss: 3.120
iter:  4 | loss: 2.751
iter:  5 | loss: 2.619
iter:  6 | loss: 2.735
iter:  7 | loss: 2.266
iter:  8 | loss: 2.542
iter:  9 | loss: 2.501
iter: 10 | loss: 2.712
iter: 11 | loss: 2.653
iter: 12 | loss: 2.444
iter: 13 | loss: 2.606
iter: 14 | loss: 2.111
iter: 15 | loss: 2.334
iter: 16 | loss: 2.440
iter: 17 | loss: 2.433
iter: 18 | loss: 2.554
iter: 19 | loss: 2.615
iter: 20 | loss: 2.878
iter: 21 | loss: 2.402
iter: 22 | loss: 2.609
iter: 23 | loss: 2.472
iter: 24 | loss: 2.085
iter: 25 | loss: 2.979
iter: 26 | loss: 2.807
iter: 27 | loss: 2.461
iter: 28 | loss: 2.806
iter: 29 | loss: 2.119
iter: 30 | loss: 1.995
iter: 31 | loss: 2.602
iter: 32 | loss: 2.568
testing r= 5
rrse= 148.78419381145633 / 34.875950297872706
| end of epoch  58 | time:  2.78s | train_loss 2.5429 | valid rse 4.2661 | valid rae 4.8644 | valid corr  0.0851 | valid smape  0.3147 | focus_rrse 3.5046 | obj 3.7331
Experiment: 1
Iter: 0
epoch: 59
hp= [1, 0.0002, 16, 128, 256, 1024, 40, 0.05, 2, 30, 0.6, 0.1, 2, 59]
best sum= 8.963202482800924
best rrse= 4.225709736898022
best rrae= 4.81981990316189
best corr= 0.08232716
best smape= 0.31487983905066497
best objective= 3.708133763240122
best hps= [1, 0.0002, 16, 128, 256, 1024, 40, 0.05, 2, 30, 0.6, 0.1, 2, 46]
best test rse= 1.8586091010228523
best test corr= 0.1550529
[Target-Weighted Loss] weights applied: {'us_Trade Weighted Dollar Index': 12.0, 'kr_fx': 12.0, 'jp_fx': 12.0}
iter:  0 | loss: 2.818
iter:  1 | loss: 2.922
iter:  2 | loss: 2.342
iter:  3 | loss: 2.646
iter:  4 | loss: 2.490
iter:  5 | loss: 2.463
iter:  6 | loss: 2.823
iter:  7 | loss: 3.010
iter:  8 | loss: 2.328
iter:  9 | loss: 2.415
iter: 10 | loss: 2.831
iter: 11 | loss: 2.255
iter: 12 | loss: 2.240
iter: 13 | loss: 2.992
iter: 14 | loss: 2.562
iter: 15 | loss: 2.672
iter: 16 | loss: 2.271
iter: 17 | loss: 2.507
iter: 18 | loss: 1.884
iter: 19 | loss: 2.930
iter: 20 | loss: 2.596
iter: 21 | loss: 2.147
iter: 22 | loss: 2.325
iter: 23 | loss: 2.378
iter: 24 | loss: 2.560
iter: 25 | loss: 2.978
iter: 26 | loss: 1.801
iter: 27 | loss: 2.791
iter: 28 | loss: 2.572
iter: 29 | loss: 2.307
iter: 30 | loss: 2.402
iter: 31 | loss: 2.750
iter: 32 | loss: 2.629
testing r= 5
rrse= 149.07032212180934 / 34.875950297872706
| end of epoch  59 | time:  2.35s | train_loss 2.5337 | valid rse 4.2743 | valid rae 4.8665 | valid corr  0.0788 | valid smape  0.3148 | focus_rrse 3.4980 | obj 3.7309
Experiment: 1
Iter: 0
epoch: 60
hp= [1, 0.0002, 16, 128, 256, 1024, 40, 0.05, 2, 30, 0.6, 0.1, 2, 60]
best sum= 8.963202482800924
best rrse= 4.225709736898022
best rrae= 4.81981990316189
best corr= 0.08232716
best smape= 0.31487983905066497
best objective= 3.708133763240122
best hps= [1, 0.0002, 16, 128, 256, 1024, 40, 0.05, 2, 30, 0.6, 0.1, 2, 46]
best test rse= 1.8586091010228523
best test corr= 0.1550529
[Target-Weighted Loss] weights applied: {'us_Trade Weighted Dollar Index': 12.0, 'kr_fx': 12.0, 'jp_fx': 12.0}
iter:  0 | loss: 3.270
iter:  1 | loss: 2.487
iter:  2 | loss: 2.727
iter:  3 | loss: 2.491
iter:  4 | loss: 3.035
iter:  5 | loss: 2.247
iter:  6 | loss: 1.786
iter:  7 | loss: 1.913
iter:  8 | loss: 2.038
iter:  9 | loss: 2.526
iter: 10 | loss: 2.836
iter: 11 | loss: 2.446
iter: 12 | loss: 2.474
iter: 13 | loss: 2.416
iter: 14 | loss: 2.677
iter: 15 | loss: 2.311
iter: 16 | loss: 2.554
iter: 17 | loss: 2.362
iter: 18 | loss: 2.718
iter: 19 | loss: 3.064
iter: 20 | loss: 2.462
iter: 21 | loss: 2.542
iter: 22 | loss: 2.457
iter: 23 | loss: 2.328
iter: 24 | loss: 2.904
iter: 25 | loss: 2.380
iter: 26 | loss: 2.722
iter: 27 | loss: 2.581
iter: 28 | loss: 2.935
iter: 29 | loss: 2.322
iter: 30 | loss: 2.626
iter: 31 | loss: 2.132
iter: 32 | loss: 3.007
testing r= 5
rrse= 148.94520411253598 / 34.875950297872706
| end of epoch  60 | time:  2.48s | train_loss 2.5350 | valid rse 4.2707 | valid rae 4.8634 | valid corr  0.0763 | valid smape  0.3148 | focus_rrse 3.4985 | obj 3.7302
best val loss= 8.963202482800924
best hps= [1, 0.0002, 16, 128, 256, 1024, 40, 0.05, 2, 30, 0.6, 0.1, 2, 46]
testing r= 5
rrse= 148.8070925099002 / 34.875950297872706
testing r= 5
rrse= 160.8546935027853 / 87.05324564957357
********************************************************************************************************
final test rse 1.8478 | test rae 2.0365 | test corr 0.1509 | test smape 0.2635
********************************************************************************************************



1 run average



valid	rse	rae
mean	4.2668	4.8598
std	0.0000	0.0000



test	rse	rae
mean	1.8478	2.0365
std	0.0000	0.0000
