CUDA not available, using CPU
Loading data from /Users/samrobert/Documents/GitHub/Exchangeprediction/Cyber-trend-forecasting-main 3/B-MTGNN/data/sm_data.csv...
Data loaded and converted to numeric successfully.
Graph loaded with 1 attacks...
33 columns loaded
Adjacency created...
train X: torch.Size([131, 24, 33])
train Y: torch.Size([131, 1, 33])
valid X: torch.Size([11, 24, 33])
valid Y: torch.Size([11, 1, 33])
test X: torch.Size([11, 24, 33])
test Y: torch.Size([11, 1, 33])
test window: torch.Size([36, 33])
length of training set= 131
length of validation set= 11
length of testing set= 11
valid= 168
Auto-detected num_nodes: 33
Namespace(data='/Users/samrobert/Documents/GitHub/Exchangeprediction/Cyber-trend-forecasting-main 3/B-MTGNN/data/sm_data.csv', log_interval=2000, save='/Users/samrobert/Documents/GitHub/Exchangeprediction/Cyber-trend-forecasting-main 3/B-MTGNN/tuning_runs/20260217_115120/checkpoints/model_001.pt', optim='adam', L1Loss=True, normalize=2, device='cuda:1', gcn_true=False, buildA_true=False, use_graph=0, gcn_depth=1, num_nodes=33, dropout=0.1, subgraph_size=40, node_dim=30, dilation_exponential=2, conv_channels=16, residual_channels=128, skip_channels=256, end_channels=1024, in_dim=1, seq_in_len=24, seq_out_len=1, horizon=1, layers=2, batch_size=4, lr=0.0002, weight_decay=1e-05, clip=10, propalpha=0.6, tanhalpha=0.1, epochs=60, num_split=1, step_size=100, ss_prob=0.2, train_ratio=0.8666666667, valid_ratio=0.0666666667, focus_targets=1, focus_nodes='us_Trade Weighted Dollar Index,jp_fx,kr_fx', focus_weight=0.7, focus_target_gain=12.0, rse_targets='Us_Trade Weighted Dollar Index_Testing.txt,Jp_fx_Testing.txt,Kr_fx_Testing.txt', plot_focus_only=0, debug_eval=0, rollout_mode='teacher_forced', seed=2026, plot=0, clean_cache=0, autotune_mode=1)
The recpetive field size is 19
Number of model parameters is 611649
begin training
Experiment: 1
Iter: 0
epoch: 1
hp= [1, 0.0002, 16, 128, 256, 1024, 40, 0.1, 2, 30, 0.6, 0.1, 2, 1]
best sum= 10000000
best rrse= 10000000
best rrae= 10000000
best corr= -10000000
best smape= 10000000
best objective= 10000000
best hps= []
best test rse= 10000000
best test corr= -10000000
[Target-Weighted Loss] weights applied: {'us_Trade Weighted Dollar Index': 12.0, 'kr_fx': 12.0, 'jp_fx': 12.0}
iter:  0 | loss: 3.193
iter:  1 | loss: 2.511
iter:  2 | loss: 2.592
iter:  3 | loss: 2.197
iter:  4 | loss: 2.743
iter:  5 | loss: 2.281
iter:  6 | loss: 2.553
iter:  7 | loss: 2.389
iter:  8 | loss: 2.452
iter:  9 | loss: 2.737
iter: 10 | loss: 2.492
iter: 11 | loss: 3.296
iter: 12 | loss: 2.536
iter: 13 | loss: 2.823
iter: 14 | loss: 2.503
iter: 15 | loss: 2.498
iter: 16 | loss: 2.096
iter: 17 | loss: 2.586
iter: 18 | loss: 2.229
iter: 19 | loss: 2.384
iter: 20 | loss: 2.289
iter: 21 | loss: 2.120
iter: 22 | loss: 2.633
iter: 23 | loss: 2.621
iter: 24 | loss: 2.324
iter: 25 | loss: 2.556
iter: 26 | loss: 2.462
iter: 27 | loss: 3.058
iter: 28 | loss: 2.282
iter: 29 | loss: 2.854
iter: 30 | loss: 2.622
iter: 31 | loss: 2.699
iter: 32 | loss: 2.734
testing r= 5
rrse= 148.3616253449658 / 34.875950297872706
| end of epoch   1 | time:  2.98s | train_loss 2.5545 | valid rse 4.2540 | valid rae 4.8492 | valid corr  0.0632 | valid smape  0.3149 | focus_rrse 3.5085 | obj 3.7322
testing r= 5
rrse= 162.49295056824772 / 87.05324564957357
********************************************************************************************************
test rse 1.8666 | test rae 2.0523 | test corr 0.1428| test smape 0.2634 | test focus_rrse 1.4819
********************************************************************************************************
Experiment: 1
Iter: 0
epoch: 2
hp= [1, 0.0002, 16, 128, 256, 1024, 40, 0.1, 2, 30, 0.6, 0.1, 2, 2]
best sum= 9.03992025008916
best rrse= 4.253980868702387
best rrae= 4.849162937070864
best corr= 0.063223556
best smape= 0.31489405916821245
best objective= 3.732163188947813
best hps= [1, 0.0002, 16, 128, 256, 1024, 40, 0.1, 2, 30, 0.6, 0.1, 2, 1]
best test rse= 1.8665926738946774
best test corr= 0.14278477
[Target-Weighted Loss] weights applied: {'us_Trade Weighted Dollar Index': 12.0, 'kr_fx': 12.0, 'jp_fx': 12.0}
iter:  0 | loss: 2.648
iter:  1 | loss: 2.398
iter:  2 | loss: 2.380
iter:  3 | loss: 2.645
iter:  4 | loss: 2.670
iter:  5 | loss: 2.863
iter:  6 | loss: 2.702
iter:  7 | loss: 2.052
iter:  8 | loss: 2.487
iter:  9 | loss: 2.384
iter: 10 | loss: 2.304
iter: 11 | loss: 2.104
iter: 12 | loss: 2.419
iter: 13 | loss: 2.665
iter: 14 | loss: 2.378
iter: 15 | loss: 2.603
iter: 16 | loss: 2.760
iter: 17 | loss: 2.531
iter: 18 | loss: 2.716
iter: 19 | loss: 2.732
iter: 20 | loss: 2.835
iter: 21 | loss: 2.359
iter: 22 | loss: 2.444
iter: 23 | loss: 2.565
iter: 24 | loss: 2.934
iter: 25 | loss: 2.448
iter: 26 | loss: 2.482
iter: 27 | loss: 2.389
iter: 28 | loss: 2.469
iter: 29 | loss: 2.286
iter: 30 | loss: 2.731
iter: 31 | loss: 3.197
iter: 32 | loss: 2.452
testing r= 5
rrse= 148.8561727179965 / 34.875950297872706
| end of epoch   2 | time:  2.55s | train_loss 2.5471 | valid rse 4.2682 | valid rae 4.8617 | valid corr  0.0692 | valid smape  0.3149 | focus_rrse 3.5117 | obj 3.7386
Experiment: 1
Iter: 0
epoch: 3
hp= [1, 0.0002, 16, 128, 256, 1024, 40, 0.1, 2, 30, 0.6, 0.1, 2, 3]
best sum= 9.03992025008916
best rrse= 4.253980868702387
best rrae= 4.849162937070864
best corr= 0.063223556
best smape= 0.31489405916821245
best objective= 3.732163188947813
best hps= [1, 0.0002, 16, 128, 256, 1024, 40, 0.1, 2, 30, 0.6, 0.1, 2, 1]
best test rse= 1.8665926738946774
best test corr= 0.14278477
[Target-Weighted Loss] weights applied: {'us_Trade Weighted Dollar Index': 12.0, 'kr_fx': 12.0, 'jp_fx': 12.0}
iter:  0 | loss: 2.481
iter:  1 | loss: 2.571
iter:  2 | loss: 2.437
iter:  3 | loss: 3.102
iter:  4 | loss: 2.213
iter:  5 | loss: 2.388
iter:  6 | loss: 2.543
iter:  7 | loss: 2.400
iter:  8 | loss: 2.296
iter:  9 | loss: 2.518
iter: 10 | loss: 2.767
iter: 11 | loss: 2.234
iter: 12 | loss: 2.276
iter: 13 | loss: 2.388
iter: 14 | loss: 2.731
iter: 15 | loss: 2.879
iter: 16 | loss: 2.132
iter: 17 | loss: 2.033
iter: 18 | loss: 2.494
iter: 19 | loss: 3.027
iter: 20 | loss: 2.931
iter: 21 | loss: 2.417
iter: 22 | loss: 2.899
iter: 23 | loss: 2.465
iter: 24 | loss: 2.937
iter: 25 | loss: 2.609
iter: 26 | loss: 1.950
iter: 27 | loss: 2.536
iter: 28 | loss: 2.493
iter: 29 | loss: 2.147
iter: 30 | loss: 2.552
iter: 31 | loss: 2.586
iter: 32 | loss: 3.349
testing r= 5
rrse= 149.65943108437904 / 34.875950297872706
| end of epoch   3 | time:  2.58s | train_loss 2.5326 | valid rse 4.2912 | valid rae 4.8850 | valid corr  0.0599 | valid smape  0.3147 | focus_rrse 3.5169 | obj 3.7492
Experiment: 1
Iter: 0
epoch: 4
hp= [1, 0.0002, 16, 128, 256, 1024, 40, 0.1, 2, 30, 0.6, 0.1, 2, 4]
best sum= 9.03992025008916
best rrse= 4.253980868702387
best rrae= 4.849162937070864
best corr= 0.063223556
best smape= 0.31489405916821245
best objective= 3.732163188947813
best hps= [1, 0.0002, 16, 128, 256, 1024, 40, 0.1, 2, 30, 0.6, 0.1, 2, 1]
best test rse= 1.8665926738946774
best test corr= 0.14278477
[Target-Weighted Loss] weights applied: {'us_Trade Weighted Dollar Index': 12.0, 'kr_fx': 12.0, 'jp_fx': 12.0}
iter:  0 | loss: 2.512
iter:  1 | loss: 2.353
iter:  2 | loss: 2.328
iter:  3 | loss: 2.388
iter:  4 | loss: 2.940
iter:  5 | loss: 2.632
iter:  6 | loss: 2.259
iter:  7 | loss: 2.620
iter:  8 | loss: 2.275
iter:  9 | loss: 2.211
iter: 10 | loss: 2.267
iter: 11 | loss: 2.972
iter: 12 | loss: 2.514
iter: 13 | loss: 2.658
iter: 14 | loss: 2.196
iter: 15 | loss: 2.765
iter: 16 | loss: 2.764
iter: 17 | loss: 2.545
iter: 18 | loss: 2.613
iter: 19 | loss: 2.332
iter: 20 | loss: 3.095
iter: 21 | loss: 2.368
iter: 22 | loss: 2.521
iter: 23 | loss: 2.800
iter: 24 | loss: 2.197
iter: 25 | loss: 2.460
iter: 26 | loss: 2.642
iter: 27 | loss: 2.538
iter: 28 | loss: 2.587
iter: 29 | loss: 2.544
iter: 30 | loss: 2.320
iter: 31 | loss: 3.119
iter: 32 | loss: 2.814
testing r= 5
rrse= 149.4418260561614 / 34.875950297872706
| end of epoch   4 | time:  2.13s | train_loss 2.5479 | valid rse 4.2850 | valid rae 4.8811 | valid corr  0.0632 | valid smape  0.3151 | focus_rrse 3.5256 | obj 3.7534
Experiment: 1
Iter: 0
epoch: 5
hp= [1, 0.0002, 16, 128, 256, 1024, 40, 0.1, 2, 30, 0.6, 0.1, 2, 5]
best sum= 9.03992025008916
best rrse= 4.253980868702387
best rrae= 4.849162937070864
best corr= 0.063223556
best smape= 0.31489405916821245
best objective= 3.732163188947813
best hps= [1, 0.0002, 16, 128, 256, 1024, 40, 0.1, 2, 30, 0.6, 0.1, 2, 1]
best test rse= 1.8665926738946774
best test corr= 0.14278477
[Target-Weighted Loss] weights applied: {'us_Trade Weighted Dollar Index': 12.0, 'kr_fx': 12.0, 'jp_fx': 12.0}
iter:  0 | loss: 2.634
iter:  1 | loss: 2.144
iter:  2 | loss: 2.389
iter:  3 | loss: 2.479
iter:  4 | loss: 2.702
iter:  5 | loss: 2.555
iter:  6 | loss: 2.418
iter:  7 | loss: 2.600
iter:  8 | loss: 2.615
iter:  9 | loss: 2.865
iter: 10 | loss: 2.337
iter: 11 | loss: 2.581
iter: 12 | loss: 2.677
iter: 13 | loss: 2.891
iter: 14 | loss: 2.356
iter: 15 | loss: 2.275
iter: 16 | loss: 2.429
iter: 17 | loss: 2.490
iter: 18 | loss: 2.705
iter: 19 | loss: 2.739
iter: 20 | loss: 2.843
iter: 21 | loss: 2.848
iter: 22 | loss: 2.991
iter: 23 | loss: 2.744
iter: 24 | loss: 2.286
iter: 25 | loss: 2.577
iter: 26 | loss: 2.718
iter: 27 | loss: 2.437
iter: 28 | loss: 2.431
iter: 29 | loss: 2.373
iter: 30 | loss: 2.656
iter: 31 | loss: 1.831
iter: 32 | loss: 2.661
testing r= 5
rrse= 149.4985367821371 / 34.875950297872706
| end of epoch   5 | time:  2.02s | train_loss 2.5530 | valid rse 4.2866 | valid rae 4.8838 | valid corr  0.0647 | valid smape  0.3151 | focus_rrse 3.5173 | obj 3.7481
Experiment: 1
Iter: 0
epoch: 6
hp= [1, 0.0002, 16, 128, 256, 1024, 40, 0.1, 2, 30, 0.6, 0.1, 2, 6]
best sum= 9.03992025008916
best rrse= 4.253980868702387
best rrae= 4.849162937070864
best corr= 0.063223556
best smape= 0.31489405916821245
best objective= 3.732163188947813
best hps= [1, 0.0002, 16, 128, 256, 1024, 40, 0.1, 2, 30, 0.6, 0.1, 2, 1]
best test rse= 1.8665926738946774
best test corr= 0.14278477
[Target-Weighted Loss] weights applied: {'us_Trade Weighted Dollar Index': 12.0, 'kr_fx': 12.0, 'jp_fx': 12.0}
iter:  0 | loss: 2.492
iter:  1 | loss: 3.139
iter:  2 | loss: 2.762
iter:  3 | loss: 2.101
iter:  4 | loss: 2.589
iter:  5 | loss: 2.643
iter:  6 | loss: 2.538
iter:  7 | loss: 2.193
iter:  8 | loss: 2.489
iter:  9 | loss: 2.823
iter: 10 | loss: 2.452
iter: 11 | loss: 2.611
iter: 12 | loss: 2.660
iter: 13 | loss: 2.475
iter: 14 | loss: 2.628
iter: 15 | loss: 2.641
iter: 16 | loss: 2.460
iter: 17 | loss: 2.645
iter: 18 | loss: 2.459
iter: 19 | loss: 2.512
iter: 20 | loss: 2.604
iter: 21 | loss: 2.679
iter: 22 | loss: 2.605
iter: 23 | loss: 2.732
iter: 24 | loss: 2.198
iter: 25 | loss: 2.701
iter: 26 | loss: 2.540
iter: 27 | loss: 2.291
iter: 28 | loss: 2.811
iter: 29 | loss: 2.469
iter: 30 | loss: 2.705
iter: 31 | loss: 2.228
iter: 32 | loss: 2.219
testing r= 5
rrse= 150.34220730345487 / 34.875950297872706
| end of epoch   6 | time:  2.06s | train_loss 2.5508 | valid rse 4.3108 | valid rae 4.9087 | valid corr  0.0638 | valid smape  0.3147 | focus_rrse 3.5308 | obj 3.7648
Experiment: 1
Iter: 0
epoch: 7
hp= [1, 0.0002, 16, 128, 256, 1024, 40, 0.1, 2, 30, 0.6, 0.1, 2, 7]
best sum= 9.03992025008916
best rrse= 4.253980868702387
best rrae= 4.849162937070864
best corr= 0.063223556
best smape= 0.31489405916821245
best objective= 3.732163188947813
best hps= [1, 0.0002, 16, 128, 256, 1024, 40, 0.1, 2, 30, 0.6, 0.1, 2, 1]
best test rse= 1.8665926738946774
best test corr= 0.14278477
[Target-Weighted Loss] weights applied: {'us_Trade Weighted Dollar Index': 12.0, 'kr_fx': 12.0, 'jp_fx': 12.0}
iter:  0 | loss: 2.661
iter:  1 | loss: 2.451
iter:  2 | loss: 2.352
iter:  3 | loss: 2.337
iter:  4 | loss: 1.774
iter:  5 | loss: 2.529
iter:  6 | loss: 2.813
iter:  7 | loss: 2.329
iter:  8 | loss: 2.514
iter:  9 | loss: 2.509
iter: 10 | loss: 2.665
iter: 11 | loss: 2.415
iter: 12 | loss: 2.566
iter: 13 | loss: 2.806
iter: 14 | loss: 2.391
iter: 15 | loss: 2.796
iter: 16 | loss: 2.875
iter: 17 | loss: 2.273
iter: 18 | loss: 2.836
iter: 19 | loss: 2.152
iter: 20 | loss: 3.044
iter: 21 | loss: 2.718
iter: 22 | loss: 2.540
iter: 23 | loss: 2.730
iter: 24 | loss: 2.022
iter: 25 | loss: 2.601
iter: 26 | loss: 2.343
iter: 27 | loss: 2.534
iter: 28 | loss: 2.321
iter: 29 | loss: 2.989
iter: 30 | loss: 2.349
iter: 31 | loss: 2.656
iter: 32 | loss: 2.918
testing r= 5
rrse= 149.04087893510962 / 34.875950297872706
| end of epoch   7 | time:  2.17s | train_loss 2.5368 | valid rse 4.2735 | valid rae 4.8661 | valid corr  0.0602 | valid smape  0.3149 | focus_rrse 3.5147 | obj 3.7423
Experiment: 1
Iter: 0
epoch: 8
hp= [1, 0.0002, 16, 128, 256, 1024, 40, 0.1, 2, 30, 0.6, 0.1, 2, 8]
best sum= 9.03992025008916
best rrse= 4.253980868702387
best rrae= 4.849162937070864
best corr= 0.063223556
best smape= 0.31489405916821245
best objective= 3.732163188947813
best hps= [1, 0.0002, 16, 128, 256, 1024, 40, 0.1, 2, 30, 0.6, 0.1, 2, 1]
best test rse= 1.8665926738946774
best test corr= 0.14278477
[Target-Weighted Loss] weights applied: {'us_Trade Weighted Dollar Index': 12.0, 'kr_fx': 12.0, 'jp_fx': 12.0}
iter:  0 | loss: 2.447
iter:  1 | loss: 2.518
iter:  2 | loss: 2.048
iter:  3 | loss: 2.777
iter:  4 | loss: 2.418
iter:  5 | loss: 2.140
iter:  6 | loss: 2.730
iter:  7 | loss: 2.443
iter:  8 | loss: 2.417
iter:  9 | loss: 2.074
iter: 10 | loss: 2.473
iter: 11 | loss: 2.873
iter: 12 | loss: 2.900
iter: 13 | loss: 2.621
iter: 14 | loss: 2.562
iter: 15 | loss: 2.613
iter: 16 | loss: 2.382
iter: 17 | loss: 2.570
iter: 18 | loss: 2.597
iter: 19 | loss: 2.305
iter: 20 | loss: 2.676
iter: 21 | loss: 2.440
iter: 22 | loss: 2.635
iter: 23 | loss: 2.521
iter: 24 | loss: 2.591
iter: 25 | loss: 3.168
iter: 26 | loss: 2.291
iter: 27 | loss: 2.637
iter: 28 | loss: 2.578
iter: 29 | loss: 2.577
iter: 30 | loss: 3.026
iter: 31 | loss: 2.706
iter: 32 | loss: 2.402
testing r= 5
rrse= 149.47021024271024 / 34.875950297872706
| end of epoch   8 | time:  2.22s | train_loss 2.5512 | valid rse 4.2858 | valid rae 4.8830 | valid corr  0.0678 | valid smape  0.3150 | focus_rrse 3.5225 | obj 3.7515
Experiment: 1
Iter: 0
epoch: 9
hp= [1, 0.0002, 16, 128, 256, 1024, 40, 0.1, 2, 30, 0.6, 0.1, 2, 9]
best sum= 9.03992025008916
best rrse= 4.253980868702387
best rrae= 4.849162937070864
best corr= 0.063223556
best smape= 0.31489405916821245
best objective= 3.732163188947813
best hps= [1, 0.0002, 16, 128, 256, 1024, 40, 0.1, 2, 30, 0.6, 0.1, 2, 1]
best test rse= 1.8665926738946774
best test corr= 0.14278477
[Target-Weighted Loss] weights applied: {'us_Trade Weighted Dollar Index': 12.0, 'kr_fx': 12.0, 'jp_fx': 12.0}
iter:  0 | loss: 2.147
iter:  1 | loss: 2.852
iter:  2 | loss: 2.524
iter:  3 | loss: 2.485
iter:  4 | loss: 2.758
iter:  5 | loss: 2.841
iter:  6 | loss: 1.915
iter:  7 | loss: 2.621
iter:  8 | loss: 2.392
iter:  9 | loss: 2.057
iter: 10 | loss: 2.334
iter: 11 | loss: 3.072
iter: 12 | loss: 2.345
iter: 13 | loss: 2.701
iter: 14 | loss: 2.675
iter: 15 | loss: 2.744
iter: 16 | loss: 2.386
iter: 17 | loss: 2.506
iter: 18 | loss: 2.406
iter: 19 | loss: 2.374
iter: 20 | loss: 2.625
iter: 21 | loss: 2.926
iter: 22 | loss: 2.655
iter: 23 | loss: 2.085
iter: 24 | loss: 2.718
iter: 25 | loss: 2.784
iter: 26 | loss: 2.603
iter: 27 | loss: 2.543
iter: 28 | loss: 2.518
iter: 29 | loss: 2.398
iter: 30 | loss: 2.745
iter: 31 | loss: 2.503
iter: 32 | loss: 2.322
testing r= 5
rrse= 148.9198150956581 / 34.875950297872706
| end of epoch   9 | time:  2.17s | train_loss 2.5338 | valid rse 4.2700 | valid rae 4.8669 | valid corr  0.0658 | valid smape  0.3150 | focus_rrse 3.5104 | obj 3.7383
Experiment: 1
Iter: 0
epoch: 10
hp= [1, 0.0002, 16, 128, 256, 1024, 40, 0.1, 2, 30, 0.6, 0.1, 2, 10]
best sum= 9.03992025008916
best rrse= 4.253980868702387
best rrae= 4.849162937070864
best corr= 0.063223556
best smape= 0.31489405916821245
best objective= 3.732163188947813
best hps= [1, 0.0002, 16, 128, 256, 1024, 40, 0.1, 2, 30, 0.6, 0.1, 2, 1]
best test rse= 1.8665926738946774
best test corr= 0.14278477
[Target-Weighted Loss] weights applied: {'us_Trade Weighted Dollar Index': 12.0, 'kr_fx': 12.0, 'jp_fx': 12.0}
iter:  0 | loss: 2.626
iter:  1 | loss: 2.339
iter:  2 | loss: 2.182
iter:  3 | loss: 2.501
iter:  4 | loss: 2.580
iter:  5 | loss: 3.132
iter:  6 | loss: 2.553
iter:  7 | loss: 2.867
iter:  8 | loss: 2.529
iter:  9 | loss: 2.422
iter: 10 | loss: 2.658
iter: 11 | loss: 2.592
iter: 12 | loss: 2.322
iter: 13 | loss: 2.412
iter: 14 | loss: 2.481
iter: 15 | loss: 2.561
iter: 16 | loss: 1.828
iter: 17 | loss: 2.620
iter: 18 | loss: 2.739
iter: 19 | loss: 2.386
iter: 20 | loss: 2.476
iter: 21 | loss: 2.665
iter: 22 | loss: 2.718
iter: 23 | loss: 1.840
iter: 24 | loss: 2.816
iter: 25 | loss: 2.488
iter: 26 | loss: 2.787
iter: 27 | loss: 2.304
iter: 28 | loss: 2.472
iter: 29 | loss: 2.812
iter: 30 | loss: 2.818
iter: 31 | loss: 2.800
iter: 32 | loss: 2.911
testing r= 5
rrse= 149.71396556225142 / 34.875950297872706
| end of epoch  10 | time:  2.38s | train_loss 2.5499 | valid rse 4.2928 | valid rae 4.8825 | valid corr  0.0608 | valid smape  0.3148 | focus_rrse 3.5185 | obj 3.7508
Experiment: 1
Iter: 0
epoch: 11
hp= [1, 0.0002, 16, 128, 256, 1024, 40, 0.1, 2, 30, 0.6, 0.1, 2, 11]
best sum= 9.03992025008916
best rrse= 4.253980868702387
best rrae= 4.849162937070864
best corr= 0.063223556
best smape= 0.31489405916821245
best objective= 3.732163188947813
best hps= [1, 0.0002, 16, 128, 256, 1024, 40, 0.1, 2, 30, 0.6, 0.1, 2, 1]
best test rse= 1.8665926738946774
best test corr= 0.14278477
[Target-Weighted Loss] weights applied: {'us_Trade Weighted Dollar Index': 12.0, 'kr_fx': 12.0, 'jp_fx': 12.0}
iter:  0 | loss: 2.386
iter:  1 | loss: 2.933
iter:  2 | loss: 2.467
iter:  3 | loss: 2.752
iter:  4 | loss: 2.175
iter:  5 | loss: 2.468
iter:  6 | loss: 1.896
iter:  7 | loss: 2.883
iter:  8 | loss: 2.102
iter:  9 | loss: 2.245
iter: 10 | loss: 2.433
iter: 11 | loss: 2.645
iter: 12 | loss: 3.003
iter: 13 | loss: 2.450
iter: 14 | loss: 2.226
iter: 15 | loss: 2.459
iter: 16 | loss: 2.648
iter: 17 | loss: 2.361
iter: 18 | loss: 2.730
iter: 19 | loss: 2.710
iter: 20 | loss: 2.663
iter: 21 | loss: 3.068
iter: 22 | loss: 2.450
iter: 23 | loss: 2.690
iter: 24 | loss: 2.564
iter: 25 | loss: 2.331
iter: 26 | loss: 2.583
iter: 27 | loss: 2.332
iter: 28 | loss: 2.300
iter: 29 | loss: 2.943
iter: 30 | loss: 2.690
iter: 31 | loss: 2.800
iter: 32 | loss: 2.176
testing r= 5
rrse= 150.04478498101824 / 34.875950297872706
| end of epoch  11 | time:  2.40s | train_loss 2.5349 | valid rse 4.3022 | valid rae 4.8972 | valid corr  0.0573 | valid smape  0.3148 | focus_rrse 3.5208 | obj 3.7552
Experiment: 1
Iter: 0
epoch: 12
hp= [1, 0.0002, 16, 128, 256, 1024, 40, 0.1, 2, 30, 0.6, 0.1, 2, 12]
best sum= 9.03992025008916
best rrse= 4.253980868702387
best rrae= 4.849162937070864
best corr= 0.063223556
best smape= 0.31489405916821245
best objective= 3.732163188947813
best hps= [1, 0.0002, 16, 128, 256, 1024, 40, 0.1, 2, 30, 0.6, 0.1, 2, 1]
best test rse= 1.8665926738946774
best test corr= 0.14278477
[Target-Weighted Loss] weights applied: {'us_Trade Weighted Dollar Index': 12.0, 'kr_fx': 12.0, 'jp_fx': 12.0}
iter:  0 | loss: 2.801
iter:  1 | loss: 2.624
iter:  2 | loss: 2.600
iter:  3 | loss: 2.559
iter:  4 | loss: 2.407
iter:  5 | loss: 2.163
iter:  6 | loss: 2.239
iter:  7 | loss: 2.595
iter:  8 | loss: 2.770
iter:  9 | loss: 2.503
iter: 10 | loss: 2.562
iter: 11 | loss: 2.581
iter: 12 | loss: 3.192
iter: 13 | loss: 2.831
iter: 14 | loss: 2.909
iter: 15 | loss: 2.845
iter: 16 | loss: 2.028
iter: 17 | loss: 2.675
iter: 18 | loss: 2.444
iter: 19 | loss: 2.919
iter: 20 | loss: 2.405
iter: 21 | loss: 2.000
iter: 22 | loss: 2.118
iter: 23 | loss: 2.528
iter: 24 | loss: 2.862
iter: 25 | loss: 2.424
iter: 26 | loss: 1.967
iter: 27 | loss: 2.294
iter: 28 | loss: 2.090
iter: 29 | loss: 3.198
iter: 30 | loss: 2.452
iter: 31 | loss: 2.353
iter: 32 | loss: 3.393
testing r= 5
rrse= 149.13613223327204 / 34.875950297872706
| end of epoch  12 | time:  2.45s | train_loss 2.5492 | valid rse 4.2762 | valid rae 4.8760 | valid corr  0.0593 | valid smape  0.3150 | focus_rrse 3.5268 | obj 3.7516
Experiment: 1
Iter: 0
epoch: 13
hp= [1, 0.0002, 16, 128, 256, 1024, 40, 0.1, 2, 30, 0.6, 0.1, 2, 13]
best sum= 9.03992025008916
best rrse= 4.253980868702387
best rrae= 4.849162937070864
best corr= 0.063223556
best smape= 0.31489405916821245
best objective= 3.732163188947813
best hps= [1, 0.0002, 16, 128, 256, 1024, 40, 0.1, 2, 30, 0.6, 0.1, 2, 1]
best test rse= 1.8665926738946774
best test corr= 0.14278477
[Target-Weighted Loss] weights applied: {'us_Trade Weighted Dollar Index': 12.0, 'kr_fx': 12.0, 'jp_fx': 12.0}
iter:  0 | loss: 3.193
iter:  1 | loss: 2.204
iter:  2 | loss: 1.942
iter:  3 | loss: 2.447
iter:  4 | loss: 3.092
iter:  5 | loss: 2.342
iter:  6 | loss: 2.212
iter:  7 | loss: 2.075
iter:  8 | loss: 2.539
iter:  9 | loss: 3.170
iter: 10 | loss: 2.570
iter: 11 | loss: 2.795
iter: 12 | loss: 2.423
iter: 13 | loss: 2.726
iter: 14 | loss: 2.589
iter: 15 | loss: 2.461
iter: 16 | loss: 3.142
iter: 17 | loss: 2.279
iter: 18 | loss: 2.241
iter: 19 | loss: 3.108
iter: 20 | loss: 2.568
iter: 21 | loss: 2.608
iter: 22 | loss: 2.443
iter: 23 | loss: 2.604
iter: 24 | loss: 2.695
iter: 25 | loss: 2.275
iter: 26 | loss: 2.197
iter: 27 | loss: 2.481
iter: 28 | loss: 2.537
iter: 29 | loss: 2.523
iter: 30 | loss: 2.694
iter: 31 | loss: 2.776
iter: 32 | loss: 2.436
testing r= 5
rrse= 149.99012988360266 / 34.875950297872706
| end of epoch  13 | time:  3.46s | train_loss 2.5581 | valid rse 4.3007 | valid rae 4.8939 | valid corr  0.0748 | valid smape  0.3150 | focus_rrse 3.5132 | obj 3.7495
Experiment: 1
Iter: 0
epoch: 14
hp= [1, 0.0002, 16, 128, 256, 1024, 40, 0.1, 2, 30, 0.6, 0.1, 2, 14]
best sum= 9.03992025008916
best rrse= 4.253980868702387
best rrae= 4.849162937070864
best corr= 0.063223556
best smape= 0.31489405916821245
best objective= 3.732163188947813
best hps= [1, 0.0002, 16, 128, 256, 1024, 40, 0.1, 2, 30, 0.6, 0.1, 2, 1]
best test rse= 1.8665926738946774
best test corr= 0.14278477
[Target-Weighted Loss] weights applied: {'us_Trade Weighted Dollar Index': 12.0, 'kr_fx': 12.0, 'jp_fx': 12.0}
iter:  0 | loss: 2.641
iter:  1 | loss: 2.137
iter:  2 | loss: 2.076
iter:  3 | loss: 2.912
iter:  4 | loss: 2.372
iter:  5 | loss: 2.768
iter:  6 | loss: 2.513
iter:  7 | loss: 2.920
iter:  8 | loss: 2.361
iter:  9 | loss: 2.824
iter: 10 | loss: 2.510
iter: 11 | loss: 2.683
iter: 12 | loss: 2.272
iter: 13 | loss: 2.672
iter: 14 | loss: 2.125
iter: 15 | loss: 2.865
iter: 16 | loss: 2.892
iter: 17 | loss: 2.732
iter: 18 | loss: 2.080
iter: 19 | loss: 1.965
iter: 20 | loss: 2.599
iter: 21 | loss: 2.748
iter: 22 | loss: 2.653
iter: 23 | loss: 2.555
iter: 24 | loss: 2.350
iter: 25 | loss: 2.401
iter: 26 | loss: 2.784
iter: 27 | loss: 2.366
iter: 28 | loss: 2.360
iter: 29 | loss: 3.043
iter: 30 | loss: 2.464
iter: 31 | loss: 2.546
iter: 32 | loss: 2.831
testing r= 5
rrse= 150.73379758493115 / 34.875950297872706
| end of epoch  14 | time:  3.31s | train_loss 2.5439 | valid rse 4.3220 | valid rae 4.9205 | valid corr  0.0635 | valid smape  0.3147 | focus_rrse 3.5424 | obj 3.7763
Experiment: 1
Iter: 0
epoch: 15
hp= [1, 0.0002, 16, 128, 256, 1024, 40, 0.1, 2, 30, 0.6, 0.1, 2, 15]
best sum= 9.03992025008916
best rrse= 4.253980868702387
best rrae= 4.849162937070864
best corr= 0.063223556
best smape= 0.31489405916821245
best objective= 3.732163188947813
best hps= [1, 0.0002, 16, 128, 256, 1024, 40, 0.1, 2, 30, 0.6, 0.1, 2, 1]
best test rse= 1.8665926738946774
best test corr= 0.14278477
[Target-Weighted Loss] weights applied: {'us_Trade Weighted Dollar Index': 12.0, 'kr_fx': 12.0, 'jp_fx': 12.0}
iter:  0 | loss: 2.359
iter:  1 | loss: 2.869
iter:  2 | loss: 2.538
iter:  3 | loss: 2.625
iter:  4 | loss: 2.869
iter:  5 | loss: 2.665
iter:  6 | loss: 2.610
iter:  7 | loss: 2.199
iter:  8 | loss: 2.366
iter:  9 | loss: 2.422
iter: 10 | loss: 3.026
iter: 11 | loss: 2.407
iter: 12 | loss: 2.191
iter: 13 | loss: 2.627
iter: 14 | loss: 2.132
iter: 15 | loss: 2.723
iter: 16 | loss: 2.122
iter: 17 | loss: 2.421
iter: 18 | loss: 2.529
iter: 19 | loss: 2.458
iter: 20 | loss: 2.614
iter: 21 | loss: 2.703
iter: 22 | loss: 2.221
iter: 23 | loss: 2.342
iter: 24 | loss: 2.716
iter: 25 | loss: 2.572
iter: 26 | loss: 2.938
iter: 27 | loss: 3.064
iter: 28 | loss: 2.411
iter: 29 | loss: 2.556
iter: 30 | loss: 2.606
iter: 31 | loss: 2.424
iter: 32 | loss: 2.561
testing r= 5
rrse= 149.69087287431722 / 34.875950297872706
| end of epoch  15 | time:  2.79s | train_loss 2.5419 | valid rse 4.2921 | valid rae 4.8916 | valid corr  0.0710 | valid smape  0.3148 | focus_rrse 3.5230 | obj 3.7537
Experiment: 1
Iter: 0
epoch: 16
hp= [1, 0.0002, 16, 128, 256, 1024, 40, 0.1, 2, 30, 0.6, 0.1, 2, 16]
best sum= 9.03992025008916
best rrse= 4.253980868702387
best rrae= 4.849162937070864
best corr= 0.063223556
best smape= 0.31489405916821245
best objective= 3.732163188947813
best hps= [1, 0.0002, 16, 128, 256, 1024, 40, 0.1, 2, 30, 0.6, 0.1, 2, 1]
best test rse= 1.8665926738946774
best test corr= 0.14278477
[Target-Weighted Loss] weights applied: {'us_Trade Weighted Dollar Index': 12.0, 'kr_fx': 12.0, 'jp_fx': 12.0}
iter:  0 | loss: 2.496
iter:  1 | loss: 2.440
iter:  2 | loss: 2.304
iter:  3 | loss: 2.391
iter:  4 | loss: 2.440
iter:  5 | loss: 3.029
iter:  6 | loss: 2.783
iter:  7 | loss: 2.494
iter:  8 | loss: 2.392
iter:  9 | loss: 2.796
iter: 10 | loss: 2.468
iter: 11 | loss: 3.048
iter: 12 | loss: 2.418
iter: 13 | loss: 2.834
iter: 14 | loss: 2.372
iter: 15 | loss: 2.764
iter: 16 | loss: 2.314
iter: 17 | loss: 2.106
iter: 18 | loss: 2.028
iter: 19 | loss: 2.391
iter: 20 | loss: 2.348
iter: 21 | loss: 2.703
iter: 22 | loss: 2.931
iter: 23 | loss: 3.053
iter: 24 | loss: 2.224
iter: 25 | loss: 2.791
iter: 26 | loss: 2.679
iter: 27 | loss: 2.617
iter: 28 | loss: 2.248
iter: 29 | loss: 2.213
iter: 30 | loss: 2.567
iter: 31 | loss: 2.392
iter: 32 | loss: 3.028
testing r= 5
rrse= 149.14198614491494 / 34.875950297872706
| end of epoch  16 | time:  2.25s | train_loss 2.5449 | valid rse 4.2764 | valid rae 4.8700 | valid corr  0.0628 | valid smape  0.3151 | focus_rrse 3.5136 | obj 3.7425
Experiment: 1
Iter: 0
epoch: 17
hp= [1, 0.0002, 16, 128, 256, 1024, 40, 0.1, 2, 30, 0.6, 0.1, 2, 17]
best sum= 9.03992025008916
best rrse= 4.253980868702387
best rrae= 4.849162937070864
best corr= 0.063223556
best smape= 0.31489405916821245
best objective= 3.732163188947813
best hps= [1, 0.0002, 16, 128, 256, 1024, 40, 0.1, 2, 30, 0.6, 0.1, 2, 1]
best test rse= 1.8665926738946774
best test corr= 0.14278477
[Target-Weighted Loss] weights applied: {'us_Trade Weighted Dollar Index': 12.0, 'kr_fx': 12.0, 'jp_fx': 12.0}
iter:  0 | loss: 2.386
iter:  1 | loss: 2.786
iter:  2 | loss: 2.621
iter:  3 | loss: 2.313
iter:  4 | loss: 2.534
iter:  5 | loss: 2.754
iter:  6 | loss: 2.448
iter:  7 | loss: 2.538
iter:  8 | loss: 3.070
iter:  9 | loss: 2.614
iter: 10 | loss: 2.449
iter: 11 | loss: 2.652
iter: 12 | loss: 2.705
iter: 13 | loss: 1.773
iter: 14 | loss: 2.756
iter: 15 | loss: 2.048
iter: 16 | loss: 2.819
iter: 17 | loss: 2.838
iter: 18 | loss: 2.912
iter: 19 | loss: 2.819
iter: 20 | loss: 2.667
iter: 21 | loss: 2.377
iter: 22 | loss: 2.717
iter: 23 | loss: 2.184
iter: 24 | loss: 2.216
iter: 25 | loss: 2.555
iter: 26 | loss: 2.442
iter: 27 | loss: 2.077
iter: 28 | loss: 2.659
iter: 29 | loss: 2.437
iter: 30 | loss: 2.921
iter: 31 | loss: 3.007
iter: 32 | loss: 1.971
testing r= 5
rrse= 149.71356766756313 / 34.875950297872706
| end of epoch  17 | time:  2.10s | train_loss 2.5519 | valid rse 4.2927 | valid rae 4.8907 | valid corr  0.0619 | valid smape  0.3150 | focus_rrse 3.5313 | obj 3.7597
Experiment: 1
Iter: 0
epoch: 18
hp= [1, 0.0002, 16, 128, 256, 1024, 40, 0.1, 2, 30, 0.6, 0.1, 2, 18]
best sum= 9.03992025008916
best rrse= 4.253980868702387
best rrae= 4.849162937070864
best corr= 0.063223556
best smape= 0.31489405916821245
best objective= 3.732163188947813
best hps= [1, 0.0002, 16, 128, 256, 1024, 40, 0.1, 2, 30, 0.6, 0.1, 2, 1]
best test rse= 1.8665926738946774
best test corr= 0.14278477
[Target-Weighted Loss] weights applied: {'us_Trade Weighted Dollar Index': 12.0, 'kr_fx': 12.0, 'jp_fx': 12.0}
iter:  0 | loss: 2.506
iter:  1 | loss: 2.299
iter:  2 | loss: 3.009
iter:  3 | loss: 2.799
iter:  4 | loss: 2.516
iter:  5 | loss: 2.899
iter:  6 | loss: 2.857
iter:  7 | loss: 2.178
iter:  8 | loss: 2.673
iter:  9 | loss: 2.497
iter: 10 | loss: 2.841
iter: 11 | loss: 2.821
iter: 12 | loss: 1.905
iter: 13 | loss: 2.343
iter: 14 | loss: 2.359
iter: 15 | loss: 2.540
iter: 16 | loss: 2.880
iter: 17 | loss: 2.154
iter: 18 | loss: 2.243
iter: 19 | loss: 2.954
iter: 20 | loss: 2.834
iter: 21 | loss: 2.192
iter: 22 | loss: 2.777
iter: 23 | loss: 2.241
iter: 24 | loss: 2.204
iter: 25 | loss: 2.399
iter: 26 | loss: 2.331
iter: 27 | loss: 3.036
iter: 28 | loss: 2.802
iter: 29 | loss: 2.711
iter: 30 | loss: 2.063
iter: 31 | loss: 2.841
iter: 32 | loss: 2.349
testing r= 5
rrse= 149.08929266550297 / 34.875950297872706
| end of epoch  18 | time:  2.48s | train_loss 2.5485 | valid rse 4.2748 | valid rae 4.8754 | valid corr  0.0676 | valid smape  0.3148 | focus_rrse 3.5178 | obj 3.7449
Experiment: 1
Iter: 0
epoch: 19
hp= [1, 0.0002, 16, 128, 256, 1024, 40, 0.1, 2, 30, 0.6, 0.1, 2, 19]
best sum= 9.03992025008916
best rrse= 4.253980868702387
best rrae= 4.849162937070864
best corr= 0.063223556
best smape= 0.31489405916821245
best objective= 3.732163188947813
best hps= [1, 0.0002, 16, 128, 256, 1024, 40, 0.1, 2, 30, 0.6, 0.1, 2, 1]
best test rse= 1.8665926738946774
best test corr= 0.14278477
[Target-Weighted Loss] weights applied: {'us_Trade Weighted Dollar Index': 12.0, 'kr_fx': 12.0, 'jp_fx': 12.0}
iter:  0 | loss: 2.764
iter:  1 | loss: 2.880
iter:  2 | loss: 2.231
iter:  3 | loss: 2.385
iter:  4 | loss: 2.938
iter:  5 | loss: 2.310
iter:  6 | loss: 2.585
iter:  7 | loss: 2.739
iter:  8 | loss: 2.575
iter:  9 | loss: 2.369
iter: 10 | loss: 1.795
iter: 11 | loss: 2.833
iter: 12 | loss: 2.388
iter: 13 | loss: 3.143
iter: 14 | loss: 2.680
iter: 15 | loss: 2.564
iter: 16 | loss: 2.455
iter: 17 | loss: 2.546
iter: 18 | loss: 2.592
iter: 19 | loss: 2.570
iter: 20 | loss: 2.565
iter: 21 | loss: 2.574
iter: 22 | loss: 2.331
iter: 23 | loss: 2.407
iter: 24 | loss: 2.284
iter: 25 | loss: 2.895
iter: 26 | loss: 2.637
iter: 27 | loss: 2.202
iter: 28 | loss: 2.272
iter: 29 | loss: 2.759
iter: 30 | loss: 2.633
iter: 31 | loss: 2.675
iter: 32 | loss: 2.408
testing r= 5
rrse= 149.79111758128383 / 34.875950297872706
| end of epoch  19 | time:  2.38s | train_loss 2.5460 | valid rse 4.2950 | valid rae 4.8946 | valid corr  0.0556 | valid smape  0.3147 | focus_rrse 3.5364 | obj 3.7640
Experiment: 1
Iter: 0
epoch: 20
hp= [1, 0.0002, 16, 128, 256, 1024, 40, 0.1, 2, 30, 0.6, 0.1, 2, 20]
best sum= 9.03992025008916
best rrse= 4.253980868702387
best rrae= 4.849162937070864
best corr= 0.063223556
best smape= 0.31489405916821245
best objective= 3.732163188947813
best hps= [1, 0.0002, 16, 128, 256, 1024, 40, 0.1, 2, 30, 0.6, 0.1, 2, 1]
best test rse= 1.8665926738946774
best test corr= 0.14278477
[Target-Weighted Loss] weights applied: {'us_Trade Weighted Dollar Index': 12.0, 'kr_fx': 12.0, 'jp_fx': 12.0}
iter:  0 | loss: 2.594
iter:  1 | loss: 2.675
iter:  2 | loss: 2.428
iter:  3 | loss: 1.839
iter:  4 | loss: 2.679
iter:  5 | loss: 2.557
iter:  6 | loss: 2.308
iter:  7 | loss: 2.424
iter:  8 | loss: 2.439
iter:  9 | loss: 2.675
iter: 10 | loss: 3.060
iter: 11 | loss: 2.488
iter: 12 | loss: 2.482
iter: 13 | loss: 2.250
iter: 14 | loss: 2.289
iter: 15 | loss: 2.241
iter: 16 | loss: 2.255
iter: 17 | loss: 2.835
iter: 18 | loss: 2.293
iter: 19 | loss: 2.429
iter: 20 | loss: 2.829
iter: 21 | loss: 2.428
iter: 22 | loss: 2.712
iter: 23 | loss: 2.644
iter: 24 | loss: 2.923
iter: 25 | loss: 2.494
iter: 26 | loss: 2.628
iter: 27 | loss: 2.951
iter: 28 | loss: 2.823
iter: 29 | loss: 2.778
iter: 30 | loss: 2.728
iter: 31 | loss: 2.533
iter: 32 | loss: 2.880
testing r= 5
rrse= 149.64681075368762 / 34.875950297872706
| end of epoch  20 | time:  2.40s | train_loss 2.5609 | valid rse 4.2908 | valid rae 4.8826 | valid corr  0.0630 | valid smape  0.3147 | focus_rrse 3.5201 | obj 3.7513
Experiment: 1
Iter: 0
epoch: 21
hp= [1, 0.0002, 16, 128, 256, 1024, 40, 0.1, 2, 30, 0.6, 0.1, 2, 21]
best sum= 9.03992025008916
best rrse= 4.253980868702387
best rrae= 4.849162937070864
best corr= 0.063223556
best smape= 0.31489405916821245
best objective= 3.732163188947813
best hps= [1, 0.0002, 16, 128, 256, 1024, 40, 0.1, 2, 30, 0.6, 0.1, 2, 1]
best test rse= 1.8665926738946774
best test corr= 0.14278477
[Target-Weighted Loss] weights applied: {'us_Trade Weighted Dollar Index': 12.0, 'kr_fx': 12.0, 'jp_fx': 12.0}
iter:  0 | loss: 2.644
iter:  1 | loss: 2.484
iter:  2 | loss: 2.818
iter:  3 | loss: 2.567
iter:  4 | loss: 3.063
iter:  5 | loss: 2.632
iter:  6 | loss: 2.549
iter:  7 | loss: 2.165
iter:  8 | loss: 2.126
iter:  9 | loss: 2.666
iter: 10 | loss: 2.484
iter: 11 | loss: 2.606
iter: 12 | loss: 2.555
iter: 13 | loss: 2.781
iter: 14 | loss: 2.979
iter: 15 | loss: 2.232
iter: 16 | loss: 2.519
iter: 17 | loss: 2.150
iter: 18 | loss: 2.879
iter: 19 | loss: 2.538
iter: 20 | loss: 2.505
iter: 21 | loss: 3.029
iter: 22 | loss: 2.602
iter: 23 | loss: 2.526
iter: 24 | loss: 2.659
iter: 25 | loss: 2.561
iter: 26 | loss: 2.679
iter: 27 | loss: 1.946
iter: 28 | loss: 2.637
iter: 29 | loss: 2.152
iter: 30 | loss: 2.436
iter: 31 | loss: 2.578
iter: 32 | loss: 2.503
testing r= 5
rrse= 150.85103631148843 / 34.875950297872706
| end of epoch  21 | time:  3.26s | train_loss 2.5534 | valid rse 4.3254 | valid rae 4.9194 | valid corr  0.0589 | valid smape  0.3151 | focus_rrse 3.5305 | obj 3.7690
Experiment: 1
Iter: 0
epoch: 22
hp= [1, 0.0002, 16, 128, 256, 1024, 40, 0.1, 2, 30, 0.6, 0.1, 2, 22]
best sum= 9.03992025008916
best rrse= 4.253980868702387
best rrae= 4.849162937070864
best corr= 0.063223556
best smape= 0.31489405916821245
best objective= 3.732163188947813
best hps= [1, 0.0002, 16, 128, 256, 1024, 40, 0.1, 2, 30, 0.6, 0.1, 2, 1]
best test rse= 1.8665926738946774
best test corr= 0.14278477
[Target-Weighted Loss] weights applied: {'us_Trade Weighted Dollar Index': 12.0, 'kr_fx': 12.0, 'jp_fx': 12.0}
iter:  0 | loss: 2.287
iter:  1 | loss: 2.625
iter:  2 | loss: 3.038
iter:  3 | loss: 2.660
iter:  4 | loss: 2.942
iter:  5 | loss: 2.222
iter:  6 | loss: 2.784
iter:  7 | loss: 2.542
iter:  8 | loss: 2.655
iter:  9 | loss: 2.698
iter: 10 | loss: 2.686
iter: 11 | loss: 2.603
iter: 12 | loss: 2.843
iter: 13 | loss: 2.560
iter: 14 | loss: 2.604
iter: 15 | loss: 2.678
iter: 16 | loss: 2.427
iter: 17 | loss: 2.649
iter: 18 | loss: 2.185
iter: 19 | loss: 2.825
iter: 20 | loss: 2.221
iter: 21 | loss: 2.637
iter: 22 | loss: 2.465
iter: 23 | loss: 2.688
iter: 24 | loss: 2.186
iter: 25 | loss: 2.372
iter: 26 | loss: 2.331
iter: 27 | loss: 2.771
iter: 28 | loss: 2.264
iter: 29 | loss: 2.724
iter: 30 | loss: 2.227
iter: 31 | loss: 2.690
iter: 32 | loss: 1.773
testing r= 5
rrse= 149.28384378634212 / 34.875950297872706
| end of epoch  22 | time:  3.19s | train_loss 2.5471 | valid rse 4.2804 | valid rae 4.8793 | valid corr  0.0681 | valid smape  0.3151 | focus_rrse 3.5164 | obj 3.7456
Experiment: 1
Iter: 0
epoch: 23
hp= [1, 0.0002, 16, 128, 256, 1024, 40, 0.1, 2, 30, 0.6, 0.1, 2, 23]
best sum= 9.03992025008916
best rrse= 4.253980868702387
best rrae= 4.849162937070864
best corr= 0.063223556
best smape= 0.31489405916821245
best objective= 3.732163188947813
best hps= [1, 0.0002, 16, 128, 256, 1024, 40, 0.1, 2, 30, 0.6, 0.1, 2, 1]
best test rse= 1.8665926738946774
best test corr= 0.14278477
[Target-Weighted Loss] weights applied: {'us_Trade Weighted Dollar Index': 12.0, 'kr_fx': 12.0, 'jp_fx': 12.0}
iter:  0 | loss: 2.274
iter:  1 | loss: 2.726
iter:  2 | loss: 2.960
iter:  3 | loss: 2.703
iter:  4 | loss: 2.618
iter:  5 | loss: 2.602
iter:  6 | loss: 2.575
iter:  7 | loss: 2.674
iter:  8 | loss: 2.478
iter:  9 | loss: 2.686
iter: 10 | loss: 2.761
iter: 11 | loss: 2.831
iter: 12 | loss: 1.959
iter: 13 | loss: 2.290
iter: 14 | loss: 2.656
iter: 15 | loss: 2.298
iter: 16 | loss: 2.893
iter: 17 | loss: 2.730
iter: 18 | loss: 2.564
iter: 19 | loss: 2.664
iter: 20 | loss: 2.117
iter: 21 | loss: 2.807
iter: 22 | loss: 2.554
iter: 23 | loss: 2.879
iter: 24 | loss: 2.436
iter: 25 | loss: 2.108
iter: 26 | loss: 2.668
iter: 27 | loss: 2.595
iter: 28 | loss: 1.996
iter: 29 | loss: 2.282
iter: 30 | loss: 2.639
iter: 31 | loss: 2.347
iter: 32 | loss: 2.819
testing r= 5
rrse= 149.40280206751478 / 34.875950297872706
| end of epoch  23 | time:  2.71s | train_loss 2.5491 | valid rse 4.2838 | valid rae 4.8766 | valid corr  0.0703 | valid smape  0.3151 | focus_rrse 3.5143 | obj 3.7452
Experiment: 1
Iter: 0
epoch: 24
hp= [1, 0.0002, 16, 128, 256, 1024, 40, 0.1, 2, 30, 0.6, 0.1, 2, 24]
best sum= 9.03992025008916
best rrse= 4.253980868702387
best rrae= 4.849162937070864
best corr= 0.063223556
best smape= 0.31489405916821245
best objective= 3.732163188947813
best hps= [1, 0.0002, 16, 128, 256, 1024, 40, 0.1, 2, 30, 0.6, 0.1, 2, 1]
best test rse= 1.8665926738946774
best test corr= 0.14278477
[Target-Weighted Loss] weights applied: {'us_Trade Weighted Dollar Index': 12.0, 'kr_fx': 12.0, 'jp_fx': 12.0}
iter:  0 | loss: 2.917
iter:  1 | loss: 2.923
iter:  2 | loss: 2.424
iter:  3 | loss: 2.820
iter:  4 | loss: 2.529
iter:  5 | loss: 2.350
iter:  6 | loss: 2.519
iter:  7 | loss: 2.649
iter:  8 | loss: 2.906
iter:  9 | loss: 2.764
iter: 10 | loss: 2.499
iter: 11 | loss: 2.580
iter: 12 | loss: 2.501
iter: 13 | loss: 2.240
iter: 14 | loss: 2.296
iter: 15 | loss: 1.999
iter: 16 | loss: 2.697
iter: 17 | loss: 2.543
iter: 18 | loss: 2.310
iter: 19 | loss: 2.786
iter: 20 | loss: 2.665
iter: 21 | loss: 3.020
iter: 22 | loss: 2.690
iter: 23 | loss: 2.480
iter: 24 | loss: 2.026
iter: 25 | loss: 2.465
iter: 26 | loss: 2.008
iter: 27 | loss: 3.016
iter: 28 | loss: 2.540
iter: 29 | loss: 2.373
iter: 30 | loss: 2.411
iter: 31 | loss: 2.828
iter: 32 | loss: 2.768
testing r= 5
rrse= 149.61706328156558 / 34.875950297872706
| end of epoch  24 | time:  2.35s | train_loss 2.5603 | valid rse 4.2900 | valid rae 4.8802 | valid corr  0.0596 | valid smape  0.3149 | focus_rrse 3.5139 | obj 3.7467
Experiment: 1
Iter: 0
epoch: 25
hp= [1, 0.0002, 16, 128, 256, 1024, 40, 0.1, 2, 30, 0.6, 0.1, 2, 25]
best sum= 9.03992025008916
best rrse= 4.253980868702387
best rrae= 4.849162937070864
best corr= 0.063223556
best smape= 0.31489405916821245
best objective= 3.732163188947813
best hps= [1, 0.0002, 16, 128, 256, 1024, 40, 0.1, 2, 30, 0.6, 0.1, 2, 1]
best test rse= 1.8665926738946774
best test corr= 0.14278477
[Target-Weighted Loss] weights applied: {'us_Trade Weighted Dollar Index': 12.0, 'kr_fx': 12.0, 'jp_fx': 12.0}
iter:  0 | loss: 2.040
iter:  1 | loss: 2.683
iter:  2 | loss: 2.611
iter:  3 | loss: 2.463
iter:  4 | loss: 2.293
iter:  5 | loss: 2.585
iter:  6 | loss: 2.778
iter:  7 | loss: 2.734
iter:  8 | loss: 2.327
iter:  9 | loss: 2.507
iter: 10 | loss: 2.756
iter: 11 | loss: 2.509
iter: 12 | loss: 2.260
iter: 13 | loss: 2.804
iter: 14 | loss: 2.482
iter: 15 | loss: 2.527
iter: 16 | loss: 2.675
iter: 17 | loss: 2.623
iter: 18 | loss: 2.878
iter: 19 | loss: 2.552
iter: 20 | loss: 2.856
iter: 21 | loss: 2.600
iter: 22 | loss: 2.441
iter: 23 | loss: 2.060
iter: 24 | loss: 2.454
iter: 25 | loss: 2.399
iter: 26 | loss: 2.712
iter: 27 | loss: 2.257
iter: 28 | loss: 2.209
iter: 29 | loss: 2.714
iter: 30 | loss: 2.332
iter: 31 | loss: 2.716
iter: 32 | loss: 3.570
testing r= 5
rrse= 150.68860819791587 / 34.875950297872706
| end of epoch  25 | time:  2.18s | train_loss 2.5501 | valid rse 4.3207 | valid rae 4.9135 | valid corr  0.0739 | valid smape  0.3146 | focus_rrse 3.5270 | obj 3.7651
Experiment: 1
Iter: 0
epoch: 26
hp= [1, 0.0002, 16, 128, 256, 1024, 40, 0.1, 2, 30, 0.6, 0.1, 2, 26]
best sum= 9.03992025008916
best rrse= 4.253980868702387
best rrae= 4.849162937070864
best corr= 0.063223556
best smape= 0.31489405916821245
best objective= 3.732163188947813
best hps= [1, 0.0002, 16, 128, 256, 1024, 40, 0.1, 2, 30, 0.6, 0.1, 2, 1]
best test rse= 1.8665926738946774
best test corr= 0.14278477
[Target-Weighted Loss] weights applied: {'us_Trade Weighted Dollar Index': 12.0, 'kr_fx': 12.0, 'jp_fx': 12.0}
iter:  0 | loss: 2.703
iter:  1 | loss: 2.525
iter:  2 | loss: 2.812
iter:  3 | loss: 2.606
iter:  4 | loss: 2.586
iter:  5 | loss: 2.846
iter:  6 | loss: 2.278
iter:  7 | loss: 2.687
iter:  8 | loss: 2.075
iter:  9 | loss: 2.508
iter: 10 | loss: 2.972
iter: 11 | loss: 2.233
iter: 12 | loss: 2.141
iter: 13 | loss: 2.326
iter: 14 | loss: 2.165
iter: 15 | loss: 2.527
iter: 16 | loss: 2.796
iter: 17 | loss: 2.490
iter: 18 | loss: 2.621
iter: 19 | loss: 2.481
iter: 20 | loss: 2.394
iter: 21 | loss: 2.861
iter: 22 | loss: 2.680
iter: 23 | loss: 2.607
iter: 24 | loss: 2.549
iter: 25 | loss: 2.415
iter: 26 | loss: 2.783
iter: 27 | loss: 2.988
iter: 28 | loss: 2.740
iter: 29 | loss: 2.421
iter: 30 | loss: 2.039
iter: 31 | loss: 2.777
iter: 32 | loss: 2.560
testing r= 5
rrse= 150.11109167463275 / 34.875950297872706
| end of epoch  26 | time:  2.27s | train_loss 2.5511 | valid rse 4.3041 | valid rae 4.9005 | valid corr  0.0649 | valid smape  0.3146 | focus_rrse 3.5307 | obj 3.7627
Experiment: 1
Iter: 0
epoch: 27
hp= [1, 0.0002, 16, 128, 256, 1024, 40, 0.1, 2, 30, 0.6, 0.1, 2, 27]
best sum= 9.03992025008916
best rrse= 4.253980868702387
best rrae= 4.849162937070864
best corr= 0.063223556
best smape= 0.31489405916821245
best objective= 3.732163188947813
best hps= [1, 0.0002, 16, 128, 256, 1024, 40, 0.1, 2, 30, 0.6, 0.1, 2, 1]
best test rse= 1.8665926738946774
best test corr= 0.14278477
[Target-Weighted Loss] weights applied: {'us_Trade Weighted Dollar Index': 12.0, 'kr_fx': 12.0, 'jp_fx': 12.0}
iter:  0 | loss: 2.459
iter:  1 | loss: 2.608
iter:  2 | loss: 2.020
iter:  3 | loss: 2.498
iter:  4 | loss: 2.903
iter:  5 | loss: 2.638
iter:  6 | loss: 3.093
iter:  7 | loss: 2.161
iter:  8 | loss: 2.254
iter:  9 | loss: 2.921
iter: 10 | loss: 2.865
iter: 11 | loss: 2.614
iter: 12 | loss: 2.260
iter: 13 | loss: 2.786
iter: 14 | loss: 2.493
iter: 15 | loss: 1.857
iter: 16 | loss: 2.554
iter: 17 | loss: 2.227
iter: 18 | loss: 2.451
iter: 19 | loss: 2.736
iter: 20 | loss: 2.367
iter: 21 | loss: 2.882
iter: 22 | loss: 2.209
iter: 23 | loss: 2.683
iter: 24 | loss: 2.722
iter: 25 | loss: 1.966
iter: 26 | loss: 2.350
iter: 27 | loss: 3.135
iter: 28 | loss: 2.819
iter: 29 | loss: 2.508
iter: 30 | loss: 2.739
iter: 31 | loss: 2.525
iter: 32 | loss: 2.437
testing r= 5
rrse= 150.29357989032664 / 34.875950297872706
| end of epoch  27 | time:  2.09s | train_loss 2.5384 | valid rse 4.3094 | valid rae 4.9033 | valid corr  0.0671 | valid smape  0.3146 | focus_rrse 3.5247 | obj 3.7601
Experiment: 1
Iter: 0
epoch: 28
hp= [1, 0.0002, 16, 128, 256, 1024, 40, 0.1, 2, 30, 0.6, 0.1, 2, 28]
best sum= 9.03992025008916
best rrse= 4.253980868702387
best rrae= 4.849162937070864
best corr= 0.063223556
best smape= 0.31489405916821245
best objective= 3.732163188947813
best hps= [1, 0.0002, 16, 128, 256, 1024, 40, 0.1, 2, 30, 0.6, 0.1, 2, 1]
best test rse= 1.8665926738946774
best test corr= 0.14278477
[Target-Weighted Loss] weights applied: {'us_Trade Weighted Dollar Index': 12.0, 'kr_fx': 12.0, 'jp_fx': 12.0}
iter:  0 | loss: 2.241
iter:  1 | loss: 2.462
iter:  2 | loss: 2.871
iter:  3 | loss: 2.386
iter:  4 | loss: 2.624
iter:  5 | loss: 1.925
iter:  6 | loss: 2.622
iter:  7 | loss: 2.581
iter:  8 | loss: 2.448
iter:  9 | loss: 2.335
iter: 10 | loss: 2.469
iter: 11 | loss: 2.612
iter: 12 | loss: 2.639
iter: 13 | loss: 2.823
iter: 14 | loss: 2.251
iter: 15 | loss: 2.608
iter: 16 | loss: 2.351
iter: 17 | loss: 3.001
iter: 18 | loss: 1.971
iter: 19 | loss: 2.291
iter: 20 | loss: 2.341
iter: 21 | loss: 2.371
iter: 22 | loss: 2.845
iter: 23 | loss: 2.772
iter: 24 | loss: 2.869
iter: 25 | loss: 2.596
iter: 26 | loss: 2.883
iter: 27 | loss: 2.853
iter: 28 | loss: 2.670
iter: 29 | loss: 2.512
iter: 30 | loss: 2.553
iter: 31 | loss: 2.761
iter: 32 | loss: 2.630
testing r= 5
rrse= 148.7830911196733 / 34.875950297872706
| end of epoch  28 | time:  2.39s | train_loss 2.5499 | valid rse 4.2661 | valid rae 4.8627 | valid corr  0.0628 | valid smape  0.3150 | focus_rrse 3.5141 | obj 3.7397
Experiment: 1
Iter: 0
epoch: 29
hp= [1, 0.0002, 16, 128, 256, 1024, 40, 0.1, 2, 30, 0.6, 0.1, 2, 29]
best sum= 9.03992025008916
best rrse= 4.253980868702387
best rrae= 4.849162937070864
best corr= 0.063223556
best smape= 0.31489405916821245
best objective= 3.732163188947813
best hps= [1, 0.0002, 16, 128, 256, 1024, 40, 0.1, 2, 30, 0.6, 0.1, 2, 1]
best test rse= 1.8665926738946774
best test corr= 0.14278477
[Target-Weighted Loss] weights applied: {'us_Trade Weighted Dollar Index': 12.0, 'kr_fx': 12.0, 'jp_fx': 12.0}
iter:  0 | loss: 2.426
iter:  1 | loss: 2.214
iter:  2 | loss: 2.404
iter:  3 | loss: 2.491
iter:  4 | loss: 2.676
iter:  5 | loss: 2.654
iter:  6 | loss: 2.451
iter:  7 | loss: 2.487
iter:  8 | loss: 2.730
iter:  9 | loss: 2.618
iter: 10 | loss: 2.804
iter: 11 | loss: 2.184
iter: 12 | loss: 2.896
iter: 13 | loss: 2.964
iter: 14 | loss: 2.639
iter: 15 | loss: 2.659
iter: 16 | loss: 2.621
iter: 17 | loss: 2.620
iter: 18 | loss: 2.416
iter: 19 | loss: 2.585
iter: 20 | loss: 2.608
iter: 21 | loss: 2.440
iter: 22 | loss: 2.760
iter: 23 | loss: 2.662
iter: 24 | loss: 2.144
iter: 25 | loss: 2.586
iter: 26 | loss: 3.093
iter: 27 | loss: 2.285
iter: 28 | loss: 2.619
iter: 29 | loss: 1.930
iter: 30 | loss: 2.280
iter: 31 | loss: 2.526
iter: 32 | loss: 2.708
testing r= 5
rrse= 149.0445612895687 / 34.875950297872706
| end of epoch  29 | time:  2.13s | train_loss 2.5497 | valid rse 4.2736 | valid rae 4.8666 | valid corr  0.0623 | valid smape  0.3151 | focus_rrse 3.5133 | obj 3.7414
Experiment: 1
Iter: 0
epoch: 30
hp= [1, 0.0002, 16, 128, 256, 1024, 40, 0.1, 2, 30, 0.6, 0.1, 2, 30]
best sum= 9.03992025008916
best rrse= 4.253980868702387
best rrae= 4.849162937070864
best corr= 0.063223556
best smape= 0.31489405916821245
best objective= 3.732163188947813
best hps= [1, 0.0002, 16, 128, 256, 1024, 40, 0.1, 2, 30, 0.6, 0.1, 2, 1]
best test rse= 1.8665926738946774
best test corr= 0.14278477
[Target-Weighted Loss] weights applied: {'us_Trade Weighted Dollar Index': 12.0, 'kr_fx': 12.0, 'jp_fx': 12.0}
iter:  0 | loss: 2.699
iter:  1 | loss: 2.644
iter:  2 | loss: 2.381
iter:  3 | loss: 2.554
iter:  4 | loss: 2.689
iter:  5 | loss: 3.153
iter:  6 | loss: 2.607
iter:  7 | loss: 2.382
iter:  8 | loss: 2.668
iter:  9 | loss: 2.653
iter: 10 | loss: 2.413
iter: 11 | loss: 2.309
iter: 12 | loss: 2.345
iter: 13 | loss: 3.131
iter: 14 | loss: 2.441
iter: 15 | loss: 2.379
iter: 16 | loss: 1.869
iter: 17 | loss: 2.641
iter: 18 | loss: 2.773
iter: 19 | loss: 2.498
iter: 20 | loss: 2.022
iter: 21 | loss: 2.799
iter: 22 | loss: 2.501
iter: 23 | loss: 2.275
iter: 24 | loss: 2.431
iter: 25 | loss: 2.634
iter: 26 | loss: 2.515
iter: 27 | loss: 2.783
iter: 28 | loss: 2.646
iter: 29 | loss: 2.418
iter: 30 | loss: 2.260
iter: 31 | loss: 2.904
iter: 32 | loss: 2.193
testing r= 5
rrse= 149.48330932122488 / 34.875950297872706
| end of epoch  30 | time:  2.44s | train_loss 2.5362 | valid rse 4.2861 | valid rae 4.8793 | valid corr  0.0706 | valid smape  0.3149 | focus_rrse 3.5172 | obj 3.7479
Experiment: 1
Iter: 0
epoch: 31
hp= [1, 0.0002, 16, 128, 256, 1024, 40, 0.1, 2, 30, 0.6, 0.1, 2, 31]
best sum= 9.03992025008916
best rrse= 4.253980868702387
best rrae= 4.849162937070864
best corr= 0.063223556
best smape= 0.31489405916821245
best objective= 3.732163188947813
best hps= [1, 0.0002, 16, 128, 256, 1024, 40, 0.1, 2, 30, 0.6, 0.1, 2, 1]
best test rse= 1.8665926738946774
best test corr= 0.14278477
[Target-Weighted Loss] weights applied: {'us_Trade Weighted Dollar Index': 12.0, 'kr_fx': 12.0, 'jp_fx': 12.0}
iter:  0 | loss: 2.491
iter:  1 | loss: 2.654
iter:  2 | loss: 2.576
iter:  3 | loss: 2.206
iter:  4 | loss: 2.601
iter:  5 | loss: 2.525
iter:  6 | loss: 3.045
iter:  7 | loss: 2.617
iter:  8 | loss: 2.325
iter:  9 | loss: 2.493
iter: 10 | loss: 2.959
iter: 11 | loss: 2.770
iter: 12 | loss: 2.302
iter: 13 | loss: 2.172
iter: 14 | loss: 2.713
iter: 15 | loss: 2.241
iter: 16 | loss: 2.552
iter: 17 | loss: 2.686
iter: 18 | loss: 2.979
iter: 19 | loss: 2.283
iter: 20 | loss: 2.549
iter: 21 | loss: 2.315
iter: 22 | loss: 3.063
iter: 23 | loss: 2.536
iter: 24 | loss: 3.044
iter: 25 | loss: 2.292
iter: 26 | loss: 2.593
iter: 27 | loss: 2.424
iter: 28 | loss: 2.239
iter: 29 | loss: 2.955
iter: 30 | loss: 2.255
iter: 31 | loss: 2.623
iter: 32 | loss: 2.436
testing r= 5
rrse= 149.0280358481249 / 34.875950297872706
| end of epoch  31 | time:  2.77s | train_loss 2.5620 | valid rse 4.2731 | valid rae 4.8705 | valid corr  0.0652 | valid smape  0.3149 | focus_rrse 3.5065 | obj 3.7365
Experiment: 1
Iter: 0
epoch: 32
hp= [1, 0.0002, 16, 128, 256, 1024, 40, 0.1, 2, 30, 0.6, 0.1, 2, 32]
best sum= 9.03992025008916
best rrse= 4.253980868702387
best rrae= 4.849162937070864
best corr= 0.063223556
best smape= 0.31489405916821245
best objective= 3.732163188947813
best hps= [1, 0.0002, 16, 128, 256, 1024, 40, 0.1, 2, 30, 0.6, 0.1, 2, 1]
best test rse= 1.8665926738946774
best test corr= 0.14278477
[Target-Weighted Loss] weights applied: {'us_Trade Weighted Dollar Index': 12.0, 'kr_fx': 12.0, 'jp_fx': 12.0}
iter:  0 | loss: 2.815
iter:  1 | loss: 2.379
iter:  2 | loss: 2.597
iter:  3 | loss: 2.481
iter:  4 | loss: 2.467
iter:  5 | loss: 1.947
iter:  6 | loss: 2.407
iter:  7 | loss: 3.161
iter:  8 | loss: 2.702
iter:  9 | loss: 2.509
iter: 10 | loss: 2.676
iter: 11 | loss: 2.579
iter: 12 | loss: 2.598
iter: 13 | loss: 2.477
iter: 14 | loss: 2.831
iter: 15 | loss: 2.570
iter: 16 | loss: 2.790
iter: 17 | loss: 2.673
iter: 18 | loss: 2.615
iter: 19 | loss: 3.006
iter: 20 | loss: 2.457
iter: 21 | loss: 2.800
iter: 22 | loss: 2.665
iter: 23 | loss: 2.413
iter: 24 | loss: 2.258
iter: 25 | loss: 2.152
iter: 26 | loss: 2.444
iter: 27 | loss: 2.917
iter: 28 | loss: 2.454
iter: 29 | loss: 2.642
iter: 30 | loss: 2.214
iter: 31 | loss: 1.809
iter: 32 | loss: 2.665
testing r= 5
rrse= 149.31664655188317 / 34.875950297872706
| end of epoch  32 | time:  2.44s | train_loss 2.5497 | valid rse 4.2814 | valid rae 4.8759 | valid corr  0.0515 | valid smape  0.3149 | focus_rrse 3.5167 | obj 3.7461
Experiment: 1
Iter: 0
epoch: 33
hp= [1, 0.0002, 16, 128, 256, 1024, 40, 0.1, 2, 30, 0.6, 0.1, 2, 33]
best sum= 9.03992025008916
best rrse= 4.253980868702387
best rrae= 4.849162937070864
best corr= 0.063223556
best smape= 0.31489405916821245
best objective= 3.732163188947813
best hps= [1, 0.0002, 16, 128, 256, 1024, 40, 0.1, 2, 30, 0.6, 0.1, 2, 1]
best test rse= 1.8665926738946774
best test corr= 0.14278477
[Target-Weighted Loss] weights applied: {'us_Trade Weighted Dollar Index': 12.0, 'kr_fx': 12.0, 'jp_fx': 12.0}
iter:  0 | loss: 2.432
iter:  1 | loss: 2.865
iter:  2 | loss: 2.873
iter:  3 | loss: 2.364
iter:  4 | loss: 2.202
iter:  5 | loss: 2.336
iter:  6 | loss: 2.388
iter:  7 | loss: 2.554
iter:  8 | loss: 2.108
iter:  9 | loss: 2.355
iter: 10 | loss: 2.638
iter: 11 | loss: 1.987
iter: 12 | loss: 2.680
iter: 13 | loss: 2.402
iter: 14 | loss: 2.392
iter: 15 | loss: 2.589
iter: 16 | loss: 2.039
iter: 17 | loss: 2.613
iter: 18 | loss: 2.695
iter: 19 | loss: 2.154
iter: 20 | loss: 2.879
iter: 21 | loss: 2.669
iter: 22 | loss: 2.760
iter: 23 | loss: 3.017
iter: 24 | loss: 3.144
iter: 25 | loss: 2.217
iter: 26 | loss: 3.226
iter: 27 | loss: 2.499
iter: 28 | loss: 2.734
iter: 29 | loss: 2.624
iter: 30 | loss: 2.210
iter: 31 | loss: 2.229
iter: 32 | loss: 3.064
testing r= 5
rrse= 150.20365081698247 / 34.875950297872706
| end of epoch  33 | time:  2.63s | train_loss 2.5397 | valid rse 4.3068 | valid rae 4.8958 | valid corr  0.0523 | valid smape  0.3150 | focus_rrse 3.5224 | obj 3.7577
Experiment: 1
Iter: 0
epoch: 34
hp= [1, 0.0002, 16, 128, 256, 1024, 40, 0.1, 2, 30, 0.6, 0.1, 2, 34]
best sum= 9.03992025008916
best rrse= 4.253980868702387
best rrae= 4.849162937070864
best corr= 0.063223556
best smape= 0.31489405916821245
best objective= 3.732163188947813
best hps= [1, 0.0002, 16, 128, 256, 1024, 40, 0.1, 2, 30, 0.6, 0.1, 2, 1]
best test rse= 1.8665926738946774
best test corr= 0.14278477
[Target-Weighted Loss] weights applied: {'us_Trade Weighted Dollar Index': 12.0, 'kr_fx': 12.0, 'jp_fx': 12.0}
iter:  0 | loss: 2.413
iter:  1 | loss: 2.813
iter:  2 | loss: 2.244
iter:  3 | loss: 2.696
iter:  4 | loss: 2.672
iter:  5 | loss: 2.706
iter:  6 | loss: 2.379
iter:  7 | loss: 2.399
iter:  8 | loss: 2.087
iter:  9 | loss: 2.873
iter: 10 | loss: 2.886
iter: 11 | loss: 2.376
iter: 12 | loss: 2.719
iter: 13 | loss: 2.528
iter: 14 | loss: 2.540
iter: 15 | loss: 2.759
iter: 16 | loss: 2.849
iter: 17 | loss: 2.177
iter: 18 | loss: 2.082
iter: 19 | loss: 2.392
iter: 20 | loss: 2.606
iter: 21 | loss: 2.507
iter: 22 | loss: 2.168
iter: 23 | loss: 2.565
iter: 24 | loss: 2.644
iter: 25 | loss: 2.886
iter: 26 | loss: 2.493
iter: 27 | loss: 2.460
iter: 28 | loss: 2.794
iter: 29 | loss: 2.306
iter: 30 | loss: 2.366
iter: 31 | loss: 2.407
iter: 32 | loss: 3.041
testing r= 5
rrse= 150.45811553801278 / 34.875950297872706
| end of epoch  34 | time:  2.26s | train_loss 2.5367 | valid rse 4.3141 | valid rae 4.9072 | valid corr  0.0606 | valid smape  0.3150 | focus_rrse 3.5284 | obj 3.7641
Experiment: 1
Iter: 0
epoch: 35
hp= [1, 0.0002, 16, 128, 256, 1024, 40, 0.1, 2, 30, 0.6, 0.1, 2, 35]
best sum= 9.03992025008916
best rrse= 4.253980868702387
best rrae= 4.849162937070864
best corr= 0.063223556
best smape= 0.31489405916821245
best objective= 3.732163188947813
best hps= [1, 0.0002, 16, 128, 256, 1024, 40, 0.1, 2, 30, 0.6, 0.1, 2, 1]
best test rse= 1.8665926738946774
best test corr= 0.14278477
[Target-Weighted Loss] weights applied: {'us_Trade Weighted Dollar Index': 12.0, 'kr_fx': 12.0, 'jp_fx': 12.0}
iter:  0 | loss: 2.708
iter:  1 | loss: 2.553
iter:  2 | loss: 2.222
iter:  3 | loss: 2.499
iter:  4 | loss: 3.020
iter:  5 | loss: 2.419
iter:  6 | loss: 3.278
iter:  7 | loss: 2.572
iter:  8 | loss: 2.670
iter:  9 | loss: 2.589
iter: 10 | loss: 2.899
iter: 11 | loss: 2.117
iter: 12 | loss: 1.935
iter: 13 | loss: 2.630
iter: 14 | loss: 2.940
iter: 15 | loss: 2.045
iter: 16 | loss: 2.238
iter: 17 | loss: 2.650
iter: 18 | loss: 2.472
iter: 19 | loss: 2.643
iter: 20 | loss: 2.100
iter: 21 | loss: 2.343
iter: 22 | loss: 2.877
iter: 23 | loss: 2.948
iter: 24 | loss: 2.453
iter: 25 | loss: 2.797
iter: 26 | loss: 2.757
iter: 27 | loss: 2.273
iter: 28 | loss: 2.544
iter: 29 | loss: 2.793
iter: 30 | loss: 2.350
iter: 31 | loss: 2.256
iter: 32 | loss: 2.645
testing r= 5
rrse= 150.10286186687114 / 34.875950297872706
| end of epoch  35 | time:  2.53s | train_loss 2.5518 | valid rse 4.3039 | valid rae 4.8969 | valid corr  0.0509 | valid smape  0.3148 | focus_rrse 3.5261 | obj 3.7595
Experiment: 1
Iter: 0
epoch: 36
hp= [1, 0.0002, 16, 128, 256, 1024, 40, 0.1, 2, 30, 0.6, 0.1, 2, 36]
best sum= 9.03992025008916
best rrse= 4.253980868702387
best rrae= 4.849162937070864
best corr= 0.063223556
best smape= 0.31489405916821245
best objective= 3.732163188947813
best hps= [1, 0.0002, 16, 128, 256, 1024, 40, 0.1, 2, 30, 0.6, 0.1, 2, 1]
best test rse= 1.8665926738946774
best test corr= 0.14278477
[Target-Weighted Loss] weights applied: {'us_Trade Weighted Dollar Index': 12.0, 'kr_fx': 12.0, 'jp_fx': 12.0}
iter:  0 | loss: 2.373
iter:  1 | loss: 2.023
iter:  2 | loss: 2.911
iter:  3 | loss: 2.399
iter:  4 | loss: 2.590
iter:  5 | loss: 2.507
iter:  6 | loss: 2.478
iter:  7 | loss: 2.383
iter:  8 | loss: 2.538
iter:  9 | loss: 2.883
iter: 10 | loss: 2.538
iter: 11 | loss: 2.765
iter: 12 | loss: 2.887
iter: 13 | loss: 2.481
iter: 14 | loss: 2.748
iter: 15 | loss: 2.833
iter: 16 | loss: 2.519
iter: 17 | loss: 2.525
iter: 18 | loss: 2.432
iter: 19 | loss: 2.713
iter: 20 | loss: 2.098
iter: 21 | loss: 2.024
iter: 22 | loss: 2.626
iter: 23 | loss: 2.569
iter: 24 | loss: 2.958
iter: 25 | loss: 1.943
iter: 26 | loss: 2.274
iter: 27 | loss: 2.826
iter: 28 | loss: 2.075
iter: 29 | loss: 2.856
iter: 30 | loss: 2.436
iter: 31 | loss: 2.571
iter: 32 | loss: 3.437
testing r= 5
rrse= 150.15819132459941 / 34.875950297872706
| end of epoch  36 | time:  2.34s | train_loss 2.5454 | valid rse 4.3055 | valid rae 4.8969 | valid corr  0.0654 | valid smape  0.3146 | focus_rrse 3.5170 | obj 3.7535
Experiment: 1
Iter: 0
epoch: 37
hp= [1, 0.0002, 16, 128, 256, 1024, 40, 0.1, 2, 30, 0.6, 0.1, 2, 37]
best sum= 9.03992025008916
best rrse= 4.253980868702387
best rrae= 4.849162937070864
best corr= 0.063223556
best smape= 0.31489405916821245
best objective= 3.732163188947813
best hps= [1, 0.0002, 16, 128, 256, 1024, 40, 0.1, 2, 30, 0.6, 0.1, 2, 1]
best test rse= 1.8665926738946774
best test corr= 0.14278477
[Target-Weighted Loss] weights applied: {'us_Trade Weighted Dollar Index': 12.0, 'kr_fx': 12.0, 'jp_fx': 12.0}
iter:  0 | loss: 2.388
iter:  1 | loss: 2.555
iter:  2 | loss: 2.518
iter:  3 | loss: 2.881
iter:  4 | loss: 3.030
iter:  5 | loss: 2.126
iter:  6 | loss: 2.425
iter:  7 | loss: 2.422
iter:  8 | loss: 3.276
iter:  9 | loss: 2.413
iter: 10 | loss: 2.310
iter: 11 | loss: 2.375
iter: 12 | loss: 2.880
iter: 13 | loss: 2.429
iter: 14 | loss: 2.718
iter: 15 | loss: 2.782
iter: 16 | loss: 2.285
iter: 17 | loss: 2.494
iter: 18 | loss: 2.824
iter: 19 | loss: 2.087
iter: 20 | loss: 2.302
iter: 21 | loss: 2.436
iter: 22 | loss: 2.331
iter: 23 | loss: 2.793
iter: 24 | loss: 2.876
iter: 25 | loss: 2.581
iter: 26 | loss: 2.588
iter: 27 | loss: 2.888
iter: 28 | loss: 2.610
iter: 29 | loss: 2.584
iter: 30 | loss: 2.520
iter: 31 | loss: 2.149
iter: 32 | loss: 2.275
testing r= 5
rrse= 148.85205270250725 / 34.875950297872706
| end of epoch  37 | time:  2.21s | train_loss 2.5521 | valid rse 4.2680 | valid rae 4.8651 | valid corr  0.0598 | valid smape  0.3148 | focus_rrse 3.5193 | obj 3.7439
Experiment: 1
Iter: 0
epoch: 38
hp= [1, 0.0002, 16, 128, 256, 1024, 40, 0.1, 2, 30, 0.6, 0.1, 2, 38]
best sum= 9.03992025008916
best rrse= 4.253980868702387
best rrae= 4.849162937070864
best corr= 0.063223556
best smape= 0.31489405916821245
best objective= 3.732163188947813
best hps= [1, 0.0002, 16, 128, 256, 1024, 40, 0.1, 2, 30, 0.6, 0.1, 2, 1]
best test rse= 1.8665926738946774
best test corr= 0.14278477
[Target-Weighted Loss] weights applied: {'us_Trade Weighted Dollar Index': 12.0, 'kr_fx': 12.0, 'jp_fx': 12.0}
iter:  0 | loss: 2.901
iter:  1 | loss: 2.741
iter:  2 | loss: 2.617
iter:  3 | loss: 2.668
iter:  4 | loss: 2.619
iter:  5 | loss: 2.493
iter:  6 | loss: 2.633
iter:  7 | loss: 2.027
iter:  8 | loss: 2.585
iter:  9 | loss: 2.311
iter: 10 | loss: 2.525
iter: 11 | loss: 2.487
iter: 12 | loss: 2.315
iter: 13 | loss: 2.148
iter: 14 | loss: 2.624
iter: 15 | loss: 2.408
iter: 16 | loss: 2.214
iter: 17 | loss: 2.728
iter: 18 | loss: 2.517
iter: 19 | loss: 2.640
iter: 20 | loss: 2.976
iter: 21 | loss: 2.896
iter: 22 | loss: 2.193
iter: 23 | loss: 2.743
iter: 24 | loss: 2.618
iter: 25 | loss: 2.696
iter: 26 | loss: 2.627
iter: 27 | loss: 2.268
iter: 28 | loss: 2.448
iter: 29 | loss: 2.361
iter: 30 | loss: 2.887
iter: 31 | loss: 2.684
iter: 32 | loss: 2.105
testing r= 5
rrse= 149.94535462961164 / 34.875950297872706
| end of epoch  38 | time:  2.86s | train_loss 2.5398 | valid rse 4.2994 | valid rae 4.8963 | valid corr  0.0693 | valid smape  0.3150 | focus_rrse 3.5265 | obj 3.7584
Experiment: 1
Iter: 0
epoch: 39
hp= [1, 0.0002, 16, 128, 256, 1024, 40, 0.1, 2, 30, 0.6, 0.1, 2, 39]
best sum= 9.03992025008916
best rrse= 4.253980868702387
best rrae= 4.849162937070864
best corr= 0.063223556
best smape= 0.31489405916821245
best objective= 3.732163188947813
best hps= [1, 0.0002, 16, 128, 256, 1024, 40, 0.1, 2, 30, 0.6, 0.1, 2, 1]
best test rse= 1.8665926738946774
best test corr= 0.14278477
[Target-Weighted Loss] weights applied: {'us_Trade Weighted Dollar Index': 12.0, 'kr_fx': 12.0, 'jp_fx': 12.0}
iter:  0 | loss: 2.800
iter:  1 | loss: 2.275
iter:  2 | loss: 2.668
iter:  3 | loss: 2.251
iter:  4 | loss: 2.618
iter:  5 | loss: 2.632
iter:  6 | loss: 2.118
iter:  7 | loss: 2.618
iter:  8 | loss: 2.573
iter:  9 | loss: 2.302
iter: 10 | loss: 2.391
iter: 11 | loss: 2.417
iter: 12 | loss: 2.827
iter: 13 | loss: 2.388
iter: 14 | loss: 2.557
iter: 15 | loss: 2.665
iter: 16 | loss: 2.709
iter: 17 | loss: 2.832
iter: 18 | loss: 2.422
iter: 19 | loss: 2.325
iter: 20 | loss: 2.392
iter: 21 | loss: 2.915
iter: 22 | loss: 2.588
iter: 23 | loss: 2.430
iter: 24 | loss: 2.063
iter: 25 | loss: 2.860
iter: 26 | loss: 2.612
iter: 27 | loss: 3.024
iter: 28 | loss: 2.511
iter: 29 | loss: 1.927
iter: 30 | loss: 2.648
iter: 31 | loss: 2.603
iter: 32 | loss: 2.952
testing r= 5
rrse= 149.8683145923447 / 34.875950297872706
| end of epoch  39 | time:  2.97s | train_loss 2.5397 | valid rse 4.2972 | valid rae 4.8953 | valid corr  0.0623 | valid smape  0.3149 | focus_rrse 3.5298 | obj 3.7600
Experiment: 1
Iter: 0
epoch: 40
hp= [1, 0.0002, 16, 128, 256, 1024, 40, 0.1, 2, 30, 0.6, 0.1, 2, 40]
best sum= 9.03992025008916
best rrse= 4.253980868702387
best rrae= 4.849162937070864
best corr= 0.063223556
best smape= 0.31489405916821245
best objective= 3.732163188947813
best hps= [1, 0.0002, 16, 128, 256, 1024, 40, 0.1, 2, 30, 0.6, 0.1, 2, 1]
best test rse= 1.8665926738946774
best test corr= 0.14278477
[Target-Weighted Loss] weights applied: {'us_Trade Weighted Dollar Index': 12.0, 'kr_fx': 12.0, 'jp_fx': 12.0}
iter:  0 | loss: 2.936
iter:  1 | loss: 2.161
iter:  2 | loss: 2.625
iter:  3 | loss: 2.813
iter:  4 | loss: 2.152
iter:  5 | loss: 2.434
iter:  6 | loss: 2.962
iter:  7 | loss: 2.746
iter:  8 | loss: 2.210
iter:  9 | loss: 2.158
iter: 10 | loss: 2.567
iter: 11 | loss: 2.423
iter: 12 | loss: 2.069
iter: 13 | loss: 3.030
iter: 14 | loss: 3.048
iter: 15 | loss: 2.732
iter: 16 | loss: 2.575
iter: 17 | loss: 2.116
iter: 18 | loss: 2.365
iter: 19 | loss: 2.328
iter: 20 | loss: 2.502
iter: 21 | loss: 2.612
iter: 22 | loss: 2.524
iter: 23 | loss: 2.401
iter: 24 | loss: 2.593
iter: 25 | loss: 2.751
iter: 26 | loss: 2.448
iter: 27 | loss: 2.125
iter: 28 | loss: 2.810
iter: 29 | loss: 2.487
iter: 30 | loss: 2.807
iter: 31 | loss: 2.701
iter: 32 | loss: 2.603
testing r= 5
rrse= 148.40833266068654 / 34.875950297872706
| end of epoch  40 | time:  2.88s | train_loss 2.5393 | valid rse 4.2553 | valid rae 4.8559 | valid corr  0.0649 | valid smape  0.3150 | focus_rrse 3.5154 | obj 3.7374
Experiment: 1
Iter: 0
epoch: 41
hp= [1, 0.0002, 16, 128, 256, 1024, 40, 0.1, 2, 30, 0.6, 0.1, 2, 41]
best sum= 9.03992025008916
best rrse= 4.253980868702387
best rrae= 4.849162937070864
best corr= 0.063223556
best smape= 0.31489405916821245
best objective= 3.732163188947813
best hps= [1, 0.0002, 16, 128, 256, 1024, 40, 0.1, 2, 30, 0.6, 0.1, 2, 1]
best test rse= 1.8665926738946774
best test corr= 0.14278477
[Target-Weighted Loss] weights applied: {'us_Trade Weighted Dollar Index': 12.0, 'kr_fx': 12.0, 'jp_fx': 12.0}
iter:  0 | loss: 2.757
iter:  1 | loss: 2.256
iter:  2 | loss: 2.329
iter:  3 | loss: 2.972
iter:  4 | loss: 2.448
iter:  5 | loss: 3.101
iter:  6 | loss: 2.470
iter:  7 | loss: 2.444
iter:  8 | loss: 2.620
iter:  9 | loss: 2.318
iter: 10 | loss: 2.551
iter: 11 | loss: 2.627
iter: 12 | loss: 2.732
iter: 13 | loss: 2.704
iter: 14 | loss: 2.046
iter: 15 | loss: 2.254
iter: 16 | loss: 2.388
iter: 17 | loss: 2.655
iter: 18 | loss: 2.568
iter: 19 | loss: 2.555
iter: 20 | loss: 2.507
iter: 21 | loss: 2.590
iter: 22 | loss: 2.653
iter: 23 | loss: 2.604
iter: 24 | loss: 2.467
iter: 25 | loss: 2.770
iter: 26 | loss: 2.313
iter: 27 | loss: 2.683
iter: 28 | loss: 2.952
iter: 29 | loss: 2.314
iter: 30 | loss: 2.842
iter: 31 | loss: 1.662
iter: 32 | loss: 3.015
testing r= 5
rrse= 148.9899522094527 / 34.875950297872706
| end of epoch  41 | time:  3.11s | train_loss 2.5471 | valid rse 4.2720 | valid rae 4.8702 | valid corr  0.0695 | valid smape  0.3152 | focus_rrse 3.5214 | obj 3.7466
Experiment: 1
Iter: 0
epoch: 42
hp= [1, 0.0002, 16, 128, 256, 1024, 40, 0.1, 2, 30, 0.6, 0.1, 2, 42]
best sum= 9.03992025008916
best rrse= 4.253980868702387
best rrae= 4.849162937070864
best corr= 0.063223556
best smape= 0.31489405916821245
best objective= 3.732163188947813
best hps= [1, 0.0002, 16, 128, 256, 1024, 40, 0.1, 2, 30, 0.6, 0.1, 2, 1]
best test rse= 1.8665926738946774
best test corr= 0.14278477
[Target-Weighted Loss] weights applied: {'us_Trade Weighted Dollar Index': 12.0, 'kr_fx': 12.0, 'jp_fx': 12.0}
iter:  0 | loss: 2.706
iter:  1 | loss: 2.254
iter:  2 | loss: 2.389
iter:  3 | loss: 2.293
iter:  4 | loss: 2.287
iter:  5 | loss: 2.291
iter:  6 | loss: 2.533
iter:  7 | loss: 2.083
iter:  8 | loss: 2.443
iter:  9 | loss: 2.759
iter: 10 | loss: 2.811
iter: 11 | loss: 2.457
iter: 12 | loss: 2.689
iter: 13 | loss: 2.455
iter: 14 | loss: 3.403
iter: 15 | loss: 2.406
iter: 16 | loss: 2.834
iter: 17 | loss: 2.406
iter: 18 | loss: 2.573
iter: 19 | loss: 2.565
iter: 20 | loss: 2.680
iter: 21 | loss: 2.357
iter: 22 | loss: 2.565
iter: 23 | loss: 2.506
iter: 24 | loss: 2.301
iter: 25 | loss: 3.015
iter: 26 | loss: 2.282
iter: 27 | loss: 2.644
iter: 28 | loss: 2.489
iter: 29 | loss: 2.665
iter: 30 | loss: 2.521
iter: 31 | loss: 2.829
iter: 32 | loss: 2.445
testing r= 5
rrse= 149.4592466401795 / 34.875950297872706
| end of epoch  42 | time:  2.89s | train_loss 2.5443 | valid rse 4.2855 | valid rae 4.8777 | valid corr  0.0555 | valid smape  0.3151 | focus_rrse 3.5222 | obj 3.7512
Experiment: 1
Iter: 0
epoch: 43
hp= [1, 0.0002, 16, 128, 256, 1024, 40, 0.1, 2, 30, 0.6, 0.1, 2, 43]
best sum= 9.03992025008916
best rrse= 4.253980868702387
best rrae= 4.849162937070864
best corr= 0.063223556
best smape= 0.31489405916821245
best objective= 3.732163188947813
best hps= [1, 0.0002, 16, 128, 256, 1024, 40, 0.1, 2, 30, 0.6, 0.1, 2, 1]
best test rse= 1.8665926738946774
best test corr= 0.14278477
[Target-Weighted Loss] weights applied: {'us_Trade Weighted Dollar Index': 12.0, 'kr_fx': 12.0, 'jp_fx': 12.0}
iter:  0 | loss: 2.387
iter:  1 | loss: 2.557
iter:  2 | loss: 2.604
iter:  3 | loss: 2.323
iter:  4 | loss: 2.060
iter:  5 | loss: 3.025
iter:  6 | loss: 2.721
iter:  7 | loss: 2.641
iter:  8 | loss: 2.840
iter:  9 | loss: 2.912
iter: 10 | loss: 1.831
iter: 11 | loss: 2.426
iter: 12 | loss: 2.534
iter: 13 | loss: 2.540
iter: 14 | loss: 2.045
iter: 15 | loss: 2.954
iter: 16 | loss: 2.350
iter: 17 | loss: 2.374
iter: 18 | loss: 2.493
iter: 19 | loss: 2.169
iter: 20 | loss: 2.594
iter: 21 | loss: 2.599
iter: 22 | loss: 2.659
iter: 23 | loss: 2.814
iter: 24 | loss: 2.537
iter: 25 | loss: 2.689
iter: 26 | loss: 2.936
iter: 27 | loss: 2.537
iter: 28 | loss: 2.360
iter: 29 | loss: 2.718
iter: 30 | loss: 2.719
iter: 31 | loss: 2.996
iter: 32 | loss: 2.528
testing r= 5
rrse= 149.63011034506056 / 34.875950297872706
| end of epoch  43 | time:  3.13s | train_loss 2.5600 | valid rse 4.2904 | valid rae 4.8825 | valid corr  0.0628 | valid smape  0.3148 | focus_rrse 3.5190 | obj 3.7504
Experiment: 1
Iter: 0
epoch: 44
hp= [1, 0.0002, 16, 128, 256, 1024, 40, 0.1, 2, 30, 0.6, 0.1, 2, 44]
best sum= 9.03992025008916
best rrse= 4.253980868702387
best rrae= 4.849162937070864
best corr= 0.063223556
best smape= 0.31489405916821245
best objective= 3.732163188947813
best hps= [1, 0.0002, 16, 128, 256, 1024, 40, 0.1, 2, 30, 0.6, 0.1, 2, 1]
best test rse= 1.8665926738946774
best test corr= 0.14278477
[Target-Weighted Loss] weights applied: {'us_Trade Weighted Dollar Index': 12.0, 'kr_fx': 12.0, 'jp_fx': 12.0}
iter:  0 | loss: 2.111
iter:  1 | loss: 2.670
iter:  2 | loss: 2.723
iter:  3 | loss: 2.628
iter:  4 | loss: 2.155
iter:  5 | loss: 2.443
iter:  6 | loss: 2.528
iter:  7 | loss: 2.698
iter:  8 | loss: 2.647
iter:  9 | loss: 2.388
iter: 10 | loss: 1.726
iter: 11 | loss: 2.821
iter: 12 | loss: 2.232
iter: 13 | loss: 2.814
iter: 14 | loss: 2.534
iter: 15 | loss: 2.538
iter: 16 | loss: 2.694
iter: 17 | loss: 2.107
iter: 18 | loss: 2.706
iter: 19 | loss: 3.080
iter: 20 | loss: 2.341
iter: 21 | loss: 2.427
iter: 22 | loss: 2.650
iter: 23 | loss: 2.603
iter: 24 | loss: 2.902
iter: 25 | loss: 2.101
iter: 26 | loss: 2.836
iter: 27 | loss: 3.142
iter: 28 | loss: 2.787
iter: 29 | loss: 2.406
iter: 30 | loss: 2.831
iter: 31 | loss: 2.980
iter: 32 | loss: 2.298
testing r= 5
rrse= 149.81418178029742 / 34.875950297872706
| end of epoch  44 | time:  2.59s | train_loss 2.5641 | valid rse 4.2956 | valid rae 4.8902 | valid corr  0.0624 | valid smape  0.3148 | focus_rrse 3.5212 | obj 3.7536
Experiment: 1
Iter: 0
epoch: 45
hp= [1, 0.0002, 16, 128, 256, 1024, 40, 0.1, 2, 30, 0.6, 0.1, 2, 45]
best sum= 9.03992025008916
best rrse= 4.253980868702387
best rrae= 4.849162937070864
best corr= 0.063223556
best smape= 0.31489405916821245
best objective= 3.732163188947813
best hps= [1, 0.0002, 16, 128, 256, 1024, 40, 0.1, 2, 30, 0.6, 0.1, 2, 1]
best test rse= 1.8665926738946774
best test corr= 0.14278477
[Target-Weighted Loss] weights applied: {'us_Trade Weighted Dollar Index': 12.0, 'kr_fx': 12.0, 'jp_fx': 12.0}
iter:  0 | loss: 3.064
iter:  1 | loss: 2.116
iter:  2 | loss: 2.255
iter:  3 | loss: 2.640
iter:  4 | loss: 2.918
iter:  5 | loss: 2.455
iter:  6 | loss: 2.624
iter:  7 | loss: 2.361
iter:  8 | loss: 3.172
iter:  9 | loss: 2.351
iter: 10 | loss: 2.502
iter: 11 | loss: 2.682
iter: 12 | loss: 2.549
iter: 13 | loss: 2.398
iter: 14 | loss: 2.840
iter: 15 | loss: 2.444
iter: 16 | loss: 3.118
iter: 17 | loss: 2.697
iter: 18 | loss: 1.801
iter: 19 | loss: 2.158
iter: 20 | loss: 3.080
iter: 21 | loss: 2.357
iter: 22 | loss: 2.410
iter: 23 | loss: 2.297
iter: 24 | loss: 3.008
iter: 25 | loss: 2.505
iter: 26 | loss: 2.268
iter: 27 | loss: 2.917
iter: 28 | loss: 2.763
iter: 29 | loss: 2.263
iter: 30 | loss: 2.147
iter: 31 | loss: 2.490
iter: 32 | loss: 2.213
testing r= 5
rrse= 149.06145832969366 / 34.875950297872706
| end of epoch  45 | time:  2.77s | train_loss 2.5438 | valid rse 4.2740 | valid rae 4.8721 | valid corr  0.0712 | valid smape  0.3149 | focus_rrse 3.5261 | obj 3.7505
Experiment: 1
Iter: 0
epoch: 46
hp= [1, 0.0002, 16, 128, 256, 1024, 40, 0.1, 2, 30, 0.6, 0.1, 2, 46]
best sum= 9.03992025008916
best rrse= 4.253980868702387
best rrae= 4.849162937070864
best corr= 0.063223556
best smape= 0.31489405916821245
best objective= 3.732163188947813
best hps= [1, 0.0002, 16, 128, 256, 1024, 40, 0.1, 2, 30, 0.6, 0.1, 2, 1]
best test rse= 1.8665926738946774
best test corr= 0.14278477
[Target-Weighted Loss] weights applied: {'us_Trade Weighted Dollar Index': 12.0, 'kr_fx': 12.0, 'jp_fx': 12.0}
iter:  0 | loss: 2.903
iter:  1 | loss: 2.731
iter:  2 | loss: 2.472
iter:  3 | loss: 2.413
iter:  4 | loss: 2.273
iter:  5 | loss: 2.685
iter:  6 | loss: 2.506
iter:  7 | loss: 1.990
iter:  8 | loss: 2.306
iter:  9 | loss: 2.256
iter: 10 | loss: 2.219
iter: 11 | loss: 2.961
iter: 12 | loss: 2.449
iter: 13 | loss: 2.534
iter: 14 | loss: 2.712
iter: 15 | loss: 3.040
iter: 16 | loss: 2.379
iter: 17 | loss: 2.644
iter: 18 | loss: 2.032
iter: 19 | loss: 2.372
iter: 20 | loss: 2.666
iter: 21 | loss: 2.731
iter: 22 | loss: 3.184
iter: 23 | loss: 2.486
iter: 24 | loss: 2.620
iter: 25 | loss: 2.982
iter: 26 | loss: 2.318
iter: 27 | loss: 2.820
iter: 28 | loss: 2.085
iter: 29 | loss: 2.451
iter: 30 | loss: 2.502
iter: 31 | loss: 2.820
iter: 32 | loss: 2.581
testing r= 5
rrse= 148.45836037631898 / 34.875950297872706
| end of epoch  46 | time:  3.10s | train_loss 2.5490 | valid rse 4.2568 | valid rae 4.8567 | valid corr  0.0616 | valid smape  0.3150 | focus_rrse 3.5199 | obj 3.7410
Experiment: 1
Iter: 0
epoch: 47
hp= [1, 0.0002, 16, 128, 256, 1024, 40, 0.1, 2, 30, 0.6, 0.1, 2, 47]
best sum= 9.03992025008916
best rrse= 4.253980868702387
best rrae= 4.849162937070864
best corr= 0.063223556
best smape= 0.31489405916821245
best objective= 3.732163188947813
best hps= [1, 0.0002, 16, 128, 256, 1024, 40, 0.1, 2, 30, 0.6, 0.1, 2, 1]
best test rse= 1.8665926738946774
best test corr= 0.14278477
[Target-Weighted Loss] weights applied: {'us_Trade Weighted Dollar Index': 12.0, 'kr_fx': 12.0, 'jp_fx': 12.0}
iter:  0 | loss: 2.386
iter:  1 | loss: 2.218
iter:  2 | loss: 2.926
iter:  3 | loss: 2.580
iter:  4 | loss: 2.524
iter:  5 | loss: 2.443
iter:  6 | loss: 2.549
iter:  7 | loss: 2.181
iter:  8 | loss: 2.721
iter:  9 | loss: 2.660
iter: 10 | loss: 2.593
iter: 11 | loss: 2.284
iter: 12 | loss: 2.636
iter: 13 | loss: 2.850
iter: 14 | loss: 2.420
iter: 15 | loss: 2.653
iter: 16 | loss: 2.670
iter: 17 | loss: 2.367
iter: 18 | loss: 2.450
iter: 19 | loss: 2.079
iter: 20 | loss: 2.762
iter: 21 | loss: 2.897
iter: 22 | loss: 3.069
iter: 23 | loss: 3.026
iter: 24 | loss: 2.664
iter: 25 | loss: 2.473
iter: 26 | loss: 2.025
iter: 27 | loss: 2.774
iter: 28 | loss: 2.968
iter: 29 | loss: 2.081
iter: 30 | loss: 3.012
iter: 31 | loss: 2.419
iter: 32 | loss: 2.297
testing r= 5
rrse= 149.93468630123584 / 34.875950297872706
| end of epoch  47 | time:  2.74s | train_loss 2.5675 | valid rse 4.2991 | valid rae 4.8987 | valid corr  0.0653 | valid smape  0.3152 | focus_rrse 3.5339 | obj 3.7635
Experiment: 1
Iter: 0
epoch: 48
hp= [1, 0.0002, 16, 128, 256, 1024, 40, 0.1, 2, 30, 0.6, 0.1, 2, 48]
best sum= 9.03992025008916
best rrse= 4.253980868702387
best rrae= 4.849162937070864
best corr= 0.063223556
best smape= 0.31489405916821245
best objective= 3.732163188947813
best hps= [1, 0.0002, 16, 128, 256, 1024, 40, 0.1, 2, 30, 0.6, 0.1, 2, 1]
best test rse= 1.8665926738946774
best test corr= 0.14278477
[Target-Weighted Loss] weights applied: {'us_Trade Weighted Dollar Index': 12.0, 'kr_fx': 12.0, 'jp_fx': 12.0}
iter:  0 | loss: 2.307
iter:  1 | loss: 3.066
iter:  2 | loss: 2.285
iter:  3 | loss: 2.509
iter:  4 | loss: 2.690
iter:  5 | loss: 2.248
iter:  6 | loss: 2.293
iter:  7 | loss: 2.438
iter:  8 | loss: 2.976
iter:  9 | loss: 2.344
iter: 10 | loss: 2.209
iter: 11 | loss: 2.607
iter: 12 | loss: 2.583
iter: 13 | loss: 2.425
iter: 14 | loss: 2.833
iter: 15 | loss: 2.785
iter: 16 | loss: 2.564
iter: 17 | loss: 2.311
iter: 18 | loss: 2.749
iter: 19 | loss: 2.624
iter: 20 | loss: 2.841
iter: 21 | loss: 2.131
iter: 22 | loss: 2.761
iter: 23 | loss: 2.628
iter: 24 | loss: 2.560
iter: 25 | loss: 3.065
iter: 26 | loss: 2.670
iter: 27 | loss: 2.440
iter: 28 | loss: 2.494
iter: 29 | loss: 3.155
iter: 30 | loss: 2.617
iter: 31 | loss: 1.957
iter: 32 | loss: 1.917
testing r= 5
rrse= 150.23514771642155 / 34.875950297872706
| end of epoch  48 | time:  2.08s | train_loss 2.5528 | valid rse 4.3077 | valid rae 4.8978 | valid corr  0.0590 | valid smape  0.3149 | focus_rrse 3.5214 | obj 3.7573
Experiment: 1
Iter: 0
epoch: 49
hp= [1, 0.0002, 16, 128, 256, 1024, 40, 0.1, 2, 30, 0.6, 0.1, 2, 49]
best sum= 9.03992025008916
best rrse= 4.253980868702387
best rrae= 4.849162937070864
best corr= 0.063223556
best smape= 0.31489405916821245
best objective= 3.732163188947813
best hps= [1, 0.0002, 16, 128, 256, 1024, 40, 0.1, 2, 30, 0.6, 0.1, 2, 1]
best test rse= 1.8665926738946774
best test corr= 0.14278477
[Target-Weighted Loss] weights applied: {'us_Trade Weighted Dollar Index': 12.0, 'kr_fx': 12.0, 'jp_fx': 12.0}
iter:  0 | loss: 2.531
iter:  1 | loss: 2.202
iter:  2 | loss: 2.630
iter:  3 | loss: 2.737
iter:  4 | loss: 2.941
iter:  5 | loss: 2.495
iter:  6 | loss: 2.447
iter:  7 | loss: 2.240
iter:  8 | loss: 3.017
iter:  9 | loss: 2.693
iter: 10 | loss: 2.551
iter: 11 | loss: 2.056
iter: 12 | loss: 2.115
iter: 13 | loss: 2.631
iter: 14 | loss: 2.422
iter: 15 | loss: 2.612
iter: 16 | loss: 2.887
iter: 17 | loss: 2.310
iter: 18 | loss: 2.228
iter: 19 | loss: 2.803
iter: 20 | loss: 2.779
iter: 21 | loss: 2.746
iter: 22 | loss: 2.255
iter: 23 | loss: 2.542
iter: 24 | loss: 2.167
iter: 25 | loss: 2.678
iter: 26 | loss: 2.873
iter: 27 | loss: 2.637
iter: 28 | loss: 2.537
iter: 29 | loss: 2.806
iter: 30 | loss: 2.469
iter: 31 | loss: 2.741
iter: 32 | loss: 2.288
testing r= 5
rrse= 149.83892393166738 / 34.875950297872706
| end of epoch  49 | time:  2.33s | train_loss 2.5495 | valid rse 4.2963 | valid rae 4.8942 | valid corr  0.0692 | valid smape  0.3149 | focus_rrse 3.5254 | obj 3.7567
Experiment: 1
Iter: 0
epoch: 50
hp= [1, 0.0002, 16, 128, 256, 1024, 40, 0.1, 2, 30, 0.6, 0.1, 2, 50]
best sum= 9.03992025008916
best rrse= 4.253980868702387
best rrae= 4.849162937070864
best corr= 0.063223556
best smape= 0.31489405916821245
best objective= 3.732163188947813
best hps= [1, 0.0002, 16, 128, 256, 1024, 40, 0.1, 2, 30, 0.6, 0.1, 2, 1]
best test rse= 1.8665926738946774
best test corr= 0.14278477
[Target-Weighted Loss] weights applied: {'us_Trade Weighted Dollar Index': 12.0, 'kr_fx': 12.0, 'jp_fx': 12.0}
iter:  0 | loss: 2.759
iter:  1 | loss: 2.733
iter:  2 | loss: 2.376
iter:  3 | loss: 2.441
iter:  4 | loss: 2.236
iter:  5 | loss: 1.944
iter:  6 | loss: 2.692
iter:  7 | loss: 2.297
iter:  8 | loss: 2.572
iter:  9 | loss: 2.639
iter: 10 | loss: 2.650
iter: 11 | loss: 2.291
iter: 12 | loss: 2.511
iter: 13 | loss: 2.347
iter: 14 | loss: 2.314
iter: 15 | loss: 2.926
iter: 16 | loss: 2.751
iter: 17 | loss: 2.629
iter: 18 | loss: 2.775
iter: 19 | loss: 2.759
iter: 20 | loss: 2.511
iter: 21 | loss: 2.538
iter: 22 | loss: 2.873
iter: 23 | loss: 2.998
iter: 24 | loss: 2.422
iter: 25 | loss: 2.162
iter: 26 | loss: 2.841
iter: 27 | loss: 2.590
iter: 28 | loss: 2.944
iter: 29 | loss: 2.215
iter: 30 | loss: 2.579
iter: 31 | loss: 2.328
iter: 32 | loss: 2.544
testing r= 5
rrse= 148.23382078662075 / 34.875950297872706
| end of epoch  50 | time:  2.29s | train_loss 2.5513 | valid rse 4.2503 | valid rae 4.8479 | valid corr  0.0720 | valid smape  0.3150 | focus_rrse 3.5104 | obj 3.7324
Experiment: 1
Iter: 0
epoch: 51
hp= [1, 0.0002, 16, 128, 256, 1024, 40, 0.1, 2, 30, 0.6, 0.1, 2, 51]
best sum= 9.03992025008916
best rrse= 4.253980868702387
best rrae= 4.849162937070864
best corr= 0.063223556
best smape= 0.31489405916821245
best objective= 3.732163188947813
best hps= [1, 0.0002, 16, 128, 256, 1024, 40, 0.1, 2, 30, 0.6, 0.1, 2, 1]
best test rse= 1.8665926738946774
best test corr= 0.14278477
[Target-Weighted Loss] weights applied: {'us_Trade Weighted Dollar Index': 12.0, 'kr_fx': 12.0, 'jp_fx': 12.0}
iter:  0 | loss: 1.998
iter:  1 | loss: 2.583
iter:  2 | loss: 2.512
iter:  3 | loss: 2.925
iter:  4 | loss: 3.051
iter:  5 | loss: 2.858
iter:  6 | loss: 2.494
iter:  7 | loss: 2.593
iter:  8 | loss: 2.593
iter:  9 | loss: 2.541
iter: 10 | loss: 2.875
iter: 11 | loss: 2.647
iter: 12 | loss: 2.721
iter: 13 | loss: 1.909
iter: 14 | loss: 2.664
iter: 15 | loss: 2.442
iter: 16 | loss: 2.437
iter: 17 | loss: 2.220
iter: 18 | loss: 2.218
iter: 19 | loss: 2.162
iter: 20 | loss: 2.147
iter: 21 | loss: 2.231
iter: 22 | loss: 2.438
iter: 23 | loss: 2.934
iter: 24 | loss: 2.584
iter: 25 | loss: 2.895
iter: 26 | loss: 2.679
iter: 27 | loss: 2.662
iter: 28 | loss: 2.416
iter: 29 | loss: 2.100
iter: 30 | loss: 2.750
iter: 31 | loss: 2.920
iter: 32 | loss: 2.802
testing r= 5
rrse= 149.283824161394 / 34.875950297872706
| end of epoch  51 | time:  2.42s | train_loss 2.5435 | valid rse 4.2804 | valid rae 4.8801 | valid corr  0.0691 | valid smape  0.3150 | focus_rrse 3.5260 | obj 3.7523
Experiment: 1
Iter: 0
epoch: 52
hp= [1, 0.0002, 16, 128, 256, 1024, 40, 0.1, 2, 30, 0.6, 0.1, 2, 52]
best sum= 9.03992025008916
best rrse= 4.253980868702387
best rrae= 4.849162937070864
best corr= 0.063223556
best smape= 0.31489405916821245
best objective= 3.732163188947813
best hps= [1, 0.0002, 16, 128, 256, 1024, 40, 0.1, 2, 30, 0.6, 0.1, 2, 1]
best test rse= 1.8665926738946774
best test corr= 0.14278477
[Target-Weighted Loss] weights applied: {'us_Trade Weighted Dollar Index': 12.0, 'kr_fx': 12.0, 'jp_fx': 12.0}
iter:  0 | loss: 2.532
iter:  1 | loss: 3.221
iter:  2 | loss: 2.405
iter:  3 | loss: 2.783
iter:  4 | loss: 2.126
iter:  5 | loss: 2.626
iter:  6 | loss: 2.817
iter:  7 | loss: 2.508
iter:  8 | loss: 2.301
iter:  9 | loss: 2.642
iter: 10 | loss: 2.892
iter: 11 | loss: 2.318
iter: 12 | loss: 2.300
iter: 13 | loss: 2.501
iter: 14 | loss: 2.788
iter: 15 | loss: 2.705
iter: 16 | loss: 2.555
iter: 17 | loss: 2.687
iter: 18 | loss: 2.334
iter: 19 | loss: 2.875
iter: 20 | loss: 2.639
iter: 21 | loss: 2.837
iter: 22 | loss: 2.434
iter: 23 | loss: 2.506
iter: 24 | loss: 2.359
iter: 25 | loss: 2.484
iter: 26 | loss: 2.602
iter: 27 | loss: 1.583
iter: 28 | loss: 2.199
iter: 29 | loss: 2.322
iter: 30 | loss: 2.555
iter: 31 | loss: 2.636
iter: 32 | loss: 2.911
testing r= 5
rrse= 149.3268096952118 / 34.875950297872706
| end of epoch  52 | time:  2.03s | train_loss 2.5421 | valid rse 4.2817 | valid rae 4.8828 | valid corr  0.0696 | valid smape  0.3148 | focus_rrse 3.5200 | obj 3.7485
Experiment: 1
Iter: 0
epoch: 53
hp= [1, 0.0002, 16, 128, 256, 1024, 40, 0.1, 2, 30, 0.6, 0.1, 2, 53]
best sum= 9.03992025008916
best rrse= 4.253980868702387
best rrae= 4.849162937070864
best corr= 0.063223556
best smape= 0.31489405916821245
best objective= 3.732163188947813
best hps= [1, 0.0002, 16, 128, 256, 1024, 40, 0.1, 2, 30, 0.6, 0.1, 2, 1]
best test rse= 1.8665926738946774
best test corr= 0.14278477
[Target-Weighted Loss] weights applied: {'us_Trade Weighted Dollar Index': 12.0, 'kr_fx': 12.0, 'jp_fx': 12.0}
iter:  0 | loss: 2.311
iter:  1 | loss: 2.749
iter:  2 | loss: 2.384
iter:  3 | loss: 2.447
iter:  4 | loss: 2.594
iter:  5 | loss: 2.442
iter:  6 | loss: 2.387
iter:  7 | loss: 2.076
iter:  8 | loss: 2.287
iter:  9 | loss: 2.560
iter: 10 | loss: 2.783
iter: 11 | loss: 2.280
iter: 12 | loss: 2.639
iter: 13 | loss: 2.469
iter: 14 | loss: 2.443
iter: 15 | loss: 2.545
iter: 16 | loss: 2.735
iter: 17 | loss: 2.243
iter: 18 | loss: 2.705
iter: 19 | loss: 2.733
iter: 20 | loss: 2.654
iter: 21 | loss: 2.549
iter: 22 | loss: 2.337
iter: 23 | loss: 2.549
iter: 24 | loss: 2.348
iter: 25 | loss: 3.079
iter: 26 | loss: 3.023
iter: 27 | loss: 2.872
iter: 28 | loss: 2.995
iter: 29 | loss: 2.263
iter: 30 | loss: 2.419
iter: 31 | loss: 2.457
iter: 32 | loss: 2.922
testing r= 5
rrse= 149.90987526885945 / 34.875950297872706
| end of epoch  53 | time:  2.13s | train_loss 2.5510 | valid rse 4.2984 | valid rae 4.8954 | valid corr  0.0646 | valid smape  0.3149 | focus_rrse 3.5202 | obj 3.7536
Experiment: 1
Iter: 0
epoch: 54
hp= [1, 0.0002, 16, 128, 256, 1024, 40, 0.1, 2, 30, 0.6, 0.1, 2, 54]
best sum= 9.03992025008916
best rrse= 4.253980868702387
best rrae= 4.849162937070864
best corr= 0.063223556
best smape= 0.31489405916821245
best objective= 3.732163188947813
best hps= [1, 0.0002, 16, 128, 256, 1024, 40, 0.1, 2, 30, 0.6, 0.1, 2, 1]
best test rse= 1.8665926738946774
best test corr= 0.14278477
[Target-Weighted Loss] weights applied: {'us_Trade Weighted Dollar Index': 12.0, 'kr_fx': 12.0, 'jp_fx': 12.0}
iter:  0 | loss: 2.369
iter:  1 | loss: 2.730
iter:  2 | loss: 2.862
iter:  3 | loss: 2.335
iter:  4 | loss: 2.546
iter:  5 | loss: 2.462
iter:  6 | loss: 2.627
iter:  7 | loss: 2.296
iter:  8 | loss: 2.900
iter:  9 | loss: 2.622
iter: 10 | loss: 2.363
iter: 11 | loss: 2.318
iter: 12 | loss: 2.797
iter: 13 | loss: 3.001
iter: 14 | loss: 2.355
iter: 15 | loss: 2.579
iter: 16 | loss: 1.988
iter: 17 | loss: 2.877
iter: 18 | loss: 2.282
iter: 19 | loss: 2.798
iter: 20 | loss: 2.450
iter: 21 | loss: 2.234
iter: 22 | loss: 2.587
iter: 23 | loss: 2.487
iter: 24 | loss: 2.585
iter: 25 | loss: 2.659
iter: 26 | loss: 2.840
iter: 27 | loss: 2.361
iter: 28 | loss: 2.429
iter: 29 | loss: 2.423
iter: 30 | loss: 2.752
iter: 31 | loss: 2.456
iter: 32 | loss: 2.997
testing r= 5
rrse= 150.04537725093365 / 34.875950297872706
| end of epoch  54 | time:  2.14s | train_loss 2.5532 | valid rse 4.3023 | valid rae 4.8941 | valid corr  0.0646 | valid smape  0.3149 | focus_rrse 3.5217 | obj 3.7559
Experiment: 1
Iter: 0
epoch: 55
hp= [1, 0.0002, 16, 128, 256, 1024, 40, 0.1, 2, 30, 0.6, 0.1, 2, 55]
best sum= 9.03992025008916
best rrse= 4.253980868702387
best rrae= 4.849162937070864
best corr= 0.063223556
best smape= 0.31489405916821245
best objective= 3.732163188947813
best hps= [1, 0.0002, 16, 128, 256, 1024, 40, 0.1, 2, 30, 0.6, 0.1, 2, 1]
best test rse= 1.8665926738946774
best test corr= 0.14278477
[Target-Weighted Loss] weights applied: {'us_Trade Weighted Dollar Index': 12.0, 'kr_fx': 12.0, 'jp_fx': 12.0}
iter:  0 | loss: 3.159
iter:  1 | loss: 2.378
iter:  2 | loss: 2.519
iter:  3 | loss: 2.199
iter:  4 | loss: 2.524
iter:  5 | loss: 2.493
iter:  6 | loss: 3.136
iter:  7 | loss: 2.187
iter:  8 | loss: 2.518
iter:  9 | loss: 2.668
iter: 10 | loss: 2.293
iter: 11 | loss: 2.547
iter: 12 | loss: 2.898
iter: 13 | loss: 2.161
iter: 14 | loss: 2.130
iter: 15 | loss: 3.097
iter: 16 | loss: 2.678
iter: 17 | loss: 2.205
iter: 18 | loss: 2.588
iter: 19 | loss: 2.404
iter: 20 | loss: 2.663
iter: 21 | loss: 2.522
iter: 22 | loss: 2.672
iter: 23 | loss: 2.665
iter: 24 | loss: 2.493
iter: 25 | loss: 3.031
iter: 26 | loss: 2.672
iter: 27 | loss: 2.231
iter: 28 | loss: 2.437
iter: 29 | loss: 2.425
iter: 30 | loss: 2.429
iter: 31 | loss: 2.698
iter: 32 | loss: 2.465
testing r= 5
rrse= 149.90050736863768 / 34.875950297872706
| end of epoch  55 | time:  2.41s | train_loss 2.5517 | valid rse 4.2981 | valid rae 4.8985 | valid corr  0.0663 | valid smape  0.3149 | focus_rrse 3.5273 | obj 3.7585
Experiment: 1
Iter: 0
epoch: 56
hp= [1, 0.0002, 16, 128, 256, 1024, 40, 0.1, 2, 30, 0.6, 0.1, 2, 56]
best sum= 9.03992025008916
best rrse= 4.253980868702387
best rrae= 4.849162937070864
best corr= 0.063223556
best smape= 0.31489405916821245
best objective= 3.732163188947813
best hps= [1, 0.0002, 16, 128, 256, 1024, 40, 0.1, 2, 30, 0.6, 0.1, 2, 1]
best test rse= 1.8665926738946774
best test corr= 0.14278477
[Target-Weighted Loss] weights applied: {'us_Trade Weighted Dollar Index': 12.0, 'kr_fx': 12.0, 'jp_fx': 12.0}
iter:  0 | loss: 1.885
iter:  1 | loss: 2.418
iter:  2 | loss: 2.862
iter:  3 | loss: 2.489
iter:  4 | loss: 2.698
iter:  5 | loss: 2.854
iter:  6 | loss: 2.637
iter:  7 | loss: 2.384
iter:  8 | loss: 2.566
iter:  9 | loss: 2.817
iter: 10 | loss: 2.035
iter: 11 | loss: 2.508
iter: 12 | loss: 2.654
iter: 13 | loss: 2.420
iter: 14 | loss: 2.269
iter: 15 | loss: 2.898
iter: 16 | loss: 2.953
iter: 17 | loss: 2.668
iter: 18 | loss: 2.775
iter: 19 | loss: 2.795
iter: 20 | loss: 2.672
iter: 21 | loss: 2.833
iter: 22 | loss: 2.246
iter: 23 | loss: 2.462
iter: 24 | loss: 2.977
iter: 25 | loss: 2.305
iter: 26 | loss: 2.577
iter: 27 | loss: 2.567
iter: 28 | loss: 2.064
iter: 29 | loss: 2.904
iter: 30 | loss: 2.335
iter: 31 | loss: 1.930
iter: 32 | loss: 2.897
testing r= 5
rrse= 149.3903430927682 / 34.875950297872706
| end of epoch  56 | time:  2.34s | train_loss 2.5536 | valid rse 4.2835 | valid rae 4.8830 | valid corr  0.0696 | valid smape  0.3150 | focus_rrse 3.5234 | obj 3.7514
Experiment: 1
Iter: 0
epoch: 57
hp= [1, 0.0002, 16, 128, 256, 1024, 40, 0.1, 2, 30, 0.6, 0.1, 2, 57]
best sum= 9.03992025008916
best rrse= 4.253980868702387
best rrae= 4.849162937070864
best corr= 0.063223556
best smape= 0.31489405916821245
best objective= 3.732163188947813
best hps= [1, 0.0002, 16, 128, 256, 1024, 40, 0.1, 2, 30, 0.6, 0.1, 2, 1]
best test rse= 1.8665926738946774
best test corr= 0.14278477
[Target-Weighted Loss] weights applied: {'us_Trade Weighted Dollar Index': 12.0, 'kr_fx': 12.0, 'jp_fx': 12.0}
iter:  0 | loss: 2.729
iter:  1 | loss: 2.021
iter:  2 | loss: 2.828
iter:  3 | loss: 2.619
iter:  4 | loss: 2.244
iter:  5 | loss: 2.244
iter:  6 | loss: 2.315
iter:  7 | loss: 3.194
iter:  8 | loss: 2.276
iter:  9 | loss: 2.447
iter: 10 | loss: 2.333
iter: 11 | loss: 2.770
iter: 12 | loss: 2.333
iter: 13 | loss: 2.543
iter: 14 | loss: 2.350
iter: 15 | loss: 2.558
iter: 16 | loss: 2.695
iter: 17 | loss: 1.965
iter: 18 | loss: 2.680
iter: 19 | loss: 2.507
iter: 20 | loss: 2.928
iter: 21 | loss: 2.749
iter: 22 | loss: 2.582
iter: 23 | loss: 2.216
iter: 24 | loss: 2.863
iter: 25 | loss: 2.475
iter: 26 | loss: 2.830
iter: 27 | loss: 2.366
iter: 28 | loss: 2.714
iter: 29 | loss: 2.856
iter: 30 | loss: 2.849
iter: 31 | loss: 2.462
iter: 32 | loss: 2.537
testing r= 5
rrse= 149.15580806031323 / 34.875950297872706
| end of epoch  57 | time:  2.24s | train_loss 2.5478 | valid rse 4.2768 | valid rae 4.8673 | valid corr  0.0564 | valid smape  0.3148 | focus_rrse 3.5116 | obj 3.7411
Experiment: 1
Iter: 0
epoch: 58
hp= [1, 0.0002, 16, 128, 256, 1024, 40, 0.1, 2, 30, 0.6, 0.1, 2, 58]
best sum= 9.03992025008916
best rrse= 4.253980868702387
best rrae= 4.849162937070864
best corr= 0.063223556
best smape= 0.31489405916821245
best objective= 3.732163188947813
best hps= [1, 0.0002, 16, 128, 256, 1024, 40, 0.1, 2, 30, 0.6, 0.1, 2, 1]
best test rse= 1.8665926738946774
best test corr= 0.14278477
[Target-Weighted Loss] weights applied: {'us_Trade Weighted Dollar Index': 12.0, 'kr_fx': 12.0, 'jp_fx': 12.0}
iter:  0 | loss: 2.722
iter:  1 | loss: 2.251
iter:  2 | loss: 2.607
iter:  3 | loss: 2.664
iter:  4 | loss: 2.716
iter:  5 | loss: 2.684
iter:  6 | loss: 2.763
iter:  7 | loss: 1.998
iter:  8 | loss: 3.038
iter:  9 | loss: 3.172
iter: 10 | loss: 2.388
iter: 11 | loss: 2.220
iter: 12 | loss: 2.557
iter: 13 | loss: 2.434
iter: 14 | loss: 2.481
iter: 15 | loss: 2.723
iter: 16 | loss: 1.861
iter: 17 | loss: 2.722
iter: 18 | loss: 2.251
iter: 19 | loss: 2.329
iter: 20 | loss: 2.275
iter: 21 | loss: 2.534
iter: 22 | loss: 2.412
iter: 23 | loss: 2.159
iter: 24 | loss: 2.651
iter: 25 | loss: 2.533
iter: 26 | loss: 2.855
iter: 27 | loss: 2.587
iter: 28 | loss: 2.902
iter: 29 | loss: 2.704
iter: 30 | loss: 2.731
iter: 31 | loss: 2.812
iter: 32 | loss: 2.269
testing r= 5
rrse= 149.386394701375 / 34.875950297872706
| end of epoch  58 | time:  2.09s | train_loss 2.5477 | valid rse 4.2834 | valid rae 4.8839 | valid corr  0.0698 | valid smape  0.3148 | focus_rrse 3.5255 | obj 3.7529
Experiment: 1
Iter: 0
epoch: 59
hp= [1, 0.0002, 16, 128, 256, 1024, 40, 0.1, 2, 30, 0.6, 0.1, 2, 59]
best sum= 9.03992025008916
best rrse= 4.253980868702387
best rrae= 4.849162937070864
best corr= 0.063223556
best smape= 0.31489405916821245
best objective= 3.732163188947813
best hps= [1, 0.0002, 16, 128, 256, 1024, 40, 0.1, 2, 30, 0.6, 0.1, 2, 1]
best test rse= 1.8665926738946774
best test corr= 0.14278477
[Target-Weighted Loss] weights applied: {'us_Trade Weighted Dollar Index': 12.0, 'kr_fx': 12.0, 'jp_fx': 12.0}
iter:  0 | loss: 1.927
iter:  1 | loss: 2.522
iter:  2 | loss: 2.469
iter:  3 | loss: 2.678
iter:  4 | loss: 2.586
iter:  5 | loss: 2.791
iter:  6 | loss: 2.359
iter:  7 | loss: 2.473
iter:  8 | loss: 2.464
iter:  9 | loss: 2.497
iter: 10 | loss: 2.978
iter: 11 | loss: 2.284
iter: 12 | loss: 2.598
iter: 13 | loss: 2.476
iter: 14 | loss: 2.756
iter: 15 | loss: 2.213
iter: 16 | loss: 2.475
iter: 17 | loss: 2.762
iter: 18 | loss: 2.742
iter: 19 | loss: 2.556
iter: 20 | loss: 2.731
iter: 21 | loss: 2.538
iter: 22 | loss: 2.268
iter: 23 | loss: 2.874
iter: 24 | loss: 1.756
iter: 25 | loss: 2.433
iter: 26 | loss: 2.326
iter: 27 | loss: 2.383
iter: 28 | loss: 2.563
iter: 29 | loss: 3.092
iter: 30 | loss: 2.868
iter: 31 | loss: 2.800
iter: 32 | loss: 2.632
testing r= 5
rrse= 149.14570528932438 / 34.875950297872706
| end of epoch  59 | time:  2.17s | train_loss 2.5408 | valid rse 4.2765 | valid rae 4.8676 | valid corr  0.0660 | valid smape  0.3148 | focus_rrse 3.5131 | obj 3.7421
Experiment: 1
Iter: 0
epoch: 60
hp= [1, 0.0002, 16, 128, 256, 1024, 40, 0.1, 2, 30, 0.6, 0.1, 2, 60]
best sum= 9.03992025008916
best rrse= 4.253980868702387
best rrae= 4.849162937070864
best corr= 0.063223556
best smape= 0.31489405916821245
best objective= 3.732163188947813
best hps= [1, 0.0002, 16, 128, 256, 1024, 40, 0.1, 2, 30, 0.6, 0.1, 2, 1]
best test rse= 1.8665926738946774
best test corr= 0.14278477
[Target-Weighted Loss] weights applied: {'us_Trade Weighted Dollar Index': 12.0, 'kr_fx': 12.0, 'jp_fx': 12.0}
iter:  0 | loss: 2.906
iter:  1 | loss: 3.042
iter:  2 | loss: 2.958
iter:  3 | loss: 2.809
iter:  4 | loss: 2.227
iter:  5 | loss: 2.520
iter:  6 | loss: 2.638
iter:  7 | loss: 2.671
iter:  8 | loss: 2.430
iter:  9 | loss: 3.049
iter: 10 | loss: 2.557
iter: 11 | loss: 2.366
iter: 12 | loss: 2.903
iter: 13 | loss: 2.569
iter: 14 | loss: 2.279
iter: 15 | loss: 2.266
iter: 16 | loss: 2.016
iter: 17 | loss: 2.536
iter: 18 | loss: 2.607
iter: 19 | loss: 2.089
iter: 20 | loss: 2.436
iter: 21 | loss: 2.128
iter: 22 | loss: 2.156
iter: 23 | loss: 2.595
iter: 24 | loss: 2.838
iter: 25 | loss: 2.355
iter: 26 | loss: 2.662
iter: 27 | loss: 2.790
iter: 28 | loss: 2.616
iter: 29 | loss: 2.520
iter: 30 | loss: 2.059
iter: 31 | loss: 3.181
iter: 32 | loss: 1.977
testing r= 5
rrse= 149.24618530510253 / 34.875950297872706
| end of epoch  60 | time:  2.29s | train_loss 2.5421 | valid rse 4.2793 | valid rae 4.8777 | valid corr  0.0667 | valid smape  0.3150 | focus_rrse 3.5233 | obj 3.7501
best val loss= 9.03992025008916
best hps= [1, 0.0002, 16, 128, 256, 1024, 40, 0.1, 2, 30, 0.6, 0.1, 2, 1]
testing r= 5
rrse= 149.6897116224926 / 34.875950297872706
testing r= 5
rrse= 161.38759875297112 / 87.05324564957357
********************************************************************************************************
final test rse 1.8539 | test rae 2.0401 | test corr 0.1446 | test smape 0.2634
********************************************************************************************************



1 run average



valid	rse	rae
mean	4.2921	4.8876
std	0.0000	0.0000



test	rse	rae
mean	1.8539	2.0401
std	0.0000	0.0000
