CUDA not available, using CPU
Loading data from /Users/samrobert/Documents/GitHub/Exchangeprediction/Cyber-trend-forecasting-main 3/B-MTGNN/data/sm_data.csv...
Data loaded and converted to numeric successfully.
Graph loaded with 1 attacks...
33 columns loaded
Adjacency created...
train X: torch.Size([131, 24, 33])
train Y: torch.Size([131, 1, 33])
valid X: torch.Size([11, 24, 33])
valid Y: torch.Size([11, 1, 33])
test X: torch.Size([11, 24, 33])
test Y: torch.Size([11, 1, 33])
test window: torch.Size([36, 33])
length of training set= 131
length of validation set= 11
length of testing set= 11
valid= 168
Auto-detected num_nodes: 33
Namespace(data='/Users/samrobert/Documents/GitHub/Exchangeprediction/Cyber-trend-forecasting-main 3/B-MTGNN/data/sm_data.csv', log_interval=2000, save='/Users/samrobert/Documents/GitHub/Exchangeprediction/Cyber-trend-forecasting-main 3/B-MTGNN/tuning_runs/20260217_115120/checkpoints/model_003.pt', optim='adam', L1Loss=True, normalize=2, device='cuda:1', gcn_true=False, buildA_true=False, use_graph=0, gcn_depth=1, num_nodes=33, dropout=0.1, subgraph_size=40, node_dim=30, dilation_exponential=2, conv_channels=16, residual_channels=128, skip_channels=256, end_channels=1024, in_dim=1, seq_in_len=24, seq_out_len=1, horizon=1, layers=2, batch_size=4, lr=0.0005, weight_decay=1e-05, clip=10, propalpha=0.6, tanhalpha=0.1, epochs=60, num_split=1, step_size=100, ss_prob=0.2, train_ratio=0.8666666667, valid_ratio=0.0666666667, focus_targets=1, focus_nodes='us_Trade Weighted Dollar Index,jp_fx,kr_fx', focus_weight=0.7, focus_target_gain=12.0, rse_targets='Us_Trade Weighted Dollar Index_Testing.txt,Jp_fx_Testing.txt,Kr_fx_Testing.txt', plot_focus_only=0, debug_eval=0, rollout_mode='teacher_forced', seed=2026, plot=0, clean_cache=0, autotune_mode=1)
The recpetive field size is 19
Number of model parameters is 611649
begin training
Experiment: 1
Iter: 0
epoch: 1
hp= [1, 0.0005, 16, 128, 256, 1024, 40, 0.1, 2, 30, 0.6, 0.1, 2, 1]
best sum= 10000000
best rrse= 10000000
best rrae= 10000000
best corr= -10000000
best smape= 10000000
best objective= 10000000
best hps= []
best test rse= 10000000
best test corr= -10000000
[Target-Weighted Loss] weights applied: {'us_Trade Weighted Dollar Index': 12.0, 'kr_fx': 12.0, 'jp_fx': 12.0}
iter:  0 | loss: 3.193
iter:  1 | loss: 1.852
iter:  2 | loss: 2.100
iter:  3 | loss: 1.475
iter:  4 | loss: 1.971
iter:  5 | loss: 1.754
iter:  6 | loss: 2.037
iter:  7 | loss: 1.979
iter:  8 | loss: 1.902
iter:  9 | loss: 1.983
iter: 10 | loss: 1.844
iter: 11 | loss: 2.616
iter: 12 | loss: 1.899
iter: 13 | loss: 2.112
iter: 14 | loss: 1.856
iter: 15 | loss: 1.922
iter: 16 | loss: 1.638
iter: 17 | loss: 1.994
iter: 18 | loss: 1.621
iter: 19 | loss: 1.674
iter: 20 | loss: 1.498
iter: 21 | loss: 1.474
iter: 22 | loss: 2.107
iter: 23 | loss: 1.927
iter: 24 | loss: 1.814
iter: 25 | loss: 1.989
iter: 26 | loss: 1.894
iter: 27 | loss: 2.346
iter: 28 | loss: 1.685
iter: 29 | loss: 2.219
iter: 30 | loss: 2.005
iter: 31 | loss: 2.035
iter: 32 | loss: 2.160
testing r= 5
rrse= 140.42582422537174 / 34.875950297872706
| end of epoch   1 | time:  2.21s | train_loss 1.9553 | valid rse 4.0264 | valid rae 4.1123 | valid corr  0.4199 | valid smape  0.2596 | focus_rrse 2.9427 | obj 3.2678
testing r= 5
rrse= 106.40797080106358 / 87.05324564957357
********************************************************************************************************
test rse 1.2223 | test rae 1.3629 | test corr 0.4499| test smape 0.2165 | test focus_rrse 1.2403
********************************************************************************************************
Experiment: 1
Iter: 0
epoch: 2
hp= [1, 0.0005, 16, 128, 256, 1024, 40, 0.1, 2, 30, 0.6, 0.1, 2, 2]
best sum= 7.718845328929062
best rrse= 4.0264372160760065
best rrae= 4.112266121476178
best corr= 0.419858
best smape= 0.25961755280358734
best objective= 3.2678449669697134
best hps= [1, 0.0005, 16, 128, 256, 1024, 40, 0.1, 2, 30, 0.6, 0.1, 2, 1]
best test rse= 1.2223320337693213
best test corr= 0.44987047
[Target-Weighted Loss] weights applied: {'us_Trade Weighted Dollar Index': 12.0, 'kr_fx': 12.0, 'jp_fx': 12.0}
iter:  0 | loss: 1.916
iter:  1 | loss: 1.754
iter:  2 | loss: 1.744
iter:  3 | loss: 2.019
iter:  4 | loss: 2.084
iter:  5 | loss: 2.135
iter:  6 | loss: 2.182
iter:  7 | loss: 1.485
iter:  8 | loss: 1.928
iter:  9 | loss: 1.510
iter: 10 | loss: 1.625
iter: 11 | loss: 1.715
iter: 12 | loss: 1.862
iter: 13 | loss: 2.044
iter: 14 | loss: 2.037
iter: 15 | loss: 1.878
iter: 16 | loss: 2.051
iter: 17 | loss: 1.758
iter: 18 | loss: 2.014
iter: 19 | loss: 2.224
iter: 20 | loss: 2.296
iter: 21 | loss: 1.659
iter: 22 | loss: 1.829
iter: 23 | loss: 1.869
iter: 24 | loss: 2.214
iter: 25 | loss: 1.864
iter: 26 | loss: 1.927
iter: 27 | loss: 1.980
iter: 28 | loss: 1.753
iter: 29 | loss: 1.753
iter: 30 | loss: 2.358
iter: 31 | loss: 2.546
iter: 32 | loss: 1.798
testing r= 5
rrse= 140.22164374660568 / 34.875950297872706
| end of epoch   2 | time:  2.12s | train_loss 1.9347 | valid rse 4.0206 | valid rae 4.1037 | valid corr  0.4160 | valid smape  0.2592 | focus_rrse 2.9333 | obj 3.2595
testing r= 5
rrse= 105.8604624021641 / 87.05324564957357
********************************************************************************************************
test rse 1.2160 | test rae 1.3544 | test corr 0.4524| test smape 0.2163 | test focus_rrse 1.2352
********************************************************************************************************
Experiment: 1
Iter: 0
epoch: 3
hp= [1, 0.0005, 16, 128, 256, 1024, 40, 0.1, 2, 30, 0.6, 0.1, 2, 3]
best sum= 7.708278438467138
best rrse= 4.020582738218853
best rrae= 4.1036546412311035
best corr= 0.41595894
best smape= 0.2592215942683768
best objective= 3.25951687774007
best hps= [1, 0.0005, 16, 128, 256, 1024, 40, 0.1, 2, 30, 0.6, 0.1, 2, 2]
best test rse= 1.2160426829839015
best test corr= 0.45243448
[Target-Weighted Loss] weights applied: {'us_Trade Weighted Dollar Index': 12.0, 'kr_fx': 12.0, 'jp_fx': 12.0}
iter:  0 | loss: 1.651
iter:  1 | loss: 1.881
iter:  2 | loss: 1.622
iter:  3 | loss: 1.762
iter:  4 | loss: 1.821
iter:  5 | loss: 1.790
iter:  6 | loss: 1.896
iter:  7 | loss: 1.688
iter:  8 | loss: 1.447
iter:  9 | loss: 1.878
iter: 10 | loss: 1.938
iter: 11 | loss: 2.337
iter: 12 | loss: 1.732
iter: 13 | loss: 2.148
iter: 14 | loss: 1.794
iter: 15 | loss: 1.838
iter: 16 | loss: 1.683
iter: 17 | loss: 1.944
iter: 18 | loss: 1.631
iter: 19 | loss: 2.238
iter: 20 | loss: 2.022
iter: 21 | loss: 1.978
iter: 22 | loss: 2.116
iter: 23 | loss: 1.810
iter: 24 | loss: 2.144
iter: 25 | loss: 2.037
iter: 26 | loss: 2.019
iter: 27 | loss: 2.545
iter: 28 | loss: 2.141
iter: 29 | loss: 1.614
iter: 30 | loss: 2.097
iter: 31 | loss: 2.044
iter: 32 | loss: 1.970
testing r= 5
rrse= 141.26590756663478 / 34.875950297872706
| end of epoch   3 | time:  2.09s | train_loss 1.9165 | valid rse 4.0505 | valid rae 4.1330 | valid corr  0.4091 | valid smape  0.2595 | focus_rrse 2.9531 | obj 3.2824
Experiment: 1
Iter: 0
epoch: 4
hp= [1, 0.0005, 16, 128, 256, 1024, 40, 0.1, 2, 30, 0.6, 0.1, 2, 4]
best sum= 7.708278438467138
best rrse= 4.020582738218853
best rrae= 4.1036546412311035
best corr= 0.41595894
best smape= 0.2592215942683768
best objective= 3.25951687774007
best hps= [1, 0.0005, 16, 128, 256, 1024, 40, 0.1, 2, 30, 0.6, 0.1, 2, 2]
best test rse= 1.2160426829839015
best test corr= 0.45243448
[Target-Weighted Loss] weights applied: {'us_Trade Weighted Dollar Index': 12.0, 'kr_fx': 12.0, 'jp_fx': 12.0}
iter:  0 | loss: 1.955
iter:  1 | loss: 2.241
iter:  2 | loss: 1.864
iter:  3 | loss: 1.588
iter:  4 | loss: 1.708
iter:  5 | loss: 1.940
iter:  6 | loss: 1.837
iter:  7 | loss: 2.065
iter:  8 | loss: 1.250
iter:  9 | loss: 1.732
iter: 10 | loss: 1.797
iter: 11 | loss: 1.761
iter: 12 | loss: 1.891
iter: 13 | loss: 2.119
iter: 14 | loss: 2.086
iter: 15 | loss: 2.030
iter: 16 | loss: 2.336
iter: 17 | loss: 1.939
iter: 18 | loss: 1.698
iter: 19 | loss: 1.922
iter: 20 | loss: 2.124
iter: 21 | loss: 2.006
iter: 22 | loss: 2.399
iter: 23 | loss: 2.037
iter: 24 | loss: 1.698
iter: 25 | loss: 1.973
iter: 26 | loss: 2.247
iter: 27 | loss: 1.863
iter: 28 | loss: 1.801
iter: 29 | loss: 2.408
iter: 30 | loss: 1.767
iter: 31 | loss: 1.766
iter: 32 | loss: 2.137
testing r= 5
rrse= 140.7525671391112 / 34.875950297872706
| end of epoch   4 | time:  2.10s | train_loss 1.9375 | valid rse 4.0358 | valid rae 4.1201 | valid corr  0.4164 | valid smape  0.2596 | focus_rrse 2.9567 | obj 3.2804
Experiment: 1
Iter: 0
epoch: 5
hp= [1, 0.0005, 16, 128, 256, 1024, 40, 0.1, 2, 30, 0.6, 0.1, 2, 5]
best sum= 7.708278438467138
best rrse= 4.020582738218853
best rrae= 4.1036546412311035
best corr= 0.41595894
best smape= 0.2592215942683768
best objective= 3.25951687774007
best hps= [1, 0.0005, 16, 128, 256, 1024, 40, 0.1, 2, 30, 0.6, 0.1, 2, 2]
best test rse= 1.2160426829839015
best test corr= 0.45243448
[Target-Weighted Loss] weights applied: {'us_Trade Weighted Dollar Index': 12.0, 'kr_fx': 12.0, 'jp_fx': 12.0}
iter:  0 | loss: 1.769
iter:  1 | loss: 1.999
iter:  2 | loss: 1.785
iter:  3 | loss: 1.734
iter:  4 | loss: 1.791
iter:  5 | loss: 1.643
iter:  6 | loss: 1.991
iter:  7 | loss: 1.702
iter:  8 | loss: 2.217
iter:  9 | loss: 1.872
iter: 10 | loss: 2.261
iter: 11 | loss: 2.017
iter: 12 | loss: 1.503
iter: 13 | loss: 2.196
iter: 14 | loss: 2.365
iter: 15 | loss: 2.108
iter: 16 | loss: 1.643
iter: 17 | loss: 2.083
iter: 18 | loss: 1.682
iter: 19 | loss: 2.259
iter: 20 | loss: 1.628
iter: 21 | loss: 1.978
iter: 22 | loss: 1.954
iter: 23 | loss: 2.096
iter: 24 | loss: 2.004
iter: 25 | loss: 1.953
iter: 26 | loss: 1.751
iter: 27 | loss: 1.809
iter: 28 | loss: 2.023
iter: 29 | loss: 2.012
iter: 30 | loss: 2.800
iter: 31 | loss: 1.847
iter: 32 | loss: 1.662
testing r= 5
rrse= 141.20465256587687 / 34.875950297872706
| end of epoch   5 | time:  2.10s | train_loss 1.9457 | valid rse 4.0488 | valid rae 4.1269 | valid corr  0.4181 | valid smape  0.2598 | focus_rrse 2.9594 | obj 3.2862
Experiment: 1
Iter: 0
epoch: 6
hp= [1, 0.0005, 16, 128, 256, 1024, 40, 0.1, 2, 30, 0.6, 0.1, 2, 6]
best sum= 7.708278438467138
best rrse= 4.020582738218853
best rrae= 4.1036546412311035
best corr= 0.41595894
best smape= 0.2592215942683768
best objective= 3.25951687774007
best hps= [1, 0.0005, 16, 128, 256, 1024, 40, 0.1, 2, 30, 0.6, 0.1, 2, 2]
best test rse= 1.2160426829839015
best test corr= 0.45243448
[Target-Weighted Loss] weights applied: {'us_Trade Weighted Dollar Index': 12.0, 'kr_fx': 12.0, 'jp_fx': 12.0}
iter:  0 | loss: 1.741
iter:  1 | loss: 2.133
iter:  2 | loss: 1.655
iter:  3 | loss: 2.541
iter:  4 | loss: 1.554
iter:  5 | loss: 2.164
iter:  6 | loss: 2.126
iter:  7 | loss: 2.047
iter:  8 | loss: 2.180
iter:  9 | loss: 2.117
iter: 10 | loss: 1.713
iter: 11 | loss: 2.187
iter: 12 | loss: 2.147
iter: 13 | loss: 1.837
iter: 14 | loss: 1.464
iter: 15 | loss: 2.079
iter: 16 | loss: 1.951
iter: 17 | loss: 2.066
iter: 18 | loss: 2.016
iter: 19 | loss: 1.512
iter: 20 | loss: 1.856
iter: 21 | loss: 2.137
iter: 22 | loss: 2.044
iter: 23 | loss: 1.285
iter: 24 | loss: 1.730
iter: 25 | loss: 2.469
iter: 26 | loss: 1.859
iter: 27 | loss: 1.947
iter: 28 | loss: 2.276
iter: 29 | loss: 1.976
iter: 30 | loss: 1.617
iter: 31 | loss: 1.940
iter: 32 | loss: 1.479
testing r= 5
rrse= 141.2018377514082 / 34.875950297872706
| end of epoch   6 | time:  2.07s | train_loss 1.9382 | valid rse 4.0487 | valid rae 4.1343 | valid corr  0.4127 | valid smape  0.2597 | focus_rrse 2.9581 | obj 3.2853
Experiment: 1
Iter: 0
epoch: 7
hp= [1, 0.0005, 16, 128, 256, 1024, 40, 0.1, 2, 30, 0.6, 0.1, 2, 7]
best sum= 7.708278438467138
best rrse= 4.020582738218853
best rrae= 4.1036546412311035
best corr= 0.41595894
best smape= 0.2592215942683768
best objective= 3.25951687774007
best hps= [1, 0.0005, 16, 128, 256, 1024, 40, 0.1, 2, 30, 0.6, 0.1, 2, 2]
best test rse= 1.2160426829839015
best test corr= 0.45243448
[Target-Weighted Loss] weights applied: {'us_Trade Weighted Dollar Index': 12.0, 'kr_fx': 12.0, 'jp_fx': 12.0}
iter:  0 | loss: 2.213
iter:  1 | loss: 2.089
iter:  2 | loss: 1.820
iter:  3 | loss: 2.120
iter:  4 | loss: 1.974
iter:  5 | loss: 1.486
iter:  6 | loss: 1.825
iter:  7 | loss: 1.807
iter:  8 | loss: 2.104
iter:  9 | loss: 1.861
iter: 10 | loss: 1.652
iter: 11 | loss: 1.688
iter: 12 | loss: 1.511
iter: 13 | loss: 1.656
iter: 14 | loss: 2.750
iter: 15 | loss: 1.899
iter: 16 | loss: 1.780
iter: 17 | loss: 1.691
iter: 18 | loss: 1.789
iter: 19 | loss: 1.832
iter: 20 | loss: 2.413
iter: 21 | loss: 2.127
iter: 22 | loss: 1.417
iter: 23 | loss: 1.615
iter: 24 | loss: 1.908
iter: 25 | loss: 2.008
iter: 26 | loss: 2.420
iter: 27 | loss: 2.279
iter: 28 | loss: 1.427
iter: 29 | loss: 2.157
iter: 30 | loss: 2.162
iter: 31 | loss: 1.877
iter: 32 | loss: 2.209
testing r= 5
rrse= 142.80170911092065 / 34.875950297872706
| end of epoch   7 | time:  1.99s | train_loss 1.9240 | valid rse 4.0946 | valid rae 4.1710 | valid corr  0.4113 | valid smape  0.2596 | focus_rrse 2.9659 | obj 3.3045
Experiment: 1
Iter: 0
epoch: 8
hp= [1, 0.0005, 16, 128, 256, 1024, 40, 0.1, 2, 30, 0.6, 0.1, 2, 8]
best sum= 7.708278438467138
best rrse= 4.020582738218853
best rrae= 4.1036546412311035
best corr= 0.41595894
best smape= 0.2592215942683768
best objective= 3.25951687774007
best hps= [1, 0.0005, 16, 128, 256, 1024, 40, 0.1, 2, 30, 0.6, 0.1, 2, 2]
best test rse= 1.2160426829839015
best test corr= 0.45243448
[Target-Weighted Loss] weights applied: {'us_Trade Weighted Dollar Index': 12.0, 'kr_fx': 12.0, 'jp_fx': 12.0}
iter:  0 | loss: 2.232
iter:  1 | loss: 1.833
iter:  2 | loss: 2.104
iter:  3 | loss: 2.050
iter:  4 | loss: 2.089
iter:  5 | loss: 2.316
iter:  6 | loss: 1.398
iter:  7 | loss: 1.813
iter:  8 | loss: 1.923
iter:  9 | loss: 2.715
iter: 10 | loss: 1.890
iter: 11 | loss: 1.827
iter: 12 | loss: 1.990
iter: 13 | loss: 1.846
iter: 14 | loss: 1.515
iter: 15 | loss: 1.869
iter: 16 | loss: 2.540
iter: 17 | loss: 1.862
iter: 18 | loss: 2.114
iter: 19 | loss: 1.605
iter: 20 | loss: 1.640
iter: 21 | loss: 2.144
iter: 22 | loss: 1.775
iter: 23 | loss: 1.506
iter: 24 | loss: 1.919
iter: 25 | loss: 1.947
iter: 26 | loss: 2.040
iter: 27 | loss: 1.695
iter: 28 | loss: 1.859
iter: 29 | loss: 2.268
iter: 30 | loss: 2.144
iter: 31 | loss: 1.789
iter: 32 | loss: 2.156
testing r= 5
rrse= 142.75530857029452 / 34.875950297872706
| end of epoch   8 | time:  2.09s | train_loss 1.9504 | valid rse 4.0932 | valid rae 4.1630 | valid corr  0.4199 | valid smape  0.2597 | focus_rrse 2.9569 | obj 3.2978
Experiment: 1
Iter: 0
epoch: 9
hp= [1, 0.0005, 16, 128, 256, 1024, 40, 0.1, 2, 30, 0.6, 0.1, 2, 9]
best sum= 7.708278438467138
best rrse= 4.020582738218853
best rrae= 4.1036546412311035
best corr= 0.41595894
best smape= 0.2592215942683768
best objective= 3.25951687774007
best hps= [1, 0.0005, 16, 128, 256, 1024, 40, 0.1, 2, 30, 0.6, 0.1, 2, 2]
best test rse= 1.2160426829839015
best test corr= 0.45243448
[Target-Weighted Loss] weights applied: {'us_Trade Weighted Dollar Index': 12.0, 'kr_fx': 12.0, 'jp_fx': 12.0}
iter:  0 | loss: 1.718
iter:  1 | loss: 1.962
iter:  2 | loss: 1.915
iter:  3 | loss: 1.949
iter:  4 | loss: 1.626
iter:  5 | loss: 1.875
iter:  6 | loss: 1.994
iter:  7 | loss: 2.286
iter:  8 | loss: 1.987
iter:  9 | loss: 2.084
iter: 10 | loss: 1.796
iter: 11 | loss: 2.326
iter: 12 | loss: 1.999
iter: 13 | loss: 1.804
iter: 14 | loss: 2.207
iter: 15 | loss: 2.242
iter: 16 | loss: 1.355
iter: 17 | loss: 1.534
iter: 18 | loss: 1.500
iter: 19 | loss: 1.994
iter: 20 | loss: 1.915
iter: 21 | loss: 2.094
iter: 22 | loss: 1.947
iter: 23 | loss: 1.939
iter: 24 | loss: 1.971
iter: 25 | loss: 1.746
iter: 26 | loss: 2.347
iter: 27 | loss: 2.011
iter: 28 | loss: 1.689
iter: 29 | loss: 2.186
iter: 30 | loss: 1.745
iter: 31 | loss: 1.840
iter: 32 | loss: 1.705
testing r= 5
rrse= 141.47787205513802 / 34.875950297872706
| end of epoch   9 | time:  1.95s | train_loss 1.9195 | valid rse 4.0566 | valid rae 4.1393 | valid corr  0.4115 | valid smape  0.2593 | focus_rrse 2.9592 | obj 3.2884
Experiment: 1
Iter: 0
epoch: 10
hp= [1, 0.0005, 16, 128, 256, 1024, 40, 0.1, 2, 30, 0.6, 0.1, 2, 10]
best sum= 7.708278438467138
best rrse= 4.020582738218853
best rrae= 4.1036546412311035
best corr= 0.41595894
best smape= 0.2592215942683768
best objective= 3.25951687774007
best hps= [1, 0.0005, 16, 128, 256, 1024, 40, 0.1, 2, 30, 0.6, 0.1, 2, 2]
best test rse= 1.2160426829839015
best test corr= 0.45243448
[Target-Weighted Loss] weights applied: {'us_Trade Weighted Dollar Index': 12.0, 'kr_fx': 12.0, 'jp_fx': 12.0}
iter:  0 | loss: 2.213
iter:  1 | loss: 1.742
iter:  2 | loss: 1.632
iter:  3 | loss: 1.871
iter:  4 | loss: 1.728
iter:  5 | loss: 1.972
iter:  6 | loss: 1.982
iter:  7 | loss: 2.341
iter:  8 | loss: 1.562
iter:  9 | loss: 1.842
iter: 10 | loss: 1.833
iter: 11 | loss: 1.931
iter: 12 | loss: 1.740
iter: 13 | loss: 1.968
iter: 14 | loss: 2.485
iter: 15 | loss: 1.649
iter: 16 | loss: 2.224
iter: 17 | loss: 1.660
iter: 18 | loss: 2.125
iter: 19 | loss: 2.000
iter: 20 | loss: 2.063
iter: 21 | loss: 2.005
iter: 22 | loss: 1.545
iter: 23 | loss: 1.767
iter: 24 | loss: 2.141
iter: 25 | loss: 1.648
iter: 26 | loss: 2.374
iter: 27 | loss: 2.045
iter: 28 | loss: 1.736
iter: 29 | loss: 1.849
iter: 30 | loss: 1.919
iter: 31 | loss: 2.224
iter: 32 | loss: 2.370
testing r= 5
rrse= 141.3180353294476 / 34.875950297872706
| end of epoch  10 | time:  2.33s | train_loss 1.9418 | valid rse 4.0520 | valid rae 4.1371 | valid corr  0.4192 | valid smape  0.2586 | focus_rrse 2.9499 | obj 3.2805
Experiment: 1
Iter: 0
epoch: 11
hp= [1, 0.0005, 16, 128, 256, 1024, 40, 0.1, 2, 30, 0.6, 0.1, 2, 11]
best sum= 7.708278438467138
best rrse= 4.020582738218853
best rrae= 4.1036546412311035
best corr= 0.41595894
best smape= 0.2592215942683768
best objective= 3.25951687774007
best hps= [1, 0.0005, 16, 128, 256, 1024, 40, 0.1, 2, 30, 0.6, 0.1, 2, 2]
best test rse= 1.2160426829839015
best test corr= 0.45243448
[Target-Weighted Loss] weights applied: {'us_Trade Weighted Dollar Index': 12.0, 'kr_fx': 12.0, 'jp_fx': 12.0}
iter:  0 | loss: 1.694
iter:  1 | loss: 2.052
iter:  2 | loss: 1.805
iter:  3 | loss: 1.940
iter:  4 | loss: 1.544
iter:  5 | loss: 1.927
iter:  6 | loss: 2.078
iter:  7 | loss: 1.970
iter:  8 | loss: 1.982
iter:  9 | loss: 2.509
iter: 10 | loss: 1.790
iter: 11 | loss: 1.910
iter: 12 | loss: 2.193
iter: 13 | loss: 1.955
iter: 14 | loss: 2.114
iter: 15 | loss: 1.925
iter: 16 | loss: 2.193
iter: 17 | loss: 1.560
iter: 18 | loss: 1.905
iter: 19 | loss: 2.240
iter: 20 | loss: 2.235
iter: 21 | loss: 2.088
iter: 22 | loss: 1.586
iter: 23 | loss: 1.622
iter: 24 | loss: 1.471
iter: 25 | loss: 1.987
iter: 26 | loss: 1.944
iter: 27 | loss: 1.615
iter: 28 | loss: 1.772
iter: 29 | loss: 2.274
iter: 30 | loss: 1.751
iter: 31 | loss: 1.857
iter: 32 | loss: 1.770
testing r= 5
rrse= 140.69787000875314 / 34.875950297872706
| end of epoch  11 | time:  2.17s | train_loss 1.9180 | valid rse 4.0342 | valid rae 4.1305 | valid corr  0.4093 | valid smape  0.2593 | focus_rrse 2.9524 | obj 3.2769
Experiment: 1
Iter: 0
epoch: 12
hp= [1, 0.0005, 16, 128, 256, 1024, 40, 0.1, 2, 30, 0.6, 0.1, 2, 12]
best sum= 7.708278438467138
best rrse= 4.020582738218853
best rrae= 4.1036546412311035
best corr= 0.41595894
best smape= 0.2592215942683768
best objective= 3.25951687774007
best hps= [1, 0.0005, 16, 128, 256, 1024, 40, 0.1, 2, 30, 0.6, 0.1, 2, 2]
best test rse= 1.2160426829839015
best test corr= 0.45243448
[Target-Weighted Loss] weights applied: {'us_Trade Weighted Dollar Index': 12.0, 'kr_fx': 12.0, 'jp_fx': 12.0}
iter:  0 | loss: 1.748
iter:  1 | loss: 1.965
iter:  2 | loss: 1.623
iter:  3 | loss: 2.471
iter:  4 | loss: 1.946
iter:  5 | loss: 1.910
iter:  6 | loss: 1.786
iter:  7 | loss: 2.015
iter:  8 | loss: 1.950
iter:  9 | loss: 1.923
iter: 10 | loss: 1.932
iter: 11 | loss: 2.105
iter: 12 | loss: 1.940
iter: 13 | loss: 1.727
iter: 14 | loss: 1.942
iter: 15 | loss: 2.146
iter: 16 | loss: 2.008
iter: 17 | loss: 2.008
iter: 18 | loss: 2.341
iter: 19 | loss: 2.105
iter: 20 | loss: 1.091
iter: 21 | loss: 2.272
iter: 22 | loss: 1.672
iter: 23 | loss: 1.840
iter: 24 | loss: 1.842
iter: 25 | loss: 2.119
iter: 26 | loss: 1.994
iter: 27 | loss: 1.914
iter: 28 | loss: 1.691
iter: 29 | loss: 1.816
iter: 30 | loss: 2.175
iter: 31 | loss: 2.252
iter: 32 | loss: 1.823
testing r= 5
rrse= 141.89734130261215 / 34.875950297872706
| end of epoch  12 | time:  2.47s | train_loss 1.9432 | valid rse 4.0686 | valid rae 4.1561 | valid corr  0.4123 | valid smape  0.2590 | focus_rrse 2.9684 | obj 3.2984
Experiment: 1
Iter: 0
epoch: 13
hp= [1, 0.0005, 16, 128, 256, 1024, 40, 0.1, 2, 30, 0.6, 0.1, 2, 13]
best sum= 7.708278438467138
best rrse= 4.020582738218853
best rrae= 4.1036546412311035
best corr= 0.41595894
best smape= 0.2592215942683768
best objective= 3.25951687774007
best hps= [1, 0.0005, 16, 128, 256, 1024, 40, 0.1, 2, 30, 0.6, 0.1, 2, 2]
best test rse= 1.2160426829839015
best test corr= 0.45243448
[Target-Weighted Loss] weights applied: {'us_Trade Weighted Dollar Index': 12.0, 'kr_fx': 12.0, 'jp_fx': 12.0}
iter:  0 | loss: 1.999
iter:  1 | loss: 2.253
iter:  2 | loss: 1.873
iter:  3 | loss: 2.027
iter:  4 | loss: 2.464
iter:  5 | loss: 1.824
iter:  6 | loss: 1.704
iter:  7 | loss: 1.888
iter:  8 | loss: 1.751
iter:  9 | loss: 1.934
iter: 10 | loss: 2.043
iter: 11 | loss: 1.909
iter: 12 | loss: 2.190
iter: 13 | loss: 1.702
iter: 14 | loss: 2.282
iter: 15 | loss: 2.320
iter: 16 | loss: 1.783
iter: 17 | loss: 1.518
iter: 18 | loss: 1.683
iter: 19 | loss: 2.079
iter: 20 | loss: 1.852
iter: 21 | loss: 2.638
iter: 22 | loss: 1.773
iter: 23 | loss: 1.538
iter: 24 | loss: 2.041
iter: 25 | loss: 1.826
iter: 26 | loss: 1.660
iter: 27 | loss: 2.046
iter: 28 | loss: 2.412
iter: 29 | loss: 1.726
iter: 30 | loss: 1.834
iter: 31 | loss: 1.965
iter: 32 | loss: 1.890
testing r= 5
rrse= 142.3234103195957 / 34.875950297872706
| end of epoch  13 | time:  2.23s | train_loss 1.9528 | valid rse 4.0808 | valid rae 4.1730 | valid corr  0.4079 | valid smape  0.2600 | focus_rrse 2.9702 | obj 3.3034
Experiment: 1
Iter: 0
epoch: 14
hp= [1, 0.0005, 16, 128, 256, 1024, 40, 0.1, 2, 30, 0.6, 0.1, 2, 14]
best sum= 7.708278438467138
best rrse= 4.020582738218853
best rrae= 4.1036546412311035
best corr= 0.41595894
best smape= 0.2592215942683768
best objective= 3.25951687774007
best hps= [1, 0.0005, 16, 128, 256, 1024, 40, 0.1, 2, 30, 0.6, 0.1, 2, 2]
best test rse= 1.2160426829839015
best test corr= 0.45243448
[Target-Weighted Loss] weights applied: {'us_Trade Weighted Dollar Index': 12.0, 'kr_fx': 12.0, 'jp_fx': 12.0}
iter:  0 | loss: 1.425
iter:  1 | loss: 1.719
iter:  2 | loss: 2.050
iter:  3 | loss: 1.860
iter:  4 | loss: 1.981
iter:  5 | loss: 2.050
iter:  6 | loss: 2.502
iter:  7 | loss: 1.979
iter:  8 | loss: 1.892
iter:  9 | loss: 1.812
iter: 10 | loss: 1.798
iter: 11 | loss: 1.817
iter: 12 | loss: 1.733
iter: 13 | loss: 2.020
iter: 14 | loss: 1.745
iter: 15 | loss: 1.515
iter: 16 | loss: 2.270
iter: 17 | loss: 2.202
iter: 18 | loss: 2.280
iter: 19 | loss: 1.916
iter: 20 | loss: 1.879
iter: 21 | loss: 1.667
iter: 22 | loss: 2.217
iter: 23 | loss: 1.728
iter: 24 | loss: 1.809
iter: 25 | loss: 2.159
iter: 26 | loss: 1.613
iter: 27 | loss: 1.959
iter: 28 | loss: 2.043
iter: 29 | loss: 2.296
iter: 30 | loss: 2.053
iter: 31 | loss: 1.441
iter: 32 | loss: 2.386
testing r= 5
rrse= 141.6558467069044 / 34.875950297872706
| end of epoch  14 | time:  2.23s | train_loss 1.9304 | valid rse 4.0617 | valid rae 4.1382 | valid corr  0.4112 | valid smape  0.2594 | focus_rrse 2.9468 | obj 3.2812
Experiment: 1
Iter: 0
epoch: 15
hp= [1, 0.0005, 16, 128, 256, 1024, 40, 0.1, 2, 30, 0.6, 0.1, 2, 15]
best sum= 7.708278438467138
best rrse= 4.020582738218853
best rrae= 4.1036546412311035
best corr= 0.41595894
best smape= 0.2592215942683768
best objective= 3.25951687774007
best hps= [1, 0.0005, 16, 128, 256, 1024, 40, 0.1, 2, 30, 0.6, 0.1, 2, 2]
best test rse= 1.2160426829839015
best test corr= 0.45243448
[Target-Weighted Loss] weights applied: {'us_Trade Weighted Dollar Index': 12.0, 'kr_fx': 12.0, 'jp_fx': 12.0}
iter:  0 | loss: 2.423
iter:  1 | loss: 1.749
iter:  2 | loss: 2.227
iter:  3 | loss: 2.355
iter:  4 | loss: 2.176
iter:  5 | loss: 1.935
iter:  6 | loss: 1.727
iter:  7 | loss: 2.084
iter:  8 | loss: 1.647
iter:  9 | loss: 2.050
iter: 10 | loss: 1.869
iter: 11 | loss: 1.894
iter: 12 | loss: 2.065
iter: 13 | loss: 1.852
iter: 14 | loss: 1.467
iter: 15 | loss: 1.708
iter: 16 | loss: 1.388
iter: 17 | loss: 2.026
iter: 18 | loss: 1.836
iter: 19 | loss: 1.882
iter: 20 | loss: 1.732
iter: 21 | loss: 1.568
iter: 22 | loss: 1.906
iter: 23 | loss: 1.948
iter: 24 | loss: 1.644
iter: 25 | loss: 1.831
iter: 26 | loss: 2.486
iter: 27 | loss: 1.977
iter: 28 | loss: 1.942
iter: 29 | loss: 2.054
iter: 30 | loss: 1.845
iter: 31 | loss: 2.014
iter: 32 | loss: 2.480
testing r= 5
rrse= 141.95723800453078 / 34.875950297872706
| end of epoch  15 | time:  1.98s | train_loss 1.9288 | valid rse 4.0703 | valid rae 4.1529 | valid corr  0.4091 | valid smape  0.2596 | focus_rrse 2.9602 | obj 3.2932
Experiment: 1
Iter: 0
epoch: 16
hp= [1, 0.0005, 16, 128, 256, 1024, 40, 0.1, 2, 30, 0.6, 0.1, 2, 16]
best sum= 7.708278438467138
best rrse= 4.020582738218853
best rrae= 4.1036546412311035
best corr= 0.41595894
best smape= 0.2592215942683768
best objective= 3.25951687774007
best hps= [1, 0.0005, 16, 128, 256, 1024, 40, 0.1, 2, 30, 0.6, 0.1, 2, 2]
best test rse= 1.2160426829839015
best test corr= 0.45243448
[Target-Weighted Loss] weights applied: {'us_Trade Weighted Dollar Index': 12.0, 'kr_fx': 12.0, 'jp_fx': 12.0}
iter:  0 | loss: 2.158
iter:  1 | loss: 2.270
iter:  2 | loss: 1.819
iter:  3 | loss: 1.818
iter:  4 | loss: 1.641
iter:  5 | loss: 1.614
iter:  6 | loss: 1.636
iter:  7 | loss: 2.480
iter:  8 | loss: 2.041
iter:  9 | loss: 1.631
iter: 10 | loss: 1.861
iter: 11 | loss: 1.815
iter: 12 | loss: 1.631
iter: 13 | loss: 1.773
iter: 14 | loss: 1.490
iter: 15 | loss: 1.934
iter: 16 | loss: 2.338
iter: 17 | loss: 2.071
iter: 18 | loss: 2.074
iter: 19 | loss: 1.921
iter: 20 | loss: 1.776
iter: 21 | loss: 2.197
iter: 22 | loss: 1.838
iter: 23 | loss: 2.135
iter: 24 | loss: 2.212
iter: 25 | loss: 1.966
iter: 26 | loss: 2.122
iter: 27 | loss: 2.178
iter: 28 | loss: 1.650
iter: 29 | loss: 1.522
iter: 30 | loss: 2.042
iter: 31 | loss: 2.070
iter: 32 | loss: 2.029
testing r= 5
rrse= 140.84306703295692 / 34.875950297872706
| end of epoch  16 | time:  2.14s | train_loss 1.9311 | valid rse 4.0384 | valid rae 4.1368 | valid corr  0.4114 | valid smape  0.2593 | focus_rrse 2.9637 | obj 3.2861
Experiment: 1
Iter: 0
epoch: 17
hp= [1, 0.0005, 16, 128, 256, 1024, 40, 0.1, 2, 30, 0.6, 0.1, 2, 17]
best sum= 7.708278438467138
best rrse= 4.020582738218853
best rrae= 4.1036546412311035
best corr= 0.41595894
best smape= 0.2592215942683768
best objective= 3.25951687774007
best hps= [1, 0.0005, 16, 128, 256, 1024, 40, 0.1, 2, 30, 0.6, 0.1, 2, 2]
best test rse= 1.2160426829839015
best test corr= 0.45243448
[Target-Weighted Loss] weights applied: {'us_Trade Weighted Dollar Index': 12.0, 'kr_fx': 12.0, 'jp_fx': 12.0}
iter:  0 | loss: 1.947
iter:  1 | loss: 1.916
iter:  2 | loss: 2.082
iter:  3 | loss: 2.263
iter:  4 | loss: 2.161
iter:  5 | loss: 1.867
iter:  6 | loss: 1.740
iter:  7 | loss: 1.486
iter:  8 | loss: 1.951
iter:  9 | loss: 1.922
iter: 10 | loss: 1.966
iter: 11 | loss: 2.009
iter: 12 | loss: 2.327
iter: 13 | loss: 1.822
iter: 14 | loss: 1.743
iter: 15 | loss: 1.746
iter: 16 | loss: 1.802
iter: 17 | loss: 2.125
iter: 18 | loss: 1.890
iter: 19 | loss: 2.083
iter: 20 | loss: 1.727
iter: 21 | loss: 1.965
iter: 22 | loss: 1.867
iter: 23 | loss: 1.755
iter: 24 | loss: 1.685
iter: 25 | loss: 2.178
iter: 26 | loss: 1.866
iter: 27 | loss: 1.697
iter: 28 | loss: 2.042
iter: 29 | loss: 2.452
iter: 30 | loss: 1.901
iter: 31 | loss: 1.816
iter: 32 | loss: 2.217
testing r= 5
rrse= 142.7439865743037 / 34.875950297872706
| end of epoch  17 | time:  2.30s | train_loss 1.9379 | valid rse 4.0929 | valid rae 4.1562 | valid corr  0.4155 | valid smape  0.2600 | focus_rrse 2.9637 | obj 3.3025
Experiment: 1
Iter: 0
epoch: 18
hp= [1, 0.0005, 16, 128, 256, 1024, 40, 0.1, 2, 30, 0.6, 0.1, 2, 18]
best sum= 7.708278438467138
best rrse= 4.020582738218853
best rrae= 4.1036546412311035
best corr= 0.41595894
best smape= 0.2592215942683768
best objective= 3.25951687774007
best hps= [1, 0.0005, 16, 128, 256, 1024, 40, 0.1, 2, 30, 0.6, 0.1, 2, 2]
best test rse= 1.2160426829839015
best test corr= 0.45243448
[Target-Weighted Loss] weights applied: {'us_Trade Weighted Dollar Index': 12.0, 'kr_fx': 12.0, 'jp_fx': 12.0}
iter:  0 | loss: 1.622
iter:  1 | loss: 2.027
iter:  2 | loss: 2.571
iter:  3 | loss: 2.485
iter:  4 | loss: 2.209
iter:  5 | loss: 1.731
iter:  6 | loss: 1.672
iter:  7 | loss: 2.182
iter:  8 | loss: 1.628
iter:  9 | loss: 2.080
iter: 10 | loss: 1.944
iter: 11 | loss: 1.636
iter: 12 | loss: 1.665
iter: 13 | loss: 1.751
iter: 14 | loss: 1.622
iter: 15 | loss: 1.570
iter: 16 | loss: 1.987
iter: 17 | loss: 2.271
iter: 18 | loss: 2.250
iter: 19 | loss: 2.171
iter: 20 | loss: 1.698
iter: 21 | loss: 1.832
iter: 22 | loss: 1.771
iter: 23 | loss: 1.870
iter: 24 | loss: 2.302
iter: 25 | loss: 1.891
iter: 26 | loss: 2.013
iter: 27 | loss: 1.959
iter: 28 | loss: 1.848
iter: 29 | loss: 1.521
iter: 30 | loss: 1.877
iter: 31 | loss: 2.374
iter: 32 | loss: 1.955
testing r= 5
rrse= 141.14496924704756 / 34.875950297872706
| end of epoch  18 | time:  2.45s | train_loss 1.9388 | valid rse 4.0471 | valid rae 4.1342 | valid corr  0.4097 | valid smape  0.2591 | focus_rrse 2.9741 | obj 3.2960
Experiment: 1
Iter: 0
epoch: 19
hp= [1, 0.0005, 16, 128, 256, 1024, 40, 0.1, 2, 30, 0.6, 0.1, 2, 19]
best sum= 7.708278438467138
best rrse= 4.020582738218853
best rrae= 4.1036546412311035
best corr= 0.41595894
best smape= 0.2592215942683768
best objective= 3.25951687774007
best hps= [1, 0.0005, 16, 128, 256, 1024, 40, 0.1, 2, 30, 0.6, 0.1, 2, 2]
best test rse= 1.2160426829839015
best test corr= 0.45243448
[Target-Weighted Loss] weights applied: {'us_Trade Weighted Dollar Index': 12.0, 'kr_fx': 12.0, 'jp_fx': 12.0}
iter:  0 | loss: 1.892
iter:  1 | loss: 1.708
iter:  2 | loss: 2.129
iter:  3 | loss: 1.868
iter:  4 | loss: 2.460
iter:  5 | loss: 1.773
iter:  6 | loss: 2.131
iter:  7 | loss: 1.258
iter:  8 | loss: 2.557
iter:  9 | loss: 1.618
iter: 10 | loss: 1.719
iter: 11 | loss: 1.775
iter: 12 | loss: 1.804
iter: 13 | loss: 1.557
iter: 14 | loss: 1.863
iter: 15 | loss: 1.778
iter: 16 | loss: 1.977
iter: 17 | loss: 2.071
iter: 18 | loss: 2.191
iter: 19 | loss: 2.010
iter: 20 | loss: 1.508
iter: 21 | loss: 1.625
iter: 22 | loss: 2.081
iter: 23 | loss: 2.339
iter: 24 | loss: 1.996
iter: 25 | loss: 1.883
iter: 26 | loss: 2.438
iter: 27 | loss: 1.820
iter: 28 | loss: 1.854
iter: 29 | loss: 1.946
iter: 30 | loss: 2.157
iter: 31 | loss: 2.102
iter: 32 | loss: 1.924
testing r= 5
rrse= 142.03080651745944 / 34.875950297872706
| end of epoch  19 | time:  2.39s | train_loss 1.9337 | valid rse 4.0725 | valid rae 4.1486 | valid corr  0.4159 | valid smape  0.2601 | focus_rrse 2.9629 | obj 3.2958
Experiment: 1
Iter: 0
epoch: 20
hp= [1, 0.0005, 16, 128, 256, 1024, 40, 0.1, 2, 30, 0.6, 0.1, 2, 20]
best sum= 7.708278438467138
best rrse= 4.020582738218853
best rrae= 4.1036546412311035
best corr= 0.41595894
best smape= 0.2592215942683768
best objective= 3.25951687774007
best hps= [1, 0.0005, 16, 128, 256, 1024, 40, 0.1, 2, 30, 0.6, 0.1, 2, 2]
best test rse= 1.2160426829839015
best test corr= 0.45243448
[Target-Weighted Loss] weights applied: {'us_Trade Weighted Dollar Index': 12.0, 'kr_fx': 12.0, 'jp_fx': 12.0}
iter:  0 | loss: 1.623
iter:  1 | loss: 1.455
iter:  2 | loss: 2.273
iter:  3 | loss: 1.801
iter:  4 | loss: 1.851
iter:  5 | loss: 1.955
iter:  6 | loss: 2.117
iter:  7 | loss: 1.786
iter:  8 | loss: 1.903
iter:  9 | loss: 1.631
iter: 10 | loss: 1.815
iter: 11 | loss: 2.226
iter: 12 | loss: 1.773
iter: 13 | loss: 2.018
iter: 14 | loss: 1.838
iter: 15 | loss: 2.570
iter: 16 | loss: 1.804
iter: 17 | loss: 1.931
iter: 18 | loss: 1.447
iter: 19 | loss: 2.123
iter: 20 | loss: 2.050
iter: 21 | loss: 2.270
iter: 22 | loss: 2.073
iter: 23 | loss: 1.732
iter: 24 | loss: 1.715
iter: 25 | loss: 1.934
iter: 26 | loss: 2.186
iter: 27 | loss: 1.677
iter: 28 | loss: 2.015
iter: 29 | loss: 2.268
iter: 30 | loss: 2.303
iter: 31 | loss: 2.240
iter: 32 | loss: 2.137
testing r= 5
rrse= 140.59489955631392 / 34.875950297872706
| end of epoch  20 | time:  2.26s | train_loss 1.9544 | valid rse 4.0313 | valid rae 4.1347 | valid corr  0.4117 | valid smape  0.2601 | focus_rrse 2.9567 | obj 3.2791
Experiment: 1
Iter: 0
epoch: 21
hp= [1, 0.0005, 16, 128, 256, 1024, 40, 0.1, 2, 30, 0.6, 0.1, 2, 21]
best sum= 7.708278438467138
best rrse= 4.020582738218853
best rrae= 4.1036546412311035
best corr= 0.41595894
best smape= 0.2592215942683768
best objective= 3.25951687774007
best hps= [1, 0.0005, 16, 128, 256, 1024, 40, 0.1, 2, 30, 0.6, 0.1, 2, 2]
best test rse= 1.2160426829839015
best test corr= 0.45243448
[Target-Weighted Loss] weights applied: {'us_Trade Weighted Dollar Index': 12.0, 'kr_fx': 12.0, 'jp_fx': 12.0}
iter:  0 | loss: 1.937
iter:  1 | loss: 2.298
iter:  2 | loss: 1.996
iter:  3 | loss: 1.525
iter:  4 | loss: 1.462
iter:  5 | loss: 1.926
iter:  6 | loss: 1.886
iter:  7 | loss: 1.676
iter:  8 | loss: 1.777
iter:  9 | loss: 2.113
iter: 10 | loss: 1.936
iter: 11 | loss: 1.907
iter: 12 | loss: 2.103
iter: 13 | loss: 2.351
iter: 14 | loss: 1.992
iter: 15 | loss: 1.936
iter: 16 | loss: 1.561
iter: 17 | loss: 2.094
iter: 18 | loss: 2.124
iter: 19 | loss: 2.483
iter: 20 | loss: 2.023
iter: 21 | loss: 2.109
iter: 22 | loss: 2.368
iter: 23 | loss: 2.242
iter: 24 | loss: 1.983
iter: 25 | loss: 1.859
iter: 26 | loss: 1.635
iter: 27 | loss: 2.389
iter: 28 | loss: 1.282
iter: 29 | loss: 1.985
iter: 30 | loss: 1.765
iter: 31 | loss: 1.856
iter: 32 | loss: 1.466
testing r= 5
rrse= 142.0724328357722 / 34.875950297872706
| end of epoch  21 | time:  2.37s | train_loss 1.9444 | valid rse 4.0737 | valid rae 4.1554 | valid corr  0.4119 | valid smape  0.2593 | focus_rrse 2.9575 | obj 3.2924
Experiment: 1
Iter: 0
epoch: 22
hp= [1, 0.0005, 16, 128, 256, 1024, 40, 0.1, 2, 30, 0.6, 0.1, 2, 22]
best sum= 7.708278438467138
best rrse= 4.020582738218853
best rrae= 4.1036546412311035
best corr= 0.41595894
best smape= 0.2592215942683768
best objective= 3.25951687774007
best hps= [1, 0.0005, 16, 128, 256, 1024, 40, 0.1, 2, 30, 0.6, 0.1, 2, 2]
best test rse= 1.2160426829839015
best test corr= 0.45243448
[Target-Weighted Loss] weights applied: {'us_Trade Weighted Dollar Index': 12.0, 'kr_fx': 12.0, 'jp_fx': 12.0}
iter:  0 | loss: 1.681
iter:  1 | loss: 1.801
iter:  2 | loss: 1.594
iter:  3 | loss: 1.902
iter:  4 | loss: 1.978
iter:  5 | loss: 1.996
iter:  6 | loss: 1.976
iter:  7 | loss: 2.017
iter:  8 | loss: 2.183
iter:  9 | loss: 1.942
iter: 10 | loss: 1.997
iter: 11 | loss: 2.021
iter: 12 | loss: 1.991
iter: 13 | loss: 1.782
iter: 14 | loss: 1.591
iter: 15 | loss: 2.121
iter: 16 | loss: 1.596
iter: 17 | loss: 2.782
iter: 18 | loss: 1.756
iter: 19 | loss: 1.619
iter: 20 | loss: 1.891
iter: 21 | loss: 1.450
iter: 22 | loss: 2.017
iter: 23 | loss: 1.974
iter: 24 | loss: 1.837
iter: 25 | loss: 1.809
iter: 26 | loss: 1.961
iter: 27 | loss: 2.357
iter: 28 | loss: 2.082
iter: 29 | loss: 2.324
iter: 30 | loss: 1.982
iter: 31 | loss: 1.894
iter: 32 | loss: 1.919
testing r= 5
rrse= 142.2842322057332 / 34.875950297872706
| end of epoch  22 | time:  2.49s | train_loss 1.9341 | valid rse 4.0797 | valid rae 4.1594 | valid corr  0.4151 | valid smape  0.2593 | focus_rrse 2.9863 | obj 3.3143
Experiment: 1
Iter: 0
epoch: 23
hp= [1, 0.0005, 16, 128, 256, 1024, 40, 0.1, 2, 30, 0.6, 0.1, 2, 23]
best sum= 7.708278438467138
best rrse= 4.020582738218853
best rrae= 4.1036546412311035
best corr= 0.41595894
best smape= 0.2592215942683768
best objective= 3.25951687774007
best hps= [1, 0.0005, 16, 128, 256, 1024, 40, 0.1, 2, 30, 0.6, 0.1, 2, 2]
best test rse= 1.2160426829839015
best test corr= 0.45243448
[Target-Weighted Loss] weights applied: {'us_Trade Weighted Dollar Index': 12.0, 'kr_fx': 12.0, 'jp_fx': 12.0}
iter:  0 | loss: 1.320
iter:  1 | loss: 2.052
iter:  2 | loss: 1.967
iter:  3 | loss: 1.975
iter:  4 | loss: 1.837
iter:  5 | loss: 1.877
iter:  6 | loss: 1.945
iter:  7 | loss: 1.764
iter:  8 | loss: 1.968
iter:  9 | loss: 2.205
iter: 10 | loss: 2.060
iter: 11 | loss: 2.102
iter: 12 | loss: 1.906
iter: 13 | loss: 1.660
iter: 14 | loss: 2.009
iter: 15 | loss: 2.257
iter: 16 | loss: 1.842
iter: 17 | loss: 2.069
iter: 18 | loss: 2.162
iter: 19 | loss: 2.216
iter: 20 | loss: 2.043
iter: 21 | loss: 1.878
iter: 22 | loss: 1.544
iter: 23 | loss: 2.199
iter: 24 | loss: 1.828
iter: 25 | loss: 1.863
iter: 26 | loss: 2.071
iter: 27 | loss: 1.922
iter: 28 | loss: 1.923
iter: 29 | loss: 2.568
iter: 30 | loss: 1.477
iter: 31 | loss: 1.606
iter: 32 | loss: 1.632
testing r= 5
rrse= 141.6106568200289 / 34.875950297872706
| end of epoch  23 | time:  2.14s | train_loss 1.9341 | valid rse 4.0604 | valid rae 4.1523 | valid corr  0.4108 | valid smape  0.2594 | focus_rrse 2.9673 | obj 3.2953
Experiment: 1
Iter: 0
epoch: 24
hp= [1, 0.0005, 16, 128, 256, 1024, 40, 0.1, 2, 30, 0.6, 0.1, 2, 24]
best sum= 7.708278438467138
best rrse= 4.020582738218853
best rrae= 4.1036546412311035
best corr= 0.41595894
best smape= 0.2592215942683768
best objective= 3.25951687774007
best hps= [1, 0.0005, 16, 128, 256, 1024, 40, 0.1, 2, 30, 0.6, 0.1, 2, 2]
best test rse= 1.2160426829839015
best test corr= 0.45243448
[Target-Weighted Loss] weights applied: {'us_Trade Weighted Dollar Index': 12.0, 'kr_fx': 12.0, 'jp_fx': 12.0}
iter:  0 | loss: 1.811
iter:  1 | loss: 1.914
iter:  2 | loss: 2.041
iter:  3 | loss: 2.193
iter:  4 | loss: 1.830
iter:  5 | loss: 2.058
iter:  6 | loss: 1.772
iter:  7 | loss: 1.941
iter:  8 | loss: 1.816
iter:  9 | loss: 2.371
iter: 10 | loss: 2.137
iter: 11 | loss: 2.033
iter: 12 | loss: 1.686
iter: 13 | loss: 1.690
iter: 14 | loss: 2.009
iter: 15 | loss: 1.977
iter: 16 | loss: 2.159
iter: 17 | loss: 2.327
iter: 18 | loss: 1.942
iter: 19 | loss: 1.564
iter: 20 | loss: 1.778
iter: 21 | loss: 2.027
iter: 22 | loss: 1.720
iter: 23 | loss: 1.672
iter: 24 | loss: 1.751
iter: 25 | loss: 2.588
iter: 26 | loss: 2.057
iter: 27 | loss: 1.786
iter: 28 | loss: 2.541
iter: 29 | loss: 1.592
iter: 30 | loss: 1.721
iter: 31 | loss: 2.124
iter: 32 | loss: 1.827
testing r= 5
rrse= 139.13201212113265 / 34.875950297872706
| end of epoch  24 | time:  2.14s | train_loss 1.9541 | valid rse 3.9893 | valid rae 4.0812 | valid corr  0.4141 | valid smape  0.2591 | focus_rrse 2.9266 | obj 3.2454
testing r= 5
rrse= 105.20490609104216 / 87.05324564957357
********************************************************************************************************
test rse 1.2085 | test rae 1.3462 | test corr 0.4505| test smape 0.2164 | test focus_rrse 1.2353
********************************************************************************************************
Experiment: 1
Iter: 0
epoch: 25
hp= [1, 0.0005, 16, 128, 256, 1024, 40, 0.1, 2, 30, 0.6, 0.1, 2, 25]
best sum= 7.656474547046164
best rrse= 3.989339671975021
best rrae= 4.081217521441077
best corr= 0.41408265
best smape= 0.25909636670525865
best objective= 3.2454070336954723
best hps= [1, 0.0005, 16, 128, 256, 1024, 40, 0.1, 2, 30, 0.6, 0.1, 2, 24]
best test rse= 1.208512161792758
best test corr= 0.45049796
[Target-Weighted Loss] weights applied: {'us_Trade Weighted Dollar Index': 12.0, 'kr_fx': 12.0, 'jp_fx': 12.0}
iter:  0 | loss: 1.694
iter:  1 | loss: 1.959
iter:  2 | loss: 1.572
iter:  3 | loss: 1.633
iter:  4 | loss: 2.047
iter:  5 | loss: 2.574
iter:  6 | loss: 1.913
iter:  7 | loss: 2.009
iter:  8 | loss: 1.804
iter:  9 | loss: 1.626
iter: 10 | loss: 1.877
iter: 11 | loss: 1.677
iter: 12 | loss: 1.713
iter: 13 | loss: 2.087
iter: 14 | loss: 2.068
iter: 15 | loss: 1.964
iter: 16 | loss: 2.212
iter: 17 | loss: 2.126
iter: 18 | loss: 2.053
iter: 19 | loss: 1.681
iter: 20 | loss: 2.274
iter: 21 | loss: 1.197
iter: 22 | loss: 1.927
iter: 23 | loss: 2.454
iter: 24 | loss: 2.215
iter: 25 | loss: 2.246
iter: 26 | loss: 2.248
iter: 27 | loss: 1.650
iter: 28 | loss: 2.129
iter: 29 | loss: 2.099
iter: 30 | loss: 1.773
iter: 31 | loss: 1.613
iter: 32 | loss: 1.893
testing r= 5
rrse= 142.40532765226868 / 34.875950297872706
| end of epoch  25 | time:  2.10s | train_loss 1.9400 | valid rse 4.0832 | valid rae 4.1452 | valid corr  0.4161 | valid smape  0.2597 | focus_rrse 2.9560 | obj 3.2942
Experiment: 1
Iter: 0
epoch: 26
hp= [1, 0.0005, 16, 128, 256, 1024, 40, 0.1, 2, 30, 0.6, 0.1, 2, 26]
best sum= 7.656474547046164
best rrse= 3.989339671975021
best rrae= 4.081217521441077
best corr= 0.41408265
best smape= 0.25909636670525865
best objective= 3.2454070336954723
best hps= [1, 0.0005, 16, 128, 256, 1024, 40, 0.1, 2, 30, 0.6, 0.1, 2, 24]
best test rse= 1.208512161792758
best test corr= 0.45049796
[Target-Weighted Loss] weights applied: {'us_Trade Weighted Dollar Index': 12.0, 'kr_fx': 12.0, 'jp_fx': 12.0}
iter:  0 | loss: 2.073
iter:  1 | loss: 1.722
iter:  2 | loss: 2.328
iter:  3 | loss: 1.844
iter:  4 | loss: 1.799
iter:  5 | loss: 2.158
iter:  6 | loss: 1.902
iter:  7 | loss: 1.733
iter:  8 | loss: 2.138
iter:  9 | loss: 2.092
iter: 10 | loss: 1.663
iter: 11 | loss: 2.029
iter: 12 | loss: 1.942
iter: 13 | loss: 2.194
iter: 14 | loss: 1.873
iter: 15 | loss: 2.108
iter: 16 | loss: 1.977
iter: 17 | loss: 1.871
iter: 18 | loss: 1.468
iter: 19 | loss: 1.891
iter: 20 | loss: 1.671
iter: 21 | loss: 2.237
iter: 22 | loss: 1.914
iter: 23 | loss: 1.703
iter: 24 | loss: 2.220
iter: 25 | loss: 2.202
iter: 26 | loss: 1.531
iter: 27 | loss: 1.623
iter: 28 | loss: 1.908
iter: 29 | loss: 2.243
iter: 30 | loss: 2.128
iter: 31 | loss: 2.033
iter: 32 | loss: 1.869
testing r= 5
rrse= 142.12854547028897 / 34.875950297872706
| end of epoch  26 | time:  2.14s | train_loss 1.9426 | valid rse 4.0753 | valid rae 4.1606 | valid corr  0.4159 | valid smape  0.2598 | focus_rrse 2.9537 | obj 3.2901
Experiment: 1
Iter: 0
epoch: 27
hp= [1, 0.0005, 16, 128, 256, 1024, 40, 0.1, 2, 30, 0.6, 0.1, 2, 27]
best sum= 7.656474547046164
best rrse= 3.989339671975021
best rrae= 4.081217521441077
best corr= 0.41408265
best smape= 0.25909636670525865
best objective= 3.2454070336954723
best hps= [1, 0.0005, 16, 128, 256, 1024, 40, 0.1, 2, 30, 0.6, 0.1, 2, 24]
best test rse= 1.208512161792758
best test corr= 0.45049796
[Target-Weighted Loss] weights applied: {'us_Trade Weighted Dollar Index': 12.0, 'kr_fx': 12.0, 'jp_fx': 12.0}
iter:  0 | loss: 2.274
iter:  1 | loss: 1.935
iter:  2 | loss: 1.514
iter:  3 | loss: 1.856
iter:  4 | loss: 2.381
iter:  5 | loss: 1.918
iter:  6 | loss: 1.589
iter:  7 | loss: 1.690
iter:  8 | loss: 2.473
iter:  9 | loss: 1.674
iter: 10 | loss: 1.642
iter: 11 | loss: 1.659
iter: 12 | loss: 1.667
iter: 13 | loss: 2.014
iter: 14 | loss: 2.515
iter: 15 | loss: 1.897
iter: 16 | loss: 2.093
iter: 17 | loss: 1.951
iter: 18 | loss: 2.114
iter: 19 | loss: 1.683
iter: 20 | loss: 1.828
iter: 21 | loss: 1.473
iter: 22 | loss: 1.628
iter: 23 | loss: 2.068
iter: 24 | loss: 2.186
iter: 25 | loss: 2.221
iter: 26 | loss: 2.003
iter: 27 | loss: 1.958
iter: 28 | loss: 1.999
iter: 29 | loss: 1.946
iter: 30 | loss: 2.192
iter: 31 | loss: 1.571
iter: 32 | loss: 1.685
testing r= 5
rrse= 141.2193827436588 / 34.875950297872706
| end of epoch  27 | time:  2.06s | train_loss 1.9199 | valid rse 4.0492 | valid rae 4.1393 | valid corr  0.4149 | valid smape  0.2605 | focus_rrse 2.9566 | obj 3.2844
Experiment: 1
Iter: 0
epoch: 28
hp= [1, 0.0005, 16, 128, 256, 1024, 40, 0.1, 2, 30, 0.6, 0.1, 2, 28]
best sum= 7.656474547046164
best rrse= 3.989339671975021
best rrae= 4.081217521441077
best corr= 0.41408265
best smape= 0.25909636670525865
best objective= 3.2454070336954723
best hps= [1, 0.0005, 16, 128, 256, 1024, 40, 0.1, 2, 30, 0.6, 0.1, 2, 24]
best test rse= 1.208512161792758
best test corr= 0.45049796
[Target-Weighted Loss] weights applied: {'us_Trade Weighted Dollar Index': 12.0, 'kr_fx': 12.0, 'jp_fx': 12.0}
iter:  0 | loss: 1.377
iter:  1 | loss: 1.543
iter:  2 | loss: 2.104
iter:  3 | loss: 1.796
iter:  4 | loss: 1.932
iter:  5 | loss: 1.873
iter:  6 | loss: 2.123
iter:  7 | loss: 2.089
iter:  8 | loss: 2.367
iter:  9 | loss: 2.062
iter: 10 | loss: 1.724
iter: 11 | loss: 1.391
iter: 12 | loss: 2.119
iter: 13 | loss: 1.814
iter: 14 | loss: 1.855
iter: 15 | loss: 2.480
iter: 16 | loss: 1.710
iter: 17 | loss: 1.852
iter: 18 | loss: 1.739
iter: 19 | loss: 1.977
iter: 20 | loss: 2.149
iter: 21 | loss: 1.905
iter: 22 | loss: 2.265
iter: 23 | loss: 1.684
iter: 24 | loss: 2.005
iter: 25 | loss: 1.692
iter: 26 | loss: 2.233
iter: 27 | loss: 1.815
iter: 28 | loss: 1.663
iter: 29 | loss: 1.810
iter: 30 | loss: 2.644
iter: 31 | loss: 2.032
iter: 32 | loss: 2.154
testing r= 5
rrse= 140.72637318347617 / 34.875950297872706
| end of epoch  28 | time:  2.21s | train_loss 1.9371 | valid rse 4.0351 | valid rae 4.1307 | valid corr  0.4088 | valid smape  0.2593 | focus_rrse 2.9566 | obj 3.2801
Experiment: 1
Iter: 0
epoch: 29
hp= [1, 0.0005, 16, 128, 256, 1024, 40, 0.1, 2, 30, 0.6, 0.1, 2, 29]
best sum= 7.656474547046164
best rrse= 3.989339671975021
best rrae= 4.081217521441077
best corr= 0.41408265
best smape= 0.25909636670525865
best objective= 3.2454070336954723
best hps= [1, 0.0005, 16, 128, 256, 1024, 40, 0.1, 2, 30, 0.6, 0.1, 2, 24]
best test rse= 1.208512161792758
best test corr= 0.45049796
[Target-Weighted Loss] weights applied: {'us_Trade Weighted Dollar Index': 12.0, 'kr_fx': 12.0, 'jp_fx': 12.0}
iter:  0 | loss: 1.922
iter:  1 | loss: 1.509
iter:  2 | loss: 2.064
iter:  3 | loss: 2.180
iter:  4 | loss: 2.268
iter:  5 | loss: 2.212
iter:  6 | loss: 1.721
iter:  7 | loss: 1.680
iter:  8 | loss: 2.191
iter:  9 | loss: 2.098
iter: 10 | loss: 1.762
iter: 11 | loss: 1.752
iter: 12 | loss: 2.252
iter: 13 | loss: 1.921
iter: 14 | loss: 1.777
iter: 15 | loss: 2.052
iter: 16 | loss: 1.757
iter: 17 | loss: 1.864
iter: 18 | loss: 2.150
iter: 19 | loss: 1.474
iter: 20 | loss: 1.494
iter: 21 | loss: 1.999
iter: 22 | loss: 1.840
iter: 23 | loss: 1.944
iter: 24 | loss: 1.999
iter: 25 | loss: 1.847
iter: 26 | loss: 2.002
iter: 27 | loss: 2.242
iter: 28 | loss: 1.847
iter: 29 | loss: 2.029
iter: 30 | loss: 2.080
iter: 31 | loss: 2.051
iter: 32 | loss: 1.959
testing r= 5
rrse= 142.02939011433514 / 34.875950297872706
| end of epoch  29 | time:  2.05s | train_loss 1.9373 | valid rse 4.0724 | valid rae 4.1536 | valid corr  0.4096 | valid smape  0.2592 | focus_rrse 2.9775 | obj 3.3060
Experiment: 1
Iter: 0
epoch: 30
hp= [1, 0.0005, 16, 128, 256, 1024, 40, 0.1, 2, 30, 0.6, 0.1, 2, 30]
best sum= 7.656474547046164
best rrse= 3.989339671975021
best rrae= 4.081217521441077
best corr= 0.41408265
best smape= 0.25909636670525865
best objective= 3.2454070336954723
best hps= [1, 0.0005, 16, 128, 256, 1024, 40, 0.1, 2, 30, 0.6, 0.1, 2, 24]
best test rse= 1.208512161792758
best test corr= 0.45049796
[Target-Weighted Loss] weights applied: {'us_Trade Weighted Dollar Index': 12.0, 'kr_fx': 12.0, 'jp_fx': 12.0}
iter:  0 | loss: 1.668
iter:  1 | loss: 2.172
iter:  2 | loss: 2.005
iter:  3 | loss: 2.260
iter:  4 | loss: 1.472
iter:  5 | loss: 2.171
iter:  6 | loss: 1.884
iter:  7 | loss: 1.732
iter:  8 | loss: 2.156
iter:  9 | loss: 1.880
iter: 10 | loss: 1.793
iter: 11 | loss: 1.689
iter: 12 | loss: 2.212
iter: 13 | loss: 2.189
iter: 14 | loss: 2.032
iter: 15 | loss: 1.648
iter: 16 | loss: 2.691
iter: 17 | loss: 1.889
iter: 18 | loss: 1.871
iter: 19 | loss: 1.866
iter: 20 | loss: 1.687
iter: 21 | loss: 2.078
iter: 22 | loss: 1.864
iter: 23 | loss: 1.920
iter: 24 | loss: 1.948
iter: 25 | loss: 1.540
iter: 26 | loss: 2.008
iter: 27 | loss: 1.707
iter: 28 | loss: 1.607
iter: 29 | loss: 2.034
iter: 30 | loss: 2.047
iter: 31 | loss: 1.872
iter: 32 | loss: 1.951
testing r= 5
rrse= 141.02172511044176 / 34.875950297872706
| end of epoch  30 | time:  2.01s | train_loss 1.9254 | valid rse 4.0435 | valid rae 4.1240 | valid corr  0.4118 | valid smape  0.2589 | focus_rrse 2.9434 | obj 3.2734
Experiment: 1
Iter: 0
epoch: 31
hp= [1, 0.0005, 16, 128, 256, 1024, 40, 0.1, 2, 30, 0.6, 0.1, 2, 31]
best sum= 7.656474547046164
best rrse= 3.989339671975021
best rrae= 4.081217521441077
best corr= 0.41408265
best smape= 0.25909636670525865
best objective= 3.2454070336954723
best hps= [1, 0.0005, 16, 128, 256, 1024, 40, 0.1, 2, 30, 0.6, 0.1, 2, 24]
best test rse= 1.208512161792758
best test corr= 0.45049796
[Target-Weighted Loss] weights applied: {'us_Trade Weighted Dollar Index': 12.0, 'kr_fx': 12.0, 'jp_fx': 12.0}
iter:  0 | loss: 2.157
iter:  1 | loss: 1.808
iter:  2 | loss: 1.813
iter:  3 | loss: 2.160
iter:  4 | loss: 2.463
iter:  5 | loss: 2.300
iter:  6 | loss: 1.817
iter:  7 | loss: 1.534
iter:  8 | loss: 2.455
iter:  9 | loss: 1.793
iter: 10 | loss: 2.404
iter: 11 | loss: 1.641
iter: 12 | loss: 1.257
iter: 13 | loss: 2.147
iter: 14 | loss: 1.939
iter: 15 | loss: 1.996
iter: 16 | loss: 2.126
iter: 17 | loss: 1.465
iter: 18 | loss: 1.875
iter: 19 | loss: 2.235
iter: 20 | loss: 2.596
iter: 21 | loss: 2.093
iter: 22 | loss: 2.460
iter: 23 | loss: 1.774
iter: 24 | loss: 1.990
iter: 25 | loss: 1.610
iter: 26 | loss: 1.609
iter: 27 | loss: 1.655
iter: 28 | loss: 1.790
iter: 29 | loss: 1.946
iter: 30 | loss: 2.029
iter: 31 | loss: 1.869
iter: 32 | loss: 1.888
testing r= 5
rrse= 141.31903042186144 / 34.875950297872706
| end of epoch  31 | time:  2.15s | train_loss 1.9610 | valid rse 4.0520 | valid rae 4.1429 | valid corr  0.4165 | valid smape  0.2596 | focus_rrse 2.9508 | obj 3.2812
Experiment: 1
Iter: 0
epoch: 32
hp= [1, 0.0005, 16, 128, 256, 1024, 40, 0.1, 2, 30, 0.6, 0.1, 2, 32]
best sum= 7.656474547046164
best rrse= 3.989339671975021
best rrae= 4.081217521441077
best corr= 0.41408265
best smape= 0.25909636670525865
best objective= 3.2454070336954723
best hps= [1, 0.0005, 16, 128, 256, 1024, 40, 0.1, 2, 30, 0.6, 0.1, 2, 24]
best test rse= 1.208512161792758
best test corr= 0.45049796
[Target-Weighted Loss] weights applied: {'us_Trade Weighted Dollar Index': 12.0, 'kr_fx': 12.0, 'jp_fx': 12.0}
iter:  0 | loss: 2.073
iter:  1 | loss: 1.931
iter:  2 | loss: 1.675
iter:  3 | loss: 1.880
iter:  4 | loss: 1.793
iter:  5 | loss: 2.527
iter:  6 | loss: 2.627
iter:  7 | loss: 1.932
iter:  8 | loss: 2.031
iter:  9 | loss: 1.884
iter: 10 | loss: 1.548
iter: 11 | loss: 1.649
iter: 12 | loss: 1.890
iter: 13 | loss: 1.887
iter: 14 | loss: 1.777
iter: 15 | loss: 1.961
iter: 16 | loss: 2.073
iter: 17 | loss: 1.928
iter: 18 | loss: 2.129
iter: 19 | loss: 1.898
iter: 20 | loss: 1.969
iter: 21 | loss: 1.783
iter: 22 | loss: 2.250
iter: 23 | loss: 1.902
iter: 24 | loss: 1.537
iter: 25 | loss: 1.518
iter: 26 | loss: 2.047
iter: 27 | loss: 2.212
iter: 28 | loss: 2.239
iter: 29 | loss: 1.928
iter: 30 | loss: 1.647
iter: 31 | loss: 1.877
iter: 32 | loss: 2.051
testing r= 5
rrse= 140.50620676904276 / 34.875950297872706
| end of epoch  32 | time:  2.10s | train_loss 1.9402 | valid rse 4.0287 | valid rae 4.1108 | valid corr  0.4113 | valid smape  0.2604 | focus_rrse 2.9340 | obj 3.2624
Experiment: 1
Iter: 0
epoch: 33
hp= [1, 0.0005, 16, 128, 256, 1024, 40, 0.1, 2, 30, 0.6, 0.1, 2, 33]
best sum= 7.656474547046164
best rrse= 3.989339671975021
best rrae= 4.081217521441077
best corr= 0.41408265
best smape= 0.25909636670525865
best objective= 3.2454070336954723
best hps= [1, 0.0005, 16, 128, 256, 1024, 40, 0.1, 2, 30, 0.6, 0.1, 2, 24]
best test rse= 1.208512161792758
best test corr= 0.45049796
[Target-Weighted Loss] weights applied: {'us_Trade Weighted Dollar Index': 12.0, 'kr_fx': 12.0, 'jp_fx': 12.0}
iter:  0 | loss: 1.863
iter:  1 | loss: 2.073
iter:  2 | loss: 1.626
iter:  3 | loss: 2.366
iter:  4 | loss: 2.178
iter:  5 | loss: 1.933
iter:  6 | loss: 1.644
iter:  7 | loss: 1.800
iter:  8 | loss: 1.664
iter:  9 | loss: 2.027
iter: 10 | loss: 1.959
iter: 11 | loss: 1.946
iter: 12 | loss: 1.816
iter: 13 | loss: 2.245
iter: 14 | loss: 1.830
iter: 15 | loss: 1.778
iter: 16 | loss: 1.533
iter: 17 | loss: 2.109
iter: 18 | loss: 1.818
iter: 19 | loss: 2.089
iter: 20 | loss: 2.018
iter: 21 | loss: 2.088
iter: 22 | loss: 1.927
iter: 23 | loss: 1.889
iter: 24 | loss: 1.928
iter: 25 | loss: 1.686
iter: 26 | loss: 1.998
iter: 27 | loss: 1.500
iter: 28 | loss: 2.498
iter: 29 | loss: 1.793
iter: 30 | loss: 1.904
iter: 31 | loss: 2.035
iter: 32 | loss: 1.862
testing r= 5
rrse= 142.13498343344259 / 34.875950297872706
| end of epoch  33 | time:  1.96s | train_loss 1.9222 | valid rse 4.0754 | valid rae 4.1471 | valid corr  0.4156 | valid smape  0.2592 | focus_rrse 2.9602 | obj 3.2948
Experiment: 1
Iter: 0
epoch: 34
hp= [1, 0.0005, 16, 128, 256, 1024, 40, 0.1, 2, 30, 0.6, 0.1, 2, 34]
best sum= 7.656474547046164
best rrse= 3.989339671975021
best rrae= 4.081217521441077
best corr= 0.41408265
best smape= 0.25909636670525865
best objective= 3.2454070336954723
best hps= [1, 0.0005, 16, 128, 256, 1024, 40, 0.1, 2, 30, 0.6, 0.1, 2, 24]
best test rse= 1.208512161792758
best test corr= 0.45049796
[Target-Weighted Loss] weights applied: {'us_Trade Weighted Dollar Index': 12.0, 'kr_fx': 12.0, 'jp_fx': 12.0}
iter:  0 | loss: 2.041
iter:  1 | loss: 1.730
iter:  2 | loss: 2.172
iter:  3 | loss: 1.618
iter:  4 | loss: 1.374
iter:  5 | loss: 1.923
iter:  6 | loss: 1.498
iter:  7 | loss: 1.780
iter:  8 | loss: 1.614
iter:  9 | loss: 2.111
iter: 10 | loss: 1.759
iter: 11 | loss: 2.065
iter: 12 | loss: 1.791
iter: 13 | loss: 1.963
iter: 14 | loss: 1.558
iter: 15 | loss: 2.281
iter: 16 | loss: 1.936
iter: 17 | loss: 2.314
iter: 18 | loss: 1.722
iter: 19 | loss: 2.317
iter: 20 | loss: 1.835
iter: 21 | loss: 1.981
iter: 22 | loss: 1.897
iter: 23 | loss: 2.060
iter: 24 | loss: 1.899
iter: 25 | loss: 1.904
iter: 26 | loss: 2.428
iter: 27 | loss: 2.021
iter: 28 | loss: 1.996
iter: 29 | loss: 1.812
iter: 30 | loss: 1.799
iter: 31 | loss: 2.025
iter: 32 | loss: 1.978
testing r= 5
rrse= 141.79556559312778 / 34.875950297872706
| end of epoch  34 | time:  1.94s | train_loss 1.9147 | valid rse 4.0657 | valid rae 4.1407 | valid corr  0.4127 | valid smape  0.2597 | focus_rrse 2.9605 | obj 3.2921
Experiment: 1
Iter: 0
epoch: 35
hp= [1, 0.0005, 16, 128, 256, 1024, 40, 0.1, 2, 30, 0.6, 0.1, 2, 35]
best sum= 7.656474547046164
best rrse= 3.989339671975021
best rrae= 4.081217521441077
best corr= 0.41408265
best smape= 0.25909636670525865
best objective= 3.2454070336954723
best hps= [1, 0.0005, 16, 128, 256, 1024, 40, 0.1, 2, 30, 0.6, 0.1, 2, 24]
best test rse= 1.208512161792758
best test corr= 0.45049796
[Target-Weighted Loss] weights applied: {'us_Trade Weighted Dollar Index': 12.0, 'kr_fx': 12.0, 'jp_fx': 12.0}
iter:  0 | loss: 2.145
iter:  1 | loss: 1.655
iter:  2 | loss: 1.961
iter:  3 | loss: 1.953
iter:  4 | loss: 1.908
iter:  5 | loss: 2.280
iter:  6 | loss: 2.042
iter:  7 | loss: 1.536
iter:  8 | loss: 1.815
iter:  9 | loss: 2.183
iter: 10 | loss: 1.201
iter: 11 | loss: 2.358
iter: 12 | loss: 1.547
iter: 13 | loss: 1.883
iter: 14 | loss: 1.931
iter: 15 | loss: 1.834
iter: 16 | loss: 1.964
iter: 17 | loss: 1.934
iter: 18 | loss: 1.964
iter: 19 | loss: 1.765
iter: 20 | loss: 2.585
iter: 21 | loss: 2.023
iter: 22 | loss: 1.650
iter: 23 | loss: 1.952
iter: 24 | loss: 1.968
iter: 25 | loss: 3.001
iter: 26 | loss: 1.877
iter: 27 | loss: 1.796
iter: 28 | loss: 2.278
iter: 29 | loss: 2.230
iter: 30 | loss: 1.321
iter: 31 | loss: 1.728
iter: 32 | loss: 1.964
testing r= 5
rrse= 142.4152708630644 / 34.875950297872706
| end of epoch  35 | time:  2.01s | train_loss 1.9463 | valid rse 4.0835 | valid rae 4.1583 | valid corr  0.4125 | valid smape  0.2595 | focus_rrse 2.9598 | obj 3.2969
Experiment: 1
Iter: 0
epoch: 36
hp= [1, 0.0005, 16, 128, 256, 1024, 40, 0.1, 2, 30, 0.6, 0.1, 2, 36]
best sum= 7.656474547046164
best rrse= 3.989339671975021
best rrae= 4.081217521441077
best corr= 0.41408265
best smape= 0.25909636670525865
best objective= 3.2454070336954723
best hps= [1, 0.0005, 16, 128, 256, 1024, 40, 0.1, 2, 30, 0.6, 0.1, 2, 24]
best test rse= 1.208512161792758
best test corr= 0.45049796
[Target-Weighted Loss] weights applied: {'us_Trade Weighted Dollar Index': 12.0, 'kr_fx': 12.0, 'jp_fx': 12.0}
iter:  0 | loss: 1.814
iter:  1 | loss: 1.598
iter:  2 | loss: 1.978
iter:  3 | loss: 1.579
iter:  4 | loss: 1.337
iter:  5 | loss: 1.674
iter:  6 | loss: 2.092
iter:  7 | loss: 1.876
iter:  8 | loss: 1.973
iter:  9 | loss: 1.539
iter: 10 | loss: 2.177
iter: 11 | loss: 1.928
iter: 12 | loss: 2.119
iter: 13 | loss: 2.028
iter: 14 | loss: 2.153
iter: 15 | loss: 1.811
iter: 16 | loss: 2.277
iter: 17 | loss: 1.844
iter: 18 | loss: 1.948
iter: 19 | loss: 1.850
iter: 20 | loss: 2.047
iter: 21 | loss: 1.902
iter: 22 | loss: 2.023
iter: 23 | loss: 1.865
iter: 24 | loss: 1.747
iter: 25 | loss: 1.890
iter: 26 | loss: 2.613
iter: 27 | loss: 1.845
iter: 28 | loss: 2.369
iter: 29 | loss: 1.665
iter: 30 | loss: 1.863
iter: 31 | loss: 1.957
iter: 32 | loss: 2.409
testing r= 5
rrse= 140.62161107027612 / 34.875950297872706
| end of epoch  36 | time:  2.11s | train_loss 1.9294 | valid rse 4.0321 | valid rae 4.1130 | valid corr  0.4110 | valid smape  0.2590 | focus_rrse 2.9440 | obj 3.2704
Experiment: 1
Iter: 0
epoch: 37
hp= [1, 0.0005, 16, 128, 256, 1024, 40, 0.1, 2, 30, 0.6, 0.1, 2, 37]
best sum= 7.656474547046164
best rrse= 3.989339671975021
best rrae= 4.081217521441077
best corr= 0.41408265
best smape= 0.25909636670525865
best objective= 3.2454070336954723
best hps= [1, 0.0005, 16, 128, 256, 1024, 40, 0.1, 2, 30, 0.6, 0.1, 2, 24]
best test rse= 1.208512161792758
best test corr= 0.45049796
[Target-Weighted Loss] weights applied: {'us_Trade Weighted Dollar Index': 12.0, 'kr_fx': 12.0, 'jp_fx': 12.0}
iter:  0 | loss: 1.560
iter:  1 | loss: 2.136
iter:  2 | loss: 2.239
iter:  3 | loss: 2.226
iter:  4 | loss: 1.940
iter:  5 | loss: 1.954
iter:  6 | loss: 2.341
iter:  7 | loss: 1.336
iter:  8 | loss: 1.612
iter:  9 | loss: 2.087
iter: 10 | loss: 1.929
iter: 11 | loss: 1.406
iter: 12 | loss: 1.719
iter: 13 | loss: 1.985
iter: 14 | loss: 2.057
iter: 15 | loss: 2.299
iter: 16 | loss: 1.885
iter: 17 | loss: 2.058
iter: 18 | loss: 2.000
iter: 19 | loss: 1.781
iter: 20 | loss: 2.279
iter: 21 | loss: 1.965
iter: 22 | loss: 2.247
iter: 23 | loss: 1.570
iter: 24 | loss: 1.791
iter: 25 | loss: 1.981
iter: 26 | loss: 1.750
iter: 27 | loss: 2.280
iter: 28 | loss: 2.096
iter: 29 | loss: 2.132
iter: 30 | loss: 2.004
iter: 31 | loss: 1.826
iter: 32 | loss: 1.642
testing r= 5
rrse= 141.24414396046654 / 34.875950297872706
| end of epoch  37 | time:  2.17s | train_loss 1.9452 | valid rse 4.0499 | valid rae 4.1323 | valid corr  0.4085 | valid smape  0.2596 | focus_rrse 2.9458 | obj 3.2771
Experiment: 1
Iter: 0
epoch: 38
hp= [1, 0.0005, 16, 128, 256, 1024, 40, 0.1, 2, 30, 0.6, 0.1, 2, 38]
best sum= 7.656474547046164
best rrse= 3.989339671975021
best rrae= 4.081217521441077
best corr= 0.41408265
best smape= 0.25909636670525865
best objective= 3.2454070336954723
best hps= [1, 0.0005, 16, 128, 256, 1024, 40, 0.1, 2, 30, 0.6, 0.1, 2, 24]
best test rse= 1.208512161792758
best test corr= 0.45049796
[Target-Weighted Loss] weights applied: {'us_Trade Weighted Dollar Index': 12.0, 'kr_fx': 12.0, 'jp_fx': 12.0}
iter:  0 | loss: 1.792
iter:  1 | loss: 1.857
iter:  2 | loss: 1.800
iter:  3 | loss: 2.048
iter:  4 | loss: 1.855
iter:  5 | loss: 1.791
iter:  6 | loss: 1.654
iter:  7 | loss: 1.984
iter:  8 | loss: 1.679
iter:  9 | loss: 1.969
iter: 10 | loss: 2.009
iter: 11 | loss: 2.382
iter: 12 | loss: 2.064
iter: 13 | loss: 2.193
iter: 14 | loss: 1.587
iter: 15 | loss: 2.315
iter: 16 | loss: 2.055
iter: 17 | loss: 1.990
iter: 18 | loss: 2.147
iter: 19 | loss: 1.835
iter: 20 | loss: 1.594
iter: 21 | loss: 1.684
iter: 22 | loss: 1.658
iter: 23 | loss: 2.289
iter: 24 | loss: 1.754
iter: 25 | loss: 2.123
iter: 26 | loss: 1.605
iter: 27 | loss: 2.114
iter: 28 | loss: 1.825
iter: 29 | loss: 2.079
iter: 30 | loss: 2.233
iter: 31 | loss: 1.661
iter: 32 | loss: 1.814
testing r= 5
rrse= 138.99495550648592 / 34.875950297872706
| end of epoch  38 | time:  2.48s | train_loss 1.9232 | valid rse 3.9854 | valid rae 4.0845 | valid corr  0.4158 | valid smape  0.2596 | focus_rrse 2.9276 | obj 3.2450
testing r= 5
rrse= 105.38989644855668 / 87.05324564957357
********************************************************************************************************
test rse 1.2106 | test rae 1.3519 | test corr 0.4490| test smape 0.2166 | test focus_rrse 1.2312
********************************************************************************************************
Experiment: 1
Iter: 0
epoch: 39
hp= [1, 0.0005, 16, 128, 256, 1024, 40, 0.1, 2, 30, 0.6, 0.1, 2, 39]
best sum= 7.654200695156396
best rrse= 3.985409840286533
best rrae= 4.084548391757985
best corr= 0.41575754
best smape= 0.25959241859848475
best objective= 3.2449654174866556
best hps= [1, 0.0005, 16, 128, 256, 1024, 40, 0.1, 2, 30, 0.6, 0.1, 2, 38]
best test rse= 1.2106371871853687
best test corr= 0.44903356
[Target-Weighted Loss] weights applied: {'us_Trade Weighted Dollar Index': 12.0, 'kr_fx': 12.0, 'jp_fx': 12.0}
iter:  0 | loss: 1.726
iter:  1 | loss: 1.739
iter:  2 | loss: 1.442
iter:  3 | loss: 1.744
iter:  4 | loss: 1.618
iter:  5 | loss: 2.138
iter:  6 | loss: 1.570
iter:  7 | loss: 1.901
iter:  8 | loss: 1.914
iter:  9 | loss: 2.149
iter: 10 | loss: 2.018
iter: 11 | loss: 1.824
iter: 12 | loss: 2.102
iter: 13 | loss: 2.202
iter: 14 | loss: 2.255
iter: 15 | loss: 1.758
iter: 16 | loss: 1.836
iter: 17 | loss: 1.965
iter: 18 | loss: 2.532
iter: 19 | loss: 2.372
iter: 20 | loss: 2.005
iter: 21 | loss: 1.928
iter: 22 | loss: 1.634
iter: 23 | loss: 1.427
iter: 24 | loss: 1.915
iter: 25 | loss: 1.496
iter: 26 | loss: 2.167
iter: 27 | loss: 2.273
iter: 28 | loss: 1.881
iter: 29 | loss: 2.116
iter: 30 | loss: 1.840
iter: 31 | loss: 1.782
iter: 32 | loss: 2.275
testing r= 5
rrse= 142.62821123685524 / 34.875950297872706
| end of epoch  39 | time:  2.08s | train_loss 1.9229 | valid rse 4.0896 | valid rae 4.1552 | valid corr  0.4135 | valid smape  0.2596 | focus_rrse 2.9672 | obj 3.3039
Experiment: 1
Iter: 0
epoch: 40
hp= [1, 0.0005, 16, 128, 256, 1024, 40, 0.1, 2, 30, 0.6, 0.1, 2, 40]
best sum= 7.654200695156396
best rrse= 3.985409840286533
best rrae= 4.084548391757985
best corr= 0.41575754
best smape= 0.25959241859848475
best objective= 3.2449654174866556
best hps= [1, 0.0005, 16, 128, 256, 1024, 40, 0.1, 2, 30, 0.6, 0.1, 2, 38]
best test rse= 1.2106371871853687
best test corr= 0.44903356
[Target-Weighted Loss] weights applied: {'us_Trade Weighted Dollar Index': 12.0, 'kr_fx': 12.0, 'jp_fx': 12.0}
iter:  0 | loss: 2.086
iter:  1 | loss: 1.959
iter:  2 | loss: 2.315
iter:  3 | loss: 1.759
iter:  4 | loss: 1.624
iter:  5 | loss: 2.617
iter:  6 | loss: 1.868
iter:  7 | loss: 2.173
iter:  8 | loss: 2.416
iter:  9 | loss: 1.609
iter: 10 | loss: 1.997
iter: 11 | loss: 2.066
iter: 12 | loss: 1.883
iter: 13 | loss: 2.228
iter: 14 | loss: 1.507
iter: 15 | loss: 1.906
iter: 16 | loss: 1.670
iter: 17 | loss: 1.704
iter: 18 | loss: 2.061
iter: 19 | loss: 1.838
iter: 20 | loss: 2.170
iter: 21 | loss: 1.796
iter: 22 | loss: 1.870
iter: 23 | loss: 1.964
iter: 24 | loss: 1.938
iter: 25 | loss: 1.797
iter: 26 | loss: 1.858
iter: 27 | loss: 1.881
iter: 28 | loss: 1.890
iter: 29 | loss: 1.522
iter: 30 | loss: 1.746
iter: 31 | loss: 1.787
iter: 32 | loss: 2.144
testing r= 5
rrse= 140.4194748111885 / 34.875950297872706
| end of epoch  40 | time:  2.31s | train_loss 1.9271 | valid rse 4.0263 | valid rae 4.1067 | valid corr  0.4115 | valid smape  0.2590 | focus_rrse 2.9413 | obj 3.2668
Experiment: 1
Iter: 0
epoch: 41
hp= [1, 0.0005, 16, 128, 256, 1024, 40, 0.1, 2, 30, 0.6, 0.1, 2, 41]
best sum= 7.654200695156396
best rrse= 3.985409840286533
best rrae= 4.084548391757985
best corr= 0.41575754
best smape= 0.25959241859848475
best objective= 3.2449654174866556
best hps= [1, 0.0005, 16, 128, 256, 1024, 40, 0.1, 2, 30, 0.6, 0.1, 2, 38]
best test rse= 1.2106371871853687
best test corr= 0.44903356
[Target-Weighted Loss] weights applied: {'us_Trade Weighted Dollar Index': 12.0, 'kr_fx': 12.0, 'jp_fx': 12.0}
iter:  0 | loss: 1.729
iter:  1 | loss: 1.847
iter:  2 | loss: 1.474
iter:  3 | loss: 1.911
iter:  4 | loss: 1.692
iter:  5 | loss: 1.788
iter:  6 | loss: 2.008
iter:  7 | loss: 1.493
iter:  8 | loss: 1.626
iter:  9 | loss: 2.005
iter: 10 | loss: 1.854
iter: 11 | loss: 1.733
iter: 12 | loss: 2.020
iter: 13 | loss: 1.993
iter: 14 | loss: 2.093
iter: 15 | loss: 1.968
iter: 16 | loss: 2.389
iter: 17 | loss: 2.008
iter: 18 | loss: 2.580
iter: 19 | loss: 1.812
iter: 20 | loss: 2.388
iter: 21 | loss: 2.013
iter: 22 | loss: 2.287
iter: 23 | loss: 1.774
iter: 24 | loss: 2.207
iter: 25 | loss: 1.723
iter: 26 | loss: 1.625
iter: 27 | loss: 2.181
iter: 28 | loss: 2.296
iter: 29 | loss: 1.968
iter: 30 | loss: 2.224
iter: 31 | loss: 1.480
iter: 32 | loss: 1.828
testing r= 5
rrse= 141.09207847847094 / 34.875950297872706
| end of epoch  41 | time:  2.18s | train_loss 1.9407 | valid rse 4.0455 | valid rae 4.1380 | valid corr  0.4171 | valid smape  0.2600 | focus_rrse 2.9479 | obj 3.2772
Experiment: 1
Iter: 0
epoch: 42
hp= [1, 0.0005, 16, 128, 256, 1024, 40, 0.1, 2, 30, 0.6, 0.1, 2, 42]
best sum= 7.654200695156396
best rrse= 3.985409840286533
best rrae= 4.084548391757985
best corr= 0.41575754
best smape= 0.25959241859848475
best objective= 3.2449654174866556
best hps= [1, 0.0005, 16, 128, 256, 1024, 40, 0.1, 2, 30, 0.6, 0.1, 2, 38]
best test rse= 1.2106371871853687
best test corr= 0.44903356
[Target-Weighted Loss] weights applied: {'us_Trade Weighted Dollar Index': 12.0, 'kr_fx': 12.0, 'jp_fx': 12.0}
iter:  0 | loss: 1.733
iter:  1 | loss: 2.068
iter:  2 | loss: 2.112
iter:  3 | loss: 1.760
iter:  4 | loss: 2.040
iter:  5 | loss: 1.830
iter:  6 | loss: 2.150
iter:  7 | loss: 1.862
iter:  8 | loss: 2.267
iter:  9 | loss: 1.748
iter: 10 | loss: 1.800
iter: 11 | loss: 1.664
iter: 12 | loss: 1.872
iter: 13 | loss: 2.419
iter: 14 | loss: 2.000
iter: 15 | loss: 1.908
iter: 16 | loss: 1.946
iter: 17 | loss: 1.809
iter: 18 | loss: 1.415
iter: 19 | loss: 2.233
iter: 20 | loss: 2.392
iter: 21 | loss: 1.775
iter: 22 | loss: 1.972
iter: 23 | loss: 1.458
iter: 24 | loss: 1.968
iter: 25 | loss: 2.060
iter: 26 | loss: 1.881
iter: 27 | loss: 1.782
iter: 28 | loss: 1.929
iter: 29 | loss: 2.142
iter: 30 | loss: 2.208
iter: 31 | loss: 1.566
iter: 32 | loss: 1.778
testing r= 5
rrse= 142.45341892176543 / 34.875950297872706
| end of epoch  42 | time:  2.73s | train_loss 1.9268 | valid rse 4.0846 | valid rae 4.1578 | valid corr  0.4153 | valid smape  0.2597 | focus_rrse 2.9682 | obj 3.3031
Experiment: 1
Iter: 0
epoch: 43
hp= [1, 0.0005, 16, 128, 256, 1024, 40, 0.1, 2, 30, 0.6, 0.1, 2, 43]
best sum= 7.654200695156396
best rrse= 3.985409840286533
best rrae= 4.084548391757985
best corr= 0.41575754
best smape= 0.25959241859848475
best objective= 3.2449654174866556
best hps= [1, 0.0005, 16, 128, 256, 1024, 40, 0.1, 2, 30, 0.6, 0.1, 2, 38]
best test rse= 1.2106371871853687
best test corr= 0.44903356
[Target-Weighted Loss] weights applied: {'us_Trade Weighted Dollar Index': 12.0, 'kr_fx': 12.0, 'jp_fx': 12.0}
iter:  0 | loss: 1.429
iter:  1 | loss: 1.788
iter:  2 | loss: 1.859
iter:  3 | loss: 1.636
iter:  4 | loss: 1.992
iter:  5 | loss: 1.982
iter:  6 | loss: 2.086
iter:  7 | loss: 2.281
iter:  8 | loss: 2.082
iter:  9 | loss: 2.178
iter: 10 | loss: 1.497
iter: 11 | loss: 2.118
iter: 12 | loss: 2.603
iter: 13 | loss: 1.647
iter: 14 | loss: 2.125
iter: 15 | loss: 1.715
iter: 16 | loss: 1.955
iter: 17 | loss: 1.987
iter: 18 | loss: 1.969
iter: 19 | loss: 2.102
iter: 20 | loss: 2.080
iter: 21 | loss: 1.758
iter: 22 | loss: 1.691
iter: 23 | loss: 1.927
iter: 24 | loss: 1.469
iter: 25 | loss: 2.376
iter: 26 | loss: 2.150
iter: 27 | loss: 2.090
iter: 28 | loss: 2.057
iter: 29 | loss: 1.857
iter: 30 | loss: 2.552
iter: 31 | loss: 1.715
iter: 32 | loss: 1.645
testing r= 5
rrse= 140.61273557629835 / 34.875950297872706
| end of epoch  43 | time:  2.47s | train_loss 1.9537 | valid rse 4.0318 | valid rae 4.1190 | valid corr  0.4140 | valid smape  0.2592 | focus_rrse 2.9381 | obj 3.2662
Experiment: 1
Iter: 0
epoch: 44
hp= [1, 0.0005, 16, 128, 256, 1024, 40, 0.1, 2, 30, 0.6, 0.1, 2, 44]
best sum= 7.654200695156396
best rrse= 3.985409840286533
best rrae= 4.084548391757985
best corr= 0.41575754
best smape= 0.25959241859848475
best objective= 3.2449654174866556
best hps= [1, 0.0005, 16, 128, 256, 1024, 40, 0.1, 2, 30, 0.6, 0.1, 2, 38]
best test rse= 1.2106371871853687
best test corr= 0.44903356
[Target-Weighted Loss] weights applied: {'us_Trade Weighted Dollar Index': 12.0, 'kr_fx': 12.0, 'jp_fx': 12.0}
iter:  0 | loss: 1.939
iter:  1 | loss: 1.978
iter:  2 | loss: 1.879
iter:  3 | loss: 1.794
iter:  4 | loss: 1.514
iter:  5 | loss: 1.995
iter:  6 | loss: 2.253
iter:  7 | loss: 1.837
iter:  8 | loss: 2.257
iter:  9 | loss: 1.981
iter: 10 | loss: 2.558
iter: 11 | loss: 1.779
iter: 12 | loss: 2.263
iter: 13 | loss: 1.970
iter: 14 | loss: 1.554
iter: 15 | loss: 1.885
iter: 16 | loss: 1.898
iter: 17 | loss: 2.250
iter: 18 | loss: 2.291
iter: 19 | loss: 1.624
iter: 20 | loss: 2.259
iter: 21 | loss: 2.440
iter: 22 | loss: 1.741
iter: 23 | loss: 2.219
iter: 24 | loss: 1.994
iter: 25 | loss: 1.883
iter: 26 | loss: 1.962
iter: 27 | loss: 1.588
iter: 28 | loss: 1.854
iter: 29 | loss: 1.764
iter: 30 | loss: 2.113
iter: 31 | loss: 1.964
iter: 32 | loss: 1.587
testing r= 5
rrse= 142.0394971478004 / 34.875950297872706
| end of epoch  44 | time:  2.67s | train_loss 1.9686 | valid rse 4.0727 | valid rae 4.1440 | valid corr  0.4103 | valid smape  0.2599 | focus_rrse 2.9602 | obj 3.2940
Experiment: 1
Iter: 0
epoch: 45
hp= [1, 0.0005, 16, 128, 256, 1024, 40, 0.1, 2, 30, 0.6, 0.1, 2, 45]
best sum= 7.654200695156396
best rrse= 3.985409840286533
best rrae= 4.084548391757985
best corr= 0.41575754
best smape= 0.25959241859848475
best objective= 3.2449654174866556
best hps= [1, 0.0005, 16, 128, 256, 1024, 40, 0.1, 2, 30, 0.6, 0.1, 2, 38]
best test rse= 1.2106371871853687
best test corr= 0.44903356
[Target-Weighted Loss] weights applied: {'us_Trade Weighted Dollar Index': 12.0, 'kr_fx': 12.0, 'jp_fx': 12.0}
iter:  0 | loss: 1.954
iter:  1 | loss: 1.724
iter:  2 | loss: 2.038
iter:  3 | loss: 2.063
iter:  4 | loss: 1.840
iter:  5 | loss: 2.313
iter:  6 | loss: 2.130
iter:  7 | loss: 1.969
iter:  8 | loss: 2.039
iter:  9 | loss: 1.949
iter: 10 | loss: 1.845
iter: 11 | loss: 1.511
iter: 12 | loss: 1.572
iter: 13 | loss: 2.155
iter: 14 | loss: 2.287
iter: 15 | loss: 2.270
iter: 16 | loss: 1.808
iter: 17 | loss: 2.058
iter: 18 | loss: 2.236
iter: 19 | loss: 1.683
iter: 20 | loss: 1.741
iter: 21 | loss: 1.833
iter: 22 | loss: 1.845
iter: 23 | loss: 1.654
iter: 24 | loss: 2.018
iter: 25 | loss: 1.935
iter: 26 | loss: 1.734
iter: 27 | loss: 1.905
iter: 28 | loss: 1.828
iter: 29 | loss: 2.190
iter: 30 | loss: 1.901
iter: 31 | loss: 1.812
iter: 32 | loss: 2.036
testing r= 5
rrse= 140.45474415714835 / 34.875950297872706
| end of epoch  45 | time:  2.09s | train_loss 1.9348 | valid rse 4.0273 | valid rae 4.1173 | valid corr  0.4111 | valid smape  0.2593 | focus_rrse 2.9421 | obj 3.2677
Experiment: 1
Iter: 0
epoch: 46
hp= [1, 0.0005, 16, 128, 256, 1024, 40, 0.1, 2, 30, 0.6, 0.1, 2, 46]
best sum= 7.654200695156396
best rrse= 3.985409840286533
best rrae= 4.084548391757985
best corr= 0.41575754
best smape= 0.25959241859848475
best objective= 3.2449654174866556
best hps= [1, 0.0005, 16, 128, 256, 1024, 40, 0.1, 2, 30, 0.6, 0.1, 2, 38]
best test rse= 1.2106371871853687
best test corr= 0.44903356
[Target-Weighted Loss] weights applied: {'us_Trade Weighted Dollar Index': 12.0, 'kr_fx': 12.0, 'jp_fx': 12.0}
iter:  0 | loss: 1.773
iter:  1 | loss: 1.774
iter:  2 | loss: 2.081
iter:  3 | loss: 1.827
iter:  4 | loss: 1.676
iter:  5 | loss: 2.162
iter:  6 | loss: 1.648
iter:  7 | loss: 1.986
iter:  8 | loss: 2.059
iter:  9 | loss: 1.875
iter: 10 | loss: 1.791
iter: 11 | loss: 1.647
iter: 12 | loss: 2.177
iter: 13 | loss: 1.777
iter: 14 | loss: 1.820
iter: 15 | loss: 1.991
iter: 16 | loss: 2.004
iter: 17 | loss: 2.412
iter: 18 | loss: 1.851
iter: 19 | loss: 1.588
iter: 20 | loss: 1.624
iter: 21 | loss: 1.753
iter: 22 | loss: 2.290
iter: 23 | loss: 2.137
iter: 24 | loss: 1.952
iter: 25 | loss: 1.654
iter: 26 | loss: 2.420
iter: 27 | loss: 1.737
iter: 28 | loss: 2.165
iter: 29 | loss: 1.612
iter: 30 | loss: 2.196
iter: 31 | loss: 2.685
iter: 32 | loss: 1.859
testing r= 5
rrse= 141.1219552373053 / 34.875950297872706
| end of epoch  46 | time:  2.03s | train_loss 1.9400 | valid rse 4.0464 | valid rae 4.1266 | valid corr  0.4130 | valid smape  0.2594 | focus_rrse 2.9437 | obj 3.2745
Experiment: 1
Iter: 0
epoch: 47
hp= [1, 0.0005, 16, 128, 256, 1024, 40, 0.1, 2, 30, 0.6, 0.1, 2, 47]
best sum= 7.654200695156396
best rrse= 3.985409840286533
best rrae= 4.084548391757985
best corr= 0.41575754
best smape= 0.25959241859848475
best objective= 3.2449654174866556
best hps= [1, 0.0005, 16, 128, 256, 1024, 40, 0.1, 2, 30, 0.6, 0.1, 2, 38]
best test rse= 1.2106371871853687
best test corr= 0.44903356
[Target-Weighted Loss] weights applied: {'us_Trade Weighted Dollar Index': 12.0, 'kr_fx': 12.0, 'jp_fx': 12.0}
iter:  0 | loss: 1.900
iter:  1 | loss: 1.610
iter:  2 | loss: 1.894
iter:  3 | loss: 2.159
iter:  4 | loss: 1.874
iter:  5 | loss: 2.189
iter:  6 | loss: 1.837
iter:  7 | loss: 2.482
iter:  8 | loss: 1.889
iter:  9 | loss: 1.983
iter: 10 | loss: 1.828
iter: 11 | loss: 2.546
iter: 12 | loss: 2.277
iter: 13 | loss: 2.268
iter: 14 | loss: 1.527
iter: 15 | loss: 1.847
iter: 16 | loss: 1.476
iter: 17 | loss: 2.162
iter: 18 | loss: 1.918
iter: 19 | loss: 1.893
iter: 20 | loss: 2.072
iter: 21 | loss: 2.340
iter: 22 | loss: 2.120
iter: 23 | loss: 1.863
iter: 24 | loss: 1.681
iter: 25 | loss: 1.693
iter: 26 | loss: 1.762
iter: 27 | loss: 1.751
iter: 28 | loss: 1.939
iter: 29 | loss: 2.066
iter: 30 | loss: 1.884
iter: 31 | loss: 1.909
iter: 32 | loss: 2.324
testing r= 5
rrse= 142.72233888086686 / 34.875950297872706
| end of epoch  47 | time:  2.05s | train_loss 1.9659 | valid rse 4.0923 | valid rae 4.1631 | valid corr  0.4096 | valid smape  0.2598 | focus_rrse 2.9611 | obj 3.3005
Experiment: 1
Iter: 0
epoch: 48
hp= [1, 0.0005, 16, 128, 256, 1024, 40, 0.1, 2, 30, 0.6, 0.1, 2, 48]
best sum= 7.654200695156396
best rrse= 3.985409840286533
best rrae= 4.084548391757985
best corr= 0.41575754
best smape= 0.25959241859848475
best objective= 3.2449654174866556
best hps= [1, 0.0005, 16, 128, 256, 1024, 40, 0.1, 2, 30, 0.6, 0.1, 2, 38]
best test rse= 1.2106371871853687
best test corr= 0.44903356
[Target-Weighted Loss] weights applied: {'us_Trade Weighted Dollar Index': 12.0, 'kr_fx': 12.0, 'jp_fx': 12.0}
iter:  0 | loss: 1.724
iter:  1 | loss: 1.814
iter:  2 | loss: 2.016
iter:  3 | loss: 1.609
iter:  4 | loss: 2.051
iter:  5 | loss: 2.110
iter:  6 | loss: 2.263
iter:  7 | loss: 1.828
iter:  8 | loss: 1.898
iter:  9 | loss: 2.153
iter: 10 | loss: 1.948
iter: 11 | loss: 1.721
iter: 12 | loss: 2.017
iter: 13 | loss: 2.164
iter: 14 | loss: 1.852
iter: 15 | loss: 1.883
iter: 16 | loss: 1.564
iter: 17 | loss: 1.709
iter: 18 | loss: 1.729
iter: 19 | loss: 2.136
iter: 20 | loss: 2.139
iter: 21 | loss: 1.839
iter: 22 | loss: 1.875
iter: 23 | loss: 1.823
iter: 24 | loss: 1.810
iter: 25 | loss: 1.989
iter: 26 | loss: 2.059
iter: 27 | loss: 1.756
iter: 28 | loss: 2.773
iter: 29 | loss: 2.512
iter: 30 | loss: 1.680
iter: 31 | loss: 1.720
iter: 32 | loss: 1.912
testing r= 5
rrse= 142.36639844517384 / 34.875950297872706
| end of epoch  48 | time:  1.99s | train_loss 1.9420 | valid rse 4.0821 | valid rae 4.1593 | valid corr  0.4188 | valid smape  0.2600 | focus_rrse 2.9694 | obj 3.3032
Experiment: 1
Iter: 0
epoch: 49
hp= [1, 0.0005, 16, 128, 256, 1024, 40, 0.1, 2, 30, 0.6, 0.1, 2, 49]
best sum= 7.654200695156396
best rrse= 3.985409840286533
best rrae= 4.084548391757985
best corr= 0.41575754
best smape= 0.25959241859848475
best objective= 3.2449654174866556
best hps= [1, 0.0005, 16, 128, 256, 1024, 40, 0.1, 2, 30, 0.6, 0.1, 2, 38]
best test rse= 1.2106371871853687
best test corr= 0.44903356
[Target-Weighted Loss] weights applied: {'us_Trade Weighted Dollar Index': 12.0, 'kr_fx': 12.0, 'jp_fx': 12.0}
iter:  0 | loss: 2.100
iter:  1 | loss: 1.657
iter:  2 | loss: 1.795
iter:  3 | loss: 1.943
iter:  4 | loss: 2.332
iter:  5 | loss: 2.340
iter:  6 | loss: 2.150
iter:  7 | loss: 2.182
iter:  8 | loss: 1.889
iter:  9 | loss: 1.915
iter: 10 | loss: 1.970
iter: 11 | loss: 2.268
iter: 12 | loss: 2.110
iter: 13 | loss: 2.113
iter: 14 | loss: 2.076
iter: 15 | loss: 1.804
iter: 16 | loss: 1.870
iter: 17 | loss: 1.977
iter: 18 | loss: 1.956
iter: 19 | loss: 1.795
iter: 20 | loss: 1.651
iter: 21 | loss: 1.928
iter: 22 | loss: 1.681
iter: 23 | loss: 1.835
iter: 24 | loss: 1.782
iter: 25 | loss: 2.074
iter: 26 | loss: 2.062
iter: 27 | loss: 2.024
iter: 28 | loss: 1.749
iter: 29 | loss: 2.068
iter: 30 | loss: 1.162
iter: 31 | loss: 2.080
iter: 32 | loss: 1.773
testing r= 5
rrse= 141.45380070671484 / 34.875950297872706
| end of epoch  49 | time:  2.00s | train_loss 1.9439 | valid rse 4.0559 | valid rae 4.1307 | valid corr  0.4142 | valid smape  0.2601 | focus_rrse 2.9493 | obj 3.2813
Experiment: 1
Iter: 0
epoch: 50
hp= [1, 0.0005, 16, 128, 256, 1024, 40, 0.1, 2, 30, 0.6, 0.1, 2, 50]
best sum= 7.654200695156396
best rrse= 3.985409840286533
best rrae= 4.084548391757985
best corr= 0.41575754
best smape= 0.25959241859848475
best objective= 3.2449654174866556
best hps= [1, 0.0005, 16, 128, 256, 1024, 40, 0.1, 2, 30, 0.6, 0.1, 2, 38]
best test rse= 1.2106371871853687
best test corr= 0.44903356
[Target-Weighted Loss] weights applied: {'us_Trade Weighted Dollar Index': 12.0, 'kr_fx': 12.0, 'jp_fx': 12.0}
iter:  0 | loss: 2.040
iter:  1 | loss: 1.881
iter:  2 | loss: 2.006
iter:  3 | loss: 2.079
iter:  4 | loss: 1.833
iter:  5 | loss: 1.958
iter:  6 | loss: 1.944
iter:  7 | loss: 1.338
iter:  8 | loss: 1.662
iter:  9 | loss: 1.946
iter: 10 | loss: 2.672
iter: 11 | loss: 2.083
iter: 12 | loss: 2.299
iter: 13 | loss: 1.619
iter: 14 | loss: 1.826
iter: 15 | loss: 1.896
iter: 16 | loss: 2.124
iter: 17 | loss: 1.704
iter: 18 | loss: 1.909
iter: 19 | loss: 1.895
iter: 20 | loss: 2.098
iter: 21 | loss: 1.787
iter: 22 | loss: 2.490
iter: 23 | loss: 2.052
iter: 24 | loss: 2.348
iter: 25 | loss: 1.649
iter: 26 | loss: 1.893
iter: 27 | loss: 1.713
iter: 28 | loss: 1.956
iter: 29 | loss: 1.276
iter: 30 | loss: 1.684
iter: 31 | loss: 1.952
iter: 32 | loss: 2.664
testing r= 5
rrse= 142.03237417046861 / 34.875950297872706
| end of epoch  50 | time:  1.88s | train_loss 1.9423 | valid rse 4.0725 | valid rae 4.1455 | valid corr  0.4153 | valid smape  0.2595 | focus_rrse 2.9412 | obj 3.2806
Experiment: 1
Iter: 0
epoch: 51
hp= [1, 0.0005, 16, 128, 256, 1024, 40, 0.1, 2, 30, 0.6, 0.1, 2, 51]
best sum= 7.654200695156396
best rrse= 3.985409840286533
best rrae= 4.084548391757985
best corr= 0.41575754
best smape= 0.25959241859848475
best objective= 3.2449654174866556
best hps= [1, 0.0005, 16, 128, 256, 1024, 40, 0.1, 2, 30, 0.6, 0.1, 2, 38]
best test rse= 1.2106371871853687
best test corr= 0.44903356
[Target-Weighted Loss] weights applied: {'us_Trade Weighted Dollar Index': 12.0, 'kr_fx': 12.0, 'jp_fx': 12.0}
iter:  0 | loss: 1.983
iter:  1 | loss: 1.542
iter:  2 | loss: 2.566
iter:  3 | loss: 2.163
iter:  4 | loss: 2.271
iter:  5 | loss: 1.885
iter:  6 | loss: 1.836
iter:  7 | loss: 2.168
iter:  8 | loss: 1.865
iter:  9 | loss: 1.683
iter: 10 | loss: 1.999
iter: 11 | loss: 2.177
iter: 12 | loss: 1.855
iter: 13 | loss: 2.353
iter: 14 | loss: 1.567
iter: 15 | loss: 1.859
iter: 16 | loss: 1.648
iter: 17 | loss: 1.820
iter: 18 | loss: 1.655
iter: 19 | loss: 1.828
iter: 20 | loss: 1.884
iter: 21 | loss: 1.930
iter: 22 | loss: 2.043
iter: 23 | loss: 1.877
iter: 24 | loss: 2.057
iter: 25 | loss: 1.816
iter: 26 | loss: 1.465
iter: 27 | loss: 2.105
iter: 28 | loss: 2.070
iter: 29 | loss: 2.156
iter: 30 | loss: 1.959
iter: 31 | loss: 2.220
iter: 32 | loss: 1.495
testing r= 5
rrse= 141.78986983384956 / 34.875950297872706
| end of epoch  51 | time:  1.93s | train_loss 1.9367 | valid rse 4.0655 | valid rae 4.1463 | valid corr  0.4166 | valid smape  0.2596 | focus_rrse 2.9644 | obj 3.2948
Experiment: 1
Iter: 0
epoch: 52
hp= [1, 0.0005, 16, 128, 256, 1024, 40, 0.1, 2, 30, 0.6, 0.1, 2, 52]
best sum= 7.654200695156396
best rrse= 3.985409840286533
best rrae= 4.084548391757985
best corr= 0.41575754
best smape= 0.25959241859848475
best objective= 3.2449654174866556
best hps= [1, 0.0005, 16, 128, 256, 1024, 40, 0.1, 2, 30, 0.6, 0.1, 2, 38]
best test rse= 1.2106371871853687
best test corr= 0.44903356
[Target-Weighted Loss] weights applied: {'us_Trade Weighted Dollar Index': 12.0, 'kr_fx': 12.0, 'jp_fx': 12.0}
iter:  0 | loss: 1.657
iter:  1 | loss: 1.702
iter:  2 | loss: 2.184
iter:  3 | loss: 1.449
iter:  4 | loss: 1.944
iter:  5 | loss: 1.528
iter:  6 | loss: 1.620
iter:  7 | loss: 1.911
iter:  8 | loss: 2.354
iter:  9 | loss: 2.142
iter: 10 | loss: 1.633
iter: 11 | loss: 1.609
iter: 12 | loss: 2.002
iter: 13 | loss: 2.155
iter: 14 | loss: 2.223
iter: 15 | loss: 1.758
iter: 16 | loss: 1.819
iter: 17 | loss: 1.864
iter: 18 | loss: 1.998
iter: 19 | loss: 1.672
iter: 20 | loss: 1.846
iter: 21 | loss: 2.126
iter: 22 | loss: 2.013
iter: 23 | loss: 1.888
iter: 24 | loss: 2.275
iter: 25 | loss: 2.191
iter: 26 | loss: 2.097
iter: 27 | loss: 1.864
iter: 28 | loss: 2.025
iter: 29 | loss: 1.730
iter: 30 | loss: 1.595
iter: 31 | loss: 2.340
iter: 32 | loss: 2.758
testing r= 5
rrse= 141.97622352659968 / 34.875950297872706
| end of epoch  52 | time:  1.91s | train_loss 1.9323 | valid rse 4.0709 | valid rae 4.1535 | valid corr  0.4158 | valid smape  0.2600 | focus_rrse 2.9506 | obj 3.2867
Experiment: 1
Iter: 0
epoch: 53
hp= [1, 0.0005, 16, 128, 256, 1024, 40, 0.1, 2, 30, 0.6, 0.1, 2, 53]
best sum= 7.654200695156396
best rrse= 3.985409840286533
best rrae= 4.084548391757985
best corr= 0.41575754
best smape= 0.25959241859848475
best objective= 3.2449654174866556
best hps= [1, 0.0005, 16, 128, 256, 1024, 40, 0.1, 2, 30, 0.6, 0.1, 2, 38]
best test rse= 1.2106371871853687
best test corr= 0.44903356
[Target-Weighted Loss] weights applied: {'us_Trade Weighted Dollar Index': 12.0, 'kr_fx': 12.0, 'jp_fx': 12.0}
iter:  0 | loss: 2.298
iter:  1 | loss: 1.761
iter:  2 | loss: 1.923
iter:  3 | loss: 1.931
iter:  4 | loss: 2.086
iter:  5 | loss: 2.066
iter:  6 | loss: 2.448
iter:  7 | loss: 2.056
iter:  8 | loss: 2.006
iter:  9 | loss: 1.994
iter: 10 | loss: 2.035
iter: 11 | loss: 1.920
iter: 12 | loss: 1.586
iter: 13 | loss: 1.948
iter: 14 | loss: 2.208
iter: 15 | loss: 1.971
iter: 16 | loss: 1.916
iter: 17 | loss: 1.678
iter: 18 | loss: 1.618
iter: 19 | loss: 2.044
iter: 20 | loss: 1.472
iter: 21 | loss: 2.124
iter: 22 | loss: 1.798
iter: 23 | loss: 2.184
iter: 24 | loss: 1.983
iter: 25 | loss: 2.003
iter: 26 | loss: 1.727
iter: 27 | loss: 1.859
iter: 28 | loss: 1.990
iter: 29 | loss: 2.331
iter: 30 | loss: 1.594
iter: 31 | loss: 1.766
iter: 32 | loss: 1.702
testing r= 5
rrse= 141.32726039674725 / 34.875950297872706
| end of epoch  53 | time:  2.05s | train_loss 1.9420 | valid rse 4.0523 | valid rae 4.1484 | valid corr  0.4135 | valid smape  0.2605 | focus_rrse 2.9787 | obj 3.3008
Experiment: 1
Iter: 0
epoch: 54
hp= [1, 0.0005, 16, 128, 256, 1024, 40, 0.1, 2, 30, 0.6, 0.1, 2, 54]
best sum= 7.654200695156396
best rrse= 3.985409840286533
best rrae= 4.084548391757985
best corr= 0.41575754
best smape= 0.25959241859848475
best objective= 3.2449654174866556
best hps= [1, 0.0005, 16, 128, 256, 1024, 40, 0.1, 2, 30, 0.6, 0.1, 2, 38]
best test rse= 1.2106371871853687
best test corr= 0.44903356
[Target-Weighted Loss] weights applied: {'us_Trade Weighted Dollar Index': 12.0, 'kr_fx': 12.0, 'jp_fx': 12.0}
iter:  0 | loss: 1.724
iter:  1 | loss: 1.953
iter:  2 | loss: 1.614
iter:  3 | loss: 2.031
iter:  4 | loss: 1.968
iter:  5 | loss: 1.861
iter:  6 | loss: 2.189
iter:  7 | loss: 1.856
iter:  8 | loss: 1.646
iter:  9 | loss: 2.288
iter: 10 | loss: 2.176
iter: 11 | loss: 2.650
iter: 12 | loss: 1.780
iter: 13 | loss: 2.080
iter: 14 | loss: 2.003
iter: 15 | loss: 1.602
iter: 16 | loss: 1.976
iter: 17 | loss: 1.714
iter: 18 | loss: 1.975
iter: 19 | loss: 2.081
iter: 20 | loss: 2.106
iter: 21 | loss: 1.389
iter: 22 | loss: 2.096
iter: 23 | loss: 1.409
iter: 24 | loss: 1.841
iter: 25 | loss: 1.370
iter: 26 | loss: 2.185
iter: 27 | loss: 1.894
iter: 28 | loss: 2.313
iter: 29 | loss: 2.045
iter: 30 | loss: 2.032
iter: 31 | loss: 2.240
iter: 32 | loss: 2.128
testing r= 5
rrse= 140.3935456360085 / 34.875950297872706
| end of epoch  54 | time:  2.08s | train_loss 1.9445 | valid rse 4.0255 | valid rae 4.1203 | valid corr  0.4123 | valid smape  0.2597 | focus_rrse 2.9327 | obj 3.2606
Experiment: 1
Iter: 0
epoch: 55
hp= [1, 0.0005, 16, 128, 256, 1024, 40, 0.1, 2, 30, 0.6, 0.1, 2, 55]
best sum= 7.654200695156396
best rrse= 3.985409840286533
best rrae= 4.084548391757985
best corr= 0.41575754
best smape= 0.25959241859848475
best objective= 3.2449654174866556
best hps= [1, 0.0005, 16, 128, 256, 1024, 40, 0.1, 2, 30, 0.6, 0.1, 2, 38]
best test rse= 1.2106371871853687
best test corr= 0.44903356
[Target-Weighted Loss] weights applied: {'us_Trade Weighted Dollar Index': 12.0, 'kr_fx': 12.0, 'jp_fx': 12.0}
iter:  0 | loss: 1.805
iter:  1 | loss: 1.774
iter:  2 | loss: 1.608
iter:  3 | loss: 1.948
iter:  4 | loss: 1.485
iter:  5 | loss: 2.040
iter:  6 | loss: 2.401
iter:  7 | loss: 2.100
iter:  8 | loss: 2.064
iter:  9 | loss: 1.677
iter: 10 | loss: 2.241
iter: 11 | loss: 2.087
iter: 12 | loss: 1.901
iter: 13 | loss: 2.346
iter: 14 | loss: 1.809
iter: 15 | loss: 1.642
iter: 16 | loss: 1.931
iter: 17 | loss: 1.474
iter: 18 | loss: 1.427
iter: 19 | loss: 1.796
iter: 20 | loss: 2.086
iter: 21 | loss: 2.181
iter: 22 | loss: 1.665
iter: 23 | loss: 2.069
iter: 24 | loss: 1.895
iter: 25 | loss: 2.231
iter: 26 | loss: 2.257
iter: 27 | loss: 2.248
iter: 28 | loss: 1.798
iter: 29 | loss: 1.889
iter: 30 | loss: 2.338
iter: 31 | loss: 2.147
iter: 32 | loss: 1.676
testing r= 5
rrse= 141.425333657022 / 34.875950297872706
| end of epoch  55 | time:  2.05s | train_loss 1.9426 | valid rse 4.0551 | valid rae 4.1349 | valid corr  0.4141 | valid smape  0.2598 | focus_rrse 2.9529 | obj 3.2836
Experiment: 1
Iter: 0
epoch: 56
hp= [1, 0.0005, 16, 128, 256, 1024, 40, 0.1, 2, 30, 0.6, 0.1, 2, 56]
best sum= 7.654200695156396
best rrse= 3.985409840286533
best rrae= 4.084548391757985
best corr= 0.41575754
best smape= 0.25959241859848475
best objective= 3.2449654174866556
best hps= [1, 0.0005, 16, 128, 256, 1024, 40, 0.1, 2, 30, 0.6, 0.1, 2, 38]
best test rse= 1.2106371871853687
best test corr= 0.44903356
[Target-Weighted Loss] weights applied: {'us_Trade Weighted Dollar Index': 12.0, 'kr_fx': 12.0, 'jp_fx': 12.0}
iter:  0 | loss: 2.905
iter:  1 | loss: 1.845
iter:  2 | loss: 1.992
iter:  3 | loss: 2.188
iter:  4 | loss: 2.272
iter:  5 | loss: 1.643
iter:  6 | loss: 1.826
iter:  7 | loss: 1.946
iter:  8 | loss: 2.053
iter:  9 | loss: 2.052
iter: 10 | loss: 1.814
iter: 11 | loss: 1.398
iter: 12 | loss: 1.963
iter: 13 | loss: 1.832
iter: 14 | loss: 1.816
iter: 15 | loss: 1.927
iter: 16 | loss: 1.940
iter: 17 | loss: 1.954
iter: 18 | loss: 1.529
iter: 19 | loss: 1.652
iter: 20 | loss: 1.884
iter: 21 | loss: 2.022
iter: 22 | loss: 1.968
iter: 23 | loss: 1.943
iter: 24 | loss: 1.737
iter: 25 | loss: 2.392
iter: 26 | loss: 1.364
iter: 27 | loss: 2.751
iter: 28 | loss: 2.368
iter: 29 | loss: 1.788
iter: 30 | loss: 1.650
iter: 31 | loss: 2.001
iter: 32 | loss: 1.889
testing r= 5
rrse= 141.0060323953376 / 34.875950297872706
| end of epoch  56 | time:  2.17s | train_loss 1.9491 | valid rse 4.0431 | valid rae 4.1283 | valid corr  0.4118 | valid smape  0.2595 | focus_rrse 2.9553 | obj 3.2816
Experiment: 1
Iter: 0
epoch: 57
hp= [1, 0.0005, 16, 128, 256, 1024, 40, 0.1, 2, 30, 0.6, 0.1, 2, 57]
best sum= 7.654200695156396
best rrse= 3.985409840286533
best rrae= 4.084548391757985
best corr= 0.41575754
best smape= 0.25959241859848475
best objective= 3.2449654174866556
best hps= [1, 0.0005, 16, 128, 256, 1024, 40, 0.1, 2, 30, 0.6, 0.1, 2, 38]
best test rse= 1.2106371871853687
best test corr= 0.44903356
[Target-Weighted Loss] weights applied: {'us_Trade Weighted Dollar Index': 12.0, 'kr_fx': 12.0, 'jp_fx': 12.0}
iter:  0 | loss: 2.080
iter:  1 | loss: 1.683
iter:  2 | loss: 2.260
iter:  3 | loss: 2.064
iter:  4 | loss: 1.784
iter:  5 | loss: 2.341
iter:  6 | loss: 2.150
iter:  7 | loss: 1.983
iter:  8 | loss: 1.933
iter:  9 | loss: 1.714
iter: 10 | loss: 1.549
iter: 11 | loss: 2.222
iter: 12 | loss: 1.737
iter: 13 | loss: 1.646
iter: 14 | loss: 1.726
iter: 15 | loss: 2.039
iter: 16 | loss: 1.852
iter: 17 | loss: 1.934
iter: 18 | loss: 2.060
iter: 19 | loss: 2.245
iter: 20 | loss: 2.193
iter: 21 | loss: 2.112
iter: 22 | loss: 1.979
iter: 23 | loss: 2.280
iter: 24 | loss: 2.345
iter: 25 | loss: 1.629
iter: 26 | loss: 1.831
iter: 27 | loss: 1.546
iter: 28 | loss: 1.832
iter: 29 | loss: 1.686
iter: 30 | loss: 1.951
iter: 31 | loss: 1.855
iter: 32 | loss: 1.501
testing r= 5
rrse= 141.85804551778162 / 34.875950297872706
| end of epoch  57 | time:  1.93s | train_loss 1.9349 | valid rse 4.0675 | valid rae 4.1440 | valid corr  0.4119 | valid smape  0.2597 | focus_rrse 2.9627 | obj 3.2941
Experiment: 1
Iter: 0
epoch: 58
hp= [1, 0.0005, 16, 128, 256, 1024, 40, 0.1, 2, 30, 0.6, 0.1, 2, 58]
best sum= 7.654200695156396
best rrse= 3.985409840286533
best rrae= 4.084548391757985
best corr= 0.41575754
best smape= 0.25959241859848475
best objective= 3.2449654174866556
best hps= [1, 0.0005, 16, 128, 256, 1024, 40, 0.1, 2, 30, 0.6, 0.1, 2, 38]
best test rse= 1.2106371871853687
best test corr= 0.44903356
[Target-Weighted Loss] weights applied: {'us_Trade Weighted Dollar Index': 12.0, 'kr_fx': 12.0, 'jp_fx': 12.0}
iter:  0 | loss: 2.436
iter:  1 | loss: 2.036
iter:  2 | loss: 1.199
iter:  3 | loss: 1.956
iter:  4 | loss: 1.742
iter:  5 | loss: 1.686
iter:  6 | loss: 1.903
iter:  7 | loss: 1.668
iter:  8 | loss: 1.895
iter:  9 | loss: 2.036
iter: 10 | loss: 1.911
iter: 11 | loss: 1.937
iter: 12 | loss: 1.913
iter: 13 | loss: 1.776
iter: 14 | loss: 2.145
iter: 15 | loss: 1.723
iter: 16 | loss: 2.075
iter: 17 | loss: 2.160
iter: 18 | loss: 1.639
iter: 19 | loss: 1.450
iter: 20 | loss: 2.162
iter: 21 | loss: 2.128
iter: 22 | loss: 1.859
iter: 23 | loss: 2.678
iter: 24 | loss: 2.082
iter: 25 | loss: 2.008
iter: 26 | loss: 1.536
iter: 27 | loss: 2.233
iter: 28 | loss: 1.961
iter: 29 | loss: 1.958
iter: 30 | loss: 1.865
iter: 31 | loss: 2.122
iter: 32 | loss: 2.031
testing r= 5
rrse= 141.68365400602852 / 34.875950297872706
| end of epoch  58 | time:  1.93s | train_loss 1.9359 | valid rse 4.0625 | valid rae 4.1553 | valid corr  0.4080 | valid smape  0.2606 | focus_rrse 2.9720 | obj 3.2991
Experiment: 1
Iter: 0
epoch: 59
hp= [1, 0.0005, 16, 128, 256, 1024, 40, 0.1, 2, 30, 0.6, 0.1, 2, 59]
best sum= 7.654200695156396
best rrse= 3.985409840286533
best rrae= 4.084548391757985
best corr= 0.41575754
best smape= 0.25959241859848475
best objective= 3.2449654174866556
best hps= [1, 0.0005, 16, 128, 256, 1024, 40, 0.1, 2, 30, 0.6, 0.1, 2, 38]
best test rse= 1.2106371871853687
best test corr= 0.44903356
[Target-Weighted Loss] weights applied: {'us_Trade Weighted Dollar Index': 12.0, 'kr_fx': 12.0, 'jp_fx': 12.0}
iter:  0 | loss: 1.473
iter:  1 | loss: 1.737
iter:  2 | loss: 2.160
iter:  3 | loss: 2.376
iter:  4 | loss: 1.843
iter:  5 | loss: 2.077
iter:  6 | loss: 1.777
iter:  7 | loss: 2.187
iter:  8 | loss: 1.595
iter:  9 | loss: 1.925
iter: 10 | loss: 1.631
iter: 11 | loss: 2.038
iter: 12 | loss: 2.126
iter: 13 | loss: 1.915
iter: 14 | loss: 2.028
iter: 15 | loss: 1.883
iter: 16 | loss: 1.745
iter: 17 | loss: 1.686
iter: 18 | loss: 1.955
iter: 19 | loss: 1.472
iter: 20 | loss: 1.783
iter: 21 | loss: 2.091
iter: 22 | loss: 2.211
iter: 23 | loss: 2.034
iter: 24 | loss: 1.891
iter: 25 | loss: 2.227
iter: 26 | loss: 1.664
iter: 27 | loss: 2.318
iter: 28 | loss: 2.196
iter: 29 | loss: 1.779
iter: 30 | loss: 1.711
iter: 31 | loss: 1.935
iter: 32 | loss: 1.986
testing r= 5
rrse= 141.19371112942673 / 34.875950297872706
| end of epoch  59 | time:  2.03s | train_loss 1.9223 | valid rse 4.0485 | valid rae 4.1272 | valid corr  0.4141 | valid smape  0.2597 | focus_rrse 2.9609 | obj 3.2872
Experiment: 1
Iter: 0
epoch: 60
hp= [1, 0.0005, 16, 128, 256, 1024, 40, 0.1, 2, 30, 0.6, 0.1, 2, 60]
best sum= 7.654200695156396
best rrse= 3.985409840286533
best rrae= 4.084548391757985
best corr= 0.41575754
best smape= 0.25959241859848475
best objective= 3.2449654174866556
best hps= [1, 0.0005, 16, 128, 256, 1024, 40, 0.1, 2, 30, 0.6, 0.1, 2, 38]
best test rse= 1.2106371871853687
best test corr= 0.44903356
[Target-Weighted Loss] weights applied: {'us_Trade Weighted Dollar Index': 12.0, 'kr_fx': 12.0, 'jp_fx': 12.0}
iter:  0 | loss: 1.692
iter:  1 | loss: 1.764
iter:  2 | loss: 1.944
iter:  3 | loss: 2.156
iter:  4 | loss: 1.865
iter:  5 | loss: 1.524
iter:  6 | loss: 1.874
iter:  7 | loss: 1.849
iter:  8 | loss: 1.747
iter:  9 | loss: 1.744
iter: 10 | loss: 2.034
iter: 11 | loss: 1.794
iter: 12 | loss: 2.019
iter: 13 | loss: 1.377
iter: 14 | loss: 2.368
iter: 15 | loss: 1.731
iter: 16 | loss: 2.201
iter: 17 | loss: 2.139
iter: 18 | loss: 2.133
iter: 19 | loss: 1.813
iter: 20 | loss: 1.647
iter: 21 | loss: 2.058
iter: 22 | loss: 1.862
iter: 23 | loss: 2.069
iter: 24 | loss: 1.831
iter: 25 | loss: 2.003
iter: 26 | loss: 2.283
iter: 27 | loss: 1.742
iter: 28 | loss: 2.145
iter: 29 | loss: 2.251
iter: 30 | loss: 2.437
iter: 31 | loss: 1.825
iter: 32 | loss: 1.699
testing r= 5
rrse= 142.73399100249387 / 34.875950297872706
| end of epoch  60 | time:  1.92s | train_loss 1.9296 | valid rse 4.0926 | valid rae 4.1648 | valid corr  0.4183 | valid smape  0.2597 | focus_rrse 2.9572 | obj 3.2978
best val loss= 7.654200695156396
best hps= [1, 0.0005, 16, 128, 256, 1024, 40, 0.1, 2, 30, 0.6, 0.1, 2, 38]
testing r= 5
rrse= 140.718718770816 / 34.875950297872706
testing r= 5
rrse= 106.07003140614223 / 87.05324564957357
********************************************************************************************************
final test rse 1.2185 | test rae 1.3581 | test corr 0.4499 | test smape 0.2163
********************************************************************************************************



1 run average



valid	rse	rae
mean	4.0348	4.1297
std	0.0000	0.0000



test	rse	rae
mean	1.2185	1.3581
std	0.0000	0.0000
